[0.021s] Invoking command in '/home/thomas24/hive_ws2/build/nav2_behavior_tree': AMENT_PREFIX_PATH=/home/thomas24/hive_ws2/install/nav2_util:/home/thomas24/hive_ws2/install/nav2_ros_common:/home/thomas24/hive_ws2/install/nav2_msgs:/home/thomas24/hive_ws2/install/nav2_common:${AMENT_PREFIX_PATH} CMAKE_PREFIX_PATH=/home/thomas24/hive_ws2/install/nav2_util:/home/thomas24/hive_ws2/install/nav2_ros_common:/home/thomas24/hive_ws2/install/nav2_msgs:/home/thomas24/hive_ws2/install/nav2_common:/opt/ros/jazzy/opt/gz_sim_vendor:/opt/ros/jazzy/opt/gz_sensors_vendor:/opt/ros/jazzy/opt/gz_physics_vendor:/opt/ros/jazzy/opt/sdformat_vendor:/opt/ros/jazzy/opt/gz_gui_vendor:/opt/ros/jazzy/opt/gz_transport_vendor:/opt/ros/jazzy/opt/gz_rendering_vendor:/opt/ros/jazzy/opt/gz_plugin_vendor:/opt/ros/jazzy/opt/gz_fuel_tools_vendor:/opt/ros/jazzy/opt/gz_msgs_vendor:/opt/ros/jazzy/opt/gz_common_vendor:/opt/ros/jazzy/opt/gz_math_vendor:/opt/ros/jazzy/opt/gz_utils_vendor:/opt/ros/jazzy/opt/gz_tools_vendor:/opt/ros/jazzy/opt/gz_ogre_next_vendor:/opt/ros/jazzy/opt/gz_dartsim_vendor:/opt/ros/jazzy/opt/gz_cmake_vendor:/opt/ros/jazzy DEBUGINFOD_URLS=https://debuginfod.ubuntu.com LD_LIBRARY_PATH=/home/thomas24/hive_ws2/install/nav2_util/lib:/home/thomas24/hive_ws2/install/nav2_msgs/lib:${LD_LIBRARY_PATH} PYTHONPATH=/home/thomas24/hive_ws2/install/nav2_msgs/lib/python3.12/site-packages:/home/thomas24/hive_ws2/install/nav2_common/lib/python3.12/site-packages:${PYTHONPATH} /usr/bin/cmake /home/thomas24/hive_ws2/src/navigation2/nav2_behavior_tree -DCMAKE_INSTALL_PREFIX=/home/thomas24/hive_ws2/install/nav2_behavior_tree
[0.081s] -- The CXX compiler identification is GNU 13.3.0
[0.098s] -- Detecting CXX compiler ABI info
[0.199s] -- Detecting CXX compiler ABI info - done
[0.207s] -- Check for working CXX compiler: /usr/bin/c++ - skipped
[0.207s] -- Detecting CXX compile features
[0.208s] -- Detecting CXX compile features - done
[0.212s] -- Found ament_cmake: 2.5.4 (/opt/ros/jazzy/share/ament_cmake/cmake)
[0.379s] -- Found Python3: /usr/bin/python3 (found version "3.12.3") found components: Interpreter 
[0.505s] -- Found action_msgs: 2.0.3 (/opt/ros/jazzy/share/action_msgs/cmake)
[0.558s] -- Found rosidl_generator_c: 4.6.6 (/opt/ros/jazzy/share/rosidl_generator_c/cmake)
[0.576s] -- Found rosidl_generator_cpp: 4.6.6 (/opt/ros/jazzy/share/rosidl_generator_cpp/cmake)
[0.597s] -- Using all available rosidl_typesupport_c: rosidl_typesupport_fastrtps_c;rosidl_typesupport_introspection_c
[0.617s] -- Using all available rosidl_typesupport_cpp: rosidl_typesupport_fastrtps_cpp;rosidl_typesupport_introspection_cpp
[0.676s] -- Found behaviortree_cpp: 4.7.1 (/opt/ros/jazzy/share/behaviortree_cpp/cmake)
[0.684s] -- Found geometry_msgs: 5.3.6 (/opt/ros/jazzy/share/geometry_msgs/cmake)
[0.714s] -- Found nav2_common: 1.4.0 (/home/thomas24/hive_ws2/install/nav2_common/share/nav2_common/cmake)
[0.714s] -- Found nav2_msgs: 1.4.0 (/home/thomas24/hive_ws2/install/nav2_msgs/share/nav2_msgs/cmake)
[0.826s] -- Found nav2_util: 1.4.0 (/home/thomas24/hive_ws2/install/nav2_util/share/nav2_util/cmake)
[0.901s] -- Found rmw_implementation_cmake: 7.3.2 (/opt/ros/jazzy/share/rmw_implementation_cmake/cmake)
[0.906s] -- Found rmw_fastrtps_cpp: 8.4.3 (/opt/ros/jazzy/share/rmw_fastrtps_cpp/cmake)
[1.000s] -- Found OpenSSL: /usr/lib/x86_64-linux-gnu/libcrypto.so (found version "3.0.13")  
[1.023s] -- Found FastRTPS: /opt/ros/jazzy/include (Required is at least version "2.13") 
[1.048s] -- Using RMW implementation 'rmw_fastrtps_cpp' as default
[1.213s] -- Found eigen3_cmake_module: 0.3.0 (/opt/ros/jazzy/share/eigen3_cmake_module/cmake)
[1.214s] -- Found Eigen3: TRUE (found version "3.4.0") 
[1.214s] -- Ensuring Eigen3 include directory is part of orocos-kdl CMake target
[1.332s] -- Found sensor_msgs: 5.3.6 (/opt/ros/jazzy/share/sensor_msgs/cmake)
[1.356s] -- Found std_srvs: 5.3.6 (/opt/ros/jazzy/share/std_srvs/cmake)
[1.369s] -- Setting build type to Release as none was specified.
[1.383s] -- Found ament_lint_auto: 0.17.3 (/opt/ros/jazzy/share/ament_lint_auto/cmake)
[1.532s] -- Found gtest sources under '/opt/ros/jazzy/src/gtest_vendor': C++ tests using 'Google Test' will be built
[1.577s] -- The C compiler identification is GNU 13.3.0
[1.591s] -- Detecting C compiler ABI info
[1.719s] -- Detecting C compiler ABI info - done
[1.727s] -- Check for working C compiler: /usr/bin/cc - skipped
[1.728s] -- Detecting C compile features
[1.728s] -- Detecting C compile features - done
[1.733s] -- Performing Test CMAKE_HAVE_LIBC_PTHREAD
[1.884s] -- Performing Test CMAKE_HAVE_LIBC_PTHREAD - Success
[1.886s] -- Found Threads: TRUE  
[2.049s] -- Added test 'copyright' to check source files copyright and LICENSE
[2.060s] -- Added test 'cppcheck' to perform static code analysis on C / C++ code
[2.063s] -- Configured cppcheck include dirs: $<BUILD_INTERFACE:/home/thomas24/hive_ws2/src/navigation2/nav2_behavior_tree/include>
[2.063s] -- Configured cppcheck exclude dirs and/or files: 
[2.080s] -- Added test 'cpplint' to check C / C++ code against the Google style
[2.080s] -- Configured cpplint exclude dirs and/or files: 
[2.085s] -- Added test 'lint_cmake' to check CMake code style
[2.100s] -- Added test 'uncrustify' to check C / C++ code style
[2.100s] -- Configured uncrustify additional arguments: 
[2.102s] -- Added test 'xmllint' to check XML markup files
[2.110s] -- Configuring done (2.1s)
[4.229s] -- Generating done (1.8s)
[4.817s] -- Build files have been written to: /home/thomas24/hive_ws2/build/nav2_behavior_tree
[4.890s] Invoked command in '/home/thomas24/hive_ws2/build/nav2_behavior_tree' returned '0': AMENT_PREFIX_PATH=/home/thomas24/hive_ws2/install/nav2_util:/home/thomas24/hive_ws2/install/nav2_ros_common:/home/thomas24/hive_ws2/install/nav2_msgs:/home/thomas24/hive_ws2/install/nav2_common:${AMENT_PREFIX_PATH} CMAKE_PREFIX_PATH=/home/thomas24/hive_ws2/install/nav2_util:/home/thomas24/hive_ws2/install/nav2_ros_common:/home/thomas24/hive_ws2/install/nav2_msgs:/home/thomas24/hive_ws2/install/nav2_common:/opt/ros/jazzy/opt/gz_sim_vendor:/opt/ros/jazzy/opt/gz_sensors_vendor:/opt/ros/jazzy/opt/gz_physics_vendor:/opt/ros/jazzy/opt/sdformat_vendor:/opt/ros/jazzy/opt/gz_gui_vendor:/opt/ros/jazzy/opt/gz_transport_vendor:/opt/ros/jazzy/opt/gz_rendering_vendor:/opt/ros/jazzy/opt/gz_plugin_vendor:/opt/ros/jazzy/opt/gz_fuel_tools_vendor:/opt/ros/jazzy/opt/gz_msgs_vendor:/opt/ros/jazzy/opt/gz_common_vendor:/opt/ros/jazzy/opt/gz_math_vendor:/opt/ros/jazzy/opt/gz_utils_vendor:/opt/ros/jazzy/opt/gz_tools_vendor:/opt/ros/jazzy/opt/gz_ogre_next_vendor:/opt/ros/jazzy/opt/gz_dartsim_vendor:/opt/ros/jazzy/opt/gz_cmake_vendor:/opt/ros/jazzy DEBUGINFOD_URLS=https://debuginfod.ubuntu.com LD_LIBRARY_PATH=/home/thomas24/hive_ws2/install/nav2_util/lib:/home/thomas24/hive_ws2/install/nav2_msgs/lib:${LD_LIBRARY_PATH} PYTHONPATH=/home/thomas24/hive_ws2/install/nav2_msgs/lib/python3.12/site-packages:/home/thomas24/hive_ws2/install/nav2_common/lib/python3.12/site-packages:${PYTHONPATH} /usr/bin/cmake /home/thomas24/hive_ws2/src/navigation2/nav2_behavior_tree -DCMAKE_INSTALL_PREFIX=/home/thomas24/hive_ws2/install/nav2_behavior_tree
[4.891s] Invoking command in '/home/thomas24/hive_ws2/build/nav2_behavior_tree': AMENT_PREFIX_PATH=/home/thomas24/hive_ws2/install/nav2_util:/home/thomas24/hive_ws2/install/nav2_ros_common:/home/thomas24/hive_ws2/install/nav2_msgs:/home/thomas24/hive_ws2/install/nav2_common:${AMENT_PREFIX_PATH} CMAKE_PREFIX_PATH=/home/thomas24/hive_ws2/install/nav2_util:/home/thomas24/hive_ws2/install/nav2_ros_common:/home/thomas24/hive_ws2/install/nav2_msgs:/home/thomas24/hive_ws2/install/nav2_common:/opt/ros/jazzy/opt/gz_sim_vendor:/opt/ros/jazzy/opt/gz_sensors_vendor:/opt/ros/jazzy/opt/gz_physics_vendor:/opt/ros/jazzy/opt/sdformat_vendor:/opt/ros/jazzy/opt/gz_gui_vendor:/opt/ros/jazzy/opt/gz_transport_vendor:/opt/ros/jazzy/opt/gz_rendering_vendor:/opt/ros/jazzy/opt/gz_plugin_vendor:/opt/ros/jazzy/opt/gz_fuel_tools_vendor:/opt/ros/jazzy/opt/gz_msgs_vendor:/opt/ros/jazzy/opt/gz_common_vendor:/opt/ros/jazzy/opt/gz_math_vendor:/opt/ros/jazzy/opt/gz_utils_vendor:/opt/ros/jazzy/opt/gz_tools_vendor:/opt/ros/jazzy/opt/gz_ogre_next_vendor:/opt/ros/jazzy/opt/gz_dartsim_vendor:/opt/ros/jazzy/opt/gz_cmake_vendor:/opt/ros/jazzy DEBUGINFOD_URLS=https://debuginfod.ubuntu.com LD_LIBRARY_PATH=/home/thomas24/hive_ws2/install/nav2_util/lib:/home/thomas24/hive_ws2/install/nav2_msgs/lib:${LD_LIBRARY_PATH} PYTHONPATH=/home/thomas24/hive_ws2/install/nav2_msgs/lib/python3.12/site-packages:/home/thomas24/hive_ws2/install/nav2_common/lib/python3.12/site-packages:${PYTHONPATH} /usr/bin/cmake --build /home/thomas24/hive_ws2/build/nav2_behavior_tree -- -j16 -l16
[5.006s] [  0%] [32mBuilding CXX object CMakeFiles/nav2_compute_path_to_pose_action_bt_node.dir/plugins/action/compute_path_to_pose_action.cpp.o[0m
[5.007s] [  0%] [32mBuilding CXX object CMakeFiles/nav2_compute_path_through_poses_action_bt_node.dir/plugins/action/compute_path_through_poses_action.cpp.o[0m
[5.012s] [  1%] [32mBuilding CXX object CMakeFiles/nav2_controller_cancel_bt_node.dir/plugins/action/controller_cancel_node.cpp.o[0m
[5.012s] [  1%] [32mBuilding CXX object CMakeFiles/nav2_behavior_tree.dir/src/behavior_tree_engine.cpp.o[0m
[5.021s] [  1%] [32mBuilding CXX object CMakeFiles/nav2_back_up_cancel_bt_node.dir/plugins/action/back_up_cancel_node.cpp.o[0m
[5.021s] [  1%] [32mBuilding CXX object CMakeFiles/nav2_spin_cancel_bt_node.dir/plugins/action/spin_cancel_node.cpp.o[0m
[5.023s] [  1%] [32mBuilding CXX object CMakeFiles/nav2_drive_on_heading_cancel_bt_node.dir/plugins/action/drive_on_heading_cancel_node.cpp.o[0m
[5.023s] [  2%] [32mBuilding CXX object CMakeFiles/nav2_wait_cancel_bt_node.dir/plugins/action/wait_cancel_node.cpp.o[0m
[5.047s] [  3%] [32mBuilding CXX object CMakeFiles/nav2_assisted_teleop_cancel_bt_node.dir/plugins/action/assisted_teleop_cancel_node.cpp.o[0m
[6.090s] [  3%] [32mBuilding CXX object CMakeFiles/nav2_assisted_teleop_action_bt_node.dir/plugins/action/assisted_teleop_action.cpp.o[0m
[6.090s] [  3%] [32mBuilding CXX object CMakeFiles/nav2_spin_action_bt_node.dir/plugins/action/spin_action.cpp.o[0m
[6.099s] [  3%] [32mBuilding CXX object CMakeFiles/nav2_wait_action_bt_node.dir/plugins/action/wait_action.cpp.o[0m
[7.146s] [  3%] [32mBuilding CXX object CMakeFiles/nav2_back_up_action_bt_node.dir/plugins/action/back_up_action.cpp.o[0m
[7.158s] [  4%] [32mBuilding CXX object CMakeFiles/nav2_drive_on_heading_bt_node.dir/plugins/action/drive_on_heading_action.cpp.o[0m
[7.171s] [  4%] [32mBuilding CXX object CMakeFiles/nav2_smooth_path_action_bt_node.dir/plugins/action/smooth_path_action.cpp.o[0m
[7.178s] [  5%] [32mBuilding CXX object CMakeFiles/nav2_follow_path_action_bt_node.dir/plugins/action/follow_path_action.cpp.o[0m
[20.487s] [  5%] [32m[1mLinking CXX shared library libnav2_controller_cancel_bt_node.so[0m
[21.013s] [  5%] Built target nav2_controller_cancel_bt_node
[21.104s] [  5%] [32m[1mLinking CXX shared library libnav2_behavior_tree.so[0m
[21.197s] [  5%] [32m[1mLinking CXX shared library libnav2_wait_cancel_bt_node.so[0m
[21.454s] [  5%] Built target nav2_behavior_tree
[21.511s] [  5%] Built target nav2_wait_cancel_bt_node
[21.861s] [  5%] [32m[1mLinking CXX shared library libnav2_spin_cancel_bt_node.so[0m
[22.195s] [  5%] Built target nav2_spin_cancel_bt_node
[22.487s] [  6%] [32m[1mLinking CXX shared library libnav2_spin_action_bt_node.so[0m
[22.941s] [  6%] Built target nav2_spin_action_bt_node
[23.637s] [  7%] [32m[1mLinking CXX shared library libnav2_back_up_action_bt_node.so[0m
[23.793s] [  7%] [32m[1mLinking CXX shared library libnav2_assisted_teleop_cancel_bt_node.so[0m
[24.096s] [  7%] Built target nav2_back_up_action_bt_node
[24.236s] [  7%] Built target nav2_assisted_teleop_cancel_bt_node
[24.303s] [  7%] [32m[1mLinking CXX shared library libnav2_back_up_cancel_bt_node.so[0m
[24.485s] [  7%] [32m[1mLinking CXX shared library libnav2_assisted_teleop_action_bt_node.so[0m
[24.610s] [  7%] Built target nav2_back_up_cancel_bt_node
[24.800s] [  7%] [32m[1mLinking CXX shared library libnav2_compute_path_to_pose_action_bt_node.so[0m
[24.837s] [  7%] Built target nav2_assisted_teleop_action_bt_node
[25.108s] [  7%] Built target nav2_compute_path_to_pose_action_bt_node
[25.180s] [  8%] [32m[1mLinking CXX shared library libnav2_drive_on_heading_cancel_bt_node.so[0m
[25.433s] [  8%] Built target nav2_drive_on_heading_cancel_bt_node
[26.234s] [  8%] [32m[1mLinking CXX shared library libnav2_wait_action_bt_node.so[0m
[26.485s] [  8%] Built target nav2_wait_action_bt_node
[27.516s] [  8%] [32m[1mLinking CXX shared library libnav2_drive_on_heading_bt_node.so[0m
[27.765s] [  8%] Built target nav2_drive_on_heading_bt_node
[28.295s] [  8%] [32m[1mLinking CXX shared library libnav2_follow_path_action_bt_node.so[0m
[28.502s] [  8%] Built target nav2_follow_path_action_bt_node
[29.030s] [  9%] [32m[1mLinking CXX shared library libnav2_compute_path_through_poses_action_bt_node.so[0m
[29.249s] [  9%] Built target nav2_compute_path_through_poses_action_bt_node
[29.737s] [ 10%] [32m[1mLinking CXX shared library libnav2_smooth_path_action_bt_node.so[0m
[29.966s] [ 10%] Built target nav2_smooth_path_action_bt_node
[29.996s] [ 10%] [32mBuilding CXX object CMakeFiles/nav2_is_battery_charging_condition_bt_node.dir/plugins/condition/is_battery_charging_condition.cpp.o[0m
[41.870s] [ 10%] [32m[1mLinking CXX shared library libnav2_is_battery_charging_condition_bt_node.so[0m
[42.074s] [ 10%] Built target nav2_is_battery_charging_condition_bt_node
[42.099s] [ 11%] [32mBuilding CXX object CMakeFiles/nav2_is_battery_low_condition_bt_node.dir/plugins/condition/is_battery_low_condition.cpp.o[0m
[53.910s] [ 11%] [32m[1mLinking CXX shared library libnav2_is_battery_low_condition_bt_node.so[0m
[54.097s] [ 11%] Built target nav2_is_battery_low_condition_bt_node
[54.124s] [ 12%] [32mBuilding CXX object CMakeFiles/nav2_are_error_codes_active_condition_bt_node.dir/plugins/condition/are_error_codes_present_condition.cpp.o[0m
[60.118s] [ 12%] [32m[1mLinking CXX shared library libnav2_are_error_codes_active_condition_bt_node.so[0m
[60.235s] [ 12%] Built target nav2_are_error_codes_active_condition_bt_node
[60.261s] [ 12%] [32mBuilding CXX object CMakeFiles/nav2_would_a_controller_recovery_help_condition_bt_node.dir/plugins/condition/would_a_controller_recovery_help_condition.cpp.o[0m
[66.163s] [ 13%] [32m[1mLinking CXX shared library libnav2_would_a_controller_recovery_help_condition_bt_node.so[0m
[66.290s] [ 13%] Built target nav2_would_a_controller_recovery_help_condition_bt_node
[66.314s] [ 13%] [32mBuilding CXX object CMakeFiles/nav2_would_a_planner_recovery_help_condition_bt_node.dir/plugins/condition/would_a_planner_recovery_help_condition.cpp.o[0m
[71.334s] [ 14%] [32mBuilding CXX object CMakeFiles/nav2_would_a_smoother_recovery_help_condition_bt_node.dir/plugins/condition/would_a_smoother_recovery_help_condition.cpp.o[0m
[72.311s] [ 14%] [32m[1mLinking CXX shared library libnav2_would_a_planner_recovery_help_condition_bt_node.so[0m
[72.351s] [ 14%] [32mBuilding CXX object CMakeFiles/nav2_initial_pose_received_condition_bt_node.dir/plugins/condition/initial_pose_received_condition.cpp.o[0m
[72.455s] [ 14%] Built target nav2_would_a_planner_recovery_help_condition_bt_node
[72.482s] [ 14%] [32mBuilding CXX object CMakeFiles/nav2_distance_traveled_condition_bt_node.dir/plugins/condition/distance_traveled_condition.cpp.o[0m
[73.496s] [ 15%] [32mBuilding CXX object CMakeFiles/nav2_would_a_route_recovery_help_condition_bt_node.dir/plugins/condition/would_a_route_recovery_help_condition.cpp.o[0m
[74.516s] [ 15%] [32mBuilding CXX object CMakeFiles/nav2_path_expiring_timer_condition_bt_node.dir/plugins/condition/path_expiring_timer_condition.cpp.o[0m
[75.533s] [ 16%] [32mBuilding CXX object CMakeFiles/nav2_time_expired_condition_bt_node.dir/plugins/condition/time_expired_condition.cpp.o[0m
[76.561s] [ 16%] [32mBuilding CXX object CMakeFiles/nav2_is_pose_occupied_condition_bt_node.dir/plugins/condition/is_pose_occupied_condition.cpp.o[0m
[77.581s] [ 16%] [32mBuilding CXX object CMakeFiles/nav2_is_path_valid_condition_bt_node.dir/plugins/condition/is_path_valid_condition.cpp.o[0m
[78.112s] [ 16%] [32m[1mLinking CXX shared library libnav2_would_a_smoother_recovery_help_condition_bt_node.so[0m
[78.304s] [ 16%] Built target nav2_would_a_smoother_recovery_help_condition_bt_node
[78.327s] [ 16%] [32mBuilding CXX object CMakeFiles/nav2_goal_updated_condition_bt_node.dir/plugins/condition/goal_updated_condition.cpp.o[0m
[78.349s] [ 16%] [32mBuilding CXX object CMakeFiles/nav2_globally_updated_goal_condition_bt_node.dir/plugins/condition/globally_updated_goal_condition.cpp.o[0m
[78.605s] [ 17%] [32m[1mLinking CXX shared library libnav2_initial_pose_received_condition_bt_node.so[0m
[78.809s] [ 17%] Built target nav2_initial_pose_received_condition_bt_node
[78.853s] [ 17%] [32mBuilding CXX object CMakeFiles/nav2_reinitialize_global_localization_service_bt_node.dir/plugins/action/reinitialize_global_localization_service.cpp.o[0m
[79.866s] [ 18%] [32mBuilding CXX object CMakeFiles/nav2_rate_controller_bt_node.dir/plugins/decorator/rate_controller.cpp.o[0m
[79.915s] [ 18%] [32m[1mLinking CXX shared library libnav2_distance_traveled_condition_bt_node.so[0m
[80.136s] [ 18%] Built target nav2_distance_traveled_condition_bt_node
[80.177s] [ 18%] [32mBuilding CXX object CMakeFiles/nav2_are_poses_near_condition_bt_node.dir/plugins/condition/are_poses_near_condition.cpp.o[0m
[80.885s] [ 18%] [32m[1mLinking CXX shared library libnav2_would_a_route_recovery_help_condition_bt_node.so[0m
[81.099s] [ 18%] Built target nav2_would_a_route_recovery_help_condition_bt_node
[82.138s] [ 19%] [32mBuilding CXX object CMakeFiles/nav2_speed_controller_bt_node.dir/plugins/decorator/speed_controller.cpp.o[0m
[82.824s] [ 19%] [32m[1mLinking CXX shared library libnav2_time_expired_condition_bt_node.so[0m
[83.054s] [ 19%] Built target nav2_time_expired_condition_bt_node
[83.255s] [ 19%] [32m[1mLinking CXX shared library libnav2_path_expiring_timer_condition_bt_node.so[0m
[83.471s] [ 19%] Built target nav2_path_expiring_timer_condition_bt_node
[83.846s] [ 19%] [32m[1mLinking CXX shared library libnav2_rate_controller_bt_node.so[0m
[84.010s] [ 19%] Built target nav2_rate_controller_bt_node
[85.050s] [ 19%] [32mBuilding CXX object CMakeFiles/nav2_truncate_path_local_action_bt_node.dir/plugins/action/truncate_path_local_action.cpp.o[0m
[86.869s] [ 19%] [32m[1mLinking CXX shared library libnav2_is_pose_occupied_condition_bt_node.so[0m
[87.094s] [ 19%] Built target nav2_is_pose_occupied_condition_bt_node
[87.161s] [ 19%] [32m[1mLinking CXX shared library libnav2_reinitialize_global_localization_service_bt_node.so[0m
[87.318s] [ 20%] [32m[1mLinking CXX shared library libnav2_goal_updated_condition_bt_node.so[0m
[87.343s] [ 20%] Built target nav2_reinitialize_global_localization_service_bt_node
[87.502s] [ 20%] Built target nav2_goal_updated_condition_bt_node
[87.637s] [ 21%] [32m[1mLinking CXX shared library libnav2_globally_updated_goal_condition_bt_node.so[0m
[87.788s] [ 22%] [32m[1mLinking CXX shared library libnav2_are_poses_near_condition_bt_node.so[0m
[87.820s] [ 22%] Built target nav2_globally_updated_goal_condition_bt_node
[87.952s] [ 23%] [32m[1mLinking CXX shared library libnav2_is_path_valid_condition_bt_node.so[0m
[87.964s] [ 23%] Built target nav2_are_poses_near_condition_bt_node
[88.140s] [ 23%] Built target nav2_is_path_valid_condition_bt_node
[90.903s] [ 23%] [32m[1mLinking CXX shared library libnav2_speed_controller_bt_node.so[0m
[91.059s] [ 23%] Built target nav2_speed_controller_bt_node
[92.084s] [ 24%] [32mBuilding CXX object CMakeFiles/nav2_remove_in_collision_goals_action_bt_node.dir/plugins/action/remove_in_collision_goals_action.cpp.o[0m
[93.893s] [ 25%] [32m[1mLinking CXX shared library libnav2_truncate_path_local_action_bt_node.so[0m
[94.065s] [ 25%] Built target nav2_truncate_path_local_action_bt_node
[95.091s] [ 25%] [32mBuilding CXX object CMakeFiles/nav2_append_goal_pose_to_goals_action_bt_node.dir/plugins/action/append_goal_pose_to_goals_action.cpp.o[0m
[96.104s] [ 25%] [32mBuilding CXX object CMakeFiles/nav2_navigate_through_poses_action_bt_node.dir/plugins/action/navigate_through_poses_action.cpp.o[0m
[96.104s] [ 25%] [32mBuilding CXX object CMakeFiles/nav2_remove_passed_goals_action_bt_node.dir/plugins/action/remove_passed_goals_action.cpp.o[0m
[96.104s] [ 26%] [32mBuilding CXX object CMakeFiles/nav2_navigate_to_pose_action_bt_node.dir/plugins/action/navigate_to_pose_action.cpp.o[0m
[97.126s] [ 27%] [32mBuilding CXX object CMakeFiles/nav2_path_longer_on_approach_bt_node.dir/plugins/decorator/path_longer_on_approach.cpp.o[0m
[97.126s] [ 27%] [32mBuilding CXX object CMakeFiles/nav2_recovery_node_bt_node.dir/plugins/control/recovery_node.cpp.o[0m
[98.149s] [ 28%] [32mBuilding CXX object CMakeFiles/nav2_goal_updater_node_bt_node.dir/plugins/decorator/goal_updater_node.cpp.o[0m
[98.151s] [ 28%] [32mBuilding CXX object CMakeFiles/nav2_concatenate_paths_action_bt_node.dir/plugins/action/concatenate_paths_action.cpp.o[0m
[99.171s] [ 29%] [32mBuilding CXX object CMakeFiles/nav2_truncate_path_action_bt_node.dir/plugins/action/truncate_path_action.cpp.o[0m
[99.176s] [ 29%] [32mBuilding CXX object CMakeFiles/nav2_distance_controller_bt_node.dir/plugins/decorator/distance_controller.cpp.o[0m
[100.227s] [ 29%] [32mBuilding CXX object CMakeFiles/nav2_transform_available_condition_bt_node.dir/plugins/condition/transform_available_condition.cpp.o[0m
[100.231s] [ 30%] [32mBuilding CXX object CMakeFiles/nav2_goal_reached_condition_bt_node.dir/plugins/condition/goal_reached_condition.cpp.o[0m
[102.181s] [ 31%] [32m[1mLinking CXX shared library libnav2_recovery_node_bt_node.so[0m
[102.468s] [ 31%] Built target nav2_recovery_node_bt_node
[103.748s] [ 31%] [32m[1mLinking CXX shared library libnav2_remove_in_collision_goals_action_bt_node.so[0m
[103.831s] [ 31%] [32m[1mLinking CXX shared library libnav2_append_goal_pose_to_goals_action_bt_node.so[0m
[104.034s] [ 31%] Built target nav2_append_goal_pose_to_goals_action_bt_node
[104.091s] [ 31%] Built target nav2_remove_in_collision_goals_action_bt_node
[106.803s] [ 32%] [32m[1mLinking CXX shared library libnav2_concatenate_paths_action_bt_node.so[0m
[106.997s] [ 32%] Built target nav2_concatenate_paths_action_bt_node
[107.253s] [ 32%] [32m[1mLinking CXX shared library libnav2_path_longer_on_approach_bt_node.so[0m
[107.456s] [ 32%] Built target nav2_path_longer_on_approach_bt_node
[108.016s] [ 33%] [32m[1mLinking CXX shared library libnav2_remove_passed_goals_action_bt_node.so[0m
[108.220s] [ 34%] [32m[1mLinking CXX shared library libnav2_distance_controller_bt_node.so[0m
[108.231s] [ 34%] Built target nav2_remove_passed_goals_action_bt_node
[108.422s] [ 34%] Built target nav2_distance_controller_bt_node
[108.712s] [ 34%] [32m[1mLinking CXX shared library libnav2_navigate_through_poses_action_bt_node.so[0m
[108.932s] [ 34%] [32m[1mLinking CXX shared library libnav2_navigate_to_pose_action_bt_node.so[0m
[108.933s] [ 34%] Built target nav2_navigate_through_poses_action_bt_node
[109.029s] [ 34%] [32m[1mLinking CXX shared library libnav2_transform_available_condition_bt_node.so[0m
[109.163s] [ 34%] Built target nav2_navigate_to_pose_action_bt_node
[109.174s] [ 34%] Built target nav2_transform_available_condition_bt_node
[109.416s] [ 34%] [32m[1mLinking CXX shared library libnav2_truncate_path_action_bt_node.so[0m
[109.581s] [ 34%] Built target nav2_truncate_path_action_bt_node
[109.878s] [ 34%] [32m[1mLinking CXX shared library libnav2_goal_reached_condition_bt_node.so[0m
[110.026s] [ 34%] Built target nav2_goal_reached_condition_bt_node
[118.013s] [ 34%] [32m[1mLinking CXX shared library libnav2_goal_updater_node_bt_node.so[0m
[118.223s] [ 34%] Built target nav2_goal_updater_node_bt_node
[118.248s] [ 35%] [32mBuilding CXX object CMakeFiles/nav2_controller_selector_bt_node.dir/plugins/action/controller_selector_node.cpp.o[0m
[129.418s] [ 35%] [32m[1mLinking CXX shared library libnav2_controller_selector_bt_node.so[0m
[129.629s] [ 35%] Built target nav2_controller_selector_bt_node
[129.655s] [ 35%] [32mBuilding CXX object CMakeFiles/nav2_smoother_selector_bt_node.dir/plugins/action/smoother_selector_node.cpp.o[0m
[140.832s] [ 35%] [32m[1mLinking CXX shared library libnav2_smoother_selector_bt_node.so[0m
[141.044s] [ 35%] Built target nav2_smoother_selector_bt_node
[141.070s] [ 35%] [32mBuilding CXX object CMakeFiles/nav2_goal_checker_selector_bt_node.dir/plugins/action/goal_checker_selector_node.cpp.o[0m
[152.289s] [ 35%] [32m[1mLinking CXX shared library libnav2_goal_checker_selector_bt_node.so[0m
[152.505s] [ 35%] Built target nav2_goal_checker_selector_bt_node
[152.529s] [ 35%] [32mBuilding CXX object CMakeFiles/nav2_progress_checker_selector_bt_node.dir/plugins/action/progress_checker_selector_node.cpp.o[0m
[160.551s] [ 35%] [32mBuilding CXX object CMakeFiles/nav2_goal_updated_controller_bt_node.dir/plugins/decorator/goal_updated_controller.cpp.o[0m
[160.551s] [ 35%] [32mBuilding CXX object CMakeFiles/nav2_planner_selector_bt_node.dir/plugins/action/planner_selector_node.cpp.o[0m
[161.568s] [ 36%] [32mBuilding CXX object CMakeFiles/nav2_single_trigger_bt_node.dir/plugins/decorator/single_trigger_node.cpp.o[0m
[162.583s] [ 36%] [32mBuilding CXX object CMakeFiles/nav2_persistent_sequence_bt_node.dir/plugins/control/persistent_sequence.cpp.o[0m
[163.604s] [ 36%] [32mBuilding CXX object CMakeFiles/nav2_pause_resume_controller_bt_node.dir/plugins/control/pause_resume_controller.cpp.o[0m
[164.026s] [ 36%] [32m[1mLinking CXX shared library libnav2_progress_checker_selector_bt_node.so[0m
[164.046s] [ 36%] [32m[1mLinking CXX shared library libnav2_single_trigger_bt_node.so[0m
[164.188s] [ 36%] Built target nav2_single_trigger_bt_node
[164.218s] [ 36%] [32mBuilding CXX object CMakeFiles/nav2_round_robin_node_bt_node.dir/plugins/control/round_robin_node.cpp.o[0m
[164.288s] [ 36%] Built target nav2_progress_checker_selector_bt_node
[164.303s] [ 37%] [32mBuilding CXX object CMakeFiles/nav2_compute_and_track_route_cancel_bt_node.dir/plugins/action/compute_and_track_route_cancel_node.cpp.o[0m
[164.317s] [ 37%] [32mBuilding CXX object CMakeFiles/nav2_nonblocking_sequence_bt_node.dir/plugins/control/nonblocking_sequence.cpp.o[0m
[165.341s] [ 37%] [32mBuilding CXX object CMakeFiles/nav2_compute_and_track_route_bt_node.dir/plugins/action/compute_and_track_route_action.cpp.o[0m
[166.353s] [ 37%] [32m[1mLinking CXX shared library libnav2_persistent_sequence_bt_node.so[0m
[166.520s] [ 37%] Built target nav2_persistent_sequence_bt_node
[166.892s] [ 37%] [32m[1mLinking CXX shared library libnav2_round_robin_node_bt_node.so[0m
[167.041s] [ 38%] [32m[1mLinking CXX shared library libnav2_nonblocking_sequence_bt_node.so[0m
[167.051s] [ 38%] Built target nav2_round_robin_node_bt_node
[167.196s] [ 38%] Built target nav2_nonblocking_sequence_bt_node
[168.768s] [ 38%] [32m[1mLinking CXX shared library libnav2_goal_updated_controller_bt_node.so[0m
[168.923s] [ 38%] Built target nav2_goal_updated_controller_bt_node
[170.701s] [ 39%] [32m[1mLinking CXX shared library libnav2_pause_resume_controller_bt_node.so[0m
[170.858s] [ 39%] Built target nav2_pause_resume_controller_bt_node
[170.870s] [ 39%] [32mBuilding CXX object gtest/CMakeFiles/gtest_main.dir/src/gtest_main.cc.o[0m
[170.883s] [ 39%] [32mBuilding CXX object CMakeFiles/generate_nav2_tree_nodes_xml.dir/src/generate_nav2_tree_nodes_xml.cpp.o[0m
[171.653s] [ 40%] [32m[1mLinking CXX static library libgtest_main.a[0m
[171.702s] [ 40%] Built target gtest_main
[171.732s] [ 41%] [32mBuilding CXX object gtest/CMakeFiles/gtest.dir/src/gtest-all.cc.o[0m
[171.758s] [ 41%] [32m[1mLinking CXX shared library libnav2_compute_and_track_route_cancel_bt_node.so[0m
[171.935s] [ 41%] Built target nav2_compute_and_track_route_cancel_bt_node
[171.966s] [ 41%] [32mBuilding CXX object CMakeFiles/nav2_toggle_collision_monitor_service_bt_node.dir/plugins/action/toggle_collision_monitor_service.cpp.o[0m
[173.005s] [ 42%] [32m[1mLinking CXX shared library libnav2_planner_selector_bt_node.so[0m
[173.274s] [ 42%] Built target nav2_planner_selector_bt_node
[173.303s] [ 43%] [32mBuilding CXX object CMakeFiles/nav2_compute_route_bt_node.dir/plugins/action/compute_route_action.cpp.o[0m
[173.396s] [ 43%] [32m[1mLinking CXX executable generate_nav2_tree_nodes_xml[0m
[173.570s] [ 43%] Built target generate_nav2_tree_nodes_xml
[173.598s] [ 44%] [32mBuilding CXX object CMakeFiles/nav2_pipeline_sequence_bt_node.dir/plugins/control/pipeline_sequence.cpp.o[0m
[175.984s] [ 44%] [32m[1mLinking CXX shared library libnav2_compute_and_track_route_bt_node.so[0m
[176.202s] [ 44%] Built target nav2_compute_and_track_route_bt_node
[176.277s] [ 44%] [32m[1mLinking CXX shared library libnav2_pipeline_sequence_bt_node.so[0m
[176.420s] [ 44%] Built target nav2_pipeline_sequence_bt_node
[178.984s] [ 44%] [32m[1mLinking CXX static library libgtest.a[0m
[179.037s] [ 44%] Built target gtest
[179.254s] [ 45%] [32m[1mLinking CXX shared library libnav2_toggle_collision_monitor_service_bt_node.so[0m
[179.421s] [ 45%] Built target nav2_toggle_collision_monitor_service_bt_node
[182.818s] [ 45%] [32m[1mLinking CXX shared library libnav2_compute_route_bt_node.so[0m
[183.002s] [ 45%] Built target nav2_compute_route_bt_node
[183.027s] [ 45%] [32mBuilding CXX object test/plugins/condition/CMakeFiles/test_condition_goal_updated.dir/test_goal_updated.cpp.o[0m
[186.045s] [ 46%] [32mBuilding CXX object test/plugins/condition/CMakeFiles/test_condition_globally_updated_goal.dir/test_globally_updated_goal.cpp.o[0m
[187.059s] [ 46%] [32mBuilding CXX object test/plugins/condition/CMakeFiles/test_condition_are_poses_near.dir/test_are_poses_near.cpp.o[0m
[188.075s] [ 46%] [32mBuilding CXX object test/plugins/condition/CMakeFiles/test_condition_goal_reached.dir/test_goal_reached.cpp.o[0m
[189.101s] [ 46%] [32mBuilding CXX object test/plugins/condition/CMakeFiles/test_condition_path_expiring_timer.dir/test_path_expiring_timer.cpp.o[0m
[190.119s] [ 46%] [32mBuilding CXX object test/plugins/condition/CMakeFiles/test_condition_time_expired.dir/test_time_expired.cpp.o[0m
[194.221s] [ 46%] [32m[1mLinking CXX executable test_condition_goal_updated[0m
[194.545s] [ 46%] Built target test_condition_goal_updated
[197.617s] [ 46%] [32m[1mLinking CXX executable test_condition_globally_updated_goal[0m
[197.830s] [ 47%] [32m[1mLinking CXX executable test_condition_are_poses_near[0m
[197.938s] [ 47%] Built target test_condition_globally_updated_goal
[198.142s] [ 47%] Built target test_condition_are_poses_near
[200.214s] [ 47%] [32m[1mLinking CXX executable test_condition_time_expired[0m
[200.478s] [ 47%] Built target test_condition_time_expired
[200.858s] [ 48%] [32m[1mLinking CXX executable test_condition_path_expiring_timer[0m
[200.868s] [ 49%] [32m[1mLinking CXX executable test_condition_goal_reached[0m
[201.118s] [ 49%] Built target test_condition_path_expiring_timer
[201.130s] [ 49%] Built target test_condition_goal_reached
[201.142s] [ 49%] [32mBuilding CXX object test/plugins/condition/CMakeFiles/test_condition_is_battery_low.dir/test_is_battery_low.cpp.o[0m
[201.154s] [ 50%] [32mBuilding CXX object test/plugins/condition/CMakeFiles/test_condition_is_path_valid.dir/test_is_path_valid.cpp.o[0m
[202.174s] [ 50%] [32mBuilding CXX object test/plugins/condition/CMakeFiles/test_condition_is_pose_occupied.dir/test_is_pose_occupied.cpp.o[0m
[203.191s] [ 50%] [32mBuilding CXX object test/plugins/condition/CMakeFiles/test_condition_is_battery_charging.dir/test_is_battery_charging.cpp.o[0m
[204.210s] [ 51%] [32mBuilding CXX object test/plugins/condition/CMakeFiles/test_condition_transform_available.dir/test_transform_available.cpp.o[0m
[205.239s] [ 52%] [32mBuilding CXX object test/plugins/condition/CMakeFiles/test_condition_initial_pose_received.dir/test_initial_pose_received.cpp.o[0m
[211.627s] [ 52%] [32m[1mLinking CXX executable test_condition_is_battery_low[0m
[211.934s] [ 52%] Built target test_condition_is_battery_low
[213.623s] [ 53%] [32m[1mLinking CXX executable test_condition_is_battery_charging[0m
[213.919s] [ 53%] Built target test_condition_is_battery_charging
[214.170s] [ 53%] [32m[1mLinking CXX executable test_condition_is_path_valid[0m
[214.469s] [ 53%] Built target test_condition_is_path_valid
[214.725s] [ 53%] [32m[1mLinking CXX executable test_condition_transform_available[0m
[214.987s] [ 53%] Built target test_condition_transform_available
[215.115s] [ 54%] [32m[1mLinking CXX executable test_condition_is_pose_occupied[0m
[215.388s] [ 54%] Built target test_condition_is_pose_occupied
[215.604s] [ 54%] [32m[1mLinking CXX executable test_condition_initial_pose_received[0m
[215.834s] [ 54%] Built target test_condition_initial_pose_received
[215.859s] [ 54%] [32mBuilding CXX object test/plugins/condition/CMakeFiles/test_would_a_route_recovery_help.dir/test_would_a_route_recovery_help.cpp.o[0m
[225.882s] [ 54%] [32mBuilding CXX object test/plugins/condition/CMakeFiles/test_would_a_smoother_recovery_help.dir/test_would_a_smoother_recovery_help.cpp.o[0m
[225.882s] [ 54%] [32mBuilding CXX object test/plugins/decorator/CMakeFiles/test_decorator_distance_controller.dir/test_distance_controller.cpp.o[0m
[226.077s] [ 55%] [32m[1mLinking CXX executable test_would_a_route_recovery_help[0m
[226.349s] [ 55%] Built target test_would_a_route_recovery_help
[226.365s] [ 56%] [32mBuilding CXX object test/plugins/condition/CMakeFiles/test_would_a_planner_recovery_help.dir/test_would_a_planner_recovery_help.cpp.o[0m
[226.368s] [ 56%] [32mBuilding CXX object test/plugins/condition/CMakeFiles/test_would_a_controller_recovery_help.dir/test_would_a_controller_recovery_help.cpp.o[0m
[226.377s] [ 57%] [32mBuilding CXX object test/plugins/condition/CMakeFiles/test_are_error_codes_present.dir/test_are_error_codes_present.cpp.o[0m
[227.400s] [ 57%] [32mBuilding CXX object test/plugins/condition/CMakeFiles/test_condition_distance_traveled.dir/test_distance_traveled.cpp.o[0m
[227.403s] [ 57%] [32mBuilding CXX object test/plugins/decorator/CMakeFiles/test_decorator_speed_controller.dir/test_speed_controller.cpp.o[0m
[228.425s] [ 57%] [32mBuilding CXX object test/CMakeFiles/test_bt_utils.dir/test_bt_utils.cpp.o[0m
[228.425s] [ 58%] [32mBuilding CXX object test/CMakeFiles/test_json_utils.dir/test_json_utils.cpp.o[0m
[229.455s] [ 58%] [32mBuilding CXX object CMakeFiles/nav2_get_current_pose_action_bt_node.dir/plugins/action/get_current_pose_action.cpp.o[0m
[229.462s] [ 58%] [32mBuilding CXX object CMakeFiles/nav2_get_next_few_goals_action_bt_node.dir/plugins/action/get_next_few_goals_action.cpp.o[0m
[230.508s] [ 58%] [32mBuilding CXX object CMakeFiles/nav2_extract_route_nodes_as_goals_action_bt_node.dir/plugins/action/extract_route_nodes_as_goals_action.cpp.o[0m
[230.513s] [ 59%] [32mBuilding CXX object CMakeFiles/nav2_get_pose_from_path_action_bt_node.dir/plugins/action/get_pose_from_path_action.cpp.o[0m
[238.466s] [ 60%] [32m[1mLinking CXX shared library libnav2_get_current_pose_action_bt_node.so[0m
[238.760s] [ 60%] Built target nav2_get_current_pose_action_bt_node
[238.872s] [ 61%] [32m[1mLinking CXX executable test_decorator_distance_controller[0m
[239.057s] [ 61%] [32m[1mLinking CXX shared library libnav2_get_next_few_goals_action_bt_node.so[0m
[239.295s] [ 61%] Built target nav2_get_next_few_goals_action_bt_node
[239.298s] [ 61%] Built target test_decorator_distance_controller
[240.395s] [ 61%] [32m[1mLinking CXX executable test_are_error_codes_present[0m
[240.440s] [ 61%] [32m[1mLinking CXX executable test_would_a_controller_recovery_help[0m
[240.560s] [ 62%] [32m[1mLinking CXX executable test_would_a_smoother_recovery_help[0m
[240.693s] [ 62%] [32m[1mLinking CXX executable test_condition_distance_traveled[0m
[240.775s] [ 62%] Built target test_are_error_codes_present
[240.815s] [ 62%] Built target test_would_a_controller_recovery_help
[240.942s] [ 62%] Built target test_would_a_smoother_recovery_help
[241.028s] [ 62%] Built target test_condition_distance_traveled
[241.127s] [ 62%] [32m[1mLinking CXX executable test_would_a_planner_recovery_help[0m
[241.149s] [ 62%] [32m[1mLinking CXX shared library libnav2_extract_route_nodes_as_goals_action_bt_node.so[0m
[241.320s] [ 62%] Built target nav2_extract_route_nodes_as_goals_action_bt_node
[241.436s] [ 62%] Built target test_would_a_planner_recovery_help
[241.877s] [ 62%] [32m[1mLinking CXX executable test_bt_utils[0m
[242.154s] [ 62%] Built target test_bt_utils
[242.284s] [ 62%] [32m[1mLinking CXX shared library libnav2_get_pose_from_path_action_bt_node.so[0m
[242.456s] [ 62%] Built target nav2_get_pose_from_path_action_bt_node
[248.044s] [ 63%] [32m[1mLinking CXX executable test_decorator_speed_controller[0m
[248.327s] [ 63%] Built target test_decorator_speed_controller
[248.339s] [ 63%] [32m[1mLinking CXX executable test_json_utils[0m
[248.563s] [ 63%] Built target test_json_utils
[248.588s] [ 63%] [32mBuilding CXX object test/plugins/action/CMakeFiles/test_bt_action_node.dir/test_bt_action_node.cpp.o[0m
[259.417s] [ 64%] [32m[1mLinking CXX executable test_bt_action_node[0m
[259.659s] [ 64%] Built target test_bt_action_node
[259.685s] [ 64%] [32mBuilding CXX object test/plugins/action/CMakeFiles/test_action_spin_action.dir/test_spin_action.cpp.o[0m
[268.327s] [ 65%] [32m[1mLinking CXX executable test_action_spin_action[0m
[268.620s] [ 65%] Built target test_action_spin_action
[268.648s] [ 66%] [32mBuilding CXX object test/plugins/action/CMakeFiles/test_action_back_up_action.dir/test_back_up_action.cpp.o[0m
[270.663s] [ 67%] [32mBuilding CXX object test/plugins/action/CMakeFiles/test_action_drive_on_heading.dir/test_drive_on_heading_action.cpp.o[0m
[271.677s] [ 67%] [32mBuilding CXX object test/plugins/control/CMakeFiles/test_persistent_sequence.dir/test_persistent_sequence.cpp.o[0m
[272.695s] [ 67%] [32mBuilding CXX object test/plugins/control/CMakeFiles/test_control_pause_resume_controller.dir/test_pause_resume_controller.cpp.o[0m
[273.707s] [ 67%] [32mBuilding CXX object test/plugins/control/CMakeFiles/test_control_nonblocking_sequence.dir/test_nonblocking_sequence.cpp.o[0m
[274.729s] [ 67%] [32mBuilding CXX object test/plugins/control/CMakeFiles/test_control_round_robin_node.dir/test_round_robin_node.cpp.o[0m
[278.264s] [ 67%] [32m[1mLinking CXX executable test_action_back_up_action[0m
[278.591s] [ 67%] Built target test_action_back_up_action
[279.712s] [ 68%] [32m[1mLinking CXX executable test_persistent_sequence[0m
[279.957s] [ 68%] Built target test_persistent_sequence
[280.307s] [ 68%] [32m[1mLinking CXX executable test_action_drive_on_heading[0m
[280.625s] [ 68%] Built target test_action_drive_on_heading
[283.707s] [ 69%] [32m[1mLinking CXX executable test_control_nonblocking_sequence[0m
[283.971s] [ 69%] Built target test_control_nonblocking_sequence
[284.586s] [ 69%] [32m[1mLinking CXX executable test_control_round_robin_node[0m
[284.837s] [ 69%] Built target test_control_round_robin_node
[285.197s] [ 69%] [32m[1mLinking CXX executable test_control_pause_resume_controller[0m
[285.440s] [ 69%] Built target test_control_pause_resume_controller
[285.464s] [ 69%] [32mBuilding CXX object test/plugins/action/CMakeFiles/test_action_spin_cancel_action.dir/test_spin_cancel_node.cpp.o[0m
[286.478s] [ 69%] [32mBuilding CXX object test/plugins/action/CMakeFiles/test_action_back_up_cancel_action.dir/test_back_up_cancel_node.cpp.o[0m
[286.478s] [ 69%] [32mBuilding CXX object test/plugins/action/CMakeFiles/test_action_wait_cancel_action.dir/test_wait_cancel_node.cpp.o[0m
[287.494s] [ 69%] [32mBuilding CXX object test/plugins/action/CMakeFiles/test_action_controller_cancel_action.dir/test_controller_cancel_node.cpp.o[0m
[287.494s] [ 69%] [32mBuilding CXX object test/plugins/action/CMakeFiles/test_action_assisted_teleop_action.dir/test_assisted_teleop_action.cpp.o[0m
[288.511s] [ 71%] [32mBuilding CXX object test/plugins/action/CMakeFiles/test_action_wait_action.dir/test_wait_action.cpp.o[0m
[288.512s] [ 71%] [32mBuilding CXX object test/plugins/control/CMakeFiles/test_control_pipeline_sequence.dir/test_pipeline_sequence.cpp.o[0m
[289.533s] [ 71%] [32mBuilding CXX object test/plugins/decorator/CMakeFiles/test_decorator_path_longer_on_approach.dir/test_path_longer_on_approach.cpp.o[0m
[289.533s] [ 71%] [32mBuilding CXX object test/plugins/control/CMakeFiles/test_control_recovery_node.dir/test_recovery_node.cpp.o[0m
[290.560s] [ 72%] [32mBuilding CXX object test/plugins/decorator/CMakeFiles/test_single_trigger_node.dir/test_single_trigger_node.cpp.o[0m
[290.563s] [ 72%] [32mBuilding CXX object test/plugins/decorator/CMakeFiles/test_goal_updated_controller.dir/test_goal_updated_controller.cpp.o[0m
[291.594s] [ 72%] [32mBuilding CXX object test/plugins/decorator/CMakeFiles/test_goal_updater_node.dir/test_goal_updater_node.cpp.o[0m
[291.597s] [ 73%] [32mBuilding CXX object test/plugins/decorator/CMakeFiles/test_decorator_rate_controller.dir/test_rate_controller.cpp.o[0m
[292.640s] [ 73%] [32mBuilding CXX object CMakeFiles/nav2_is_stuck_condition_bt_node.dir/plugins/condition/is_stuck_condition.cpp.o[0m
[292.643s] [ 74%] [32mBuilding CXX object CMakeFiles/nav2_is_stopped_condition_bt_node.dir/plugins/condition/is_stopped_condition.cpp.o[0m
[293.682s] [ 74%] [32mBuilding CXX object CMakeFiles/nav2_clear_costmap_service_bt_node.dir/plugins/action/clear_costmap_service.cpp.o[0m
[296.538s] [ 74%] [32m[1mLinking CXX executable test_action_spin_cancel_action[0m
[297.174s] [ 74%] Built target test_action_spin_cancel_action
[298.002s] [ 75%] [32m[1mLinking CXX executable test_action_wait_cancel_action[0m
[298.594s] [ 75%] Built target test_action_wait_cancel_action
[300.245s] [ 75%] [32m[1mLinking CXX executable test_action_controller_cancel_action[0m
[300.270s] [ 76%] [32m[1mLinking CXX executable test_action_back_up_cancel_action[0m
[300.580s] [ 77%] [32m[1mLinking CXX executable test_action_assisted_teleop_action[0m
[300.647s] [ 77%] Built target test_action_controller_cancel_action
[300.742s] [ 77%] Built target test_action_back_up_cancel_action
[301.001s] [ 77%] Built target test_action_assisted_teleop_action
[301.720s] [ 77%] [32m[1mLinking CXX executable test_action_wait_action[0m
[301.842s] [ 77%] [32m[1mLinking CXX executable test_control_pipeline_sequence[0m
[302.145s] [ 77%] Built target test_action_wait_action
[302.223s] [ 77%] Built target test_control_pipeline_sequence
[303.115s] [ 77%] [32m[1mLinking CXX executable test_decorator_path_longer_on_approach[0m
[303.430s] [ 77%] Built target test_decorator_path_longer_on_approach
[303.727s] [ 78%] [32m[1mLinking CXX executable test_control_recovery_node[0m
[303.819s] [ 78%] [32m[1mLinking CXX shared library libnav2_is_stopped_condition_bt_node.so[0m
[303.885s] [ 78%] [32m[1mLinking CXX executable test_single_trigger_node[0m
[304.043s] [ 78%] Built target nav2_is_stopped_condition_bt_node
[304.056s] [ 78%] Built target test_control_recovery_node
[304.200s] [ 78%] Built target test_single_trigger_node
[305.577s] [ 79%] [32m[1mLinking CXX executable test_goal_updated_controller[0m
[305.826s] [ 79%] [32m[1mLinking CXX executable test_decorator_rate_controller[0m
[305.888s] [ 79%] Built target test_goal_updated_controller
[306.114s] [ 79%] Built target test_decorator_rate_controller
[307.835s] [ 80%] [32m[1mLinking CXX shared library libnav2_clear_costmap_service_bt_node.so[0m
[308.015s] [ 81%] [32m[1mLinking CXX shared library libnav2_is_stuck_condition_bt_node.so[0m
[308.035s] [ 81%] Built target nav2_clear_costmap_service_bt_node
[308.196s] [ 81%] Built target nav2_is_stuck_condition_bt_node
[308.902s] [ 81%] [32m[1mLinking CXX executable test_goal_updater_node[0m
[309.162s] [ 81%] Built target test_goal_updater_node
[309.187s] [ 82%] [32mBuilding CXX object test/plugins/action/CMakeFiles/test_concatenate_paths_action.dir/test_concatenate_paths_action.cpp.o[0m
[315.984s] [ 82%] [32m[1mLinking CXX executable test_concatenate_paths_action[0m
[316.209s] [ 82%] Built target test_concatenate_paths_action
[316.234s] [ 83%] [32mBuilding CXX object test/plugins/action/CMakeFiles/test_get_current_pose_action.dir/test_get_current_pose_action.cpp.o[0m
[326.279s] [ 83%] [32m[1mLinking CXX executable test_get_current_pose_action[0m
[326.528s] [ 83%] Built target test_get_current_pose_action
[326.554s] [ 83%] [32mBuilding CXX object test/plugins/action/CMakeFiles/test_remove_passed_goals_action.dir/test_remove_passed_goals_action.cpp.o[0m
[330.569s] [ 84%] [32mBuilding CXX object test/plugins/action/CMakeFiles/test_truncate_path_local_action.dir/test_truncate_path_local_action.cpp.o[0m
[330.569s] [ 84%] [32mBuilding CXX object test/plugins/action/CMakeFiles/test_get_next_few_goals_action.dir/test_get_next_few_goals_action.cpp.o[0m
[330.569s] [ 84%] [32mBuilding CXX object test/plugins/action/CMakeFiles/test_truncate_path_action.dir/test_truncate_path_action.cpp.o[0m
[331.585s] [ 84%] [32mBuilding CXX object test/plugins/action/CMakeFiles/test_action_navigate_to_pose_action.dir/test_navigate_to_pose_action.cpp.o[0m
[331.585s] [ 84%] [32mBuilding CXX object test/plugins/action/CMakeFiles/test_action_follow_path_action.dir/test_follow_path_action.cpp.o[0m
[331.586s] [ 85%] [32mBuilding CXX object test/plugins/action/CMakeFiles/test_action_navigate_through_poses_action.dir/test_navigate_through_poses_action.cpp.o[0m
[332.610s] [ 87%] [32mBuilding CXX object test/plugins/action/CMakeFiles/test_action_compute_and_track_route_action.dir/test_compute_and_track_route_action.cpp.o[0m
[332.611s] [ 87%] [32mBuilding CXX object test/plugins/action/CMakeFiles/test_action_smooth_path_action.dir/test_smooth_path_action.cpp.o[0m
[332.611s] [ 87%] [32mBuilding CXX object test/plugins/action/CMakeFiles/test_action_compute_route_action.dir/test_compute_route_action.cpp.o[0m
[333.644s] [ 88%] [32mBuilding CXX object test/plugins/action/CMakeFiles/test_action_compute_path_to_pose_action.dir/test_compute_path_to_pose_action.cpp.o[0m
[333.644s] [ 88%] [32mBuilding CXX object test/plugins/action/CMakeFiles/test_action_reinitialize_global_localization_service.dir/test_reinitialize_global_localization_service.cpp.o[0m
[333.644s] [ 88%] [32mBuilding CXX object test/plugins/action/CMakeFiles/test_action_compute_path_through_poses_action.dir/test_compute_path_through_poses_action.cpp.o[0m
[334.686s] [ 88%] [32mBuilding CXX object test/plugins/action/CMakeFiles/test_action_drive_on_heading_cancel_action.dir/test_drive_on_heading_cancel_node.cpp.o[0m
[334.687s] [ 88%] [32mBuilding CXX object test/plugins/action/CMakeFiles/test_action_assisted_teleop_cancel_action.dir/test_assisted_teleop_cancel_node.cpp.o[0m
[334.692s] [ 88%] [32mBuilding CXX object test/plugins/action/CMakeFiles/test_action_compute_and_track_route_cancel_action.dir/test_compute_and_track_route_cancel_node.cpp.o[0m
[343.504s] [ 88%] [32m[1mLinking CXX executable test_truncate_path_action[0m
[343.990s] [ 88%] [32m[1mLinking CXX executable test_remove_passed_goals_action[0m
[344.035s] [ 88%] Built target test_truncate_path_action
[344.483s] [ 88%] Built target test_remove_passed_goals_action
[345.968s] [ 89%] [32m[1mLinking CXX executable test_get_next_few_goals_action[0m
[346.517s] [ 89%] Built target test_get_next_few_goals_action
[346.610s] [ 89%] [32m[1mLinking CXX executable test_action_reinitialize_global_localization_service[0m
[346.883s] [ 89%] [32m[1mLinking CXX executable test_action_compute_and_track_route_action[0m
[346.991s] [ 89%] Built target test_action_reinitialize_global_localization_service
[347.310s] [ 89%] Built target test_action_compute_and_track_route_action
[347.975s] [ 89%] [32m[1mLinking CXX executable test_action_follow_path_action[0m
[348.443s] [ 90%] [32m[1mLinking CXX executable test_action_navigate_to_pose_action[0m
[348.443s] [ 90%] Built target test_action_follow_path_action
[348.706s] [ 90%] [32m[1mLinking CXX executable test_action_assisted_teleop_cancel_action[0m
[348.839s] [ 90%] Built target test_action_navigate_to_pose_action
[348.972s] [ 91%] [32m[1mLinking CXX executable test_action_compute_and_track_route_cancel_action[0m
[349.100s] [ 91%] Built target test_action_assisted_teleop_cancel_action
[349.152s] [ 91%] [32m[1mLinking CXX executable test_action_navigate_through_poses_action[0m
[349.318s] [ 91%] Built target test_action_compute_and_track_route_cancel_action
[349.337s] [ 92%] [32m[1mLinking CXX executable test_action_compute_route_action[0m
[349.419s] [ 92%] [32m[1mLinking CXX executable test_action_smooth_path_action[0m
[349.535s] [ 92%] Built target test_action_navigate_through_poses_action
[349.660s] [ 92%] Built target test_action_compute_route_action
[349.760s] [ 92%] Built target test_action_smooth_path_action
[350.550s] [ 93%] [32m[1mLinking CXX executable test_truncate_path_local_action[0m
[350.805s] [ 94%] [32m[1mLinking CXX executable test_action_drive_on_heading_cancel_action[0m
[350.849s] [ 94%] Built target test_truncate_path_local_action
[350.865s] [ 94%] [32m[1mLinking CXX executable test_action_compute_path_to_pose_action[0m
[351.089s] [ 94%] Built target test_action_drive_on_heading_cancel_action
[351.123s] [ 94%] [32m[1mLinking CXX executable test_action_compute_path_through_poses_action[0m
[351.156s] [ 94%] Built target test_action_compute_path_to_pose_action
[351.390s] [ 94%] Built target test_action_compute_path_through_poses_action
[351.416s] [ 94%] [32mBuilding CXX object test/plugins/action/CMakeFiles/test_action_clear_costmap_service.dir/test_clear_costmap_service.cpp.o[0m
[363.778s] [ 94%] [32m[1mLinking CXX executable test_action_clear_costmap_service[0m
[364.095s] [ 94%] Built target test_action_clear_costmap_service
[364.124s] [ 94%] [32mBuilding CXX object test/plugins/condition/CMakeFiles/test_condition_is_stopped.dir/test_is_stopped.cpp.o[0m
[379.880s] [ 94%] [32m[1mLinking CXX executable test_condition_is_stopped[0m
[380.151s] [ 94%] Built target test_condition_is_stopped
[380.176s] [ 95%] [32mBuilding CXX object test/plugins/condition/CMakeFiles/test_condition_is_stuck.dir/test_is_stuck.cpp.o[0m
[391.880s] [ 95%] [32m[1mLinking CXX executable test_condition_is_stuck[0m
[392.202s] [ 95%] Built target test_condition_is_stuck
[392.230s] [ 97%] [32mBuilding CXX object test/plugins/action/CMakeFiles/test_progress_checker_selector_node.dir/test_progress_checker_selector_node.cpp.o[0m
[392.230s] [ 97%] [32mBuilding CXX object test/plugins/action/CMakeFiles/test_toggle_collision_monitor_service.dir/test_toggle_collision_monitor_service.cpp.o[0m
[392.230s] [ 97%] [32mBuilding CXX object test/plugins/action/CMakeFiles/test_goal_checker_selector_node.dir/test_goal_checker_selector_node.cpp.o[0m
[401.714s] [ 97%] [32m[1mLinking CXX executable test_toggle_collision_monitor_service[0m
[401.715s] [ 97%] [32m[1mLinking CXX executable test_progress_checker_selector_node[0m
[401.758s] [ 97%] [32m[1mLinking CXX executable test_goal_checker_selector_node[0m
[402.007s] [ 97%] Built target test_progress_checker_selector_node
[402.009s] [ 97%] Built target test_toggle_collision_monitor_service
[402.053s] [ 97%] Built target test_goal_checker_selector_node
[402.079s] [ 97%] [32mBuilding CXX object test/plugins/action/CMakeFiles/test_smoother_selector_node.dir/test_smoother_selector_node.cpp.o[0m
[410.689s] [ 98%] [32m[1mLinking CXX executable test_smoother_selector_node[0m
[410.975s] [ 98%] Built target test_smoother_selector_node
[411.000s] [ 98%] [32mBuilding CXX object test/plugins/action/CMakeFiles/test_remove_in_collision_goals_action.dir/test_remove_in_collision_goals_action.cpp.o[0m
[411.000s] [ 98%] [32mBuilding CXX object test/plugins/action/CMakeFiles/test_extract_route_nodes_as_goals_action.dir/test_extract_route_nodes_as_goals_action.cpp.o[0m
[411.000s] [ 99%] [32mBuilding CXX object test/plugins/action/CMakeFiles/test_get_pose_from_path_action.dir/test_get_pose_from_path_action.cpp.o[0m
[411.000s] [ 99%] [32mBuilding CXX object test/plugins/action/CMakeFiles/test_controller_selector_node.dir/test_controller_selector_node.cpp.o[0m
[411.001s] [ 99%] [32mBuilding CXX object test/plugins/action/CMakeFiles/test_planner_selector_node.dir/test_planner_selector_node.cpp.o[0m
[421.411s] [ 99%] [32m[1mLinking CXX executable test_planner_selector_node[0m
[421.562s] [ 99%] [32m[1mLinking CXX executable test_controller_selector_node[0m
[421.817s] [ 99%] Built target test_planner_selector_node
[421.956s] [ 99%] Built target test_controller_selector_node
[423.175s] [ 99%] [32m[1mLinking CXX executable test_extract_route_nodes_as_goals_action[0m
[423.509s] [ 99%] Built target test_extract_route_nodes_as_goals_action
[423.781s] [ 99%] [32m[1mLinking CXX executable test_get_pose_from_path_action[0m
[424.083s] [ 99%] Built target test_get_pose_from_path_action
[426.462s] [100%] [32m[1mLinking CXX executable test_remove_in_collision_goals_action[0m
[426.800s] [100%] Built target test_remove_in_collision_goals_action
[426.831s] [100%] [32mBuilding CXX object test/plugins/action/CMakeFiles/test_append_goal_pose_to_goals_action.dir/test_append_goal_pose_to_goals_action.cpp.o[0m
[437.014s] [100%] [32m[1mLinking CXX executable test_append_goal_pose_to_goals_action[0m
[437.266s] [100%] Built target test_append_goal_pose_to_goals_action
[437.282s] Invoked command in '/home/thomas24/hive_ws2/build/nav2_behavior_tree' returned '0': AMENT_PREFIX_PATH=/home/thomas24/hive_ws2/install/nav2_util:/home/thomas24/hive_ws2/install/nav2_ros_common:/home/thomas24/hive_ws2/install/nav2_msgs:/home/thomas24/hive_ws2/install/nav2_common:${AMENT_PREFIX_PATH} CMAKE_PREFIX_PATH=/home/thomas24/hive_ws2/install/nav2_util:/home/thomas24/hive_ws2/install/nav2_ros_common:/home/thomas24/hive_ws2/install/nav2_msgs:/home/thomas24/hive_ws2/install/nav2_common:/opt/ros/jazzy/opt/gz_sim_vendor:/opt/ros/jazzy/opt/gz_sensors_vendor:/opt/ros/jazzy/opt/gz_physics_vendor:/opt/ros/jazzy/opt/sdformat_vendor:/opt/ros/jazzy/opt/gz_gui_vendor:/opt/ros/jazzy/opt/gz_transport_vendor:/opt/ros/jazzy/opt/gz_rendering_vendor:/opt/ros/jazzy/opt/gz_plugin_vendor:/opt/ros/jazzy/opt/gz_fuel_tools_vendor:/opt/ros/jazzy/opt/gz_msgs_vendor:/opt/ros/jazzy/opt/gz_common_vendor:/opt/ros/jazzy/opt/gz_math_vendor:/opt/ros/jazzy/opt/gz_utils_vendor:/opt/ros/jazzy/opt/gz_tools_vendor:/opt/ros/jazzy/opt/gz_ogre_next_vendor:/opt/ros/jazzy/opt/gz_dartsim_vendor:/opt/ros/jazzy/opt/gz_cmake_vendor:/opt/ros/jazzy DEBUGINFOD_URLS=https://debuginfod.ubuntu.com LD_LIBRARY_PATH=/home/thomas24/hive_ws2/install/nav2_util/lib:/home/thomas24/hive_ws2/install/nav2_msgs/lib:${LD_LIBRARY_PATH} PYTHONPATH=/home/thomas24/hive_ws2/install/nav2_msgs/lib/python3.12/site-packages:/home/thomas24/hive_ws2/install/nav2_common/lib/python3.12/site-packages:${PYTHONPATH} /usr/bin/cmake --build /home/thomas24/hive_ws2/build/nav2_behavior_tree -- -j16 -l16
[437.284s] Invoking command in '/home/thomas24/hive_ws2/build/nav2_behavior_tree': AMENT_PREFIX_PATH=/home/thomas24/hive_ws2/install/nav2_util:/home/thomas24/hive_ws2/install/nav2_ros_common:/home/thomas24/hive_ws2/install/nav2_msgs:/home/thomas24/hive_ws2/install/nav2_common:${AMENT_PREFIX_PATH} CMAKE_PREFIX_PATH=/home/thomas24/hive_ws2/install/nav2_util:/home/thomas24/hive_ws2/install/nav2_ros_common:/home/thomas24/hive_ws2/install/nav2_msgs:/home/thomas24/hive_ws2/install/nav2_common:/opt/ros/jazzy/opt/gz_sim_vendor:/opt/ros/jazzy/opt/gz_sensors_vendor:/opt/ros/jazzy/opt/gz_physics_vendor:/opt/ros/jazzy/opt/sdformat_vendor:/opt/ros/jazzy/opt/gz_gui_vendor:/opt/ros/jazzy/opt/gz_transport_vendor:/opt/ros/jazzy/opt/gz_rendering_vendor:/opt/ros/jazzy/opt/gz_plugin_vendor:/opt/ros/jazzy/opt/gz_fuel_tools_vendor:/opt/ros/jazzy/opt/gz_msgs_vendor:/opt/ros/jazzy/opt/gz_common_vendor:/opt/ros/jazzy/opt/gz_math_vendor:/opt/ros/jazzy/opt/gz_utils_vendor:/opt/ros/jazzy/opt/gz_tools_vendor:/opt/ros/jazzy/opt/gz_ogre_next_vendor:/opt/ros/jazzy/opt/gz_dartsim_vendor:/opt/ros/jazzy/opt/gz_cmake_vendor:/opt/ros/jazzy DEBUGINFOD_URLS=https://debuginfod.ubuntu.com LD_LIBRARY_PATH=/home/thomas24/hive_ws2/install/nav2_util/lib:/home/thomas24/hive_ws2/install/nav2_msgs/lib:${LD_LIBRARY_PATH} PYTHONPATH=/home/thomas24/hive_ws2/install/nav2_msgs/lib/python3.12/site-packages:/home/thomas24/hive_ws2/install/nav2_common/lib/python3.12/site-packages:${PYTHONPATH} /usr/bin/cmake --install /home/thomas24/hive_ws2/build/nav2_behavior_tree
[437.294s] -- Install configuration: "Release"
[437.294s] -- Installing: /home/thomas24/hive_ws2/install/nav2_behavior_tree/lib/libnav2_behavior_tree.so
[437.295s] -- Set non-toolchain portion of runtime path of "/home/thomas24/hive_ws2/install/nav2_behavior_tree/lib/libnav2_behavior_tree.so" to ""
[437.295s] -- Installing: /home/thomas24/hive_ws2/install/nav2_behavior_tree/lib/libnav2_compute_path_to_pose_action_bt_node.so
[437.296s] -- Set non-toolchain portion of runtime path of "/home/thomas24/hive_ws2/install/nav2_behavior_tree/lib/libnav2_compute_path_to_pose_action_bt_node.so" to ""
[437.296s] -- Installing: /home/thomas24/hive_ws2/install/nav2_behavior_tree/lib/libnav2_compute_path_through_poses_action_bt_node.so
[437.297s] -- Set non-toolchain portion of runtime path of "/home/thomas24/hive_ws2/install/nav2_behavior_tree/lib/libnav2_compute_path_through_poses_action_bt_node.so" to ""
[437.297s] -- Installing: /home/thomas24/hive_ws2/install/nav2_behavior_tree/lib/libnav2_controller_cancel_bt_node.so
[437.297s] -- Set non-toolchain portion of runtime path of "/home/thomas24/hive_ws2/install/nav2_behavior_tree/lib/libnav2_controller_cancel_bt_node.so" to ""
[437.297s] -- Installing: /home/thomas24/hive_ws2/install/nav2_behavior_tree/lib/libnav2_wait_cancel_bt_node.so
[437.298s] -- Set non-toolchain portion of runtime path of "/home/thomas24/hive_ws2/install/nav2_behavior_tree/lib/libnav2_wait_cancel_bt_node.so" to ""
[437.298s] -- Installing: /home/thomas24/hive_ws2/install/nav2_behavior_tree/lib/libnav2_spin_cancel_bt_node.so
[437.298s] -- Set non-toolchain portion of runtime path of "/home/thomas24/hive_ws2/install/nav2_behavior_tree/lib/libnav2_spin_cancel_bt_node.so" to ""
[437.299s] -- Installing: /home/thomas24/hive_ws2/install/nav2_behavior_tree/lib/libnav2_back_up_cancel_bt_node.so
[437.299s] -- Set non-toolchain portion of runtime path of "/home/thomas24/hive_ws2/install/nav2_behavior_tree/lib/libnav2_back_up_cancel_bt_node.so" to ""
[437.299s] -- Installing: /home/thomas24/hive_ws2/install/nav2_behavior_tree/lib/libnav2_assisted_teleop_cancel_bt_node.so
[437.300s] -- Set non-toolchain portion of runtime path of "/home/thomas24/hive_ws2/install/nav2_behavior_tree/lib/libnav2_assisted_teleop_cancel_bt_node.so" to ""
[437.300s] -- Installing: /home/thomas24/hive_ws2/install/nav2_behavior_tree/lib/libnav2_drive_on_heading_cancel_bt_node.so
[437.300s] -- Set non-toolchain portion of runtime path of "/home/thomas24/hive_ws2/install/nav2_behavior_tree/lib/libnav2_drive_on_heading_cancel_bt_node.so" to ""
[437.301s] -- Installing: /home/thomas24/hive_ws2/install/nav2_behavior_tree/lib/libnav2_smooth_path_action_bt_node.so
[437.302s] -- Set non-toolchain portion of runtime path of "/home/thomas24/hive_ws2/install/nav2_behavior_tree/lib/libnav2_smooth_path_action_bt_node.so" to ""
[437.302s] -- Installing: /home/thomas24/hive_ws2/install/nav2_behavior_tree/lib/libnav2_follow_path_action_bt_node.so
[437.302s] -- Set non-toolchain portion of runtime path of "/home/thomas24/hive_ws2/install/nav2_behavior_tree/lib/libnav2_follow_path_action_bt_node.so" to ""
[437.303s] -- Installing: /home/thomas24/hive_ws2/install/nav2_behavior_tree/lib/libnav2_back_up_action_bt_node.so
[437.303s] -- Set non-toolchain portion of runtime path of "/home/thomas24/hive_ws2/install/nav2_behavior_tree/lib/libnav2_back_up_action_bt_node.so" to ""
[437.303s] -- Installing: /home/thomas24/hive_ws2/install/nav2_behavior_tree/lib/libnav2_drive_on_heading_bt_node.so
[437.304s] -- Set non-toolchain portion of runtime path of "/home/thomas24/hive_ws2/install/nav2_behavior_tree/lib/libnav2_drive_on_heading_bt_node.so" to ""
[437.304s] -- Installing: /home/thomas24/hive_ws2/install/nav2_behavior_tree/lib/libnav2_spin_action_bt_node.so
[437.305s] -- Set non-toolchain portion of runtime path of "/home/thomas24/hive_ws2/install/nav2_behavior_tree/lib/libnav2_spin_action_bt_node.so" to ""
[437.305s] -- Installing: /home/thomas24/hive_ws2/install/nav2_behavior_tree/lib/libnav2_wait_action_bt_node.so
[437.306s] -- Set non-toolchain portion of runtime path of "/home/thomas24/hive_ws2/install/nav2_behavior_tree/lib/libnav2_wait_action_bt_node.so" to ""
[437.306s] -- Installing: /home/thomas24/hive_ws2/install/nav2_behavior_tree/lib/libnav2_assisted_teleop_action_bt_node.so
[437.306s] -- Set non-toolchain portion of runtime path of "/home/thomas24/hive_ws2/install/nav2_behavior_tree/lib/libnav2_assisted_teleop_action_bt_node.so" to ""
[437.307s] -- Installing: /home/thomas24/hive_ws2/install/nav2_behavior_tree/lib/libnav2_clear_costmap_service_bt_node.so
[437.307s] -- Set non-toolchain portion of runtime path of "/home/thomas24/hive_ws2/install/nav2_behavior_tree/lib/libnav2_clear_costmap_service_bt_node.so" to ""
[437.307s] -- Installing: /home/thomas24/hive_ws2/install/nav2_behavior_tree/lib/libnav2_is_stuck_condition_bt_node.so
[437.308s] -- Set non-toolchain portion of runtime path of "/home/thomas24/hive_ws2/install/nav2_behavior_tree/lib/libnav2_is_stuck_condition_bt_node.so" to ""
[437.309s] -- Installing: /home/thomas24/hive_ws2/install/nav2_behavior_tree/lib/libnav2_is_stopped_condition_bt_node.so
[437.309s] -- Set non-toolchain portion of runtime path of "/home/thomas24/hive_ws2/install/nav2_behavior_tree/lib/libnav2_is_stopped_condition_bt_node.so" to ""
[437.309s] -- Installing: /home/thomas24/hive_ws2/install/nav2_behavior_tree/lib/libnav2_transform_available_condition_bt_node.so
[437.310s] -- Set non-toolchain portion of runtime path of "/home/thomas24/hive_ws2/install/nav2_behavior_tree/lib/libnav2_transform_available_condition_bt_node.so" to ""
[437.310s] -- Installing: /home/thomas24/hive_ws2/install/nav2_behavior_tree/lib/libnav2_goal_reached_condition_bt_node.so
[437.310s] -- Set non-toolchain portion of runtime path of "/home/thomas24/hive_ws2/install/nav2_behavior_tree/lib/libnav2_goal_reached_condition_bt_node.so" to ""
[437.311s] -- Installing: /home/thomas24/hive_ws2/install/nav2_behavior_tree/lib/libnav2_are_poses_near_condition_bt_node.so
[437.311s] -- Set non-toolchain portion of runtime path of "/home/thomas24/hive_ws2/install/nav2_behavior_tree/lib/libnav2_are_poses_near_condition_bt_node.so" to ""
[437.311s] -- Installing: /home/thomas24/hive_ws2/install/nav2_behavior_tree/lib/libnav2_globally_updated_goal_condition_bt_node.so
[437.312s] -- Set non-toolchain portion of runtime path of "/home/thomas24/hive_ws2/install/nav2_behavior_tree/lib/libnav2_globally_updated_goal_condition_bt_node.so" to ""
[437.312s] -- Installing: /home/thomas24/hive_ws2/install/nav2_behavior_tree/lib/libnav2_goal_updated_condition_bt_node.so
[437.312s] -- Set non-toolchain portion of runtime path of "/home/thomas24/hive_ws2/install/nav2_behavior_tree/lib/libnav2_goal_updated_condition_bt_node.so" to ""
[437.312s] -- Installing: /home/thomas24/hive_ws2/install/nav2_behavior_tree/lib/libnav2_is_path_valid_condition_bt_node.so
[437.313s] -- Set non-toolchain portion of runtime path of "/home/thomas24/hive_ws2/install/nav2_behavior_tree/lib/libnav2_is_path_valid_condition_bt_node.so" to ""
[437.313s] -- Installing: /home/thomas24/hive_ws2/install/nav2_behavior_tree/lib/libnav2_is_pose_occupied_condition_bt_node.so
[437.314s] -- Set non-toolchain portion of runtime path of "/home/thomas24/hive_ws2/install/nav2_behavior_tree/lib/libnav2_is_pose_occupied_condition_bt_node.so" to ""
[437.314s] -- Installing: /home/thomas24/hive_ws2/install/nav2_behavior_tree/lib/libnav2_time_expired_condition_bt_node.so
[437.314s] -- Set non-toolchain portion of runtime path of "/home/thomas24/hive_ws2/install/nav2_behavior_tree/lib/libnav2_time_expired_condition_bt_node.so" to ""
[437.314s] -- Installing: /home/thomas24/hive_ws2/install/nav2_behavior_tree/lib/libnav2_path_expiring_timer_condition_bt_node.so
[437.315s] -- Set non-toolchain portion of runtime path of "/home/thomas24/hive_ws2/install/nav2_behavior_tree/lib/libnav2_path_expiring_timer_condition_bt_node.so" to ""
[437.315s] -- Installing: /home/thomas24/hive_ws2/install/nav2_behavior_tree/lib/libnav2_distance_traveled_condition_bt_node.so
[437.315s] -- Set non-toolchain portion of runtime path of "/home/thomas24/hive_ws2/install/nav2_behavior_tree/lib/libnav2_distance_traveled_condition_bt_node.so" to ""
[437.316s] -- Installing: /home/thomas24/hive_ws2/install/nav2_behavior_tree/lib/libnav2_initial_pose_received_condition_bt_node.so
[437.316s] -- Set non-toolchain portion of runtime path of "/home/thomas24/hive_ws2/install/nav2_behavior_tree/lib/libnav2_initial_pose_received_condition_bt_node.so" to ""
[437.316s] -- Installing: /home/thomas24/hive_ws2/install/nav2_behavior_tree/lib/libnav2_is_battery_charging_condition_bt_node.so
[437.317s] -- Set non-toolchain portion of runtime path of "/home/thomas24/hive_ws2/install/nav2_behavior_tree/lib/libnav2_is_battery_charging_condition_bt_node.so" to ""
[437.317s] -- Installing: /home/thomas24/hive_ws2/install/nav2_behavior_tree/lib/libnav2_is_battery_low_condition_bt_node.so
[437.319s] -- Set non-toolchain portion of runtime path of "/home/thomas24/hive_ws2/install/nav2_behavior_tree/lib/libnav2_is_battery_low_condition_bt_node.so" to ""
[437.319s] -- Installing: /home/thomas24/hive_ws2/install/nav2_behavior_tree/lib/libnav2_are_error_codes_active_condition_bt_node.so
[437.319s] -- Set non-toolchain portion of runtime path of "/home/thomas24/hive_ws2/install/nav2_behavior_tree/lib/libnav2_are_error_codes_active_condition_bt_node.so" to ""
[437.319s] -- Installing: /home/thomas24/hive_ws2/install/nav2_behavior_tree/lib/libnav2_would_a_controller_recovery_help_condition_bt_node.so
[437.320s] -- Set non-toolchain portion of runtime path of "/home/thomas24/hive_ws2/install/nav2_behavior_tree/lib/libnav2_would_a_controller_recovery_help_condition_bt_node.so" to ""
[437.320s] -- Installing: /home/thomas24/hive_ws2/install/nav2_behavior_tree/lib/libnav2_would_a_planner_recovery_help_condition_bt_node.so
[437.320s] -- Set non-toolchain portion of runtime path of "/home/thomas24/hive_ws2/install/nav2_behavior_tree/lib/libnav2_would_a_planner_recovery_help_condition_bt_node.so" to ""
[437.320s] -- Installing: /home/thomas24/hive_ws2/install/nav2_behavior_tree/lib/libnav2_would_a_smoother_recovery_help_condition_bt_node.so
[437.321s] -- Set non-toolchain portion of runtime path of "/home/thomas24/hive_ws2/install/nav2_behavior_tree/lib/libnav2_would_a_smoother_recovery_help_condition_bt_node.so" to ""
[437.321s] -- Installing: /home/thomas24/hive_ws2/install/nav2_behavior_tree/lib/libnav2_would_a_route_recovery_help_condition_bt_node.so
[437.321s] -- Set non-toolchain portion of runtime path of "/home/thomas24/hive_ws2/install/nav2_behavior_tree/lib/libnav2_would_a_route_recovery_help_condition_bt_node.so" to ""
[437.322s] -- Installing: /home/thomas24/hive_ws2/install/nav2_behavior_tree/lib/libnav2_reinitialize_global_localization_service_bt_node.so
[437.322s] -- Set non-toolchain portion of runtime path of "/home/thomas24/hive_ws2/install/nav2_behavior_tree/lib/libnav2_reinitialize_global_localization_service_bt_node.so" to ""
[437.322s] -- Installing: /home/thomas24/hive_ws2/install/nav2_behavior_tree/lib/libnav2_rate_controller_bt_node.so
[437.323s] -- Set non-toolchain portion of runtime path of "/home/thomas24/hive_ws2/install/nav2_behavior_tree/lib/libnav2_rate_controller_bt_node.so" to ""
[437.323s] -- Installing: /home/thomas24/hive_ws2/install/nav2_behavior_tree/lib/libnav2_distance_controller_bt_node.so
[437.323s] -- Set non-toolchain portion of runtime path of "/home/thomas24/hive_ws2/install/nav2_behavior_tree/lib/libnav2_distance_controller_bt_node.so" to ""
[437.323s] -- Installing: /home/thomas24/hive_ws2/install/nav2_behavior_tree/lib/libnav2_speed_controller_bt_node.so
[437.324s] -- Set non-toolchain portion of runtime path of "/home/thomas24/hive_ws2/install/nav2_behavior_tree/lib/libnav2_speed_controller_bt_node.so" to ""
[437.324s] -- Installing: /home/thomas24/hive_ws2/install/nav2_behavior_tree/lib/libnav2_truncate_path_action_bt_node.so
[437.324s] -- Set non-toolchain portion of runtime path of "/home/thomas24/hive_ws2/install/nav2_behavior_tree/lib/libnav2_truncate_path_action_bt_node.so" to ""
[437.325s] -- Installing: /home/thomas24/hive_ws2/install/nav2_behavior_tree/lib/libnav2_concatenate_paths_action_bt_node.so
[437.325s] -- Set non-toolchain portion of runtime path of "/home/thomas24/hive_ws2/install/nav2_behavior_tree/lib/libnav2_concatenate_paths_action_bt_node.so" to ""
[437.325s] -- Installing: /home/thomas24/hive_ws2/install/nav2_behavior_tree/lib/libnav2_truncate_path_local_action_bt_node.so
[437.326s] -- Set non-toolchain portion of runtime path of "/home/thomas24/hive_ws2/install/nav2_behavior_tree/lib/libnav2_truncate_path_local_action_bt_node.so" to ""
[437.326s] -- Installing: /home/thomas24/hive_ws2/install/nav2_behavior_tree/lib/libnav2_goal_updater_node_bt_node.so
[437.328s] -- Set non-toolchain portion of runtime path of "/home/thomas24/hive_ws2/install/nav2_behavior_tree/lib/libnav2_goal_updater_node_bt_node.so" to ""
[437.328s] -- Installing: /home/thomas24/hive_ws2/install/nav2_behavior_tree/lib/libnav2_path_longer_on_approach_bt_node.so
[437.328s] -- Set non-toolchain portion of runtime path of "/home/thomas24/hive_ws2/install/nav2_behavior_tree/lib/libnav2_path_longer_on_approach_bt_node.so" to ""
[437.328s] -- Installing: /home/thomas24/hive_ws2/install/nav2_behavior_tree/lib/libnav2_recovery_node_bt_node.so
[437.329s] -- Set non-toolchain portion of runtime path of "/home/thomas24/hive_ws2/install/nav2_behavior_tree/lib/libnav2_recovery_node_bt_node.so" to ""
[437.329s] -- Installing: /home/thomas24/hive_ws2/install/nav2_behavior_tree/lib/libnav2_navigate_to_pose_action_bt_node.so
[437.330s] -- Set non-toolchain portion of runtime path of "/home/thomas24/hive_ws2/install/nav2_behavior_tree/lib/libnav2_navigate_to_pose_action_bt_node.so" to ""
[437.330s] -- Installing: /home/thomas24/hive_ws2/install/nav2_behavior_tree/lib/libnav2_navigate_through_poses_action_bt_node.so
[437.330s] -- Set non-toolchain portion of runtime path of "/home/thomas24/hive_ws2/install/nav2_behavior_tree/lib/libnav2_navigate_through_poses_action_bt_node.so" to ""
[437.331s] -- Installing: /home/thomas24/hive_ws2/install/nav2_behavior_tree/lib/libnav2_remove_passed_goals_action_bt_node.so
[437.331s] -- Set non-toolchain portion of runtime path of "/home/thomas24/hive_ws2/install/nav2_behavior_tree/lib/libnav2_remove_passed_goals_action_bt_node.so" to ""
[437.331s] -- Installing: /home/thomas24/hive_ws2/install/nav2_behavior_tree/lib/libnav2_remove_in_collision_goals_action_bt_node.so
[437.332s] -- Set non-toolchain portion of runtime path of "/home/thomas24/hive_ws2/install/nav2_behavior_tree/lib/libnav2_remove_in_collision_goals_action_bt_node.so" to ""
[437.332s] -- Installing: /home/thomas24/hive_ws2/install/nav2_behavior_tree/lib/libnav2_append_goal_pose_to_goals_action_bt_node.so
[437.333s] -- Set non-toolchain portion of runtime path of "/home/thomas24/hive_ws2/install/nav2_behavior_tree/lib/libnav2_append_goal_pose_to_goals_action_bt_node.so" to ""
[437.333s] -- Installing: /home/thomas24/hive_ws2/install/nav2_behavior_tree/lib/libnav2_get_pose_from_path_action_bt_node.so
[437.333s] -- Set non-toolchain portion of runtime path of "/home/thomas24/hive_ws2/install/nav2_behavior_tree/lib/libnav2_get_pose_from_path_action_bt_node.so" to ""
[437.333s] -- Installing: /home/thomas24/hive_ws2/install/nav2_behavior_tree/lib/libnav2_extract_route_nodes_as_goals_action_bt_node.so
[437.334s] -- Set non-toolchain portion of runtime path of "/home/thomas24/hive_ws2/install/nav2_behavior_tree/lib/libnav2_extract_route_nodes_as_goals_action_bt_node.so" to ""
[437.334s] -- Installing: /home/thomas24/hive_ws2/install/nav2_behavior_tree/lib/libnav2_get_next_few_goals_action_bt_node.so
[437.334s] -- Set non-toolchain portion of runtime path of "/home/thomas24/hive_ws2/install/nav2_behavior_tree/lib/libnav2_get_next_few_goals_action_bt_node.so" to ""
[437.335s] -- Installing: /home/thomas24/hive_ws2/install/nav2_behavior_tree/lib/libnav2_get_current_pose_action_bt_node.so
[437.335s] -- Set non-toolchain portion of runtime path of "/home/thomas24/hive_ws2/install/nav2_behavior_tree/lib/libnav2_get_current_pose_action_bt_node.so" to ""
[437.335s] -- Installing: /home/thomas24/hive_ws2/install/nav2_behavior_tree/lib/libnav2_pipeline_sequence_bt_node.so
[437.335s] -- Set non-toolchain portion of runtime path of "/home/thomas24/hive_ws2/install/nav2_behavior_tree/lib/libnav2_pipeline_sequence_bt_node.so" to ""
[437.335s] -- Installing: /home/thomas24/hive_ws2/install/nav2_behavior_tree/lib/libnav2_nonblocking_sequence_bt_node.so
[437.336s] -- Set non-toolchain portion of runtime path of "/home/thomas24/hive_ws2/install/nav2_behavior_tree/lib/libnav2_nonblocking_sequence_bt_node.so" to ""
[437.336s] -- Installing: /home/thomas24/hive_ws2/install/nav2_behavior_tree/lib/libnav2_round_robin_node_bt_node.so
[437.336s] -- Set non-toolchain portion of runtime path of "/home/thomas24/hive_ws2/install/nav2_behavior_tree/lib/libnav2_round_robin_node_bt_node.so" to ""
[437.336s] -- Installing: /home/thomas24/hive_ws2/install/nav2_behavior_tree/lib/libnav2_pause_resume_controller_bt_node.so
[437.337s] -- Set non-toolchain portion of runtime path of "/home/thomas24/hive_ws2/install/nav2_behavior_tree/lib/libnav2_pause_resume_controller_bt_node.so" to ""
[437.337s] -- Installing: /home/thomas24/hive_ws2/install/nav2_behavior_tree/lib/libnav2_persistent_sequence_bt_node.so
[437.337s] -- Set non-toolchain portion of runtime path of "/home/thomas24/hive_ws2/install/nav2_behavior_tree/lib/libnav2_persistent_sequence_bt_node.so" to ""
[437.337s] -- Installing: /home/thomas24/hive_ws2/install/nav2_behavior_tree/lib/libnav2_single_trigger_bt_node.so
[437.338s] -- Set non-toolchain portion of runtime path of "/home/thomas24/hive_ws2/install/nav2_behavior_tree/lib/libnav2_single_trigger_bt_node.so" to ""
[437.338s] -- Installing: /home/thomas24/hive_ws2/install/nav2_behavior_tree/lib/libnav2_planner_selector_bt_node.so
[437.339s] -- Set non-toolchain portion of runtime path of "/home/thomas24/hive_ws2/install/nav2_behavior_tree/lib/libnav2_planner_selector_bt_node.so" to ""
[437.339s] -- Installing: /home/thomas24/hive_ws2/install/nav2_behavior_tree/lib/libnav2_controller_selector_bt_node.so
[437.341s] -- Set non-toolchain portion of runtime path of "/home/thomas24/hive_ws2/install/nav2_behavior_tree/lib/libnav2_controller_selector_bt_node.so" to ""
[437.341s] -- Installing: /home/thomas24/hive_ws2/install/nav2_behavior_tree/lib/libnav2_smoother_selector_bt_node.so
[437.342s] -- Set non-toolchain portion of runtime path of "/home/thomas24/hive_ws2/install/nav2_behavior_tree/lib/libnav2_smoother_selector_bt_node.so" to ""
[437.342s] -- Installing: /home/thomas24/hive_ws2/install/nav2_behavior_tree/lib/libnav2_goal_checker_selector_bt_node.so
[437.343s] -- Set non-toolchain portion of runtime path of "/home/thomas24/hive_ws2/install/nav2_behavior_tree/lib/libnav2_goal_checker_selector_bt_node.so" to ""
[437.343s] -- Installing: /home/thomas24/hive_ws2/install/nav2_behavior_tree/lib/libnav2_progress_checker_selector_bt_node.so
[437.345s] -- Set non-toolchain portion of runtime path of "/home/thomas24/hive_ws2/install/nav2_behavior_tree/lib/libnav2_progress_checker_selector_bt_node.so" to ""
[437.345s] -- Installing: /home/thomas24/hive_ws2/install/nav2_behavior_tree/lib/libnav2_goal_updated_controller_bt_node.so
[437.345s] -- Set non-toolchain portion of runtime path of "/home/thomas24/hive_ws2/install/nav2_behavior_tree/lib/libnav2_goal_updated_controller_bt_node.so" to ""
[437.345s] -- Installing: /home/thomas24/hive_ws2/install/nav2_behavior_tree/lib/libnav2_compute_and_track_route_cancel_bt_node.so
[437.346s] -- Set non-toolchain portion of runtime path of "/home/thomas24/hive_ws2/install/nav2_behavior_tree/lib/libnav2_compute_and_track_route_cancel_bt_node.so" to ""
[437.346s] -- Installing: /home/thomas24/hive_ws2/install/nav2_behavior_tree/lib/libnav2_compute_and_track_route_bt_node.so
[437.347s] -- Set non-toolchain portion of runtime path of "/home/thomas24/hive_ws2/install/nav2_behavior_tree/lib/libnav2_compute_and_track_route_bt_node.so" to ""
[437.347s] -- Installing: /home/thomas24/hive_ws2/install/nav2_behavior_tree/lib/libnav2_compute_route_bt_node.so
[437.348s] -- Set non-toolchain portion of runtime path of "/home/thomas24/hive_ws2/install/nav2_behavior_tree/lib/libnav2_compute_route_bt_node.so" to ""
[437.348s] -- Installing: /home/thomas24/hive_ws2/install/nav2_behavior_tree/lib/libnav2_toggle_collision_monitor_service_bt_node.so
[437.349s] -- Set non-toolchain portion of runtime path of "/home/thomas24/hive_ws2/install/nav2_behavior_tree/lib/libnav2_toggle_collision_monitor_service_bt_node.so" to ""
[437.349s] -- Installing: /home/thomas24/hive_ws2/install/nav2_behavior_tree/lib/nav2_behavior_tree/generate_nav2_tree_nodes_xml
[437.349s] -- Set non-toolchain portion of runtime path of "/home/thomas24/hive_ws2/install/nav2_behavior_tree/lib/nav2_behavior_tree/generate_nav2_tree_nodes_xml" to ""
[437.349s] -- Installing: /home/thomas24/hive_ws2/install/nav2_behavior_tree/include/nav2_behavior_tree
[437.349s] -- Installing: /home/thomas24/hive_ws2/install/nav2_behavior_tree/include/nav2_behavior_tree/nav2_behavior_tree
[437.349s] -- Installing: /home/thomas24/hive_ws2/install/nav2_behavior_tree/include/nav2_behavior_tree/nav2_behavior_tree/bt_cancel_action_node.hpp
[437.350s] -- Installing: /home/thomas24/hive_ws2/install/nav2_behavior_tree/include/nav2_behavior_tree/nav2_behavior_tree/ros_topic_logger.hpp
[437.359s] -- Installing: /home/thomas24/hive_ws2/install/nav2_behavior_tree/include/nav2_behavior_tree/nav2_behavior_tree/json_utils.hpp
[437.359s] -- Installing: /home/thomas24/hive_ws2/install/nav2_behavior_tree/include/nav2_behavior_tree/nav2_behavior_tree/bt_utils.hpp
[437.359s] -- Installing: /home/thomas24/hive_ws2/install/nav2_behavior_tree/include/nav2_behavior_tree/nav2_behavior_tree/behavior_tree_engine.hpp
[437.359s] -- Installing: /home/thomas24/hive_ws2/install/nav2_behavior_tree/include/nav2_behavior_tree/nav2_behavior_tree/bt_action_server.hpp
[437.359s] -- Installing: /home/thomas24/hive_ws2/install/nav2_behavior_tree/include/nav2_behavior_tree/nav2_behavior_tree/bt_action_server_impl.hpp
[437.359s] -- Installing: /home/thomas24/hive_ws2/install/nav2_behavior_tree/include/nav2_behavior_tree/nav2_behavior_tree/bt_service_node.hpp
[437.359s] -- Installing: /home/thomas24/hive_ws2/install/nav2_behavior_tree/include/nav2_behavior_tree/nav2_behavior_tree/utils
[437.359s] -- Installing: /home/thomas24/hive_ws2/install/nav2_behavior_tree/include/nav2_behavior_tree/nav2_behavior_tree/utils/test_action_server.hpp
[437.360s] -- Installing: /home/thomas24/hive_ws2/install/nav2_behavior_tree/include/nav2_behavior_tree/nav2_behavior_tree/utils/loop_rate.hpp
[437.360s] -- Installing: /home/thomas24/hive_ws2/install/nav2_behavior_tree/include/nav2_behavior_tree/nav2_behavior_tree/bt_action_node.hpp
[437.360s] -- Installing: /home/thomas24/hive_ws2/install/nav2_behavior_tree/include/nav2_behavior_tree/nav2_behavior_tree/plugins
[437.360s] -- Installing: /home/thomas24/hive_ws2/install/nav2_behavior_tree/include/nav2_behavior_tree/nav2_behavior_tree/plugins/action
[437.360s] -- Installing: /home/thomas24/hive_ws2/install/nav2_behavior_tree/include/nav2_behavior_tree/nav2_behavior_tree/plugins/action/drive_on_heading_cancel_node.hpp
[437.360s] -- Installing: /home/thomas24/hive_ws2/install/nav2_behavior_tree/include/nav2_behavior_tree/nav2_behavior_tree/plugins/action/wait_cancel_node.hpp
[437.360s] -- Installing: /home/thomas24/hive_ws2/install/nav2_behavior_tree/include/nav2_behavior_tree/nav2_behavior_tree/plugins/action/compute_and_track_route_action.hpp
[437.360s] -- Installing: /home/thomas24/hive_ws2/install/nav2_behavior_tree/include/nav2_behavior_tree/nav2_behavior_tree/plugins/action/back_up_cancel_node.hpp
[437.360s] -- Installing: /home/thomas24/hive_ws2/install/nav2_behavior_tree/include/nav2_behavior_tree/nav2_behavior_tree/plugins/action/follow_path_action.hpp
[437.361s] -- Installing: /home/thomas24/hive_ws2/install/nav2_behavior_tree/include/nav2_behavior_tree/nav2_behavior_tree/plugins/action/reinitialize_global_localization_service.hpp
[437.361s] -- Installing: /home/thomas24/hive_ws2/install/nav2_behavior_tree/include/nav2_behavior_tree/nav2_behavior_tree/plugins/action/remove_passed_goals_action.hpp
[437.361s] -- Installing: /home/thomas24/hive_ws2/install/nav2_behavior_tree/include/nav2_behavior_tree/nav2_behavior_tree/plugins/action/get_pose_from_path_action.hpp
[437.361s] -- Installing: /home/thomas24/hive_ws2/install/nav2_behavior_tree/include/nav2_behavior_tree/nav2_behavior_tree/plugins/action/assisted_teleop_cancel_node.hpp
[437.361s] -- Installing: /home/thomas24/hive_ws2/install/nav2_behavior_tree/include/nav2_behavior_tree/nav2_behavior_tree/plugins/action/append_goal_pose_to_goals_action.hpp
[437.361s] -- Installing: /home/thomas24/hive_ws2/install/nav2_behavior_tree/include/nav2_behavior_tree/nav2_behavior_tree/plugins/action/spin_cancel_node.hpp
[437.361s] -- Installing: /home/thomas24/hive_ws2/install/nav2_behavior_tree/include/nav2_behavior_tree/nav2_behavior_tree/plugins/action/spin_action.hpp
[437.361s] -- Installing: /home/thomas24/hive_ws2/install/nav2_behavior_tree/include/nav2_behavior_tree/nav2_behavior_tree/plugins/action/goal_checker_selector_node.hpp
[437.362s] -- Installing: /home/thomas24/hive_ws2/install/nav2_behavior_tree/include/nav2_behavior_tree/nav2_behavior_tree/plugins/action/clear_costmap_service.hpp
[437.362s] -- Installing: /home/thomas24/hive_ws2/install/nav2_behavior_tree/include/nav2_behavior_tree/nav2_behavior_tree/plugins/action/assisted_teleop_action.hpp
[437.362s] -- Installing: /home/thomas24/hive_ws2/install/nav2_behavior_tree/include/nav2_behavior_tree/nav2_behavior_tree/plugins/action/concatenate_paths_action.hpp
[437.362s] -- Installing: /home/thomas24/hive_ws2/install/nav2_behavior_tree/include/nav2_behavior_tree/nav2_behavior_tree/plugins/action/compute_route_action.hpp
[437.362s] -- Installing: /home/thomas24/hive_ws2/install/nav2_behavior_tree/include/nav2_behavior_tree/nav2_behavior_tree/plugins/action/drive_on_heading_action.hpp
[437.362s] -- Installing: /home/thomas24/hive_ws2/install/nav2_behavior_tree/include/nav2_behavior_tree/nav2_behavior_tree/plugins/action/navigate_to_pose_action.hpp
[437.362s] -- Installing: /home/thomas24/hive_ws2/install/nav2_behavior_tree/include/nav2_behavior_tree/nav2_behavior_tree/plugins/action/controller_cancel_node.hpp
[437.362s] -- Installing: /home/thomas24/hive_ws2/install/nav2_behavior_tree/include/nav2_behavior_tree/nav2_behavior_tree/plugins/action/back_up_action.hpp
[437.362s] -- Installing: /home/thomas24/hive_ws2/install/nav2_behavior_tree/include/nav2_behavior_tree/nav2_behavior_tree/plugins/action/smoother_selector_node.hpp
[437.363s] -- Installing: /home/thomas24/hive_ws2/install/nav2_behavior_tree/include/nav2_behavior_tree/nav2_behavior_tree/plugins/action/toggle_collision_monitor_service.hpp
[437.363s] -- Installing: /home/thomas24/hive_ws2/install/nav2_behavior_tree/include/nav2_behavior_tree/nav2_behavior_tree/plugins/action/planner_selector_node.hpp
[437.363s] -- Installing: /home/thomas24/hive_ws2/install/nav2_behavior_tree/include/nav2_behavior_tree/nav2_behavior_tree/plugins/action/controller_selector_node.hpp
[437.363s] -- Installing: /home/thomas24/hive_ws2/install/nav2_behavior_tree/include/nav2_behavior_tree/nav2_behavior_tree/plugins/action/get_current_pose_action.hpp
[437.363s] -- Installing: /home/thomas24/hive_ws2/install/nav2_behavior_tree/include/nav2_behavior_tree/nav2_behavior_tree/plugins/action/navigate_through_poses_action.hpp
[437.363s] -- Installing: /home/thomas24/hive_ws2/install/nav2_behavior_tree/include/nav2_behavior_tree/nav2_behavior_tree/plugins/action/get_next_few_goals_action.hpp
[437.363s] -- Installing: /home/thomas24/hive_ws2/install/nav2_behavior_tree/include/nav2_behavior_tree/nav2_behavior_tree/plugins/action/compute_path_to_pose_action.hpp
[437.363s] -- Installing: /home/thomas24/hive_ws2/install/nav2_behavior_tree/include/nav2_behavior_tree/nav2_behavior_tree/plugins/action/compute_and_track_route_cancel_node.hpp
[437.364s] -- Installing: /home/thomas24/hive_ws2/install/nav2_behavior_tree/include/nav2_behavior_tree/nav2_behavior_tree/plugins/action/progress_checker_selector_node.hpp
[437.364s] -- Installing: /home/thomas24/hive_ws2/install/nav2_behavior_tree/include/nav2_behavior_tree/nav2_behavior_tree/plugins/action/truncate_path_local_action.hpp
[437.364s] -- Installing: /home/thomas24/hive_ws2/install/nav2_behavior_tree/include/nav2_behavior_tree/nav2_behavior_tree/plugins/action/remove_in_collision_goals_action.hpp
[437.364s] -- Installing: /home/thomas24/hive_ws2/install/nav2_behavior_tree/include/nav2_behavior_tree/nav2_behavior_tree/plugins/action/wait_action.hpp
[437.364s] -- Installing: /home/thomas24/hive_ws2/install/nav2_behavior_tree/include/nav2_behavior_tree/nav2_behavior_tree/plugins/action/compute_path_through_poses_action.hpp
[437.364s] -- Installing: /home/thomas24/hive_ws2/install/nav2_behavior_tree/include/nav2_behavior_tree/nav2_behavior_tree/plugins/action/smooth_path_action.hpp
[437.364s] -- Installing: /home/thomas24/hive_ws2/install/nav2_behavior_tree/include/nav2_behavior_tree/nav2_behavior_tree/plugins/action/truncate_path_action.hpp
[437.364s] -- Installing: /home/thomas24/hive_ws2/install/nav2_behavior_tree/include/nav2_behavior_tree/nav2_behavior_tree/plugins/action/extract_route_nodes_as_goals_action.hpp
[437.365s] -- Installing: /home/thomas24/hive_ws2/install/nav2_behavior_tree/include/nav2_behavior_tree/nav2_behavior_tree/plugins/decorator
[437.365s] -- Installing: /home/thomas24/hive_ws2/install/nav2_behavior_tree/include/nav2_behavior_tree/nav2_behavior_tree/plugins/decorator/goal_updated_controller.hpp
[437.365s] -- Installing: /home/thomas24/hive_ws2/install/nav2_behavior_tree/include/nav2_behavior_tree/nav2_behavior_tree/plugins/decorator/distance_controller.hpp
[437.365s] -- Installing: /home/thomas24/hive_ws2/install/nav2_behavior_tree/include/nav2_behavior_tree/nav2_behavior_tree/plugins/decorator/path_longer_on_approach.hpp
[437.365s] -- Installing: /home/thomas24/hive_ws2/install/nav2_behavior_tree/include/nav2_behavior_tree/nav2_behavior_tree/plugins/decorator/speed_controller.hpp
[437.365s] -- Installing: /home/thomas24/hive_ws2/install/nav2_behavior_tree/include/nav2_behavior_tree/nav2_behavior_tree/plugins/decorator/rate_controller.hpp
[437.365s] -- Installing: /home/thomas24/hive_ws2/install/nav2_behavior_tree/include/nav2_behavior_tree/nav2_behavior_tree/plugins/decorator/goal_updater_node.hpp
[437.365s] -- Installing: /home/thomas24/hive_ws2/install/nav2_behavior_tree/include/nav2_behavior_tree/nav2_behavior_tree/plugins/decorator/single_trigger_node.hpp
[437.365s] -- Installing: /home/thomas24/hive_ws2/install/nav2_behavior_tree/include/nav2_behavior_tree/nav2_behavior_tree/plugins/condition
[437.365s] -- Installing: /home/thomas24/hive_ws2/install/nav2_behavior_tree/include/nav2_behavior_tree/nav2_behavior_tree/plugins/condition/would_a_route_recovery_help_condition.hpp
[437.365s] -- Installing: /home/thomas24/hive_ws2/install/nav2_behavior_tree/include/nav2_behavior_tree/nav2_behavior_tree/plugins/condition/time_expired_condition.hpp
[437.366s] -- Installing: /home/thomas24/hive_ws2/install/nav2_behavior_tree/include/nav2_behavior_tree/nav2_behavior_tree/plugins/condition/is_battery_low_condition.hpp
[437.366s] -- Installing: /home/thomas24/hive_ws2/install/nav2_behavior_tree/include/nav2_behavior_tree/nav2_behavior_tree/plugins/condition/distance_traveled_condition.hpp
[437.366s] -- Installing: /home/thomas24/hive_ws2/install/nav2_behavior_tree/include/nav2_behavior_tree/nav2_behavior_tree/plugins/condition/would_a_controller_recovery_help_condition.hpp
[437.366s] -- Installing: /home/thomas24/hive_ws2/install/nav2_behavior_tree/include/nav2_behavior_tree/nav2_behavior_tree/plugins/condition/would_a_planner_recovery_help_condition.hpp
[437.366s] -- Installing: /home/thomas24/hive_ws2/install/nav2_behavior_tree/include/nav2_behavior_tree/nav2_behavior_tree/plugins/condition/path_expiring_timer_condition.hpp
[437.366s] -- Installing: /home/thomas24/hive_ws2/install/nav2_behavior_tree/include/nav2_behavior_tree/nav2_behavior_tree/plugins/condition/goal_reached_condition.hpp
[437.366s] -- Installing: /home/thomas24/hive_ws2/install/nav2_behavior_tree/include/nav2_behavior_tree/nav2_behavior_tree/plugins/condition/are_error_codes_present_condition.hpp
[437.366s] -- Installing: /home/thomas24/hive_ws2/install/nav2_behavior_tree/include/nav2_behavior_tree/nav2_behavior_tree/plugins/condition/transform_available_condition.hpp
[437.366s] -- Installing: /home/thomas24/hive_ws2/install/nav2_behavior_tree/include/nav2_behavior_tree/nav2_behavior_tree/plugins/condition/is_battery_charging_condition.hpp
[437.366s] -- Installing: /home/thomas24/hive_ws2/install/nav2_behavior_tree/include/nav2_behavior_tree/nav2_behavior_tree/plugins/condition/is_path_valid_condition.hpp
[437.367s] -- Installing: /home/thomas24/hive_ws2/install/nav2_behavior_tree/include/nav2_behavior_tree/nav2_behavior_tree/plugins/condition/are_poses_near_condition.hpp
[437.367s] -- Installing: /home/thomas24/hive_ws2/install/nav2_behavior_tree/include/nav2_behavior_tree/nav2_behavior_tree/plugins/condition/initial_pose_received_condition.hpp
[437.367s] -- Installing: /home/thomas24/hive_ws2/install/nav2_behavior_tree/include/nav2_behavior_tree/nav2_behavior_tree/plugins/condition/is_pose_occupied_condition.hpp
[437.367s] -- Installing: /home/thomas24/hive_ws2/install/nav2_behavior_tree/include/nav2_behavior_tree/nav2_behavior_tree/plugins/condition/is_stuck_condition.hpp
[437.367s] -- Installing: /home/thomas24/hive_ws2/install/nav2_behavior_tree/include/nav2_behavior_tree/nav2_behavior_tree/plugins/condition/would_a_smoother_recovery_help_condition.hpp
[437.367s] -- Installing: /home/thomas24/hive_ws2/install/nav2_behavior_tree/include/nav2_behavior_tree/nav2_behavior_tree/plugins/condition/globally_updated_goal_condition.hpp
[437.367s] -- Installing: /home/thomas24/hive_ws2/install/nav2_behavior_tree/include/nav2_behavior_tree/nav2_behavior_tree/plugins/condition/is_stopped_condition.hpp
[437.367s] -- Installing: /home/thomas24/hive_ws2/install/nav2_behavior_tree/include/nav2_behavior_tree/nav2_behavior_tree/plugins/condition/goal_updated_condition.hpp
[437.367s] -- Installing: /home/thomas24/hive_ws2/install/nav2_behavior_tree/include/nav2_behavior_tree/nav2_behavior_tree/plugins/control
[437.367s] -- Installing: /home/thomas24/hive_ws2/install/nav2_behavior_tree/include/nav2_behavior_tree/nav2_behavior_tree/plugins/control/pause_resume_controller.hpp
[437.367s] -- Installing: /home/thomas24/hive_ws2/install/nav2_behavior_tree/include/nav2_behavior_tree/nav2_behavior_tree/plugins/control/pipeline_sequence.hpp
[437.367s] -- Installing: /home/thomas24/hive_ws2/install/nav2_behavior_tree/include/nav2_behavior_tree/nav2_behavior_tree/plugins/control/nonblocking_sequence.hpp
[437.368s] -- Installing: /home/thomas24/hive_ws2/install/nav2_behavior_tree/include/nav2_behavior_tree/nav2_behavior_tree/plugins/control/recovery_node.hpp
[437.368s] -- Installing: /home/thomas24/hive_ws2/install/nav2_behavior_tree/include/nav2_behavior_tree/nav2_behavior_tree/plugins/control/round_robin_node.hpp
[437.368s] -- Installing: /home/thomas24/hive_ws2/install/nav2_behavior_tree/include/nav2_behavior_tree/nav2_behavior_tree/plugins/control/persistent_sequence.hpp
[437.368s] -- Installing: /home/thomas24/hive_ws2/install/nav2_behavior_tree/include/nav2_behavior_tree/nav2_behavior_tree/test/utils
[437.368s] -- Installing: /home/thomas24/hive_ws2/install/nav2_behavior_tree/include/nav2_behavior_tree/nav2_behavior_tree/test/utils/test_dummy_tree_node.hpp
[437.368s] -- Installing: /home/thomas24/hive_ws2/install/nav2_behavior_tree/include/nav2_behavior_tree/nav2_behavior_tree/test/utils/test_service.hpp
[437.368s] -- Installing: /home/thomas24/hive_ws2/install/nav2_behavior_tree/include/nav2_behavior_tree/nav2_behavior_tree/test/utils/test_transform_handler.hpp
[437.369s] -- Installing: /home/thomas24/hive_ws2/install/nav2_behavior_tree/include/nav2_behavior_tree/nav2_behavior_tree/test/utils/get_node_from_tree.hpp
[437.369s] -- Installing: /home/thomas24/hive_ws2/install/nav2_behavior_tree/include/nav2_behavior_tree/nav2_behavior_tree/test/utils/test_behavior_tree_fixture.hpp
[437.369s] -- Installing: /home/thomas24/hive_ws2/install/nav2_behavior_tree/share/nav2_behavior_tree/nav2_tree_nodes.xml
[437.369s] -- Installing: /home/thomas24/hive_ws2/install/nav2_behavior_tree/include/nav2_behavior_tree/nav2_behavior_tree/plugins_list.hpp
[437.369s] -- Installing: /home/thomas24/hive_ws2/install/nav2_behavior_tree/share/nav2_behavior_tree/environment/library_path.sh
[437.369s] -- Installing: /home/thomas24/hive_ws2/install/nav2_behavior_tree/share/nav2_behavior_tree/environment/library_path.dsv
[437.369s] -- Installing: /home/thomas24/hive_ws2/install/nav2_behavior_tree/share/ament_index/resource_index/package_run_dependencies/nav2_behavior_tree
[437.370s] -- Installing: /home/thomas24/hive_ws2/install/nav2_behavior_tree/share/ament_index/resource_index/parent_prefix_path/nav2_behavior_tree
[437.370s] -- Installing: /home/thomas24/hive_ws2/install/nav2_behavior_tree/share/nav2_behavior_tree/environment/ament_prefix_path.sh
[437.370s] -- Installing: /home/thomas24/hive_ws2/install/nav2_behavior_tree/share/nav2_behavior_tree/environment/ament_prefix_path.dsv
[437.370s] -- Installing: /home/thomas24/hive_ws2/install/nav2_behavior_tree/share/nav2_behavior_tree/environment/path.sh
[437.370s] -- Installing: /home/thomas24/hive_ws2/install/nav2_behavior_tree/share/nav2_behavior_tree/environment/path.dsv
[437.370s] -- Installing: /home/thomas24/hive_ws2/install/nav2_behavior_tree/share/nav2_behavior_tree/local_setup.bash
[437.370s] -- Installing: /home/thomas24/hive_ws2/install/nav2_behavior_tree/share/nav2_behavior_tree/local_setup.sh
[437.370s] -- Installing: /home/thomas24/hive_ws2/install/nav2_behavior_tree/share/nav2_behavior_tree/local_setup.zsh
[437.370s] -- Installing: /home/thomas24/hive_ws2/install/nav2_behavior_tree/share/nav2_behavior_tree/local_setup.dsv
[437.371s] -- Installing: /home/thomas24/hive_ws2/install/nav2_behavior_tree/share/nav2_behavior_tree/package.dsv
[437.371s] -- Installing: /home/thomas24/hive_ws2/install/nav2_behavior_tree/share/ament_index/resource_index/packages/nav2_behavior_tree
[437.371s] -- Installing: /home/thomas24/hive_ws2/install/nav2_behavior_tree/share/nav2_behavior_tree/cmake/nav2_behavior_treeExport.cmake
[437.371s] -- Installing: /home/thomas24/hive_ws2/install/nav2_behavior_tree/share/nav2_behavior_tree/cmake/nav2_behavior_treeExport-release.cmake
[437.371s] -- Installing: /home/thomas24/hive_ws2/install/nav2_behavior_tree/share/nav2_behavior_tree/cmake/ament_cmake_export_include_directories-extras.cmake
[437.371s] -- Installing: /home/thomas24/hive_ws2/install/nav2_behavior_tree/share/nav2_behavior_tree/cmake/ament_cmake_export_libraries-extras.cmake
[437.372s] -- Installing: /home/thomas24/hive_ws2/install/nav2_behavior_tree/share/nav2_behavior_tree/cmake/ament_cmake_export_dependencies-extras.cmake
[437.372s] -- Installing: /home/thomas24/hive_ws2/install/nav2_behavior_tree/share/nav2_behavior_tree/cmake/ament_cmake_export_targets-extras.cmake
[437.372s] -- Installing: /home/thomas24/hive_ws2/install/nav2_behavior_tree/share/nav2_behavior_tree/cmake/nav2_behavior_treeConfig.cmake
[437.372s] -- Installing: /home/thomas24/hive_ws2/install/nav2_behavior_tree/share/nav2_behavior_tree/cmake/nav2_behavior_treeConfig-version.cmake
[437.372s] -- Installing: /home/thomas24/hive_ws2/install/nav2_behavior_tree/share/nav2_behavior_tree/package.xml
[437.376s] Invoked command in '/home/thomas24/hive_ws2/build/nav2_behavior_tree' returned '0': AMENT_PREFIX_PATH=/home/thomas24/hive_ws2/install/nav2_util:/home/thomas24/hive_ws2/install/nav2_ros_common:/home/thomas24/hive_ws2/install/nav2_msgs:/home/thomas24/hive_ws2/install/nav2_common:${AMENT_PREFIX_PATH} CMAKE_PREFIX_PATH=/home/thomas24/hive_ws2/install/nav2_util:/home/thomas24/hive_ws2/install/nav2_ros_common:/home/thomas24/hive_ws2/install/nav2_msgs:/home/thomas24/hive_ws2/install/nav2_common:/opt/ros/jazzy/opt/gz_sim_vendor:/opt/ros/jazzy/opt/gz_sensors_vendor:/opt/ros/jazzy/opt/gz_physics_vendor:/opt/ros/jazzy/opt/sdformat_vendor:/opt/ros/jazzy/opt/gz_gui_vendor:/opt/ros/jazzy/opt/gz_transport_vendor:/opt/ros/jazzy/opt/gz_rendering_vendor:/opt/ros/jazzy/opt/gz_plugin_vendor:/opt/ros/jazzy/opt/gz_fuel_tools_vendor:/opt/ros/jazzy/opt/gz_msgs_vendor:/opt/ros/jazzy/opt/gz_common_vendor:/opt/ros/jazzy/opt/gz_math_vendor:/opt/ros/jazzy/opt/gz_utils_vendor:/opt/ros/jazzy/opt/gz_tools_vendor:/opt/ros/jazzy/opt/gz_ogre_next_vendor:/opt/ros/jazzy/opt/gz_dartsim_vendor:/opt/ros/jazzy/opt/gz_cmake_vendor:/opt/ros/jazzy DEBUGINFOD_URLS=https://debuginfod.ubuntu.com LD_LIBRARY_PATH=/home/thomas24/hive_ws2/install/nav2_util/lib:/home/thomas24/hive_ws2/install/nav2_msgs/lib:${LD_LIBRARY_PATH} PYTHONPATH=/home/thomas24/hive_ws2/install/nav2_msgs/lib/python3.12/site-packages:/home/thomas24/hive_ws2/install/nav2_common/lib/python3.12/site-packages:${PYTHONPATH} /usr/bin/cmake --install /home/thomas24/hive_ws2/build/nav2_behavior_tree
