-- Found ament_cmake: 2.5.4 (/opt/ros/jazzy/share/ament_cmake/cmake)
-- Override CMake install command with custom implementation using symlinks instead of copying resources
-- Found rclcpp: 28.1.11 (/opt/ros/jazzy/share/rclcpp/cmake)
-- Found rosidl_generator_c: 4.6.6 (/opt/ros/jazzy/share/rosidl_generator_c/cmake)
-- Found rosidl_generator_cpp: 4.6.6 (/opt/ros/jazzy/share/rosidl_generator_cpp/cmake)
-- Using all available rosidl_typesupport_c: rosidl_typesupport_fastrtps_c;rosidl_typesupport_introspection_c
-- Using all available rosidl_typesupport_cpp: rosidl_typesupport_fastrtps_cpp;rosidl_typesupport_introspection_cpp
-- Found rmw_implementation_cmake: 7.3.2 (/opt/ros/jazzy/share/rmw_implementation_cmake/cmake)
-- Found rmw_fastrtps_cpp: 8.4.3 (/opt/ros/jazzy/share/rmw_fastrtps_cpp/cmake)
-- Using RMW implementation 'rmw_fastrtps_cpp' as default
-- Found nav_msgs: 5.3.6 (/opt/ros/jazzy/share/nav_msgs/cmake)
-- Found sensor_msgs: 5.3.6 (/opt/ros/jazzy/share/sensor_msgs/cmake)
-- Found tf2: 0.36.14 (/opt/ros/jazzy/share/tf2/cmake)
-- Found tf2_ros: 0.36.14 (/opt/ros/jazzy/share/tf2_ros/cmake)
-- Found tf2_geometry_msgs: 0.36.14 (/opt/ros/jazzy/share/tf2_geometry_msgs/cmake)
-- Found eigen3_cmake_module: 0.3.0 (/opt/ros/jazzy/share/eigen3_cmake_module/cmake)
-- Ensuring Eigen3 include directory is part of orocos-kdl CMake target
-- Found nav2_costmap_2d: 1.4.0 (/home/thomas24/hive_ws2/install/nav2_costmap_2d/share/nav2_costmap_2d/cmake)
-- Found grid_map_core: 2.2.1 (/opt/ros/jazzy/share/grid_map_core/cmake)
-- Found grid_map_ros: 2.2.1 (/opt/ros/jazzy/share/grid_map_ros/cmake)
-- Setting yaml-cpp_DIR to: '/opt/ros/jazzy/share/yaml_cpp_vendor/cmake/../../../opt/yaml_cpp_vendor/share/cmake/yaml-cpp'
-- Configuring done (1.3s)
-- Generating done (0.0s)
-- Build files have been written to: /home/thomas24/hive_ws2/build/hive_costmap
[ 50%] Built target gridmap_fusion_plugin
[100%] Built target simple_costmap_node
-- Install configuration: ""
-- Execute custom install script
-- Up-to-date symlink: /home/thomas24/hive_ws2/install/hive_costmap/lib/hive_costmap/simple_costmap_node
-- Up-to-date symlink: /home/thomas24/hive_ws2/install/hive_costmap/share/hive_costmap/resource/hive_costmap_plugins.xml
-- Up-to-date symlink: /home/thomas24/hive_ws2/install/hive_costmap/lib/libgridmap_fusion_plugin.so
-- Up-to-date symlink: /home/thomas24/hive_ws2/install/hive_costmap/share/hive_costmap/hive_costmap_plugins.xml
-- Up-to-date symlink: /home/thomas24/hive_ws2/install/hive_costmap/share/hive_costmap/launch/simple_costmap.launch.py
-- Up-to-date symlink: /home/thomas24/hive_ws2/install/hive_costmap/share/ament_index/resource_index/package_run_dependencies/hive_costmap
-- Up-to-date symlink: /home/thomas24/hive_ws2/install/hive_costmap/share/ament_index/resource_index/parent_prefix_path/hive_costmap
-- Up-to-date symlink: /home/thomas24/hive_ws2/install/hive_costmap/share/hive_costmap/environment/ament_prefix_path.sh
-- Up-to-date symlink: /home/thomas24/hive_ws2/install/hive_costmap/share/hive_costmap/environment/ament_prefix_path.dsv
-- Up-to-date symlink: /home/thomas24/hive_ws2/install/hive_costmap/share/hive_costmap/environment/path.sh
-- Up-to-date symlink: /home/thomas24/hive_ws2/install/hive_costmap/share/hive_costmap/environment/path.dsv
-- Up-to-date symlink: /home/thomas24/hive_ws2/install/hive_costmap/share/hive_costmap/local_setup.bash
-- Up-to-date symlink: /home/thomas24/hive_ws2/install/hive_costmap/share/hive_costmap/local_setup.sh
-- Up-to-date symlink: /home/thomas24/hive_ws2/install/hive_costmap/share/hive_costmap/local_setup.zsh
-- Up-to-date symlink: /home/thomas24/hive_ws2/install/hive_costmap/share/hive_costmap/local_setup.dsv
-- Symlinking: /home/thomas24/hive_ws2/install/hive_costmap/share/hive_costmap/package.dsv
-- Up-to-date symlink: /home/thomas24/hive_ws2/install/hive_costmap/share/ament_index/resource_index/packages/hive_costmap
-- Up-to-date symlink: /home/thomas24/hive_ws2/install/hive_costmap/share/ament_index/resource_index/nav2_costmap_2d__pluginlib__plugin/hive_costmap
-- Up-to-date symlink: /home/thomas24/hive_ws2/install/hive_costmap/share/hive_costmap/cmake/hive_costmapConfig.cmake
-- Up-to-date symlink: /home/thomas24/hive_ws2/install/hive_costmap/share/hive_costmap/cmake/hive_costmapConfig-version.cmake
-- Up-to-date symlink: /home/thomas24/hive_ws2/install/hive_costmap/share/hive_costmap/package.xml
