[0.029s] Invoking command in '/home/thomas24/hive_ws2/build/nav2_behavior_tree': CMAKE_PREFIX_PATH=/home/thomas24/hive_ws2/install/nav2_util:/home/thomas24/hive_ws2/install/nav2_ros_common:/home/thomas24/hive_ws2/install/nav2_msgs:/home/thomas24/hive_ws2/install/nav2_common:/home/thomas24/hive_ws2/install/nav2_bringup:/home/thomas24/hive_ws2/install/navigation2:/home/thomas24/hive_ws2/install/opennav_docking:/home/thomas24/hive_ws2/install/opennav_docking_core:/home/thomas24/hive_ws2/install/opennav_docking_bt:/home/thomas24/hive_ws2/install/nav2_dwb_controller:/home/thomas24/hive_ws2/install/dwb_plugins:/home/thomas24/hive_ws2/install/dwb_critics:/home/thomas24/hive_ws2/install/dwb_core:/home/thomas24/hive_ws2/install/nav_2d_utils:/home/thomas24/hive_ws2/install/dwb_msgs:/home/thomas24/hive_ws2/install/nav_2d_msgs:/home/thomas24/hive_ws2/install/nav2_waypoint_follower:/home/thomas24/hive_ws2/install/nav2_theta_star_planner:/home/thomas24/hive_ws2/install/nav2_smoother:/home/thomas24/hive_ws2/install/nav2_smac_planner:/home/thomas24/hive_ws2/install/nav2_rviz_plugins:/home/thomas24/hive_ws2/install/nav2_route:/home/thomas24/hive_ws2/install/nav2_rotation_shim_controller:/home/thomas24/hive_ws2/install/nav2_regulated_pure_pursuit_controller:/home/thomas24/hive_ws2/install/nav2_planner:/home/thomas24/hive_ws2/install/nav2_navfn_planner:/home/thomas24/hive_ws2/install/nav2_mppi_controller:/home/thomas24/hive_ws2/install/nav2_graceful_controller:/home/thomas24/hive_ws2/install/nav2_controller:/home/thomas24/hive_ws2/install/nav2_constrained_smoother:/home/thomas24/hive_ws2/install/nav2_bt_navigator:/home/thomas24/hive_ws2/install/nav2_behaviors:/home/thomas24/hive_ws2/install/nav2_core:/home/thomas24/hive_ws2/install/nav2_collision_monitor:/home/thomas24/hive_ws2/install/hive_costmap:/home/thomas24/hive_ws2/install/costmap_queue:/home/thomas24/hive_ws2/install/nav2_costmap_2d:/home/thomas24/hive_ws2/install/nav2_voxel_grid:/home/thomas24/hive_ws2/install/nav2_velocity_smoother:/home/thomas24/hive_ws2/install/nav2_map_server:/home/thomas24/hive_ws2/install/nav2_lifecycle_manager:/home/thomas24/hive_ws2/install/nav2_behavior_tree:/home/thomas24/hive_ws2/install/nav2_amcl:/home/thomas24/hive_ws2/install/nav2_system_tests:/home/thomas24/hive_ws2/install/hive_route_planner:/home/thomas24/hive_ws2/install/dev_route_provider:/home/thomas24/hive_ws2/install/hive_interface2:/home/thomas24/hiveverse_ws/install/hive_simulation:/home/thomas24/hiveverse_ws/install/hive_robot_description:/opt/ros/jazzy/opt/gz_sim_vendor:/opt/ros/jazzy/opt/gz_sensors_vendor:/opt/ros/jazzy/opt/gz_physics_vendor:/opt/ros/jazzy/opt/sdformat_vendor:/opt/ros/jazzy/opt/gz_gui_vendor:/opt/ros/jazzy/opt/gz_transport_vendor:/opt/ros/jazzy/opt/gz_rendering_vendor:/opt/ros/jazzy/opt/gz_plugin_vendor:/opt/ros/jazzy/opt/gz_fuel_tools_vendor:/opt/ros/jazzy/opt/gz_msgs_vendor:/opt/ros/jazzy/opt/gz_common_vendor:/opt/ros/jazzy/opt/gz_math_vendor:/opt/ros/jazzy/opt/gz_utils_vendor:/opt/ros/jazzy/opt/gz_tools_vendor:/opt/ros/jazzy/opt/gz_ogre_next_vendor:/opt/ros/jazzy/opt/gz_dartsim_vendor:/opt/ros/jazzy/opt/gz_cmake_vendor:/home/thomas24/hive_ws2/install/vanilla_brain_nav2:/home/thomas24/hive_ws2/install/nav2_loopback_sim:/home/thomas24/hive_ws2/install/nav2_simple_commander:/home/thomas24/hiveverse_ws/install/hive_tools:/home/thomas24/hiveverse_ws/install/hive_bringup:/opt/ros/jazzy DEBUGINFOD_URLS=https://debuginfod.ubuntu.com LD_LIBRARY_PATH=/home/thomas24/hive_ws2/install/nav2_util/lib:/home/thomas24/hive_ws2/install/nav2_msgs/lib:/home/thomas24/hive_ws2/install/opennav_docking/lib:/home/thomas24/hive_ws2/install/opennav_docking_bt/lib:/home/thomas24/hive_ws2/install/dwb_plugins/lib:/home/thomas24/hive_ws2/install/dwb_critics/lib:/home/thomas24/hive_ws2/install/dwb_core/lib:/home/thomas24/hive_ws2/install/nav_2d_utils/lib:/home/thomas24/hive_ws2/install/dwb_msgs/lib:/home/thomas24/hive_ws2/install/nav_2d_msgs/lib:/home/thomas24/hive_ws2/install/nav2_waypoint_follower/lib:/home/thomas24/hive_ws2/install/nav2_theta_star_planner/lib:/home/thomas24/hive_ws2/install/nav2_smoother/lib:/home/thomas24/hive_ws2/install/nav2_smac_planner/lib:/home/thomas24/hive_ws2/install/nav2_rviz_plugins/lib:/home/thomas24/hive_ws2/install/nav2_route/lib:/home/thomas24/hive_ws2/install/nav2_rotation_shim_controller/lib:/home/thomas24/hive_ws2/install/nav2_regulated_pure_pursuit_controller/lib:/home/thomas24/hive_ws2/install/nav2_planner/lib:/home/thomas24/hive_ws2/install/nav2_navfn_planner/lib:/home/thomas24/hive_ws2/install/nav2_mppi_controller/lib:/home/thomas24/hive_ws2/install/nav2_graceful_controller/lib:/home/thomas24/hive_ws2/install/nav2_controller/lib:/home/thomas24/hive_ws2/install/nav2_constrained_smoother/lib:/home/thomas24/hive_ws2/install/nav2_bt_navigator/lib:/home/thomas24/hive_ws2/install/nav2_behaviors/lib:/home/thomas24/hive_ws2/install/nav2_collision_monitor/lib:/home/thomas24/hive_ws2/install/hive_costmap/lib:/home/thomas24/hive_ws2/install/costmap_queue/lib:/home/thomas24/hive_ws2/install/nav2_costmap_2d/lib:/home/thomas24/hive_ws2/install/nav2_voxel_grid/lib:/home/thomas24/hive_ws2/install/nav2_velocity_smoother/lib:/home/thomas24/hive_ws2/install/nav2_map_server/lib:/home/thomas24/hive_ws2/install/nav2_lifecycle_manager/lib:/home/thomas24/hive_ws2/install/nav2_behavior_tree/lib:/home/thomas24/hive_ws2/install/nav2_amcl/lib:/home/thomas24/hive_ws2/install/nav2_system_tests/lib:/home/thomas24/hive_ws2/install/hive_interface2/lib:/opt/ros/jazzy/opt/gz_sim_vendor/lib:/opt/ros/jazzy/opt/gz_sensors_vendor/lib:/opt/ros/jazzy/opt/gz_physics_vendor/lib:/opt/ros/jazzy/opt/sdformat_vendor/lib:/opt/ros/jazzy/opt/rviz_ogre_vendor/lib:/opt/ros/jazzy/lib/x86_64-linux-gnu:/opt/ros/jazzy/opt/gz_gui_vendor/lib:/opt/ros/jazzy/opt/gz_transport_vendor/lib:/opt/ros/jazzy/opt/gz_rendering_vendor/lib:/opt/ros/jazzy/opt/gz_plugin_vendor/lib:/opt/ros/jazzy/opt/gz_fuel_tools_vendor/lib:/opt/ros/jazzy/opt/gz_msgs_vendor/lib:/opt/ros/jazzy/opt/gz_common_vendor/lib:/opt/ros/jazzy/opt/gz_math_vendor/lib:/opt/ros/jazzy/opt/gz_utils_vendor/lib:/opt/ros/jazzy/opt/gz_tools_vendor/lib:/opt/ros/jazzy/opt/gz_ogre_next_vendor/lib:/opt/ros/jazzy/opt/gz_dartsim_vendor/lib:/opt/ros/jazzy/opt/gz_cmake_vendor/lib:/opt/ros/jazzy/lib PYTHONPATH=/home/thomas24/hive_ws2/install/nav2_msgs/lib/python3.12/site-packages:/home/thomas24/hive_ws2/install/nav2_common/lib/python3.12/site-packages:/home/thomas24/hive_ws2/install/vanilla_brain_nav2/lib/python3.12/site-packages:/home/thomas24/hive_ws2/install/dwb_msgs/lib/python3.12/site-packages:/home/thomas24/hive_ws2/install/nav_2d_msgs/lib/python3.12/site-packages:/home/thomas24/hive_ws2/install/nav2_loopback_sim/lib/python3.12/site-packages:/home/thomas24/hive_ws2/install/nav2_simple_commander/lib/python3.12/site-packages:/home/thomas24/hive_ws2/install/hive_interface2/lib/python3.12/site-packages:/home/thomas24/hiveverse_ws/install/hive_tools/lib/python3.12/site-packages:/home/thomas24/hiveverse_ws/install/hive_bringup/lib/python3.12/site-packages:/opt/ros/jazzy/lib/python3.12/site-packages /usr/bin/cmake --build /home/thomas24/hive_ws2/build/nav2_behavior_tree -- -j16 -l16
[0.143s] [  1%] Built target nav2_compute_path_through_poses_action_bt_node
[0.146s] [  1%] Built target nav2_compute_path_to_pose_action_bt_node
[0.149s] [  2%] Built target nav2_behavior_tree
[0.152s] [  3%] Built target nav2_smooth_path_action_bt_node
[0.153s] [  3%] Built target nav2_controller_cancel_bt_node
[0.157s] [  4%] Built target nav2_wait_cancel_bt_node
[0.164s] [  4%] Built target nav2_back_up_cancel_bt_node
[0.165s] [  5%] Built target nav2_follow_path_action_bt_node
[0.165s] [  6%] Built target nav2_drive_on_heading_bt_node
[0.166s] [  7%] Built target nav2_drive_on_heading_cancel_bt_node
[0.167s] [  8%] Built target nav2_back_up_action_bt_node
[0.168s] [  8%] Built target nav2_spin_cancel_bt_node
[0.179s] [  8%] Built target nav2_wait_action_bt_node
[0.182s] [  8%] Built target nav2_assisted_teleop_action_bt_node
[0.183s] [  9%] Built target nav2_assisted_teleop_cancel_bt_node
[0.186s] [ 10%] Built target nav2_spin_action_bt_node
[0.219s] [ 11%] Built target nav2_clear_costmap_service_bt_node
[0.223s] [ 11%] Built target nav2_transform_available_condition_bt_node
[0.234s] [ 12%] Built target nav2_is_stopped_condition_bt_node
[0.234s] [ 13%] Built target nav2_is_stuck_condition_bt_node
[0.240s] [ 14%] Built target nav2_goal_updated_condition_bt_node
[0.240s] [ 15%] Built target nav2_are_poses_near_condition_bt_node
[0.245s] [ 15%] Built target nav2_is_pose_occupied_condition_bt_node
[0.245s] [ 16%] Built target nav2_goal_reached_condition_bt_node
[0.245s] [ 17%] Built target nav2_time_expired_condition_bt_node
[0.245s] [ 18%] Built target nav2_is_path_valid_condition_bt_node
[0.246s] [ 19%] Built target nav2_globally_updated_goal_condition_bt_node
[0.249s] [ 19%] Built target nav2_path_expiring_timer_condition_bt_node
[0.251s] [ 19%] Built target nav2_distance_traveled_condition_bt_node
[0.252s] [ 20%] Built target nav2_initial_pose_received_condition_bt_node
[0.254s] [ 20%] Built target nav2_is_battery_charging_condition_bt_node
[0.261s] [ 21%] Built target nav2_is_battery_low_condition_bt_node
[0.309s] [ 22%] Built target nav2_distance_controller_bt_node
[0.310s] [ 23%] Built target nav2_are_error_codes_active_condition_bt_node
[0.318s] [ 23%] Built target nav2_would_a_planner_recovery_help_condition_bt_node
[0.318s] [ 24%] Built target nav2_would_a_route_recovery_help_condition_bt_node
[0.320s] [ 25%] Built target nav2_recovery_node_bt_node
[0.321s] [ 26%] Built target nav2_would_a_smoother_recovery_help_condition_bt_node
[0.326s] [ 26%] Built target nav2_reinitialize_global_localization_service_bt_node
[0.327s] [ 27%] Built target nav2_would_a_controller_recovery_help_condition_bt_node
[0.331s] [ 28%] Built target nav2_rate_controller_bt_node
[0.331s] [ 29%] Built target nav2_goal_updater_node_bt_node
[0.331s] [ 30%] Built target nav2_speed_controller_bt_node
[0.331s] [ 31%] Built target nav2_truncate_path_action_bt_node
[0.332s] [ 32%] Built target nav2_navigate_to_pose_action_bt_node
[0.333s] [ 33%] Built target nav2_concatenate_paths_action_bt_node
[0.337s] [ 34%] Built target nav2_truncate_path_local_action_bt_node
[0.338s] [ 35%] Built target nav2_path_longer_on_approach_bt_node
[0.367s] [ 35%] Built target nav2_navigate_through_poses_action_bt_node
[0.371s] [ 36%] Built target nav2_nonblocking_sequence_bt_node
[0.377s] [ 37%] Built target nav2_remove_in_collision_goals_action_bt_node
[0.379s] [ 37%] Built target nav2_persistent_sequence_bt_node
[0.380s] [ 38%] Built target nav2_remove_passed_goals_action_bt_node
[0.380s] [ 39%] Built target nav2_single_trigger_bt_node
[0.383s] [ 39%] Built target nav2_get_next_few_goals_action_bt_node
[0.383s] [ 40%] Built target nav2_pipeline_sequence_bt_node
[0.383s] [ 41%] Built target nav2_append_goal_pose_to_goals_action_bt_node
[0.383s] [ 41%] Built target nav2_get_pose_from_path_action_bt_node
[0.384s] [ 41%] Built target nav2_extract_route_nodes_as_goals_action_bt_node
[0.388s] [ 41%] Built target nav2_round_robin_node_bt_node
[0.388s] [ 42%] Built target nav2_get_current_pose_action_bt_node
[0.388s] [ 43%] Built target nav2_controller_selector_bt_node
[0.389s] [ 44%] Built target nav2_planner_selector_bt_node
[0.391s] [ 45%] Built target nav2_pause_resume_controller_bt_node
[0.422s] [ 46%] Built target gtest_main
[0.422s] [ 46%] Built target generate_nav2_tree_nodes_xml
[0.422s] [ 46%] Built target nav2_smoother_selector_bt_node
[0.423s] [ 46%] Built target nav2_goal_checker_selector_bt_node
[0.423s] [ 46%] Built target nav2_goal_updated_controller_bt_node
[0.423s] [ 46%] Built target nav2_progress_checker_selector_bt_node
[0.424s] [ 46%] Built target nav2_compute_and_track_route_bt_node
[0.425s] [ 47%] Built target gtest
[0.425s] [ 48%] Built target nav2_compute_and_track_route_cancel_bt_node
[0.425s] [ 49%] Built target nav2_compute_route_bt_node
[0.427s] [ 50%] Built target nav2_toggle_collision_monitor_service_bt_node
[0.468s] [ 52%] Built target test_condition_is_stuck
[0.468s] [ 52%] Built target test_json_utils
[0.470s] [ 52%] Built target test_bt_utils
[0.470s] [ 53%] Built target test_condition_path_expiring_timer
[0.470s] [ 54%] Built target test_condition_goal_reached
[0.470s] [ 54%] Built target test_condition_time_expired
[0.471s] [ 54%] Built target test_condition_goal_updated
[0.473s] [ 54%] Built target test_condition_distance_traveled
[0.479s] [ 56%] Built target test_condition_globally_updated_goal
[0.479s] [ 56%] Built target test_condition_transform_available
[0.479s] [ 57%] Built target test_condition_initial_pose_received
[0.480s] [ 57%] Built target test_condition_is_stopped
[0.480s] [ 57%] Built target test_condition_is_battery_low
[0.480s] [ 58%] Built target test_condition_are_poses_near
[0.481s] [ 59%] Built target test_condition_is_battery_charging
[0.481s] [ 60%] Built target test_condition_is_path_valid
[0.515s] [ 61%] Built target test_would_a_smoother_recovery_help
[0.516s] [ 62%] Built target test_would_a_planner_recovery_help
[0.526s] [ 63%] Built target test_condition_is_pose_occupied
[0.528s] [ 63%] Built target test_would_a_controller_recovery_help
[0.530s] [ 64%] Built target test_single_trigger_node
[0.530s] [ 64%] Built target test_goal_updater_node
[0.531s] [ 65%] Built target test_decorator_speed_controller
[0.531s] [ 66%] Built target test_decorator_distance_controller
[0.531s] [ 67%] Built target test_decorator_rate_controller
[0.535s] [ 69%] Built target test_control_recovery_node
[0.535s] [ 69%] Built target test_are_error_codes_present
[0.539s] [ 70%] Built target test_goal_updated_controller
[0.541s] [ 71%] Built target test_would_a_route_recovery_help
[0.542s] [ 72%] Built target test_control_pipeline_sequence
[0.546s] [ 72%] Built target test_control_round_robin_node
[0.553s] [ 72%] Built target test_decorator_path_longer_on_approach
[0.568s] [ 72%] Built target test_control_pause_resume_controller
[0.572s] [ 73%] Built target test_control_nonblocking_sequence
[0.578s] [ 74%] Built target test_action_spin_action
[0.578s] [ 75%] Built target test_persistent_sequence
[0.591s] [ 76%] Built target test_action_drive_on_heading
[0.591s] [ 77%] Built target test_action_wait_action
[0.591s] [ 78%] Built target test_bt_action_node
[0.591s] [ 79%] Built target test_action_back_up_action
[0.593s] [ 80%] Built target test_action_assisted_teleop_action
[0.602s] [ 81%] Built target test_action_wait_cancel_action
[0.602s] [ 82%] Built target test_action_back_up_cancel_action
[0.606s] [ 82%] Built target test_action_controller_cancel_action
[0.607s] [ 82%] Built target test_action_spin_cancel_action
[0.613s] [ 83%] Built target test_action_compute_and_track_route_cancel_action
[0.615s] [ 83%] Built target test_action_assisted_teleop_cancel_action
[0.620s] [ 84%] Built target test_action_drive_on_heading_cancel_action
[0.659s] [ 85%] Built target test_action_compute_route_action
[0.667s] [ 85%] Built target test_action_reinitialize_global_localization_service
[0.667s] [ 85%] Built target test_action_clear_costmap_service
[0.684s] [ 85%] Built target test_action_compute_path_through_poses_action
[0.689s] [ 86%] Built target test_action_navigate_to_pose_action
[0.690s] [ 86%] Built target test_action_follow_path_action
[0.693s] [ 87%] Built target test_action_compute_path_to_pose_action
[0.693s] [ 88%] Built target test_action_navigate_through_poses_action
[0.696s] [ 89%] Built target test_truncate_path_action
[0.699s] [ 90%] Built target test_action_smooth_path_action
[0.700s] [ 91%] Built target test_truncate_path_local_action
[0.702s] [ 92%] Built target test_action_compute_and_track_route_action
[0.706s] [ 93%] Built target test_concatenate_paths_action
[0.710s] [ 94%] Built target test_get_current_pose_action
[0.713s] [ 95%] Built target test_get_next_few_goals_action
[0.727s] [ 95%] Built target test_remove_passed_goals_action
[0.744s] [ 96%] Built target test_remove_in_collision_goals_action
[0.745s] [ 96%] Built target test_extract_route_nodes_as_goals_action
[0.749s] [ 96%] Built target test_append_goal_pose_to_goals_action
[0.750s] [ 97%] Built target test_smoother_selector_node
[0.751s] [ 98%] Built target test_controller_selector_node
[0.752s] [ 99%] Built target test_goal_checker_selector_node
[0.754s] [ 99%] Built target test_toggle_collision_monitor_service
[0.755s] [ 99%] Built target test_get_pose_from_path_action
[0.756s] [ 99%] Built target test_planner_selector_node
[0.767s] [100%] Built target test_progress_checker_selector_node
[0.780s] Invoked command in '/home/thomas24/hive_ws2/build/nav2_behavior_tree' returned '0': CMAKE_PREFIX_PATH=/home/thomas24/hive_ws2/install/nav2_util:/home/thomas24/hive_ws2/install/nav2_ros_common:/home/thomas24/hive_ws2/install/nav2_msgs:/home/thomas24/hive_ws2/install/nav2_common:/home/thomas24/hive_ws2/install/nav2_bringup:/home/thomas24/hive_ws2/install/navigation2:/home/thomas24/hive_ws2/install/opennav_docking:/home/thomas24/hive_ws2/install/opennav_docking_core:/home/thomas24/hive_ws2/install/opennav_docking_bt:/home/thomas24/hive_ws2/install/nav2_dwb_controller:/home/thomas24/hive_ws2/install/dwb_plugins:/home/thomas24/hive_ws2/install/dwb_critics:/home/thomas24/hive_ws2/install/dwb_core:/home/thomas24/hive_ws2/install/nav_2d_utils:/home/thomas24/hive_ws2/install/dwb_msgs:/home/thomas24/hive_ws2/install/nav_2d_msgs:/home/thomas24/hive_ws2/install/nav2_waypoint_follower:/home/thomas24/hive_ws2/install/nav2_theta_star_planner:/home/thomas24/hive_ws2/install/nav2_smoother:/home/thomas24/hive_ws2/install/nav2_smac_planner:/home/thomas24/hive_ws2/install/nav2_rviz_plugins:/home/thomas24/hive_ws2/install/nav2_route:/home/thomas24/hive_ws2/install/nav2_rotation_shim_controller:/home/thomas24/hive_ws2/install/nav2_regulated_pure_pursuit_controller:/home/thomas24/hive_ws2/install/nav2_planner:/home/thomas24/hive_ws2/install/nav2_navfn_planner:/home/thomas24/hive_ws2/install/nav2_mppi_controller:/home/thomas24/hive_ws2/install/nav2_graceful_controller:/home/thomas24/hive_ws2/install/nav2_controller:/home/thomas24/hive_ws2/install/nav2_constrained_smoother:/home/thomas24/hive_ws2/install/nav2_bt_navigator:/home/thomas24/hive_ws2/install/nav2_behaviors:/home/thomas24/hive_ws2/install/nav2_core:/home/thomas24/hive_ws2/install/nav2_collision_monitor:/home/thomas24/hive_ws2/install/hive_costmap:/home/thomas24/hive_ws2/install/costmap_queue:/home/thomas24/hive_ws2/install/nav2_costmap_2d:/home/thomas24/hive_ws2/install/nav2_voxel_grid:/home/thomas24/hive_ws2/install/nav2_velocity_smoother:/home/thomas24/hive_ws2/install/nav2_map_server:/home/thomas24/hive_ws2/install/nav2_lifecycle_manager:/home/thomas24/hive_ws2/install/nav2_behavior_tree:/home/thomas24/hive_ws2/install/nav2_amcl:/home/thomas24/hive_ws2/install/nav2_system_tests:/home/thomas24/hive_ws2/install/hive_route_planner:/home/thomas24/hive_ws2/install/dev_route_provider:/home/thomas24/hive_ws2/install/hive_interface2:/home/thomas24/hiveverse_ws/install/hive_simulation:/home/thomas24/hiveverse_ws/install/hive_robot_description:/opt/ros/jazzy/opt/gz_sim_vendor:/opt/ros/jazzy/opt/gz_sensors_vendor:/opt/ros/jazzy/opt/gz_physics_vendor:/opt/ros/jazzy/opt/sdformat_vendor:/opt/ros/jazzy/opt/gz_gui_vendor:/opt/ros/jazzy/opt/gz_transport_vendor:/opt/ros/jazzy/opt/gz_rendering_vendor:/opt/ros/jazzy/opt/gz_plugin_vendor:/opt/ros/jazzy/opt/gz_fuel_tools_vendor:/opt/ros/jazzy/opt/gz_msgs_vendor:/opt/ros/jazzy/opt/gz_common_vendor:/opt/ros/jazzy/opt/gz_math_vendor:/opt/ros/jazzy/opt/gz_utils_vendor:/opt/ros/jazzy/opt/gz_tools_vendor:/opt/ros/jazzy/opt/gz_ogre_next_vendor:/opt/ros/jazzy/opt/gz_dartsim_vendor:/opt/ros/jazzy/opt/gz_cmake_vendor:/home/thomas24/hive_ws2/install/vanilla_brain_nav2:/home/thomas24/hive_ws2/install/nav2_loopback_sim:/home/thomas24/hive_ws2/install/nav2_simple_commander:/home/thomas24/hiveverse_ws/install/hive_tools:/home/thomas24/hiveverse_ws/install/hive_bringup:/opt/ros/jazzy DEBUGINFOD_URLS=https://debuginfod.ubuntu.com LD_LIBRARY_PATH=/home/thomas24/hive_ws2/install/nav2_util/lib:/home/thomas24/hive_ws2/install/nav2_msgs/lib:/home/thomas24/hive_ws2/install/opennav_docking/lib:/home/thomas24/hive_ws2/install/opennav_docking_bt/lib:/home/thomas24/hive_ws2/install/dwb_plugins/lib:/home/thomas24/hive_ws2/install/dwb_critics/lib:/home/thomas24/hive_ws2/install/dwb_core/lib:/home/thomas24/hive_ws2/install/nav_2d_utils/lib:/home/thomas24/hive_ws2/install/dwb_msgs/lib:/home/thomas24/hive_ws2/install/nav_2d_msgs/lib:/home/thomas24/hive_ws2/install/nav2_waypoint_follower/lib:/home/thomas24/hive_ws2/install/nav2_theta_star_planner/lib:/home/thomas24/hive_ws2/install/nav2_smoother/lib:/home/thomas24/hive_ws2/install/nav2_smac_planner/lib:/home/thomas24/hive_ws2/install/nav2_rviz_plugins/lib:/home/thomas24/hive_ws2/install/nav2_route/lib:/home/thomas24/hive_ws2/install/nav2_rotation_shim_controller/lib:/home/thomas24/hive_ws2/install/nav2_regulated_pure_pursuit_controller/lib:/home/thomas24/hive_ws2/install/nav2_planner/lib:/home/thomas24/hive_ws2/install/nav2_navfn_planner/lib:/home/thomas24/hive_ws2/install/nav2_mppi_controller/lib:/home/thomas24/hive_ws2/install/nav2_graceful_controller/lib:/home/thomas24/hive_ws2/install/nav2_controller/lib:/home/thomas24/hive_ws2/install/nav2_constrained_smoother/lib:/home/thomas24/hive_ws2/install/nav2_bt_navigator/lib:/home/thomas24/hive_ws2/install/nav2_behaviors/lib:/home/thomas24/hive_ws2/install/nav2_collision_monitor/lib:/home/thomas24/hive_ws2/install/hive_costmap/lib:/home/thomas24/hive_ws2/install/costmap_queue/lib:/home/thomas24/hive_ws2/install/nav2_costmap_2d/lib:/home/thomas24/hive_ws2/install/nav2_voxel_grid/lib:/home/thomas24/hive_ws2/install/nav2_velocity_smoother/lib:/home/thomas24/hive_ws2/install/nav2_map_server/lib:/home/thomas24/hive_ws2/install/nav2_lifecycle_manager/lib:/home/thomas24/hive_ws2/install/nav2_behavior_tree/lib:/home/thomas24/hive_ws2/install/nav2_amcl/lib:/home/thomas24/hive_ws2/install/nav2_system_tests/lib:/home/thomas24/hive_ws2/install/hive_interface2/lib:/opt/ros/jazzy/opt/gz_sim_vendor/lib:/opt/ros/jazzy/opt/gz_sensors_vendor/lib:/opt/ros/jazzy/opt/gz_physics_vendor/lib:/opt/ros/jazzy/opt/sdformat_vendor/lib:/opt/ros/jazzy/opt/rviz_ogre_vendor/lib:/opt/ros/jazzy/lib/x86_64-linux-gnu:/opt/ros/jazzy/opt/gz_gui_vendor/lib:/opt/ros/jazzy/opt/gz_transport_vendor/lib:/opt/ros/jazzy/opt/gz_rendering_vendor/lib:/opt/ros/jazzy/opt/gz_plugin_vendor/lib:/opt/ros/jazzy/opt/gz_fuel_tools_vendor/lib:/opt/ros/jazzy/opt/gz_msgs_vendor/lib:/opt/ros/jazzy/opt/gz_common_vendor/lib:/opt/ros/jazzy/opt/gz_math_vendor/lib:/opt/ros/jazzy/opt/gz_utils_vendor/lib:/opt/ros/jazzy/opt/gz_tools_vendor/lib:/opt/ros/jazzy/opt/gz_ogre_next_vendor/lib:/opt/ros/jazzy/opt/gz_dartsim_vendor/lib:/opt/ros/jazzy/opt/gz_cmake_vendor/lib:/opt/ros/jazzy/lib PYTHONPATH=/home/thomas24/hive_ws2/install/nav2_msgs/lib/python3.12/site-packages:/home/thomas24/hive_ws2/install/nav2_common/lib/python3.12/site-packages:/home/thomas24/hive_ws2/install/vanilla_brain_nav2/lib/python3.12/site-packages:/home/thomas24/hive_ws2/install/dwb_msgs/lib/python3.12/site-packages:/home/thomas24/hive_ws2/install/nav_2d_msgs/lib/python3.12/site-packages:/home/thomas24/hive_ws2/install/nav2_loopback_sim/lib/python3.12/site-packages:/home/thomas24/hive_ws2/install/nav2_simple_commander/lib/python3.12/site-packages:/home/thomas24/hive_ws2/install/hive_interface2/lib/python3.12/site-packages:/home/thomas24/hiveverse_ws/install/hive_tools/lib/python3.12/site-packages:/home/thomas24/hiveverse_ws/install/hive_bringup/lib/python3.12/site-packages:/opt/ros/jazzy/lib/python3.12/site-packages /usr/bin/cmake --build /home/thomas24/hive_ws2/build/nav2_behavior_tree -- -j16 -l16
[0.781s] Invoking command in '/home/thomas24/hive_ws2/build/nav2_behavior_tree': CMAKE_PREFIX_PATH=/home/thomas24/hive_ws2/install/nav2_util:/home/thomas24/hive_ws2/install/nav2_ros_common:/home/thomas24/hive_ws2/install/nav2_msgs:/home/thomas24/hive_ws2/install/nav2_common:/home/thomas24/hive_ws2/install/nav2_bringup:/home/thomas24/hive_ws2/install/navigation2:/home/thomas24/hive_ws2/install/opennav_docking:/home/thomas24/hive_ws2/install/opennav_docking_core:/home/thomas24/hive_ws2/install/opennav_docking_bt:/home/thomas24/hive_ws2/install/nav2_dwb_controller:/home/thomas24/hive_ws2/install/dwb_plugins:/home/thomas24/hive_ws2/install/dwb_critics:/home/thomas24/hive_ws2/install/dwb_core:/home/thomas24/hive_ws2/install/nav_2d_utils:/home/thomas24/hive_ws2/install/dwb_msgs:/home/thomas24/hive_ws2/install/nav_2d_msgs:/home/thomas24/hive_ws2/install/nav2_waypoint_follower:/home/thomas24/hive_ws2/install/nav2_theta_star_planner:/home/thomas24/hive_ws2/install/nav2_smoother:/home/thomas24/hive_ws2/install/nav2_smac_planner:/home/thomas24/hive_ws2/install/nav2_rviz_plugins:/home/thomas24/hive_ws2/install/nav2_route:/home/thomas24/hive_ws2/install/nav2_rotation_shim_controller:/home/thomas24/hive_ws2/install/nav2_regulated_pure_pursuit_controller:/home/thomas24/hive_ws2/install/nav2_planner:/home/thomas24/hive_ws2/install/nav2_navfn_planner:/home/thomas24/hive_ws2/install/nav2_mppi_controller:/home/thomas24/hive_ws2/install/nav2_graceful_controller:/home/thomas24/hive_ws2/install/nav2_controller:/home/thomas24/hive_ws2/install/nav2_constrained_smoother:/home/thomas24/hive_ws2/install/nav2_bt_navigator:/home/thomas24/hive_ws2/install/nav2_behaviors:/home/thomas24/hive_ws2/install/nav2_core:/home/thomas24/hive_ws2/install/nav2_collision_monitor:/home/thomas24/hive_ws2/install/hive_costmap:/home/thomas24/hive_ws2/install/costmap_queue:/home/thomas24/hive_ws2/install/nav2_costmap_2d:/home/thomas24/hive_ws2/install/nav2_voxel_grid:/home/thomas24/hive_ws2/install/nav2_velocity_smoother:/home/thomas24/hive_ws2/install/nav2_map_server:/home/thomas24/hive_ws2/install/nav2_lifecycle_manager:/home/thomas24/hive_ws2/install/nav2_behavior_tree:/home/thomas24/hive_ws2/install/nav2_amcl:/home/thomas24/hive_ws2/install/nav2_system_tests:/home/thomas24/hive_ws2/install/hive_route_planner:/home/thomas24/hive_ws2/install/dev_route_provider:/home/thomas24/hive_ws2/install/hive_interface2:/home/thomas24/hiveverse_ws/install/hive_simulation:/home/thomas24/hiveverse_ws/install/hive_robot_description:/opt/ros/jazzy/opt/gz_sim_vendor:/opt/ros/jazzy/opt/gz_sensors_vendor:/opt/ros/jazzy/opt/gz_physics_vendor:/opt/ros/jazzy/opt/sdformat_vendor:/opt/ros/jazzy/opt/gz_gui_vendor:/opt/ros/jazzy/opt/gz_transport_vendor:/opt/ros/jazzy/opt/gz_rendering_vendor:/opt/ros/jazzy/opt/gz_plugin_vendor:/opt/ros/jazzy/opt/gz_fuel_tools_vendor:/opt/ros/jazzy/opt/gz_msgs_vendor:/opt/ros/jazzy/opt/gz_common_vendor:/opt/ros/jazzy/opt/gz_math_vendor:/opt/ros/jazzy/opt/gz_utils_vendor:/opt/ros/jazzy/opt/gz_tools_vendor:/opt/ros/jazzy/opt/gz_ogre_next_vendor:/opt/ros/jazzy/opt/gz_dartsim_vendor:/opt/ros/jazzy/opt/gz_cmake_vendor:/home/thomas24/hive_ws2/install/vanilla_brain_nav2:/home/thomas24/hive_ws2/install/nav2_loopback_sim:/home/thomas24/hive_ws2/install/nav2_simple_commander:/home/thomas24/hiveverse_ws/install/hive_tools:/home/thomas24/hiveverse_ws/install/hive_bringup:/opt/ros/jazzy DEBUGINFOD_URLS=https://debuginfod.ubuntu.com LD_LIBRARY_PATH=/home/thomas24/hive_ws2/install/nav2_util/lib:/home/thomas24/hive_ws2/install/nav2_msgs/lib:/home/thomas24/hive_ws2/install/opennav_docking/lib:/home/thomas24/hive_ws2/install/opennav_docking_bt/lib:/home/thomas24/hive_ws2/install/dwb_plugins/lib:/home/thomas24/hive_ws2/install/dwb_critics/lib:/home/thomas24/hive_ws2/install/dwb_core/lib:/home/thomas24/hive_ws2/install/nav_2d_utils/lib:/home/thomas24/hive_ws2/install/dwb_msgs/lib:/home/thomas24/hive_ws2/install/nav_2d_msgs/lib:/home/thomas24/hive_ws2/install/nav2_waypoint_follower/lib:/home/thomas24/hive_ws2/install/nav2_theta_star_planner/lib:/home/thomas24/hive_ws2/install/nav2_smoother/lib:/home/thomas24/hive_ws2/install/nav2_smac_planner/lib:/home/thomas24/hive_ws2/install/nav2_rviz_plugins/lib:/home/thomas24/hive_ws2/install/nav2_route/lib:/home/thomas24/hive_ws2/install/nav2_rotation_shim_controller/lib:/home/thomas24/hive_ws2/install/nav2_regulated_pure_pursuit_controller/lib:/home/thomas24/hive_ws2/install/nav2_planner/lib:/home/thomas24/hive_ws2/install/nav2_navfn_planner/lib:/home/thomas24/hive_ws2/install/nav2_mppi_controller/lib:/home/thomas24/hive_ws2/install/nav2_graceful_controller/lib:/home/thomas24/hive_ws2/install/nav2_controller/lib:/home/thomas24/hive_ws2/install/nav2_constrained_smoother/lib:/home/thomas24/hive_ws2/install/nav2_bt_navigator/lib:/home/thomas24/hive_ws2/install/nav2_behaviors/lib:/home/thomas24/hive_ws2/install/nav2_collision_monitor/lib:/home/thomas24/hive_ws2/install/hive_costmap/lib:/home/thomas24/hive_ws2/install/costmap_queue/lib:/home/thomas24/hive_ws2/install/nav2_costmap_2d/lib:/home/thomas24/hive_ws2/install/nav2_voxel_grid/lib:/home/thomas24/hive_ws2/install/nav2_velocity_smoother/lib:/home/thomas24/hive_ws2/install/nav2_map_server/lib:/home/thomas24/hive_ws2/install/nav2_lifecycle_manager/lib:/home/thomas24/hive_ws2/install/nav2_behavior_tree/lib:/home/thomas24/hive_ws2/install/nav2_amcl/lib:/home/thomas24/hive_ws2/install/nav2_system_tests/lib:/home/thomas24/hive_ws2/install/hive_interface2/lib:/opt/ros/jazzy/opt/gz_sim_vendor/lib:/opt/ros/jazzy/opt/gz_sensors_vendor/lib:/opt/ros/jazzy/opt/gz_physics_vendor/lib:/opt/ros/jazzy/opt/sdformat_vendor/lib:/opt/ros/jazzy/opt/rviz_ogre_vendor/lib:/opt/ros/jazzy/lib/x86_64-linux-gnu:/opt/ros/jazzy/opt/gz_gui_vendor/lib:/opt/ros/jazzy/opt/gz_transport_vendor/lib:/opt/ros/jazzy/opt/gz_rendering_vendor/lib:/opt/ros/jazzy/opt/gz_plugin_vendor/lib:/opt/ros/jazzy/opt/gz_fuel_tools_vendor/lib:/opt/ros/jazzy/opt/gz_msgs_vendor/lib:/opt/ros/jazzy/opt/gz_common_vendor/lib:/opt/ros/jazzy/opt/gz_math_vendor/lib:/opt/ros/jazzy/opt/gz_utils_vendor/lib:/opt/ros/jazzy/opt/gz_tools_vendor/lib:/opt/ros/jazzy/opt/gz_ogre_next_vendor/lib:/opt/ros/jazzy/opt/gz_dartsim_vendor/lib:/opt/ros/jazzy/opt/gz_cmake_vendor/lib:/opt/ros/jazzy/lib PYTHONPATH=/home/thomas24/hive_ws2/install/nav2_msgs/lib/python3.12/site-packages:/home/thomas24/hive_ws2/install/nav2_common/lib/python3.12/site-packages:/home/thomas24/hive_ws2/install/vanilla_brain_nav2/lib/python3.12/site-packages:/home/thomas24/hive_ws2/install/dwb_msgs/lib/python3.12/site-packages:/home/thomas24/hive_ws2/install/nav_2d_msgs/lib/python3.12/site-packages:/home/thomas24/hive_ws2/install/nav2_loopback_sim/lib/python3.12/site-packages:/home/thomas24/hive_ws2/install/nav2_simple_commander/lib/python3.12/site-packages:/home/thomas24/hive_ws2/install/hive_interface2/lib/python3.12/site-packages:/home/thomas24/hiveverse_ws/install/hive_tools/lib/python3.12/site-packages:/home/thomas24/hiveverse_ws/install/hive_bringup/lib/python3.12/site-packages:/opt/ros/jazzy/lib/python3.12/site-packages /usr/bin/cmake --install /home/thomas24/hive_ws2/build/nav2_behavior_tree
[0.791s] -- Install configuration: "Release"
[0.792s] -- Execute custom install script
[0.792s] -- Up-to-date symlink: /home/thomas24/hive_ws2/install/nav2_behavior_tree/lib/nav2_behavior_tree/generate_nav2_tree_nodes_xml
[0.793s] -- Up-to-date symlink: /home/thomas24/hive_ws2/install/nav2_behavior_tree/include/nav2_behavior_tree/nav2_behavior_tree/behavior_tree_engine.hpp
[0.793s] -- Up-to-date symlink: /home/thomas24/hive_ws2/install/nav2_behavior_tree/include/nav2_behavior_tree/nav2_behavior_tree/bt_action_node.hpp
[0.793s] -- Up-to-date symlink: /home/thomas24/hive_ws2/install/nav2_behavior_tree/include/nav2_behavior_tree/nav2_behavior_tree/bt_action_server.hpp
[0.793s] -- Up-to-date symlink: /home/thomas24/hive_ws2/install/nav2_behavior_tree/include/nav2_behavior_tree/nav2_behavior_tree/bt_action_server_impl.hpp
[0.793s] -- Up-to-date symlink: /home/thomas24/hive_ws2/install/nav2_behavior_tree/include/nav2_behavior_tree/nav2_behavior_tree/bt_cancel_action_node.hpp
[0.793s] -- Up-to-date symlink: /home/thomas24/hive_ws2/install/nav2_behavior_tree/include/nav2_behavior_tree/nav2_behavior_tree/bt_service_node.hpp
[0.793s] -- Up-to-date symlink: /home/thomas24/hive_ws2/install/nav2_behavior_tree/include/nav2_behavior_tree/nav2_behavior_tree/bt_utils.hpp
[0.794s] -- Up-to-date symlink: /home/thomas24/hive_ws2/install/nav2_behavior_tree/include/nav2_behavior_tree/nav2_behavior_tree/json_utils.hpp
[0.794s] -- Up-to-date symlink: /home/thomas24/hive_ws2/install/nav2_behavior_tree/include/nav2_behavior_tree/nav2_behavior_tree/plugins/action/append_goal_pose_to_goals_action.hpp
[0.794s] -- Up-to-date symlink: /home/thomas24/hive_ws2/install/nav2_behavior_tree/include/nav2_behavior_tree/nav2_behavior_tree/plugins/action/assisted_teleop_action.hpp
[0.794s] -- Up-to-date symlink: /home/thomas24/hive_ws2/install/nav2_behavior_tree/include/nav2_behavior_tree/nav2_behavior_tree/plugins/action/assisted_teleop_cancel_node.hpp
[0.794s] -- Up-to-date symlink: /home/thomas24/hive_ws2/install/nav2_behavior_tree/include/nav2_behavior_tree/nav2_behavior_tree/plugins/action/back_up_action.hpp
[0.794s] -- Up-to-date symlink: /home/thomas24/hive_ws2/install/nav2_behavior_tree/include/nav2_behavior_tree/nav2_behavior_tree/plugins/action/back_up_cancel_node.hpp
[0.794s] -- Up-to-date symlink: /home/thomas24/hive_ws2/install/nav2_behavior_tree/include/nav2_behavior_tree/nav2_behavior_tree/plugins/action/clear_costmap_service.hpp
[0.794s] -- Up-to-date symlink: /home/thomas24/hive_ws2/install/nav2_behavior_tree/include/nav2_behavior_tree/nav2_behavior_tree/plugins/action/compute_and_track_route_action.hpp
[0.794s] -- Up-to-date symlink: /home/thomas24/hive_ws2/install/nav2_behavior_tree/include/nav2_behavior_tree/nav2_behavior_tree/plugins/action/compute_and_track_route_cancel_node.hpp
[0.794s] -- Up-to-date symlink: /home/thomas24/hive_ws2/install/nav2_behavior_tree/include/nav2_behavior_tree/nav2_behavior_tree/plugins/action/compute_path_through_poses_action.hpp
[0.794s] -- Up-to-date symlink: /home/thomas24/hive_ws2/install/nav2_behavior_tree/include/nav2_behavior_tree/nav2_behavior_tree/plugins/action/compute_path_to_pose_action.hpp
[0.794s] -- Up-to-date symlink: /home/thomas24/hive_ws2/install/nav2_behavior_tree/include/nav2_behavior_tree/nav2_behavior_tree/plugins/action/compute_route_action.hpp
[0.794s] -- Up-to-date symlink: /home/thomas24/hive_ws2/install/nav2_behavior_tree/include/nav2_behavior_tree/nav2_behavior_tree/plugins/action/concatenate_paths_action.hpp
[0.794s] -- Up-to-date symlink: /home/thomas24/hive_ws2/install/nav2_behavior_tree/include/nav2_behavior_tree/nav2_behavior_tree/plugins/action/controller_cancel_node.hpp
[0.794s] -- Up-to-date symlink: /home/thomas24/hive_ws2/install/nav2_behavior_tree/include/nav2_behavior_tree/nav2_behavior_tree/plugins/action/controller_selector_node.hpp
[0.795s] -- Up-to-date symlink: /home/thomas24/hive_ws2/install/nav2_behavior_tree/include/nav2_behavior_tree/nav2_behavior_tree/plugins/action/drive_on_heading_action.hpp
[0.795s] -- Up-to-date symlink: /home/thomas24/hive_ws2/install/nav2_behavior_tree/include/nav2_behavior_tree/nav2_behavior_tree/plugins/action/drive_on_heading_cancel_node.hpp
[0.795s] -- Up-to-date symlink: /home/thomas24/hive_ws2/install/nav2_behavior_tree/include/nav2_behavior_tree/nav2_behavior_tree/plugins/action/extract_route_nodes_as_goals_action.hpp
[0.795s] -- Up-to-date symlink: /home/thomas24/hive_ws2/install/nav2_behavior_tree/include/nav2_behavior_tree/nav2_behavior_tree/plugins/action/follow_path_action.hpp
[0.795s] -- Up-to-date symlink: /home/thomas24/hive_ws2/install/nav2_behavior_tree/include/nav2_behavior_tree/nav2_behavior_tree/plugins/action/get_current_pose_action.hpp
[0.795s] -- Up-to-date symlink: /home/thomas24/hive_ws2/install/nav2_behavior_tree/include/nav2_behavior_tree/nav2_behavior_tree/plugins/action/get_next_few_goals_action.hpp
[0.795s] -- Up-to-date symlink: /home/thomas24/hive_ws2/install/nav2_behavior_tree/include/nav2_behavior_tree/nav2_behavior_tree/plugins/action/get_pose_from_path_action.hpp
[0.795s] -- Up-to-date symlink: /home/thomas24/hive_ws2/install/nav2_behavior_tree/include/nav2_behavior_tree/nav2_behavior_tree/plugins/action/goal_checker_selector_node.hpp
[0.795s] -- Up-to-date symlink: /home/thomas24/hive_ws2/install/nav2_behavior_tree/include/nav2_behavior_tree/nav2_behavior_tree/plugins/action/navigate_through_poses_action.hpp
[0.795s] -- Up-to-date symlink: /home/thomas24/hive_ws2/install/nav2_behavior_tree/include/nav2_behavior_tree/nav2_behavior_tree/plugins/action/navigate_to_pose_action.hpp
[0.795s] -- Up-to-date symlink: /home/thomas24/hive_ws2/install/nav2_behavior_tree/include/nav2_behavior_tree/nav2_behavior_tree/plugins/action/planner_selector_node.hpp
[0.795s] -- Up-to-date symlink: /home/thomas24/hive_ws2/install/nav2_behavior_tree/include/nav2_behavior_tree/nav2_behavior_tree/plugins/action/progress_checker_selector_node.hpp
[0.795s] -- Up-to-date symlink: /home/thomas24/hive_ws2/install/nav2_behavior_tree/include/nav2_behavior_tree/nav2_behavior_tree/plugins/action/reinitialize_global_localization_service.hpp
[0.795s] -- Up-to-date symlink: /home/thomas24/hive_ws2/install/nav2_behavior_tree/include/nav2_behavior_tree/nav2_behavior_tree/plugins/action/remove_in_collision_goals_action.hpp
[0.796s] -- Up-to-date symlink: /home/thomas24/hive_ws2/install/nav2_behavior_tree/include/nav2_behavior_tree/nav2_behavior_tree/plugins/action/remove_passed_goals_action.hpp
[0.796s] -- Up-to-date symlink: /home/thomas24/hive_ws2/install/nav2_behavior_tree/include/nav2_behavior_tree/nav2_behavior_tree/plugins/action/smooth_path_action.hpp
[0.796s] -- Up-to-date symlink: /home/thomas24/hive_ws2/install/nav2_behavior_tree/include/nav2_behavior_tree/nav2_behavior_tree/plugins/action/smoother_selector_node.hpp
[0.796s] -- Up-to-date symlink: /home/thomas24/hive_ws2/install/nav2_behavior_tree/include/nav2_behavior_tree/nav2_behavior_tree/plugins/action/spin_action.hpp
[0.796s] -- Up-to-date symlink: /home/thomas24/hive_ws2/install/nav2_behavior_tree/include/nav2_behavior_tree/nav2_behavior_tree/plugins/action/spin_cancel_node.hpp
[0.796s] -- Up-to-date symlink: /home/thomas24/hive_ws2/install/nav2_behavior_tree/include/nav2_behavior_tree/nav2_behavior_tree/plugins/action/toggle_collision_monitor_service.hpp
[0.796s] -- Up-to-date symlink: /home/thomas24/hive_ws2/install/nav2_behavior_tree/include/nav2_behavior_tree/nav2_behavior_tree/plugins/action/truncate_path_action.hpp
[0.796s] -- Up-to-date symlink: /home/thomas24/hive_ws2/install/nav2_behavior_tree/include/nav2_behavior_tree/nav2_behavior_tree/plugins/action/truncate_path_local_action.hpp
[0.796s] -- Up-to-date symlink: /home/thomas24/hive_ws2/install/nav2_behavior_tree/include/nav2_behavior_tree/nav2_behavior_tree/plugins/action/wait_action.hpp
[0.796s] -- Up-to-date symlink: /home/thomas24/hive_ws2/install/nav2_behavior_tree/include/nav2_behavior_tree/nav2_behavior_tree/plugins/action/wait_cancel_node.hpp
[0.796s] -- Up-to-date symlink: /home/thomas24/hive_ws2/install/nav2_behavior_tree/include/nav2_behavior_tree/nav2_behavior_tree/plugins/condition/are_error_codes_present_condition.hpp
[0.796s] -- Up-to-date symlink: /home/thomas24/hive_ws2/install/nav2_behavior_tree/include/nav2_behavior_tree/nav2_behavior_tree/plugins/condition/are_poses_near_condition.hpp
[0.797s] -- Up-to-date symlink: /home/thomas24/hive_ws2/install/nav2_behavior_tree/include/nav2_behavior_tree/nav2_behavior_tree/plugins/condition/distance_traveled_condition.hpp
[0.797s] -- Up-to-date symlink: /home/thomas24/hive_ws2/install/nav2_behavior_tree/include/nav2_behavior_tree/nav2_behavior_tree/plugins/condition/globally_updated_goal_condition.hpp
[0.797s] -- Up-to-date symlink: /home/thomas24/hive_ws2/install/nav2_behavior_tree/include/nav2_behavior_tree/nav2_behavior_tree/plugins/condition/goal_reached_condition.hpp
[0.797s] -- Up-to-date symlink: /home/thomas24/hive_ws2/install/nav2_behavior_tree/include/nav2_behavior_tree/nav2_behavior_tree/plugins/condition/goal_updated_condition.hpp
[0.797s] -- Up-to-date symlink: /home/thomas24/hive_ws2/install/nav2_behavior_tree/include/nav2_behavior_tree/nav2_behavior_tree/plugins/condition/initial_pose_received_condition.hpp
[0.797s] -- Up-to-date symlink: /home/thomas24/hive_ws2/install/nav2_behavior_tree/include/nav2_behavior_tree/nav2_behavior_tree/plugins/condition/is_battery_charging_condition.hpp
[0.797s] -- Up-to-date symlink: /home/thomas24/hive_ws2/install/nav2_behavior_tree/include/nav2_behavior_tree/nav2_behavior_tree/plugins/condition/is_battery_low_condition.hpp
[0.797s] -- Up-to-date symlink: /home/thomas24/hive_ws2/install/nav2_behavior_tree/include/nav2_behavior_tree/nav2_behavior_tree/plugins/condition/is_path_valid_condition.hpp
[0.797s] -- Up-to-date symlink: /home/thomas24/hive_ws2/install/nav2_behavior_tree/include/nav2_behavior_tree/nav2_behavior_tree/plugins/condition/is_pose_occupied_condition.hpp
[0.797s] -- Up-to-date symlink: /home/thomas24/hive_ws2/install/nav2_behavior_tree/include/nav2_behavior_tree/nav2_behavior_tree/plugins/condition/is_stopped_condition.hpp
[0.797s] -- Up-to-date symlink: /home/thomas24/hive_ws2/install/nav2_behavior_tree/include/nav2_behavior_tree/nav2_behavior_tree/plugins/condition/is_stuck_condition.hpp
[0.797s] -- Up-to-date symlink: /home/thomas24/hive_ws2/install/nav2_behavior_tree/include/nav2_behavior_tree/nav2_behavior_tree/plugins/condition/path_expiring_timer_condition.hpp
[0.798s] -- Up-to-date symlink: /home/thomas24/hive_ws2/install/nav2_behavior_tree/include/nav2_behavior_tree/nav2_behavior_tree/plugins/condition/time_expired_condition.hpp
[0.798s] -- Up-to-date symlink: /home/thomas24/hive_ws2/install/nav2_behavior_tree/include/nav2_behavior_tree/nav2_behavior_tree/plugins/condition/transform_available_condition.hpp
[0.798s] -- Up-to-date symlink: /home/thomas24/hive_ws2/install/nav2_behavior_tree/include/nav2_behavior_tree/nav2_behavior_tree/plugins/condition/would_a_controller_recovery_help_condition.hpp
[0.798s] -- Up-to-date symlink: /home/thomas24/hive_ws2/install/nav2_behavior_tree/include/nav2_behavior_tree/nav2_behavior_tree/plugins/condition/would_a_planner_recovery_help_condition.hpp
[0.798s] -- Up-to-date symlink: /home/thomas24/hive_ws2/install/nav2_behavior_tree/include/nav2_behavior_tree/nav2_behavior_tree/plugins/condition/would_a_route_recovery_help_condition.hpp
[0.798s] -- Up-to-date symlink: /home/thomas24/hive_ws2/install/nav2_behavior_tree/include/nav2_behavior_tree/nav2_behavior_tree/plugins/condition/would_a_smoother_recovery_help_condition.hpp
[0.798s] -- Up-to-date symlink: /home/thomas24/hive_ws2/install/nav2_behavior_tree/include/nav2_behavior_tree/nav2_behavior_tree/plugins/control/nonblocking_sequence.hpp
[0.798s] -- Up-to-date symlink: /home/thomas24/hive_ws2/install/nav2_behavior_tree/include/nav2_behavior_tree/nav2_behavior_tree/plugins/control/pause_resume_controller.hpp
[0.798s] -- Up-to-date symlink: /home/thomas24/hive_ws2/install/nav2_behavior_tree/include/nav2_behavior_tree/nav2_behavior_tree/plugins/control/persistent_sequence.hpp
[0.798s] -- Up-to-date symlink: /home/thomas24/hive_ws2/install/nav2_behavior_tree/include/nav2_behavior_tree/nav2_behavior_tree/plugins/control/pipeline_sequence.hpp
[0.798s] -- Up-to-date symlink: /home/thomas24/hive_ws2/install/nav2_behavior_tree/include/nav2_behavior_tree/nav2_behavior_tree/plugins/control/recovery_node.hpp
[0.798s] -- Up-to-date symlink: /home/thomas24/hive_ws2/install/nav2_behavior_tree/include/nav2_behavior_tree/nav2_behavior_tree/plugins/control/round_robin_node.hpp
[0.798s] -- Up-to-date symlink: /home/thomas24/hive_ws2/install/nav2_behavior_tree/include/nav2_behavior_tree/nav2_behavior_tree/plugins/decorator/distance_controller.hpp
[0.799s] -- Up-to-date symlink: /home/thomas24/hive_ws2/install/nav2_behavior_tree/include/nav2_behavior_tree/nav2_behavior_tree/plugins/decorator/goal_updated_controller.hpp
[0.799s] -- Up-to-date symlink: /home/thomas24/hive_ws2/install/nav2_behavior_tree/include/nav2_behavior_tree/nav2_behavior_tree/plugins/decorator/goal_updater_node.hpp
[0.799s] -- Up-to-date symlink: /home/thomas24/hive_ws2/install/nav2_behavior_tree/include/nav2_behavior_tree/nav2_behavior_tree/plugins/decorator/path_longer_on_approach.hpp
[0.799s] -- Up-to-date symlink: /home/thomas24/hive_ws2/install/nav2_behavior_tree/include/nav2_behavior_tree/nav2_behavior_tree/plugins/decorator/rate_controller.hpp
[0.799s] -- Up-to-date symlink: /home/thomas24/hive_ws2/install/nav2_behavior_tree/include/nav2_behavior_tree/nav2_behavior_tree/plugins/decorator/single_trigger_node.hpp
[0.799s] -- Up-to-date symlink: /home/thomas24/hive_ws2/install/nav2_behavior_tree/include/nav2_behavior_tree/nav2_behavior_tree/plugins/decorator/speed_controller.hpp
[0.799s] -- Up-to-date symlink: /home/thomas24/hive_ws2/install/nav2_behavior_tree/include/nav2_behavior_tree/nav2_behavior_tree/ros_topic_logger.hpp
[0.799s] -- Up-to-date symlink: /home/thomas24/hive_ws2/install/nav2_behavior_tree/include/nav2_behavior_tree/nav2_behavior_tree/utils/loop_rate.hpp
[0.799s] -- Up-to-date symlink: /home/thomas24/hive_ws2/install/nav2_behavior_tree/include/nav2_behavior_tree/nav2_behavior_tree/utils/test_action_server.hpp
[0.799s] -- Up-to-date symlink: /home/thomas24/hive_ws2/install/nav2_behavior_tree/include/nav2_behavior_tree/nav2_behavior_tree/test/utils/get_node_from_tree.hpp
[0.799s] -- Up-to-date symlink: /home/thomas24/hive_ws2/install/nav2_behavior_tree/include/nav2_behavior_tree/nav2_behavior_tree/test/utils/test_behavior_tree_fixture.hpp
[0.800s] -- Up-to-date symlink: /home/thomas24/hive_ws2/install/nav2_behavior_tree/include/nav2_behavior_tree/nav2_behavior_tree/test/utils/test_dummy_tree_node.hpp
[0.800s] -- Up-to-date symlink: /home/thomas24/hive_ws2/install/nav2_behavior_tree/include/nav2_behavior_tree/nav2_behavior_tree/test/utils/test_service.hpp
[0.800s] -- Up-to-date symlink: /home/thomas24/hive_ws2/install/nav2_behavior_tree/include/nav2_behavior_tree/nav2_behavior_tree/test/utils/test_transform_handler.hpp
[0.800s] -- Up-to-date symlink: /home/thomas24/hive_ws2/install/nav2_behavior_tree/share/nav2_behavior_tree/nav2_tree_nodes.xml
[0.800s] -- Up-to-date symlink: /home/thomas24/hive_ws2/install/nav2_behavior_tree/include/nav2_behavior_tree/nav2_behavior_tree/plugins_list.hpp
[0.800s] -- Up-to-date symlink: /home/thomas24/hive_ws2/install/nav2_behavior_tree/share/nav2_behavior_tree/environment/library_path.sh
[0.800s] -- Up-to-date symlink: /home/thomas24/hive_ws2/install/nav2_behavior_tree/share/nav2_behavior_tree/environment/library_path.dsv
[0.800s] -- Up-to-date symlink: /home/thomas24/hive_ws2/install/nav2_behavior_tree/share/ament_index/resource_index/package_run_dependencies/nav2_behavior_tree
[0.801s] -- Up-to-date symlink: /home/thomas24/hive_ws2/install/nav2_behavior_tree/share/ament_index/resource_index/parent_prefix_path/nav2_behavior_tree
[0.801s] -- Up-to-date symlink: /home/thomas24/hive_ws2/install/nav2_behavior_tree/share/nav2_behavior_tree/environment/ament_prefix_path.sh
[0.801s] -- Up-to-date symlink: /home/thomas24/hive_ws2/install/nav2_behavior_tree/share/nav2_behavior_tree/environment/ament_prefix_path.dsv
[0.801s] -- Up-to-date symlink: /home/thomas24/hive_ws2/install/nav2_behavior_tree/share/nav2_behavior_tree/environment/path.sh
[0.801s] -- Up-to-date symlink: /home/thomas24/hive_ws2/install/nav2_behavior_tree/share/nav2_behavior_tree/environment/path.dsv
[0.801s] -- Up-to-date symlink: /home/thomas24/hive_ws2/install/nav2_behavior_tree/share/nav2_behavior_tree/local_setup.bash
[0.801s] -- Up-to-date symlink: /home/thomas24/hive_ws2/install/nav2_behavior_tree/share/nav2_behavior_tree/local_setup.sh
[0.801s] -- Up-to-date symlink: /home/thomas24/hive_ws2/install/nav2_behavior_tree/share/nav2_behavior_tree/local_setup.zsh
[0.801s] -- Up-to-date symlink: /home/thomas24/hive_ws2/install/nav2_behavior_tree/share/nav2_behavior_tree/local_setup.dsv
[0.801s] -- Symlinking: /home/thomas24/hive_ws2/install/nav2_behavior_tree/share/nav2_behavior_tree/package.dsv
[0.811s] -- Up-to-date symlink: /home/thomas24/hive_ws2/install/nav2_behavior_tree/share/ament_index/resource_index/packages/nav2_behavior_tree
[0.812s] -- Up-to-date symlink: /home/thomas24/hive_ws2/install/nav2_behavior_tree/share/nav2_behavior_tree/cmake/ament_cmake_export_include_directories-extras.cmake
[0.812s] -- Up-to-date symlink: /home/thomas24/hive_ws2/install/nav2_behavior_tree/share/nav2_behavior_tree/cmake/ament_cmake_export_libraries-extras.cmake
[0.812s] -- Up-to-date symlink: /home/thomas24/hive_ws2/install/nav2_behavior_tree/share/nav2_behavior_tree/cmake/ament_cmake_export_dependencies-extras.cmake
[0.812s] -- Up-to-date symlink: /home/thomas24/hive_ws2/install/nav2_behavior_tree/share/nav2_behavior_tree/cmake/ament_cmake_export_targets-extras.cmake
[0.812s] -- Up-to-date symlink: /home/thomas24/hive_ws2/install/nav2_behavior_tree/share/nav2_behavior_tree/cmake/nav2_behavior_treeConfig.cmake
[0.812s] -- Up-to-date symlink: /home/thomas24/hive_ws2/install/nav2_behavior_tree/share/nav2_behavior_tree/cmake/nav2_behavior_treeConfig-version.cmake
[0.812s] -- Up-to-date symlink: /home/thomas24/hive_ws2/install/nav2_behavior_tree/share/nav2_behavior_tree/package.xml
[0.813s] -- Up-to-date: /home/thomas24/hive_ws2/install/nav2_behavior_tree/lib/libnav2_behavior_tree.so
[0.813s] -- Up-to-date: /home/thomas24/hive_ws2/install/nav2_behavior_tree/lib/libnav2_compute_path_to_pose_action_bt_node.so
[0.814s] -- Up-to-date: /home/thomas24/hive_ws2/install/nav2_behavior_tree/lib/libnav2_compute_path_through_poses_action_bt_node.so
[0.815s] -- Up-to-date: /home/thomas24/hive_ws2/install/nav2_behavior_tree/lib/libnav2_controller_cancel_bt_node.so
[0.815s] -- Up-to-date: /home/thomas24/hive_ws2/install/nav2_behavior_tree/lib/libnav2_wait_cancel_bt_node.so
[0.816s] -- Up-to-date: /home/thomas24/hive_ws2/install/nav2_behavior_tree/lib/libnav2_spin_cancel_bt_node.so
[0.816s] -- Up-to-date: /home/thomas24/hive_ws2/install/nav2_behavior_tree/lib/libnav2_back_up_cancel_bt_node.so
[0.817s] -- Up-to-date: /home/thomas24/hive_ws2/install/nav2_behavior_tree/lib/libnav2_assisted_teleop_cancel_bt_node.so
[0.818s] -- Up-to-date: /home/thomas24/hive_ws2/install/nav2_behavior_tree/lib/libnav2_drive_on_heading_cancel_bt_node.so
[0.818s] -- Up-to-date: /home/thomas24/hive_ws2/install/nav2_behavior_tree/lib/libnav2_smooth_path_action_bt_node.so
[0.818s] -- Up-to-date: /home/thomas24/hive_ws2/install/nav2_behavior_tree/lib/libnav2_follow_path_action_bt_node.so
[0.819s] -- Up-to-date: /home/thomas24/hive_ws2/install/nav2_behavior_tree/lib/libnav2_back_up_action_bt_node.so
[0.819s] -- Up-to-date: /home/thomas24/hive_ws2/install/nav2_behavior_tree/lib/libnav2_drive_on_heading_bt_node.so
[0.820s] -- Up-to-date: /home/thomas24/hive_ws2/install/nav2_behavior_tree/lib/libnav2_spin_action_bt_node.so
[0.821s] -- Up-to-date: /home/thomas24/hive_ws2/install/nav2_behavior_tree/lib/libnav2_wait_action_bt_node.so
[0.821s] -- Up-to-date: /home/thomas24/hive_ws2/install/nav2_behavior_tree/lib/libnav2_assisted_teleop_action_bt_node.so
[0.822s] -- Up-to-date: /home/thomas24/hive_ws2/install/nav2_behavior_tree/lib/libnav2_clear_costmap_service_bt_node.so
[0.823s] -- Up-to-date: /home/thomas24/hive_ws2/install/nav2_behavior_tree/lib/libnav2_is_stuck_condition_bt_node.so
[0.823s] -- Up-to-date: /home/thomas24/hive_ws2/install/nav2_behavior_tree/lib/libnav2_is_stopped_condition_bt_node.so
[0.824s] -- Up-to-date: /home/thomas24/hive_ws2/install/nav2_behavior_tree/lib/libnav2_transform_available_condition_bt_node.so
[0.824s] -- Up-to-date: /home/thomas24/hive_ws2/install/nav2_behavior_tree/lib/libnav2_goal_reached_condition_bt_node.so
[0.825s] -- Up-to-date: /home/thomas24/hive_ws2/install/nav2_behavior_tree/lib/libnav2_are_poses_near_condition_bt_node.so
[0.826s] -- Up-to-date: /home/thomas24/hive_ws2/install/nav2_behavior_tree/lib/libnav2_globally_updated_goal_condition_bt_node.so
[0.826s] -- Up-to-date: /home/thomas24/hive_ws2/install/nav2_behavior_tree/lib/libnav2_goal_updated_condition_bt_node.so
[0.827s] -- Up-to-date: /home/thomas24/hive_ws2/install/nav2_behavior_tree/lib/libnav2_is_path_valid_condition_bt_node.so
[0.827s] -- Up-to-date: /home/thomas24/hive_ws2/install/nav2_behavior_tree/lib/libnav2_is_pose_occupied_condition_bt_node.so
[0.828s] -- Up-to-date: /home/thomas24/hive_ws2/install/nav2_behavior_tree/lib/libnav2_time_expired_condition_bt_node.so
[0.829s] -- Up-to-date: /home/thomas24/hive_ws2/install/nav2_behavior_tree/lib/libnav2_path_expiring_timer_condition_bt_node.so
[0.829s] -- Up-to-date: /home/thomas24/hive_ws2/install/nav2_behavior_tree/lib/libnav2_distance_traveled_condition_bt_node.so
[0.830s] -- Up-to-date: /home/thomas24/hive_ws2/install/nav2_behavior_tree/lib/libnav2_initial_pose_received_condition_bt_node.so
[0.831s] -- Up-to-date: /home/thomas24/hive_ws2/install/nav2_behavior_tree/lib/libnav2_is_battery_charging_condition_bt_node.so
[0.831s] -- Up-to-date: /home/thomas24/hive_ws2/install/nav2_behavior_tree/lib/libnav2_is_battery_low_condition_bt_node.so
[0.832s] -- Up-to-date: /home/thomas24/hive_ws2/install/nav2_behavior_tree/lib/libnav2_are_error_codes_active_condition_bt_node.so
[0.832s] -- Up-to-date: /home/thomas24/hive_ws2/install/nav2_behavior_tree/lib/libnav2_would_a_controller_recovery_help_condition_bt_node.so
[0.833s] -- Up-to-date: /home/thomas24/hive_ws2/install/nav2_behavior_tree/lib/libnav2_would_a_planner_recovery_help_condition_bt_node.so
[0.834s] -- Up-to-date: /home/thomas24/hive_ws2/install/nav2_behavior_tree/lib/libnav2_would_a_smoother_recovery_help_condition_bt_node.so
[0.834s] -- Up-to-date: /home/thomas24/hive_ws2/install/nav2_behavior_tree/lib/libnav2_would_a_route_recovery_help_condition_bt_node.so
[0.835s] -- Up-to-date: /home/thomas24/hive_ws2/install/nav2_behavior_tree/lib/libnav2_reinitialize_global_localization_service_bt_node.so
[0.836s] -- Up-to-date: /home/thomas24/hive_ws2/install/nav2_behavior_tree/lib/libnav2_rate_controller_bt_node.so
[0.836s] -- Up-to-date: /home/thomas24/hive_ws2/install/nav2_behavior_tree/lib/libnav2_distance_controller_bt_node.so
[0.837s] -- Up-to-date: /home/thomas24/hive_ws2/install/nav2_behavior_tree/lib/libnav2_speed_controller_bt_node.so
[0.837s] -- Up-to-date: /home/thomas24/hive_ws2/install/nav2_behavior_tree/lib/libnav2_truncate_path_action_bt_node.so
[0.838s] -- Up-to-date: /home/thomas24/hive_ws2/install/nav2_behavior_tree/lib/libnav2_concatenate_paths_action_bt_node.so
[0.838s] -- Up-to-date: /home/thomas24/hive_ws2/install/nav2_behavior_tree/lib/libnav2_truncate_path_local_action_bt_node.so
[0.839s] -- Up-to-date: /home/thomas24/hive_ws2/install/nav2_behavior_tree/lib/libnav2_goal_updater_node_bt_node.so
[0.840s] -- Up-to-date: /home/thomas24/hive_ws2/install/nav2_behavior_tree/lib/libnav2_path_longer_on_approach_bt_node.so
[0.840s] -- Up-to-date: /home/thomas24/hive_ws2/install/nav2_behavior_tree/lib/libnav2_recovery_node_bt_node.so
[0.841s] -- Up-to-date: /home/thomas24/hive_ws2/install/nav2_behavior_tree/lib/libnav2_navigate_to_pose_action_bt_node.so
[0.841s] -- Up-to-date: /home/thomas24/hive_ws2/install/nav2_behavior_tree/lib/libnav2_navigate_through_poses_action_bt_node.so
[0.842s] -- Up-to-date: /home/thomas24/hive_ws2/install/nav2_behavior_tree/lib/libnav2_remove_passed_goals_action_bt_node.so
[0.842s] -- Up-to-date: /home/thomas24/hive_ws2/install/nav2_behavior_tree/lib/libnav2_remove_in_collision_goals_action_bt_node.so
[0.843s] -- Up-to-date: /home/thomas24/hive_ws2/install/nav2_behavior_tree/lib/libnav2_append_goal_pose_to_goals_action_bt_node.so
[0.844s] -- Up-to-date: /home/thomas24/hive_ws2/install/nav2_behavior_tree/lib/libnav2_get_pose_from_path_action_bt_node.so
[0.844s] -- Up-to-date: /home/thomas24/hive_ws2/install/nav2_behavior_tree/lib/libnav2_extract_route_nodes_as_goals_action_bt_node.so
[0.845s] -- Up-to-date: /home/thomas24/hive_ws2/install/nav2_behavior_tree/lib/libnav2_get_next_few_goals_action_bt_node.so
[0.846s] -- Up-to-date: /home/thomas24/hive_ws2/install/nav2_behavior_tree/lib/libnav2_get_current_pose_action_bt_node.so
[0.846s] -- Up-to-date: /home/thomas24/hive_ws2/install/nav2_behavior_tree/lib/libnav2_pipeline_sequence_bt_node.so
[0.847s] -- Up-to-date: /home/thomas24/hive_ws2/install/nav2_behavior_tree/lib/libnav2_nonblocking_sequence_bt_node.so
[0.847s] -- Up-to-date: /home/thomas24/hive_ws2/install/nav2_behavior_tree/lib/libnav2_round_robin_node_bt_node.so
[0.849s] -- Up-to-date: /home/thomas24/hive_ws2/install/nav2_behavior_tree/lib/libnav2_pause_resume_controller_bt_node.so
[0.849s] -- Up-to-date: /home/thomas24/hive_ws2/install/nav2_behavior_tree/lib/libnav2_persistent_sequence_bt_node.so
[0.849s] -- Up-to-date: /home/thomas24/hive_ws2/install/nav2_behavior_tree/lib/libnav2_single_trigger_bt_node.so
[0.850s] -- Up-to-date: /home/thomas24/hive_ws2/install/nav2_behavior_tree/lib/libnav2_planner_selector_bt_node.so
[0.850s] -- Up-to-date: /home/thomas24/hive_ws2/install/nav2_behavior_tree/lib/libnav2_controller_selector_bt_node.so
[0.851s] -- Up-to-date: /home/thomas24/hive_ws2/install/nav2_behavior_tree/lib/libnav2_smoother_selector_bt_node.so
[0.851s] -- Up-to-date: /home/thomas24/hive_ws2/install/nav2_behavior_tree/lib/libnav2_goal_checker_selector_bt_node.so
[0.852s] -- Up-to-date: /home/thomas24/hive_ws2/install/nav2_behavior_tree/lib/libnav2_progress_checker_selector_bt_node.so
[0.853s] -- Up-to-date: /home/thomas24/hive_ws2/install/nav2_behavior_tree/lib/libnav2_goal_updated_controller_bt_node.so
[0.853s] -- Up-to-date: /home/thomas24/hive_ws2/install/nav2_behavior_tree/lib/libnav2_compute_and_track_route_cancel_bt_node.so
[0.854s] -- Up-to-date: /home/thomas24/hive_ws2/install/nav2_behavior_tree/lib/libnav2_compute_and_track_route_bt_node.so
[0.854s] -- Up-to-date: /home/thomas24/hive_ws2/install/nav2_behavior_tree/lib/libnav2_compute_route_bt_node.so
[0.856s] -- Up-to-date: /home/thomas24/hive_ws2/install/nav2_behavior_tree/lib/libnav2_toggle_collision_monitor_service_bt_node.so
[0.856s] -- Up-to-date: /home/thomas24/hive_ws2/install/nav2_behavior_tree/share/nav2_behavior_tree/cmake/nav2_behavior_treeExport.cmake
[0.856s] -- Up-to-date: /home/thomas24/hive_ws2/install/nav2_behavior_tree/share/nav2_behavior_tree/cmake/nav2_behavior_treeExport-release.cmake
[0.858s] Invoked command in '/home/thomas24/hive_ws2/build/nav2_behavior_tree' returned '0': CMAKE_PREFIX_PATH=/home/thomas24/hive_ws2/install/nav2_util:/home/thomas24/hive_ws2/install/nav2_ros_common:/home/thomas24/hive_ws2/install/nav2_msgs:/home/thomas24/hive_ws2/install/nav2_common:/home/thomas24/hive_ws2/install/nav2_bringup:/home/thomas24/hive_ws2/install/navigation2:/home/thomas24/hive_ws2/install/opennav_docking:/home/thomas24/hive_ws2/install/opennav_docking_core:/home/thomas24/hive_ws2/install/opennav_docking_bt:/home/thomas24/hive_ws2/install/nav2_dwb_controller:/home/thomas24/hive_ws2/install/dwb_plugins:/home/thomas24/hive_ws2/install/dwb_critics:/home/thomas24/hive_ws2/install/dwb_core:/home/thomas24/hive_ws2/install/nav_2d_utils:/home/thomas24/hive_ws2/install/dwb_msgs:/home/thomas24/hive_ws2/install/nav_2d_msgs:/home/thomas24/hive_ws2/install/nav2_waypoint_follower:/home/thomas24/hive_ws2/install/nav2_theta_star_planner:/home/thomas24/hive_ws2/install/nav2_smoother:/home/thomas24/hive_ws2/install/nav2_smac_planner:/home/thomas24/hive_ws2/install/nav2_rviz_plugins:/home/thomas24/hive_ws2/install/nav2_route:/home/thomas24/hive_ws2/install/nav2_rotation_shim_controller:/home/thomas24/hive_ws2/install/nav2_regulated_pure_pursuit_controller:/home/thomas24/hive_ws2/install/nav2_planner:/home/thomas24/hive_ws2/install/nav2_navfn_planner:/home/thomas24/hive_ws2/install/nav2_mppi_controller:/home/thomas24/hive_ws2/install/nav2_graceful_controller:/home/thomas24/hive_ws2/install/nav2_controller:/home/thomas24/hive_ws2/install/nav2_constrained_smoother:/home/thomas24/hive_ws2/install/nav2_bt_navigator:/home/thomas24/hive_ws2/install/nav2_behaviors:/home/thomas24/hive_ws2/install/nav2_core:/home/thomas24/hive_ws2/install/nav2_collision_monitor:/home/thomas24/hive_ws2/install/hive_costmap:/home/thomas24/hive_ws2/install/costmap_queue:/home/thomas24/hive_ws2/install/nav2_costmap_2d:/home/thomas24/hive_ws2/install/nav2_voxel_grid:/home/thomas24/hive_ws2/install/nav2_velocity_smoother:/home/thomas24/hive_ws2/install/nav2_map_server:/home/thomas24/hive_ws2/install/nav2_lifecycle_manager:/home/thomas24/hive_ws2/install/nav2_behavior_tree:/home/thomas24/hive_ws2/install/nav2_amcl:/home/thomas24/hive_ws2/install/nav2_system_tests:/home/thomas24/hive_ws2/install/hive_route_planner:/home/thomas24/hive_ws2/install/dev_route_provider:/home/thomas24/hive_ws2/install/hive_interface2:/home/thomas24/hiveverse_ws/install/hive_simulation:/home/thomas24/hiveverse_ws/install/hive_robot_description:/opt/ros/jazzy/opt/gz_sim_vendor:/opt/ros/jazzy/opt/gz_sensors_vendor:/opt/ros/jazzy/opt/gz_physics_vendor:/opt/ros/jazzy/opt/sdformat_vendor:/opt/ros/jazzy/opt/gz_gui_vendor:/opt/ros/jazzy/opt/gz_transport_vendor:/opt/ros/jazzy/opt/gz_rendering_vendor:/opt/ros/jazzy/opt/gz_plugin_vendor:/opt/ros/jazzy/opt/gz_fuel_tools_vendor:/opt/ros/jazzy/opt/gz_msgs_vendor:/opt/ros/jazzy/opt/gz_common_vendor:/opt/ros/jazzy/opt/gz_math_vendor:/opt/ros/jazzy/opt/gz_utils_vendor:/opt/ros/jazzy/opt/gz_tools_vendor:/opt/ros/jazzy/opt/gz_ogre_next_vendor:/opt/ros/jazzy/opt/gz_dartsim_vendor:/opt/ros/jazzy/opt/gz_cmake_vendor:/home/thomas24/hive_ws2/install/vanilla_brain_nav2:/home/thomas24/hive_ws2/install/nav2_loopback_sim:/home/thomas24/hive_ws2/install/nav2_simple_commander:/home/thomas24/hiveverse_ws/install/hive_tools:/home/thomas24/hiveverse_ws/install/hive_bringup:/opt/ros/jazzy DEBUGINFOD_URLS=https://debuginfod.ubuntu.com LD_LIBRARY_PATH=/home/thomas24/hive_ws2/install/nav2_util/lib:/home/thomas24/hive_ws2/install/nav2_msgs/lib:/home/thomas24/hive_ws2/install/opennav_docking/lib:/home/thomas24/hive_ws2/install/opennav_docking_bt/lib:/home/thomas24/hive_ws2/install/dwb_plugins/lib:/home/thomas24/hive_ws2/install/dwb_critics/lib:/home/thomas24/hive_ws2/install/dwb_core/lib:/home/thomas24/hive_ws2/install/nav_2d_utils/lib:/home/thomas24/hive_ws2/install/dwb_msgs/lib:/home/thomas24/hive_ws2/install/nav_2d_msgs/lib:/home/thomas24/hive_ws2/install/nav2_waypoint_follower/lib:/home/thomas24/hive_ws2/install/nav2_theta_star_planner/lib:/home/thomas24/hive_ws2/install/nav2_smoother/lib:/home/thomas24/hive_ws2/install/nav2_smac_planner/lib:/home/thomas24/hive_ws2/install/nav2_rviz_plugins/lib:/home/thomas24/hive_ws2/install/nav2_route/lib:/home/thomas24/hive_ws2/install/nav2_rotation_shim_controller/lib:/home/thomas24/hive_ws2/install/nav2_regulated_pure_pursuit_controller/lib:/home/thomas24/hive_ws2/install/nav2_planner/lib:/home/thomas24/hive_ws2/install/nav2_navfn_planner/lib:/home/thomas24/hive_ws2/install/nav2_mppi_controller/lib:/home/thomas24/hive_ws2/install/nav2_graceful_controller/lib:/home/thomas24/hive_ws2/install/nav2_controller/lib:/home/thomas24/hive_ws2/install/nav2_constrained_smoother/lib:/home/thomas24/hive_ws2/install/nav2_bt_navigator/lib:/home/thomas24/hive_ws2/install/nav2_behaviors/lib:/home/thomas24/hive_ws2/install/nav2_collision_monitor/lib:/home/thomas24/hive_ws2/install/hive_costmap/lib:/home/thomas24/hive_ws2/install/costmap_queue/lib:/home/thomas24/hive_ws2/install/nav2_costmap_2d/lib:/home/thomas24/hive_ws2/install/nav2_voxel_grid/lib:/home/thomas24/hive_ws2/install/nav2_velocity_smoother/lib:/home/thomas24/hive_ws2/install/nav2_map_server/lib:/home/thomas24/hive_ws2/install/nav2_lifecycle_manager/lib:/home/thomas24/hive_ws2/install/nav2_behavior_tree/lib:/home/thomas24/hive_ws2/install/nav2_amcl/lib:/home/thomas24/hive_ws2/install/nav2_system_tests/lib:/home/thomas24/hive_ws2/install/hive_interface2/lib:/opt/ros/jazzy/opt/gz_sim_vendor/lib:/opt/ros/jazzy/opt/gz_sensors_vendor/lib:/opt/ros/jazzy/opt/gz_physics_vendor/lib:/opt/ros/jazzy/opt/sdformat_vendor/lib:/opt/ros/jazzy/opt/rviz_ogre_vendor/lib:/opt/ros/jazzy/lib/x86_64-linux-gnu:/opt/ros/jazzy/opt/gz_gui_vendor/lib:/opt/ros/jazzy/opt/gz_transport_vendor/lib:/opt/ros/jazzy/opt/gz_rendering_vendor/lib:/opt/ros/jazzy/opt/gz_plugin_vendor/lib:/opt/ros/jazzy/opt/gz_fuel_tools_vendor/lib:/opt/ros/jazzy/opt/gz_msgs_vendor/lib:/opt/ros/jazzy/opt/gz_common_vendor/lib:/opt/ros/jazzy/opt/gz_math_vendor/lib:/opt/ros/jazzy/opt/gz_utils_vendor/lib:/opt/ros/jazzy/opt/gz_tools_vendor/lib:/opt/ros/jazzy/opt/gz_ogre_next_vendor/lib:/opt/ros/jazzy/opt/gz_dartsim_vendor/lib:/opt/ros/jazzy/opt/gz_cmake_vendor/lib:/opt/ros/jazzy/lib PYTHONPATH=/home/thomas24/hive_ws2/install/nav2_msgs/lib/python3.12/site-packages:/home/thomas24/hive_ws2/install/nav2_common/lib/python3.12/site-packages:/home/thomas24/hive_ws2/install/vanilla_brain_nav2/lib/python3.12/site-packages:/home/thomas24/hive_ws2/install/dwb_msgs/lib/python3.12/site-packages:/home/thomas24/hive_ws2/install/nav_2d_msgs/lib/python3.12/site-packages:/home/thomas24/hive_ws2/install/nav2_loopback_sim/lib/python3.12/site-packages:/home/thomas24/hive_ws2/install/nav2_simple_commander/lib/python3.12/site-packages:/home/thomas24/hive_ws2/install/hive_interface2/lib/python3.12/site-packages:/home/thomas24/hiveverse_ws/install/hive_tools/lib/python3.12/site-packages:/home/thomas24/hiveverse_ws/install/hive_bringup/lib/python3.12/site-packages:/opt/ros/jazzy/lib/python3.12/site-packages /usr/bin/cmake --install /home/thomas24/hive_ws2/build/nav2_behavior_tree
