-- Found ament_cmake: 2.5.4 (/opt/ros/jazzy/share/ament_cmake/cmake)
-- Override CMake install command with custom implementation using symlinks instead of copying resources
-- Found rclcpp: 28.1.11 (/opt/ros/jazzy/share/rclcpp/cmake)
-- Found rosidl_generator_c: 4.6.6 (/opt/ros/jazzy/share/rosidl_generator_c/cmake)
-- Found rosidl_generator_cpp: 4.6.6 (/opt/ros/jazzy/share/rosidl_generator_cpp/cmake)
-- Using all available rosidl_typesupport_c: rosidl_typesupport_fastrtps_c;rosidl_typesupport_introspection_c
-- Using all available rosidl_typesupport_cpp: rosidl_typesupport_fastrtps_cpp;rosidl_typesupport_introspection_cpp
-- Found rmw_implementation_cmake: 7.3.2 (/opt/ros/jazzy/share/rmw_implementation_cmake/cmake)
-- Found rmw_fastrtps_cpp: 8.4.3 (/opt/ros/jazzy/share/rmw_fastrtps_cpp/cmake)
-- Using RMW implementation 'rmw_fastrtps_cpp' as default
-- Found std_srvs: 5.3.6 (/opt/ros/jazzy/share/std_srvs/cmake)
-- Found geometry_msgs: 5.3.6 (/opt/ros/jazzy/share/geometry_msgs/cmake)
-- Found nav_msgs: 5.3.6 (/opt/ros/jazzy/share/nav_msgs/cmake)
-- Found hive_interface2: 0.0.1 (/home/thomas24/hive_ws2/install/hive_interface2/share/hive_interface2/cmake)
-- Configuring done (0.5s)
-- Generating done (0.0s)
-- Build files have been written to: /home/thomas24/hive_ws2/build/hive_nav_brain
[ 25%] [32mBuilding CXX object CMakeFiles/hive_nav_brain_lib.dir/src/hive_nav_brain_node.cpp.o[0m
[ 50%] [32m[1mLinking CXX static library libhive_nav_brain_lib.a[0m
[ 50%] Built target hive_nav_brain_lib
[ 75%] [32mBuilding CXX object CMakeFiles/hive_nav_brain_node.dir/src/main.cpp.o[0m
[100%] [32m[1mLinking CXX executable hive_nav_brain_node[0m
[100%] Built target hive_nav_brain_node
-- Install configuration: ""
-- Execute custom install script
-- Symlinking: /home/thomas24/hive_ws2/install/hive_nav_brain/lib/libhive_nav_brain_lib.a
-- Up-to-date symlink: /home/thomas24/hive_ws2/install/hive_nav_brain/lib/hive_nav_brain/hive_nav_brain_node
-- Up-to-date symlink: /home/thomas24/hive_ws2/install/hive_nav_brain/include/hive_nav_brain/colors.hpp
-- Up-to-date symlink: /home/thomas24/hive_ws2/install/hive_nav_brain/include/hive_nav_brain/data_store.hpp
-- Up-to-date symlink: /home/thomas24/hive_ws2/install/hive_nav_brain/include/hive_nav_brain/hive_nav_brain_node.hpp
-- Up-to-date symlink: /home/thomas24/hive_ws2/install/hive_nav_brain/include/hive_nav_brain/params.hpp
-- Up-to-date symlink: /home/thomas24/hive_ws2/install/hive_nav_brain/share/hive_nav_brain/launch/hive_nav_brain.launch.py
-- Up-to-date symlink: /home/thomas24/hive_ws2/install/hive_nav_brain/share/ament_index/resource_index/package_run_dependencies/hive_nav_brain
-- Up-to-date symlink: /home/thomas24/hive_ws2/install/hive_nav_brain/share/ament_index/resource_index/parent_prefix_path/hive_nav_brain
-- Up-to-date symlink: /home/thomas24/hive_ws2/install/hive_nav_brain/share/hive_nav_brain/environment/ament_prefix_path.sh
-- Up-to-date symlink: /home/thomas24/hive_ws2/install/hive_nav_brain/share/hive_nav_brain/environment/ament_prefix_path.dsv
-- Up-to-date symlink: /home/thomas24/hive_ws2/install/hive_nav_brain/share/hive_nav_brain/environment/path.sh
-- Up-to-date symlink: /home/thomas24/hive_ws2/install/hive_nav_brain/share/hive_nav_brain/environment/path.dsv
-- Up-to-date symlink: /home/thomas24/hive_ws2/install/hive_nav_brain/share/hive_nav_brain/local_setup.bash
-- Up-to-date symlink: /home/thomas24/hive_ws2/install/hive_nav_brain/share/hive_nav_brain/local_setup.sh
-- Up-to-date symlink: /home/thomas24/hive_ws2/install/hive_nav_brain/share/hive_nav_brain/local_setup.zsh
-- Up-to-date symlink: /home/thomas24/hive_ws2/install/hive_nav_brain/share/hive_nav_brain/local_setup.dsv
-- Symlinking: /home/thomas24/hive_ws2/install/hive_nav_brain/share/hive_nav_brain/package.dsv
-- Up-to-date symlink: /home/thomas24/hive_ws2/install/hive_nav_brain/share/ament_index/resource_index/packages/hive_nav_brain
-- Up-to-date symlink: /home/thomas24/hive_ws2/install/hive_nav_brain/share/hive_nav_brain/cmake/hive_nav_brainConfig.cmake
-- Up-to-date symlink: /home/thomas24/hive_ws2/install/hive_nav_brain/share/hive_nav_brain/cmake/hive_nav_brainConfig-version.cmake
-- Up-to-date symlink: /home/thomas24/hive_ws2/install/hive_nav_brain/share/hive_nav_brain/package.xml
