[0.035s] Invoking command in '/home/thomas24/hive_ws2/build/nav2_behavior_tree': CMAKE_PREFIX_PATH=/home/thomas24/hive_ws2/install/nav2_util:/home/thomas24/hive_ws2/install/nav2_ros_common:/home/thomas24/hive_ws2/install/nav2_msgs:/home/thomas24/hive_ws2/install/nav2_common:/home/thomas24/hive_ws2/install/nav2_bringup:/home/thomas24/hive_ws2/install/navigation2:/home/thomas24/hive_ws2/install/opennav_docking:/home/thomas24/hive_ws2/install/opennav_docking_core:/home/thomas24/hive_ws2/install/opennav_docking_bt:/home/thomas24/hive_ws2/install/nav2_dwb_controller:/home/thomas24/hive_ws2/install/dwb_plugins:/home/thomas24/hive_ws2/install/dwb_critics:/home/thomas24/hive_ws2/install/dwb_core:/home/thomas24/hive_ws2/install/nav_2d_utils:/home/thomas24/hive_ws2/install/dwb_msgs:/home/thomas24/hive_ws2/install/nav_2d_msgs:/home/thomas24/hive_ws2/install/nav2_waypoint_follower:/home/thomas24/hive_ws2/install/nav2_theta_star_planner:/home/thomas24/hive_ws2/install/nav2_smoother:/home/thomas24/hive_ws2/install/nav2_smac_planner:/home/thomas24/hive_ws2/install/nav2_rviz_plugins:/home/thomas24/hive_ws2/install/nav2_route:/home/thomas24/hive_ws2/install/nav2_rotation_shim_controller:/home/thomas24/hive_ws2/install/nav2_regulated_pure_pursuit_controller:/home/thomas24/hive_ws2/install/nav2_planner:/home/thomas24/hive_ws2/install/nav2_navfn_planner:/home/thomas24/hive_ws2/install/nav2_mppi_controller:/home/thomas24/hive_ws2/install/nav2_graceful_controller:/home/thomas24/hive_ws2/install/nav2_controller:/home/thomas24/hive_ws2/install/nav2_constrained_smoother:/home/thomas24/hive_ws2/install/nav2_bt_navigator:/home/thomas24/hive_ws2/install/nav2_behaviors:/home/thomas24/hive_ws2/install/nav2_core:/home/thomas24/hive_ws2/install/nav2_collision_monitor:/home/thomas24/hive_ws2/install/costmap_queue:/home/thomas24/hive_ws2/install/nav2_costmap_2d:/home/thomas24/hive_ws2/install/nav2_voxel_grid:/home/thomas24/hive_ws2/install/nav2_velocity_smoother:/home/thomas24/hive_ws2/install/nav2_map_server:/home/thomas24/hive_ws2/install/nav2_lifecycle_manager:/home/thomas24/hive_ws2/install/nav2_behavior_tree:/home/thomas24/hive_ws2/install/nav2_amcl:/home/thomas24/hive_ws2/install/nav2_system_tests:/home/thomas24/hive_ws2/install/hive_costmap:/home/thomas24/hiveverse_ws/install/hive_simulation:/home/thomas24/hiveverse_ws/install/hive_robot_description:/opt/ros/jazzy/opt/gz_sim_vendor:/opt/ros/jazzy/opt/gz_sensors_vendor:/opt/ros/jazzy/opt/gz_physics_vendor:/opt/ros/jazzy/opt/sdformat_vendor:/opt/ros/jazzy/opt/gz_gui_vendor:/opt/ros/jazzy/opt/gz_transport_vendor:/opt/ros/jazzy/opt/gz_rendering_vendor:/opt/ros/jazzy/opt/gz_plugin_vendor:/opt/ros/jazzy/opt/gz_fuel_tools_vendor:/opt/ros/jazzy/opt/gz_msgs_vendor:/opt/ros/jazzy/opt/gz_common_vendor:/opt/ros/jazzy/opt/gz_math_vendor:/opt/ros/jazzy/opt/gz_utils_vendor:/opt/ros/jazzy/opt/gz_tools_vendor:/opt/ros/jazzy/opt/gz_ogre_next_vendor:/opt/ros/jazzy/opt/gz_dartsim_vendor:/opt/ros/jazzy/opt/gz_cmake_vendor:/home/thomas24/hive_ws2/install/vanilla_brain_nav2:/home/thomas24/hive_ws2/install/nav2_loopback_sim:/home/thomas24/hive_ws2/install/nav2_simple_commander:/home/thomas24/hiveverse_ws/install/hive_tools:/home/thomas24/hiveverse_ws/install/hive_bringup:/opt/ros/jazzy DEBUGINFOD_URLS=https://debuginfod.ubuntu.com LD_LIBRARY_PATH=/home/thomas24/hive_ws2/install/nav2_util/lib:/home/thomas24/hive_ws2/install/nav2_msgs/lib:/home/thomas24/hive_ws2/install/hive_costmap/lib:/home/thomas24/hive_ws2/install/opennav_docking/lib:/home/thomas24/hive_ws2/install/opennav_docking_bt/lib:/home/thomas24/hive_ws2/install/dwb_plugins/lib:/home/thomas24/hive_ws2/install/dwb_critics/lib:/home/thomas24/hive_ws2/install/dwb_core/lib:/home/thomas24/hive_ws2/install/nav_2d_utils/lib:/home/thomas24/hive_ws2/install/dwb_msgs/lib:/home/thomas24/hive_ws2/install/nav_2d_msgs/lib:/home/thomas24/hive_ws2/install/nav2_waypoint_follower/lib:/home/thomas24/hive_ws2/install/nav2_theta_star_planner/lib:/home/thomas24/hive_ws2/install/nav2_smoother/lib:/home/thomas24/hive_ws2/install/nav2_smac_planner/lib:/home/thomas24/hive_ws2/install/nav2_rviz_plugins/lib:/home/thomas24/hive_ws2/install/nav2_route/lib:/home/thomas24/hive_ws2/install/nav2_rotation_shim_controller/lib:/home/thomas24/hive_ws2/install/nav2_regulated_pure_pursuit_controller/lib:/home/thomas24/hive_ws2/install/nav2_planner/lib:/home/thomas24/hive_ws2/install/nav2_navfn_planner/lib:/home/thomas24/hive_ws2/install/nav2_mppi_controller/lib:/home/thomas24/hive_ws2/install/nav2_graceful_controller/lib:/home/thomas24/hive_ws2/install/nav2_controller/lib:/home/thomas24/hive_ws2/install/nav2_constrained_smoother/lib:/home/thomas24/hive_ws2/install/nav2_bt_navigator/lib:/home/thomas24/hive_ws2/install/nav2_behaviors/lib:/home/thomas24/hive_ws2/install/nav2_collision_monitor/lib:/home/thomas24/hive_ws2/install/costmap_queue/lib:/home/thomas24/hive_ws2/install/nav2_costmap_2d/lib:/home/thomas24/hive_ws2/install/nav2_voxel_grid/lib:/home/thomas24/hive_ws2/install/nav2_velocity_smoother/lib:/home/thomas24/hive_ws2/install/nav2_map_server/lib:/home/thomas24/hive_ws2/install/nav2_lifecycle_manager/lib:/home/thomas24/hive_ws2/install/nav2_behavior_tree/lib:/home/thomas24/hive_ws2/install/nav2_amcl/lib:/home/thomas24/hive_ws2/install/nav2_system_tests/lib:/opt/ros/jazzy/opt/gz_sim_vendor/lib:/opt/ros/jazzy/opt/gz_sensors_vendor/lib:/opt/ros/jazzy/opt/gz_physics_vendor/lib:/opt/ros/jazzy/opt/sdformat_vendor/lib:/opt/ros/jazzy/opt/rviz_ogre_vendor/lib:/opt/ros/jazzy/lib/x86_64-linux-gnu:/opt/ros/jazzy/opt/gz_gui_vendor/lib:/opt/ros/jazzy/opt/gz_transport_vendor/lib:/opt/ros/jazzy/opt/gz_rendering_vendor/lib:/opt/ros/jazzy/opt/gz_plugin_vendor/lib:/opt/ros/jazzy/opt/gz_fuel_tools_vendor/lib:/opt/ros/jazzy/opt/gz_msgs_vendor/lib:/opt/ros/jazzy/opt/gz_common_vendor/lib:/opt/ros/jazzy/opt/gz_math_vendor/lib:/opt/ros/jazzy/opt/gz_utils_vendor/lib:/opt/ros/jazzy/opt/gz_tools_vendor/lib:/opt/ros/jazzy/opt/gz_ogre_next_vendor/lib:/opt/ros/jazzy/opt/gz_dartsim_vendor/lib:/opt/ros/jazzy/opt/gz_cmake_vendor/lib:/opt/ros/jazzy/lib PYTHONPATH=/home/thomas24/hive_ws2/install/nav2_msgs/lib/python3.12/site-packages:/home/thomas24/hive_ws2/install/nav2_common/lib/python3.12/site-packages:/home/thomas24/hive_ws2/install/vanilla_brain_nav2/lib/python3.12/site-packages:/home/thomas24/hive_ws2/install/dwb_msgs/lib/python3.12/site-packages:/home/thomas24/hive_ws2/install/nav_2d_msgs/lib/python3.12/site-packages:/home/thomas24/hive_ws2/install/nav2_loopback_sim/lib/python3.12/site-packages:/home/thomas24/hive_ws2/install/nav2_simple_commander/lib/python3.12/site-packages:/home/thomas24/hiveverse_ws/install/hive_tools/lib/python3.12/site-packages:/home/thomas24/hiveverse_ws/install/hive_bringup/lib/python3.12/site-packages:/opt/ros/jazzy/lib/python3.12/site-packages /usr/bin/cmake /home/thomas24/hive_ws2/src/navigation2/nav2_behavior_tree -DCMAKE_INSTALL_PREFIX=/home/thomas24/hive_ws2/install/nav2_behavior_tree
[0.051s] -- Found ament_cmake: 2.5.4 (/opt/ros/jazzy/share/ament_cmake/cmake)
[0.319s] -- Override CMake install command with custom implementation using symlinks instead of copying resources
[0.326s] -- Found action_msgs: 2.0.3 (/opt/ros/jazzy/share/action_msgs/cmake)
[0.354s] -- Found rosidl_generator_c: 4.6.6 (/opt/ros/jazzy/share/rosidl_generator_c/cmake)
[0.362s] -- Found rosidl_generator_cpp: 4.6.6 (/opt/ros/jazzy/share/rosidl_generator_cpp/cmake)
[0.375s] -- Using all available rosidl_typesupport_c: rosidl_typesupport_fastrtps_c;rosidl_typesupport_introspection_c
[0.389s] -- Using all available rosidl_typesupport_cpp: rosidl_typesupport_fastrtps_cpp;rosidl_typesupport_introspection_cpp
[0.436s] -- Found behaviortree_cpp: 4.7.1 (/opt/ros/jazzy/share/behaviortree_cpp/cmake)
[0.438s] -- Found geometry_msgs: 5.3.6 (/opt/ros/jazzy/share/geometry_msgs/cmake)
[0.466s] -- Found nav2_common: 1.4.0 (/home/thomas24/hive_ws2/install/nav2_common/share/nav2_common/cmake)
[0.466s] -- Found nav2_msgs: 1.4.0 (/home/thomas24/hive_ws2/install/nav2_msgs/share/nav2_msgs/cmake)
[0.576s] -- Found nav2_util: 1.4.0 (/home/thomas24/hive_ws2/install/nav2_util/share/nav2_util/cmake)
[0.621s] -- Found rmw_implementation_cmake: 7.3.2 (/opt/ros/jazzy/share/rmw_implementation_cmake/cmake)
[0.624s] -- Found rmw_fastrtps_cpp: 8.4.3 (/opt/ros/jazzy/share/rmw_fastrtps_cpp/cmake)
[0.705s] -- Using RMW implementation 'rmw_fastrtps_cpp' as default
[0.828s] -- Found eigen3_cmake_module: 0.3.0 (/opt/ros/jazzy/share/eigen3_cmake_module/cmake)
[0.829s] -- Ensuring Eigen3 include directory is part of orocos-kdl CMake target
[0.910s] -- Found sensor_msgs: 5.3.6 (/opt/ros/jazzy/share/sensor_msgs/cmake)
[0.930s] -- Found std_srvs: 5.3.6 (/opt/ros/jazzy/share/std_srvs/cmake)
[0.958s] -- Found ament_lint_auto: 0.17.3 (/opt/ros/jazzy/share/ament_lint_auto/cmake)
[1.087s] -- Found gtest sources under '/opt/ros/jazzy/src/gtest_vendor': C++ tests using 'Google Test' will be built
[1.213s] -- Added test 'copyright' to check source files copyright and LICENSE
[1.227s] -- Added test 'cppcheck' to perform static code analysis on C / C++ code
[1.230s] -- Configured cppcheck include dirs: $<BUILD_INTERFACE:/home/thomas24/hive_ws2/src/navigation2/nav2_behavior_tree/include>
[1.230s] -- Configured cppcheck exclude dirs and/or files: 
[1.246s] -- Added test 'cpplint' to check C / C++ code against the Google style
[1.246s] -- Configured cpplint exclude dirs and/or files: 
[1.254s] -- Added test 'lint_cmake' to check CMake code style
[1.272s] -- Added test 'uncrustify' to check C / C++ code style
[1.272s] -- Configured uncrustify additional arguments: 
[1.275s] -- Added test 'xmllint' to check XML markup files
[1.280s] -- Configuring done (1.2s)
[2.341s] -- Generating done (0.8s)
[2.593s] -- Build files have been written to: /home/thomas24/hive_ws2/build/nav2_behavior_tree
[2.646s] Invoked command in '/home/thomas24/hive_ws2/build/nav2_behavior_tree' returned '0': CMAKE_PREFIX_PATH=/home/thomas24/hive_ws2/install/nav2_util:/home/thomas24/hive_ws2/install/nav2_ros_common:/home/thomas24/hive_ws2/install/nav2_msgs:/home/thomas24/hive_ws2/install/nav2_common:/home/thomas24/hive_ws2/install/nav2_bringup:/home/thomas24/hive_ws2/install/navigation2:/home/thomas24/hive_ws2/install/opennav_docking:/home/thomas24/hive_ws2/install/opennav_docking_core:/home/thomas24/hive_ws2/install/opennav_docking_bt:/home/thomas24/hive_ws2/install/nav2_dwb_controller:/home/thomas24/hive_ws2/install/dwb_plugins:/home/thomas24/hive_ws2/install/dwb_critics:/home/thomas24/hive_ws2/install/dwb_core:/home/thomas24/hive_ws2/install/nav_2d_utils:/home/thomas24/hive_ws2/install/dwb_msgs:/home/thomas24/hive_ws2/install/nav_2d_msgs:/home/thomas24/hive_ws2/install/nav2_waypoint_follower:/home/thomas24/hive_ws2/install/nav2_theta_star_planner:/home/thomas24/hive_ws2/install/nav2_smoother:/home/thomas24/hive_ws2/install/nav2_smac_planner:/home/thomas24/hive_ws2/install/nav2_rviz_plugins:/home/thomas24/hive_ws2/install/nav2_route:/home/thomas24/hive_ws2/install/nav2_rotation_shim_controller:/home/thomas24/hive_ws2/install/nav2_regulated_pure_pursuit_controller:/home/thomas24/hive_ws2/install/nav2_planner:/home/thomas24/hive_ws2/install/nav2_navfn_planner:/home/thomas24/hive_ws2/install/nav2_mppi_controller:/home/thomas24/hive_ws2/install/nav2_graceful_controller:/home/thomas24/hive_ws2/install/nav2_controller:/home/thomas24/hive_ws2/install/nav2_constrained_smoother:/home/thomas24/hive_ws2/install/nav2_bt_navigator:/home/thomas24/hive_ws2/install/nav2_behaviors:/home/thomas24/hive_ws2/install/nav2_core:/home/thomas24/hive_ws2/install/nav2_collision_monitor:/home/thomas24/hive_ws2/install/costmap_queue:/home/thomas24/hive_ws2/install/nav2_costmap_2d:/home/thomas24/hive_ws2/install/nav2_voxel_grid:/home/thomas24/hive_ws2/install/nav2_velocity_smoother:/home/thomas24/hive_ws2/install/nav2_map_server:/home/thomas24/hive_ws2/install/nav2_lifecycle_manager:/home/thomas24/hive_ws2/install/nav2_behavior_tree:/home/thomas24/hive_ws2/install/nav2_amcl:/home/thomas24/hive_ws2/install/nav2_system_tests:/home/thomas24/hive_ws2/install/hive_costmap:/home/thomas24/hiveverse_ws/install/hive_simulation:/home/thomas24/hiveverse_ws/install/hive_robot_description:/opt/ros/jazzy/opt/gz_sim_vendor:/opt/ros/jazzy/opt/gz_sensors_vendor:/opt/ros/jazzy/opt/gz_physics_vendor:/opt/ros/jazzy/opt/sdformat_vendor:/opt/ros/jazzy/opt/gz_gui_vendor:/opt/ros/jazzy/opt/gz_transport_vendor:/opt/ros/jazzy/opt/gz_rendering_vendor:/opt/ros/jazzy/opt/gz_plugin_vendor:/opt/ros/jazzy/opt/gz_fuel_tools_vendor:/opt/ros/jazzy/opt/gz_msgs_vendor:/opt/ros/jazzy/opt/gz_common_vendor:/opt/ros/jazzy/opt/gz_math_vendor:/opt/ros/jazzy/opt/gz_utils_vendor:/opt/ros/jazzy/opt/gz_tools_vendor:/opt/ros/jazzy/opt/gz_ogre_next_vendor:/opt/ros/jazzy/opt/gz_dartsim_vendor:/opt/ros/jazzy/opt/gz_cmake_vendor:/home/thomas24/hive_ws2/install/vanilla_brain_nav2:/home/thomas24/hive_ws2/install/nav2_loopback_sim:/home/thomas24/hive_ws2/install/nav2_simple_commander:/home/thomas24/hiveverse_ws/install/hive_tools:/home/thomas24/hiveverse_ws/install/hive_bringup:/opt/ros/jazzy DEBUGINFOD_URLS=https://debuginfod.ubuntu.com LD_LIBRARY_PATH=/home/thomas24/hive_ws2/install/nav2_util/lib:/home/thomas24/hive_ws2/install/nav2_msgs/lib:/home/thomas24/hive_ws2/install/hive_costmap/lib:/home/thomas24/hive_ws2/install/opennav_docking/lib:/home/thomas24/hive_ws2/install/opennav_docking_bt/lib:/home/thomas24/hive_ws2/install/dwb_plugins/lib:/home/thomas24/hive_ws2/install/dwb_critics/lib:/home/thomas24/hive_ws2/install/dwb_core/lib:/home/thomas24/hive_ws2/install/nav_2d_utils/lib:/home/thomas24/hive_ws2/install/dwb_msgs/lib:/home/thomas24/hive_ws2/install/nav_2d_msgs/lib:/home/thomas24/hive_ws2/install/nav2_waypoint_follower/lib:/home/thomas24/hive_ws2/install/nav2_theta_star_planner/lib:/home/thomas24/hive_ws2/install/nav2_smoother/lib:/home/thomas24/hive_ws2/install/nav2_smac_planner/lib:/home/thomas24/hive_ws2/install/nav2_rviz_plugins/lib:/home/thomas24/hive_ws2/install/nav2_route/lib:/home/thomas24/hive_ws2/install/nav2_rotation_shim_controller/lib:/home/thomas24/hive_ws2/install/nav2_regulated_pure_pursuit_controller/lib:/home/thomas24/hive_ws2/install/nav2_planner/lib:/home/thomas24/hive_ws2/install/nav2_navfn_planner/lib:/home/thomas24/hive_ws2/install/nav2_mppi_controller/lib:/home/thomas24/hive_ws2/install/nav2_graceful_controller/lib:/home/thomas24/hive_ws2/install/nav2_controller/lib:/home/thomas24/hive_ws2/install/nav2_constrained_smoother/lib:/home/thomas24/hive_ws2/install/nav2_bt_navigator/lib:/home/thomas24/hive_ws2/install/nav2_behaviors/lib:/home/thomas24/hive_ws2/install/nav2_collision_monitor/lib:/home/thomas24/hive_ws2/install/costmap_queue/lib:/home/thomas24/hive_ws2/install/nav2_costmap_2d/lib:/home/thomas24/hive_ws2/install/nav2_voxel_grid/lib:/home/thomas24/hive_ws2/install/nav2_velocity_smoother/lib:/home/thomas24/hive_ws2/install/nav2_map_server/lib:/home/thomas24/hive_ws2/install/nav2_lifecycle_manager/lib:/home/thomas24/hive_ws2/install/nav2_behavior_tree/lib:/home/thomas24/hive_ws2/install/nav2_amcl/lib:/home/thomas24/hive_ws2/install/nav2_system_tests/lib:/opt/ros/jazzy/opt/gz_sim_vendor/lib:/opt/ros/jazzy/opt/gz_sensors_vendor/lib:/opt/ros/jazzy/opt/gz_physics_vendor/lib:/opt/ros/jazzy/opt/sdformat_vendor/lib:/opt/ros/jazzy/opt/rviz_ogre_vendor/lib:/opt/ros/jazzy/lib/x86_64-linux-gnu:/opt/ros/jazzy/opt/gz_gui_vendor/lib:/opt/ros/jazzy/opt/gz_transport_vendor/lib:/opt/ros/jazzy/opt/gz_rendering_vendor/lib:/opt/ros/jazzy/opt/gz_plugin_vendor/lib:/opt/ros/jazzy/opt/gz_fuel_tools_vendor/lib:/opt/ros/jazzy/opt/gz_msgs_vendor/lib:/opt/ros/jazzy/opt/gz_common_vendor/lib:/opt/ros/jazzy/opt/gz_math_vendor/lib:/opt/ros/jazzy/opt/gz_utils_vendor/lib:/opt/ros/jazzy/opt/gz_tools_vendor/lib:/opt/ros/jazzy/opt/gz_ogre_next_vendor/lib:/opt/ros/jazzy/opt/gz_dartsim_vendor/lib:/opt/ros/jazzy/opt/gz_cmake_vendor/lib:/opt/ros/jazzy/lib PYTHONPATH=/home/thomas24/hive_ws2/install/nav2_msgs/lib/python3.12/site-packages:/home/thomas24/hive_ws2/install/nav2_common/lib/python3.12/site-packages:/home/thomas24/hive_ws2/install/vanilla_brain_nav2/lib/python3.12/site-packages:/home/thomas24/hive_ws2/install/dwb_msgs/lib/python3.12/site-packages:/home/thomas24/hive_ws2/install/nav_2d_msgs/lib/python3.12/site-packages:/home/thomas24/hive_ws2/install/nav2_loopback_sim/lib/python3.12/site-packages:/home/thomas24/hive_ws2/install/nav2_simple_commander/lib/python3.12/site-packages:/home/thomas24/hiveverse_ws/install/hive_tools/lib/python3.12/site-packages:/home/thomas24/hiveverse_ws/install/hive_bringup/lib/python3.12/site-packages:/opt/ros/jazzy/lib/python3.12/site-packages /usr/bin/cmake /home/thomas24/hive_ws2/src/navigation2/nav2_behavior_tree -DCMAKE_INSTALL_PREFIX=/home/thomas24/hive_ws2/install/nav2_behavior_tree
[2.648s] Invoking command in '/home/thomas24/hive_ws2/build/nav2_behavior_tree': CMAKE_PREFIX_PATH=/home/thomas24/hive_ws2/install/nav2_util:/home/thomas24/hive_ws2/install/nav2_ros_common:/home/thomas24/hive_ws2/install/nav2_msgs:/home/thomas24/hive_ws2/install/nav2_common:/home/thomas24/hive_ws2/install/nav2_bringup:/home/thomas24/hive_ws2/install/navigation2:/home/thomas24/hive_ws2/install/opennav_docking:/home/thomas24/hive_ws2/install/opennav_docking_core:/home/thomas24/hive_ws2/install/opennav_docking_bt:/home/thomas24/hive_ws2/install/nav2_dwb_controller:/home/thomas24/hive_ws2/install/dwb_plugins:/home/thomas24/hive_ws2/install/dwb_critics:/home/thomas24/hive_ws2/install/dwb_core:/home/thomas24/hive_ws2/install/nav_2d_utils:/home/thomas24/hive_ws2/install/dwb_msgs:/home/thomas24/hive_ws2/install/nav_2d_msgs:/home/thomas24/hive_ws2/install/nav2_waypoint_follower:/home/thomas24/hive_ws2/install/nav2_theta_star_planner:/home/thomas24/hive_ws2/install/nav2_smoother:/home/thomas24/hive_ws2/install/nav2_smac_planner:/home/thomas24/hive_ws2/install/nav2_rviz_plugins:/home/thomas24/hive_ws2/install/nav2_route:/home/thomas24/hive_ws2/install/nav2_rotation_shim_controller:/home/thomas24/hive_ws2/install/nav2_regulated_pure_pursuit_controller:/home/thomas24/hive_ws2/install/nav2_planner:/home/thomas24/hive_ws2/install/nav2_navfn_planner:/home/thomas24/hive_ws2/install/nav2_mppi_controller:/home/thomas24/hive_ws2/install/nav2_graceful_controller:/home/thomas24/hive_ws2/install/nav2_controller:/home/thomas24/hive_ws2/install/nav2_constrained_smoother:/home/thomas24/hive_ws2/install/nav2_bt_navigator:/home/thomas24/hive_ws2/install/nav2_behaviors:/home/thomas24/hive_ws2/install/nav2_core:/home/thomas24/hive_ws2/install/nav2_collision_monitor:/home/thomas24/hive_ws2/install/costmap_queue:/home/thomas24/hive_ws2/install/nav2_costmap_2d:/home/thomas24/hive_ws2/install/nav2_voxel_grid:/home/thomas24/hive_ws2/install/nav2_velocity_smoother:/home/thomas24/hive_ws2/install/nav2_map_server:/home/thomas24/hive_ws2/install/nav2_lifecycle_manager:/home/thomas24/hive_ws2/install/nav2_behavior_tree:/home/thomas24/hive_ws2/install/nav2_amcl:/home/thomas24/hive_ws2/install/nav2_system_tests:/home/thomas24/hive_ws2/install/hive_costmap:/home/thomas24/hiveverse_ws/install/hive_simulation:/home/thomas24/hiveverse_ws/install/hive_robot_description:/opt/ros/jazzy/opt/gz_sim_vendor:/opt/ros/jazzy/opt/gz_sensors_vendor:/opt/ros/jazzy/opt/gz_physics_vendor:/opt/ros/jazzy/opt/sdformat_vendor:/opt/ros/jazzy/opt/gz_gui_vendor:/opt/ros/jazzy/opt/gz_transport_vendor:/opt/ros/jazzy/opt/gz_rendering_vendor:/opt/ros/jazzy/opt/gz_plugin_vendor:/opt/ros/jazzy/opt/gz_fuel_tools_vendor:/opt/ros/jazzy/opt/gz_msgs_vendor:/opt/ros/jazzy/opt/gz_common_vendor:/opt/ros/jazzy/opt/gz_math_vendor:/opt/ros/jazzy/opt/gz_utils_vendor:/opt/ros/jazzy/opt/gz_tools_vendor:/opt/ros/jazzy/opt/gz_ogre_next_vendor:/opt/ros/jazzy/opt/gz_dartsim_vendor:/opt/ros/jazzy/opt/gz_cmake_vendor:/home/thomas24/hive_ws2/install/vanilla_brain_nav2:/home/thomas24/hive_ws2/install/nav2_loopback_sim:/home/thomas24/hive_ws2/install/nav2_simple_commander:/home/thomas24/hiveverse_ws/install/hive_tools:/home/thomas24/hiveverse_ws/install/hive_bringup:/opt/ros/jazzy DEBUGINFOD_URLS=https://debuginfod.ubuntu.com LD_LIBRARY_PATH=/home/thomas24/hive_ws2/install/nav2_util/lib:/home/thomas24/hive_ws2/install/nav2_msgs/lib:/home/thomas24/hive_ws2/install/hive_costmap/lib:/home/thomas24/hive_ws2/install/opennav_docking/lib:/home/thomas24/hive_ws2/install/opennav_docking_bt/lib:/home/thomas24/hive_ws2/install/dwb_plugins/lib:/home/thomas24/hive_ws2/install/dwb_critics/lib:/home/thomas24/hive_ws2/install/dwb_core/lib:/home/thomas24/hive_ws2/install/nav_2d_utils/lib:/home/thomas24/hive_ws2/install/dwb_msgs/lib:/home/thomas24/hive_ws2/install/nav_2d_msgs/lib:/home/thomas24/hive_ws2/install/nav2_waypoint_follower/lib:/home/thomas24/hive_ws2/install/nav2_theta_star_planner/lib:/home/thomas24/hive_ws2/install/nav2_smoother/lib:/home/thomas24/hive_ws2/install/nav2_smac_planner/lib:/home/thomas24/hive_ws2/install/nav2_rviz_plugins/lib:/home/thomas24/hive_ws2/install/nav2_route/lib:/home/thomas24/hive_ws2/install/nav2_rotation_shim_controller/lib:/home/thomas24/hive_ws2/install/nav2_regulated_pure_pursuit_controller/lib:/home/thomas24/hive_ws2/install/nav2_planner/lib:/home/thomas24/hive_ws2/install/nav2_navfn_planner/lib:/home/thomas24/hive_ws2/install/nav2_mppi_controller/lib:/home/thomas24/hive_ws2/install/nav2_graceful_controller/lib:/home/thomas24/hive_ws2/install/nav2_controller/lib:/home/thomas24/hive_ws2/install/nav2_constrained_smoother/lib:/home/thomas24/hive_ws2/install/nav2_bt_navigator/lib:/home/thomas24/hive_ws2/install/nav2_behaviors/lib:/home/thomas24/hive_ws2/install/nav2_collision_monitor/lib:/home/thomas24/hive_ws2/install/costmap_queue/lib:/home/thomas24/hive_ws2/install/nav2_costmap_2d/lib:/home/thomas24/hive_ws2/install/nav2_voxel_grid/lib:/home/thomas24/hive_ws2/install/nav2_velocity_smoother/lib:/home/thomas24/hive_ws2/install/nav2_map_server/lib:/home/thomas24/hive_ws2/install/nav2_lifecycle_manager/lib:/home/thomas24/hive_ws2/install/nav2_behavior_tree/lib:/home/thomas24/hive_ws2/install/nav2_amcl/lib:/home/thomas24/hive_ws2/install/nav2_system_tests/lib:/opt/ros/jazzy/opt/gz_sim_vendor/lib:/opt/ros/jazzy/opt/gz_sensors_vendor/lib:/opt/ros/jazzy/opt/gz_physics_vendor/lib:/opt/ros/jazzy/opt/sdformat_vendor/lib:/opt/ros/jazzy/opt/rviz_ogre_vendor/lib:/opt/ros/jazzy/lib/x86_64-linux-gnu:/opt/ros/jazzy/opt/gz_gui_vendor/lib:/opt/ros/jazzy/opt/gz_transport_vendor/lib:/opt/ros/jazzy/opt/gz_rendering_vendor/lib:/opt/ros/jazzy/opt/gz_plugin_vendor/lib:/opt/ros/jazzy/opt/gz_fuel_tools_vendor/lib:/opt/ros/jazzy/opt/gz_msgs_vendor/lib:/opt/ros/jazzy/opt/gz_common_vendor/lib:/opt/ros/jazzy/opt/gz_math_vendor/lib:/opt/ros/jazzy/opt/gz_utils_vendor/lib:/opt/ros/jazzy/opt/gz_tools_vendor/lib:/opt/ros/jazzy/opt/gz_ogre_next_vendor/lib:/opt/ros/jazzy/opt/gz_dartsim_vendor/lib:/opt/ros/jazzy/opt/gz_cmake_vendor/lib:/opt/ros/jazzy/lib PYTHONPATH=/home/thomas24/hive_ws2/install/nav2_msgs/lib/python3.12/site-packages:/home/thomas24/hive_ws2/install/nav2_common/lib/python3.12/site-packages:/home/thomas24/hive_ws2/install/vanilla_brain_nav2/lib/python3.12/site-packages:/home/thomas24/hive_ws2/install/dwb_msgs/lib/python3.12/site-packages:/home/thomas24/hive_ws2/install/nav_2d_msgs/lib/python3.12/site-packages:/home/thomas24/hive_ws2/install/nav2_loopback_sim/lib/python3.12/site-packages:/home/thomas24/hive_ws2/install/nav2_simple_commander/lib/python3.12/site-packages:/home/thomas24/hiveverse_ws/install/hive_tools/lib/python3.12/site-packages:/home/thomas24/hiveverse_ws/install/hive_bringup/lib/python3.12/site-packages:/opt/ros/jazzy/lib/python3.12/site-packages /usr/bin/cmake --build /home/thomas24/hive_ws2/build/nav2_behavior_tree -- -j16 -l16
[2.762s] [  0%] Built target nav2_back_up_cancel_bt_node
[2.765s] [  1%] Built target nav2_wait_cancel_bt_node
[2.766s] [  1%] Built target nav2_controller_cancel_bt_node
[2.773s] [  2%] Built target nav2_assisted_teleop_cancel_bt_node
[2.773s] [  3%] Built target nav2_compute_path_through_poses_action_bt_node
[2.774s] [  4%] Built target nav2_smooth_path_action_bt_node
[2.780s] [  5%] Built target nav2_back_up_action_bt_node
[2.782s] [  6%] Built target nav2_drive_on_heading_cancel_bt_node
[2.782s] [  7%] Built target nav2_behavior_tree
[2.783s] [  7%] Built target nav2_spin_cancel_bt_node
[2.788s] [  8%] Built target nav2_drive_on_heading_bt_node
[2.793s] [  8%] Built target nav2_wait_action_bt_node
[2.793s] [  8%] Built target nav2_compute_path_to_pose_action_bt_node
[2.793s] [  8%] Built target nav2_assisted_teleop_action_bt_node
[2.794s] [  9%] Built target nav2_follow_path_action_bt_node
[2.803s] [ 10%] Built target nav2_spin_action_bt_node
[2.835s] [ 11%] Built target nav2_clear_costmap_service_bt_node
[2.846s] [ 12%] Built target nav2_is_stopped_condition_bt_node
[2.854s] [ 12%] Built target nav2_transform_available_condition_bt_node
[2.859s] [ 13%] Built target nav2_globally_updated_goal_condition_bt_node
[2.871s] [ 14%] Built target nav2_initial_pose_received_condition_bt_node
[2.884s] [ 15%] Built target nav2_are_poses_near_condition_bt_node
[2.886s] [ 15%] Built target nav2_path_expiring_timer_condition_bt_node
[2.886s] [ 16%] Built target nav2_distance_traveled_condition_bt_node
[2.886s] [ 16%] Built target nav2_goal_reached_condition_bt_node
[2.892s] [ 17%] Built target nav2_is_stuck_condition_bt_node
[2.892s] [ 17%] Built target nav2_is_pose_occupied_condition_bt_node
[2.894s] [ 18%] Built target nav2_goal_updated_condition_bt_node
[2.903s] [ 19%] Built target nav2_is_battery_low_condition_bt_node
[2.912s] [ 20%] Built target nav2_time_expired_condition_bt_node
[2.915s] [ 20%] Built target nav2_is_battery_charging_condition_bt_node
[2.915s] [ 21%] Built target nav2_is_path_valid_condition_bt_node
[2.944s] [ 22%] Built target nav2_are_error_codes_active_condition_bt_node
[2.950s] [ 23%] Built target nav2_would_a_controller_recovery_help_condition_bt_node
[2.956s] [ 24%] Built target nav2_would_a_smoother_recovery_help_condition_bt_node
[2.966s] [ 25%] Built target nav2_distance_controller_bt_node
[2.967s] [ 26%] Built target nav2_rate_controller_bt_node
[2.968s] [ 27%] Built target nav2_would_a_route_recovery_help_condition_bt_node
[2.968s] [ 27%] Built target nav2_would_a_planner_recovery_help_condition_bt_node
[2.971s] [ 27%] Built target nav2_reinitialize_global_localization_service_bt_node
[2.975s] [ 28%] Built target nav2_truncate_path_action_bt_node
[2.978s] [ 29%] Built target nav2_truncate_path_local_action_bt_node
[2.978s] [ 30%] Built target nav2_recovery_node_bt_node
[2.978s] [ 31%] Built target nav2_goal_updater_node_bt_node
[2.989s] [ 32%] Built target nav2_concatenate_paths_action_bt_node
[2.991s] [ 33%] Built target nav2_speed_controller_bt_node
[2.992s] [ 34%] Built target nav2_path_longer_on_approach_bt_node
[3.002s] [ 35%] Built target nav2_navigate_to_pose_action_bt_node
[3.029s] [ 36%] Built target nav2_remove_in_collision_goals_action_bt_node
[3.032s] [ 36%] Built target nav2_navigate_through_poses_action_bt_node
[3.033s] [ 37%] Built target nav2_get_current_pose_action_bt_node
[3.037s] [ 38%] Built target nav2_remove_passed_goals_action_bt_node
[3.048s] [ 38%] Built target nav2_round_robin_node_bt_node
[3.052s] [ 39%] Built target nav2_get_pose_from_path_action_bt_node
[3.052s] [ 40%] Built target nav2_nonblocking_sequence_bt_node
[3.057s] [ 41%] Built target nav2_pipeline_sequence_bt_node
[3.062s] [ 43%] Built target nav2_controller_selector_bt_node
[3.062s] [ 43%] Built target nav2_single_trigger_bt_node
[3.063s] [ 44%] Built target nav2_planner_selector_bt_node
[3.063s] [ 44%] Built target nav2_persistent_sequence_bt_node
[3.073s] [ 44%] Built target nav2_extract_route_nodes_as_goals_action_bt_node
[3.075s] [ 44%] Built target nav2_append_goal_pose_to_goals_action_bt_node
[3.079s] [ 45%] Built target nav2_pause_resume_controller_bt_node
[3.089s] [ 45%] Built target nav2_get_next_few_goals_action_bt_node
[3.101s] [ 45%] Built target nav2_progress_checker_selector_bt_node
[3.102s] [ 45%] Built target nav2_goal_updated_controller_bt_node
[3.108s] [ 45%] Built target nav2_smoother_selector_bt_node
[3.113s] [ 46%] Built target gtest_main
[3.115s] [ 47%] Built target gtest
[3.116s] [ 47%] Built target nav2_goal_checker_selector_bt_node
[3.119s] [ 47%] Built target nav2_compute_and_track_route_bt_node
[3.121s] [ 47%] Built target generate_nav2_tree_nodes_xml
[3.121s] [ 48%] Built target nav2_compute_and_track_route_cancel_bt_node
[3.128s] [ 49%] Built target nav2_compute_route_bt_node
[3.131s] [ 50%] Built target nav2_toggle_collision_monitor_service_bt_node
[3.187s] [ 51%] Built target test_condition_is_battery_charging
[3.189s] [ 52%] Built target test_condition_initial_pose_received
[3.190s] [ 53%] Built target test_condition_goal_reached
[3.194s] [ 54%] Built target test_condition_are_poses_near
[3.196s] [ 55%] Built target test_condition_path_expiring_timer
[3.198s] [ 55%] Built target test_condition_is_battery_low
[3.200s] [ 55%] Built target test_condition_time_expired
[3.202s] [ 55%] Built target test_condition_distance_traveled
[3.203s] [ 56%] Built target test_condition_globally_updated_goal
[3.203s] [ 57%] Built target test_json_utils
[3.204s] [ 57%] Built target test_bt_utils
[3.204s] [ 58%] Built target test_condition_is_stuck
[3.204s] [ 58%] Built target test_condition_goal_updated
[3.206s] [ 58%] Built target test_condition_is_stopped
[3.206s] [ 59%] Built target test_condition_transform_available
[3.231s] [ 60%] Built target test_condition_is_path_valid
[3.261s] [ 61%] Built target test_condition_is_pose_occupied
[3.268s] [ 62%] Built target test_would_a_route_recovery_help
[3.269s] [ 63%] Built target test_would_a_smoother_recovery_help
[3.269s] [ 64%] Built target test_decorator_distance_controller
[3.269s] [ 65%] Built target test_decorator_rate_controller
[3.272s] [ 65%] Built target test_would_a_controller_recovery_help
[3.274s] [ 66%] Built target test_are_error_codes_present
[3.280s] [ 67%] Built target test_control_recovery_node
[3.280s] [ 68%] Built target test_single_trigger_node
[3.284s] [ 68%] Built target test_goal_updater_node
[3.284s] [ 69%] Built target test_decorator_speed_controller
[3.284s] [ 69%] Built target test_decorator_path_longer_on_approach
[3.287s] [ 70%] Built target test_would_a_planner_recovery_help
[3.287s] [ 71%] Built target test_goal_updated_controller
[3.302s] [ 72%] Built target test_control_pipeline_sequence
[3.304s] [ 72%] Built target test_control_round_robin_node
[3.335s] [ 72%] Built target test_control_pause_resume_controller
[3.347s] [ 73%] Built target test_action_back_up_action
[3.349s] [ 74%] Built target test_action_spin_action
[3.354s] [ 75%] Built target test_control_nonblocking_sequence
[3.354s] [ 76%] Built target test_action_drive_on_heading
[3.357s] [ 77%] Built target test_action_wait_cancel_action
[3.364s] [ 78%] Built target test_action_wait_action
[3.366s] [ 79%] Built target test_persistent_sequence
[3.367s] [ 80%] Built target test_bt_action_node
[3.374s] [ 81%] Built target test_action_back_up_cancel_action
[3.374s] [ 81%] Built target test_action_spin_cancel_action
[3.374s] [ 81%] Built target test_action_controller_cancel_action
[3.375s] [ 82%] Built target test_action_assisted_teleop_action
[3.377s] [ 83%] Built target test_action_drive_on_heading_cancel_action
[3.387s] [ 84%] Built target test_action_compute_and_track_route_cancel_action
[3.392s] [ 84%] Built target test_action_clear_costmap_service
[3.392s] [ 84%] Built target test_action_assisted_teleop_cancel_action
[3.429s] [ 85%] Built target test_action_compute_path_to_pose_action
[3.429s] [ 85%] Built target test_action_compute_path_through_poses_action
[3.433s] [ 86%] Built target test_action_compute_route_action
[3.438s] [ 87%] Built target test_concatenate_paths_action
[3.440s] [ 87%] Built target test_action_reinitialize_global_localization_service
[3.455s] [ 87%] Built target test_action_follow_path_action
[3.455s] [ 88%] Built target test_truncate_path_action
[3.457s] [ 89%] Built target test_action_compute_and_track_route_action
[3.460s] [ 90%] Built target test_get_next_few_goals_action
[3.464s] [ 91%] Built target test_action_navigate_to_pose_action
[3.464s] [ 92%] Built target test_action_smooth_path_action
[3.475s] [ 93%] Built target test_truncate_path_local_action
[3.480s] [ 94%] Built target test_get_current_pose_action
[3.484s] [ 95%] Built target test_action_navigate_through_poses_action
[3.484s] [ 95%] Built target test_remove_passed_goals_action
[3.494s] [ 95%] Built target test_append_goal_pose_to_goals_action
[3.536s] [ 95%] Built target test_get_pose_from_path_action
[3.536s] [ 95%] Built target test_planner_selector_node
[3.536s] [ 96%] Built target test_controller_selector_node
[3.536s] [ 97%] Built target test_remove_in_collision_goals_action
[3.545s] [ 98%] Built target test_goal_checker_selector_node
[3.545s] [ 99%] Built target test_progress_checker_selector_node
[3.549s] [100%] Built target test_smoother_selector_node
[3.551s] [100%] Built target test_extract_route_nodes_as_goals_action
[3.555s] [100%] Built target test_toggle_collision_monitor_service
[3.575s] Invoked command in '/home/thomas24/hive_ws2/build/nav2_behavior_tree' returned '0': CMAKE_PREFIX_PATH=/home/thomas24/hive_ws2/install/nav2_util:/home/thomas24/hive_ws2/install/nav2_ros_common:/home/thomas24/hive_ws2/install/nav2_msgs:/home/thomas24/hive_ws2/install/nav2_common:/home/thomas24/hive_ws2/install/nav2_bringup:/home/thomas24/hive_ws2/install/navigation2:/home/thomas24/hive_ws2/install/opennav_docking:/home/thomas24/hive_ws2/install/opennav_docking_core:/home/thomas24/hive_ws2/install/opennav_docking_bt:/home/thomas24/hive_ws2/install/nav2_dwb_controller:/home/thomas24/hive_ws2/install/dwb_plugins:/home/thomas24/hive_ws2/install/dwb_critics:/home/thomas24/hive_ws2/install/dwb_core:/home/thomas24/hive_ws2/install/nav_2d_utils:/home/thomas24/hive_ws2/install/dwb_msgs:/home/thomas24/hive_ws2/install/nav_2d_msgs:/home/thomas24/hive_ws2/install/nav2_waypoint_follower:/home/thomas24/hive_ws2/install/nav2_theta_star_planner:/home/thomas24/hive_ws2/install/nav2_smoother:/home/thomas24/hive_ws2/install/nav2_smac_planner:/home/thomas24/hive_ws2/install/nav2_rviz_plugins:/home/thomas24/hive_ws2/install/nav2_route:/home/thomas24/hive_ws2/install/nav2_rotation_shim_controller:/home/thomas24/hive_ws2/install/nav2_regulated_pure_pursuit_controller:/home/thomas24/hive_ws2/install/nav2_planner:/home/thomas24/hive_ws2/install/nav2_navfn_planner:/home/thomas24/hive_ws2/install/nav2_mppi_controller:/home/thomas24/hive_ws2/install/nav2_graceful_controller:/home/thomas24/hive_ws2/install/nav2_controller:/home/thomas24/hive_ws2/install/nav2_constrained_smoother:/home/thomas24/hive_ws2/install/nav2_bt_navigator:/home/thomas24/hive_ws2/install/nav2_behaviors:/home/thomas24/hive_ws2/install/nav2_core:/home/thomas24/hive_ws2/install/nav2_collision_monitor:/home/thomas24/hive_ws2/install/costmap_queue:/home/thomas24/hive_ws2/install/nav2_costmap_2d:/home/thomas24/hive_ws2/install/nav2_voxel_grid:/home/thomas24/hive_ws2/install/nav2_velocity_smoother:/home/thomas24/hive_ws2/install/nav2_map_server:/home/thomas24/hive_ws2/install/nav2_lifecycle_manager:/home/thomas24/hive_ws2/install/nav2_behavior_tree:/home/thomas24/hive_ws2/install/nav2_amcl:/home/thomas24/hive_ws2/install/nav2_system_tests:/home/thomas24/hive_ws2/install/hive_costmap:/home/thomas24/hiveverse_ws/install/hive_simulation:/home/thomas24/hiveverse_ws/install/hive_robot_description:/opt/ros/jazzy/opt/gz_sim_vendor:/opt/ros/jazzy/opt/gz_sensors_vendor:/opt/ros/jazzy/opt/gz_physics_vendor:/opt/ros/jazzy/opt/sdformat_vendor:/opt/ros/jazzy/opt/gz_gui_vendor:/opt/ros/jazzy/opt/gz_transport_vendor:/opt/ros/jazzy/opt/gz_rendering_vendor:/opt/ros/jazzy/opt/gz_plugin_vendor:/opt/ros/jazzy/opt/gz_fuel_tools_vendor:/opt/ros/jazzy/opt/gz_msgs_vendor:/opt/ros/jazzy/opt/gz_common_vendor:/opt/ros/jazzy/opt/gz_math_vendor:/opt/ros/jazzy/opt/gz_utils_vendor:/opt/ros/jazzy/opt/gz_tools_vendor:/opt/ros/jazzy/opt/gz_ogre_next_vendor:/opt/ros/jazzy/opt/gz_dartsim_vendor:/opt/ros/jazzy/opt/gz_cmake_vendor:/home/thomas24/hive_ws2/install/vanilla_brain_nav2:/home/thomas24/hive_ws2/install/nav2_loopback_sim:/home/thomas24/hive_ws2/install/nav2_simple_commander:/home/thomas24/hiveverse_ws/install/hive_tools:/home/thomas24/hiveverse_ws/install/hive_bringup:/opt/ros/jazzy DEBUGINFOD_URLS=https://debuginfod.ubuntu.com LD_LIBRARY_PATH=/home/thomas24/hive_ws2/install/nav2_util/lib:/home/thomas24/hive_ws2/install/nav2_msgs/lib:/home/thomas24/hive_ws2/install/hive_costmap/lib:/home/thomas24/hive_ws2/install/opennav_docking/lib:/home/thomas24/hive_ws2/install/opennav_docking_bt/lib:/home/thomas24/hive_ws2/install/dwb_plugins/lib:/home/thomas24/hive_ws2/install/dwb_critics/lib:/home/thomas24/hive_ws2/install/dwb_core/lib:/home/thomas24/hive_ws2/install/nav_2d_utils/lib:/home/thomas24/hive_ws2/install/dwb_msgs/lib:/home/thomas24/hive_ws2/install/nav_2d_msgs/lib:/home/thomas24/hive_ws2/install/nav2_waypoint_follower/lib:/home/thomas24/hive_ws2/install/nav2_theta_star_planner/lib:/home/thomas24/hive_ws2/install/nav2_smoother/lib:/home/thomas24/hive_ws2/install/nav2_smac_planner/lib:/home/thomas24/hive_ws2/install/nav2_rviz_plugins/lib:/home/thomas24/hive_ws2/install/nav2_route/lib:/home/thomas24/hive_ws2/install/nav2_rotation_shim_controller/lib:/home/thomas24/hive_ws2/install/nav2_regulated_pure_pursuit_controller/lib:/home/thomas24/hive_ws2/install/nav2_planner/lib:/home/thomas24/hive_ws2/install/nav2_navfn_planner/lib:/home/thomas24/hive_ws2/install/nav2_mppi_controller/lib:/home/thomas24/hive_ws2/install/nav2_graceful_controller/lib:/home/thomas24/hive_ws2/install/nav2_controller/lib:/home/thomas24/hive_ws2/install/nav2_constrained_smoother/lib:/home/thomas24/hive_ws2/install/nav2_bt_navigator/lib:/home/thomas24/hive_ws2/install/nav2_behaviors/lib:/home/thomas24/hive_ws2/install/nav2_collision_monitor/lib:/home/thomas24/hive_ws2/install/costmap_queue/lib:/home/thomas24/hive_ws2/install/nav2_costmap_2d/lib:/home/thomas24/hive_ws2/install/nav2_voxel_grid/lib:/home/thomas24/hive_ws2/install/nav2_velocity_smoother/lib:/home/thomas24/hive_ws2/install/nav2_map_server/lib:/home/thomas24/hive_ws2/install/nav2_lifecycle_manager/lib:/home/thomas24/hive_ws2/install/nav2_behavior_tree/lib:/home/thomas24/hive_ws2/install/nav2_amcl/lib:/home/thomas24/hive_ws2/install/nav2_system_tests/lib:/opt/ros/jazzy/opt/gz_sim_vendor/lib:/opt/ros/jazzy/opt/gz_sensors_vendor/lib:/opt/ros/jazzy/opt/gz_physics_vendor/lib:/opt/ros/jazzy/opt/sdformat_vendor/lib:/opt/ros/jazzy/opt/rviz_ogre_vendor/lib:/opt/ros/jazzy/lib/x86_64-linux-gnu:/opt/ros/jazzy/opt/gz_gui_vendor/lib:/opt/ros/jazzy/opt/gz_transport_vendor/lib:/opt/ros/jazzy/opt/gz_rendering_vendor/lib:/opt/ros/jazzy/opt/gz_plugin_vendor/lib:/opt/ros/jazzy/opt/gz_fuel_tools_vendor/lib:/opt/ros/jazzy/opt/gz_msgs_vendor/lib:/opt/ros/jazzy/opt/gz_common_vendor/lib:/opt/ros/jazzy/opt/gz_math_vendor/lib:/opt/ros/jazzy/opt/gz_utils_vendor/lib:/opt/ros/jazzy/opt/gz_tools_vendor/lib:/opt/ros/jazzy/opt/gz_ogre_next_vendor/lib:/opt/ros/jazzy/opt/gz_dartsim_vendor/lib:/opt/ros/jazzy/opt/gz_cmake_vendor/lib:/opt/ros/jazzy/lib PYTHONPATH=/home/thomas24/hive_ws2/install/nav2_msgs/lib/python3.12/site-packages:/home/thomas24/hive_ws2/install/nav2_common/lib/python3.12/site-packages:/home/thomas24/hive_ws2/install/vanilla_brain_nav2/lib/python3.12/site-packages:/home/thomas24/hive_ws2/install/dwb_msgs/lib/python3.12/site-packages:/home/thomas24/hive_ws2/install/nav_2d_msgs/lib/python3.12/site-packages:/home/thomas24/hive_ws2/install/nav2_loopback_sim/lib/python3.12/site-packages:/home/thomas24/hive_ws2/install/nav2_simple_commander/lib/python3.12/site-packages:/home/thomas24/hiveverse_ws/install/hive_tools/lib/python3.12/site-packages:/home/thomas24/hiveverse_ws/install/hive_bringup/lib/python3.12/site-packages:/opt/ros/jazzy/lib/python3.12/site-packages /usr/bin/cmake --build /home/thomas24/hive_ws2/build/nav2_behavior_tree -- -j16 -l16
[3.579s] Invoking command in '/home/thomas24/hive_ws2/build/nav2_behavior_tree': CMAKE_PREFIX_PATH=/home/thomas24/hive_ws2/install/nav2_util:/home/thomas24/hive_ws2/install/nav2_ros_common:/home/thomas24/hive_ws2/install/nav2_msgs:/home/thomas24/hive_ws2/install/nav2_common:/home/thomas24/hive_ws2/install/nav2_bringup:/home/thomas24/hive_ws2/install/navigation2:/home/thomas24/hive_ws2/install/opennav_docking:/home/thomas24/hive_ws2/install/opennav_docking_core:/home/thomas24/hive_ws2/install/opennav_docking_bt:/home/thomas24/hive_ws2/install/nav2_dwb_controller:/home/thomas24/hive_ws2/install/dwb_plugins:/home/thomas24/hive_ws2/install/dwb_critics:/home/thomas24/hive_ws2/install/dwb_core:/home/thomas24/hive_ws2/install/nav_2d_utils:/home/thomas24/hive_ws2/install/dwb_msgs:/home/thomas24/hive_ws2/install/nav_2d_msgs:/home/thomas24/hive_ws2/install/nav2_waypoint_follower:/home/thomas24/hive_ws2/install/nav2_theta_star_planner:/home/thomas24/hive_ws2/install/nav2_smoother:/home/thomas24/hive_ws2/install/nav2_smac_planner:/home/thomas24/hive_ws2/install/nav2_rviz_plugins:/home/thomas24/hive_ws2/install/nav2_route:/home/thomas24/hive_ws2/install/nav2_rotation_shim_controller:/home/thomas24/hive_ws2/install/nav2_regulated_pure_pursuit_controller:/home/thomas24/hive_ws2/install/nav2_planner:/home/thomas24/hive_ws2/install/nav2_navfn_planner:/home/thomas24/hive_ws2/install/nav2_mppi_controller:/home/thomas24/hive_ws2/install/nav2_graceful_controller:/home/thomas24/hive_ws2/install/nav2_controller:/home/thomas24/hive_ws2/install/nav2_constrained_smoother:/home/thomas24/hive_ws2/install/nav2_bt_navigator:/home/thomas24/hive_ws2/install/nav2_behaviors:/home/thomas24/hive_ws2/install/nav2_core:/home/thomas24/hive_ws2/install/nav2_collision_monitor:/home/thomas24/hive_ws2/install/costmap_queue:/home/thomas24/hive_ws2/install/nav2_costmap_2d:/home/thomas24/hive_ws2/install/nav2_voxel_grid:/home/thomas24/hive_ws2/install/nav2_velocity_smoother:/home/thomas24/hive_ws2/install/nav2_map_server:/home/thomas24/hive_ws2/install/nav2_lifecycle_manager:/home/thomas24/hive_ws2/install/nav2_behavior_tree:/home/thomas24/hive_ws2/install/nav2_amcl:/home/thomas24/hive_ws2/install/nav2_system_tests:/home/thomas24/hive_ws2/install/hive_costmap:/home/thomas24/hiveverse_ws/install/hive_simulation:/home/thomas24/hiveverse_ws/install/hive_robot_description:/opt/ros/jazzy/opt/gz_sim_vendor:/opt/ros/jazzy/opt/gz_sensors_vendor:/opt/ros/jazzy/opt/gz_physics_vendor:/opt/ros/jazzy/opt/sdformat_vendor:/opt/ros/jazzy/opt/gz_gui_vendor:/opt/ros/jazzy/opt/gz_transport_vendor:/opt/ros/jazzy/opt/gz_rendering_vendor:/opt/ros/jazzy/opt/gz_plugin_vendor:/opt/ros/jazzy/opt/gz_fuel_tools_vendor:/opt/ros/jazzy/opt/gz_msgs_vendor:/opt/ros/jazzy/opt/gz_common_vendor:/opt/ros/jazzy/opt/gz_math_vendor:/opt/ros/jazzy/opt/gz_utils_vendor:/opt/ros/jazzy/opt/gz_tools_vendor:/opt/ros/jazzy/opt/gz_ogre_next_vendor:/opt/ros/jazzy/opt/gz_dartsim_vendor:/opt/ros/jazzy/opt/gz_cmake_vendor:/home/thomas24/hive_ws2/install/vanilla_brain_nav2:/home/thomas24/hive_ws2/install/nav2_loopback_sim:/home/thomas24/hive_ws2/install/nav2_simple_commander:/home/thomas24/hiveverse_ws/install/hive_tools:/home/thomas24/hiveverse_ws/install/hive_bringup:/opt/ros/jazzy DEBUGINFOD_URLS=https://debuginfod.ubuntu.com LD_LIBRARY_PATH=/home/thomas24/hive_ws2/install/nav2_util/lib:/home/thomas24/hive_ws2/install/nav2_msgs/lib:/home/thomas24/hive_ws2/install/hive_costmap/lib:/home/thomas24/hive_ws2/install/opennav_docking/lib:/home/thomas24/hive_ws2/install/opennav_docking_bt/lib:/home/thomas24/hive_ws2/install/dwb_plugins/lib:/home/thomas24/hive_ws2/install/dwb_critics/lib:/home/thomas24/hive_ws2/install/dwb_core/lib:/home/thomas24/hive_ws2/install/nav_2d_utils/lib:/home/thomas24/hive_ws2/install/dwb_msgs/lib:/home/thomas24/hive_ws2/install/nav_2d_msgs/lib:/home/thomas24/hive_ws2/install/nav2_waypoint_follower/lib:/home/thomas24/hive_ws2/install/nav2_theta_star_planner/lib:/home/thomas24/hive_ws2/install/nav2_smoother/lib:/home/thomas24/hive_ws2/install/nav2_smac_planner/lib:/home/thomas24/hive_ws2/install/nav2_rviz_plugins/lib:/home/thomas24/hive_ws2/install/nav2_route/lib:/home/thomas24/hive_ws2/install/nav2_rotation_shim_controller/lib:/home/thomas24/hive_ws2/install/nav2_regulated_pure_pursuit_controller/lib:/home/thomas24/hive_ws2/install/nav2_planner/lib:/home/thomas24/hive_ws2/install/nav2_navfn_planner/lib:/home/thomas24/hive_ws2/install/nav2_mppi_controller/lib:/home/thomas24/hive_ws2/install/nav2_graceful_controller/lib:/home/thomas24/hive_ws2/install/nav2_controller/lib:/home/thomas24/hive_ws2/install/nav2_constrained_smoother/lib:/home/thomas24/hive_ws2/install/nav2_bt_navigator/lib:/home/thomas24/hive_ws2/install/nav2_behaviors/lib:/home/thomas24/hive_ws2/install/nav2_collision_monitor/lib:/home/thomas24/hive_ws2/install/costmap_queue/lib:/home/thomas24/hive_ws2/install/nav2_costmap_2d/lib:/home/thomas24/hive_ws2/install/nav2_voxel_grid/lib:/home/thomas24/hive_ws2/install/nav2_velocity_smoother/lib:/home/thomas24/hive_ws2/install/nav2_map_server/lib:/home/thomas24/hive_ws2/install/nav2_lifecycle_manager/lib:/home/thomas24/hive_ws2/install/nav2_behavior_tree/lib:/home/thomas24/hive_ws2/install/nav2_amcl/lib:/home/thomas24/hive_ws2/install/nav2_system_tests/lib:/opt/ros/jazzy/opt/gz_sim_vendor/lib:/opt/ros/jazzy/opt/gz_sensors_vendor/lib:/opt/ros/jazzy/opt/gz_physics_vendor/lib:/opt/ros/jazzy/opt/sdformat_vendor/lib:/opt/ros/jazzy/opt/rviz_ogre_vendor/lib:/opt/ros/jazzy/lib/x86_64-linux-gnu:/opt/ros/jazzy/opt/gz_gui_vendor/lib:/opt/ros/jazzy/opt/gz_transport_vendor/lib:/opt/ros/jazzy/opt/gz_rendering_vendor/lib:/opt/ros/jazzy/opt/gz_plugin_vendor/lib:/opt/ros/jazzy/opt/gz_fuel_tools_vendor/lib:/opt/ros/jazzy/opt/gz_msgs_vendor/lib:/opt/ros/jazzy/opt/gz_common_vendor/lib:/opt/ros/jazzy/opt/gz_math_vendor/lib:/opt/ros/jazzy/opt/gz_utils_vendor/lib:/opt/ros/jazzy/opt/gz_tools_vendor/lib:/opt/ros/jazzy/opt/gz_ogre_next_vendor/lib:/opt/ros/jazzy/opt/gz_dartsim_vendor/lib:/opt/ros/jazzy/opt/gz_cmake_vendor/lib:/opt/ros/jazzy/lib PYTHONPATH=/home/thomas24/hive_ws2/install/nav2_msgs/lib/python3.12/site-packages:/home/thomas24/hive_ws2/install/nav2_common/lib/python3.12/site-packages:/home/thomas24/hive_ws2/install/vanilla_brain_nav2/lib/python3.12/site-packages:/home/thomas24/hive_ws2/install/dwb_msgs/lib/python3.12/site-packages:/home/thomas24/hive_ws2/install/nav_2d_msgs/lib/python3.12/site-packages:/home/thomas24/hive_ws2/install/nav2_loopback_sim/lib/python3.12/site-packages:/home/thomas24/hive_ws2/install/nav2_simple_commander/lib/python3.12/site-packages:/home/thomas24/hiveverse_ws/install/hive_tools/lib/python3.12/site-packages:/home/thomas24/hiveverse_ws/install/hive_bringup/lib/python3.12/site-packages:/opt/ros/jazzy/lib/python3.12/site-packages /usr/bin/cmake --install /home/thomas24/hive_ws2/build/nav2_behavior_tree
[3.600s] -- Install configuration: "Release"
[3.600s] -- Execute custom install script
[3.602s] -- Up-to-date symlink: /home/thomas24/hive_ws2/install/nav2_behavior_tree/lib/nav2_behavior_tree/generate_nav2_tree_nodes_xml
[3.605s] -- Up-to-date symlink: /home/thomas24/hive_ws2/install/nav2_behavior_tree/include/nav2_behavior_tree/nav2_behavior_tree/behavior_tree_engine.hpp
[3.605s] -- Up-to-date symlink: /home/thomas24/hive_ws2/install/nav2_behavior_tree/include/nav2_behavior_tree/nav2_behavior_tree/bt_action_node.hpp
[3.606s] -- Up-to-date symlink: /home/thomas24/hive_ws2/install/nav2_behavior_tree/include/nav2_behavior_tree/nav2_behavior_tree/bt_action_server.hpp
[3.606s] -- Up-to-date symlink: /home/thomas24/hive_ws2/install/nav2_behavior_tree/include/nav2_behavior_tree/nav2_behavior_tree/bt_action_server_impl.hpp
[3.606s] -- Up-to-date symlink: /home/thomas24/hive_ws2/install/nav2_behavior_tree/include/nav2_behavior_tree/nav2_behavior_tree/bt_cancel_action_node.hpp
[3.606s] -- Up-to-date symlink: /home/thomas24/hive_ws2/install/nav2_behavior_tree/include/nav2_behavior_tree/nav2_behavior_tree/bt_service_node.hpp
[3.606s] -- Up-to-date symlink: /home/thomas24/hive_ws2/install/nav2_behavior_tree/include/nav2_behavior_tree/nav2_behavior_tree/bt_utils.hpp
[3.608s] -- Up-to-date symlink: /home/thomas24/hive_ws2/install/nav2_behavior_tree/include/nav2_behavior_tree/nav2_behavior_tree/json_utils.hpp
[3.608s] -- Up-to-date symlink: /home/thomas24/hive_ws2/install/nav2_behavior_tree/include/nav2_behavior_tree/nav2_behavior_tree/plugins/action/append_goal_pose_to_goals_action.hpp
[3.608s] -- Up-to-date symlink: /home/thomas24/hive_ws2/install/nav2_behavior_tree/include/nav2_behavior_tree/nav2_behavior_tree/plugins/action/assisted_teleop_action.hpp
[3.608s] -- Up-to-date symlink: /home/thomas24/hive_ws2/install/nav2_behavior_tree/include/nav2_behavior_tree/nav2_behavior_tree/plugins/action/assisted_teleop_cancel_node.hpp
[3.609s] -- Up-to-date symlink: /home/thomas24/hive_ws2/install/nav2_behavior_tree/include/nav2_behavior_tree/nav2_behavior_tree/plugins/action/back_up_action.hpp
[3.609s] -- Up-to-date symlink: /home/thomas24/hive_ws2/install/nav2_behavior_tree/include/nav2_behavior_tree/nav2_behavior_tree/plugins/action/back_up_cancel_node.hpp
[3.609s] -- Up-to-date symlink: /home/thomas24/hive_ws2/install/nav2_behavior_tree/include/nav2_behavior_tree/nav2_behavior_tree/plugins/action/clear_costmap_service.hpp
[3.609s] -- Up-to-date symlink: /home/thomas24/hive_ws2/install/nav2_behavior_tree/include/nav2_behavior_tree/nav2_behavior_tree/plugins/action/compute_and_track_route_action.hpp
[3.609s] -- Up-to-date symlink: /home/thomas24/hive_ws2/install/nav2_behavior_tree/include/nav2_behavior_tree/nav2_behavior_tree/plugins/action/compute_and_track_route_cancel_node.hpp
[3.609s] -- Up-to-date symlink: /home/thomas24/hive_ws2/install/nav2_behavior_tree/include/nav2_behavior_tree/nav2_behavior_tree/plugins/action/compute_path_through_poses_action.hpp
[3.609s] -- Up-to-date symlink: /home/thomas24/hive_ws2/install/nav2_behavior_tree/include/nav2_behavior_tree/nav2_behavior_tree/plugins/action/compute_path_to_pose_action.hpp
[3.610s] -- Up-to-date symlink: /home/thomas24/hive_ws2/install/nav2_behavior_tree/include/nav2_behavior_tree/nav2_behavior_tree/plugins/action/compute_route_action.hpp
[3.610s] -- Up-to-date symlink: /home/thomas24/hive_ws2/install/nav2_behavior_tree/include/nav2_behavior_tree/nav2_behavior_tree/plugins/action/concatenate_paths_action.hpp
[3.610s] -- Up-to-date symlink: /home/thomas24/hive_ws2/install/nav2_behavior_tree/include/nav2_behavior_tree/nav2_behavior_tree/plugins/action/controller_cancel_node.hpp
[3.610s] -- Up-to-date symlink: /home/thomas24/hive_ws2/install/nav2_behavior_tree/include/nav2_behavior_tree/nav2_behavior_tree/plugins/action/controller_selector_node.hpp
[3.610s] -- Up-to-date symlink: /home/thomas24/hive_ws2/install/nav2_behavior_tree/include/nav2_behavior_tree/nav2_behavior_tree/plugins/action/drive_on_heading_action.hpp
[3.610s] -- Up-to-date symlink: /home/thomas24/hive_ws2/install/nav2_behavior_tree/include/nav2_behavior_tree/nav2_behavior_tree/plugins/action/drive_on_heading_cancel_node.hpp
[3.610s] -- Up-to-date symlink: /home/thomas24/hive_ws2/install/nav2_behavior_tree/include/nav2_behavior_tree/nav2_behavior_tree/plugins/action/extract_route_nodes_as_goals_action.hpp
[3.610s] -- Up-to-date symlink: /home/thomas24/hive_ws2/install/nav2_behavior_tree/include/nav2_behavior_tree/nav2_behavior_tree/plugins/action/follow_path_action.hpp
[3.611s] -- Up-to-date symlink: /home/thomas24/hive_ws2/install/nav2_behavior_tree/include/nav2_behavior_tree/nav2_behavior_tree/plugins/action/get_current_pose_action.hpp
[3.613s] -- Up-to-date symlink: /home/thomas24/hive_ws2/install/nav2_behavior_tree/include/nav2_behavior_tree/nav2_behavior_tree/plugins/action/get_next_few_goals_action.hpp
[3.613s] -- Up-to-date symlink: /home/thomas24/hive_ws2/install/nav2_behavior_tree/include/nav2_behavior_tree/nav2_behavior_tree/plugins/action/get_pose_from_path_action.hpp
[3.613s] -- Up-to-date symlink: /home/thomas24/hive_ws2/install/nav2_behavior_tree/include/nav2_behavior_tree/nav2_behavior_tree/plugins/action/goal_checker_selector_node.hpp
[3.613s] -- Up-to-date symlink: /home/thomas24/hive_ws2/install/nav2_behavior_tree/include/nav2_behavior_tree/nav2_behavior_tree/plugins/action/navigate_through_poses_action.hpp
[3.614s] -- Up-to-date symlink: /home/thomas24/hive_ws2/install/nav2_behavior_tree/include/nav2_behavior_tree/nav2_behavior_tree/plugins/action/navigate_to_pose_action.hpp
[3.614s] -- Up-to-date symlink: /home/thomas24/hive_ws2/install/nav2_behavior_tree/include/nav2_behavior_tree/nav2_behavior_tree/plugins/action/planner_selector_node.hpp
[3.614s] -- Up-to-date symlink: /home/thomas24/hive_ws2/install/nav2_behavior_tree/include/nav2_behavior_tree/nav2_behavior_tree/plugins/action/progress_checker_selector_node.hpp
[3.614s] -- Up-to-date symlink: /home/thomas24/hive_ws2/install/nav2_behavior_tree/include/nav2_behavior_tree/nav2_behavior_tree/plugins/action/reinitialize_global_localization_service.hpp
[3.614s] -- Up-to-date symlink: /home/thomas24/hive_ws2/install/nav2_behavior_tree/include/nav2_behavior_tree/nav2_behavior_tree/plugins/action/remove_in_collision_goals_action.hpp
[3.614s] -- Up-to-date symlink: /home/thomas24/hive_ws2/install/nav2_behavior_tree/include/nav2_behavior_tree/nav2_behavior_tree/plugins/action/remove_passed_goals_action.hpp
[3.614s] -- Up-to-date symlink: /home/thomas24/hive_ws2/install/nav2_behavior_tree/include/nav2_behavior_tree/nav2_behavior_tree/plugins/action/smooth_path_action.hpp
[3.617s] -- Up-to-date symlink: /home/thomas24/hive_ws2/install/nav2_behavior_tree/include/nav2_behavior_tree/nav2_behavior_tree/plugins/action/smoother_selector_node.hpp
[3.617s] -- Up-to-date symlink: /home/thomas24/hive_ws2/install/nav2_behavior_tree/include/nav2_behavior_tree/nav2_behavior_tree/plugins/action/spin_action.hpp
[3.617s] -- Up-to-date symlink: /home/thomas24/hive_ws2/install/nav2_behavior_tree/include/nav2_behavior_tree/nav2_behavior_tree/plugins/action/spin_cancel_node.hpp
[3.617s] -- Up-to-date symlink: /home/thomas24/hive_ws2/install/nav2_behavior_tree/include/nav2_behavior_tree/nav2_behavior_tree/plugins/action/toggle_collision_monitor_service.hpp
[3.617s] -- Up-to-date symlink: /home/thomas24/hive_ws2/install/nav2_behavior_tree/include/nav2_behavior_tree/nav2_behavior_tree/plugins/action/truncate_path_action.hpp
[3.617s] -- Up-to-date symlink: /home/thomas24/hive_ws2/install/nav2_behavior_tree/include/nav2_behavior_tree/nav2_behavior_tree/plugins/action/truncate_path_local_action.hpp
[3.617s] -- Up-to-date symlink: /home/thomas24/hive_ws2/install/nav2_behavior_tree/include/nav2_behavior_tree/nav2_behavior_tree/plugins/action/wait_action.hpp
[3.617s] -- Up-to-date symlink: /home/thomas24/hive_ws2/install/nav2_behavior_tree/include/nav2_behavior_tree/nav2_behavior_tree/plugins/action/wait_cancel_node.hpp
[3.617s] -- Up-to-date symlink: /home/thomas24/hive_ws2/install/nav2_behavior_tree/include/nav2_behavior_tree/nav2_behavior_tree/plugins/condition/are_error_codes_present_condition.hpp
[3.617s] -- Up-to-date symlink: /home/thomas24/hive_ws2/install/nav2_behavior_tree/include/nav2_behavior_tree/nav2_behavior_tree/plugins/condition/are_poses_near_condition.hpp
[3.617s] -- Up-to-date symlink: /home/thomas24/hive_ws2/install/nav2_behavior_tree/include/nav2_behavior_tree/nav2_behavior_tree/plugins/condition/distance_traveled_condition.hpp
[3.619s] -- Up-to-date symlink: /home/thomas24/hive_ws2/install/nav2_behavior_tree/include/nav2_behavior_tree/nav2_behavior_tree/plugins/condition/globally_updated_goal_condition.hpp
[3.619s] -- Up-to-date symlink: /home/thomas24/hive_ws2/install/nav2_behavior_tree/include/nav2_behavior_tree/nav2_behavior_tree/plugins/condition/goal_reached_condition.hpp
[3.619s] -- Up-to-date symlink: /home/thomas24/hive_ws2/install/nav2_behavior_tree/include/nav2_behavior_tree/nav2_behavior_tree/plugins/condition/goal_updated_condition.hpp
[3.619s] -- Up-to-date symlink: /home/thomas24/hive_ws2/install/nav2_behavior_tree/include/nav2_behavior_tree/nav2_behavior_tree/plugins/condition/initial_pose_received_condition.hpp
[3.619s] -- Up-to-date symlink: /home/thomas24/hive_ws2/install/nav2_behavior_tree/include/nav2_behavior_tree/nav2_behavior_tree/plugins/condition/is_battery_charging_condition.hpp
[3.619s] -- Up-to-date symlink: /home/thomas24/hive_ws2/install/nav2_behavior_tree/include/nav2_behavior_tree/nav2_behavior_tree/plugins/condition/is_battery_low_condition.hpp
[3.619s] -- Up-to-date symlink: /home/thomas24/hive_ws2/install/nav2_behavior_tree/include/nav2_behavior_tree/nav2_behavior_tree/plugins/condition/is_path_valid_condition.hpp
[3.619s] -- Up-to-date symlink: /home/thomas24/hive_ws2/install/nav2_behavior_tree/include/nav2_behavior_tree/nav2_behavior_tree/plugins/condition/is_pose_occupied_condition.hpp
[3.619s] -- Up-to-date symlink: /home/thomas24/hive_ws2/install/nav2_behavior_tree/include/nav2_behavior_tree/nav2_behavior_tree/plugins/condition/is_stopped_condition.hpp
[3.619s] -- Up-to-date symlink: /home/thomas24/hive_ws2/install/nav2_behavior_tree/include/nav2_behavior_tree/nav2_behavior_tree/plugins/condition/is_stuck_condition.hpp
[3.619s] -- Up-to-date symlink: /home/thomas24/hive_ws2/install/nav2_behavior_tree/include/nav2_behavior_tree/nav2_behavior_tree/plugins/condition/path_expiring_timer_condition.hpp
[3.619s] -- Up-to-date symlink: /home/thomas24/hive_ws2/install/nav2_behavior_tree/include/nav2_behavior_tree/nav2_behavior_tree/plugins/condition/time_expired_condition.hpp
[3.619s] -- Up-to-date symlink: /home/thomas24/hive_ws2/install/nav2_behavior_tree/include/nav2_behavior_tree/nav2_behavior_tree/plugins/condition/transform_available_condition.hpp
[3.619s] -- Up-to-date symlink: /home/thomas24/hive_ws2/install/nav2_behavior_tree/include/nav2_behavior_tree/nav2_behavior_tree/plugins/condition/would_a_controller_recovery_help_condition.hpp
[3.619s] -- Up-to-date symlink: /home/thomas24/hive_ws2/install/nav2_behavior_tree/include/nav2_behavior_tree/nav2_behavior_tree/plugins/condition/would_a_planner_recovery_help_condition.hpp
[3.619s] -- Up-to-date symlink: /home/thomas24/hive_ws2/install/nav2_behavior_tree/include/nav2_behavior_tree/nav2_behavior_tree/plugins/condition/would_a_route_recovery_help_condition.hpp
[3.619s] -- Up-to-date symlink: /home/thomas24/hive_ws2/install/nav2_behavior_tree/include/nav2_behavior_tree/nav2_behavior_tree/plugins/condition/would_a_smoother_recovery_help_condition.hpp
[3.620s] -- Up-to-date symlink: /home/thomas24/hive_ws2/install/nav2_behavior_tree/include/nav2_behavior_tree/nav2_behavior_tree/plugins/control/nonblocking_sequence.hpp
[3.620s] -- Up-to-date symlink: /home/thomas24/hive_ws2/install/nav2_behavior_tree/include/nav2_behavior_tree/nav2_behavior_tree/plugins/control/pause_resume_controller.hpp
[3.620s] -- Up-to-date symlink: /home/thomas24/hive_ws2/install/nav2_behavior_tree/include/nav2_behavior_tree/nav2_behavior_tree/plugins/control/persistent_sequence.hpp
[3.620s] -- Up-to-date symlink: /home/thomas24/hive_ws2/install/nav2_behavior_tree/include/nav2_behavior_tree/nav2_behavior_tree/plugins/control/pipeline_sequence.hpp
[3.620s] -- Up-to-date symlink: /home/thomas24/hive_ws2/install/nav2_behavior_tree/include/nav2_behavior_tree/nav2_behavior_tree/plugins/control/recovery_node.hpp
[3.620s] -- Up-to-date symlink: /home/thomas24/hive_ws2/install/nav2_behavior_tree/include/nav2_behavior_tree/nav2_behavior_tree/plugins/control/round_robin_node.hpp
[3.620s] -- Up-to-date symlink: /home/thomas24/hive_ws2/install/nav2_behavior_tree/include/nav2_behavior_tree/nav2_behavior_tree/plugins/decorator/distance_controller.hpp
[3.620s] -- Up-to-date symlink: /home/thomas24/hive_ws2/install/nav2_behavior_tree/include/nav2_behavior_tree/nav2_behavior_tree/plugins/decorator/goal_updated_controller.hpp
[3.620s] -- Up-to-date symlink: /home/thomas24/hive_ws2/install/nav2_behavior_tree/include/nav2_behavior_tree/nav2_behavior_tree/plugins/decorator/goal_updater_node.hpp
[3.620s] -- Up-to-date symlink: /home/thomas24/hive_ws2/install/nav2_behavior_tree/include/nav2_behavior_tree/nav2_behavior_tree/plugins/decorator/path_longer_on_approach.hpp
[3.620s] -- Up-to-date symlink: /home/thomas24/hive_ws2/install/nav2_behavior_tree/include/nav2_behavior_tree/nav2_behavior_tree/plugins/decorator/rate_controller.hpp
[3.620s] -- Up-to-date symlink: /home/thomas24/hive_ws2/install/nav2_behavior_tree/include/nav2_behavior_tree/nav2_behavior_tree/plugins/decorator/single_trigger_node.hpp
[3.620s] -- Up-to-date symlink: /home/thomas24/hive_ws2/install/nav2_behavior_tree/include/nav2_behavior_tree/nav2_behavior_tree/plugins/decorator/speed_controller.hpp
[3.621s] -- Up-to-date symlink: /home/thomas24/hive_ws2/install/nav2_behavior_tree/include/nav2_behavior_tree/nav2_behavior_tree/ros_topic_logger.hpp
[3.621s] -- Up-to-date symlink: /home/thomas24/hive_ws2/install/nav2_behavior_tree/include/nav2_behavior_tree/nav2_behavior_tree/utils/loop_rate.hpp
[3.621s] -- Up-to-date symlink: /home/thomas24/hive_ws2/install/nav2_behavior_tree/include/nav2_behavior_tree/nav2_behavior_tree/utils/test_action_server.hpp
[3.621s] -- Up-to-date symlink: /home/thomas24/hive_ws2/install/nav2_behavior_tree/include/nav2_behavior_tree/nav2_behavior_tree/test/utils/get_node_from_tree.hpp
[3.621s] -- Up-to-date symlink: /home/thomas24/hive_ws2/install/nav2_behavior_tree/include/nav2_behavior_tree/nav2_behavior_tree/test/utils/test_behavior_tree_fixture.hpp
[3.621s] -- Up-to-date symlink: /home/thomas24/hive_ws2/install/nav2_behavior_tree/include/nav2_behavior_tree/nav2_behavior_tree/test/utils/test_dummy_tree_node.hpp
[3.621s] -- Up-to-date symlink: /home/thomas24/hive_ws2/install/nav2_behavior_tree/include/nav2_behavior_tree/nav2_behavior_tree/test/utils/test_service.hpp
[3.621s] -- Up-to-date symlink: /home/thomas24/hive_ws2/install/nav2_behavior_tree/include/nav2_behavior_tree/nav2_behavior_tree/test/utils/test_transform_handler.hpp
[3.621s] -- Up-to-date symlink: /home/thomas24/hive_ws2/install/nav2_behavior_tree/share/nav2_behavior_tree/nav2_tree_nodes.xml
[3.621s] -- Up-to-date symlink: /home/thomas24/hive_ws2/install/nav2_behavior_tree/include/nav2_behavior_tree/nav2_behavior_tree/plugins_list.hpp
[3.621s] -- Up-to-date symlink: /home/thomas24/hive_ws2/install/nav2_behavior_tree/share/nav2_behavior_tree/environment/library_path.sh
[3.622s] -- Up-to-date symlink: /home/thomas24/hive_ws2/install/nav2_behavior_tree/share/nav2_behavior_tree/environment/library_path.dsv
[3.622s] -- Up-to-date symlink: /home/thomas24/hive_ws2/install/nav2_behavior_tree/share/ament_index/resource_index/package_run_dependencies/nav2_behavior_tree
[3.622s] -- Up-to-date symlink: /home/thomas24/hive_ws2/install/nav2_behavior_tree/share/ament_index/resource_index/parent_prefix_path/nav2_behavior_tree
[3.622s] -- Up-to-date symlink: /home/thomas24/hive_ws2/install/nav2_behavior_tree/share/nav2_behavior_tree/environment/ament_prefix_path.sh
[3.622s] -- Up-to-date symlink: /home/thomas24/hive_ws2/install/nav2_behavior_tree/share/nav2_behavior_tree/environment/ament_prefix_path.dsv
[3.622s] -- Up-to-date symlink: /home/thomas24/hive_ws2/install/nav2_behavior_tree/share/nav2_behavior_tree/environment/path.sh
[3.622s] -- Up-to-date symlink: /home/thomas24/hive_ws2/install/nav2_behavior_tree/share/nav2_behavior_tree/environment/path.dsv
[3.622s] -- Up-to-date symlink: /home/thomas24/hive_ws2/install/nav2_behavior_tree/share/nav2_behavior_tree/local_setup.bash
[3.622s] -- Up-to-date symlink: /home/thomas24/hive_ws2/install/nav2_behavior_tree/share/nav2_behavior_tree/local_setup.sh
[3.622s] -- Up-to-date symlink: /home/thomas24/hive_ws2/install/nav2_behavior_tree/share/nav2_behavior_tree/local_setup.zsh
[3.622s] -- Up-to-date symlink: /home/thomas24/hive_ws2/install/nav2_behavior_tree/share/nav2_behavior_tree/local_setup.dsv
[3.622s] -- Symlinking: /home/thomas24/hive_ws2/install/nav2_behavior_tree/share/nav2_behavior_tree/package.dsv
[3.633s] -- Up-to-date symlink: /home/thomas24/hive_ws2/install/nav2_behavior_tree/share/ament_index/resource_index/packages/nav2_behavior_tree
[3.633s] -- Up-to-date symlink: /home/thomas24/hive_ws2/install/nav2_behavior_tree/share/nav2_behavior_tree/cmake/ament_cmake_export_include_directories-extras.cmake
[3.634s] -- Up-to-date symlink: /home/thomas24/hive_ws2/install/nav2_behavior_tree/share/nav2_behavior_tree/cmake/ament_cmake_export_libraries-extras.cmake
[3.634s] -- Up-to-date symlink: /home/thomas24/hive_ws2/install/nav2_behavior_tree/share/nav2_behavior_tree/cmake/ament_cmake_export_dependencies-extras.cmake
[3.634s] -- Up-to-date symlink: /home/thomas24/hive_ws2/install/nav2_behavior_tree/share/nav2_behavior_tree/cmake/ament_cmake_export_targets-extras.cmake
[3.634s] -- Up-to-date symlink: /home/thomas24/hive_ws2/install/nav2_behavior_tree/share/nav2_behavior_tree/cmake/nav2_behavior_treeConfig.cmake
[3.634s] -- Up-to-date symlink: /home/thomas24/hive_ws2/install/nav2_behavior_tree/share/nav2_behavior_tree/cmake/nav2_behavior_treeConfig-version.cmake
[3.634s] -- Up-to-date symlink: /home/thomas24/hive_ws2/install/nav2_behavior_tree/share/nav2_behavior_tree/package.xml
[3.634s] -- Up-to-date: /home/thomas24/hive_ws2/install/nav2_behavior_tree/lib/libnav2_behavior_tree.so
[3.635s] -- Up-to-date: /home/thomas24/hive_ws2/install/nav2_behavior_tree/lib/libnav2_compute_path_to_pose_action_bt_node.so
[3.635s] -- Up-to-date: /home/thomas24/hive_ws2/install/nav2_behavior_tree/lib/libnav2_compute_path_through_poses_action_bt_node.so
[3.635s] -- Up-to-date: /home/thomas24/hive_ws2/install/nav2_behavior_tree/lib/libnav2_controller_cancel_bt_node.so
[3.636s] -- Up-to-date: /home/thomas24/hive_ws2/install/nav2_behavior_tree/lib/libnav2_wait_cancel_bt_node.so
[3.636s] -- Up-to-date: /home/thomas24/hive_ws2/install/nav2_behavior_tree/lib/libnav2_spin_cancel_bt_node.so
[3.636s] -- Up-to-date: /home/thomas24/hive_ws2/install/nav2_behavior_tree/lib/libnav2_back_up_cancel_bt_node.so
[3.637s] -- Up-to-date: /home/thomas24/hive_ws2/install/nav2_behavior_tree/lib/libnav2_assisted_teleop_cancel_bt_node.so
[3.637s] -- Up-to-date: /home/thomas24/hive_ws2/install/nav2_behavior_tree/lib/libnav2_drive_on_heading_cancel_bt_node.so
[3.637s] -- Up-to-date: /home/thomas24/hive_ws2/install/nav2_behavior_tree/lib/libnav2_smooth_path_action_bt_node.so
[3.637s] -- Up-to-date: /home/thomas24/hive_ws2/install/nav2_behavior_tree/lib/libnav2_follow_path_action_bt_node.so
[3.638s] -- Up-to-date: /home/thomas24/hive_ws2/install/nav2_behavior_tree/lib/libnav2_back_up_action_bt_node.so
[3.638s] -- Up-to-date: /home/thomas24/hive_ws2/install/nav2_behavior_tree/lib/libnav2_drive_on_heading_bt_node.so
[3.638s] -- Up-to-date: /home/thomas24/hive_ws2/install/nav2_behavior_tree/lib/libnav2_spin_action_bt_node.so
[3.638s] -- Up-to-date: /home/thomas24/hive_ws2/install/nav2_behavior_tree/lib/libnav2_wait_action_bt_node.so
[3.639s] -- Up-to-date: /home/thomas24/hive_ws2/install/nav2_behavior_tree/lib/libnav2_assisted_teleop_action_bt_node.so
[3.639s] -- Up-to-date: /home/thomas24/hive_ws2/install/nav2_behavior_tree/lib/libnav2_clear_costmap_service_bt_node.so
[3.639s] -- Up-to-date: /home/thomas24/hive_ws2/install/nav2_behavior_tree/lib/libnav2_is_stuck_condition_bt_node.so
[3.640s] -- Up-to-date: /home/thomas24/hive_ws2/install/nav2_behavior_tree/lib/libnav2_is_stopped_condition_bt_node.so
[3.640s] -- Up-to-date: /home/thomas24/hive_ws2/install/nav2_behavior_tree/lib/libnav2_transform_available_condition_bt_node.so
[3.640s] -- Up-to-date: /home/thomas24/hive_ws2/install/nav2_behavior_tree/lib/libnav2_goal_reached_condition_bt_node.so
[3.641s] -- Up-to-date: /home/thomas24/hive_ws2/install/nav2_behavior_tree/lib/libnav2_are_poses_near_condition_bt_node.so
[3.641s] -- Up-to-date: /home/thomas24/hive_ws2/install/nav2_behavior_tree/lib/libnav2_globally_updated_goal_condition_bt_node.so
[3.641s] -- Up-to-date: /home/thomas24/hive_ws2/install/nav2_behavior_tree/lib/libnav2_goal_updated_condition_bt_node.so
[3.642s] -- Up-to-date: /home/thomas24/hive_ws2/install/nav2_behavior_tree/lib/libnav2_is_path_valid_condition_bt_node.so
[3.642s] -- Up-to-date: /home/thomas24/hive_ws2/install/nav2_behavior_tree/lib/libnav2_is_pose_occupied_condition_bt_node.so
[3.642s] -- Up-to-date: /home/thomas24/hive_ws2/install/nav2_behavior_tree/lib/libnav2_time_expired_condition_bt_node.so
[3.643s] -- Up-to-date: /home/thomas24/hive_ws2/install/nav2_behavior_tree/lib/libnav2_path_expiring_timer_condition_bt_node.so
[3.643s] -- Up-to-date: /home/thomas24/hive_ws2/install/nav2_behavior_tree/lib/libnav2_distance_traveled_condition_bt_node.so
[3.643s] -- Up-to-date: /home/thomas24/hive_ws2/install/nav2_behavior_tree/lib/libnav2_initial_pose_received_condition_bt_node.so
[3.643s] -- Up-to-date: /home/thomas24/hive_ws2/install/nav2_behavior_tree/lib/libnav2_is_battery_charging_condition_bt_node.so
[3.644s] -- Up-to-date: /home/thomas24/hive_ws2/install/nav2_behavior_tree/lib/libnav2_is_battery_low_condition_bt_node.so
[3.644s] -- Up-to-date: /home/thomas24/hive_ws2/install/nav2_behavior_tree/lib/libnav2_are_error_codes_active_condition_bt_node.so
[3.644s] -- Up-to-date: /home/thomas24/hive_ws2/install/nav2_behavior_tree/lib/libnav2_would_a_controller_recovery_help_condition_bt_node.so
[3.645s] -- Up-to-date: /home/thomas24/hive_ws2/install/nav2_behavior_tree/lib/libnav2_would_a_planner_recovery_help_condition_bt_node.so
[3.645s] -- Up-to-date: /home/thomas24/hive_ws2/install/nav2_behavior_tree/lib/libnav2_would_a_smoother_recovery_help_condition_bt_node.so
[3.645s] -- Up-to-date: /home/thomas24/hive_ws2/install/nav2_behavior_tree/lib/libnav2_would_a_route_recovery_help_condition_bt_node.so
[3.646s] -- Up-to-date: /home/thomas24/hive_ws2/install/nav2_behavior_tree/lib/libnav2_reinitialize_global_localization_service_bt_node.so
[3.646s] -- Up-to-date: /home/thomas24/hive_ws2/install/nav2_behavior_tree/lib/libnav2_rate_controller_bt_node.so
[3.646s] -- Up-to-date: /home/thomas24/hive_ws2/install/nav2_behavior_tree/lib/libnav2_distance_controller_bt_node.so
[3.646s] -- Up-to-date: /home/thomas24/hive_ws2/install/nav2_behavior_tree/lib/libnav2_speed_controller_bt_node.so
[3.647s] -- Up-to-date: /home/thomas24/hive_ws2/install/nav2_behavior_tree/lib/libnav2_truncate_path_action_bt_node.so
[3.647s] -- Up-to-date: /home/thomas24/hive_ws2/install/nav2_behavior_tree/lib/libnav2_concatenate_paths_action_bt_node.so
[3.647s] -- Up-to-date: /home/thomas24/hive_ws2/install/nav2_behavior_tree/lib/libnav2_truncate_path_local_action_bt_node.so
[3.648s] -- Up-to-date: /home/thomas24/hive_ws2/install/nav2_behavior_tree/lib/libnav2_goal_updater_node_bt_node.so
[3.648s] -- Up-to-date: /home/thomas24/hive_ws2/install/nav2_behavior_tree/lib/libnav2_path_longer_on_approach_bt_node.so
[3.648s] -- Up-to-date: /home/thomas24/hive_ws2/install/nav2_behavior_tree/lib/libnav2_recovery_node_bt_node.so
[3.648s] -- Up-to-date: /home/thomas24/hive_ws2/install/nav2_behavior_tree/lib/libnav2_navigate_to_pose_action_bt_node.so
[3.649s] -- Up-to-date: /home/thomas24/hive_ws2/install/nav2_behavior_tree/lib/libnav2_navigate_through_poses_action_bt_node.so
[3.649s] -- Up-to-date: /home/thomas24/hive_ws2/install/nav2_behavior_tree/lib/libnav2_remove_passed_goals_action_bt_node.so
[3.649s] -- Up-to-date: /home/thomas24/hive_ws2/install/nav2_behavior_tree/lib/libnav2_remove_in_collision_goals_action_bt_node.so
[3.650s] -- Up-to-date: /home/thomas24/hive_ws2/install/nav2_behavior_tree/lib/libnav2_append_goal_pose_to_goals_action_bt_node.so
[3.650s] -- Up-to-date: /home/thomas24/hive_ws2/install/nav2_behavior_tree/lib/libnav2_get_pose_from_path_action_bt_node.so
[3.650s] -- Up-to-date: /home/thomas24/hive_ws2/install/nav2_behavior_tree/lib/libnav2_extract_route_nodes_as_goals_action_bt_node.so
[3.650s] -- Up-to-date: /home/thomas24/hive_ws2/install/nav2_behavior_tree/lib/libnav2_get_next_few_goals_action_bt_node.so
[3.651s] -- Up-to-date: /home/thomas24/hive_ws2/install/nav2_behavior_tree/lib/libnav2_get_current_pose_action_bt_node.so
[3.651s] -- Up-to-date: /home/thomas24/hive_ws2/install/nav2_behavior_tree/lib/libnav2_pipeline_sequence_bt_node.so
[3.651s] -- Up-to-date: /home/thomas24/hive_ws2/install/nav2_behavior_tree/lib/libnav2_nonblocking_sequence_bt_node.so
[3.651s] -- Up-to-date: /home/thomas24/hive_ws2/install/nav2_behavior_tree/lib/libnav2_round_robin_node_bt_node.so
[3.652s] -- Up-to-date: /home/thomas24/hive_ws2/install/nav2_behavior_tree/lib/libnav2_pause_resume_controller_bt_node.so
[3.652s] -- Up-to-date: /home/thomas24/hive_ws2/install/nav2_behavior_tree/lib/libnav2_persistent_sequence_bt_node.so
[3.652s] -- Up-to-date: /home/thomas24/hive_ws2/install/nav2_behavior_tree/lib/libnav2_single_trigger_bt_node.so
[3.652s] -- Up-to-date: /home/thomas24/hive_ws2/install/nav2_behavior_tree/lib/libnav2_planner_selector_bt_node.so
[3.653s] -- Up-to-date: /home/thomas24/hive_ws2/install/nav2_behavior_tree/lib/libnav2_controller_selector_bt_node.so
[3.653s] -- Up-to-date: /home/thomas24/hive_ws2/install/nav2_behavior_tree/lib/libnav2_smoother_selector_bt_node.so
[3.653s] -- Up-to-date: /home/thomas24/hive_ws2/install/nav2_behavior_tree/lib/libnav2_goal_checker_selector_bt_node.so
[3.654s] -- Up-to-date: /home/thomas24/hive_ws2/install/nav2_behavior_tree/lib/libnav2_progress_checker_selector_bt_node.so
[3.654s] -- Up-to-date: /home/thomas24/hive_ws2/install/nav2_behavior_tree/lib/libnav2_goal_updated_controller_bt_node.so
[3.654s] -- Up-to-date: /home/thomas24/hive_ws2/install/nav2_behavior_tree/lib/libnav2_compute_and_track_route_cancel_bt_node.so
[3.654s] -- Up-to-date: /home/thomas24/hive_ws2/install/nav2_behavior_tree/lib/libnav2_compute_and_track_route_bt_node.so
[3.655s] -- Up-to-date: /home/thomas24/hive_ws2/install/nav2_behavior_tree/lib/libnav2_compute_route_bt_node.so
[3.655s] -- Up-to-date: /home/thomas24/hive_ws2/install/nav2_behavior_tree/lib/libnav2_toggle_collision_monitor_service_bt_node.so
[3.655s] -- Up-to-date: /home/thomas24/hive_ws2/install/nav2_behavior_tree/share/nav2_behavior_tree/cmake/nav2_behavior_treeExport.cmake
[3.655s] -- Up-to-date: /home/thomas24/hive_ws2/install/nav2_behavior_tree/share/nav2_behavior_tree/cmake/nav2_behavior_treeExport-release.cmake
[3.661s] Invoked command in '/home/thomas24/hive_ws2/build/nav2_behavior_tree' returned '0': CMAKE_PREFIX_PATH=/home/thomas24/hive_ws2/install/nav2_util:/home/thomas24/hive_ws2/install/nav2_ros_common:/home/thomas24/hive_ws2/install/nav2_msgs:/home/thomas24/hive_ws2/install/nav2_common:/home/thomas24/hive_ws2/install/nav2_bringup:/home/thomas24/hive_ws2/install/navigation2:/home/thomas24/hive_ws2/install/opennav_docking:/home/thomas24/hive_ws2/install/opennav_docking_core:/home/thomas24/hive_ws2/install/opennav_docking_bt:/home/thomas24/hive_ws2/install/nav2_dwb_controller:/home/thomas24/hive_ws2/install/dwb_plugins:/home/thomas24/hive_ws2/install/dwb_critics:/home/thomas24/hive_ws2/install/dwb_core:/home/thomas24/hive_ws2/install/nav_2d_utils:/home/thomas24/hive_ws2/install/dwb_msgs:/home/thomas24/hive_ws2/install/nav_2d_msgs:/home/thomas24/hive_ws2/install/nav2_waypoint_follower:/home/thomas24/hive_ws2/install/nav2_theta_star_planner:/home/thomas24/hive_ws2/install/nav2_smoother:/home/thomas24/hive_ws2/install/nav2_smac_planner:/home/thomas24/hive_ws2/install/nav2_rviz_plugins:/home/thomas24/hive_ws2/install/nav2_route:/home/thomas24/hive_ws2/install/nav2_rotation_shim_controller:/home/thomas24/hive_ws2/install/nav2_regulated_pure_pursuit_controller:/home/thomas24/hive_ws2/install/nav2_planner:/home/thomas24/hive_ws2/install/nav2_navfn_planner:/home/thomas24/hive_ws2/install/nav2_mppi_controller:/home/thomas24/hive_ws2/install/nav2_graceful_controller:/home/thomas24/hive_ws2/install/nav2_controller:/home/thomas24/hive_ws2/install/nav2_constrained_smoother:/home/thomas24/hive_ws2/install/nav2_bt_navigator:/home/thomas24/hive_ws2/install/nav2_behaviors:/home/thomas24/hive_ws2/install/nav2_core:/home/thomas24/hive_ws2/install/nav2_collision_monitor:/home/thomas24/hive_ws2/install/costmap_queue:/home/thomas24/hive_ws2/install/nav2_costmap_2d:/home/thomas24/hive_ws2/install/nav2_voxel_grid:/home/thomas24/hive_ws2/install/nav2_velocity_smoother:/home/thomas24/hive_ws2/install/nav2_map_server:/home/thomas24/hive_ws2/install/nav2_lifecycle_manager:/home/thomas24/hive_ws2/install/nav2_behavior_tree:/home/thomas24/hive_ws2/install/nav2_amcl:/home/thomas24/hive_ws2/install/nav2_system_tests:/home/thomas24/hive_ws2/install/hive_costmap:/home/thomas24/hiveverse_ws/install/hive_simulation:/home/thomas24/hiveverse_ws/install/hive_robot_description:/opt/ros/jazzy/opt/gz_sim_vendor:/opt/ros/jazzy/opt/gz_sensors_vendor:/opt/ros/jazzy/opt/gz_physics_vendor:/opt/ros/jazzy/opt/sdformat_vendor:/opt/ros/jazzy/opt/gz_gui_vendor:/opt/ros/jazzy/opt/gz_transport_vendor:/opt/ros/jazzy/opt/gz_rendering_vendor:/opt/ros/jazzy/opt/gz_plugin_vendor:/opt/ros/jazzy/opt/gz_fuel_tools_vendor:/opt/ros/jazzy/opt/gz_msgs_vendor:/opt/ros/jazzy/opt/gz_common_vendor:/opt/ros/jazzy/opt/gz_math_vendor:/opt/ros/jazzy/opt/gz_utils_vendor:/opt/ros/jazzy/opt/gz_tools_vendor:/opt/ros/jazzy/opt/gz_ogre_next_vendor:/opt/ros/jazzy/opt/gz_dartsim_vendor:/opt/ros/jazzy/opt/gz_cmake_vendor:/home/thomas24/hive_ws2/install/vanilla_brain_nav2:/home/thomas24/hive_ws2/install/nav2_loopback_sim:/home/thomas24/hive_ws2/install/nav2_simple_commander:/home/thomas24/hiveverse_ws/install/hive_tools:/home/thomas24/hiveverse_ws/install/hive_bringup:/opt/ros/jazzy DEBUGINFOD_URLS=https://debuginfod.ubuntu.com LD_LIBRARY_PATH=/home/thomas24/hive_ws2/install/nav2_util/lib:/home/thomas24/hive_ws2/install/nav2_msgs/lib:/home/thomas24/hive_ws2/install/hive_costmap/lib:/home/thomas24/hive_ws2/install/opennav_docking/lib:/home/thomas24/hive_ws2/install/opennav_docking_bt/lib:/home/thomas24/hive_ws2/install/dwb_plugins/lib:/home/thomas24/hive_ws2/install/dwb_critics/lib:/home/thomas24/hive_ws2/install/dwb_core/lib:/home/thomas24/hive_ws2/install/nav_2d_utils/lib:/home/thomas24/hive_ws2/install/dwb_msgs/lib:/home/thomas24/hive_ws2/install/nav_2d_msgs/lib:/home/thomas24/hive_ws2/install/nav2_waypoint_follower/lib:/home/thomas24/hive_ws2/install/nav2_theta_star_planner/lib:/home/thomas24/hive_ws2/install/nav2_smoother/lib:/home/thomas24/hive_ws2/install/nav2_smac_planner/lib:/home/thomas24/hive_ws2/install/nav2_rviz_plugins/lib:/home/thomas24/hive_ws2/install/nav2_route/lib:/home/thomas24/hive_ws2/install/nav2_rotation_shim_controller/lib:/home/thomas24/hive_ws2/install/nav2_regulated_pure_pursuit_controller/lib:/home/thomas24/hive_ws2/install/nav2_planner/lib:/home/thomas24/hive_ws2/install/nav2_navfn_planner/lib:/home/thomas24/hive_ws2/install/nav2_mppi_controller/lib:/home/thomas24/hive_ws2/install/nav2_graceful_controller/lib:/home/thomas24/hive_ws2/install/nav2_controller/lib:/home/thomas24/hive_ws2/install/nav2_constrained_smoother/lib:/home/thomas24/hive_ws2/install/nav2_bt_navigator/lib:/home/thomas24/hive_ws2/install/nav2_behaviors/lib:/home/thomas24/hive_ws2/install/nav2_collision_monitor/lib:/home/thomas24/hive_ws2/install/costmap_queue/lib:/home/thomas24/hive_ws2/install/nav2_costmap_2d/lib:/home/thomas24/hive_ws2/install/nav2_voxel_grid/lib:/home/thomas24/hive_ws2/install/nav2_velocity_smoother/lib:/home/thomas24/hive_ws2/install/nav2_map_server/lib:/home/thomas24/hive_ws2/install/nav2_lifecycle_manager/lib:/home/thomas24/hive_ws2/install/nav2_behavior_tree/lib:/home/thomas24/hive_ws2/install/nav2_amcl/lib:/home/thomas24/hive_ws2/install/nav2_system_tests/lib:/opt/ros/jazzy/opt/gz_sim_vendor/lib:/opt/ros/jazzy/opt/gz_sensors_vendor/lib:/opt/ros/jazzy/opt/gz_physics_vendor/lib:/opt/ros/jazzy/opt/sdformat_vendor/lib:/opt/ros/jazzy/opt/rviz_ogre_vendor/lib:/opt/ros/jazzy/lib/x86_64-linux-gnu:/opt/ros/jazzy/opt/gz_gui_vendor/lib:/opt/ros/jazzy/opt/gz_transport_vendor/lib:/opt/ros/jazzy/opt/gz_rendering_vendor/lib:/opt/ros/jazzy/opt/gz_plugin_vendor/lib:/opt/ros/jazzy/opt/gz_fuel_tools_vendor/lib:/opt/ros/jazzy/opt/gz_msgs_vendor/lib:/opt/ros/jazzy/opt/gz_common_vendor/lib:/opt/ros/jazzy/opt/gz_math_vendor/lib:/opt/ros/jazzy/opt/gz_utils_vendor/lib:/opt/ros/jazzy/opt/gz_tools_vendor/lib:/opt/ros/jazzy/opt/gz_ogre_next_vendor/lib:/opt/ros/jazzy/opt/gz_dartsim_vendor/lib:/opt/ros/jazzy/opt/gz_cmake_vendor/lib:/opt/ros/jazzy/lib PYTHONPATH=/home/thomas24/hive_ws2/install/nav2_msgs/lib/python3.12/site-packages:/home/thomas24/hive_ws2/install/nav2_common/lib/python3.12/site-packages:/home/thomas24/hive_ws2/install/vanilla_brain_nav2/lib/python3.12/site-packages:/home/thomas24/hive_ws2/install/dwb_msgs/lib/python3.12/site-packages:/home/thomas24/hive_ws2/install/nav_2d_msgs/lib/python3.12/site-packages:/home/thomas24/hive_ws2/install/nav2_loopback_sim/lib/python3.12/site-packages:/home/thomas24/hive_ws2/install/nav2_simple_commander/lib/python3.12/site-packages:/home/thomas24/hiveverse_ws/install/hive_tools/lib/python3.12/site-packages:/home/thomas24/hiveverse_ws/install/hive_bringup/lib/python3.12/site-packages:/opt/ros/jazzy/lib/python3.12/site-packages /usr/bin/cmake --install /home/thomas24/hive_ws2/build/nav2_behavior_tree
