-- Found ament_cmake: 2.5.4 (/opt/ros/jazzy/share/ament_cmake/cmake)
-- Override CMake install command with custom implementation using symlinks instead of copying resources
-- Found nav2_common: 1.4.0 (/home/thomas24/hive_ws2/install/nav2_common/share/nav2_common/cmake)
-- Found rclcpp: 28.1.11 (/opt/ros/jazzy/share/rclcpp/cmake)
-- Found rosidl_generator_c: 4.6.6 (/opt/ros/jazzy/share/rosidl_generator_c/cmake)
-- Found rosidl_generator_cpp: 4.6.6 (/opt/ros/jazzy/share/rosidl_generator_cpp/cmake)
-- Using all available rosidl_typesupport_c: rosidl_typesupport_fastrtps_c;rosidl_typesupport_introspection_c
-- Using all available rosidl_typesupport_cpp: rosidl_typesupport_fastrtps_cpp;rosidl_typesupport_introspection_cpp
-- Found rmw_implementation_cmake: 7.3.2 (/opt/ros/jazzy/share/rmw_implementation_cmake/cmake)
-- Found rmw_fastrtps_cpp: 8.4.3 (/opt/ros/jazzy/share/rmw_fastrtps_cpp/cmake)
-- Using RMW implementation 'rmw_fastrtps_cpp' as default
-- Found rclcpp_lifecycle: 28.1.11 (/opt/ros/jazzy/share/rclcpp_lifecycle/cmake)
-- Found rclcpp_components: 28.1.11 (/opt/ros/jazzy/share/rclcpp_components/cmake)
-- Found std_msgs: 5.3.6 (/opt/ros/jazzy/share/std_msgs/cmake)
-- Found geometry_msgs: 5.3.6 (/opt/ros/jazzy/share/geometry_msgs/cmake)
-- Found nav2_costmap_2d: 1.4.0 (/home/thomas24/hive_ws2/install/nav2_costmap_2d/share/nav2_costmap_2d/cmake)
-- Found eigen3_cmake_module: 0.3.0 (/opt/ros/jazzy/share/eigen3_cmake_module/cmake)
-- Ensuring Eigen3 include directory is part of orocos-kdl CMake target
-- Found nav2_core: 1.4.0 (/home/thomas24/hive_ws2/install/nav2_core/share/nav2_core/cmake)
-- Found visualization_msgs: 5.3.6 (/opt/ros/jazzy/share/visualization_msgs/cmake)
-- Found ament_lint_auto: 0.17.3 (/opt/ros/jazzy/share/ament_lint_auto/cmake)
-- Found gtest sources under '/opt/ros/jazzy/src/gtest_vendor': C++ tests using 'Google Test' will be built
-- Added test 'cppcheck' to perform static code analysis on C / C++ code
-- Configured cppcheck include dirs: /home/thomas24/hive_ws2/src/navigation2/nav2_route/include;$<BUILD_INTERFACE:/home/thomas24/hive_ws2/src/navigation2/nav2_route/include>
-- Configured cppcheck exclude dirs and/or files: 
-- Added test 'cpplint' to check C / C++ code against the Google style
-- Configured cpplint exclude dirs and/or files: 
-- Added test 'flake8' to check Python code syntax and style conventions
-- Configured 'flake8' exclude dirs and/or files: 
-- Added test 'lint_cmake' to check CMake code style
-- Added test 'pep257' to check Python code against some of the docstring style conventions in PEP 257
-- Added test 'uncrustify' to check C / C++ code style
-- Configured uncrustify additional arguments: 
-- Added test 'xmllint' to check XML markup files
-- Configuring done (1.7s)
-- Generating done (0.2s)
-- Build files have been written to: /home/thomas24/hive_ws2/build/nav2_route
[  2%] Built target gtest_main
[  5%] Built target gtest
[  8%] Built target graph_file_savers
[ 11%] Built target graph_file_loaders
[ 24%] Built target edge_scorers
[ 32%] Built target route_operations
[ 48%] Built target route_server_core
[ 51%] Built target test_graph_loader
[ 54%] Built target performance_benchmarking
[ 57%] Built target test_utils_and_types
[ 60%] Built target test_path_converter
[ 62%] Built target test_operations
[ 65%] Built target test_graph_saver
[ 68%] Built target test_spatial_tree
[ 71%] Built target test_geojson_graph_file_loader
[ 74%] Built target test_geojson_graph_file_saver
[ 77%] Built target test_route_planner
[ 80%] Built target test_collision_operation
[ 82%] Built target route_server
[ 85%] Built target test_goal_intent_extractor
[ 88%] Built target test_edge_scorers
[ 91%] Built target test_route_server
[ 94%] Built target test_route_tracker
[ 97%] Built target test_corner_smoothing
[100%] Built target test_goal_intent_search
-- Install configuration: "Release"
-- Execute custom install script
-- Up-to-date symlink: /home/thomas24/hive_ws2/install/nav2_route/share/nav2_route//plugins.xml
-- Up-to-date symlink: /home/thomas24/hive_ws2/install/nav2_route/include/nav2_route/nav2_route/corner_smoothing.hpp
-- Up-to-date symlink: /home/thomas24/hive_ws2/install/nav2_route/include/nav2_route/nav2_route/edge_scorer.hpp
-- Up-to-date symlink: /home/thomas24/hive_ws2/install/nav2_route/include/nav2_route/nav2_route/goal_intent_extractor.hpp
-- Up-to-date symlink: /home/thomas24/hive_ws2/install/nav2_route/include/nav2_route/nav2_route/goal_intent_search.hpp
-- Up-to-date symlink: /home/thomas24/hive_ws2/install/nav2_route/include/nav2_route/nav2_route/graph_loader.hpp
-- Up-to-date symlink: /home/thomas24/hive_ws2/install/nav2_route/include/nav2_route/nav2_route/graph_saver.hpp
-- Up-to-date symlink: /home/thomas24/hive_ws2/install/nav2_route/include/nav2_route/nav2_route/interfaces/edge_cost_function.hpp
-- Up-to-date symlink: /home/thomas24/hive_ws2/install/nav2_route/include/nav2_route/nav2_route/interfaces/graph_file_loader.hpp
-- Up-to-date symlink: /home/thomas24/hive_ws2/install/nav2_route/include/nav2_route/nav2_route/interfaces/graph_file_saver.hpp
-- Up-to-date symlink: /home/thomas24/hive_ws2/install/nav2_route/include/nav2_route/nav2_route/interfaces/route_operation.hpp
-- Up-to-date symlink: /home/thomas24/hive_ws2/install/nav2_route/include/nav2_route/nav2_route/node_spatial_tree.hpp
-- Up-to-date symlink: /home/thomas24/hive_ws2/install/nav2_route/include/nav2_route/nav2_route/operations_manager.hpp
-- Up-to-date symlink: /home/thomas24/hive_ws2/install/nav2_route/include/nav2_route/nav2_route/path_converter.hpp
-- Up-to-date symlink: /home/thomas24/hive_ws2/install/nav2_route/include/nav2_route/nav2_route/plugins/edge_cost_functions/costmap_scorer.hpp
-- Up-to-date symlink: /home/thomas24/hive_ws2/install/nav2_route/include/nav2_route/nav2_route/plugins/edge_cost_functions/distance_scorer.hpp
-- Up-to-date symlink: /home/thomas24/hive_ws2/install/nav2_route/include/nav2_route/nav2_route/plugins/edge_cost_functions/dynamic_edges_scorer.hpp
-- Up-to-date symlink: /home/thomas24/hive_ws2/install/nav2_route/include/nav2_route/nav2_route/plugins/edge_cost_functions/goal_orientation_scorer.hpp
-- Up-to-date symlink: /home/thomas24/hive_ws2/install/nav2_route/include/nav2_route/nav2_route/plugins/edge_cost_functions/penalty_scorer.hpp
-- Up-to-date symlink: /home/thomas24/hive_ws2/install/nav2_route/include/nav2_route/nav2_route/plugins/edge_cost_functions/semantic_scorer.hpp
-- Up-to-date symlink: /home/thomas24/hive_ws2/install/nav2_route/include/nav2_route/nav2_route/plugins/edge_cost_functions/start_pose_orientation_scorer.hpp
-- Up-to-date symlink: /home/thomas24/hive_ws2/install/nav2_route/include/nav2_route/nav2_route/plugins/edge_cost_functions/time_scorer.hpp
-- Up-to-date symlink: /home/thomas24/hive_ws2/install/nav2_route/include/nav2_route/nav2_route/plugins/graph_file_loaders/geojson_graph_file_loader.hpp
-- Up-to-date symlink: /home/thomas24/hive_ws2/install/nav2_route/include/nav2_route/nav2_route/plugins/graph_file_savers/geojson_graph_file_saver.hpp
-- Up-to-date symlink: /home/thomas24/hive_ws2/install/nav2_route/include/nav2_route/nav2_route/plugins/route_operation_client.hpp
-- Up-to-date symlink: /home/thomas24/hive_ws2/install/nav2_route/include/nav2_route/nav2_route/plugins/route_operations/adjust_speed_limit.hpp
-- Up-to-date symlink: /home/thomas24/hive_ws2/install/nav2_route/include/nav2_route/nav2_route/plugins/route_operations/collision_monitor.hpp
-- Up-to-date symlink: /home/thomas24/hive_ws2/install/nav2_route/include/nav2_route/nav2_route/plugins/route_operations/rerouting_service.hpp
-- Up-to-date symlink: /home/thomas24/hive_ws2/install/nav2_route/include/nav2_route/nav2_route/plugins/route_operations/time_marker.hpp
-- Up-to-date symlink: /home/thomas24/hive_ws2/install/nav2_route/include/nav2_route/nav2_route/plugins/route_operations/trigger_event.hpp
-- Up-to-date symlink: /home/thomas24/hive_ws2/install/nav2_route/include/nav2_route/nav2_route/route_planner.hpp
-- Up-to-date symlink: /home/thomas24/hive_ws2/install/nav2_route/include/nav2_route/nav2_route/route_server.hpp
-- Up-to-date symlink: /home/thomas24/hive_ws2/install/nav2_route/include/nav2_route/nav2_route/route_tracker.hpp
-- Up-to-date symlink: /home/thomas24/hive_ws2/install/nav2_route/include/nav2_route/nav2_route/types.hpp
-- Up-to-date symlink: /home/thomas24/hive_ws2/install/nav2_route/include/nav2_route/nav2_route/utils.hpp
-- Up-to-date symlink: /home/thomas24/hive_ws2/install/nav2_route/lib/nav2_route/route_server
-- Up-to-date symlink: /home/thomas24/hive_ws2/install/nav2_route/share/nav2_route/graphs/aws_graph.geojson
-- Up-to-date symlink: /home/thomas24/hive_ws2/install/nav2_route/share/nav2_route/graphs/sample_graph.geojson
-- Up-to-date symlink: /home/thomas24/hive_ws2/install/nav2_route/share/nav2_route/graphs/scripts/README.md
-- Up-to-date symlink: /home/thomas24/hive_ws2/install/nav2_route/share/nav2_route/graphs/scripts/export_shapefiles.py
-- Up-to-date symlink: /home/thomas24/hive_ws2/install/nav2_route/share/nav2_route/graphs/scripts/generate_start_and_end_id.sql
-- Up-to-date symlink: /home/thomas24/hive_ws2/install/nav2_route/share/nav2_route/graphs/scripts/increment_edge_id.json
-- Up-to-date symlink: /home/thomas24/hive_ws2/install/nav2_route/share/nav2_route/graphs/scripts/increment_node_id.json
-- Up-to-date symlink: /home/thomas24/hive_ws2/install/nav2_route/share/nav2_route/graphs/turtlebot3_graph.geojson
-- Up-to-date symlink: /home/thomas24/hive_ws2/install/nav2_route/share/nav2_route/graphs/turtlebot4_graph.geojson
-- Up-to-date symlink: /home/thomas24/hive_ws2/install/nav2_route/share/nav2_route/test/test_graphs/error_codes.geojson
-- Up-to-date symlink: /home/thomas24/hive_ws2/install/nav2_route/share/nav2_route/test/test_graphs/invalid.json
-- Up-to-date symlink: /home/thomas24/hive_ws2/install/nav2_route/share/nav2_route/test/test_graphs/no_frame.json
-- Up-to-date symlink: /home/thomas24/hive_ws2/install/nav2_route/lib/nav2_route/performance_benchmarking
-- Up-to-date symlink: /home/thomas24/hive_ws2/install/nav2_route/share/nav2_route/environment/library_path.sh
-- Up-to-date symlink: /home/thomas24/hive_ws2/install/nav2_route/share/nav2_route/environment/library_path.dsv
-- Up-to-date symlink: /home/thomas24/hive_ws2/install/nav2_route/share/ament_index/resource_index/package_run_dependencies/nav2_route
-- Up-to-date symlink: /home/thomas24/hive_ws2/install/nav2_route/share/ament_index/resource_index/parent_prefix_path/nav2_route
-- Up-to-date symlink: /home/thomas24/hive_ws2/install/nav2_route/share/nav2_route/environment/ament_prefix_path.sh
-- Up-to-date symlink: /home/thomas24/hive_ws2/install/nav2_route/share/nav2_route/environment/ament_prefix_path.dsv
-- Up-to-date symlink: /home/thomas24/hive_ws2/install/nav2_route/share/nav2_route/environment/path.sh
-- Up-to-date symlink: /home/thomas24/hive_ws2/install/nav2_route/share/nav2_route/environment/path.dsv
-- Up-to-date symlink: /home/thomas24/hive_ws2/install/nav2_route/share/nav2_route/local_setup.bash
-- Up-to-date symlink: /home/thomas24/hive_ws2/install/nav2_route/share/nav2_route/local_setup.sh
-- Up-to-date symlink: /home/thomas24/hive_ws2/install/nav2_route/share/nav2_route/local_setup.zsh
-- Up-to-date symlink: /home/thomas24/hive_ws2/install/nav2_route/share/nav2_route/local_setup.dsv
-- Symlinking: /home/thomas24/hive_ws2/install/nav2_route/share/nav2_route/package.dsv
-- Up-to-date symlink: /home/thomas24/hive_ws2/install/nav2_route/share/ament_index/resource_index/packages/nav2_route
-- Up-to-date symlink: /home/thomas24/hive_ws2/install/nav2_route/share/ament_index/resource_index/nav2_route__pluginlib__plugin/nav2_route
-- Up-to-date symlink: /home/thomas24/hive_ws2/install/nav2_route/share/ament_index/resource_index/rclcpp_components/nav2_route
-- Up-to-date symlink: /home/thomas24/hive_ws2/install/nav2_route/share/nav2_route/cmake/ament_cmake_export_include_directories-extras.cmake
-- Up-to-date symlink: /home/thomas24/hive_ws2/install/nav2_route/share/nav2_route/cmake/ament_cmake_export_dependencies-extras.cmake
-- Up-to-date symlink: /home/thomas24/hive_ws2/install/nav2_route/share/nav2_route/cmake/ament_cmake_export_libraries-extras.cmake
-- Up-to-date symlink: /home/thomas24/hive_ws2/install/nav2_route/share/nav2_route/cmake/ament_cmake_export_targets-extras.cmake
-- Up-to-date symlink: /home/thomas24/hive_ws2/install/nav2_route/share/nav2_route/cmake/nav2_routeConfig.cmake
-- Up-to-date symlink: /home/thomas24/hive_ws2/install/nav2_route/share/nav2_route/cmake/nav2_routeConfig-version.cmake
-- Up-to-date symlink: /home/thomas24/hive_ws2/install/nav2_route/share/nav2_route/package.xml
-- Up-to-date: /home/thomas24/hive_ws2/install/nav2_route/lib/libroute_server_core.so
-- Up-to-date: /home/thomas24/hive_ws2/install/nav2_route/lib/libedge_scorers.so
-- Up-to-date: /home/thomas24/hive_ws2/install/nav2_route/lib/libroute_operations.so
-- Up-to-date: /home/thomas24/hive_ws2/install/nav2_route/lib/libgraph_file_loaders.so
-- Up-to-date: /home/thomas24/hive_ws2/install/nav2_route/lib/libgraph_file_savers.so
-- Up-to-date: /home/thomas24/hive_ws2/install/nav2_route/share/nav2_route/cmake/export_nav2_routeExport.cmake
-- Up-to-date: /home/thomas24/hive_ws2/install/nav2_route/share/nav2_route/cmake/export_nav2_routeExport-release.cmake
