[0.064s] Invoking command in '/home/thomas24/hive_ws2/build/nav2_controller': AMENT_PREFIX_PATH=/home/thomas24/hive_ws2/install/nav2_core:/home/thomas24/hive_ws2/install/nav2_costmap_2d:/home/thomas24/hive_ws2/install/nav2_map_server:/home/thomas24/hive_ws2/install/nav2_lifecycle_manager:/home/thomas24/hive_ws2/install/nav2_behavior_tree:/home/thomas24/hive_ws2/install/nav2_util:/home/thomas24/hive_ws2/install/nav2_ros_common:/home/thomas24/hive_ws2/install/nav2_voxel_grid:/home/thomas24/hive_ws2/install/nav2_msgs:/home/thomas24/hive_ws2/install/nav2_common:${AMENT_PREFIX_PATH} CMAKE_PREFIX_PATH=/home/thomas24/hive_ws2/install/nav2_core:/home/thomas24/hive_ws2/install/nav2_costmap_2d:/home/thomas24/hive_ws2/install/nav2_map_server:/home/thomas24/hive_ws2/install/nav2_lifecycle_manager:/home/thomas24/hive_ws2/install/nav2_behavior_tree:/home/thomas24/hive_ws2/install/nav2_util:/home/thomas24/hive_ws2/install/nav2_ros_common:/home/thomas24/hive_ws2/install/nav2_voxel_grid:/home/thomas24/hive_ws2/install/nav2_msgs:/home/thomas24/hive_ws2/install/nav2_common:/opt/ros/jazzy/opt/gz_sim_vendor:/opt/ros/jazzy/opt/gz_sensors_vendor:/opt/ros/jazzy/opt/gz_physics_vendor:/opt/ros/jazzy/opt/sdformat_vendor:/opt/ros/jazzy/opt/gz_gui_vendor:/opt/ros/jazzy/opt/gz_transport_vendor:/opt/ros/jazzy/opt/gz_rendering_vendor:/opt/ros/jazzy/opt/gz_plugin_vendor:/opt/ros/jazzy/opt/gz_fuel_tools_vendor:/opt/ros/jazzy/opt/gz_msgs_vendor:/opt/ros/jazzy/opt/gz_common_vendor:/opt/ros/jazzy/opt/gz_math_vendor:/opt/ros/jazzy/opt/gz_utils_vendor:/opt/ros/jazzy/opt/gz_tools_vendor:/opt/ros/jazzy/opt/gz_ogre_next_vendor:/opt/ros/jazzy/opt/gz_dartsim_vendor:/opt/ros/jazzy/opt/gz_cmake_vendor:/opt/ros/jazzy DEBUGINFOD_URLS=https://debuginfod.ubuntu.com LD_LIBRARY_PATH=/home/thomas24/hive_ws2/install/nav2_costmap_2d/lib:/home/thomas24/hive_ws2/install/nav2_map_server/lib:/home/thomas24/hive_ws2/install/nav2_lifecycle_manager/lib:/home/thomas24/hive_ws2/install/nav2_behavior_tree/lib:/home/thomas24/hive_ws2/install/nav2_util/lib:/home/thomas24/hive_ws2/install/nav2_voxel_grid/lib:/home/thomas24/hive_ws2/install/nav2_msgs/lib:${LD_LIBRARY_PATH} PYTHONPATH=/home/thomas24/hive_ws2/install/nav2_msgs/lib/python3.12/site-packages:/home/thomas24/hive_ws2/install/nav2_common/lib/python3.12/site-packages:${PYTHONPATH} /usr/bin/cmake /home/thomas24/hive_ws2/src/navigation2/nav2_controller -DCMAKE_INSTALL_PREFIX=/home/thomas24/hive_ws2/install/nav2_controller
[0.151s] -- The C compiler identification is GNU 13.3.0
[0.259s] -- The CXX compiler identification is GNU 13.3.0
[0.286s] -- Detecting C compiler ABI info
[0.495s] -- Detecting C compiler ABI info - done
[0.524s] -- Check for working C compiler: /usr/bin/cc - skipped
[0.524s] -- Detecting C compile features
[0.525s] -- Detecting C compile features - done
[0.563s] -- Detecting CXX compiler ABI info
[0.959s] -- Detecting CXX compiler ABI info - done
[0.984s] -- Check for working CXX compiler: /usr/bin/c++ - skipped
[0.984s] -- Detecting CXX compile features
[0.984s] -- Detecting CXX compile features - done
[1.004s] -- Found ament_cmake: 2.5.4 (/opt/ros/jazzy/share/ament_cmake/cmake)
[1.517s] -- Found Python3: /usr/bin/python3 (found version "3.12.3") found components: Interpreter 
[1.852s] -- Found angles: 1.16.0 (/opt/ros/jazzy/share/angles/cmake)
[1.878s] -- Found geometry_msgs: 5.3.6 (/opt/ros/jazzy/share/geometry_msgs/cmake)
[2.091s] -- Found rosidl_generator_c: 4.6.6 (/opt/ros/jazzy/share/rosidl_generator_c/cmake)
[2.142s] -- Found rosidl_generator_cpp: 4.6.6 (/opt/ros/jazzy/share/rosidl_generator_cpp/cmake)
[2.185s] -- Using all available rosidl_typesupport_c: rosidl_typesupport_fastrtps_c;rosidl_typesupport_introspection_c
[2.217s] -- Using all available rosidl_typesupport_cpp: rosidl_typesupport_fastrtps_cpp;rosidl_typesupport_introspection_cpp
[2.289s] -- Found lifecycle_msgs: 2.0.3 (/opt/ros/jazzy/share/lifecycle_msgs/cmake)
[2.334s] -- Found nav2_core: 1.4.0 (/home/thomas24/hive_ws2/install/nav2_core/share/nav2_core/cmake)
[2.722s] -- Found rmw_implementation_cmake: 7.3.2 (/opt/ros/jazzy/share/rmw_implementation_cmake/cmake)
[2.727s] -- Found rmw_fastrtps_cpp: 8.4.3 (/opt/ros/jazzy/share/rmw_fastrtps_cpp/cmake)
[2.932s] -- Found OpenSSL: /usr/lib/x86_64-linux-gnu/libcrypto.so (found version "3.0.13")  
[2.980s] -- Found FastRTPS: /opt/ros/jazzy/include (Required is at least version "2.13") 
[3.073s] -- Using RMW implementation 'rmw_fastrtps_cpp' as default
[3.387s] -- Found eigen3_cmake_module: 0.3.0 (/opt/ros/jazzy/share/eigen3_cmake_module/cmake)
[3.388s] -- Found Eigen3: TRUE (found version "3.4.0") 
[3.388s] -- Ensuring Eigen3 include directory is part of orocos-kdl CMake target
[3.800s] -- Setting build type to Release as none was specified.
[3.809s] -- Found ament_lint_auto: 0.17.3 (/opt/ros/jazzy/share/ament_lint_auto/cmake)
[4.021s] -- Found gtest sources under '/opt/ros/jazzy/src/gtest_vendor': C++ tests using 'Google Test' will be built
[4.035s] -- Performing Test CMAKE_HAVE_LIBC_PTHREAD
[4.410s] -- Performing Test CMAKE_HAVE_LIBC_PTHREAD - Success
[4.410s] -- Found Threads: TRUE  
[4.447s] -- Added test 'cppcheck' to perform static code analysis on C / C++ code
[4.447s] -- Configured cppcheck include dirs: $<BUILD_INTERFACE:/home/thomas24/hive_ws2/src/navigation2/nav2_controller/include>
[4.447s] -- Configured cppcheck exclude dirs and/or files: 
[4.455s] -- Added test 'cpplint' to check C / C++ code against the Google style
[4.455s] -- Configured cpplint exclude dirs and/or files: 
[4.457s] -- Added test 'lint_cmake' to check CMake code style
[4.459s] -- Added test 'uncrustify' to check C / C++ code style
[4.464s] -- Configured uncrustify additional arguments: 
[4.466s] -- Added test 'xmllint' to check XML markup files
[4.475s] -- Configuring done (4.4s)
[4.914s] -- Generating done (0.4s)
[5.078s] -- Build files have been written to: /home/thomas24/hive_ws2/build/nav2_controller
[5.194s] Invoked command in '/home/thomas24/hive_ws2/build/nav2_controller' returned '0': AMENT_PREFIX_PATH=/home/thomas24/hive_ws2/install/nav2_core:/home/thomas24/hive_ws2/install/nav2_costmap_2d:/home/thomas24/hive_ws2/install/nav2_map_server:/home/thomas24/hive_ws2/install/nav2_lifecycle_manager:/home/thomas24/hive_ws2/install/nav2_behavior_tree:/home/thomas24/hive_ws2/install/nav2_util:/home/thomas24/hive_ws2/install/nav2_ros_common:/home/thomas24/hive_ws2/install/nav2_voxel_grid:/home/thomas24/hive_ws2/install/nav2_msgs:/home/thomas24/hive_ws2/install/nav2_common:${AMENT_PREFIX_PATH} CMAKE_PREFIX_PATH=/home/thomas24/hive_ws2/install/nav2_core:/home/thomas24/hive_ws2/install/nav2_costmap_2d:/home/thomas24/hive_ws2/install/nav2_map_server:/home/thomas24/hive_ws2/install/nav2_lifecycle_manager:/home/thomas24/hive_ws2/install/nav2_behavior_tree:/home/thomas24/hive_ws2/install/nav2_util:/home/thomas24/hive_ws2/install/nav2_ros_common:/home/thomas24/hive_ws2/install/nav2_voxel_grid:/home/thomas24/hive_ws2/install/nav2_msgs:/home/thomas24/hive_ws2/install/nav2_common:/opt/ros/jazzy/opt/gz_sim_vendor:/opt/ros/jazzy/opt/gz_sensors_vendor:/opt/ros/jazzy/opt/gz_physics_vendor:/opt/ros/jazzy/opt/sdformat_vendor:/opt/ros/jazzy/opt/gz_gui_vendor:/opt/ros/jazzy/opt/gz_transport_vendor:/opt/ros/jazzy/opt/gz_rendering_vendor:/opt/ros/jazzy/opt/gz_plugin_vendor:/opt/ros/jazzy/opt/gz_fuel_tools_vendor:/opt/ros/jazzy/opt/gz_msgs_vendor:/opt/ros/jazzy/opt/gz_common_vendor:/opt/ros/jazzy/opt/gz_math_vendor:/opt/ros/jazzy/opt/gz_utils_vendor:/opt/ros/jazzy/opt/gz_tools_vendor:/opt/ros/jazzy/opt/gz_ogre_next_vendor:/opt/ros/jazzy/opt/gz_dartsim_vendor:/opt/ros/jazzy/opt/gz_cmake_vendor:/opt/ros/jazzy DEBUGINFOD_URLS=https://debuginfod.ubuntu.com LD_LIBRARY_PATH=/home/thomas24/hive_ws2/install/nav2_costmap_2d/lib:/home/thomas24/hive_ws2/install/nav2_map_server/lib:/home/thomas24/hive_ws2/install/nav2_lifecycle_manager/lib:/home/thomas24/hive_ws2/install/nav2_behavior_tree/lib:/home/thomas24/hive_ws2/install/nav2_util/lib:/home/thomas24/hive_ws2/install/nav2_voxel_grid/lib:/home/thomas24/hive_ws2/install/nav2_msgs/lib:${LD_LIBRARY_PATH} PYTHONPATH=/home/thomas24/hive_ws2/install/nav2_msgs/lib/python3.12/site-packages:/home/thomas24/hive_ws2/install/nav2_common/lib/python3.12/site-packages:${PYTHONPATH} /usr/bin/cmake /home/thomas24/hive_ws2/src/navigation2/nav2_controller -DCMAKE_INSTALL_PREFIX=/home/thomas24/hive_ws2/install/nav2_controller
[5.201s] Invoking command in '/home/thomas24/hive_ws2/build/nav2_controller': AMENT_PREFIX_PATH=/home/thomas24/hive_ws2/install/nav2_core:/home/thomas24/hive_ws2/install/nav2_costmap_2d:/home/thomas24/hive_ws2/install/nav2_map_server:/home/thomas24/hive_ws2/install/nav2_lifecycle_manager:/home/thomas24/hive_ws2/install/nav2_behavior_tree:/home/thomas24/hive_ws2/install/nav2_util:/home/thomas24/hive_ws2/install/nav2_ros_common:/home/thomas24/hive_ws2/install/nav2_voxel_grid:/home/thomas24/hive_ws2/install/nav2_msgs:/home/thomas24/hive_ws2/install/nav2_common:${AMENT_PREFIX_PATH} CMAKE_PREFIX_PATH=/home/thomas24/hive_ws2/install/nav2_core:/home/thomas24/hive_ws2/install/nav2_costmap_2d:/home/thomas24/hive_ws2/install/nav2_map_server:/home/thomas24/hive_ws2/install/nav2_lifecycle_manager:/home/thomas24/hive_ws2/install/nav2_behavior_tree:/home/thomas24/hive_ws2/install/nav2_util:/home/thomas24/hive_ws2/install/nav2_ros_common:/home/thomas24/hive_ws2/install/nav2_voxel_grid:/home/thomas24/hive_ws2/install/nav2_msgs:/home/thomas24/hive_ws2/install/nav2_common:/opt/ros/jazzy/opt/gz_sim_vendor:/opt/ros/jazzy/opt/gz_sensors_vendor:/opt/ros/jazzy/opt/gz_physics_vendor:/opt/ros/jazzy/opt/sdformat_vendor:/opt/ros/jazzy/opt/gz_gui_vendor:/opt/ros/jazzy/opt/gz_transport_vendor:/opt/ros/jazzy/opt/gz_rendering_vendor:/opt/ros/jazzy/opt/gz_plugin_vendor:/opt/ros/jazzy/opt/gz_fuel_tools_vendor:/opt/ros/jazzy/opt/gz_msgs_vendor:/opt/ros/jazzy/opt/gz_common_vendor:/opt/ros/jazzy/opt/gz_math_vendor:/opt/ros/jazzy/opt/gz_utils_vendor:/opt/ros/jazzy/opt/gz_tools_vendor:/opt/ros/jazzy/opt/gz_ogre_next_vendor:/opt/ros/jazzy/opt/gz_dartsim_vendor:/opt/ros/jazzy/opt/gz_cmake_vendor:/opt/ros/jazzy DEBUGINFOD_URLS=https://debuginfod.ubuntu.com LD_LIBRARY_PATH=/home/thomas24/hive_ws2/install/nav2_costmap_2d/lib:/home/thomas24/hive_ws2/install/nav2_map_server/lib:/home/thomas24/hive_ws2/install/nav2_lifecycle_manager/lib:/home/thomas24/hive_ws2/install/nav2_behavior_tree/lib:/home/thomas24/hive_ws2/install/nav2_util/lib:/home/thomas24/hive_ws2/install/nav2_voxel_grid/lib:/home/thomas24/hive_ws2/install/nav2_msgs/lib:${LD_LIBRARY_PATH} PYTHONPATH=/home/thomas24/hive_ws2/install/nav2_msgs/lib/python3.12/site-packages:/home/thomas24/hive_ws2/install/nav2_common/lib/python3.12/site-packages:${PYTHONPATH} /usr/bin/cmake --build /home/thomas24/hive_ws2/build/nav2_controller -- -j16 -l16
[6.177s] [  4%] [32mBuilding CXX object CMakeFiles/controller_server_core.dir/src/controller_server.cpp.o[0m
[53.693s] [  8%] [32m[1mLinking CXX shared library libcontroller_server_core.so[0m
[54.620s] [  8%] Built target controller_server_core
[54.681s] [ 12%] [32mBuilding CXX object gtest/CMakeFiles/gtest.dir/src/gtest-all.cc.o[0m
[65.064s] [ 16%] [32m[1mLinking CXX static library libgtest.a[0m
[65.157s] [ 16%] Built target gtest
[65.227s] [ 20%] [32mBuilding CXX object CMakeFiles/controller_server.dir/src/main.cpp.o[0m
[73.578s] [ 25%] [32m[1mLinking CXX executable controller_server[0m
[73.965s] [ 25%] Built target controller_server
[74.012s] [ 29%] [32mBuilding CXX object gtest/CMakeFiles/gtest_main.dir/src/gtest_main.cc.o[0m
[75.048s] [ 33%] [32m[1mLinking CXX static library libgtest_main.a[0m
[75.126s] [ 33%] Built target gtest_main
[75.173s] [ 37%] [32mBuilding CXX object CMakeFiles/position_goal_checker.dir/plugins/position_goal_checker.cpp.o[0m
[82.448s] [ 41%] [32m[1mLinking CXX shared library libposition_goal_checker.so[0m
[82.681s] [ 41%] Built target position_goal_checker
[82.727s] [ 45%] [32mBuilding CXX object test/CMakeFiles/test_dynamic_parameters.dir/test_dynamic_parameters.cpp.o[0m
[92.282s] [ 50%] [32m[1mLinking CXX executable test_dynamic_parameters[0m
[92.787s] [ 50%] Built target test_dynamic_parameters
[92.853s] [ 54%] [32mBuilding CXX object CMakeFiles/simple_goal_checker.dir/plugins/simple_goal_checker.cpp.o[0m
[100.931s] [ 58%] [32m[1mLinking CXX shared library libsimple_goal_checker.so[0m
[101.162s] [ 58%] Built target simple_goal_checker
[101.196s] [ 62%] [32mBuilding CXX object CMakeFiles/simple_progress_checker.dir/plugins/simple_progress_checker.cpp.o[0m
[106.257s] [ 66%] [32m[1mLinking CXX shared library libsimple_progress_checker.so[0m
[106.523s] [ 66%] Built target simple_progress_checker
[106.564s] [ 70%] [32mBuilding CXX object CMakeFiles/stopped_goal_checker.dir/plugins/stopped_goal_checker.cpp.o[0m
[113.618s] [ 75%] [32m[1mLinking CXX shared library libstopped_goal_checker.so[0m
[113.909s] [ 75%] Built target stopped_goal_checker
[113.944s] [ 79%] [32mBuilding CXX object CMakeFiles/pose_progress_checker.dir/plugins/pose_progress_checker.cpp.o[0m
[118.992s] [ 83%] [32m[1mLinking CXX shared library libpose_progress_checker.so[0m
[119.249s] [ 83%] Built target pose_progress_checker
[119.281s] [ 87%] [32mBuilding CXX object plugins/test/CMakeFiles/gctest.dir/goal_checker.cpp.o[0m
[127.986s] [ 91%] [32m[1mLinking CXX executable gctest[0m
[128.384s] [ 91%] Built target gctest
[128.419s] [ 95%] [32mBuilding CXX object plugins/test/CMakeFiles/pctest.dir/progress_checker.cpp.o[0m
[135.241s] [100%] [32m[1mLinking CXX executable pctest[0m
[135.559s] [100%] Built target pctest
[135.592s] Invoked command in '/home/thomas24/hive_ws2/build/nav2_controller' returned '0': AMENT_PREFIX_PATH=/home/thomas24/hive_ws2/install/nav2_core:/home/thomas24/hive_ws2/install/nav2_costmap_2d:/home/thomas24/hive_ws2/install/nav2_map_server:/home/thomas24/hive_ws2/install/nav2_lifecycle_manager:/home/thomas24/hive_ws2/install/nav2_behavior_tree:/home/thomas24/hive_ws2/install/nav2_util:/home/thomas24/hive_ws2/install/nav2_ros_common:/home/thomas24/hive_ws2/install/nav2_voxel_grid:/home/thomas24/hive_ws2/install/nav2_msgs:/home/thomas24/hive_ws2/install/nav2_common:${AMENT_PREFIX_PATH} CMAKE_PREFIX_PATH=/home/thomas24/hive_ws2/install/nav2_core:/home/thomas24/hive_ws2/install/nav2_costmap_2d:/home/thomas24/hive_ws2/install/nav2_map_server:/home/thomas24/hive_ws2/install/nav2_lifecycle_manager:/home/thomas24/hive_ws2/install/nav2_behavior_tree:/home/thomas24/hive_ws2/install/nav2_util:/home/thomas24/hive_ws2/install/nav2_ros_common:/home/thomas24/hive_ws2/install/nav2_voxel_grid:/home/thomas24/hive_ws2/install/nav2_msgs:/home/thomas24/hive_ws2/install/nav2_common:/opt/ros/jazzy/opt/gz_sim_vendor:/opt/ros/jazzy/opt/gz_sensors_vendor:/opt/ros/jazzy/opt/gz_physics_vendor:/opt/ros/jazzy/opt/sdformat_vendor:/opt/ros/jazzy/opt/gz_gui_vendor:/opt/ros/jazzy/opt/gz_transport_vendor:/opt/ros/jazzy/opt/gz_rendering_vendor:/opt/ros/jazzy/opt/gz_plugin_vendor:/opt/ros/jazzy/opt/gz_fuel_tools_vendor:/opt/ros/jazzy/opt/gz_msgs_vendor:/opt/ros/jazzy/opt/gz_common_vendor:/opt/ros/jazzy/opt/gz_math_vendor:/opt/ros/jazzy/opt/gz_utils_vendor:/opt/ros/jazzy/opt/gz_tools_vendor:/opt/ros/jazzy/opt/gz_ogre_next_vendor:/opt/ros/jazzy/opt/gz_dartsim_vendor:/opt/ros/jazzy/opt/gz_cmake_vendor:/opt/ros/jazzy DEBUGINFOD_URLS=https://debuginfod.ubuntu.com LD_LIBRARY_PATH=/home/thomas24/hive_ws2/install/nav2_costmap_2d/lib:/home/thomas24/hive_ws2/install/nav2_map_server/lib:/home/thomas24/hive_ws2/install/nav2_lifecycle_manager/lib:/home/thomas24/hive_ws2/install/nav2_behavior_tree/lib:/home/thomas24/hive_ws2/install/nav2_util/lib:/home/thomas24/hive_ws2/install/nav2_voxel_grid/lib:/home/thomas24/hive_ws2/install/nav2_msgs/lib:${LD_LIBRARY_PATH} PYTHONPATH=/home/thomas24/hive_ws2/install/nav2_msgs/lib/python3.12/site-packages:/home/thomas24/hive_ws2/install/nav2_common/lib/python3.12/site-packages:${PYTHONPATH} /usr/bin/cmake --build /home/thomas24/hive_ws2/build/nav2_controller -- -j16 -l16
[135.592s] Invoking command in '/home/thomas24/hive_ws2/build/nav2_controller': AMENT_PREFIX_PATH=/home/thomas24/hive_ws2/install/nav2_core:/home/thomas24/hive_ws2/install/nav2_costmap_2d:/home/thomas24/hive_ws2/install/nav2_map_server:/home/thomas24/hive_ws2/install/nav2_lifecycle_manager:/home/thomas24/hive_ws2/install/nav2_behavior_tree:/home/thomas24/hive_ws2/install/nav2_util:/home/thomas24/hive_ws2/install/nav2_ros_common:/home/thomas24/hive_ws2/install/nav2_voxel_grid:/home/thomas24/hive_ws2/install/nav2_msgs:/home/thomas24/hive_ws2/install/nav2_common:${AMENT_PREFIX_PATH} CMAKE_PREFIX_PATH=/home/thomas24/hive_ws2/install/nav2_core:/home/thomas24/hive_ws2/install/nav2_costmap_2d:/home/thomas24/hive_ws2/install/nav2_map_server:/home/thomas24/hive_ws2/install/nav2_lifecycle_manager:/home/thomas24/hive_ws2/install/nav2_behavior_tree:/home/thomas24/hive_ws2/install/nav2_util:/home/thomas24/hive_ws2/install/nav2_ros_common:/home/thomas24/hive_ws2/install/nav2_voxel_grid:/home/thomas24/hive_ws2/install/nav2_msgs:/home/thomas24/hive_ws2/install/nav2_common:/opt/ros/jazzy/opt/gz_sim_vendor:/opt/ros/jazzy/opt/gz_sensors_vendor:/opt/ros/jazzy/opt/gz_physics_vendor:/opt/ros/jazzy/opt/sdformat_vendor:/opt/ros/jazzy/opt/gz_gui_vendor:/opt/ros/jazzy/opt/gz_transport_vendor:/opt/ros/jazzy/opt/gz_rendering_vendor:/opt/ros/jazzy/opt/gz_plugin_vendor:/opt/ros/jazzy/opt/gz_fuel_tools_vendor:/opt/ros/jazzy/opt/gz_msgs_vendor:/opt/ros/jazzy/opt/gz_common_vendor:/opt/ros/jazzy/opt/gz_math_vendor:/opt/ros/jazzy/opt/gz_utils_vendor:/opt/ros/jazzy/opt/gz_tools_vendor:/opt/ros/jazzy/opt/gz_ogre_next_vendor:/opt/ros/jazzy/opt/gz_dartsim_vendor:/opt/ros/jazzy/opt/gz_cmake_vendor:/opt/ros/jazzy DEBUGINFOD_URLS=https://debuginfod.ubuntu.com LD_LIBRARY_PATH=/home/thomas24/hive_ws2/install/nav2_costmap_2d/lib:/home/thomas24/hive_ws2/install/nav2_map_server/lib:/home/thomas24/hive_ws2/install/nav2_lifecycle_manager/lib:/home/thomas24/hive_ws2/install/nav2_behavior_tree/lib:/home/thomas24/hive_ws2/install/nav2_util/lib:/home/thomas24/hive_ws2/install/nav2_voxel_grid/lib:/home/thomas24/hive_ws2/install/nav2_msgs/lib:${LD_LIBRARY_PATH} PYTHONPATH=/home/thomas24/hive_ws2/install/nav2_msgs/lib/python3.12/site-packages:/home/thomas24/hive_ws2/install/nav2_common/lib/python3.12/site-packages:${PYTHONPATH} /usr/bin/cmake --install /home/thomas24/hive_ws2/build/nav2_controller
[135.607s] -- Install configuration: "Release"
[135.607s] -- Installing: /home/thomas24/hive_ws2/install/nav2_controller/lib/libsimple_progress_checker.so
[135.607s] -- Set non-toolchain portion of runtime path of "/home/thomas24/hive_ws2/install/nav2_controller/lib/libsimple_progress_checker.so" to ""
[135.607s] -- Installing: /home/thomas24/hive_ws2/install/nav2_controller/lib/libposition_goal_checker.so
[135.607s] -- Set non-toolchain portion of runtime path of "/home/thomas24/hive_ws2/install/nav2_controller/lib/libposition_goal_checker.so" to ""
[135.607s] -- Installing: /home/thomas24/hive_ws2/install/nav2_controller/lib/libpose_progress_checker.so
[135.607s] -- Set non-toolchain portion of runtime path of "/home/thomas24/hive_ws2/install/nav2_controller/lib/libpose_progress_checker.so" to ""
[135.607s] -- Installing: /home/thomas24/hive_ws2/install/nav2_controller/lib/libsimple_goal_checker.so
[135.607s] -- Set non-toolchain portion of runtime path of "/home/thomas24/hive_ws2/install/nav2_controller/lib/libsimple_goal_checker.so" to ""
[135.607s] -- Installing: /home/thomas24/hive_ws2/install/nav2_controller/lib/libstopped_goal_checker.so
[135.608s] -- Set non-toolchain portion of runtime path of "/home/thomas24/hive_ws2/install/nav2_controller/lib/libstopped_goal_checker.so" to ""
[135.608s] -- Installing: /home/thomas24/hive_ws2/install/nav2_controller/lib/libcontroller_server_core.so
[135.609s] -- Set non-toolchain portion of runtime path of "/home/thomas24/hive_ws2/install/nav2_controller/lib/libcontroller_server_core.so" to ""
[135.609s] -- Installing: /home/thomas24/hive_ws2/install/nav2_controller/lib/nav2_controller/controller_server
[135.609s] -- Set non-toolchain portion of runtime path of "/home/thomas24/hive_ws2/install/nav2_controller/lib/nav2_controller/controller_server" to ""
[135.609s] -- Installing: /home/thomas24/hive_ws2/install/nav2_controller/include/nav2_controller
[135.609s] -- Installing: /home/thomas24/hive_ws2/install/nav2_controller/include/nav2_controller/nav2_controller
[135.609s] -- Installing: /home/thomas24/hive_ws2/install/nav2_controller/include/nav2_controller/nav2_controller/controller_server.hpp
[135.609s] -- Installing: /home/thomas24/hive_ws2/install/nav2_controller/include/nav2_controller/nav2_controller/plugins
[135.610s] -- Installing: /home/thomas24/hive_ws2/install/nav2_controller/include/nav2_controller/nav2_controller/plugins/position_goal_checker.hpp
[135.610s] -- Installing: /home/thomas24/hive_ws2/install/nav2_controller/include/nav2_controller/nav2_controller/plugins/pose_progress_checker.hpp
[135.610s] -- Installing: /home/thomas24/hive_ws2/install/nav2_controller/include/nav2_controller/nav2_controller/plugins/stopped_goal_checker.hpp
[135.610s] -- Installing: /home/thomas24/hive_ws2/install/nav2_controller/include/nav2_controller/nav2_controller/plugins/simple_goal_checker.hpp
[135.610s] -- Installing: /home/thomas24/hive_ws2/install/nav2_controller/include/nav2_controller/nav2_controller/plugins/simple_progress_checker.hpp
[135.610s] -- Installing: /home/thomas24/hive_ws2/install/nav2_controller/share/nav2_controller/environment/library_path.sh
[135.610s] -- Installing: /home/thomas24/hive_ws2/install/nav2_controller/share/nav2_controller/environment/library_path.dsv
[135.610s] -- Installing: /home/thomas24/hive_ws2/install/nav2_controller/share/nav2_controller/plugins.xml
[135.614s] -- Installing: /home/thomas24/hive_ws2/install/nav2_controller/share/ament_index/resource_index/package_run_dependencies/nav2_controller
[135.615s] -- Installing: /home/thomas24/hive_ws2/install/nav2_controller/share/ament_index/resource_index/parent_prefix_path/nav2_controller
[135.615s] -- Installing: /home/thomas24/hive_ws2/install/nav2_controller/share/nav2_controller/environment/ament_prefix_path.sh
[135.615s] -- Installing: /home/thomas24/hive_ws2/install/nav2_controller/share/nav2_controller/environment/ament_prefix_path.dsv
[135.615s] -- Installing: /home/thomas24/hive_ws2/install/nav2_controller/share/nav2_controller/environment/path.sh
[135.615s] -- Installing: /home/thomas24/hive_ws2/install/nav2_controller/share/nav2_controller/environment/path.dsv
[135.615s] -- Installing: /home/thomas24/hive_ws2/install/nav2_controller/share/nav2_controller/local_setup.bash
[135.615s] -- Installing: /home/thomas24/hive_ws2/install/nav2_controller/share/nav2_controller/local_setup.sh
[135.615s] -- Installing: /home/thomas24/hive_ws2/install/nav2_controller/share/nav2_controller/local_setup.zsh
[135.615s] -- Installing: /home/thomas24/hive_ws2/install/nav2_controller/share/nav2_controller/local_setup.dsv
[135.615s] -- Installing: /home/thomas24/hive_ws2/install/nav2_controller/share/nav2_controller/package.dsv
[135.615s] -- Installing: /home/thomas24/hive_ws2/install/nav2_controller/share/ament_index/resource_index/packages/nav2_controller
[135.615s] -- Installing: /home/thomas24/hive_ws2/install/nav2_controller/share/ament_index/resource_index/nav2_core__pluginlib__plugin/nav2_controller
[135.616s] -- Installing: /home/thomas24/hive_ws2/install/nav2_controller/share/ament_index/resource_index/rclcpp_components/nav2_controller
[135.616s] -- Installing: /home/thomas24/hive_ws2/install/nav2_controller/share/nav2_controller/cmake/controller_server_coreExport.cmake
[135.616s] -- Installing: /home/thomas24/hive_ws2/install/nav2_controller/share/nav2_controller/cmake/controller_server_coreExport-release.cmake
[135.616s] -- Installing: /home/thomas24/hive_ws2/install/nav2_controller/share/nav2_controller/cmake/ament_cmake_export_include_directories-extras.cmake
[135.616s] -- Installing: /home/thomas24/hive_ws2/install/nav2_controller/share/nav2_controller/cmake/ament_cmake_export_libraries-extras.cmake
[135.616s] -- Installing: /home/thomas24/hive_ws2/install/nav2_controller/share/nav2_controller/cmake/ament_cmake_export_dependencies-extras.cmake
[135.616s] -- Installing: /home/thomas24/hive_ws2/install/nav2_controller/share/nav2_controller/cmake/ament_cmake_export_targets-extras.cmake
[135.616s] -- Installing: /home/thomas24/hive_ws2/install/nav2_controller/share/nav2_controller/cmake/nav2_controllerConfig.cmake
[135.616s] -- Installing: /home/thomas24/hive_ws2/install/nav2_controller/share/nav2_controller/cmake/nav2_controllerConfig-version.cmake
[135.618s] -- Installing: /home/thomas24/hive_ws2/install/nav2_controller/share/nav2_controller/package.xml
[135.622s] Invoked command in '/home/thomas24/hive_ws2/build/nav2_controller' returned '0': AMENT_PREFIX_PATH=/home/thomas24/hive_ws2/install/nav2_core:/home/thomas24/hive_ws2/install/nav2_costmap_2d:/home/thomas24/hive_ws2/install/nav2_map_server:/home/thomas24/hive_ws2/install/nav2_lifecycle_manager:/home/thomas24/hive_ws2/install/nav2_behavior_tree:/home/thomas24/hive_ws2/install/nav2_util:/home/thomas24/hive_ws2/install/nav2_ros_common:/home/thomas24/hive_ws2/install/nav2_voxel_grid:/home/thomas24/hive_ws2/install/nav2_msgs:/home/thomas24/hive_ws2/install/nav2_common:${AMENT_PREFIX_PATH} CMAKE_PREFIX_PATH=/home/thomas24/hive_ws2/install/nav2_core:/home/thomas24/hive_ws2/install/nav2_costmap_2d:/home/thomas24/hive_ws2/install/nav2_map_server:/home/thomas24/hive_ws2/install/nav2_lifecycle_manager:/home/thomas24/hive_ws2/install/nav2_behavior_tree:/home/thomas24/hive_ws2/install/nav2_util:/home/thomas24/hive_ws2/install/nav2_ros_common:/home/thomas24/hive_ws2/install/nav2_voxel_grid:/home/thomas24/hive_ws2/install/nav2_msgs:/home/thomas24/hive_ws2/install/nav2_common:/opt/ros/jazzy/opt/gz_sim_vendor:/opt/ros/jazzy/opt/gz_sensors_vendor:/opt/ros/jazzy/opt/gz_physics_vendor:/opt/ros/jazzy/opt/sdformat_vendor:/opt/ros/jazzy/opt/gz_gui_vendor:/opt/ros/jazzy/opt/gz_transport_vendor:/opt/ros/jazzy/opt/gz_rendering_vendor:/opt/ros/jazzy/opt/gz_plugin_vendor:/opt/ros/jazzy/opt/gz_fuel_tools_vendor:/opt/ros/jazzy/opt/gz_msgs_vendor:/opt/ros/jazzy/opt/gz_common_vendor:/opt/ros/jazzy/opt/gz_math_vendor:/opt/ros/jazzy/opt/gz_utils_vendor:/opt/ros/jazzy/opt/gz_tools_vendor:/opt/ros/jazzy/opt/gz_ogre_next_vendor:/opt/ros/jazzy/opt/gz_dartsim_vendor:/opt/ros/jazzy/opt/gz_cmake_vendor:/opt/ros/jazzy DEBUGINFOD_URLS=https://debuginfod.ubuntu.com LD_LIBRARY_PATH=/home/thomas24/hive_ws2/install/nav2_costmap_2d/lib:/home/thomas24/hive_ws2/install/nav2_map_server/lib:/home/thomas24/hive_ws2/install/nav2_lifecycle_manager/lib:/home/thomas24/hive_ws2/install/nav2_behavior_tree/lib:/home/thomas24/hive_ws2/install/nav2_util/lib:/home/thomas24/hive_ws2/install/nav2_voxel_grid/lib:/home/thomas24/hive_ws2/install/nav2_msgs/lib:${LD_LIBRARY_PATH} PYTHONPATH=/home/thomas24/hive_ws2/install/nav2_msgs/lib/python3.12/site-packages:/home/thomas24/hive_ws2/install/nav2_common/lib/python3.12/site-packages:${PYTHONPATH} /usr/bin/cmake --install /home/thomas24/hive_ws2/build/nav2_controller
