[0.016s] Invoking command in '/home/thomas24/hive_ws2/build/nav2_velocity_smoother': AMENT_PREFIX_PATH=/home/thomas24/hive_ws2/install/nav2_util:/home/thomas24/hive_ws2/install/nav2_ros_common:/home/thomas24/hive_ws2/install/nav2_msgs:/home/thomas24/hive_ws2/install/nav2_common:${AMENT_PREFIX_PATH} CMAKE_PREFIX_PATH=/home/thomas24/hive_ws2/install/nav2_util:/home/thomas24/hive_ws2/install/nav2_ros_common:/home/thomas24/hive_ws2/install/nav2_msgs:/home/thomas24/hive_ws2/install/nav2_common:/opt/ros/jazzy/opt/gz_sim_vendor:/opt/ros/jazzy/opt/gz_sensors_vendor:/opt/ros/jazzy/opt/gz_physics_vendor:/opt/ros/jazzy/opt/sdformat_vendor:/opt/ros/jazzy/opt/gz_gui_vendor:/opt/ros/jazzy/opt/gz_transport_vendor:/opt/ros/jazzy/opt/gz_rendering_vendor:/opt/ros/jazzy/opt/gz_plugin_vendor:/opt/ros/jazzy/opt/gz_fuel_tools_vendor:/opt/ros/jazzy/opt/gz_msgs_vendor:/opt/ros/jazzy/opt/gz_common_vendor:/opt/ros/jazzy/opt/gz_math_vendor:/opt/ros/jazzy/opt/gz_utils_vendor:/opt/ros/jazzy/opt/gz_tools_vendor:/opt/ros/jazzy/opt/gz_ogre_next_vendor:/opt/ros/jazzy/opt/gz_dartsim_vendor:/opt/ros/jazzy/opt/gz_cmake_vendor:/opt/ros/jazzy DEBUGINFOD_URLS=https://debuginfod.ubuntu.com LD_LIBRARY_PATH=/home/thomas24/hive_ws2/install/nav2_util/lib:/home/thomas24/hive_ws2/install/nav2_msgs/lib:${LD_LIBRARY_PATH} PYTHONPATH=/home/thomas24/hive_ws2/install/nav2_msgs/lib/python3.12/site-packages:/home/thomas24/hive_ws2/install/nav2_common/lib/python3.12/site-packages:${PYTHONPATH} /usr/bin/cmake /home/thomas24/hive_ws2/src/navigation2/nav2_velocity_smoother -DCMAKE_INSTALL_PREFIX=/home/thomas24/hive_ws2/install/nav2_velocity_smoother
[0.063s] -- The C compiler identification is GNU 13.3.0
[0.115s] -- The CXX compiler identification is GNU 13.3.0
[0.130s] -- Detecting C compiler ABI info
[0.227s] -- Detecting C compiler ABI info - done
[0.233s] -- Check for working C compiler: /usr/bin/cc - skipped
[0.233s] -- Detecting C compile features
[0.233s] -- Detecting C compile features - done
[0.241s] -- Detecting CXX compiler ABI info
[0.350s] -- Detecting CXX compiler ABI info - done
[0.358s] -- Check for working CXX compiler: /usr/bin/c++ - skipped
[0.358s] -- Detecting CXX compile features
[0.359s] -- Detecting CXX compile features - done
[0.363s] -- Found ament_cmake: 2.5.4 (/opt/ros/jazzy/share/ament_cmake/cmake)
[0.522s] -- Found Python3: /usr/bin/python3 (found version "3.12.3") found components: Interpreter 
[0.651s] -- Found geometry_msgs: 5.3.6 (/opt/ros/jazzy/share/geometry_msgs/cmake)
[0.705s] -- Found rosidl_generator_c: 4.6.6 (/opt/ros/jazzy/share/rosidl_generator_c/cmake)
[0.721s] -- Found rosidl_generator_cpp: 4.6.6 (/opt/ros/jazzy/share/rosidl_generator_cpp/cmake)
[0.740s] -- Using all available rosidl_typesupport_c: rosidl_typesupport_fastrtps_c;rosidl_typesupport_introspection_c
[0.759s] -- Using all available rosidl_typesupport_cpp: rosidl_typesupport_fastrtps_cpp;rosidl_typesupport_introspection_cpp
[0.803s] -- Found nav2_common: 1.4.0 (/home/thomas24/hive_ws2/install/nav2_common/share/nav2_common/cmake)
[0.804s] -- Found nav2_util: 1.4.0 (/home/thomas24/hive_ws2/install/nav2_util/share/nav2_util/cmake)
[0.896s] -- Found rmw_implementation_cmake: 7.3.2 (/opt/ros/jazzy/share/rmw_implementation_cmake/cmake)
[0.900s] -- Found rmw_fastrtps_cpp: 8.4.3 (/opt/ros/jazzy/share/rmw_fastrtps_cpp/cmake)
[0.991s] -- Found OpenSSL: /usr/lib/x86_64-linux-gnu/libcrypto.so (found version "3.0.13")  
[1.012s] -- Found FastRTPS: /opt/ros/jazzy/include (Required is at least version "2.13") 
[1.038s] -- Using RMW implementation 'rmw_fastrtps_cpp' as default
[1.347s] -- Found eigen3_cmake_module: 0.3.0 (/opt/ros/jazzy/share/eigen3_cmake_module/cmake)
[1.348s] -- Found Eigen3: TRUE (found version "3.4.0") 
[1.348s] -- Ensuring Eigen3 include directory is part of orocos-kdl CMake target
[1.462s] -- Setting build type to Release as none was specified.
[1.466s] -- Found ament_lint_auto: 0.17.3 (/opt/ros/jazzy/share/ament_lint_auto/cmake)
[1.597s] -- Found gtest sources under '/opt/ros/jazzy/src/gtest_vendor': C++ tests using 'Google Test' will be built
[1.603s] -- Performing Test CMAKE_HAVE_LIBC_PTHREAD
[1.740s] -- Performing Test CMAKE_HAVE_LIBC_PTHREAD - Success
[1.741s] -- Found Threads: TRUE  
[1.746s] -- Added test 'cppcheck' to perform static code analysis on C / C++ code
[1.746s] -- Configured cppcheck include dirs: $<BUILD_INTERFACE:/home/thomas24/hive_ws2/src/navigation2/nav2_velocity_smoother/include>
[1.747s] -- Configured cppcheck exclude dirs and/or files: 
[1.748s] -- Added test 'cpplint' to check C / C++ code against the Google style
[1.748s] -- Configured cpplint exclude dirs and/or files: 
[1.749s] -- Added test 'lint_cmake' to check CMake code style
[1.750s] -- Added test 'uncrustify' to check C / C++ code style
[1.750s] -- Configured uncrustify additional arguments: 
[1.751s] -- Added test 'xmllint' to check XML markup files
[1.755s] -- Configuring done (1.7s)
[1.792s] -- Generating done (0.0s)
[1.803s] -- Build files have been written to: /home/thomas24/hive_ws2/build/nav2_velocity_smoother
[1.829s] Invoked command in '/home/thomas24/hive_ws2/build/nav2_velocity_smoother' returned '0': AMENT_PREFIX_PATH=/home/thomas24/hive_ws2/install/nav2_util:/home/thomas24/hive_ws2/install/nav2_ros_common:/home/thomas24/hive_ws2/install/nav2_msgs:/home/thomas24/hive_ws2/install/nav2_common:${AMENT_PREFIX_PATH} CMAKE_PREFIX_PATH=/home/thomas24/hive_ws2/install/nav2_util:/home/thomas24/hive_ws2/install/nav2_ros_common:/home/thomas24/hive_ws2/install/nav2_msgs:/home/thomas24/hive_ws2/install/nav2_common:/opt/ros/jazzy/opt/gz_sim_vendor:/opt/ros/jazzy/opt/gz_sensors_vendor:/opt/ros/jazzy/opt/gz_physics_vendor:/opt/ros/jazzy/opt/sdformat_vendor:/opt/ros/jazzy/opt/gz_gui_vendor:/opt/ros/jazzy/opt/gz_transport_vendor:/opt/ros/jazzy/opt/gz_rendering_vendor:/opt/ros/jazzy/opt/gz_plugin_vendor:/opt/ros/jazzy/opt/gz_fuel_tools_vendor:/opt/ros/jazzy/opt/gz_msgs_vendor:/opt/ros/jazzy/opt/gz_common_vendor:/opt/ros/jazzy/opt/gz_math_vendor:/opt/ros/jazzy/opt/gz_utils_vendor:/opt/ros/jazzy/opt/gz_tools_vendor:/opt/ros/jazzy/opt/gz_ogre_next_vendor:/opt/ros/jazzy/opt/gz_dartsim_vendor:/opt/ros/jazzy/opt/gz_cmake_vendor:/opt/ros/jazzy DEBUGINFOD_URLS=https://debuginfod.ubuntu.com LD_LIBRARY_PATH=/home/thomas24/hive_ws2/install/nav2_util/lib:/home/thomas24/hive_ws2/install/nav2_msgs/lib:${LD_LIBRARY_PATH} PYTHONPATH=/home/thomas24/hive_ws2/install/nav2_msgs/lib/python3.12/site-packages:/home/thomas24/hive_ws2/install/nav2_common/lib/python3.12/site-packages:${PYTHONPATH} /usr/bin/cmake /home/thomas24/hive_ws2/src/navigation2/nav2_velocity_smoother -DCMAKE_INSTALL_PREFIX=/home/thomas24/hive_ws2/install/nav2_velocity_smoother
[1.830s] Invoking command in '/home/thomas24/hive_ws2/build/nav2_velocity_smoother': AMENT_PREFIX_PATH=/home/thomas24/hive_ws2/install/nav2_util:/home/thomas24/hive_ws2/install/nav2_ros_common:/home/thomas24/hive_ws2/install/nav2_msgs:/home/thomas24/hive_ws2/install/nav2_common:${AMENT_PREFIX_PATH} CMAKE_PREFIX_PATH=/home/thomas24/hive_ws2/install/nav2_util:/home/thomas24/hive_ws2/install/nav2_ros_common:/home/thomas24/hive_ws2/install/nav2_msgs:/home/thomas24/hive_ws2/install/nav2_common:/opt/ros/jazzy/opt/gz_sim_vendor:/opt/ros/jazzy/opt/gz_sensors_vendor:/opt/ros/jazzy/opt/gz_physics_vendor:/opt/ros/jazzy/opt/sdformat_vendor:/opt/ros/jazzy/opt/gz_gui_vendor:/opt/ros/jazzy/opt/gz_transport_vendor:/opt/ros/jazzy/opt/gz_rendering_vendor:/opt/ros/jazzy/opt/gz_plugin_vendor:/opt/ros/jazzy/opt/gz_fuel_tools_vendor:/opt/ros/jazzy/opt/gz_msgs_vendor:/opt/ros/jazzy/opt/gz_common_vendor:/opt/ros/jazzy/opt/gz_math_vendor:/opt/ros/jazzy/opt/gz_utils_vendor:/opt/ros/jazzy/opt/gz_tools_vendor:/opt/ros/jazzy/opt/gz_ogre_next_vendor:/opt/ros/jazzy/opt/gz_dartsim_vendor:/opt/ros/jazzy/opt/gz_cmake_vendor:/opt/ros/jazzy DEBUGINFOD_URLS=https://debuginfod.ubuntu.com LD_LIBRARY_PATH=/home/thomas24/hive_ws2/install/nav2_util/lib:/home/thomas24/hive_ws2/install/nav2_msgs/lib:${LD_LIBRARY_PATH} PYTHONPATH=/home/thomas24/hive_ws2/install/nav2_msgs/lib/python3.12/site-packages:/home/thomas24/hive_ws2/install/nav2_common/lib/python3.12/site-packages:${PYTHONPATH} /usr/bin/cmake --build /home/thomas24/hive_ws2/build/nav2_velocity_smoother -- -j16 -l16
[1.895s] [ 10%] [32mBuilding CXX object CMakeFiles/velocity_smoother_core.dir/src/velocity_smoother.cpp.o[0m
[1.895s] [ 20%] [32mBuilding CXX object gtest/CMakeFiles/gtest_main.dir/src/gtest_main.cc.o[0m
[1.897s] [ 30%] [32mBuilding CXX object gtest/CMakeFiles/gtest.dir/src/gtest-all.cc.o[0m
[3.932s] [ 40%] [32m[1mLinking CXX static library libgtest_main.a[0m
[4.043s] [ 40%] Built target gtest_main
[20.410s] [ 50%] [32m[1mLinking CXX static library libgtest.a[0m
[20.561s] [ 50%] Built target gtest
[33.479s] [ 60%] [32m[1mLinking CXX shared library libvelocity_smoother_core.so[0m
[33.694s] [ 60%] Built target velocity_smoother_core
[33.723s] [ 70%] [32mBuilding CXX object CMakeFiles/velocity_smoother.dir/src/main.cpp.o[0m
[38.999s] [ 80%] [32m[1mLinking CXX executable velocity_smoother[0m
[39.172s] [ 80%] Built target velocity_smoother
[39.200s] [ 90%] [32mBuilding CXX object test/CMakeFiles/velocity_smoother_tests.dir/test_velocity_smoother.cpp.o[0m
[57.008s] [100%] [32m[1mLinking CXX executable velocity_smoother_tests[0m
[57.259s] [100%] Built target velocity_smoother_tests
[57.276s] Invoked command in '/home/thomas24/hive_ws2/build/nav2_velocity_smoother' returned '0': AMENT_PREFIX_PATH=/home/thomas24/hive_ws2/install/nav2_util:/home/thomas24/hive_ws2/install/nav2_ros_common:/home/thomas24/hive_ws2/install/nav2_msgs:/home/thomas24/hive_ws2/install/nav2_common:${AMENT_PREFIX_PATH} CMAKE_PREFIX_PATH=/home/thomas24/hive_ws2/install/nav2_util:/home/thomas24/hive_ws2/install/nav2_ros_common:/home/thomas24/hive_ws2/install/nav2_msgs:/home/thomas24/hive_ws2/install/nav2_common:/opt/ros/jazzy/opt/gz_sim_vendor:/opt/ros/jazzy/opt/gz_sensors_vendor:/opt/ros/jazzy/opt/gz_physics_vendor:/opt/ros/jazzy/opt/sdformat_vendor:/opt/ros/jazzy/opt/gz_gui_vendor:/opt/ros/jazzy/opt/gz_transport_vendor:/opt/ros/jazzy/opt/gz_rendering_vendor:/opt/ros/jazzy/opt/gz_plugin_vendor:/opt/ros/jazzy/opt/gz_fuel_tools_vendor:/opt/ros/jazzy/opt/gz_msgs_vendor:/opt/ros/jazzy/opt/gz_common_vendor:/opt/ros/jazzy/opt/gz_math_vendor:/opt/ros/jazzy/opt/gz_utils_vendor:/opt/ros/jazzy/opt/gz_tools_vendor:/opt/ros/jazzy/opt/gz_ogre_next_vendor:/opt/ros/jazzy/opt/gz_dartsim_vendor:/opt/ros/jazzy/opt/gz_cmake_vendor:/opt/ros/jazzy DEBUGINFOD_URLS=https://debuginfod.ubuntu.com LD_LIBRARY_PATH=/home/thomas24/hive_ws2/install/nav2_util/lib:/home/thomas24/hive_ws2/install/nav2_msgs/lib:${LD_LIBRARY_PATH} PYTHONPATH=/home/thomas24/hive_ws2/install/nav2_msgs/lib/python3.12/site-packages:/home/thomas24/hive_ws2/install/nav2_common/lib/python3.12/site-packages:${PYTHONPATH} /usr/bin/cmake --build /home/thomas24/hive_ws2/build/nav2_velocity_smoother -- -j16 -l16
[57.276s] Invoking command in '/home/thomas24/hive_ws2/build/nav2_velocity_smoother': AMENT_PREFIX_PATH=/home/thomas24/hive_ws2/install/nav2_util:/home/thomas24/hive_ws2/install/nav2_ros_common:/home/thomas24/hive_ws2/install/nav2_msgs:/home/thomas24/hive_ws2/install/nav2_common:${AMENT_PREFIX_PATH} CMAKE_PREFIX_PATH=/home/thomas24/hive_ws2/install/nav2_util:/home/thomas24/hive_ws2/install/nav2_ros_common:/home/thomas24/hive_ws2/install/nav2_msgs:/home/thomas24/hive_ws2/install/nav2_common:/opt/ros/jazzy/opt/gz_sim_vendor:/opt/ros/jazzy/opt/gz_sensors_vendor:/opt/ros/jazzy/opt/gz_physics_vendor:/opt/ros/jazzy/opt/sdformat_vendor:/opt/ros/jazzy/opt/gz_gui_vendor:/opt/ros/jazzy/opt/gz_transport_vendor:/opt/ros/jazzy/opt/gz_rendering_vendor:/opt/ros/jazzy/opt/gz_plugin_vendor:/opt/ros/jazzy/opt/gz_fuel_tools_vendor:/opt/ros/jazzy/opt/gz_msgs_vendor:/opt/ros/jazzy/opt/gz_common_vendor:/opt/ros/jazzy/opt/gz_math_vendor:/opt/ros/jazzy/opt/gz_utils_vendor:/opt/ros/jazzy/opt/gz_tools_vendor:/opt/ros/jazzy/opt/gz_ogre_next_vendor:/opt/ros/jazzy/opt/gz_dartsim_vendor:/opt/ros/jazzy/opt/gz_cmake_vendor:/opt/ros/jazzy DEBUGINFOD_URLS=https://debuginfod.ubuntu.com LD_LIBRARY_PATH=/home/thomas24/hive_ws2/install/nav2_util/lib:/home/thomas24/hive_ws2/install/nav2_msgs/lib:${LD_LIBRARY_PATH} PYTHONPATH=/home/thomas24/hive_ws2/install/nav2_msgs/lib/python3.12/site-packages:/home/thomas24/hive_ws2/install/nav2_common/lib/python3.12/site-packages:${PYTHONPATH} /usr/bin/cmake --install /home/thomas24/hive_ws2/build/nav2_velocity_smoother
[57.285s] -- Install configuration: "Release"
[57.285s] -- Installing: /home/thomas24/hive_ws2/install/nav2_velocity_smoother/lib/libvelocity_smoother_core.so
[57.287s] -- Set non-toolchain portion of runtime path of "/home/thomas24/hive_ws2/install/nav2_velocity_smoother/lib/libvelocity_smoother_core.so" to ""
[57.287s] -- Installing: /home/thomas24/hive_ws2/install/nav2_velocity_smoother/lib/nav2_velocity_smoother/velocity_smoother
[57.288s] -- Set non-toolchain portion of runtime path of "/home/thomas24/hive_ws2/install/nav2_velocity_smoother/lib/nav2_velocity_smoother/velocity_smoother" to ""
[57.288s] -- Installing: /home/thomas24/hive_ws2/install/nav2_velocity_smoother/include/nav2_velocity_smoother
[57.288s] -- Installing: /home/thomas24/hive_ws2/install/nav2_velocity_smoother/include/nav2_velocity_smoother/nav2_velocity_smoother
[57.288s] -- Installing: /home/thomas24/hive_ws2/install/nav2_velocity_smoother/include/nav2_velocity_smoother/nav2_velocity_smoother/velocity_smoother.hpp
[57.288s] -- Installing: /home/thomas24/hive_ws2/install/nav2_velocity_smoother/share/nav2_velocity_smoother/environment/library_path.sh
[57.288s] -- Installing: /home/thomas24/hive_ws2/install/nav2_velocity_smoother/share/nav2_velocity_smoother/environment/library_path.dsv
[57.289s] -- Installing: /home/thomas24/hive_ws2/install/nav2_velocity_smoother/share/ament_index/resource_index/package_run_dependencies/nav2_velocity_smoother
[57.289s] -- Installing: /home/thomas24/hive_ws2/install/nav2_velocity_smoother/share/ament_index/resource_index/parent_prefix_path/nav2_velocity_smoother
[57.289s] -- Installing: /home/thomas24/hive_ws2/install/nav2_velocity_smoother/share/nav2_velocity_smoother/environment/ament_prefix_path.sh
[57.289s] -- Installing: /home/thomas24/hive_ws2/install/nav2_velocity_smoother/share/nav2_velocity_smoother/environment/ament_prefix_path.dsv
[57.289s] -- Installing: /home/thomas24/hive_ws2/install/nav2_velocity_smoother/share/nav2_velocity_smoother/environment/path.sh
[57.289s] -- Installing: /home/thomas24/hive_ws2/install/nav2_velocity_smoother/share/nav2_velocity_smoother/environment/path.dsv
[57.289s] -- Installing: /home/thomas24/hive_ws2/install/nav2_velocity_smoother/share/nav2_velocity_smoother/local_setup.bash
[57.289s] -- Installing: /home/thomas24/hive_ws2/install/nav2_velocity_smoother/share/nav2_velocity_smoother/local_setup.sh
[57.290s] -- Installing: /home/thomas24/hive_ws2/install/nav2_velocity_smoother/share/nav2_velocity_smoother/local_setup.zsh
[57.290s] -- Installing: /home/thomas24/hive_ws2/install/nav2_velocity_smoother/share/nav2_velocity_smoother/local_setup.dsv
[57.290s] -- Installing: /home/thomas24/hive_ws2/install/nav2_velocity_smoother/share/nav2_velocity_smoother/package.dsv
[57.290s] -- Installing: /home/thomas24/hive_ws2/install/nav2_velocity_smoother/share/ament_index/resource_index/packages/nav2_velocity_smoother
[57.290s] -- Installing: /home/thomas24/hive_ws2/install/nav2_velocity_smoother/share/ament_index/resource_index/rclcpp_components/nav2_velocity_smoother
[57.290s] -- Installing: /home/thomas24/hive_ws2/install/nav2_velocity_smoother/share/nav2_velocity_smoother/cmake/ament_cmake_export_include_directories-extras.cmake
[57.291s] -- Installing: /home/thomas24/hive_ws2/install/nav2_velocity_smoother/share/nav2_velocity_smoother/cmake/ament_cmake_export_libraries-extras.cmake
[57.291s] -- Installing: /home/thomas24/hive_ws2/install/nav2_velocity_smoother/share/nav2_velocity_smoother/cmake/ament_cmake_export_dependencies-extras.cmake
[57.291s] -- Installing: /home/thomas24/hive_ws2/install/nav2_velocity_smoother/share/nav2_velocity_smoother/cmake/nav2_velocity_smootherConfig.cmake
[57.291s] -- Installing: /home/thomas24/hive_ws2/install/nav2_velocity_smoother/share/nav2_velocity_smoother/cmake/nav2_velocity_smootherConfig-version.cmake
[57.291s] -- Installing: /home/thomas24/hive_ws2/install/nav2_velocity_smoother/share/nav2_velocity_smoother/package.xml
[57.294s] Invoked command in '/home/thomas24/hive_ws2/build/nav2_velocity_smoother' returned '0': AMENT_PREFIX_PATH=/home/thomas24/hive_ws2/install/nav2_util:/home/thomas24/hive_ws2/install/nav2_ros_common:/home/thomas24/hive_ws2/install/nav2_msgs:/home/thomas24/hive_ws2/install/nav2_common:${AMENT_PREFIX_PATH} CMAKE_PREFIX_PATH=/home/thomas24/hive_ws2/install/nav2_util:/home/thomas24/hive_ws2/install/nav2_ros_common:/home/thomas24/hive_ws2/install/nav2_msgs:/home/thomas24/hive_ws2/install/nav2_common:/opt/ros/jazzy/opt/gz_sim_vendor:/opt/ros/jazzy/opt/gz_sensors_vendor:/opt/ros/jazzy/opt/gz_physics_vendor:/opt/ros/jazzy/opt/sdformat_vendor:/opt/ros/jazzy/opt/gz_gui_vendor:/opt/ros/jazzy/opt/gz_transport_vendor:/opt/ros/jazzy/opt/gz_rendering_vendor:/opt/ros/jazzy/opt/gz_plugin_vendor:/opt/ros/jazzy/opt/gz_fuel_tools_vendor:/opt/ros/jazzy/opt/gz_msgs_vendor:/opt/ros/jazzy/opt/gz_common_vendor:/opt/ros/jazzy/opt/gz_math_vendor:/opt/ros/jazzy/opt/gz_utils_vendor:/opt/ros/jazzy/opt/gz_tools_vendor:/opt/ros/jazzy/opt/gz_ogre_next_vendor:/opt/ros/jazzy/opt/gz_dartsim_vendor:/opt/ros/jazzy/opt/gz_cmake_vendor:/opt/ros/jazzy DEBUGINFOD_URLS=https://debuginfod.ubuntu.com LD_LIBRARY_PATH=/home/thomas24/hive_ws2/install/nav2_util/lib:/home/thomas24/hive_ws2/install/nav2_msgs/lib:${LD_LIBRARY_PATH} PYTHONPATH=/home/thomas24/hive_ws2/install/nav2_msgs/lib/python3.12/site-packages:/home/thomas24/hive_ws2/install/nav2_common/lib/python3.12/site-packages:${PYTHONPATH} /usr/bin/cmake --install /home/thomas24/hive_ws2/build/nav2_velocity_smoother
