-- Found ament_cmake: 2.5.4 (/opt/ros/jazzy/share/ament_cmake/cmake)
-- Override CMake install command with custom implementation using symlinks instead of copying resources
-- Found angles: 1.16.0 (/opt/ros/jazzy/share/angles/cmake)
-- Found geometry_msgs: 5.3.6 (/opt/ros/jazzy/share/geometry_msgs/cmake)
-- Found rosidl_generator_c: 4.6.6 (/opt/ros/jazzy/share/rosidl_generator_c/cmake)
-- Found rosidl_generator_cpp: 4.6.6 (/opt/ros/jazzy/share/rosidl_generator_cpp/cmake)
-- Using all available rosidl_typesupport_c: rosidl_typesupport_fastrtps_c;rosidl_typesupport_introspection_c
-- Using all available rosidl_typesupport_cpp: rosidl_typesupport_fastrtps_cpp;rosidl_typesupport_introspection_cpp
-- Found nav2_common: 1.4.0 (/home/thomas24/hive_ws2/install/nav2_common/share/nav2_common/cmake)
-- Found nav2_graceful_controller: 1.4.0 (/home/thomas24/hive_ws2/install/nav2_graceful_controller/share/nav2_graceful_controller/cmake)
-- Found rmw_implementation_cmake: 7.3.2 (/opt/ros/jazzy/share/rmw_implementation_cmake/cmake)
-- Found rmw_fastrtps_cpp: 8.4.3 (/opt/ros/jazzy/share/rmw_fastrtps_cpp/cmake)
-- Using RMW implementation 'rmw_fastrtps_cpp' as default
-- Found eigen3_cmake_module: 0.3.0 (/opt/ros/jazzy/share/eigen3_cmake_module/cmake)
-- Ensuring Eigen3 include directory is part of orocos-kdl CMake target
-- Found opennav_docking_core: 1.4.0 (/home/thomas24/hive_ws2/install/opennav_docking_core/share/opennav_docking_core/cmake)
-- Found yaml_cpp_vendor: 9.0.1 (/opt/ros/jazzy/share/yaml_cpp_vendor/cmake)
-- Setting yaml-cpp_DIR to: '/opt/ros/jazzy/share/yaml_cpp_vendor/cmake/../../../opt/yaml_cpp_vendor/share/cmake/yaml-cpp'
-- Found ament_lint_auto: 0.17.3 (/opt/ros/jazzy/share/ament_lint_auto/cmake)
-- Found ament_cmake_gtest: 2.5.4 (/opt/ros/jazzy/share/ament_cmake_gtest/cmake)
-- Found ament_cmake_pytest: 2.5.4 (/opt/ros/jazzy/share/ament_cmake_pytest/cmake)
-- Found gtest sources under '/opt/ros/jazzy/src/gtest_vendor': C++ tests using 'Google Test' will be built
-- Added test 'copyright' to check source files copyright and LICENSE
-- Added test 'cppcheck' to perform static code analysis on C / C++ code
-- Configured cppcheck include dirs: $<BUILD_INTERFACE:/home/thomas24/hive_ws2/src/navigation2/nav2_docking/opennav_docking/include>
-- Configured cppcheck exclude dirs and/or files: 
-- Added test 'cpplint' to check C / C++ code against the Google style
-- Configured cpplint exclude dirs and/or files: 
-- Added test 'flake8' to check Python code syntax and style conventions
-- Configured 'flake8' exclude dirs and/or files: 
-- Added test 'lint_cmake' to check CMake code style
-- Added test 'pep257' to check Python code against some of the docstring style conventions in PEP 257
-- Added test 'uncrustify' to check C / C++ code style
-- Configured uncrustify additional arguments: 
-- Added test 'xmllint' to check XML markup files
-- Configuring done (2.5s)
-- Generating done (0.1s)
-- Build files have been written to: /home/thomas24/hive_ws2/build/opennav_docking
[ 11%] Built target gtest
[ 11%] Built target gtest_main
[ 22%] Built target test_dock
[ 22%] Built target controller
[ 27%] Built target pose_filter
[ 44%] Built target simple_charging_dock
[ 44%] Built target test_pose_filter
[ 44%] Built target simple_non_charging_dock
[ 55%] Built target opennav_docking_core
[ 61%] Built target test_simple_charging_dock
[ 88%] Built target test_dock_database
[ 88%] Built target test_simple_non_charging_dock
[ 88%] Built target test_navigator
[ 88%] Built target test_utils
[ 88%] Built target test_controller
[ 94%] Built target opennav_docking
[100%] Built target test_docking_server_unit
-- Install configuration: "Release"
-- Execute custom install script
-- Up-to-date symlink: /home/thomas24/hive_ws2/install/opennav_docking/share/opennav_docking//plugins.xml
-- Up-to-date symlink: /home/thomas24/hive_ws2/install/opennav_docking/lib/opennav_docking/opennav_docking
-- Up-to-date symlink: /home/thomas24/hive_ws2/install/opennav_docking/include/opennav_docking/opennav_docking/controller.hpp
-- Up-to-date symlink: /home/thomas24/hive_ws2/install/opennav_docking/include/opennav_docking/opennav_docking/dock_database.hpp
-- Up-to-date symlink: /home/thomas24/hive_ws2/install/opennav_docking/include/opennav_docking/opennav_docking/docking_server.hpp
-- Up-to-date symlink: /home/thomas24/hive_ws2/install/opennav_docking/include/opennav_docking/opennav_docking/navigator.hpp
-- Up-to-date symlink: /home/thomas24/hive_ws2/install/opennav_docking/include/opennav_docking/opennav_docking/pose_filter.hpp
-- Up-to-date symlink: /home/thomas24/hive_ws2/install/opennav_docking/include/opennav_docking/opennav_docking/simple_charging_dock.hpp
-- Up-to-date symlink: /home/thomas24/hive_ws2/install/opennav_docking/include/opennav_docking/opennav_docking/simple_non_charging_dock.hpp
-- Up-to-date symlink: /home/thomas24/hive_ws2/install/opennav_docking/include/opennav_docking/opennav_docking/types.hpp
-- Up-to-date symlink: /home/thomas24/hive_ws2/install/opennav_docking/include/opennav_docking/opennav_docking/utils.hpp
-- Up-to-date symlink: /home/thomas24/hive_ws2/install/opennav_docking/share/opennav_docking//dock_files/test_dock_bad_conversion_file.yaml
-- Up-to-date symlink: /home/thomas24/hive_ws2/install/opennav_docking/share/opennav_docking//dock_files/test_dock_bad_pose_file.yaml
-- Up-to-date symlink: /home/thomas24/hive_ws2/install/opennav_docking/share/opennav_docking//dock_files/test_dock_file.yaml
-- Up-to-date symlink: /home/thomas24/hive_ws2/install/opennav_docking/share/opennav_docking//dock_files/test_dock_no_pose_file.yaml
-- Up-to-date symlink: /home/thomas24/hive_ws2/install/opennav_docking/share/opennav_docking//dock_files/test_dock_no_type_file.yaml
-- Up-to-date symlink: /home/thomas24/hive_ws2/install/opennav_docking/share/opennav_docking//dock_files/test_no_docks_file.yaml
-- Up-to-date symlink: /home/thomas24/hive_ws2/install/opennav_docking/lib/libtest_dock.so
-- Up-to-date symlink: /home/thomas24/hive_ws2/install/opennav_docking/share/opennav_docking/environment/library_path.sh
-- Symlinking: /home/thomas24/hive_ws2/install/opennav_docking/share/opennav_docking/environment/library_path.dsv
-- Up-to-date symlink: /home/thomas24/hive_ws2/install/opennav_docking/share/opennav_docking/environment/library_path.sh
-- Symlinking: /home/thomas24/hive_ws2/install/opennav_docking/share/opennav_docking/environment/library_path.dsv
-- Up-to-date symlink: /home/thomas24/hive_ws2/install/opennav_docking/share/ament_index/resource_index/package_run_dependencies/opennav_docking
-- Up-to-date symlink: /home/thomas24/hive_ws2/install/opennav_docking/share/ament_index/resource_index/parent_prefix_path/opennav_docking
-- Up-to-date symlink: /home/thomas24/hive_ws2/install/opennav_docking/share/opennav_docking/environment/ament_prefix_path.sh
-- Up-to-date symlink: /home/thomas24/hive_ws2/install/opennav_docking/share/opennav_docking/environment/ament_prefix_path.dsv
-- Up-to-date symlink: /home/thomas24/hive_ws2/install/opennav_docking/share/opennav_docking/environment/path.sh
-- Up-to-date symlink: /home/thomas24/hive_ws2/install/opennav_docking/share/opennav_docking/environment/path.dsv
-- Up-to-date symlink: /home/thomas24/hive_ws2/install/opennav_docking/share/opennav_docking/local_setup.bash
-- Up-to-date symlink: /home/thomas24/hive_ws2/install/opennav_docking/share/opennav_docking/local_setup.sh
-- Up-to-date symlink: /home/thomas24/hive_ws2/install/opennav_docking/share/opennav_docking/local_setup.zsh
-- Up-to-date symlink: /home/thomas24/hive_ws2/install/opennav_docking/share/opennav_docking/local_setup.dsv
-- Symlinking: /home/thomas24/hive_ws2/install/opennav_docking/share/opennav_docking/package.dsv
-- Up-to-date symlink: /home/thomas24/hive_ws2/install/opennav_docking/share/ament_index/resource_index/packages/opennav_docking
-- Up-to-date symlink: /home/thomas24/hive_ws2/install/opennav_docking/share/ament_index/resource_index/opennav_docking_core__pluginlib__plugin/opennav_docking
-- Up-to-date symlink: /home/thomas24/hive_ws2/install/opennav_docking/share/ament_index/resource_index/rclcpp_components/opennav_docking
-- Up-to-date symlink: /home/thomas24/hive_ws2/install/opennav_docking/share/opennav_docking/cmake/ament_cmake_export_include_directories-extras.cmake
-- Up-to-date symlink: /home/thomas24/hive_ws2/install/opennav_docking/share/opennav_docking/cmake/ament_cmake_export_libraries-extras.cmake
-- Up-to-date symlink: /home/thomas24/hive_ws2/install/opennav_docking/share/opennav_docking/cmake/ament_cmake_export_dependencies-extras.cmake
-- Up-to-date symlink: /home/thomas24/hive_ws2/install/opennav_docking/share/opennav_docking/cmake/ament_cmake_export_targets-extras.cmake
-- Up-to-date symlink: /home/thomas24/hive_ws2/install/opennav_docking/share/opennav_docking/cmake/opennav_dockingConfig.cmake
-- Up-to-date symlink: /home/thomas24/hive_ws2/install/opennav_docking/share/opennav_docking/cmake/opennav_dockingConfig-version.cmake
-- Up-to-date symlink: /home/thomas24/hive_ws2/install/opennav_docking/share/opennav_docking/package.xml
-- Up-to-date: /home/thomas24/hive_ws2/install/opennav_docking/lib/libopennav_docking_core.so
-- Up-to-date: /home/thomas24/hive_ws2/install/opennav_docking/lib/libcontroller.so
-- Up-to-date: /home/thomas24/hive_ws2/install/opennav_docking/lib/libpose_filter.so
-- Up-to-date: /home/thomas24/hive_ws2/install/opennav_docking/lib/libsimple_charging_dock.so
-- Up-to-date: /home/thomas24/hive_ws2/install/opennav_docking/lib/libsimple_non_charging_dock.so
-- Up-to-date: /home/thomas24/hive_ws2/install/opennav_docking/share/opennav_docking/cmake/opennav_dockingExport.cmake
-- Up-to-date: /home/thomas24/hive_ws2/install/opennav_docking/share/opennav_docking/cmake/opennav_dockingExport-release.cmake
