-- Found ament_cmake: 2.5.4 (/opt/ros/jazzy/share/ament_cmake/cmake)
-- Override CMake install command with custom implementation using symlinks instead of copying resources
-- Found nav2_common: 1.4.0 (/home/thomas24/hive_ws2/install/nav2_common/share/nav2_common/cmake)
-- Configuring done (0.3s)
-- Generating done (0.0s)
-- Build files have been written to: /home/thomas24/hive_ws2/build/nav2_dwb_controller
-- Install configuration: "Release"
-- Execute custom install script
-- Up-to-date symlink: /home/thomas24/hive_ws2/install/nav2_dwb_controller/share/ament_index/resource_index/package_run_dependencies/nav2_dwb_controller
-- Up-to-date symlink: /home/thomas24/hive_ws2/install/nav2_dwb_controller/share/ament_index/resource_index/parent_prefix_path/nav2_dwb_controller
-- Up-to-date symlink: /home/thomas24/hive_ws2/install/nav2_dwb_controller/share/nav2_dwb_controller/environment/ament_prefix_path.sh
-- Up-to-date symlink: /home/thomas24/hive_ws2/install/nav2_dwb_controller/share/nav2_dwb_controller/environment/ament_prefix_path.dsv
-- Up-to-date symlink: /home/thomas24/hive_ws2/install/nav2_dwb_controller/share/nav2_dwb_controller/environment/path.sh
-- Up-to-date symlink: /home/thomas24/hive_ws2/install/nav2_dwb_controller/share/nav2_dwb_controller/environment/path.dsv
-- Up-to-date symlink: /home/thomas24/hive_ws2/install/nav2_dwb_controller/share/nav2_dwb_controller/local_setup.bash
-- Up-to-date symlink: /home/thomas24/hive_ws2/install/nav2_dwb_controller/share/nav2_dwb_controller/local_setup.sh
-- Up-to-date symlink: /home/thomas24/hive_ws2/install/nav2_dwb_controller/share/nav2_dwb_controller/local_setup.zsh
-- Up-to-date symlink: /home/thomas24/hive_ws2/install/nav2_dwb_controller/share/nav2_dwb_controller/local_setup.dsv
-- Symlinking: /home/thomas24/hive_ws2/install/nav2_dwb_controller/share/nav2_dwb_controller/package.dsv
-- Up-to-date symlink: /home/thomas24/hive_ws2/install/nav2_dwb_controller/share/ament_index/resource_index/packages/nav2_dwb_controller
-- Up-to-date symlink: /home/thomas24/hive_ws2/install/nav2_dwb_controller/share/nav2_dwb_controller/cmake/nav2_dwb_controllerConfig.cmake
-- Up-to-date symlink: /home/thomas24/hive_ws2/install/nav2_dwb_controller/share/nav2_dwb_controller/cmake/nav2_dwb_controllerConfig-version.cmake
-- Up-to-date symlink: /home/thomas24/hive_ws2/install/nav2_dwb_controller/share/nav2_dwb_controller/package.xml
