[0.017s] Invoking command in '/home/thomas24/hive_ws2/build/nav2_common': CMAKE_PREFIX_PATH=${CMAKE_PREFIX_PATH}:/home/thomas24/hive_ws2/install/vanilla_brain_nav2:/home/thomas24/hive_ws2/install/nav2_loopback_sim:/home/thomas24/hive_ws2/install/nav2_simple_commander:/home/thomas24/hiveverse_ws/install/hive_tools:/home/thomas24/hiveverse_ws/install/hive_bringup:/opt/ros/jazzy DEBUGINFOD_URLS=https://debuginfod.ubuntu.com /usr/bin/cmake /home/thomas24/hive_ws2/src/navigation2/nav2_common -DCMAKE_INSTALL_PREFIX=/home/thomas24/hive_ws2/install/nav2_common
[0.032s] -- Found ament_cmake_core: 2.5.4 (/opt/ros/jazzy/share/ament_cmake_core/cmake)
[0.124s] -- Override CMake install command with custom implementation using symlinks instead of copying resources
[0.125s] -- Found ament_cmake_python: 2.5.4 (/opt/ros/jazzy/share/ament_cmake_python/cmake)
[0.287s] -- Configuring done (0.3s)
[0.290s] -- Generating done (0.0s)
[0.292s] -- Build files have been written to: /home/thomas24/hive_ws2/build/nav2_common
[0.295s] Invoked command in '/home/thomas24/hive_ws2/build/nav2_common' returned '0': CMAKE_PREFIX_PATH=${CMAKE_PREFIX_PATH}:/home/thomas24/hive_ws2/install/vanilla_brain_nav2:/home/thomas24/hive_ws2/install/nav2_loopback_sim:/home/thomas24/hive_ws2/install/nav2_simple_commander:/home/thomas24/hiveverse_ws/install/hive_tools:/home/thomas24/hiveverse_ws/install/hive_bringup:/opt/ros/jazzy DEBUGINFOD_URLS=https://debuginfod.ubuntu.com /usr/bin/cmake /home/thomas24/hive_ws2/src/navigation2/nav2_common -DCMAKE_INSTALL_PREFIX=/home/thomas24/hive_ws2/install/nav2_common
[0.296s] Invoking command in '/home/thomas24/hive_ws2/build/nav2_common': CMAKE_PREFIX_PATH=${CMAKE_PREFIX_PATH}:/home/thomas24/hive_ws2/install/vanilla_brain_nav2:/home/thomas24/hive_ws2/install/nav2_loopback_sim:/home/thomas24/hive_ws2/install/nav2_simple_commander:/home/thomas24/hiveverse_ws/install/hive_tools:/home/thomas24/hiveverse_ws/install/hive_bringup:/opt/ros/jazzy DEBUGINFOD_URLS=https://debuginfod.ubuntu.com /usr/bin/cmake --build /home/thomas24/hive_ws2/build/nav2_common -- -j16 -l16
[0.386s] Built target ament_cmake_python_symlink_nav2_common
[0.589s] running egg_info
[0.606s] writing nav2_common.egg-info/PKG-INFO
[0.606s] writing dependency_links to nav2_common.egg-info/dependency_links.txt
[0.606s] writing top-level names to nav2_common.egg-info/top_level.txt
[0.661s] reading manifest file 'nav2_common.egg-info/SOURCES.txt'
[0.661s] writing manifest file 'nav2_common.egg-info/SOURCES.txt'
[0.697s] Built target ament_cmake_python_build_nav2_common_egg
[0.715s] Invoked command in '/home/thomas24/hive_ws2/build/nav2_common' returned '0': CMAKE_PREFIX_PATH=${CMAKE_PREFIX_PATH}:/home/thomas24/hive_ws2/install/vanilla_brain_nav2:/home/thomas24/hive_ws2/install/nav2_loopback_sim:/home/thomas24/hive_ws2/install/nav2_simple_commander:/home/thomas24/hiveverse_ws/install/hive_tools:/home/thomas24/hiveverse_ws/install/hive_bringup:/opt/ros/jazzy DEBUGINFOD_URLS=https://debuginfod.ubuntu.com /usr/bin/cmake --build /home/thomas24/hive_ws2/build/nav2_common -- -j16 -l16
[0.733s] Invoking command in '/home/thomas24/hive_ws2/build/nav2_common': CMAKE_PREFIX_PATH=${CMAKE_PREFIX_PATH}:/home/thomas24/hive_ws2/install/vanilla_brain_nav2:/home/thomas24/hive_ws2/install/nav2_loopback_sim:/home/thomas24/hive_ws2/install/nav2_simple_commander:/home/thomas24/hiveverse_ws/install/hive_tools:/home/thomas24/hiveverse_ws/install/hive_bringup:/opt/ros/jazzy DEBUGINFOD_URLS=https://debuginfod.ubuntu.com /usr/bin/cmake --install /home/thomas24/hive_ws2/build/nav2_common
[0.746s] -- Install configuration: ""
[0.746s] -- Execute custom install script
[0.746s] -- Up-to-date symlink: /home/thomas24/hive_ws2/install/nav2_common/share/nav2_common/environment/pythonpath.sh
[0.746s] -- Up-to-date symlink: /home/thomas24/hive_ws2/install/nav2_common/share/nav2_common/environment/pythonpath.dsv
[0.747s] -- Up-to-date symlink: /home/thomas24/hive_ws2/install/nav2_common/lib/python3.12/site-packages/nav2_common-1.4.0-py3.12.egg-info/PKG-INFO
[0.747s] -- Up-to-date symlink: /home/thomas24/hive_ws2/install/nav2_common/lib/python3.12/site-packages/nav2_common-1.4.0-py3.12.egg-info/SOURCES.txt
[0.747s] -- Up-to-date symlink: /home/thomas24/hive_ws2/install/nav2_common/lib/python3.12/site-packages/nav2_common-1.4.0-py3.12.egg-info/dependency_links.txt
[0.747s] -- Up-to-date symlink: /home/thomas24/hive_ws2/install/nav2_common/lib/python3.12/site-packages/nav2_common-1.4.0-py3.12.egg-info/top_level.txt
[0.747s] -- Up-to-date symlink: /home/thomas24/hive_ws2/install/nav2_common/lib/python3.12/site-packages/nav2_common/__init__.py
[0.747s] -- Up-to-date symlink: /home/thomas24/hive_ws2/install/nav2_common/lib/python3.12/site-packages/nav2_common/launch/__init__.py
[0.747s] -- Up-to-date symlink: /home/thomas24/hive_ws2/install/nav2_common/lib/python3.12/site-packages/nav2_common/launch/has_node_params.py
[0.748s] -- Up-to-date symlink: /home/thomas24/hive_ws2/install/nav2_common/lib/python3.12/site-packages/nav2_common/launch/launch_config_as_bool.py
[0.748s] -- Up-to-date symlink: /home/thomas24/hive_ws2/install/nav2_common/lib/python3.12/site-packages/nav2_common/launch/replace_string.py
[0.748s] -- Up-to-date symlink: /home/thomas24/hive_ws2/install/nav2_common/lib/python3.12/site-packages/nav2_common/launch/rewritten_yaml.py
[0.748s] -- Up-to-date symlink: /home/thomas24/hive_ws2/install/nav2_common/share/ament_index/resource_index/package_run_dependencies/nav2_common
[0.748s] -- Up-to-date symlink: /home/thomas24/hive_ws2/install/nav2_common/share/ament_index/resource_index/parent_prefix_path/nav2_common
[0.748s] -- Up-to-date symlink: /home/thomas24/hive_ws2/install/nav2_common/share/nav2_common/environment/ament_prefix_path.sh
[0.749s] -- Up-to-date symlink: /home/thomas24/hive_ws2/install/nav2_common/share/nav2_common/environment/ament_prefix_path.dsv
[0.749s] -- Up-to-date symlink: /home/thomas24/hive_ws2/install/nav2_common/share/nav2_common/environment/path.sh
[0.749s] -- Up-to-date symlink: /home/thomas24/hive_ws2/install/nav2_common/share/nav2_common/environment/path.dsv
[0.749s] -- Up-to-date symlink: /home/thomas24/hive_ws2/install/nav2_common/share/nav2_common/local_setup.bash
[0.749s] -- Up-to-date symlink: /home/thomas24/hive_ws2/install/nav2_common/share/nav2_common/local_setup.sh
[0.749s] -- Up-to-date symlink: /home/thomas24/hive_ws2/install/nav2_common/share/nav2_common/local_setup.zsh
[0.749s] -- Up-to-date symlink: /home/thomas24/hive_ws2/install/nav2_common/share/nav2_common/local_setup.dsv
[0.749s] -- Symlinking: /home/thomas24/hive_ws2/install/nav2_common/share/nav2_common/package.dsv
[0.766s] -- Up-to-date symlink: /home/thomas24/hive_ws2/install/nav2_common/share/ament_index/resource_index/packages/nav2_common
[0.766s] -- Up-to-date symlink: /home/thomas24/hive_ws2/install/nav2_common/share/nav2_common/cmake/nav2_common-extras.cmake
[0.766s] -- Up-to-date symlink: /home/thomas24/hive_ws2/install/nav2_common/share/nav2_common/cmake/nav2_commonConfig.cmake
[0.767s] -- Up-to-date symlink: /home/thomas24/hive_ws2/install/nav2_common/share/nav2_common/cmake/nav2_commonConfig-version.cmake
[0.767s] -- Up-to-date symlink: /home/thomas24/hive_ws2/install/nav2_common/share/nav2_common/package.xml
[0.767s] -- Up-to-date symlink: /home/thomas24/hive_ws2/install/nav2_common/share/nav2_common/cmake/nav2_package.cmake
[0.767s] -- Up-to-date symlink: /home/thomas24/hive_ws2/install/nav2_common/share/nav2_common/test/test_launch_config_as_bool.py
[0.767s] -- Up-to-date symlink: /home/thomas24/hive_ws2/install/nav2_common/share/nav2_common/test/test_rewritten_yaml.py
[0.802s] Listing '/home/thomas24/hive_ws2/install/nav2_common/lib/python3.12/site-packages/nav2_common'...
[0.803s] Listing '/home/thomas24/hive_ws2/install/nav2_common/lib/python3.12/site-packages/nav2_common/launch'...
[0.811s] Invoked command in '/home/thomas24/hive_ws2/build/nav2_common' returned '0': CMAKE_PREFIX_PATH=${CMAKE_PREFIX_PATH}:/home/thomas24/hive_ws2/install/vanilla_brain_nav2:/home/thomas24/hive_ws2/install/nav2_loopback_sim:/home/thomas24/hive_ws2/install/nav2_simple_commander:/home/thomas24/hiveverse_ws/install/hive_tools:/home/thomas24/hiveverse_ws/install/hive_bringup:/opt/ros/jazzy DEBUGINFOD_URLS=https://debuginfod.ubuntu.com /usr/bin/cmake --install /home/thomas24/hive_ws2/build/nav2_common
