-- Found ament_cmake: 2.5.4 (/opt/ros/jazzy/share/ament_cmake/cmake)
-- Override CMake install command with custom implementation using symlinks instead of copying resources
-- Found angles: 1.16.0 (/opt/ros/jazzy/share/angles/cmake)
-- Found geometry_msgs: 5.3.6 (/opt/ros/jazzy/share/geometry_msgs/cmake)
-- Found rosidl_generator_c: 4.6.6 (/opt/ros/jazzy/share/rosidl_generator_c/cmake)
-- Found rosidl_generator_cpp: 4.6.6 (/opt/ros/jazzy/share/rosidl_generator_cpp/cmake)
-- Using all available rosidl_typesupport_c: rosidl_typesupport_fastrtps_c;rosidl_typesupport_introspection_c
-- Using all available rosidl_typesupport_cpp: rosidl_typesupport_fastrtps_cpp;rosidl_typesupport_introspection_cpp
-- Found lifecycle_msgs: 2.0.3 (/opt/ros/jazzy/share/lifecycle_msgs/cmake)
-- Found nav2_core: 1.4.0 (/home/thomas24/hive_ws2/install/nav2_core/share/nav2_core/cmake)
-- Found rmw_implementation_cmake: 7.3.2 (/opt/ros/jazzy/share/rmw_implementation_cmake/cmake)
-- Found rmw_fastrtps_cpp: 8.4.3 (/opt/ros/jazzy/share/rmw_fastrtps_cpp/cmake)
-- Using RMW implementation 'rmw_fastrtps_cpp' as default
-- Found eigen3_cmake_module: 0.3.0 (/opt/ros/jazzy/share/eigen3_cmake_module/cmake)
-- Ensuring Eigen3 include directory is part of orocos-kdl CMake target
-- Found ament_lint_auto: 0.17.3 (/opt/ros/jazzy/share/ament_lint_auto/cmake)
-- Found gtest sources under '/opt/ros/jazzy/src/gtest_vendor': C++ tests using 'Google Test' will be built
-- Added test 'cppcheck' to perform static code analysis on C / C++ code
-- Configured cppcheck include dirs: $<BUILD_INTERFACE:/home/thomas24/hive_ws2/src/navigation2/nav2_controller/include>
-- Configured cppcheck exclude dirs and/or files: 
-- Added test 'cpplint' to check C / C++ code against the Google style
-- Configured cpplint exclude dirs and/or files: 
-- Added test 'lint_cmake' to check CMake code style
-- Added test 'uncrustify' to check C / C++ code style
-- Configured uncrustify additional arguments: 
-- Added test 'xmllint' to check XML markup files
-- Configuring done (1.7s)
-- Generating done (0.1s)
-- Build files have been written to: /home/thomas24/hive_ws2/build/nav2_controller
[ 16%] Built target position_goal_checker
[ 16%] Built target gtest
[ 25%] Built target gtest_main
[ 33%] Built target controller_server_core
[ 41%] Built target simple_progress_checker
[ 50%] Built target simple_goal_checker
[ 58%] Built target controller_server
[ 66%] Built target pose_progress_checker
[ 75%] Built target stopped_goal_checker
[ 83%] Built target test_dynamic_parameters
[ 91%] Built target gctest
[100%] Built target pctest
-- Install configuration: "Release"
-- Execute custom install script
-- Up-to-date symlink: /home/thomas24/hive_ws2/install/nav2_controller/lib/nav2_controller/controller_server
-- Up-to-date symlink: /home/thomas24/hive_ws2/install/nav2_controller/include/nav2_controller/nav2_controller/controller_server.hpp
-- Up-to-date symlink: /home/thomas24/hive_ws2/install/nav2_controller/include/nav2_controller/nav2_controller/plugins/pose_progress_checker.hpp
-- Up-to-date symlink: /home/thomas24/hive_ws2/install/nav2_controller/include/nav2_controller/nav2_controller/plugins/position_goal_checker.hpp
-- Up-to-date symlink: /home/thomas24/hive_ws2/install/nav2_controller/include/nav2_controller/nav2_controller/plugins/simple_goal_checker.hpp
-- Up-to-date symlink: /home/thomas24/hive_ws2/install/nav2_controller/include/nav2_controller/nav2_controller/plugins/simple_progress_checker.hpp
-- Up-to-date symlink: /home/thomas24/hive_ws2/install/nav2_controller/include/nav2_controller/nav2_controller/plugins/stopped_goal_checker.hpp
-- Up-to-date symlink: /home/thomas24/hive_ws2/install/nav2_controller/share/nav2_controller/environment/library_path.sh
-- Up-to-date symlink: /home/thomas24/hive_ws2/install/nav2_controller/share/nav2_controller/environment/library_path.dsv
-- Up-to-date symlink: /home/thomas24/hive_ws2/install/nav2_controller/share/nav2_controller//plugins.xml
-- Up-to-date symlink: /home/thomas24/hive_ws2/install/nav2_controller/share/ament_index/resource_index/package_run_dependencies/nav2_controller
-- Up-to-date symlink: /home/thomas24/hive_ws2/install/nav2_controller/share/ament_index/resource_index/parent_prefix_path/nav2_controller
-- Up-to-date symlink: /home/thomas24/hive_ws2/install/nav2_controller/share/nav2_controller/environment/ament_prefix_path.sh
-- Up-to-date symlink: /home/thomas24/hive_ws2/install/nav2_controller/share/nav2_controller/environment/ament_prefix_path.dsv
-- Up-to-date symlink: /home/thomas24/hive_ws2/install/nav2_controller/share/nav2_controller/environment/path.sh
-- Up-to-date symlink: /home/thomas24/hive_ws2/install/nav2_controller/share/nav2_controller/environment/path.dsv
-- Up-to-date symlink: /home/thomas24/hive_ws2/install/nav2_controller/share/nav2_controller/local_setup.bash
-- Up-to-date symlink: /home/thomas24/hive_ws2/install/nav2_controller/share/nav2_controller/local_setup.sh
-- Up-to-date symlink: /home/thomas24/hive_ws2/install/nav2_controller/share/nav2_controller/local_setup.zsh
-- Up-to-date symlink: /home/thomas24/hive_ws2/install/nav2_controller/share/nav2_controller/local_setup.dsv
-- Symlinking: /home/thomas24/hive_ws2/install/nav2_controller/share/nav2_controller/package.dsv
-- Up-to-date symlink: /home/thomas24/hive_ws2/install/nav2_controller/share/ament_index/resource_index/packages/nav2_controller
-- Up-to-date symlink: /home/thomas24/hive_ws2/install/nav2_controller/share/ament_index/resource_index/nav2_core__pluginlib__plugin/nav2_controller
-- Up-to-date symlink: /home/thomas24/hive_ws2/install/nav2_controller/share/ament_index/resource_index/rclcpp_components/nav2_controller
-- Up-to-date symlink: /home/thomas24/hive_ws2/install/nav2_controller/share/nav2_controller/cmake/ament_cmake_export_include_directories-extras.cmake
-- Up-to-date symlink: /home/thomas24/hive_ws2/install/nav2_controller/share/nav2_controller/cmake/ament_cmake_export_libraries-extras.cmake
-- Up-to-date symlink: /home/thomas24/hive_ws2/install/nav2_controller/share/nav2_controller/cmake/ament_cmake_export_dependencies-extras.cmake
-- Up-to-date symlink: /home/thomas24/hive_ws2/install/nav2_controller/share/nav2_controller/cmake/ament_cmake_export_targets-extras.cmake
-- Up-to-date symlink: /home/thomas24/hive_ws2/install/nav2_controller/share/nav2_controller/cmake/nav2_controllerConfig.cmake
-- Up-to-date symlink: /home/thomas24/hive_ws2/install/nav2_controller/share/nav2_controller/cmake/nav2_controllerConfig-version.cmake
-- Up-to-date symlink: /home/thomas24/hive_ws2/install/nav2_controller/share/nav2_controller/package.xml
-- Up-to-date: /home/thomas24/hive_ws2/install/nav2_controller/lib/libsimple_progress_checker.so
-- Up-to-date: /home/thomas24/hive_ws2/install/nav2_controller/lib/libposition_goal_checker.so
-- Up-to-date: /home/thomas24/hive_ws2/install/nav2_controller/lib/libpose_progress_checker.so
-- Up-to-date: /home/thomas24/hive_ws2/install/nav2_controller/lib/libsimple_goal_checker.so
-- Up-to-date: /home/thomas24/hive_ws2/install/nav2_controller/lib/libstopped_goal_checker.so
-- Up-to-date: /home/thomas24/hive_ws2/install/nav2_controller/lib/libcontroller_server_core.so
-- Up-to-date: /home/thomas24/hive_ws2/install/nav2_controller/share/nav2_controller/cmake/controller_server_coreExport.cmake
-- Up-to-date: /home/thomas24/hive_ws2/install/nav2_controller/share/nav2_controller/cmake/controller_server_coreExport-release.cmake
