[  2%] Built target gtest
[  4%] Built target gtest_main
[  6%] Built target nav2_costmap_2d_cloud
[  8%] Built target nav2_costmap_2d_markers
[ 23%] Built target nav2_costmap_2d_core
[ 26%] Built target costmap_filter_service_test
[ 27%] Built target nav2_costmap_2d
[ 31%] Built target declare_parameter_test
[ 32%] Built target costmap_filter_test
[ 34%] Built target costmap_conversion_test
[ 36%] Built target costmap_cost_service_test
[ 38%] Built target collision_footprint_test
[ 43%] Built target nav2_costmap_2d_client
[ 45%] Built target copy_window_test
[ 55%] Built target layers
[ 60%] Built target filters
[ 62%] Built target coordinate_transform_test
[ 64%] Built target lifecycle_test
[ 67%] Built target dyn_params_tests
[ 68%] Built target order_layer
[ 71%] Built target plugin_api_order
[ 75%] Built target test_costmap_publisher_exec
[ 75%] Built target plugin_container_tests_exec
[ 77%] Built target range_tests_exec
[ 80%] Built target footprint_tests_exec
[ 84%] Built target denoise_layer_test
[ 86%] Built target test_collision_checker_exec
[ 88%] Built target test_costmap_subscriber_exec
[ 91%] Built target speed_filter_test
[ 93%] Built target keepout_filter_test
[ 95%] Built target inflation_tests_exec
[ 97%] Built target obstacle_tests_exec
[100%] Built target binary_filter_test
-- Install configuration: "Release"
-- Execute custom install script
-- Up-to-date symlink: /home/thomas24/hive_ws2/install/nav2_costmap_2d/lib/nav2_costmap_2d/nav2_costmap_2d_markers
-- Up-to-date symlink: /home/thomas24/hive_ws2/install/nav2_costmap_2d/lib/nav2_costmap_2d/nav2_costmap_2d_cloud
-- Up-to-date symlink: /home/thomas24/hive_ws2/install/nav2_costmap_2d/lib/nav2_costmap_2d/nav2_costmap_2d
-- Up-to-date symlink: /home/thomas24/hive_ws2/install/nav2_costmap_2d/share/nav2_costmap_2d/costmap_plugins.xml
-- Up-to-date symlink: /home/thomas24/hive_ws2/install/nav2_costmap_2d/include/nav2_costmap_2d/nav2_costmap_2d/clear_costmap_service.hpp
-- Up-to-date symlink: /home/thomas24/hive_ws2/install/nav2_costmap_2d/include/nav2_costmap_2d/nav2_costmap_2d/cost_values.hpp
-- Up-to-date symlink: /home/thomas24/hive_ws2/install/nav2_costmap_2d/include/nav2_costmap_2d/nav2_costmap_2d/costmap_2d.hpp
-- Up-to-date symlink: /home/thomas24/hive_ws2/install/nav2_costmap_2d/include/nav2_costmap_2d/nav2_costmap_2d/costmap_2d_publisher.hpp
-- Up-to-date symlink: /home/thomas24/hive_ws2/install/nav2_costmap_2d/include/nav2_costmap_2d/nav2_costmap_2d/costmap_2d_ros.hpp
-- Up-to-date symlink: /home/thomas24/hive_ws2/install/nav2_costmap_2d/include/nav2_costmap_2d/nav2_costmap_2d/costmap_filters/binary_filter.hpp
-- Up-to-date symlink: /home/thomas24/hive_ws2/install/nav2_costmap_2d/include/nav2_costmap_2d/nav2_costmap_2d/costmap_filters/costmap_filter.hpp
-- Up-to-date symlink: /home/thomas24/hive_ws2/install/nav2_costmap_2d/include/nav2_costmap_2d/nav2_costmap_2d/costmap_filters/filter_values.hpp
-- Up-to-date symlink: /home/thomas24/hive_ws2/install/nav2_costmap_2d/include/nav2_costmap_2d/nav2_costmap_2d/costmap_filters/keepout_filter.hpp
-- Up-to-date symlink: /home/thomas24/hive_ws2/install/nav2_costmap_2d/include/nav2_costmap_2d/nav2_costmap_2d/costmap_filters/speed_filter.hpp
-- Up-to-date symlink: /home/thomas24/hive_ws2/install/nav2_costmap_2d/include/nav2_costmap_2d/nav2_costmap_2d/costmap_layer.hpp
-- Up-to-date symlink: /home/thomas24/hive_ws2/install/nav2_costmap_2d/include/nav2_costmap_2d/nav2_costmap_2d/costmap_math.hpp
-- Up-to-date symlink: /home/thomas24/hive_ws2/install/nav2_costmap_2d/include/nav2_costmap_2d/nav2_costmap_2d/costmap_subscriber.hpp
-- Up-to-date symlink: /home/thomas24/hive_ws2/install/nav2_costmap_2d/include/nav2_costmap_2d/nav2_costmap_2d/costmap_topic_collision_checker.hpp
-- Up-to-date symlink: /home/thomas24/hive_ws2/install/nav2_costmap_2d/include/nav2_costmap_2d/nav2_costmap_2d/denoise/image.hpp
-- Up-to-date symlink: /home/thomas24/hive_ws2/install/nav2_costmap_2d/include/nav2_costmap_2d/nav2_costmap_2d/denoise/image_processing.hpp
-- Up-to-date symlink: /home/thomas24/hive_ws2/install/nav2_costmap_2d/include/nav2_costmap_2d/nav2_costmap_2d/denoise_layer.hpp
-- Up-to-date symlink: /home/thomas24/hive_ws2/install/nav2_costmap_2d/include/nav2_costmap_2d/nav2_costmap_2d/exceptions.hpp
-- Up-to-date symlink: /home/thomas24/hive_ws2/install/nav2_costmap_2d/include/nav2_costmap_2d/nav2_costmap_2d/footprint.hpp
-- Up-to-date symlink: /home/thomas24/hive_ws2/install/nav2_costmap_2d/include/nav2_costmap_2d/nav2_costmap_2d/footprint_collision_checker.hpp
-- Up-to-date symlink: /home/thomas24/hive_ws2/install/nav2_costmap_2d/include/nav2_costmap_2d/nav2_costmap_2d/footprint_subscriber.hpp
-- Up-to-date symlink: /home/thomas24/hive_ws2/install/nav2_costmap_2d/include/nav2_costmap_2d/nav2_costmap_2d/inflation_layer.hpp
-- Up-to-date symlink: /home/thomas24/hive_ws2/install/nav2_costmap_2d/include/nav2_costmap_2d/nav2_costmap_2d/layer.hpp
-- Up-to-date symlink: /home/thomas24/hive_ws2/install/nav2_costmap_2d/include/nav2_costmap_2d/nav2_costmap_2d/layered_costmap.hpp
-- Up-to-date symlink: /home/thomas24/hive_ws2/install/nav2_costmap_2d/include/nav2_costmap_2d/nav2_costmap_2d/observation.hpp
-- Up-to-date symlink: /home/thomas24/hive_ws2/install/nav2_costmap_2d/include/nav2_costmap_2d/nav2_costmap_2d/observation_buffer.hpp
-- Up-to-date symlink: /home/thomas24/hive_ws2/install/nav2_costmap_2d/include/nav2_costmap_2d/nav2_costmap_2d/obstacle_layer.hpp
-- Up-to-date symlink: /home/thomas24/hive_ws2/install/nav2_costmap_2d/include/nav2_costmap_2d/nav2_costmap_2d/plugin_container_layer.hpp
-- Up-to-date symlink: /home/thomas24/hive_ws2/install/nav2_costmap_2d/include/nav2_costmap_2d/nav2_costmap_2d/range_sensor_layer.hpp
-- Up-to-date symlink: /home/thomas24/hive_ws2/install/nav2_costmap_2d/include/nav2_costmap_2d/nav2_costmap_2d/static_layer.hpp
-- Up-to-date symlink: /home/thomas24/hive_ws2/install/nav2_costmap_2d/include/nav2_costmap_2d/nav2_costmap_2d/voxel_layer.hpp
-- Up-to-date symlink: /home/thomas24/hive_ws2/install/nav2_costmap_2d/lib/liborder_layer.so
-- Up-to-date symlink: /home/thomas24/hive_ws2/install/nav2_costmap_2d/share/nav2_costmap_2d/test/regression/order_layer.xml
-- Up-to-date symlink: /home/thomas24/hive_ws2/install/nav2_costmap_2d/share/nav2_costmap_2d/environment/library_path.sh
-- Up-to-date symlink: /home/thomas24/hive_ws2/install/nav2_costmap_2d/share/nav2_costmap_2d/environment/library_path.dsv
-- Up-to-date symlink: /home/thomas24/hive_ws2/install/nav2_costmap_2d/share/nav2_costmap_2d//costmap_plugins.xml
-- Up-to-date symlink: /home/thomas24/hive_ws2/install/nav2_costmap_2d/share/ament_index/resource_index/package_run_dependencies/nav2_costmap_2d
-- Up-to-date symlink: /home/thomas24/hive_ws2/install/nav2_costmap_2d/share/ament_index/resource_index/parent_prefix_path/nav2_costmap_2d
-- Up-to-date symlink: /home/thomas24/hive_ws2/install/nav2_costmap_2d/share/nav2_costmap_2d/environment/ament_prefix_path.sh
-- Up-to-date symlink: /home/thomas24/hive_ws2/install/nav2_costmap_2d/share/nav2_costmap_2d/environment/ament_prefix_path.dsv
-- Up-to-date symlink: /home/thomas24/hive_ws2/install/nav2_costmap_2d/share/nav2_costmap_2d/environment/path.sh
-- Up-to-date symlink: /home/thomas24/hive_ws2/install/nav2_costmap_2d/share/nav2_costmap_2d/environment/path.dsv
-- Up-to-date symlink: /home/thomas24/hive_ws2/install/nav2_costmap_2d/share/nav2_costmap_2d/local_setup.bash
-- Up-to-date symlink: /home/thomas24/hive_ws2/install/nav2_costmap_2d/share/nav2_costmap_2d/local_setup.sh
-- Up-to-date symlink: /home/thomas24/hive_ws2/install/nav2_costmap_2d/share/nav2_costmap_2d/local_setup.zsh
-- Up-to-date symlink: /home/thomas24/hive_ws2/install/nav2_costmap_2d/share/nav2_costmap_2d/local_setup.dsv
-- Symlinking: /home/thomas24/hive_ws2/install/nav2_costmap_2d/share/nav2_costmap_2d/package.dsv
-- Up-to-date symlink: /home/thomas24/hive_ws2/install/nav2_costmap_2d/share/ament_index/resource_index/packages/nav2_costmap_2d
-- Up-to-date symlink: /home/thomas24/hive_ws2/install/nav2_costmap_2d/share/ament_index/resource_index/nav2_costmap_2d__pluginlib__plugin/nav2_costmap_2d
-- Up-to-date symlink: /home/thomas24/hive_ws2/install/nav2_costmap_2d/share/nav2_costmap_2d/cmake/ament_cmake_export_include_directories-extras.cmake
-- Up-to-date symlink: /home/thomas24/hive_ws2/install/nav2_costmap_2d/share/nav2_costmap_2d/cmake/ament_cmake_export_libraries-extras.cmake
-- Up-to-date symlink: /home/thomas24/hive_ws2/install/nav2_costmap_2d/share/nav2_costmap_2d/cmake/ament_cmake_export_targets-extras.cmake
-- Up-to-date symlink: /home/thomas24/hive_ws2/install/nav2_costmap_2d/share/nav2_costmap_2d/cmake/ament_cmake_export_dependencies-extras.cmake
-- Up-to-date symlink: /home/thomas24/hive_ws2/install/nav2_costmap_2d/share/nav2_costmap_2d/cmake/nav2_costmap_2dConfig.cmake
-- Up-to-date symlink: /home/thomas24/hive_ws2/install/nav2_costmap_2d/share/nav2_costmap_2d/cmake/nav2_costmap_2dConfig-version.cmake
-- Up-to-date symlink: /home/thomas24/hive_ws2/install/nav2_costmap_2d/share/nav2_costmap_2d/package.xml
-- Up-to-date: /home/thomas24/hive_ws2/install/nav2_costmap_2d/lib/liblayers.so
-- Up-to-date: /home/thomas24/hive_ws2/install/nav2_costmap_2d/lib/libfilters.so
-- Up-to-date: /home/thomas24/hive_ws2/install/nav2_costmap_2d/lib/libnav2_costmap_2d_core.so
-- Up-to-date: /home/thomas24/hive_ws2/install/nav2_costmap_2d/lib/libnav2_costmap_2d_client.so
-- Up-to-date: /home/thomas24/hive_ws2/install/nav2_costmap_2d/share/nav2_costmap_2d/cmake/export_nav2_costmap_2dExport.cmake
-- Up-to-date: /home/thomas24/hive_ws2/install/nav2_costmap_2d/share/nav2_costmap_2d/cmake/export_nav2_costmap_2dExport-release.cmake
