[0.024s] Invoking command in '/home/thomas24/hive_ws2/build/nav2_rviz_plugins': AMENT_PREFIX_PATH=/home/thomas24/hive_ws2/install/nav2_route:/home/thomas24/hive_ws2/install/nav2_core:/home/thomas24/hive_ws2/install/nav2_costmap_2d:/home/thomas24/hive_ws2/install/nav2_map_server:/home/thomas24/hive_ws2/install/nav2_lifecycle_manager:/home/thomas24/hive_ws2/install/nav2_behavior_tree:/home/thomas24/hive_ws2/install/nav2_util:/home/thomas24/hive_ws2/install/nav2_ros_common:/home/thomas24/hive_ws2/install/nav2_voxel_grid:/home/thomas24/hive_ws2/install/nav2_msgs:/home/thomas24/hive_ws2/install/nav2_common:${AMENT_PREFIX_PATH} CMAKE_PREFIX_PATH=/home/thomas24/hive_ws2/install/nav2_route:/home/thomas24/hive_ws2/install/nav2_core:/home/thomas24/hive_ws2/install/nav2_costmap_2d:/home/thomas24/hive_ws2/install/nav2_map_server:/home/thomas24/hive_ws2/install/nav2_lifecycle_manager:/home/thomas24/hive_ws2/install/nav2_behavior_tree:/home/thomas24/hive_ws2/install/nav2_util:/home/thomas24/hive_ws2/install/nav2_ros_common:/home/thomas24/hive_ws2/install/nav2_voxel_grid:/home/thomas24/hive_ws2/install/nav2_msgs:/home/thomas24/hive_ws2/install/nav2_common:/opt/ros/jazzy/opt/gz_sim_vendor:/opt/ros/jazzy/opt/gz_sensors_vendor:/opt/ros/jazzy/opt/gz_physics_vendor:/opt/ros/jazzy/opt/sdformat_vendor:/opt/ros/jazzy/opt/gz_gui_vendor:/opt/ros/jazzy/opt/gz_transport_vendor:/opt/ros/jazzy/opt/gz_rendering_vendor:/opt/ros/jazzy/opt/gz_plugin_vendor:/opt/ros/jazzy/opt/gz_fuel_tools_vendor:/opt/ros/jazzy/opt/gz_msgs_vendor:/opt/ros/jazzy/opt/gz_common_vendor:/opt/ros/jazzy/opt/gz_math_vendor:/opt/ros/jazzy/opt/gz_utils_vendor:/opt/ros/jazzy/opt/gz_tools_vendor:/opt/ros/jazzy/opt/gz_ogre_next_vendor:/opt/ros/jazzy/opt/gz_dartsim_vendor:/opt/ros/jazzy/opt/gz_cmake_vendor:/opt/ros/jazzy DEBUGINFOD_URLS=https://debuginfod.ubuntu.com LD_LIBRARY_PATH=/home/thomas24/hive_ws2/install/nav2_route/lib:/home/thomas24/hive_ws2/install/nav2_costmap_2d/lib:/home/thomas24/hive_ws2/install/nav2_map_server/lib:/home/thomas24/hive_ws2/install/nav2_lifecycle_manager/lib:/home/thomas24/hive_ws2/install/nav2_behavior_tree/lib:/home/thomas24/hive_ws2/install/nav2_util/lib:/home/thomas24/hive_ws2/install/nav2_voxel_grid/lib:/home/thomas24/hive_ws2/install/nav2_msgs/lib:${LD_LIBRARY_PATH} PYTHONPATH=/home/thomas24/hive_ws2/install/nav2_msgs/lib/python3.12/site-packages:/home/thomas24/hive_ws2/install/nav2_common/lib/python3.12/site-packages:${PYTHONPATH} /usr/bin/cmake /home/thomas24/hive_ws2/src/navigation2/nav2_rviz_plugins -DCMAKE_INSTALL_PREFIX=/home/thomas24/hive_ws2/install/nav2_rviz_plugins
[0.075s] -- The C compiler identification is GNU 13.3.0
[0.123s] -- The CXX compiler identification is GNU 13.3.0
[0.139s] -- Detecting C compiler ABI info
[0.229s] -- Detecting C compiler ABI info - done
[0.235s] -- Check for working C compiler: /usr/bin/cc - skipped
[0.235s] -- Detecting C compile features
[0.235s] -- Detecting C compile features - done
[0.244s] -- Detecting CXX compiler ABI info
[0.341s] -- Detecting CXX compiler ABI info - done
[0.347s] -- Check for working CXX compiler: /usr/bin/c++ - skipped
[0.348s] -- Detecting CXX compile features
[0.348s] -- Detecting CXX compile features - done
[0.352s] -- Found ament_cmake: 2.5.4 (/opt/ros/jazzy/share/ament_cmake/cmake)
[0.499s] -- Found Python3: /usr/bin/python3 (found version "3.12.3") found components: Interpreter 
[0.616s] -- Found ament_index_cpp: 1.8.1 (/opt/ros/jazzy/share/ament_index_cpp/cmake)
[0.623s] -- Found geometry_msgs: 5.3.6 (/opt/ros/jazzy/share/geometry_msgs/cmake)
[0.679s] -- Found rosidl_generator_c: 4.6.6 (/opt/ros/jazzy/share/rosidl_generator_c/cmake)
[0.696s] -- Found rosidl_generator_cpp: 4.6.6 (/opt/ros/jazzy/share/rosidl_generator_cpp/cmake)
[0.716s] -- Using all available rosidl_typesupport_c: rosidl_typesupport_fastrtps_c;rosidl_typesupport_introspection_c
[0.736s] -- Using all available rosidl_typesupport_cpp: rosidl_typesupport_fastrtps_cpp;rosidl_typesupport_introspection_cpp
[0.779s] -- Found nav2_common: 1.4.0 (/home/thomas24/hive_ws2/install/nav2_common/share/nav2_common/cmake)
[0.789s] -- Found nav2_lifecycle_manager: 1.4.0 (/home/thomas24/hive_ws2/install/nav2_lifecycle_manager/share/nav2_lifecycle_manager/cmake)
[0.882s] -- Found rmw_implementation_cmake: 7.3.2 (/opt/ros/jazzy/share/rmw_implementation_cmake/cmake)
[0.886s] -- Found rmw_fastrtps_cpp: 8.4.3 (/opt/ros/jazzy/share/rmw_fastrtps_cpp/cmake)
[0.976s] -- Found OpenSSL: /usr/lib/x86_64-linux-gnu/libcrypto.so (found version "3.0.13")  
[0.998s] -- Found FastRTPS: /opt/ros/jazzy/include (Required is at least version "2.13") 
[1.020s] -- Using RMW implementation 'rmw_fastrtps_cpp' as default
[1.359s] -- Found eigen3_cmake_module: 0.3.0 (/opt/ros/jazzy/share/eigen3_cmake_module/cmake)
[1.359s] -- Found Eigen3: TRUE (found version "3.4.0") 
[1.360s] -- Ensuring Eigen3 include directory is part of orocos-kdl CMake target
[1.500s] -- Found nav2_route: 1.1.0 (/home/thomas24/hive_ws2/install/nav2_route/share/nav2_route/cmake)
[1.829s] -- Found rviz_common: 14.1.13 (/opt/ros/jazzy/share/rviz_common/cmake)
[1.852s] -- Setting OGRE_DIR to: '/opt/ros/jazzy/share/rviz_ogre_vendor/cmake/../../../opt/rviz_ogre_vendor/lib/OGRE/cmake'
[1.853s] -- Found OGRE
[1.853s] --   static     : OFF
[1.854s] --   components : MeshLodGenerator;Overlay;Paging;Property;RTShaderSystem;Terrain;Volume
[1.854s] --   plugins    : Plugin_BSPSceneManager;Plugin_OctreeSceneManager;Plugin_PCZSceneManager;Plugin_ParticleFX;RenderSystem_GL;RenderSystem_GL3Plus;Codec_STBI
[1.854s] --   media      : /opt/ros/jazzy/opt/rviz_ogre_vendor/share/OGRE/Media
[1.854s] -- OGRE_LIBRARIES: OgreMeshLodGenerator;OgreOverlay;OgrePaging;OgreProperty;OgreRTShaderSystem;OgreTerrain;OgreVolume;OgreMain
[1.854s] -- OGRE_LIBRARY_DIRS: /opt/ros/jazzy/opt/rviz_ogre_vendor/lib
[1.854s] -- OGRE_PLUGINS: Plugin_BSPSceneManager;Plugin_OctreeSceneManager;Plugin_PCZSceneManager;Plugin_ParticleFX;RenderSystem_GL;RenderSystem_GL3Plus;Codec_STBI
[1.854s] -- OGRE_PLUGIN_DIR: /opt/ros/jazzy/opt/rviz_ogre_vendor/lib/OGRE
[1.854s] -- rviz_ogre_vendor::OgreOverlay for IMPORTED_LOCATION_RELEASE: /opt/ros/jazzy/opt/rviz_ogre_vendor/lib/libOgreOverlay.so
[1.854s] -- rviz_ogre_vendor::OgreOverlay for IMPORTED_LOCATION_DEBUG: /opt/ros/jazzy/opt/rviz_ogre_vendor/lib/libOgreOverlay.so
[1.854s] -- rviz_ogre_vendor::OgreMain for IMPORTED_LOCATION_RELEASE: /opt/ros/jazzy/opt/rviz_ogre_vendor/lib/libOgreMain.so
[1.854s] -- rviz_ogre_vendor::OgreMain for IMPORTED_LOCATION_DEBUG: /opt/ros/jazzy/opt/rviz_ogre_vendor/lib/libOgreMain.so
[1.890s] -- Found ZLIB: /usr/lib/x86_64-linux-gnu/libz.so (found version "1.3")  
[1.902s] -- Found OpenGL: /usr/lib/x86_64-linux-gnu/libOpenGL.so   
[2.069s] -- Found X11: /usr/include   
[2.069s] -- Looking for XOpenDisplay in /usr/lib/x86_64-linux-gnu/libX11.so;/usr/lib/x86_64-linux-gnu/libXext.so
[2.181s] -- Looking for XOpenDisplay in /usr/lib/x86_64-linux-gnu/libX11.so;/usr/lib/x86_64-linux-gnu/libXext.so - found
[2.182s] -- Looking for gethostbyname
[2.289s] -- Looking for gethostbyname - found
[2.290s] -- Looking for connect
[2.397s] -- Looking for connect - found
[2.397s] -- Looking for remove
[2.505s] -- Looking for remove - found
[2.505s] -- Looking for shmat
[2.614s] -- Looking for shmat - found
[2.615s] -- Looking for IceConnectionNumber in ICE
[2.723s] -- Looking for IceConnectionNumber in ICE - found
[2.742s] -- Setting yaml-cpp_DIR to: '/opt/ros/jazzy/share/yaml_cpp_vendor/cmake/../../../opt/yaml_cpp_vendor/share/cmake/yaml-cpp'
[2.754s] -- Found rviz_default_plugins: 14.1.13 (/opt/ros/jazzy/share/rviz_default_plugins/cmake)
[2.815s] -- Setting build type to Release as none was specified.
[2.820s] -- Found ament_lint_auto: 0.17.3 (/opt/ros/jazzy/share/ament_lint_auto/cmake)
[2.945s] -- Added test 'copyright' to check source files copyright and LICENSE
[2.948s] -- Added test 'cppcheck' to perform static code analysis on C / C++ code
[2.948s] -- Configured cppcheck include dirs: $<BUILD_INTERFACE:/home/thomas24/hive_ws2/src/navigation2/nav2_rviz_plugins/include>
[2.948s] -- Configured cppcheck exclude dirs and/or files: 
[2.950s] -- Added test 'cpplint' to check C / C++ code against the Google style
[2.950s] -- Configured cpplint exclude dirs and/or files: 
[2.951s] -- Added test 'flake8' to check Python code syntax and style conventions
[2.951s] -- Configured 'flake8' exclude dirs and/or files: 
[2.952s] -- Added test 'lint_cmake' to check CMake code style
[2.952s] -- Added test 'pep257' to check Python code against some of the docstring style conventions in PEP 257
[2.955s] -- Added test 'uncrustify' to check C / C++ code style
[2.955s] -- Configured uncrustify additional arguments: 
[2.955s] -- Added test 'xmllint' to check XML markup files
[2.958s] -- Configuring done (2.9s)
[3.015s] -- Generating done (0.0s)
[3.021s] -- Build files have been written to: /home/thomas24/hive_ws2/build/nav2_rviz_plugins
[3.041s] Invoked command in '/home/thomas24/hive_ws2/build/nav2_rviz_plugins' returned '0': AMENT_PREFIX_PATH=/home/thomas24/hive_ws2/install/nav2_route:/home/thomas24/hive_ws2/install/nav2_core:/home/thomas24/hive_ws2/install/nav2_costmap_2d:/home/thomas24/hive_ws2/install/nav2_map_server:/home/thomas24/hive_ws2/install/nav2_lifecycle_manager:/home/thomas24/hive_ws2/install/nav2_behavior_tree:/home/thomas24/hive_ws2/install/nav2_util:/home/thomas24/hive_ws2/install/nav2_ros_common:/home/thomas24/hive_ws2/install/nav2_voxel_grid:/home/thomas24/hive_ws2/install/nav2_msgs:/home/thomas24/hive_ws2/install/nav2_common:${AMENT_PREFIX_PATH} CMAKE_PREFIX_PATH=/home/thomas24/hive_ws2/install/nav2_route:/home/thomas24/hive_ws2/install/nav2_core:/home/thomas24/hive_ws2/install/nav2_costmap_2d:/home/thomas24/hive_ws2/install/nav2_map_server:/home/thomas24/hive_ws2/install/nav2_lifecycle_manager:/home/thomas24/hive_ws2/install/nav2_behavior_tree:/home/thomas24/hive_ws2/install/nav2_util:/home/thomas24/hive_ws2/install/nav2_ros_common:/home/thomas24/hive_ws2/install/nav2_voxel_grid:/home/thomas24/hive_ws2/install/nav2_msgs:/home/thomas24/hive_ws2/install/nav2_common:/opt/ros/jazzy/opt/gz_sim_vendor:/opt/ros/jazzy/opt/gz_sensors_vendor:/opt/ros/jazzy/opt/gz_physics_vendor:/opt/ros/jazzy/opt/sdformat_vendor:/opt/ros/jazzy/opt/gz_gui_vendor:/opt/ros/jazzy/opt/gz_transport_vendor:/opt/ros/jazzy/opt/gz_rendering_vendor:/opt/ros/jazzy/opt/gz_plugin_vendor:/opt/ros/jazzy/opt/gz_fuel_tools_vendor:/opt/ros/jazzy/opt/gz_msgs_vendor:/opt/ros/jazzy/opt/gz_common_vendor:/opt/ros/jazzy/opt/gz_math_vendor:/opt/ros/jazzy/opt/gz_utils_vendor:/opt/ros/jazzy/opt/gz_tools_vendor:/opt/ros/jazzy/opt/gz_ogre_next_vendor:/opt/ros/jazzy/opt/gz_dartsim_vendor:/opt/ros/jazzy/opt/gz_cmake_vendor:/opt/ros/jazzy DEBUGINFOD_URLS=https://debuginfod.ubuntu.com LD_LIBRARY_PATH=/home/thomas24/hive_ws2/install/nav2_route/lib:/home/thomas24/hive_ws2/install/nav2_costmap_2d/lib:/home/thomas24/hive_ws2/install/nav2_map_server/lib:/home/thomas24/hive_ws2/install/nav2_lifecycle_manager/lib:/home/thomas24/hive_ws2/install/nav2_behavior_tree/lib:/home/thomas24/hive_ws2/install/nav2_util/lib:/home/thomas24/hive_ws2/install/nav2_voxel_grid/lib:/home/thomas24/hive_ws2/install/nav2_msgs/lib:${LD_LIBRARY_PATH} PYTHONPATH=/home/thomas24/hive_ws2/install/nav2_msgs/lib/python3.12/site-packages:/home/thomas24/hive_ws2/install/nav2_common/lib/python3.12/site-packages:${PYTHONPATH} /usr/bin/cmake /home/thomas24/hive_ws2/src/navigation2/nav2_rviz_plugins -DCMAKE_INSTALL_PREFIX=/home/thomas24/hive_ws2/install/nav2_rviz_plugins
[3.043s] Invoking command in '/home/thomas24/hive_ws2/build/nav2_rviz_plugins': AMENT_PREFIX_PATH=/home/thomas24/hive_ws2/install/nav2_route:/home/thomas24/hive_ws2/install/nav2_core:/home/thomas24/hive_ws2/install/nav2_costmap_2d:/home/thomas24/hive_ws2/install/nav2_map_server:/home/thomas24/hive_ws2/install/nav2_lifecycle_manager:/home/thomas24/hive_ws2/install/nav2_behavior_tree:/home/thomas24/hive_ws2/install/nav2_util:/home/thomas24/hive_ws2/install/nav2_ros_common:/home/thomas24/hive_ws2/install/nav2_voxel_grid:/home/thomas24/hive_ws2/install/nav2_msgs:/home/thomas24/hive_ws2/install/nav2_common:${AMENT_PREFIX_PATH} CMAKE_PREFIX_PATH=/home/thomas24/hive_ws2/install/nav2_route:/home/thomas24/hive_ws2/install/nav2_core:/home/thomas24/hive_ws2/install/nav2_costmap_2d:/home/thomas24/hive_ws2/install/nav2_map_server:/home/thomas24/hive_ws2/install/nav2_lifecycle_manager:/home/thomas24/hive_ws2/install/nav2_behavior_tree:/home/thomas24/hive_ws2/install/nav2_util:/home/thomas24/hive_ws2/install/nav2_ros_common:/home/thomas24/hive_ws2/install/nav2_voxel_grid:/home/thomas24/hive_ws2/install/nav2_msgs:/home/thomas24/hive_ws2/install/nav2_common:/opt/ros/jazzy/opt/gz_sim_vendor:/opt/ros/jazzy/opt/gz_sensors_vendor:/opt/ros/jazzy/opt/gz_physics_vendor:/opt/ros/jazzy/opt/sdformat_vendor:/opt/ros/jazzy/opt/gz_gui_vendor:/opt/ros/jazzy/opt/gz_transport_vendor:/opt/ros/jazzy/opt/gz_rendering_vendor:/opt/ros/jazzy/opt/gz_plugin_vendor:/opt/ros/jazzy/opt/gz_fuel_tools_vendor:/opt/ros/jazzy/opt/gz_msgs_vendor:/opt/ros/jazzy/opt/gz_common_vendor:/opt/ros/jazzy/opt/gz_math_vendor:/opt/ros/jazzy/opt/gz_utils_vendor:/opt/ros/jazzy/opt/gz_tools_vendor:/opt/ros/jazzy/opt/gz_ogre_next_vendor:/opt/ros/jazzy/opt/gz_dartsim_vendor:/opt/ros/jazzy/opt/gz_cmake_vendor:/opt/ros/jazzy DEBUGINFOD_URLS=https://debuginfod.ubuntu.com LD_LIBRARY_PATH=/home/thomas24/hive_ws2/install/nav2_route/lib:/home/thomas24/hive_ws2/install/nav2_costmap_2d/lib:/home/thomas24/hive_ws2/install/nav2_map_server/lib:/home/thomas24/hive_ws2/install/nav2_lifecycle_manager/lib:/home/thomas24/hive_ws2/install/nav2_behavior_tree/lib:/home/thomas24/hive_ws2/install/nav2_util/lib:/home/thomas24/hive_ws2/install/nav2_voxel_grid/lib:/home/thomas24/hive_ws2/install/nav2_msgs/lib:${LD_LIBRARY_PATH} PYTHONPATH=/home/thomas24/hive_ws2/install/nav2_msgs/lib/python3.12/site-packages:/home/thomas24/hive_ws2/install/nav2_common/lib/python3.12/site-packages:${PYTHONPATH} /usr/bin/cmake --build /home/thomas24/hive_ws2/build/nav2_rviz_plugins -- -j16 -l16
[3.107s] [  0%] Built target nav2_rviz_plugins_autogen_timestamp_deps
[3.131s] [  3%] [34m[1mAutomatic MOC and UIC for target nav2_rviz_plugins[0m
[3.188s] [  3%] Built target nav2_rviz_plugins_autogen
[3.199s] [ 13%] [34m[1mGenerating include/nav2_rviz_plugins/moc_costmap_cost_tool.cpp[0m
[3.199s] [ 13%] [34m[1mGenerating ui_route_tool.h[0m
[3.199s] [ 13%] [34m[1mGenerating include/nav2_rviz_plugins/moc_docking_panel.cpp[0m
[3.213s] [ 20%] [34m[1mGenerating include/nav2_rviz_plugins/moc_selector.cpp[0m
[3.213s] [ 20%] [34m[1mGenerating include/nav2_rviz_plugins/particle_cloud_display/moc_particle_cloud_display.cpp[0m
[3.214s] [ 23%] [34m[1mGenerating include/nav2_rviz_plugins/moc_route_tool.cpp[0m
[3.226s] [ 33%] [34m[1mGenerating include/nav2_rviz_plugins/moc_nav2_panel.cpp[0m
[3.226s] [ 33%] [34m[1mGenerating include/nav2_rviz_plugins/moc_goal_tool.cpp[0m
[3.226s] [ 33%] [34m[1mGenerating include/nav2_rviz_plugins/moc_goal_pose_updater.cpp[0m
[3.266s] [ 43%] [32mBuilding CXX object CMakeFiles/nav2_rviz_plugins.dir/src/costmap_cost_tool.cpp.o[0m
[3.267s] [ 43%] [32mBuilding CXX object CMakeFiles/nav2_rviz_plugins.dir/src/docking_panel.cpp.o[0m
[3.267s] [ 43%] [32mBuilding CXX object CMakeFiles/nav2_rviz_plugins.dir/nav2_rviz_plugins_autogen/mocs_compilation.cpp.o[0m
[3.289s] [ 46%] [32mBuilding CXX object CMakeFiles/nav2_rviz_plugins.dir/include/nav2_rviz_plugins/moc_route_tool.cpp.o[0m
[4.301s] [ 60%] [32mBuilding CXX object CMakeFiles/nav2_rviz_plugins.dir/include/nav2_rviz_plugins/moc_goal_pose_updater.cpp.o[0m
[4.301s] [ 60%] [32mBuilding CXX object CMakeFiles/nav2_rviz_plugins.dir/include/nav2_rviz_plugins/moc_goal_tool.cpp.o[0m
[4.301s] [ 60%] [32mBuilding CXX object CMakeFiles/nav2_rviz_plugins.dir/include/nav2_rviz_plugins/moc_nav2_panel.cpp.o[0m
[4.301s] [ 60%] [32mBuilding CXX object CMakeFiles/nav2_rviz_plugins.dir/include/nav2_rviz_plugins/moc_selector.cpp.o[0m
[5.133s] [ 66%] [32mBuilding CXX object CMakeFiles/nav2_rviz_plugins.dir/src/particle_cloud_display/flat_weighted_arrows_array.cpp.o[0m
[5.133s] [ 66%] [32mBuilding CXX object CMakeFiles/nav2_rviz_plugins.dir/include/nav2_rviz_plugins/moc_docking_panel.cpp.o[0m
[5.133s] [ 70%] [32mBuilding CXX object CMakeFiles/nav2_rviz_plugins.dir/include/nav2_rviz_plugins/moc_costmap_cost_tool.cpp.o[0m
[5.137s] [ 73%] [32mBuilding CXX object CMakeFiles/nav2_rviz_plugins.dir/src/particle_cloud_display/particle_cloud_display.cpp.o[0m
[5.726s] [ 80%] [32mBuilding CXX object CMakeFiles/nav2_rviz_plugins.dir/src/selector.cpp.o[0m
[5.727s] [ 80%] [32mBuilding CXX object CMakeFiles/nav2_rviz_plugins.dir/src/utils.cpp.o[0m
[5.729s] [ 83%] [32mBuilding CXX object CMakeFiles/nav2_rviz_plugins.dir/include/nav2_rviz_plugins/particle_cloud_display/moc_particle_cloud_display.cpp.o[0m
[5.730s] [ 86%] [32mBuilding CXX object CMakeFiles/nav2_rviz_plugins.dir/src/route_tool.cpp.o[0m
[26.871s] [ 93%] [32mBuilding CXX object CMakeFiles/nav2_rviz_plugins.dir/src/goal_tool.cpp.o[0m
[26.871s] [ 93%] [32mBuilding CXX object CMakeFiles/nav2_rviz_plugins.dir/src/nav2_panel.cpp.o[0m
[53.572s] [ 96%] [32m[1mLinking CXX shared library libnav2_rviz_plugins.so[0m
[57.028s] [100%] Built target nav2_rviz_plugins
[57.045s] Invoked command in '/home/thomas24/hive_ws2/build/nav2_rviz_plugins' returned '0': AMENT_PREFIX_PATH=/home/thomas24/hive_ws2/install/nav2_route:/home/thomas24/hive_ws2/install/nav2_core:/home/thomas24/hive_ws2/install/nav2_costmap_2d:/home/thomas24/hive_ws2/install/nav2_map_server:/home/thomas24/hive_ws2/install/nav2_lifecycle_manager:/home/thomas24/hive_ws2/install/nav2_behavior_tree:/home/thomas24/hive_ws2/install/nav2_util:/home/thomas24/hive_ws2/install/nav2_ros_common:/home/thomas24/hive_ws2/install/nav2_voxel_grid:/home/thomas24/hive_ws2/install/nav2_msgs:/home/thomas24/hive_ws2/install/nav2_common:${AMENT_PREFIX_PATH} CMAKE_PREFIX_PATH=/home/thomas24/hive_ws2/install/nav2_route:/home/thomas24/hive_ws2/install/nav2_core:/home/thomas24/hive_ws2/install/nav2_costmap_2d:/home/thomas24/hive_ws2/install/nav2_map_server:/home/thomas24/hive_ws2/install/nav2_lifecycle_manager:/home/thomas24/hive_ws2/install/nav2_behavior_tree:/home/thomas24/hive_ws2/install/nav2_util:/home/thomas24/hive_ws2/install/nav2_ros_common:/home/thomas24/hive_ws2/install/nav2_voxel_grid:/home/thomas24/hive_ws2/install/nav2_msgs:/home/thomas24/hive_ws2/install/nav2_common:/opt/ros/jazzy/opt/gz_sim_vendor:/opt/ros/jazzy/opt/gz_sensors_vendor:/opt/ros/jazzy/opt/gz_physics_vendor:/opt/ros/jazzy/opt/sdformat_vendor:/opt/ros/jazzy/opt/gz_gui_vendor:/opt/ros/jazzy/opt/gz_transport_vendor:/opt/ros/jazzy/opt/gz_rendering_vendor:/opt/ros/jazzy/opt/gz_plugin_vendor:/opt/ros/jazzy/opt/gz_fuel_tools_vendor:/opt/ros/jazzy/opt/gz_msgs_vendor:/opt/ros/jazzy/opt/gz_common_vendor:/opt/ros/jazzy/opt/gz_math_vendor:/opt/ros/jazzy/opt/gz_utils_vendor:/opt/ros/jazzy/opt/gz_tools_vendor:/opt/ros/jazzy/opt/gz_ogre_next_vendor:/opt/ros/jazzy/opt/gz_dartsim_vendor:/opt/ros/jazzy/opt/gz_cmake_vendor:/opt/ros/jazzy DEBUGINFOD_URLS=https://debuginfod.ubuntu.com LD_LIBRARY_PATH=/home/thomas24/hive_ws2/install/nav2_route/lib:/home/thomas24/hive_ws2/install/nav2_costmap_2d/lib:/home/thomas24/hive_ws2/install/nav2_map_server/lib:/home/thomas24/hive_ws2/install/nav2_lifecycle_manager/lib:/home/thomas24/hive_ws2/install/nav2_behavior_tree/lib:/home/thomas24/hive_ws2/install/nav2_util/lib:/home/thomas24/hive_ws2/install/nav2_voxel_grid/lib:/home/thomas24/hive_ws2/install/nav2_msgs/lib:${LD_LIBRARY_PATH} PYTHONPATH=/home/thomas24/hive_ws2/install/nav2_msgs/lib/python3.12/site-packages:/home/thomas24/hive_ws2/install/nav2_common/lib/python3.12/site-packages:${PYTHONPATH} /usr/bin/cmake --build /home/thomas24/hive_ws2/build/nav2_rviz_plugins -- -j16 -l16
[57.046s] Invoking command in '/home/thomas24/hive_ws2/build/nav2_rviz_plugins': AMENT_PREFIX_PATH=/home/thomas24/hive_ws2/install/nav2_route:/home/thomas24/hive_ws2/install/nav2_core:/home/thomas24/hive_ws2/install/nav2_costmap_2d:/home/thomas24/hive_ws2/install/nav2_map_server:/home/thomas24/hive_ws2/install/nav2_lifecycle_manager:/home/thomas24/hive_ws2/install/nav2_behavior_tree:/home/thomas24/hive_ws2/install/nav2_util:/home/thomas24/hive_ws2/install/nav2_ros_common:/home/thomas24/hive_ws2/install/nav2_voxel_grid:/home/thomas24/hive_ws2/install/nav2_msgs:/home/thomas24/hive_ws2/install/nav2_common:${AMENT_PREFIX_PATH} CMAKE_PREFIX_PATH=/home/thomas24/hive_ws2/install/nav2_route:/home/thomas24/hive_ws2/install/nav2_core:/home/thomas24/hive_ws2/install/nav2_costmap_2d:/home/thomas24/hive_ws2/install/nav2_map_server:/home/thomas24/hive_ws2/install/nav2_lifecycle_manager:/home/thomas24/hive_ws2/install/nav2_behavior_tree:/home/thomas24/hive_ws2/install/nav2_util:/home/thomas24/hive_ws2/install/nav2_ros_common:/home/thomas24/hive_ws2/install/nav2_voxel_grid:/home/thomas24/hive_ws2/install/nav2_msgs:/home/thomas24/hive_ws2/install/nav2_common:/opt/ros/jazzy/opt/gz_sim_vendor:/opt/ros/jazzy/opt/gz_sensors_vendor:/opt/ros/jazzy/opt/gz_physics_vendor:/opt/ros/jazzy/opt/sdformat_vendor:/opt/ros/jazzy/opt/gz_gui_vendor:/opt/ros/jazzy/opt/gz_transport_vendor:/opt/ros/jazzy/opt/gz_rendering_vendor:/opt/ros/jazzy/opt/gz_plugin_vendor:/opt/ros/jazzy/opt/gz_fuel_tools_vendor:/opt/ros/jazzy/opt/gz_msgs_vendor:/opt/ros/jazzy/opt/gz_common_vendor:/opt/ros/jazzy/opt/gz_math_vendor:/opt/ros/jazzy/opt/gz_utils_vendor:/opt/ros/jazzy/opt/gz_tools_vendor:/opt/ros/jazzy/opt/gz_ogre_next_vendor:/opt/ros/jazzy/opt/gz_dartsim_vendor:/opt/ros/jazzy/opt/gz_cmake_vendor:/opt/ros/jazzy DEBUGINFOD_URLS=https://debuginfod.ubuntu.com LD_LIBRARY_PATH=/home/thomas24/hive_ws2/install/nav2_route/lib:/home/thomas24/hive_ws2/install/nav2_costmap_2d/lib:/home/thomas24/hive_ws2/install/nav2_map_server/lib:/home/thomas24/hive_ws2/install/nav2_lifecycle_manager/lib:/home/thomas24/hive_ws2/install/nav2_behavior_tree/lib:/home/thomas24/hive_ws2/install/nav2_util/lib:/home/thomas24/hive_ws2/install/nav2_voxel_grid/lib:/home/thomas24/hive_ws2/install/nav2_msgs/lib:${LD_LIBRARY_PATH} PYTHONPATH=/home/thomas24/hive_ws2/install/nav2_msgs/lib/python3.12/site-packages:/home/thomas24/hive_ws2/install/nav2_common/lib/python3.12/site-packages:${PYTHONPATH} /usr/bin/cmake --install /home/thomas24/hive_ws2/build/nav2_rviz_plugins
[57.055s] -- Install configuration: "Release"
[57.055s] -- Installing: /home/thomas24/hive_ws2/install/nav2_rviz_plugins/share/nav2_rviz_plugins/plugins_description.xml
[57.055s] -- Installing: /home/thomas24/hive_ws2/install/nav2_rviz_plugins/lib/libnav2_rviz_plugins.so
[57.063s] -- Set non-toolchain portion of runtime path of "/home/thomas24/hive_ws2/install/nav2_rviz_plugins/lib/libnav2_rviz_plugins.so" to ""
[57.063s] -- Installing: /home/thomas24/hive_ws2/install/nav2_rviz_plugins/include/nav2_rviz_plugins
[57.063s] -- Installing: /home/thomas24/hive_ws2/install/nav2_rviz_plugins/include/nav2_rviz_plugins/nav2_rviz_plugins
[57.064s] -- Installing: /home/thomas24/hive_ws2/install/nav2_rviz_plugins/include/nav2_rviz_plugins/nav2_rviz_plugins/ros_action_qevent.hpp
[57.064s] -- Installing: /home/thomas24/hive_ws2/install/nav2_rviz_plugins/include/nav2_rviz_plugins/nav2_rviz_plugins/selector.hpp
[57.064s] -- Installing: /home/thomas24/hive_ws2/install/nav2_rviz_plugins/include/nav2_rviz_plugins/nav2_rviz_plugins/costmap_cost_tool.hpp
[57.064s] -- Installing: /home/thomas24/hive_ws2/install/nav2_rviz_plugins/include/nav2_rviz_plugins/nav2_rviz_plugins/particle_cloud_display
[57.064s] -- Installing: /home/thomas24/hive_ws2/install/nav2_rviz_plugins/include/nav2_rviz_plugins/nav2_rviz_plugins/particle_cloud_display/particle_cloud_display.hpp
[57.064s] -- Installing: /home/thomas24/hive_ws2/install/nav2_rviz_plugins/include/nav2_rviz_plugins/nav2_rviz_plugins/particle_cloud_display/flat_weighted_arrows_array.hpp
[57.064s] -- Installing: /home/thomas24/hive_ws2/install/nav2_rviz_plugins/include/nav2_rviz_plugins/nav2_rviz_plugins/goal_pose_updater.hpp
[57.064s] -- Installing: /home/thomas24/hive_ws2/install/nav2_rviz_plugins/include/nav2_rviz_plugins/nav2_rviz_plugins/utils.hpp
[57.064s] -- Installing: /home/thomas24/hive_ws2/install/nav2_rviz_plugins/include/nav2_rviz_plugins/nav2_rviz_plugins/docking_panel.hpp
[57.064s] -- Installing: /home/thomas24/hive_ws2/install/nav2_rviz_plugins/include/nav2_rviz_plugins/nav2_rviz_plugins/goal_tool.hpp
[57.064s] -- Installing: /home/thomas24/hive_ws2/install/nav2_rviz_plugins/include/nav2_rviz_plugins/nav2_rviz_plugins/nav2_panel.hpp
[57.064s] -- Installing: /home/thomas24/hive_ws2/install/nav2_rviz_plugins/include/nav2_rviz_plugins/nav2_rviz_plugins/goal_common.hpp
[57.065s] -- Installing: /home/thomas24/hive_ws2/install/nav2_rviz_plugins/include/nav2_rviz_plugins/nav2_rviz_plugins/route_tool.hpp
[57.065s] -- Installing: /home/thomas24/hive_ws2/install/nav2_rviz_plugins/share/nav2_rviz_plugins/icons
[57.065s] -- Installing: /home/thomas24/hive_ws2/install/nav2_rviz_plugins/share/nav2_rviz_plugins/icons/classes
[57.065s] -- Installing: /home/thomas24/hive_ws2/install/nav2_rviz_plugins/share/nav2_rviz_plugins/icons/classes/Docking.svg
[57.065s] -- Installing: /home/thomas24/hive_ws2/install/nav2_rviz_plugins/share/nav2_rviz_plugins/icons/classes/nav2_logo_small.png
[57.065s] -- Installing: /home/thomas24/hive_ws2/install/nav2_rviz_plugins/share/nav2_rviz_plugins/rviz
[57.065s] -- Installing: /home/thomas24/hive_ws2/install/nav2_rviz_plugins/share/nav2_rviz_plugins/rviz/route_tool.rviz
[57.065s] -- Installing: /home/thomas24/hive_ws2/install/nav2_rviz_plugins/share/nav2_rviz_plugins/launch
[57.065s] -- Installing: /home/thomas24/hive_ws2/install/nav2_rviz_plugins/share/nav2_rviz_plugins/launch/route_tool.launch.py
[57.066s] -- Installing: /home/thomas24/hive_ws2/install/nav2_rviz_plugins/share/nav2_rviz_plugins/environment/library_path.sh
[57.066s] -- Installing: /home/thomas24/hive_ws2/install/nav2_rviz_plugins/share/nav2_rviz_plugins/environment/library_path.dsv
[57.066s] -- Installing: /home/thomas24/hive_ws2/install/nav2_rviz_plugins/share/ament_index/resource_index/package_run_dependencies/nav2_rviz_plugins
[57.066s] -- Installing: /home/thomas24/hive_ws2/install/nav2_rviz_plugins/share/ament_index/resource_index/parent_prefix_path/nav2_rviz_plugins
[57.066s] -- Installing: /home/thomas24/hive_ws2/install/nav2_rviz_plugins/share/nav2_rviz_plugins/environment/ament_prefix_path.sh
[57.066s] -- Installing: /home/thomas24/hive_ws2/install/nav2_rviz_plugins/share/nav2_rviz_plugins/environment/ament_prefix_path.dsv
[57.066s] -- Installing: /home/thomas24/hive_ws2/install/nav2_rviz_plugins/share/nav2_rviz_plugins/environment/path.sh
[57.067s] -- Installing: /home/thomas24/hive_ws2/install/nav2_rviz_plugins/share/nav2_rviz_plugins/environment/path.dsv
[57.067s] -- Installing: /home/thomas24/hive_ws2/install/nav2_rviz_plugins/share/nav2_rviz_plugins/local_setup.bash
[57.067s] -- Installing: /home/thomas24/hive_ws2/install/nav2_rviz_plugins/share/nav2_rviz_plugins/local_setup.sh
[57.067s] -- Installing: /home/thomas24/hive_ws2/install/nav2_rviz_plugins/share/nav2_rviz_plugins/local_setup.zsh
[57.067s] -- Installing: /home/thomas24/hive_ws2/install/nav2_rviz_plugins/share/nav2_rviz_plugins/local_setup.dsv
[57.067s] -- Installing: /home/thomas24/hive_ws2/install/nav2_rviz_plugins/share/nav2_rviz_plugins/package.dsv
[57.067s] -- Installing: /home/thomas24/hive_ws2/install/nav2_rviz_plugins/share/ament_index/resource_index/packages/nav2_rviz_plugins
[57.067s] -- Installing: /home/thomas24/hive_ws2/install/nav2_rviz_plugins/share/ament_index/resource_index/rviz_common__pluginlib__plugin/nav2_rviz_plugins
[57.068s] -- Installing: /home/thomas24/hive_ws2/install/nav2_rviz_plugins/share/nav2_rviz_plugins/cmake/nav2_rviz_pluginsExport.cmake
[57.068s] -- Installing: /home/thomas24/hive_ws2/install/nav2_rviz_plugins/share/nav2_rviz_plugins/cmake/nav2_rviz_pluginsExport-release.cmake
[57.068s] -- Installing: /home/thomas24/hive_ws2/install/nav2_rviz_plugins/share/nav2_rviz_plugins/cmake/ament_cmake_export_include_directories-extras.cmake
[57.068s] -- Installing: /home/thomas24/hive_ws2/install/nav2_rviz_plugins/share/nav2_rviz_plugins/cmake/ament_cmake_export_targets-extras.cmake
[57.068s] -- Installing: /home/thomas24/hive_ws2/install/nav2_rviz_plugins/share/nav2_rviz_plugins/cmake/ament_cmake_export_dependencies-extras.cmake
[57.068s] -- Installing: /home/thomas24/hive_ws2/install/nav2_rviz_plugins/share/nav2_rviz_plugins/cmake/nav2_rviz_pluginsConfig.cmake
[57.068s] -- Installing: /home/thomas24/hive_ws2/install/nav2_rviz_plugins/share/nav2_rviz_plugins/cmake/nav2_rviz_pluginsConfig-version.cmake
[57.068s] -- Installing: /home/thomas24/hive_ws2/install/nav2_rviz_plugins/share/nav2_rviz_plugins/package.xml
[57.071s] Invoked command in '/home/thomas24/hive_ws2/build/nav2_rviz_plugins' returned '0': AMENT_PREFIX_PATH=/home/thomas24/hive_ws2/install/nav2_route:/home/thomas24/hive_ws2/install/nav2_core:/home/thomas24/hive_ws2/install/nav2_costmap_2d:/home/thomas24/hive_ws2/install/nav2_map_server:/home/thomas24/hive_ws2/install/nav2_lifecycle_manager:/home/thomas24/hive_ws2/install/nav2_behavior_tree:/home/thomas24/hive_ws2/install/nav2_util:/home/thomas24/hive_ws2/install/nav2_ros_common:/home/thomas24/hive_ws2/install/nav2_voxel_grid:/home/thomas24/hive_ws2/install/nav2_msgs:/home/thomas24/hive_ws2/install/nav2_common:${AMENT_PREFIX_PATH} CMAKE_PREFIX_PATH=/home/thomas24/hive_ws2/install/nav2_route:/home/thomas24/hive_ws2/install/nav2_core:/home/thomas24/hive_ws2/install/nav2_costmap_2d:/home/thomas24/hive_ws2/install/nav2_map_server:/home/thomas24/hive_ws2/install/nav2_lifecycle_manager:/home/thomas24/hive_ws2/install/nav2_behavior_tree:/home/thomas24/hive_ws2/install/nav2_util:/home/thomas24/hive_ws2/install/nav2_ros_common:/home/thomas24/hive_ws2/install/nav2_voxel_grid:/home/thomas24/hive_ws2/install/nav2_msgs:/home/thomas24/hive_ws2/install/nav2_common:/opt/ros/jazzy/opt/gz_sim_vendor:/opt/ros/jazzy/opt/gz_sensors_vendor:/opt/ros/jazzy/opt/gz_physics_vendor:/opt/ros/jazzy/opt/sdformat_vendor:/opt/ros/jazzy/opt/gz_gui_vendor:/opt/ros/jazzy/opt/gz_transport_vendor:/opt/ros/jazzy/opt/gz_rendering_vendor:/opt/ros/jazzy/opt/gz_plugin_vendor:/opt/ros/jazzy/opt/gz_fuel_tools_vendor:/opt/ros/jazzy/opt/gz_msgs_vendor:/opt/ros/jazzy/opt/gz_common_vendor:/opt/ros/jazzy/opt/gz_math_vendor:/opt/ros/jazzy/opt/gz_utils_vendor:/opt/ros/jazzy/opt/gz_tools_vendor:/opt/ros/jazzy/opt/gz_ogre_next_vendor:/opt/ros/jazzy/opt/gz_dartsim_vendor:/opt/ros/jazzy/opt/gz_cmake_vendor:/opt/ros/jazzy DEBUGINFOD_URLS=https://debuginfod.ubuntu.com LD_LIBRARY_PATH=/home/thomas24/hive_ws2/install/nav2_route/lib:/home/thomas24/hive_ws2/install/nav2_costmap_2d/lib:/home/thomas24/hive_ws2/install/nav2_map_server/lib:/home/thomas24/hive_ws2/install/nav2_lifecycle_manager/lib:/home/thomas24/hive_ws2/install/nav2_behavior_tree/lib:/home/thomas24/hive_ws2/install/nav2_util/lib:/home/thomas24/hive_ws2/install/nav2_voxel_grid/lib:/home/thomas24/hive_ws2/install/nav2_msgs/lib:${LD_LIBRARY_PATH} PYTHONPATH=/home/thomas24/hive_ws2/install/nav2_msgs/lib/python3.12/site-packages:/home/thomas24/hive_ws2/install/nav2_common/lib/python3.12/site-packages:${PYTHONPATH} /usr/bin/cmake --install /home/thomas24/hive_ws2/build/nav2_rviz_plugins
