[0.009s] Invoking command in '/home/thomas24/hive_ws2/build/hive_interface2': CMAKE_PREFIX_PATH=${CMAKE_PREFIX_PATH}:/home/thomas24/hiveverse_ws/install/hive_tools:/home/thomas24/hiveverse_ws/install/hive_bringup:/opt/ros/jazzy DEBUGINFOD_URLS=https://debuginfod.ubuntu.com /usr/bin/cmake --build /home/thomas24/hive_ws2/build/hive_interface2 -- -j16 -l16
[0.070s] [  1%] Built target hive_interface2__rosidl_generator_type_description
[0.083s] [  1%] Built target ament_cmake_python_copy_hive_interface2
[0.095s] [  3%] Built target hive_interface2__cpp
[0.102s] [ 24%] Built target hive_interface2__rosidl_generator_c
[0.134s] [ 38%] Built target hive_interface2__rosidl_typesupport_introspection_c
[0.134s] [ 48%] Built target hive_interface2__rosidl_typesupport_c
[0.134s] [ 51%] Built target hive_interface2__rosidl_typesupport_introspection_cpp
[0.134s] [ 61%] Built target hive_interface2__rosidl_typesupport_fastrtps_c
[0.135s] [ 70%] Built target hive_interface2__rosidl_typesupport_cpp
[0.137s] [ 79%] Built target hive_interface2__rosidl_typesupport_fastrtps_cpp
[0.163s] [ 79%] Built target hive_interface2
[0.187s] [ 81%] Built target hive_interface2__py
[0.217s] [ 88%] Built target hive_interface2__rosidl_generator_py
[0.243s] [100%] Built target hive_interface2_s__rosidl_typesupport_fastrtps_c
[0.243s] [100%] Built target hive_interface2_s__rosidl_typesupport_introspection_c
[0.243s] [100%] Built target hive_interface2_s__rosidl_typesupport_c
[0.277s] running egg_info
[0.294s] writing hive_interface2.egg-info/PKG-INFO
[0.294s] writing dependency_links to hive_interface2.egg-info/dependency_links.txt
[0.294s] writing top-level names to hive_interface2.egg-info/top_level.txt
[0.344s] reading manifest file 'hive_interface2.egg-info/SOURCES.txt'
[0.344s] writing manifest file 'hive_interface2.egg-info/SOURCES.txt'
[0.377s] [100%] Built target ament_cmake_python_build_hive_interface2_egg
[0.392s] Invoked command in '/home/thomas24/hive_ws2/build/hive_interface2' returned '0': CMAKE_PREFIX_PATH=${CMAKE_PREFIX_PATH}:/home/thomas24/hiveverse_ws/install/hive_tools:/home/thomas24/hiveverse_ws/install/hive_bringup:/opt/ros/jazzy DEBUGINFOD_URLS=https://debuginfod.ubuntu.com /usr/bin/cmake --build /home/thomas24/hive_ws2/build/hive_interface2 -- -j16 -l16
[0.406s] Invoking command in '/home/thomas24/hive_ws2/build/hive_interface2': CMAKE_PREFIX_PATH=${CMAKE_PREFIX_PATH}:/home/thomas24/hiveverse_ws/install/hive_tools:/home/thomas24/hiveverse_ws/install/hive_bringup:/opt/ros/jazzy DEBUGINFOD_URLS=https://debuginfod.ubuntu.com /usr/bin/cmake --install /home/thomas24/hive_ws2/build/hive_interface2
[0.417s] -- Install configuration: ""
[0.417s] -- Up-to-date: /home/thomas24/hive_ws2/install/hive_interface2/share/ament_index/resource_index/rosidl_interfaces/hive_interface2
[0.417s] -- Up-to-date: /home/thomas24/hive_ws2/install/hive_interface2/share/hive_interface2/msg/LaneletMini2.json
[0.417s] -- Up-to-date: /home/thomas24/hive_ws2/install/hive_interface2/share/hive_interface2/msg/LaneletMini2Array.json
[0.417s] -- Up-to-date: /home/thomas24/hive_ws2/install/hive_interface2/share/hive_interface2/srv/ComputeRoute.json
[0.418s] -- Up-to-date: /home/thomas24/hive_ws2/install/hive_interface2/include/hive_interface2/hive_interface2
[0.418s] -- Up-to-date: /home/thomas24/hive_ws2/install/hive_interface2/include/hive_interface2/hive_interface2/srv
[0.418s] -- Up-to-date: /home/thomas24/hive_ws2/install/hive_interface2/include/hive_interface2/hive_interface2/srv/detail
[0.418s] -- Up-to-date: /home/thomas24/hive_ws2/install/hive_interface2/include/hive_interface2/hive_interface2/srv/detail/compute_route__type_support.h
[0.418s] -- Up-to-date: /home/thomas24/hive_ws2/install/hive_interface2/include/hive_interface2/hive_interface2/srv/detail/compute_route__type_support.c
[0.418s] -- Up-to-date: /home/thomas24/hive_ws2/install/hive_interface2/include/hive_interface2/hive_interface2/srv/detail/compute_route__description.c
[0.418s] -- Up-to-date: /home/thomas24/hive_ws2/install/hive_interface2/include/hive_interface2/hive_interface2/srv/detail/compute_route__functions.c
[0.418s] -- Up-to-date: /home/thomas24/hive_ws2/install/hive_interface2/include/hive_interface2/hive_interface2/srv/detail/compute_route__struct.h
[0.419s] -- Up-to-date: /home/thomas24/hive_ws2/install/hive_interface2/include/hive_interface2/hive_interface2/srv/detail/compute_route__functions.h
[0.419s] -- Up-to-date: /home/thomas24/hive_ws2/install/hive_interface2/include/hive_interface2/hive_interface2/srv/compute_route.h
[0.419s] -- Up-to-date: /home/thomas24/hive_ws2/install/hive_interface2/include/hive_interface2/hive_interface2/msg
[0.419s] -- Up-to-date: /home/thomas24/hive_ws2/install/hive_interface2/include/hive_interface2/hive_interface2/msg/lanelet_mini2_array.h
[0.419s] -- Up-to-date: /home/thomas24/hive_ws2/install/hive_interface2/include/hive_interface2/hive_interface2/msg/lanelet_mini2.h
[0.419s] -- Up-to-date: /home/thomas24/hive_ws2/install/hive_interface2/include/hive_interface2/hive_interface2/msg/rosidl_generator_c__visibility_control.h
[0.419s] -- Up-to-date: /home/thomas24/hive_ws2/install/hive_interface2/include/hive_interface2/hive_interface2/msg/detail
[0.419s] -- Up-to-date: /home/thomas24/hive_ws2/install/hive_interface2/include/hive_interface2/hive_interface2/msg/detail/lanelet_mini2_array__description.c
[0.419s] -- Up-to-date: /home/thomas24/hive_ws2/install/hive_interface2/include/hive_interface2/hive_interface2/msg/detail/lanelet_mini2_array__functions.c
[0.419s] -- Up-to-date: /home/thomas24/hive_ws2/install/hive_interface2/include/hive_interface2/hive_interface2/msg/detail/lanelet_mini2__functions.h
[0.419s] -- Up-to-date: /home/thomas24/hive_ws2/install/hive_interface2/include/hive_interface2/hive_interface2/msg/detail/lanelet_mini2__struct.h
[0.419s] -- Up-to-date: /home/thomas24/hive_ws2/install/hive_interface2/include/hive_interface2/hive_interface2/msg/detail/lanelet_mini2_array__type_support.c
[0.419s] -- Up-to-date: /home/thomas24/hive_ws2/install/hive_interface2/include/hive_interface2/hive_interface2/msg/detail/lanelet_mini2__description.c
[0.420s] -- Up-to-date: /home/thomas24/hive_ws2/install/hive_interface2/include/hive_interface2/hive_interface2/msg/detail/lanelet_mini2_array__functions.h
[0.420s] -- Up-to-date: /home/thomas24/hive_ws2/install/hive_interface2/include/hive_interface2/hive_interface2/msg/detail/lanelet_mini2__type_support.c
[0.420s] -- Up-to-date: /home/thomas24/hive_ws2/install/hive_interface2/include/hive_interface2/hive_interface2/msg/detail/lanelet_mini2__type_support.h
[0.420s] -- Up-to-date: /home/thomas24/hive_ws2/install/hive_interface2/include/hive_interface2/hive_interface2/msg/detail/lanelet_mini2__functions.c
[0.420s] -- Up-to-date: /home/thomas24/hive_ws2/install/hive_interface2/include/hive_interface2/hive_interface2/msg/detail/lanelet_mini2_array__type_support.h
[0.420s] -- Up-to-date: /home/thomas24/hive_ws2/install/hive_interface2/include/hive_interface2/hive_interface2/msg/detail/lanelet_mini2_array__struct.h
[0.420s] -- Up-to-date: /home/thomas24/hive_ws2/install/hive_interface2/share/hive_interface2/environment/library_path.sh
[0.420s] -- Up-to-date: /home/thomas24/hive_ws2/install/hive_interface2/share/hive_interface2/environment/library_path.dsv
[0.420s] -- Up-to-date: /home/thomas24/hive_ws2/install/hive_interface2/lib/libhive_interface2__rosidl_generator_c.so
[0.421s] -- Up-to-date: /home/thomas24/hive_ws2/install/hive_interface2/include/hive_interface2/hive_interface2
[0.421s] -- Up-to-date: /home/thomas24/hive_ws2/install/hive_interface2/include/hive_interface2/hive_interface2/srv
[0.421s] -- Up-to-date: /home/thomas24/hive_ws2/install/hive_interface2/include/hive_interface2/hive_interface2/srv/detail
[0.421s] -- Up-to-date: /home/thomas24/hive_ws2/install/hive_interface2/include/hive_interface2/hive_interface2/srv/detail/compute_route__rosidl_typesupport_fastrtps_c.h
[0.421s] -- Up-to-date: /home/thomas24/hive_ws2/install/hive_interface2/include/hive_interface2/hive_interface2/msg
[0.421s] -- Up-to-date: /home/thomas24/hive_ws2/install/hive_interface2/include/hive_interface2/hive_interface2/msg/detail
[0.422s] -- Up-to-date: /home/thomas24/hive_ws2/install/hive_interface2/include/hive_interface2/hive_interface2/msg/detail/lanelet_mini2_array__rosidl_typesupport_fastrtps_c.h
[0.422s] -- Up-to-date: /home/thomas24/hive_ws2/install/hive_interface2/include/hive_interface2/hive_interface2/msg/detail/lanelet_mini2__rosidl_typesupport_fastrtps_c.h
[0.422s] -- Up-to-date: /home/thomas24/hive_ws2/install/hive_interface2/include/hive_interface2/hive_interface2/msg/rosidl_typesupport_fastrtps_c__visibility_control.h
[0.422s] -- Up-to-date: /home/thomas24/hive_ws2/install/hive_interface2/lib/libhive_interface2__rosidl_typesupport_fastrtps_c.so
[0.422s] -- Up-to-date: /home/thomas24/hive_ws2/install/hive_interface2/include/hive_interface2/hive_interface2
[0.422s] -- Up-to-date: /home/thomas24/hive_ws2/install/hive_interface2/include/hive_interface2/hive_interface2/srv
[0.422s] -- Up-to-date: /home/thomas24/hive_ws2/install/hive_interface2/include/hive_interface2/hive_interface2/srv/detail
[0.422s] -- Up-to-date: /home/thomas24/hive_ws2/install/hive_interface2/include/hive_interface2/hive_interface2/srv/detail/compute_route__rosidl_typesupport_introspection_c.h
[0.422s] -- Up-to-date: /home/thomas24/hive_ws2/install/hive_interface2/include/hive_interface2/hive_interface2/srv/detail/compute_route__type_support.c
[0.422s] -- Up-to-date: /home/thomas24/hive_ws2/install/hive_interface2/include/hive_interface2/hive_interface2/msg
[0.422s] -- Up-to-date: /home/thomas24/hive_ws2/install/hive_interface2/include/hive_interface2/hive_interface2/msg/rosidl_typesupport_introspection_c__visibility_control.h
[0.423s] -- Up-to-date: /home/thomas24/hive_ws2/install/hive_interface2/include/hive_interface2/hive_interface2/msg/detail
[0.423s] -- Up-to-date: /home/thomas24/hive_ws2/install/hive_interface2/include/hive_interface2/hive_interface2/msg/detail/lanelet_mini2_array__type_support.c
[0.423s] -- Up-to-date: /home/thomas24/hive_ws2/install/hive_interface2/include/hive_interface2/hive_interface2/msg/detail/lanelet_mini2_array__rosidl_typesupport_introspection_c.h
[0.423s] -- Up-to-date: /home/thomas24/hive_ws2/install/hive_interface2/include/hive_interface2/hive_interface2/msg/detail/lanelet_mini2__type_support.c
[0.423s] -- Up-to-date: /home/thomas24/hive_ws2/install/hive_interface2/include/hive_interface2/hive_interface2/msg/detail/lanelet_mini2__rosidl_typesupport_introspection_c.h
[0.423s] -- Up-to-date: /home/thomas24/hive_ws2/install/hive_interface2/lib/libhive_interface2__rosidl_typesupport_introspection_c.so
[0.423s] -- Up-to-date: /home/thomas24/hive_ws2/install/hive_interface2/lib/libhive_interface2__rosidl_typesupport_c.so
[0.423s] -- Up-to-date: /home/thomas24/hive_ws2/install/hive_interface2/include/hive_interface2/hive_interface2
[0.423s] -- Up-to-date: /home/thomas24/hive_ws2/install/hive_interface2/include/hive_interface2/hive_interface2/srv
[0.423s] -- Up-to-date: /home/thomas24/hive_ws2/install/hive_interface2/include/hive_interface2/hive_interface2/srv/compute_route.hpp
[0.423s] -- Up-to-date: /home/thomas24/hive_ws2/install/hive_interface2/include/hive_interface2/hive_interface2/srv/detail
[0.423s] -- Up-to-date: /home/thomas24/hive_ws2/install/hive_interface2/include/hive_interface2/hive_interface2/srv/detail/compute_route__type_support.hpp
[0.423s] -- Up-to-date: /home/thomas24/hive_ws2/install/hive_interface2/include/hive_interface2/hive_interface2/srv/detail/compute_route__struct.hpp
[0.423s] -- Up-to-date: /home/thomas24/hive_ws2/install/hive_interface2/include/hive_interface2/hive_interface2/srv/detail/compute_route__traits.hpp
[0.424s] -- Up-to-date: /home/thomas24/hive_ws2/install/hive_interface2/include/hive_interface2/hive_interface2/srv/detail/compute_route__builder.hpp
[0.424s] -- Up-to-date: /home/thomas24/hive_ws2/install/hive_interface2/include/hive_interface2/hive_interface2/msg
[0.424s] -- Up-to-date: /home/thomas24/hive_ws2/install/hive_interface2/include/hive_interface2/hive_interface2/msg/lanelet_mini2_array.hpp
[0.424s] -- Up-to-date: /home/thomas24/hive_ws2/install/hive_interface2/include/hive_interface2/hive_interface2/msg/rosidl_generator_cpp__visibility_control.hpp
[0.424s] -- Up-to-date: /home/thomas24/hive_ws2/install/hive_interface2/include/hive_interface2/hive_interface2/msg/lanelet_mini2.hpp
[0.424s] -- Up-to-date: /home/thomas24/hive_ws2/install/hive_interface2/include/hive_interface2/hive_interface2/msg/detail
[0.424s] -- Up-to-date: /home/thomas24/hive_ws2/install/hive_interface2/include/hive_interface2/hive_interface2/msg/detail/lanelet_mini2__struct.hpp
[0.424s] -- Up-to-date: /home/thomas24/hive_ws2/install/hive_interface2/include/hive_interface2/hive_interface2/msg/detail/lanelet_mini2_array__type_support.hpp
[0.424s] -- Up-to-date: /home/thomas24/hive_ws2/install/hive_interface2/include/hive_interface2/hive_interface2/msg/detail/lanelet_mini2__builder.hpp
[0.424s] -- Up-to-date: /home/thomas24/hive_ws2/install/hive_interface2/include/hive_interface2/hive_interface2/msg/detail/lanelet_mini2__type_support.hpp
[0.424s] -- Up-to-date: /home/thomas24/hive_ws2/install/hive_interface2/include/hive_interface2/hive_interface2/msg/detail/lanelet_mini2_array__traits.hpp
[0.424s] -- Up-to-date: /home/thomas24/hive_ws2/install/hive_interface2/include/hive_interface2/hive_interface2/msg/detail/lanelet_mini2__traits.hpp
[0.424s] -- Up-to-date: /home/thomas24/hive_ws2/install/hive_interface2/include/hive_interface2/hive_interface2/msg/detail/lanelet_mini2_array__builder.hpp
[0.424s] -- Up-to-date: /home/thomas24/hive_ws2/install/hive_interface2/include/hive_interface2/hive_interface2/msg/detail/lanelet_mini2_array__struct.hpp
[0.424s] -- Up-to-date: /home/thomas24/hive_ws2/install/hive_interface2/include/hive_interface2/hive_interface2
[0.424s] -- Up-to-date: /home/thomas24/hive_ws2/install/hive_interface2/include/hive_interface2/hive_interface2/srv
[0.424s] -- Up-to-date: /home/thomas24/hive_ws2/install/hive_interface2/include/hive_interface2/hive_interface2/srv/detail
[0.425s] -- Up-to-date: /home/thomas24/hive_ws2/install/hive_interface2/include/hive_interface2/hive_interface2/srv/detail/dds_fastrtps
[0.425s] -- Up-to-date: /home/thomas24/hive_ws2/install/hive_interface2/include/hive_interface2/hive_interface2/srv/detail/compute_route__rosidl_typesupport_fastrtps_cpp.hpp
[0.425s] -- Up-to-date: /home/thomas24/hive_ws2/install/hive_interface2/include/hive_interface2/hive_interface2/msg
[0.425s] -- Up-to-date: /home/thomas24/hive_ws2/install/hive_interface2/include/hive_interface2/hive_interface2/msg/rosidl_typesupport_fastrtps_cpp__visibility_control.h
[0.425s] -- Up-to-date: /home/thomas24/hive_ws2/install/hive_interface2/include/hive_interface2/hive_interface2/msg/detail
[0.425s] -- Up-to-date: /home/thomas24/hive_ws2/install/hive_interface2/include/hive_interface2/hive_interface2/msg/detail/lanelet_mini2__rosidl_typesupport_fastrtps_cpp.hpp
[0.425s] -- Up-to-date: /home/thomas24/hive_ws2/install/hive_interface2/include/hive_interface2/hive_interface2/msg/detail/lanelet_mini2_array__rosidl_typesupport_fastrtps_cpp.hpp
[0.425s] -- Up-to-date: /home/thomas24/hive_ws2/install/hive_interface2/include/hive_interface2/hive_interface2/msg/detail/dds_fastrtps
[0.425s] -- Up-to-date: /home/thomas24/hive_ws2/install/hive_interface2/lib/libhive_interface2__rosidl_typesupport_fastrtps_cpp.so
[0.425s] -- Up-to-date: /home/thomas24/hive_ws2/install/hive_interface2/include/hive_interface2/hive_interface2
[0.425s] -- Up-to-date: /home/thomas24/hive_ws2/install/hive_interface2/include/hive_interface2/hive_interface2/srv
[0.425s] -- Up-to-date: /home/thomas24/hive_ws2/install/hive_interface2/include/hive_interface2/hive_interface2/srv/detail
[0.425s] -- Up-to-date: /home/thomas24/hive_ws2/install/hive_interface2/include/hive_interface2/hive_interface2/srv/detail/compute_route__rosidl_typesupport_introspection_cpp.hpp
[0.425s] -- Up-to-date: /home/thomas24/hive_ws2/install/hive_interface2/include/hive_interface2/hive_interface2/srv/detail/compute_route__type_support.cpp
[0.425s] -- Up-to-date: /home/thomas24/hive_ws2/install/hive_interface2/include/hive_interface2/hive_interface2/msg
[0.425s] -- Up-to-date: /home/thomas24/hive_ws2/install/hive_interface2/include/hive_interface2/hive_interface2/msg/detail
[0.426s] -- Up-to-date: /home/thomas24/hive_ws2/install/hive_interface2/include/hive_interface2/hive_interface2/msg/detail/lanelet_mini2__type_support.cpp
[0.426s] -- Up-to-date: /home/thomas24/hive_ws2/install/hive_interface2/include/hive_interface2/hive_interface2/msg/detail/lanelet_mini2_array__type_support.cpp
[0.426s] -- Up-to-date: /home/thomas24/hive_ws2/install/hive_interface2/include/hive_interface2/hive_interface2/msg/detail/lanelet_mini2_array__rosidl_typesupport_introspection_cpp.hpp
[0.426s] -- Up-to-date: /home/thomas24/hive_ws2/install/hive_interface2/include/hive_interface2/hive_interface2/msg/detail/lanelet_mini2__rosidl_typesupport_introspection_cpp.hpp
[0.426s] -- Up-to-date: /home/thomas24/hive_ws2/install/hive_interface2/lib/libhive_interface2__rosidl_typesupport_introspection_cpp.so
[0.426s] -- Up-to-date: /home/thomas24/hive_ws2/install/hive_interface2/lib/libhive_interface2__rosidl_typesupport_cpp.so
[0.426s] -- Up-to-date: /home/thomas24/hive_ws2/install/hive_interface2/share/hive_interface2/environment/pythonpath.sh
[0.426s] -- Up-to-date: /home/thomas24/hive_ws2/install/hive_interface2/share/hive_interface2/environment/pythonpath.dsv
[0.426s] -- Up-to-date: /home/thomas24/hive_ws2/install/hive_interface2/lib/python3.12/site-packages/hive_interface2-0.0.1-py3.12.egg-info
[0.426s] -- Installing: /home/thomas24/hive_ws2/install/hive_interface2/lib/python3.12/site-packages/hive_interface2-0.0.1-py3.12.egg-info/dependency_links.txt
[0.426s] -- Installing: /home/thomas24/hive_ws2/install/hive_interface2/lib/python3.12/site-packages/hive_interface2-0.0.1-py3.12.egg-info/SOURCES.txt
[0.426s] -- Installing: /home/thomas24/hive_ws2/install/hive_interface2/lib/python3.12/site-packages/hive_interface2-0.0.1-py3.12.egg-info/top_level.txt
[0.426s] -- Installing: /home/thomas24/hive_ws2/install/hive_interface2/lib/python3.12/site-packages/hive_interface2-0.0.1-py3.12.egg-info/PKG-INFO
[0.426s] -- Up-to-date: /home/thomas24/hive_ws2/install/hive_interface2/lib/python3.12/site-packages/hive_interface2
[0.426s] -- Up-to-date: /home/thomas24/hive_ws2/install/hive_interface2/lib/python3.12/site-packages/hive_interface2/__init__.py
[0.426s] -- Up-to-date: /home/thomas24/hive_ws2/install/hive_interface2/lib/python3.12/site-packages/hive_interface2/_hive_interface2_s.ep.rosidl_typesupport_c.c
[0.426s] -- Up-to-date: /home/thomas24/hive_ws2/install/hive_interface2/lib/python3.12/site-packages/hive_interface2/hive_interface2_s__rosidl_typesupport_introspection_c.so
[0.427s] -- Up-to-date: /home/thomas24/hive_ws2/install/hive_interface2/lib/python3.12/site-packages/hive_interface2/hive_interface2_s__rosidl_typesupport_fastrtps_c.so
[0.427s] -- Up-to-date: /home/thomas24/hive_ws2/install/hive_interface2/lib/python3.12/site-packages/hive_interface2/_hive_interface2_s.ep.rosidl_typesupport_introspection_c.c
[0.427s] -- Up-to-date: /home/thomas24/hive_ws2/install/hive_interface2/lib/python3.12/site-packages/hive_interface2/srv
[0.427s] -- Up-to-date: /home/thomas24/hive_ws2/install/hive_interface2/lib/python3.12/site-packages/hive_interface2/srv/__init__.py
[0.427s] -- Up-to-date: /home/thomas24/hive_ws2/install/hive_interface2/lib/python3.12/site-packages/hive_interface2/srv/_compute_route_s.c
[0.427s] -- Up-to-date: /home/thomas24/hive_ws2/install/hive_interface2/lib/python3.12/site-packages/hive_interface2/srv/_compute_route.py
[0.427s] -- Up-to-date: /home/thomas24/hive_ws2/install/hive_interface2/lib/python3.12/site-packages/hive_interface2/hive_interface2_s__rosidl_typesupport_c.so
[0.427s] -- Up-to-date: /home/thomas24/hive_ws2/install/hive_interface2/lib/python3.12/site-packages/hive_interface2/_hive_interface2_s.ep.rosidl_typesupport_fastrtps_c.c
[0.427s] -- Up-to-date: /home/thomas24/hive_ws2/install/hive_interface2/lib/python3.12/site-packages/hive_interface2/msg
[0.427s] -- Up-to-date: /home/thomas24/hive_ws2/install/hive_interface2/lib/python3.12/site-packages/hive_interface2/msg/_lanelet_mini2_array.py
[0.427s] -- Up-to-date: /home/thomas24/hive_ws2/install/hive_interface2/lib/python3.12/site-packages/hive_interface2/msg/_lanelet_mini2_s.c
[0.427s] -- Up-to-date: /home/thomas24/hive_ws2/install/hive_interface2/lib/python3.12/site-packages/hive_interface2/msg/__init__.py
[0.427s] -- Up-to-date: /home/thomas24/hive_ws2/install/hive_interface2/lib/python3.12/site-packages/hive_interface2/msg/_lanelet_mini2.py
[0.427s] -- Up-to-date: /home/thomas24/hive_ws2/install/hive_interface2/lib/python3.12/site-packages/hive_interface2/msg/_lanelet_mini2_array_s.c
[0.460s] Listing '/home/thomas24/hive_ws2/install/hive_interface2/lib/python3.12/site-packages/hive_interface2'...
[0.460s] Listing '/home/thomas24/hive_ws2/install/hive_interface2/lib/python3.12/site-packages/hive_interface2/msg'...
[0.460s] Listing '/home/thomas24/hive_ws2/install/hive_interface2/lib/python3.12/site-packages/hive_interface2/srv'...
[0.465s] -- Up-to-date: /home/thomas24/hive_ws2/install/hive_interface2/lib/python3.12/site-packages/hive_interface2/hive_interface2_s__rosidl_typesupport_fastrtps_c.so
[0.466s] -- Up-to-date: /home/thomas24/hive_ws2/install/hive_interface2/lib/python3.12/site-packages/hive_interface2/hive_interface2_s__rosidl_typesupport_introspection_c.so
[0.466s] -- Up-to-date: /home/thomas24/hive_ws2/install/hive_interface2/lib/python3.12/site-packages/hive_interface2/hive_interface2_s__rosidl_typesupport_c.so
[0.466s] -- Up-to-date: /home/thomas24/hive_ws2/install/hive_interface2/lib/libhive_interface2__rosidl_generator_py.so
[0.466s] -- Up-to-date: /home/thomas24/hive_ws2/install/hive_interface2/share/hive_interface2/msg/LaneletMini2.idl
[0.466s] -- Up-to-date: /home/thomas24/hive_ws2/install/hive_interface2/share/hive_interface2/msg/LaneletMini2Array.idl
[0.467s] -- Up-to-date: /home/thomas24/hive_ws2/install/hive_interface2/share/hive_interface2/srv/ComputeRoute.idl
[0.467s] -- Up-to-date: /home/thomas24/hive_ws2/install/hive_interface2/share/hive_interface2/msg/LaneletMini2.msg
[0.467s] -- Up-to-date: /home/thomas24/hive_ws2/install/hive_interface2/share/hive_interface2/msg/LaneletMini2Array.msg
[0.467s] -- Up-to-date: /home/thomas24/hive_ws2/install/hive_interface2/share/hive_interface2/srv/ComputeRoute.srv
[0.467s] -- Up-to-date: /home/thomas24/hive_ws2/install/hive_interface2/share/ament_index/resource_index/package_run_dependencies/hive_interface2
[0.467s] -- Up-to-date: /home/thomas24/hive_ws2/install/hive_interface2/share/ament_index/resource_index/parent_prefix_path/hive_interface2
[0.467s] -- Up-to-date: /home/thomas24/hive_ws2/install/hive_interface2/share/hive_interface2/environment/ament_prefix_path.sh
[0.467s] -- Up-to-date: /home/thomas24/hive_ws2/install/hive_interface2/share/hive_interface2/environment/ament_prefix_path.dsv
[0.467s] -- Up-to-date: /home/thomas24/hive_ws2/install/hive_interface2/share/hive_interface2/environment/path.sh
[0.467s] -- Up-to-date: /home/thomas24/hive_ws2/install/hive_interface2/share/hive_interface2/environment/path.dsv
[0.467s] -- Up-to-date: /home/thomas24/hive_ws2/install/hive_interface2/share/hive_interface2/local_setup.bash
[0.467s] -- Up-to-date: /home/thomas24/hive_ws2/install/hive_interface2/share/hive_interface2/local_setup.sh
[0.467s] -- Up-to-date: /home/thomas24/hive_ws2/install/hive_interface2/share/hive_interface2/local_setup.zsh
[0.468s] -- Up-to-date: /home/thomas24/hive_ws2/install/hive_interface2/share/hive_interface2/local_setup.dsv
[0.468s] -- Installing: /home/thomas24/hive_ws2/install/hive_interface2/share/hive_interface2/package.dsv
[0.468s] -- Up-to-date: /home/thomas24/hive_ws2/install/hive_interface2/share/ament_index/resource_index/packages/hive_interface2
[0.468s] -- Up-to-date: /home/thomas24/hive_ws2/install/hive_interface2/share/hive_interface2/cmake/export_hive_interface2__rosidl_generator_cExport.cmake
[0.468s] -- Up-to-date: /home/thomas24/hive_ws2/install/hive_interface2/share/hive_interface2/cmake/export_hive_interface2__rosidl_generator_cExport-noconfig.cmake
[0.468s] -- Up-to-date: /home/thomas24/hive_ws2/install/hive_interface2/share/hive_interface2/cmake/export_hive_interface2__rosidl_typesupport_fastrtps_cExport.cmake
[0.469s] -- Up-to-date: /home/thomas24/hive_ws2/install/hive_interface2/share/hive_interface2/cmake/export_hive_interface2__rosidl_typesupport_fastrtps_cExport-noconfig.cmake
[0.469s] -- Up-to-date: /home/thomas24/hive_ws2/install/hive_interface2/share/hive_interface2/cmake/hive_interface2__rosidl_typesupport_introspection_cExport.cmake
[0.469s] -- Up-to-date: /home/thomas24/hive_ws2/install/hive_interface2/share/hive_interface2/cmake/hive_interface2__rosidl_typesupport_introspection_cExport-noconfig.cmake
[0.469s] -- Up-to-date: /home/thomas24/hive_ws2/install/hive_interface2/share/hive_interface2/cmake/hive_interface2__rosidl_typesupport_cExport.cmake
[0.469s] -- Up-to-date: /home/thomas24/hive_ws2/install/hive_interface2/share/hive_interface2/cmake/hive_interface2__rosidl_typesupport_cExport-noconfig.cmake
[0.469s] -- Up-to-date: /home/thomas24/hive_ws2/install/hive_interface2/share/hive_interface2/cmake/export_hive_interface2__rosidl_generator_cppExport.cmake
[0.469s] -- Up-to-date: /home/thomas24/hive_ws2/install/hive_interface2/share/hive_interface2/cmake/export_hive_interface2__rosidl_typesupport_fastrtps_cppExport.cmake
[0.469s] -- Up-to-date: /home/thomas24/hive_ws2/install/hive_interface2/share/hive_interface2/cmake/export_hive_interface2__rosidl_typesupport_fastrtps_cppExport-noconfig.cmake
[0.469s] -- Up-to-date: /home/thomas24/hive_ws2/install/hive_interface2/share/hive_interface2/cmake/hive_interface2__rosidl_typesupport_introspection_cppExport.cmake
[0.469s] -- Up-to-date: /home/thomas24/hive_ws2/install/hive_interface2/share/hive_interface2/cmake/hive_interface2__rosidl_typesupport_introspection_cppExport-noconfig.cmake
[0.469s] -- Up-to-date: /home/thomas24/hive_ws2/install/hive_interface2/share/hive_interface2/cmake/hive_interface2__rosidl_typesupport_cppExport.cmake
[0.469s] -- Up-to-date: /home/thomas24/hive_ws2/install/hive_interface2/share/hive_interface2/cmake/hive_interface2__rosidl_typesupport_cppExport-noconfig.cmake
[0.469s] -- Up-to-date: /home/thomas24/hive_ws2/install/hive_interface2/share/hive_interface2/cmake/export_hive_interface2__rosidl_generator_pyExport.cmake
[0.470s] -- Up-to-date: /home/thomas24/hive_ws2/install/hive_interface2/share/hive_interface2/cmake/export_hive_interface2__rosidl_generator_pyExport-noconfig.cmake
[0.470s] -- Up-to-date: /home/thomas24/hive_ws2/install/hive_interface2/share/hive_interface2/cmake/rosidl_cmake-extras.cmake
[0.470s] -- Up-to-date: /home/thomas24/hive_ws2/install/hive_interface2/share/hive_interface2/cmake/ament_cmake_export_dependencies-extras.cmake
[0.470s] -- Up-to-date: /home/thomas24/hive_ws2/install/hive_interface2/share/hive_interface2/cmake/ament_cmake_export_include_directories-extras.cmake
[0.470s] -- Up-to-date: /home/thomas24/hive_ws2/install/hive_interface2/share/hive_interface2/cmake/ament_cmake_export_libraries-extras.cmake
[0.470s] -- Up-to-date: /home/thomas24/hive_ws2/install/hive_interface2/share/hive_interface2/cmake/ament_cmake_export_targets-extras.cmake
[0.470s] -- Up-to-date: /home/thomas24/hive_ws2/install/hive_interface2/share/hive_interface2/cmake/rosidl_cmake_export_typesupport_targets-extras.cmake
[0.470s] -- Up-to-date: /home/thomas24/hive_ws2/install/hive_interface2/share/hive_interface2/cmake/rosidl_cmake_export_typesupport_libraries-extras.cmake
[0.470s] -- Up-to-date: /home/thomas24/hive_ws2/install/hive_interface2/share/hive_interface2/cmake/hive_interface2Config.cmake
[0.470s] -- Up-to-date: /home/thomas24/hive_ws2/install/hive_interface2/share/hive_interface2/cmake/hive_interface2Config-version.cmake
[0.470s] -- Up-to-date: /home/thomas24/hive_ws2/install/hive_interface2/share/hive_interface2/package.xml
[0.472s] Invoked command in '/home/thomas24/hive_ws2/build/hive_interface2' returned '0': CMAKE_PREFIX_PATH=${CMAKE_PREFIX_PATH}:/home/thomas24/hiveverse_ws/install/hive_tools:/home/thomas24/hiveverse_ws/install/hive_bringup:/opt/ros/jazzy DEBUGINFOD_URLS=https://debuginfod.ubuntu.com /usr/bin/cmake --install /home/thomas24/hive_ws2/build/hive_interface2
