[ 50%] [32mBuilding CXX object CMakeFiles/hive_route_planner_node.dir/src/hive_route_planner_node.cpp.o[0m
[100%] [32m[1mLinking CXX executable hive_route_planner_node[0m
[100%] Built target hive_route_planner_node
-- Install configuration: ""
-- Installing: /home/thomas24/hive_ws2/install/hive_route_planner/lib/hive_route_planner/hive_route_planner_node
-- Set non-toolchain portion of runtime path of "/home/thomas24/hive_ws2/install/hive_route_planner/lib/hive_route_planner/hive_route_planner_node" to ""
-- Up-to-date: /home/thomas24/hive_ws2/install/hive_route_planner/share/hive_route_planner/launch
-- Up-to-date: /home/thomas24/hive_ws2/install/hive_route_planner/share/hive_route_planner/launch/hive_route_planner.launch.py
-- Up-to-date: /home/thomas24/hive_ws2/install/hive_route_planner/share/ament_index/resource_index/package_run_dependencies/hive_route_planner
-- Up-to-date: /home/thomas24/hive_ws2/install/hive_route_planner/share/ament_index/resource_index/parent_prefix_path/hive_route_planner
-- Up-to-date: /home/thomas24/hive_ws2/install/hive_route_planner/share/hive_route_planner/environment/ament_prefix_path.sh
-- Up-to-date: /home/thomas24/hive_ws2/install/hive_route_planner/share/hive_route_planner/environment/ament_prefix_path.dsv
-- Up-to-date: /home/thomas24/hive_ws2/install/hive_route_planner/share/hive_route_planner/environment/path.sh
-- Up-to-date: /home/thomas24/hive_ws2/install/hive_route_planner/share/hive_route_planner/environment/path.dsv
-- Up-to-date: /home/thomas24/hive_ws2/install/hive_route_planner/share/hive_route_planner/local_setup.bash
-- Up-to-date: /home/thomas24/hive_ws2/install/hive_route_planner/share/hive_route_planner/local_setup.sh
-- Up-to-date: /home/thomas24/hive_ws2/install/hive_route_planner/share/hive_route_planner/local_setup.zsh
-- Up-to-date: /home/thomas24/hive_ws2/install/hive_route_planner/share/hive_route_planner/local_setup.dsv
-- Installing: /home/thomas24/hive_ws2/install/hive_route_planner/share/hive_route_planner/package.dsv
-- Up-to-date: /home/thomas24/hive_ws2/install/hive_route_planner/share/ament_index/resource_index/packages/hive_route_planner
-- Up-to-date: /home/thomas24/hive_ws2/install/hive_route_planner/share/hive_route_planner/cmake/hive_route_plannerConfig.cmake
-- Up-to-date: /home/thomas24/hive_ws2/install/hive_route_planner/share/hive_route_planner/cmake/hive_route_plannerConfig-version.cmake
-- Up-to-date: /home/thomas24/hive_ws2/install/hive_route_planner/share/hive_route_planner/package.xml
