[  3%] Built target gtest_main
[  7%] Built target mppi_trajectory_validators
[ 11%] Built target gtest
[ 25%] Built target mppi_controller
[ 29%] Built target optimizer_smoke_test
[ 33%] Built target critic_manager_test
[ 37%] Built target controller_state_transition_test
[ 40%] Built target parameter_handler_test
[ 44%] Built target models_test
[ 48%] Built target utils_test
[ 62%] Built target noise_generator_test
[ 74%] Built target mppi_critics
[ 77%] Built target optimizer_unit_tests
[ 81%] Built target path_handler_test
[ 85%] Built target trajectory_visualizer_tests
[ 88%] Built target motion_model_tests
[ 92%] Built target optimizer_benchmark
[ 96%] Built target controller_benchmark
[100%] Built target critics_tests
-- Install configuration: "Release"
-- Execute custom install script
-- Up-to-date symlink: /home/thomas24/hive_ws2/install/nav2_mppi_controller/include/nav2_mppi_controller/nav2_mppi_controller/controller.hpp
-- Up-to-date symlink: /home/thomas24/hive_ws2/install/nav2_mppi_controller/include/nav2_mppi_controller/nav2_mppi_controller/critic_data.hpp
-- Up-to-date symlink: /home/thomas24/hive_ws2/install/nav2_mppi_controller/include/nav2_mppi_controller/nav2_mppi_controller/critic_function.hpp
-- Up-to-date symlink: /home/thomas24/hive_ws2/install/nav2_mppi_controller/include/nav2_mppi_controller/nav2_mppi_controller/critic_manager.hpp
-- Up-to-date symlink: /home/thomas24/hive_ws2/install/nav2_mppi_controller/include/nav2_mppi_controller/nav2_mppi_controller/critics/constraint_critic.hpp
-- Up-to-date symlink: /home/thomas24/hive_ws2/install/nav2_mppi_controller/include/nav2_mppi_controller/nav2_mppi_controller/critics/cost_critic.hpp
-- Up-to-date symlink: /home/thomas24/hive_ws2/install/nav2_mppi_controller/include/nav2_mppi_controller/nav2_mppi_controller/critics/goal_angle_critic.hpp
-- Up-to-date symlink: /home/thomas24/hive_ws2/install/nav2_mppi_controller/include/nav2_mppi_controller/nav2_mppi_controller/critics/goal_critic.hpp
-- Up-to-date symlink: /home/thomas24/hive_ws2/install/nav2_mppi_controller/include/nav2_mppi_controller/nav2_mppi_controller/critics/obstacles_critic.hpp
-- Up-to-date symlink: /home/thomas24/hive_ws2/install/nav2_mppi_controller/include/nav2_mppi_controller/nav2_mppi_controller/critics/path_align_critic.hpp
-- Up-to-date symlink: /home/thomas24/hive_ws2/install/nav2_mppi_controller/include/nav2_mppi_controller/nav2_mppi_controller/critics/path_angle_critic.hpp
-- Up-to-date symlink: /home/thomas24/hive_ws2/install/nav2_mppi_controller/include/nav2_mppi_controller/nav2_mppi_controller/critics/path_follow_critic.hpp
-- Up-to-date symlink: /home/thomas24/hive_ws2/install/nav2_mppi_controller/include/nav2_mppi_controller/nav2_mppi_controller/critics/prefer_forward_critic.hpp
-- Up-to-date symlink: /home/thomas24/hive_ws2/install/nav2_mppi_controller/include/nav2_mppi_controller/nav2_mppi_controller/critics/twirling_critic.hpp
-- Up-to-date symlink: /home/thomas24/hive_ws2/install/nav2_mppi_controller/include/nav2_mppi_controller/nav2_mppi_controller/critics/velocity_deadband_critic.hpp
-- Up-to-date symlink: /home/thomas24/hive_ws2/install/nav2_mppi_controller/include/nav2_mppi_controller/nav2_mppi_controller/models/constraints.hpp
-- Up-to-date symlink: /home/thomas24/hive_ws2/install/nav2_mppi_controller/include/nav2_mppi_controller/nav2_mppi_controller/models/control_sequence.hpp
-- Up-to-date symlink: /home/thomas24/hive_ws2/install/nav2_mppi_controller/include/nav2_mppi_controller/nav2_mppi_controller/models/optimizer_settings.hpp
-- Up-to-date symlink: /home/thomas24/hive_ws2/install/nav2_mppi_controller/include/nav2_mppi_controller/nav2_mppi_controller/models/path.hpp
-- Up-to-date symlink: /home/thomas24/hive_ws2/install/nav2_mppi_controller/include/nav2_mppi_controller/nav2_mppi_controller/models/state.hpp
-- Up-to-date symlink: /home/thomas24/hive_ws2/install/nav2_mppi_controller/include/nav2_mppi_controller/nav2_mppi_controller/models/trajectories.hpp
-- Up-to-date symlink: /home/thomas24/hive_ws2/install/nav2_mppi_controller/include/nav2_mppi_controller/nav2_mppi_controller/motion_models.hpp
-- Up-to-date symlink: /home/thomas24/hive_ws2/install/nav2_mppi_controller/include/nav2_mppi_controller/nav2_mppi_controller/optimal_trajectory_validator.hpp
-- Up-to-date symlink: /home/thomas24/hive_ws2/install/nav2_mppi_controller/include/nav2_mppi_controller/nav2_mppi_controller/optimizer.hpp
-- Up-to-date symlink: /home/thomas24/hive_ws2/install/nav2_mppi_controller/include/nav2_mppi_controller/nav2_mppi_controller/tools/noise_generator.hpp
-- Up-to-date symlink: /home/thomas24/hive_ws2/install/nav2_mppi_controller/include/nav2_mppi_controller/nav2_mppi_controller/tools/parameters_handler.hpp
-- Up-to-date symlink: /home/thomas24/hive_ws2/install/nav2_mppi_controller/include/nav2_mppi_controller/nav2_mppi_controller/tools/path_handler.hpp
-- Up-to-date symlink: /home/thomas24/hive_ws2/install/nav2_mppi_controller/include/nav2_mppi_controller/nav2_mppi_controller/tools/trajectory_visualizer.hpp
-- Up-to-date symlink: /home/thomas24/hive_ws2/install/nav2_mppi_controller/include/nav2_mppi_controller/nav2_mppi_controller/tools/utils.hpp
-- Up-to-date symlink: /home/thomas24/hive_ws2/install/nav2_mppi_controller/share/nav2_mppi_controller//mppic.xml
-- Up-to-date symlink: /home/thomas24/hive_ws2/install/nav2_mppi_controller/share/nav2_mppi_controller//critics.xml
-- Up-to-date symlink: /home/thomas24/hive_ws2/install/nav2_mppi_controller/share/nav2_mppi_controller//trajectory_validators.xml
-- Up-to-date symlink: /home/thomas24/hive_ws2/install/nav2_mppi_controller/share/ament_index/resource_index/package_run_dependencies/nav2_mppi_controller
-- Up-to-date symlink: /home/thomas24/hive_ws2/install/nav2_mppi_controller/share/ament_index/resource_index/parent_prefix_path/nav2_mppi_controller
-- Up-to-date symlink: /home/thomas24/hive_ws2/install/nav2_mppi_controller/share/nav2_mppi_controller/environment/ament_prefix_path.sh
-- Up-to-date symlink: /home/thomas24/hive_ws2/install/nav2_mppi_controller/share/nav2_mppi_controller/environment/ament_prefix_path.dsv
-- Up-to-date symlink: /home/thomas24/hive_ws2/install/nav2_mppi_controller/share/nav2_mppi_controller/environment/path.sh
-- Up-to-date symlink: /home/thomas24/hive_ws2/install/nav2_mppi_controller/share/nav2_mppi_controller/environment/path.dsv
-- Up-to-date symlink: /home/thomas24/hive_ws2/install/nav2_mppi_controller/share/nav2_mppi_controller/local_setup.bash
-- Up-to-date symlink: /home/thomas24/hive_ws2/install/nav2_mppi_controller/share/nav2_mppi_controller/local_setup.sh
-- Up-to-date symlink: /home/thomas24/hive_ws2/install/nav2_mppi_controller/share/nav2_mppi_controller/local_setup.zsh
-- Up-to-date symlink: /home/thomas24/hive_ws2/install/nav2_mppi_controller/share/nav2_mppi_controller/local_setup.dsv
-- Symlinking: /home/thomas24/hive_ws2/install/nav2_mppi_controller/share/nav2_mppi_controller/package.dsv
-- Up-to-date symlink: /home/thomas24/hive_ws2/install/nav2_mppi_controller/share/ament_index/resource_index/packages/nav2_mppi_controller
-- Up-to-date symlink: /home/thomas24/hive_ws2/install/nav2_mppi_controller/share/ament_index/resource_index/nav2_core__pluginlib__plugin/nav2_mppi_controller
-- Up-to-date symlink: /home/thomas24/hive_ws2/install/nav2_mppi_controller/share/ament_index/resource_index/nav2_mppi_controller__pluginlib__plugin/nav2_mppi_controller
-- Up-to-date symlink: /home/thomas24/hive_ws2/install/nav2_mppi_controller/share/nav2_mppi_controller/cmake/ament_cmake_export_dependencies-extras.cmake
-- Up-to-date symlink: /home/thomas24/hive_ws2/install/nav2_mppi_controller/share/nav2_mppi_controller/cmake/ament_cmake_export_include_directories-extras.cmake
-- Up-to-date symlink: /home/thomas24/hive_ws2/install/nav2_mppi_controller/share/nav2_mppi_controller/cmake/ament_cmake_export_targets-extras.cmake
-- Up-to-date symlink: /home/thomas24/hive_ws2/install/nav2_mppi_controller/share/nav2_mppi_controller/cmake/nav2_mppi_controllerConfig.cmake
-- Up-to-date symlink: /home/thomas24/hive_ws2/install/nav2_mppi_controller/share/nav2_mppi_controller/cmake/nav2_mppi_controllerConfig-version.cmake
-- Up-to-date symlink: /home/thomas24/hive_ws2/install/nav2_mppi_controller/share/nav2_mppi_controller/package.xml
-- Up-to-date: /home/thomas24/hive_ws2/install/nav2_mppi_controller/lib/libmppi_controller.so
-- Up-to-date: /home/thomas24/hive_ws2/install/nav2_mppi_controller/lib/libmppi_critics.so
-- Up-to-date: /home/thomas24/hive_ws2/install/nav2_mppi_controller/lib/libmppi_trajectory_validators.so
-- Up-to-date: /home/thomas24/hive_ws2/install/nav2_mppi_controller/share/nav2_mppi_controller/cmake/nav2_mppi_controllerExport.cmake
-- Up-to-date: /home/thomas24/hive_ws2/install/nav2_mppi_controller/share/nav2_mppi_controller/cmake/nav2_mppi_controllerExport-release.cmake
