-- Found ament_cmake: 2.5.4 (/opt/ros/jazzy/share/ament_cmake/cmake)
-- Override CMake install command with custom implementation using symlinks instead of copying resources
-- Found AMD headers in: /usr/include/suitesparse
-- Found AMD library: /usr/lib/x86_64-linux-gnu/libamd.so
-- Found CAMD headers in: /usr/include/suitesparse
-- Found CAMD library: /usr/lib/x86_64-linux-gnu/libcamd.so
-- Found CCOLAMD headers in: /usr/include/suitesparse
-- Found CCOLAMD library: /usr/lib/x86_64-linux-gnu/libccolamd.so
-- Found CHOLMOD headers in: /usr/include/suitesparse
-- Found CHOLMOD library: /usr/lib/x86_64-linux-gnu/libcholmod.so
-- Found COLAMD headers in: /usr/include/suitesparse
-- Found COLAMD library: /usr/lib/x86_64-linux-gnu/libcolamd.so
-- Found SPQR headers in: /usr/include/suitesparse
-- Found SPQR library: /usr/lib/x86_64-linux-gnu/libspqr.so
-- Found Config headers in: /usr/include/suitesparse
-- Found Config library: /usr/lib/x86_64-linux-gnu/libsuitesparseconfig.so
-- Found Intel Thread Building Blocks (TBB) library (2021.11 / ) include location: . Assuming SuiteSparseQR was compiled with TBB.
-- Adding librt to SuiteSparse_config libraries (required on Linux & Unix [not OSX] if SuiteSparse is compiled with timing).
-- Could NOT find METIS (missing: METIS_INCLUDE_DIR METIS_LIBRARY) 
-- Found required Ceres dependency: Eigen version 3.4.0 in /usr/share/eigen3/cmake
-- Found required Ceres dependency: glog
-- Found required Ceres dependency: gflags
-- Found Ceres version: 2.2.0 installed in: /usr with components: [EigenSparse, SparseLinearAlgebraLibrary, LAPACK, SuiteSparse, SchurSpecializations]
-- Found geometry_msgs: 5.3.6 (/opt/ros/jazzy/share/geometry_msgs/cmake)
-- Found rosidl_generator_c: 4.6.6 (/opt/ros/jazzy/share/rosidl_generator_c/cmake)
-- Found rosidl_generator_cpp: 4.6.6 (/opt/ros/jazzy/share/rosidl_generator_cpp/cmake)
-- Using all available rosidl_typesupport_c: rosidl_typesupport_fastrtps_c;rosidl_typesupport_introspection_c
-- Using all available rosidl_typesupport_cpp: rosidl_typesupport_fastrtps_cpp;rosidl_typesupport_introspection_cpp
-- Found nav2_core: 1.4.0 (/home/thomas24/hive_ws2/install/nav2_core/share/nav2_core/cmake)
-- Found rmw_implementation_cmake: 7.3.2 (/opt/ros/jazzy/share/rmw_implementation_cmake/cmake)
-- Found rmw_fastrtps_cpp: 8.4.3 (/opt/ros/jazzy/share/rmw_fastrtps_cpp/cmake)
-- Using RMW implementation 'rmw_fastrtps_cpp' as default
-- Found eigen3_cmake_module: 0.3.0 (/opt/ros/jazzy/share/eigen3_cmake_module/cmake)
-- Ensuring Eigen3 include directory is part of orocos-kdl CMake target
-- Found ament_lint_auto: 0.17.3 (/opt/ros/jazzy/share/ament_lint_auto/cmake)
-- Found gtest sources under '/opt/ros/jazzy/src/gtest_vendor': C++ tests using 'Google Test' will be built
-- Added test 'cppcheck' to perform static code analysis on C / C++ code
-- Configured cppcheck include dirs: $<BUILD_INTERFACE:/home/thomas24/hive_ws2/src/navigation2/nav2_constrained_smoother/include>
-- Configured cppcheck exclude dirs and/or files: 
-- Added test 'cpplint' to check C / C++ code against the Google style
-- Configured cpplint exclude dirs and/or files: 
-- Added test 'lint_cmake' to check CMake code style
-- Added test 'uncrustify' to check C / C++ code style
-- Configured uncrustify additional arguments: 
-- Added test 'xmllint' to check XML markup files
-- Configuring done (2.0s)
-- Generating done (0.0s)
-- Build files have been written to: /home/thomas24/hive_ws2/build/nav2_constrained_smoother
[ 20%] Built target gtest
[ 40%] Built target gtest_main
[ 60%] Built target nav2_constrained_smoother
[ 80%] Built target test_smoother_cost_function
[100%] Built target test_constrained_smoother
-- Install configuration: "Release"
-- Execute custom install script
-- Up-to-date symlink: /home/thomas24/hive_ws2/install/nav2_constrained_smoother/include/nav2_constrained_smoother/nav2_constrained_smoother/constrained_smoother.hpp
-- Up-to-date symlink: /home/thomas24/hive_ws2/install/nav2_constrained_smoother/include/nav2_constrained_smoother/nav2_constrained_smoother/options.hpp
-- Up-to-date symlink: /home/thomas24/hive_ws2/install/nav2_constrained_smoother/include/nav2_constrained_smoother/nav2_constrained_smoother/smoother.hpp
-- Up-to-date symlink: /home/thomas24/hive_ws2/install/nav2_constrained_smoother/include/nav2_constrained_smoother/nav2_constrained_smoother/smoother_cost_function.hpp
-- Up-to-date symlink: /home/thomas24/hive_ws2/install/nav2_constrained_smoother/include/nav2_constrained_smoother/nav2_constrained_smoother/utils.hpp
-- Up-to-date symlink: /home/thomas24/hive_ws2/install/nav2_constrained_smoother/share/nav2_constrained_smoother/environment/library_path.sh
-- Up-to-date symlink: /home/thomas24/hive_ws2/install/nav2_constrained_smoother/share/nav2_constrained_smoother/environment/library_path.dsv
-- Up-to-date symlink: /home/thomas24/hive_ws2/install/nav2_constrained_smoother/share/nav2_constrained_smoother//nav2_constrained_smoother.xml
-- Up-to-date symlink: /home/thomas24/hive_ws2/install/nav2_constrained_smoother/share/ament_index/resource_index/package_run_dependencies/nav2_constrained_smoother
-- Up-to-date symlink: /home/thomas24/hive_ws2/install/nav2_constrained_smoother/share/ament_index/resource_index/parent_prefix_path/nav2_constrained_smoother
-- Up-to-date symlink: /home/thomas24/hive_ws2/install/nav2_constrained_smoother/share/nav2_constrained_smoother/environment/ament_prefix_path.sh
-- Up-to-date symlink: /home/thomas24/hive_ws2/install/nav2_constrained_smoother/share/nav2_constrained_smoother/environment/ament_prefix_path.dsv
-- Up-to-date symlink: /home/thomas24/hive_ws2/install/nav2_constrained_smoother/share/nav2_constrained_smoother/environment/path.sh
-- Up-to-date symlink: /home/thomas24/hive_ws2/install/nav2_constrained_smoother/share/nav2_constrained_smoother/environment/path.dsv
-- Up-to-date symlink: /home/thomas24/hive_ws2/install/nav2_constrained_smoother/share/nav2_constrained_smoother/local_setup.bash
-- Up-to-date symlink: /home/thomas24/hive_ws2/install/nav2_constrained_smoother/share/nav2_constrained_smoother/local_setup.sh
-- Up-to-date symlink: /home/thomas24/hive_ws2/install/nav2_constrained_smoother/share/nav2_constrained_smoother/local_setup.zsh
-- Up-to-date symlink: /home/thomas24/hive_ws2/install/nav2_constrained_smoother/share/nav2_constrained_smoother/local_setup.dsv
-- Symlinking: /home/thomas24/hive_ws2/install/nav2_constrained_smoother/share/nav2_constrained_smoother/package.dsv
-- Up-to-date symlink: /home/thomas24/hive_ws2/install/nav2_constrained_smoother/share/ament_index/resource_index/packages/nav2_constrained_smoother
-- Up-to-date symlink: /home/thomas24/hive_ws2/install/nav2_constrained_smoother/share/ament_index/resource_index/nav2_core__pluginlib__plugin/nav2_constrained_smoother
-- Up-to-date symlink: /home/thomas24/hive_ws2/install/nav2_constrained_smoother/share/nav2_constrained_smoother/cmake/ament_cmake_export_include_directories-extras.cmake
-- Up-to-date symlink: /home/thomas24/hive_ws2/install/nav2_constrained_smoother/share/nav2_constrained_smoother/cmake/ament_cmake_export_libraries-extras.cmake
-- Up-to-date symlink: /home/thomas24/hive_ws2/install/nav2_constrained_smoother/share/nav2_constrained_smoother/cmake/ament_cmake_export_dependencies-extras.cmake
-- Up-to-date symlink: /home/thomas24/hive_ws2/install/nav2_constrained_smoother/share/nav2_constrained_smoother/cmake/ament_cmake_export_targets-extras.cmake
-- Up-to-date symlink: /home/thomas24/hive_ws2/install/nav2_constrained_smoother/share/nav2_constrained_smoother/cmake/nav2_constrained_smootherConfig.cmake
-- Up-to-date symlink: /home/thomas24/hive_ws2/install/nav2_constrained_smoother/share/nav2_constrained_smoother/cmake/nav2_constrained_smootherConfig-version.cmake
-- Up-to-date symlink: /home/thomas24/hive_ws2/install/nav2_constrained_smoother/share/nav2_constrained_smoother/package.xml
-- Up-to-date: /home/thomas24/hive_ws2/install/nav2_constrained_smoother/lib/libnav2_constrained_smoother.so
-- Up-to-date: /home/thomas24/hive_ws2/install/nav2_constrained_smoother/share/nav2_constrained_smoother/cmake/nav2_constrained_smootherExport.cmake
-- Up-to-date: /home/thomas24/hive_ws2/install/nav2_constrained_smoother/share/nav2_constrained_smoother/cmake/nav2_constrained_smootherExport-release.cmake
