-- Found ament_cmake: 2.5.4 (/opt/ros/jazzy/share/ament_cmake/cmake)
-- Override CMake install command with custom implementation using symlinks instead of copying resources
-- Found angles: 1.16.0 (/opt/ros/jazzy/share/angles/cmake)
-- Found geometry_msgs: 5.3.6 (/opt/ros/jazzy/share/geometry_msgs/cmake)
-- Found rosidl_generator_c: 4.6.6 (/opt/ros/jazzy/share/rosidl_generator_c/cmake)
-- Found rosidl_generator_cpp: 4.6.6 (/opt/ros/jazzy/share/rosidl_generator_cpp/cmake)
-- Using all available rosidl_typesupport_c: rosidl_typesupport_fastrtps_c;rosidl_typesupport_introspection_c
-- Using all available rosidl_typesupport_cpp: rosidl_typesupport_fastrtps_cpp;rosidl_typesupport_introspection_cpp
-- Found laser_geometry: 2.7.1 (/opt/ros/jazzy/share/laser_geometry/cmake)
-- Found map_msgs: 2.4.1 (/opt/ros/jazzy/share/map_msgs/cmake)
-- Found message_filters: 4.11.7 (/opt/ros/jazzy/share/message_filters/cmake)
-- Found rmw_implementation_cmake: 7.3.2 (/opt/ros/jazzy/share/rmw_implementation_cmake/cmake)
-- Found rmw_fastrtps_cpp: 8.4.3 (/opt/ros/jazzy/share/rmw_fastrtps_cpp/cmake)
-- Using RMW implementation 'rmw_fastrtps_cpp' as default
-- Found nav2_common: 1.4.0 (/home/thomas24/hive_ws2/install/nav2_common/share/nav2_common/cmake)
-- Found nav2_msgs: 1.4.0 (/home/thomas24/hive_ws2/install/nav2_msgs/share/nav2_msgs/cmake)
-- Found nav2_util: 1.4.0 (/home/thomas24/hive_ws2/install/nav2_util/share/nav2_util/cmake)
-- Found eigen3_cmake_module: 0.3.0 (/opt/ros/jazzy/share/eigen3_cmake_module/cmake)
-- Ensuring Eigen3 include directory is part of orocos-kdl CMake target
-- Found nav2_voxel_grid: 1.4.0 (/home/thomas24/hive_ws2/install/nav2_voxel_grid/share/nav2_voxel_grid/cmake)
-- Found std_srvs: 5.3.6 (/opt/ros/jazzy/share/std_srvs/cmake)
-- Found tf2_sensor_msgs: 0.36.14 (/opt/ros/jazzy/share/tf2_sensor_msgs/cmake)
-- Found visualization_msgs: 5.3.6 (/opt/ros/jazzy/share/visualization_msgs/cmake)
-- Found point_cloud_transport: 4.0.4 (/opt/ros/jazzy/share/point_cloud_transport/cmake)
-- Found ament_lint_auto: 0.17.3 (/opt/ros/jazzy/share/ament_lint_auto/cmake)
-- Found gtest sources under '/opt/ros/jazzy/src/gtest_vendor': C++ tests using 'Google Test' will be built
-- Added test 'cppcheck' to perform static code analysis on C / C++ code
-- Configured cppcheck include dirs: $<BUILD_INTERFACE:/home/thomas24/hive_ws2/src/navigation2/nav2_costmap_2d/include>
-- Configured cppcheck exclude dirs and/or files: 
-- Added test 'flake8' to check Python code syntax and style conventions
-- Configured 'flake8' exclude dirs and/or files: 
-- Added test 'lint_cmake' to check CMake code style
-- Added test 'pep257' to check Python code against some of the docstring style conventions in PEP 257
-- Added test 'uncrustify' to check C / C++ code style
-- Configured uncrustify additional arguments: 
-- Added test 'xmllint' to check XML markup files
-- Configuring done (1.0s)
-- Generating done (0.3s)
-- Build files have been written to: /home/thomas24/hive_ws2/build/nav2_costmap_2d
[  2%] Built target gtest
[  4%] Built target gtest_main
[  6%] Built target nav2_costmap_2d_markers
[  8%] Built target nav2_costmap_2d_cloud
[ 23%] Built target nav2_costmap_2d_core
[ 25%] Built target nav2_costmap_2d
[ 30%] Built target filters
[ 32%] Built target costmap_cost_service_test
[ 34%] Built target coordinate_transform_test
[ 36%] Built target costmap_conversion_test
[ 38%] Built target lifecycle_test
[ 41%] Built target declare_parameter_test
[ 43%] Built target copy_window_test
[ 47%] Built target dyn_params_tests
[ 47%] Built target collision_footprint_test
[ 50%] Built target order_layer
[ 53%] Built target plugin_api_order
[ 55%] Built target costmap_filter_service_test
[ 57%] Built target costmap_filter_test
[ 61%] Built target nav2_costmap_2d_client
[ 71%] Built target layers
[ 73%] Built target speed_filter_test
[ 75%] Built target keepout_filter_test
[ 77%] Built target binary_filter_test
[ 80%] Built target test_costmap_subscriber_exec
[ 82%] Built target footprint_tests_exec
[ 86%] Built target denoise_layer_test
[ 88%] Built target inflation_tests_exec
[ 91%] Built target obstacle_tests_exec
[ 93%] Built target test_collision_checker_exec
[ 95%] Built target plugin_container_tests_exec
[ 97%] Built target test_costmap_publisher_exec
[100%] Built target range_tests_exec
-- Install configuration: "Release"
-- Execute custom install script
-- Up-to-date symlink: /home/thomas24/hive_ws2/install/nav2_costmap_2d/lib/nav2_costmap_2d/nav2_costmap_2d_markers
-- Up-to-date symlink: /home/thomas24/hive_ws2/install/nav2_costmap_2d/lib/nav2_costmap_2d/nav2_costmap_2d_cloud
-- Up-to-date symlink: /home/thomas24/hive_ws2/install/nav2_costmap_2d/lib/nav2_costmap_2d/nav2_costmap_2d
-- Up-to-date symlink: /home/thomas24/hive_ws2/install/nav2_costmap_2d/share/nav2_costmap_2d/costmap_plugins.xml
-- Up-to-date symlink: /home/thomas24/hive_ws2/install/nav2_costmap_2d/include/nav2_costmap_2d/nav2_costmap_2d/clear_costmap_service.hpp
-- Up-to-date symlink: /home/thomas24/hive_ws2/install/nav2_costmap_2d/include/nav2_costmap_2d/nav2_costmap_2d/cost_values.hpp
-- Up-to-date symlink: /home/thomas24/hive_ws2/install/nav2_costmap_2d/include/nav2_costmap_2d/nav2_costmap_2d/costmap_2d.hpp
-- Up-to-date symlink: /home/thomas24/hive_ws2/install/nav2_costmap_2d/include/nav2_costmap_2d/nav2_costmap_2d/costmap_2d_publisher.hpp
-- Up-to-date symlink: /home/thomas24/hive_ws2/install/nav2_costmap_2d/include/nav2_costmap_2d/nav2_costmap_2d/costmap_2d_ros.hpp
-- Up-to-date symlink: /home/thomas24/hive_ws2/install/nav2_costmap_2d/include/nav2_costmap_2d/nav2_costmap_2d/costmap_filters/binary_filter.hpp
-- Up-to-date symlink: /home/thomas24/hive_ws2/install/nav2_costmap_2d/include/nav2_costmap_2d/nav2_costmap_2d/costmap_filters/costmap_filter.hpp
-- Up-to-date symlink: /home/thomas24/hive_ws2/install/nav2_costmap_2d/include/nav2_costmap_2d/nav2_costmap_2d/costmap_filters/filter_values.hpp
-- Up-to-date symlink: /home/thomas24/hive_ws2/install/nav2_costmap_2d/include/nav2_costmap_2d/nav2_costmap_2d/costmap_filters/keepout_filter.hpp
-- Up-to-date symlink: /home/thomas24/hive_ws2/install/nav2_costmap_2d/include/nav2_costmap_2d/nav2_costmap_2d/costmap_filters/speed_filter.hpp
-- Up-to-date symlink: /home/thomas24/hive_ws2/install/nav2_costmap_2d/include/nav2_costmap_2d/nav2_costmap_2d/costmap_layer.hpp
-- Up-to-date symlink: /home/thomas24/hive_ws2/install/nav2_costmap_2d/include/nav2_costmap_2d/nav2_costmap_2d/costmap_math.hpp
-- Up-to-date symlink: /home/thomas24/hive_ws2/install/nav2_costmap_2d/include/nav2_costmap_2d/nav2_costmap_2d/costmap_subscriber.hpp
-- Up-to-date symlink: /home/thomas24/hive_ws2/install/nav2_costmap_2d/include/nav2_costmap_2d/nav2_costmap_2d/costmap_topic_collision_checker.hpp
-- Up-to-date symlink: /home/thomas24/hive_ws2/install/nav2_costmap_2d/include/nav2_costmap_2d/nav2_costmap_2d/denoise/image.hpp
-- Up-to-date symlink: /home/thomas24/hive_ws2/install/nav2_costmap_2d/include/nav2_costmap_2d/nav2_costmap_2d/denoise/image_processing.hpp
-- Up-to-date symlink: /home/thomas24/hive_ws2/install/nav2_costmap_2d/include/nav2_costmap_2d/nav2_costmap_2d/denoise_layer.hpp
-- Up-to-date symlink: /home/thomas24/hive_ws2/install/nav2_costmap_2d/include/nav2_costmap_2d/nav2_costmap_2d/exceptions.hpp
-- Up-to-date symlink: /home/thomas24/hive_ws2/install/nav2_costmap_2d/include/nav2_costmap_2d/nav2_costmap_2d/footprint.hpp
-- Up-to-date symlink: /home/thomas24/hive_ws2/install/nav2_costmap_2d/include/nav2_costmap_2d/nav2_costmap_2d/footprint_collision_checker.hpp
-- Up-to-date symlink: /home/thomas24/hive_ws2/install/nav2_costmap_2d/include/nav2_costmap_2d/nav2_costmap_2d/footprint_subscriber.hpp
-- Up-to-date symlink: /home/thomas24/hive_ws2/install/nav2_costmap_2d/include/nav2_costmap_2d/nav2_costmap_2d/inflation_layer.hpp
-- Up-to-date symlink: /home/thomas24/hive_ws2/install/nav2_costmap_2d/include/nav2_costmap_2d/nav2_costmap_2d/layer.hpp
-- Up-to-date symlink: /home/thomas24/hive_ws2/install/nav2_costmap_2d/include/nav2_costmap_2d/nav2_costmap_2d/layered_costmap.hpp
-- Up-to-date symlink: /home/thomas24/hive_ws2/install/nav2_costmap_2d/include/nav2_costmap_2d/nav2_costmap_2d/observation.hpp
-- Up-to-date symlink: /home/thomas24/hive_ws2/install/nav2_costmap_2d/include/nav2_costmap_2d/nav2_costmap_2d/observation_buffer.hpp
-- Up-to-date symlink: /home/thomas24/hive_ws2/install/nav2_costmap_2d/include/nav2_costmap_2d/nav2_costmap_2d/obstacle_layer.hpp
-- Up-to-date symlink: /home/thomas24/hive_ws2/install/nav2_costmap_2d/include/nav2_costmap_2d/nav2_costmap_2d/plugin_container_layer.hpp
-- Up-to-date symlink: /home/thomas24/hive_ws2/install/nav2_costmap_2d/include/nav2_costmap_2d/nav2_costmap_2d/range_sensor_layer.hpp
-- Up-to-date symlink: /home/thomas24/hive_ws2/install/nav2_costmap_2d/include/nav2_costmap_2d/nav2_costmap_2d/static_layer.hpp
-- Up-to-date symlink: /home/thomas24/hive_ws2/install/nav2_costmap_2d/include/nav2_costmap_2d/nav2_costmap_2d/voxel_layer.hpp
-- Up-to-date symlink: /home/thomas24/hive_ws2/install/nav2_costmap_2d/lib/liborder_layer.so
-- Up-to-date symlink: /home/thomas24/hive_ws2/install/nav2_costmap_2d/share/nav2_costmap_2d/test/regression/order_layer.xml
-- Up-to-date symlink: /home/thomas24/hive_ws2/install/nav2_costmap_2d/share/nav2_costmap_2d/environment/library_path.sh
-- Up-to-date symlink: /home/thomas24/hive_ws2/install/nav2_costmap_2d/share/nav2_costmap_2d/environment/library_path.dsv
-- Up-to-date symlink: /home/thomas24/hive_ws2/install/nav2_costmap_2d/share/nav2_costmap_2d//costmap_plugins.xml
-- Up-to-date symlink: /home/thomas24/hive_ws2/install/nav2_costmap_2d/share/ament_index/resource_index/package_run_dependencies/nav2_costmap_2d
-- Up-to-date symlink: /home/thomas24/hive_ws2/install/nav2_costmap_2d/share/ament_index/resource_index/parent_prefix_path/nav2_costmap_2d
-- Up-to-date symlink: /home/thomas24/hive_ws2/install/nav2_costmap_2d/share/nav2_costmap_2d/environment/ament_prefix_path.sh
-- Up-to-date symlink: /home/thomas24/hive_ws2/install/nav2_costmap_2d/share/nav2_costmap_2d/environment/ament_prefix_path.dsv
-- Up-to-date symlink: /home/thomas24/hive_ws2/install/nav2_costmap_2d/share/nav2_costmap_2d/environment/path.sh
-- Up-to-date symlink: /home/thomas24/hive_ws2/install/nav2_costmap_2d/share/nav2_costmap_2d/environment/path.dsv
-- Up-to-date symlink: /home/thomas24/hive_ws2/install/nav2_costmap_2d/share/nav2_costmap_2d/local_setup.bash
-- Up-to-date symlink: /home/thomas24/hive_ws2/install/nav2_costmap_2d/share/nav2_costmap_2d/local_setup.sh
-- Up-to-date symlink: /home/thomas24/hive_ws2/install/nav2_costmap_2d/share/nav2_costmap_2d/local_setup.zsh
-- Up-to-date symlink: /home/thomas24/hive_ws2/install/nav2_costmap_2d/share/nav2_costmap_2d/local_setup.dsv
-- Symlinking: /home/thomas24/hive_ws2/install/nav2_costmap_2d/share/nav2_costmap_2d/package.dsv
-- Up-to-date symlink: /home/thomas24/hive_ws2/install/nav2_costmap_2d/share/ament_index/resource_index/packages/nav2_costmap_2d
-- Up-to-date symlink: /home/thomas24/hive_ws2/install/nav2_costmap_2d/share/ament_index/resource_index/nav2_costmap_2d__pluginlib__plugin/nav2_costmap_2d
-- Up-to-date symlink: /home/thomas24/hive_ws2/install/nav2_costmap_2d/share/nav2_costmap_2d/cmake/ament_cmake_export_include_directories-extras.cmake
-- Up-to-date symlink: /home/thomas24/hive_ws2/install/nav2_costmap_2d/share/nav2_costmap_2d/cmake/ament_cmake_export_libraries-extras.cmake
-- Up-to-date symlink: /home/thomas24/hive_ws2/install/nav2_costmap_2d/share/nav2_costmap_2d/cmake/ament_cmake_export_targets-extras.cmake
-- Up-to-date symlink: /home/thomas24/hive_ws2/install/nav2_costmap_2d/share/nav2_costmap_2d/cmake/ament_cmake_export_dependencies-extras.cmake
-- Up-to-date symlink: /home/thomas24/hive_ws2/install/nav2_costmap_2d/share/nav2_costmap_2d/cmake/nav2_costmap_2dConfig.cmake
-- Up-to-date symlink: /home/thomas24/hive_ws2/install/nav2_costmap_2d/share/nav2_costmap_2d/cmake/nav2_costmap_2dConfig-version.cmake
-- Up-to-date symlink: /home/thomas24/hive_ws2/install/nav2_costmap_2d/share/nav2_costmap_2d/package.xml
-- Up-to-date: /home/thomas24/hive_ws2/install/nav2_costmap_2d/lib/liblayers.so
-- Up-to-date: /home/thomas24/hive_ws2/install/nav2_costmap_2d/lib/libfilters.so
-- Up-to-date: /home/thomas24/hive_ws2/install/nav2_costmap_2d/lib/libnav2_costmap_2d_core.so
-- Up-to-date: /home/thomas24/hive_ws2/install/nav2_costmap_2d/lib/libnav2_costmap_2d_client.so
-- Up-to-date: /home/thomas24/hive_ws2/install/nav2_costmap_2d/share/nav2_costmap_2d/cmake/export_nav2_costmap_2dExport.cmake
-- Up-to-date: /home/thomas24/hive_ws2/install/nav2_costmap_2d/share/nav2_costmap_2d/cmake/export_nav2_costmap_2dExport-release.cmake
