[0.016s] Invoking command in '/home/thomas24/hive_ws2/build/hive_interface2': CMAKE_PREFIX_PATH=/home/thomas24/hive_ws2/install/nav2_bringup:/home/thomas24/hive_ws2/install/navigation2:/home/thomas24/hive_ws2/install/opennav_docking:/home/thomas24/hive_ws2/install/opennav_docking_core:/home/thomas24/hive_ws2/install/opennav_docking_bt:/home/thomas24/hive_ws2/install/nav2_dwb_controller:/home/thomas24/hive_ws2/install/dwb_plugins:/home/thomas24/hive_ws2/install/dwb_critics:/home/thomas24/hive_ws2/install/dwb_core:/home/thomas24/hive_ws2/install/nav_2d_utils:/home/thomas24/hive_ws2/install/dwb_msgs:/home/thomas24/hive_ws2/install/nav_2d_msgs:/home/thomas24/hive_ws2/install/nav2_waypoint_follower:/home/thomas24/hive_ws2/install/nav2_theta_star_planner:/home/thomas24/hive_ws2/install/nav2_smoother:/home/thomas24/hive_ws2/install/nav2_smac_planner:/home/thomas24/hive_ws2/install/nav2_rviz_plugins:/home/thomas24/hive_ws2/install/nav2_route:/home/thomas24/hive_ws2/install/nav2_rotation_shim_controller:/home/thomas24/hive_ws2/install/nav2_regulated_pure_pursuit_controller:/home/thomas24/hive_ws2/install/hive_nav_brain:/home/thomas24/hive_ws2/install/nav2_planner:/home/thomas24/hive_ws2/install/nav2_navfn_planner:/home/thomas24/hive_ws2/install/nav2_mppi_controller:/home/thomas24/hive_ws2/install/nav2_graceful_controller:/home/thomas24/hive_ws2/install/nav2_controller:/home/thomas24/hive_ws2/install/nav2_constrained_smoother:/home/thomas24/hive_ws2/install/nav2_bt_navigator:/home/thomas24/hive_ws2/install/nav2_behaviors:/home/thomas24/hive_ws2/install/nav2_core:/home/thomas24/hive_ws2/install/nav2_collision_monitor:/home/thomas24/hive_ws2/install/hive_costmap:/home/thomas24/hive_ws2/install/costmap_queue:/home/thomas24/hive_ws2/install/nav2_costmap_2d:/home/thomas24/hive_ws2/install/nav2_voxel_grid:/home/thomas24/hive_ws2/install/nav2_velocity_smoother:/home/thomas24/hive_ws2/install/nav2_map_server:/home/thomas24/hive_ws2/install/nav2_lifecycle_manager:/home/thomas24/hive_ws2/install/nav2_behavior_tree:/home/thomas24/hive_ws2/install/nav2_amcl:/home/thomas24/hive_ws2/install/nav2_util:/home/thomas24/hive_ws2/install/nav2_system_tests:/home/thomas24/hive_ws2/install/nav2_ros_common:/home/thomas24/hive_ws2/install/nav2_msgs:/home/thomas24/hive_ws2/install/nav2_common:/home/thomas24/hive_ws2/install/vanilla_brain_nav2:/home/thomas24/hive_ws2/install/nav2_loopback_sim:/home/thomas24/hive_ws2/install/nav2_simple_commander:/home/thomas24/hiveverse_ws/install/hive_tools:/home/thomas24/hiveverse_ws/install/hive_bringup:/opt/ros/jazzy:/home/thomas24/hive_ws2/install/hive_route_planner:/home/thomas24/hive_ws2/install/dev_route_provider:/home/thomas24/hive_ws2/install/hive_interface2:/home/thomas24/hiveverse_ws/install/hive_simulation:/home/thomas24/hiveverse_ws/install/hive_robot_description:/opt/ros/jazzy/opt/gz_sim_vendor:/opt/ros/jazzy/opt/gz_sensors_vendor:/opt/ros/jazzy/opt/gz_physics_vendor:/opt/ros/jazzy/opt/sdformat_vendor:/opt/ros/jazzy/opt/gz_gui_vendor:/opt/ros/jazzy/opt/gz_transport_vendor:/opt/ros/jazzy/opt/gz_rendering_vendor:/opt/ros/jazzy/opt/gz_plugin_vendor:/opt/ros/jazzy/opt/gz_fuel_tools_vendor:/opt/ros/jazzy/opt/gz_msgs_vendor:/opt/ros/jazzy/opt/gz_common_vendor:/opt/ros/jazzy/opt/gz_math_vendor:/opt/ros/jazzy/opt/gz_utils_vendor:/opt/ros/jazzy/opt/gz_tools_vendor:/opt/ros/jazzy/opt/gz_ogre_next_vendor:/opt/ros/jazzy/opt/gz_dartsim_vendor:/opt/ros/jazzy/opt/gz_cmake_vendor DEBUGINFOD_URLS=https://debuginfod.ubuntu.com /usr/bin/cmake --build /home/thomas24/hive_ws2/build/hive_interface2 -- -j16 -l16
[0.083s] [  1%] Built target hive_interface2__rosidl_generator_type_description
[0.099s] [  1%] Built target ament_cmake_python_copy_hive_interface2
[0.112s] [  1%] Built target hive_interface2__cpp
[0.122s] [ 26%] Built target hive_interface2__rosidl_generator_c
[0.176s] [ 36%] Built target hive_interface2__rosidl_typesupport_fastrtps_cpp
[0.179s] [ 51%] Built target hive_interface2__rosidl_typesupport_fastrtps_c
[0.180s] [ 60%] Built target hive_interface2__rosidl_typesupport_cpp
[0.182s] [ 68%] Built target hive_interface2__rosidl_typesupport_introspection_c
[0.182s] [ 81%] Built target hive_interface2__rosidl_typesupport_introspection_cpp
[0.182s] [ 84%] Built target hive_interface2__rosidl_typesupport_c
[0.218s] [ 84%] Built target hive_interface2
[0.254s] [ 85%] Built target hive_interface2__py
[0.299s] [ 94%] Built target hive_interface2__rosidl_generator_py
[0.337s] running egg_info
[0.340s] [ 98%] Built target hive_interface2_s__rosidl_typesupport_introspection_c
[0.340s] [ 98%] Built target hive_interface2_s__rosidl_typesupport_c
[0.340s] [100%] Built target hive_interface2_s__rosidl_typesupport_fastrtps_c
[0.357s] writing hive_interface2.egg-info/PKG-INFO
[0.357s] writing dependency_links to hive_interface2.egg-info/dependency_links.txt
[0.357s] writing top-level names to hive_interface2.egg-info/top_level.txt
[0.417s] reading manifest file 'hive_interface2.egg-info/SOURCES.txt'
[0.418s] writing manifest file 'hive_interface2.egg-info/SOURCES.txt'
[0.482s] [100%] Built target ament_cmake_python_build_hive_interface2_egg
[0.502s] Invoked command in '/home/thomas24/hive_ws2/build/hive_interface2' returned '0': CMAKE_PREFIX_PATH=/home/thomas24/hive_ws2/install/nav2_bringup:/home/thomas24/hive_ws2/install/navigation2:/home/thomas24/hive_ws2/install/opennav_docking:/home/thomas24/hive_ws2/install/opennav_docking_core:/home/thomas24/hive_ws2/install/opennav_docking_bt:/home/thomas24/hive_ws2/install/nav2_dwb_controller:/home/thomas24/hive_ws2/install/dwb_plugins:/home/thomas24/hive_ws2/install/dwb_critics:/home/thomas24/hive_ws2/install/dwb_core:/home/thomas24/hive_ws2/install/nav_2d_utils:/home/thomas24/hive_ws2/install/dwb_msgs:/home/thomas24/hive_ws2/install/nav_2d_msgs:/home/thomas24/hive_ws2/install/nav2_waypoint_follower:/home/thomas24/hive_ws2/install/nav2_theta_star_planner:/home/thomas24/hive_ws2/install/nav2_smoother:/home/thomas24/hive_ws2/install/nav2_smac_planner:/home/thomas24/hive_ws2/install/nav2_rviz_plugins:/home/thomas24/hive_ws2/install/nav2_route:/home/thomas24/hive_ws2/install/nav2_rotation_shim_controller:/home/thomas24/hive_ws2/install/nav2_regulated_pure_pursuit_controller:/home/thomas24/hive_ws2/install/hive_nav_brain:/home/thomas24/hive_ws2/install/nav2_planner:/home/thomas24/hive_ws2/install/nav2_navfn_planner:/home/thomas24/hive_ws2/install/nav2_mppi_controller:/home/thomas24/hive_ws2/install/nav2_graceful_controller:/home/thomas24/hive_ws2/install/nav2_controller:/home/thomas24/hive_ws2/install/nav2_constrained_smoother:/home/thomas24/hive_ws2/install/nav2_bt_navigator:/home/thomas24/hive_ws2/install/nav2_behaviors:/home/thomas24/hive_ws2/install/nav2_core:/home/thomas24/hive_ws2/install/nav2_collision_monitor:/home/thomas24/hive_ws2/install/hive_costmap:/home/thomas24/hive_ws2/install/costmap_queue:/home/thomas24/hive_ws2/install/nav2_costmap_2d:/home/thomas24/hive_ws2/install/nav2_voxel_grid:/home/thomas24/hive_ws2/install/nav2_velocity_smoother:/home/thomas24/hive_ws2/install/nav2_map_server:/home/thomas24/hive_ws2/install/nav2_lifecycle_manager:/home/thomas24/hive_ws2/install/nav2_behavior_tree:/home/thomas24/hive_ws2/install/nav2_amcl:/home/thomas24/hive_ws2/install/nav2_util:/home/thomas24/hive_ws2/install/nav2_system_tests:/home/thomas24/hive_ws2/install/nav2_ros_common:/home/thomas24/hive_ws2/install/nav2_msgs:/home/thomas24/hive_ws2/install/nav2_common:/home/thomas24/hive_ws2/install/vanilla_brain_nav2:/home/thomas24/hive_ws2/install/nav2_loopback_sim:/home/thomas24/hive_ws2/install/nav2_simple_commander:/home/thomas24/hiveverse_ws/install/hive_tools:/home/thomas24/hiveverse_ws/install/hive_bringup:/opt/ros/jazzy:/home/thomas24/hive_ws2/install/hive_route_planner:/home/thomas24/hive_ws2/install/dev_route_provider:/home/thomas24/hive_ws2/install/hive_interface2:/home/thomas24/hiveverse_ws/install/hive_simulation:/home/thomas24/hiveverse_ws/install/hive_robot_description:/opt/ros/jazzy/opt/gz_sim_vendor:/opt/ros/jazzy/opt/gz_sensors_vendor:/opt/ros/jazzy/opt/gz_physics_vendor:/opt/ros/jazzy/opt/sdformat_vendor:/opt/ros/jazzy/opt/gz_gui_vendor:/opt/ros/jazzy/opt/gz_transport_vendor:/opt/ros/jazzy/opt/gz_rendering_vendor:/opt/ros/jazzy/opt/gz_plugin_vendor:/opt/ros/jazzy/opt/gz_fuel_tools_vendor:/opt/ros/jazzy/opt/gz_msgs_vendor:/opt/ros/jazzy/opt/gz_common_vendor:/opt/ros/jazzy/opt/gz_math_vendor:/opt/ros/jazzy/opt/gz_utils_vendor:/opt/ros/jazzy/opt/gz_tools_vendor:/opt/ros/jazzy/opt/gz_ogre_next_vendor:/opt/ros/jazzy/opt/gz_dartsim_vendor:/opt/ros/jazzy/opt/gz_cmake_vendor DEBUGINFOD_URLS=https://debuginfod.ubuntu.com /usr/bin/cmake --build /home/thomas24/hive_ws2/build/hive_interface2 -- -j16 -l16
[0.503s] Invoking command in '/home/thomas24/hive_ws2/build/hive_interface2': CMAKE_PREFIX_PATH=/home/thomas24/hive_ws2/install/nav2_bringup:/home/thomas24/hive_ws2/install/navigation2:/home/thomas24/hive_ws2/install/opennav_docking:/home/thomas24/hive_ws2/install/opennav_docking_core:/home/thomas24/hive_ws2/install/opennav_docking_bt:/home/thomas24/hive_ws2/install/nav2_dwb_controller:/home/thomas24/hive_ws2/install/dwb_plugins:/home/thomas24/hive_ws2/install/dwb_critics:/home/thomas24/hive_ws2/install/dwb_core:/home/thomas24/hive_ws2/install/nav_2d_utils:/home/thomas24/hive_ws2/install/dwb_msgs:/home/thomas24/hive_ws2/install/nav_2d_msgs:/home/thomas24/hive_ws2/install/nav2_waypoint_follower:/home/thomas24/hive_ws2/install/nav2_theta_star_planner:/home/thomas24/hive_ws2/install/nav2_smoother:/home/thomas24/hive_ws2/install/nav2_smac_planner:/home/thomas24/hive_ws2/install/nav2_rviz_plugins:/home/thomas24/hive_ws2/install/nav2_route:/home/thomas24/hive_ws2/install/nav2_rotation_shim_controller:/home/thomas24/hive_ws2/install/nav2_regulated_pure_pursuit_controller:/home/thomas24/hive_ws2/install/hive_nav_brain:/home/thomas24/hive_ws2/install/nav2_planner:/home/thomas24/hive_ws2/install/nav2_navfn_planner:/home/thomas24/hive_ws2/install/nav2_mppi_controller:/home/thomas24/hive_ws2/install/nav2_graceful_controller:/home/thomas24/hive_ws2/install/nav2_controller:/home/thomas24/hive_ws2/install/nav2_constrained_smoother:/home/thomas24/hive_ws2/install/nav2_bt_navigator:/home/thomas24/hive_ws2/install/nav2_behaviors:/home/thomas24/hive_ws2/install/nav2_core:/home/thomas24/hive_ws2/install/nav2_collision_monitor:/home/thomas24/hive_ws2/install/hive_costmap:/home/thomas24/hive_ws2/install/costmap_queue:/home/thomas24/hive_ws2/install/nav2_costmap_2d:/home/thomas24/hive_ws2/install/nav2_voxel_grid:/home/thomas24/hive_ws2/install/nav2_velocity_smoother:/home/thomas24/hive_ws2/install/nav2_map_server:/home/thomas24/hive_ws2/install/nav2_lifecycle_manager:/home/thomas24/hive_ws2/install/nav2_behavior_tree:/home/thomas24/hive_ws2/install/nav2_amcl:/home/thomas24/hive_ws2/install/nav2_util:/home/thomas24/hive_ws2/install/nav2_system_tests:/home/thomas24/hive_ws2/install/nav2_ros_common:/home/thomas24/hive_ws2/install/nav2_msgs:/home/thomas24/hive_ws2/install/nav2_common:/home/thomas24/hive_ws2/install/vanilla_brain_nav2:/home/thomas24/hive_ws2/install/nav2_loopback_sim:/home/thomas24/hive_ws2/install/nav2_simple_commander:/home/thomas24/hiveverse_ws/install/hive_tools:/home/thomas24/hiveverse_ws/install/hive_bringup:/opt/ros/jazzy:/home/thomas24/hive_ws2/install/hive_route_planner:/home/thomas24/hive_ws2/install/dev_route_provider:/home/thomas24/hive_ws2/install/hive_interface2:/home/thomas24/hiveverse_ws/install/hive_simulation:/home/thomas24/hiveverse_ws/install/hive_robot_description:/opt/ros/jazzy/opt/gz_sim_vendor:/opt/ros/jazzy/opt/gz_sensors_vendor:/opt/ros/jazzy/opt/gz_physics_vendor:/opt/ros/jazzy/opt/sdformat_vendor:/opt/ros/jazzy/opt/gz_gui_vendor:/opt/ros/jazzy/opt/gz_transport_vendor:/opt/ros/jazzy/opt/gz_rendering_vendor:/opt/ros/jazzy/opt/gz_plugin_vendor:/opt/ros/jazzy/opt/gz_fuel_tools_vendor:/opt/ros/jazzy/opt/gz_msgs_vendor:/opt/ros/jazzy/opt/gz_common_vendor:/opt/ros/jazzy/opt/gz_math_vendor:/opt/ros/jazzy/opt/gz_utils_vendor:/opt/ros/jazzy/opt/gz_tools_vendor:/opt/ros/jazzy/opt/gz_ogre_next_vendor:/opt/ros/jazzy/opt/gz_dartsim_vendor:/opt/ros/jazzy/opt/gz_cmake_vendor DEBUGINFOD_URLS=https://debuginfod.ubuntu.com /usr/bin/cmake --install /home/thomas24/hive_ws2/build/hive_interface2
[0.516s] -- Install configuration: ""
[0.516s] -- Up-to-date: /home/thomas24/hive_ws2/install/hive_interface2/share/ament_index/resource_index/rosidl_interfaces/hive_interface2
[0.516s] -- Up-to-date: /home/thomas24/hive_ws2/install/hive_interface2/share/hive_interface2/msg/LaneletMini2.json
[0.516s] -- Up-to-date: /home/thomas24/hive_ws2/install/hive_interface2/share/hive_interface2/msg/LaneletMini2Array.json
[0.517s] -- Up-to-date: /home/thomas24/hive_ws2/install/hive_interface2/share/hive_interface2/msg/FreeZone.json
[0.517s] -- Up-to-date: /home/thomas24/hive_ws2/install/hive_interface2/share/hive_interface2/msg/FreeZoneArray.json
[0.517s] -- Up-to-date: /home/thomas24/hive_ws2/install/hive_interface2/share/hive_interface2/msg/Poi.json
[0.517s] -- Up-to-date: /home/thomas24/hive_ws2/install/hive_interface2/share/hive_interface2/msg/PoiArray.json
[0.517s] -- Up-to-date: /home/thomas24/hive_ws2/install/hive_interface2/share/hive_interface2/msg/NavBrainCommand.json
[0.517s] -- Up-to-date: /home/thomas24/hive_ws2/install/hive_interface2/share/hive_interface2/srv/ComputeRoute.json
[0.517s] -- Up-to-date: /home/thomas24/hive_ws2/install/hive_interface2/include/hive_interface2/hive_interface2
[0.517s] -- Up-to-date: /home/thomas24/hive_ws2/install/hive_interface2/include/hive_interface2/hive_interface2/srv
[0.517s] -- Up-to-date: /home/thomas24/hive_ws2/install/hive_interface2/include/hive_interface2/hive_interface2/srv/detail
[0.518s] -- Up-to-date: /home/thomas24/hive_ws2/install/hive_interface2/include/hive_interface2/hive_interface2/srv/detail/compute_route__type_support.h
[0.518s] -- Up-to-date: /home/thomas24/hive_ws2/install/hive_interface2/include/hive_interface2/hive_interface2/srv/detail/compute_route__type_support.c
[0.518s] -- Up-to-date: /home/thomas24/hive_ws2/install/hive_interface2/include/hive_interface2/hive_interface2/srv/detail/compute_route__description.c
[0.518s] -- Up-to-date: /home/thomas24/hive_ws2/install/hive_interface2/include/hive_interface2/hive_interface2/srv/detail/compute_route__functions.c
[0.519s] -- Up-to-date: /home/thomas24/hive_ws2/install/hive_interface2/include/hive_interface2/hive_interface2/srv/detail/compute_route__struct.h
[0.519s] -- Up-to-date: /home/thomas24/hive_ws2/install/hive_interface2/include/hive_interface2/hive_interface2/srv/detail/compute_route__functions.h
[0.519s] -- Up-to-date: /home/thomas24/hive_ws2/install/hive_interface2/include/hive_interface2/hive_interface2/srv/compute_route.h
[0.519s] -- Up-to-date: /home/thomas24/hive_ws2/install/hive_interface2/include/hive_interface2/hive_interface2/msg
[0.519s] -- Up-to-date: /home/thomas24/hive_ws2/install/hive_interface2/include/hive_interface2/hive_interface2/msg/poi.h
[0.519s] -- Up-to-date: /home/thomas24/hive_ws2/install/hive_interface2/include/hive_interface2/hive_interface2/msg/lanelet_mini2_array.h
[0.519s] -- Up-to-date: /home/thomas24/hive_ws2/install/hive_interface2/include/hive_interface2/hive_interface2/msg/lanelet_mini2.h
[0.519s] -- Up-to-date: /home/thomas24/hive_ws2/install/hive_interface2/include/hive_interface2/hive_interface2/msg/rosidl_generator_c__visibility_control.h
[0.519s] -- Up-to-date: /home/thomas24/hive_ws2/install/hive_interface2/include/hive_interface2/hive_interface2/msg/detail
[0.519s] -- Up-to-date: /home/thomas24/hive_ws2/install/hive_interface2/include/hive_interface2/hive_interface2/msg/detail/free_zone__functions.h
[0.519s] -- Up-to-date: /home/thomas24/hive_ws2/install/hive_interface2/include/hive_interface2/hive_interface2/msg/detail/nav_brain_command__functions.c
[0.519s] -- Up-to-date: /home/thomas24/hive_ws2/install/hive_interface2/include/hive_interface2/hive_interface2/msg/detail/nav_brain_command__type_support.c
[0.519s] -- Up-to-date: /home/thomas24/hive_ws2/install/hive_interface2/include/hive_interface2/hive_interface2/msg/detail/poi__type_support.c
[0.520s] -- Up-to-date: /home/thomas24/hive_ws2/install/hive_interface2/include/hive_interface2/hive_interface2/msg/detail/free_zone__description.c
[0.520s] -- Up-to-date: /home/thomas24/hive_ws2/install/hive_interface2/include/hive_interface2/hive_interface2/msg/detail/free_zone__struct.h
[0.520s] -- Up-to-date: /home/thomas24/hive_ws2/install/hive_interface2/include/hive_interface2/hive_interface2/msg/detail/lanelet_mini2_array__description.c
[0.520s] -- Up-to-date: /home/thomas24/hive_ws2/install/hive_interface2/include/hive_interface2/hive_interface2/msg/detail/free_zone_array__type_support.c
[0.520s] -- Up-to-date: /home/thomas24/hive_ws2/install/hive_interface2/include/hive_interface2/hive_interface2/msg/detail/poi_array__type_support.c
[0.520s] -- Up-to-date: /home/thomas24/hive_ws2/install/hive_interface2/include/hive_interface2/hive_interface2/msg/detail/free_zone_array__struct.h
[0.520s] -- Up-to-date: /home/thomas24/hive_ws2/install/hive_interface2/include/hive_interface2/hive_interface2/msg/detail/poi__struct.h
[0.520s] -- Up-to-date: /home/thomas24/hive_ws2/install/hive_interface2/include/hive_interface2/hive_interface2/msg/detail/free_zone__type_support.h
[0.520s] -- Up-to-date: /home/thomas24/hive_ws2/install/hive_interface2/include/hive_interface2/hive_interface2/msg/detail/poi__functions.h
[0.520s] -- Up-to-date: /home/thomas24/hive_ws2/install/hive_interface2/include/hive_interface2/hive_interface2/msg/detail/poi__functions.c
[0.520s] -- Up-to-date: /home/thomas24/hive_ws2/install/hive_interface2/include/hive_interface2/hive_interface2/msg/detail/free_zone_array__type_support.h
[0.520s] -- Up-to-date: /home/thomas24/hive_ws2/install/hive_interface2/include/hive_interface2/hive_interface2/msg/detail/lanelet_mini2_array__functions.c
[0.520s] -- Up-to-date: /home/thomas24/hive_ws2/install/hive_interface2/include/hive_interface2/hive_interface2/msg/detail/lanelet_mini2__functions.h
[0.520s] -- Up-to-date: /home/thomas24/hive_ws2/install/hive_interface2/include/hive_interface2/hive_interface2/msg/detail/poi_array__functions.h
[0.520s] -- Up-to-date: /home/thomas24/hive_ws2/install/hive_interface2/include/hive_interface2/hive_interface2/msg/detail/poi_array__struct.h
[0.520s] -- Up-to-date: /home/thomas24/hive_ws2/install/hive_interface2/include/hive_interface2/hive_interface2/msg/detail/poi__description.c
[0.521s] -- Up-to-date: /home/thomas24/hive_ws2/install/hive_interface2/include/hive_interface2/hive_interface2/msg/detail/lanelet_mini2__struct.h
[0.521s] -- Up-to-date: /home/thomas24/hive_ws2/install/hive_interface2/include/hive_interface2/hive_interface2/msg/detail/lanelet_mini2_array__type_support.c
[0.521s] -- Up-to-date: /home/thomas24/hive_ws2/install/hive_interface2/include/hive_interface2/hive_interface2/msg/detail/lanelet_mini2__description.c
[0.521s] -- Up-to-date: /home/thomas24/hive_ws2/install/hive_interface2/include/hive_interface2/hive_interface2/msg/detail/nav_brain_command__type_support.h
[0.521s] -- Up-to-date: /home/thomas24/hive_ws2/install/hive_interface2/include/hive_interface2/hive_interface2/msg/detail/nav_brain_command__functions.h
[0.521s] -- Up-to-date: /home/thomas24/hive_ws2/install/hive_interface2/include/hive_interface2/hive_interface2/msg/detail/free_zone_array__functions.h
[0.521s] -- Up-to-date: /home/thomas24/hive_ws2/install/hive_interface2/include/hive_interface2/hive_interface2/msg/detail/poi__type_support.h
[0.521s] -- Up-to-date: /home/thomas24/hive_ws2/install/hive_interface2/include/hive_interface2/hive_interface2/msg/detail/lanelet_mini2_array__functions.h
[0.521s] -- Up-to-date: /home/thomas24/hive_ws2/install/hive_interface2/include/hive_interface2/hive_interface2/msg/detail/free_zone__type_support.c
[0.521s] -- Up-to-date: /home/thomas24/hive_ws2/install/hive_interface2/include/hive_interface2/hive_interface2/msg/detail/free_zone_array__functions.c
[0.521s] -- Up-to-date: /home/thomas24/hive_ws2/install/hive_interface2/include/hive_interface2/hive_interface2/msg/detail/free_zone_array__description.c
[0.521s] -- Up-to-date: /home/thomas24/hive_ws2/install/hive_interface2/include/hive_interface2/hive_interface2/msg/detail/lanelet_mini2__type_support.c
[0.521s] -- Up-to-date: /home/thomas24/hive_ws2/install/hive_interface2/include/hive_interface2/hive_interface2/msg/detail/lanelet_mini2__type_support.h
[0.521s] -- Up-to-date: /home/thomas24/hive_ws2/install/hive_interface2/include/hive_interface2/hive_interface2/msg/detail/poi_array__functions.c
[0.521s] -- Up-to-date: /home/thomas24/hive_ws2/install/hive_interface2/include/hive_interface2/hive_interface2/msg/detail/poi_array__type_support.h
[0.521s] -- Up-to-date: /home/thomas24/hive_ws2/install/hive_interface2/include/hive_interface2/hive_interface2/msg/detail/lanelet_mini2__functions.c
[0.522s] -- Up-to-date: /home/thomas24/hive_ws2/install/hive_interface2/include/hive_interface2/hive_interface2/msg/detail/lanelet_mini2_array__type_support.h
[0.522s] -- Up-to-date: /home/thomas24/hive_ws2/install/hive_interface2/include/hive_interface2/hive_interface2/msg/detail/lanelet_mini2_array__struct.h
[0.522s] -- Up-to-date: /home/thomas24/hive_ws2/install/hive_interface2/include/hive_interface2/hive_interface2/msg/detail/free_zone__functions.c
[0.522s] -- Up-to-date: /home/thomas24/hive_ws2/install/hive_interface2/include/hive_interface2/hive_interface2/msg/detail/nav_brain_command__struct.h
[0.522s] -- Up-to-date: /home/thomas24/hive_ws2/install/hive_interface2/include/hive_interface2/hive_interface2/msg/detail/nav_brain_command__description.c
[0.522s] -- Up-to-date: /home/thomas24/hive_ws2/install/hive_interface2/include/hive_interface2/hive_interface2/msg/detail/poi_array__description.c
[0.522s] -- Up-to-date: /home/thomas24/hive_ws2/install/hive_interface2/include/hive_interface2/hive_interface2/msg/free_zone.h
[0.522s] -- Up-to-date: /home/thomas24/hive_ws2/install/hive_interface2/include/hive_interface2/hive_interface2/msg/poi_array.h
[0.522s] -- Up-to-date: /home/thomas24/hive_ws2/install/hive_interface2/include/hive_interface2/hive_interface2/msg/free_zone_array.h
[0.522s] -- Up-to-date: /home/thomas24/hive_ws2/install/hive_interface2/include/hive_interface2/hive_interface2/msg/nav_brain_command.h
[0.522s] -- Up-to-date: /home/thomas24/hive_ws2/install/hive_interface2/share/hive_interface2/environment/library_path.sh
[0.522s] -- Up-to-date: /home/thomas24/hive_ws2/install/hive_interface2/share/hive_interface2/environment/library_path.dsv
[0.522s] -- Up-to-date: /home/thomas24/hive_ws2/install/hive_interface2/lib/libhive_interface2__rosidl_generator_c.so
[0.522s] -- Up-to-date: /home/thomas24/hive_ws2/install/hive_interface2/include/hive_interface2/hive_interface2
[0.523s] -- Up-to-date: /home/thomas24/hive_ws2/install/hive_interface2/include/hive_interface2/hive_interface2/srv
[0.523s] -- Up-to-date: /home/thomas24/hive_ws2/install/hive_interface2/include/hive_interface2/hive_interface2/srv/detail
[0.523s] -- Up-to-date: /home/thomas24/hive_ws2/install/hive_interface2/include/hive_interface2/hive_interface2/srv/detail/compute_route__rosidl_typesupport_fastrtps_c.h
[0.523s] -- Up-to-date: /home/thomas24/hive_ws2/install/hive_interface2/include/hive_interface2/hive_interface2/msg
[0.523s] -- Up-to-date: /home/thomas24/hive_ws2/install/hive_interface2/include/hive_interface2/hive_interface2/msg/detail
[0.523s] -- Up-to-date: /home/thomas24/hive_ws2/install/hive_interface2/include/hive_interface2/hive_interface2/msg/detail/poi_array__rosidl_typesupport_fastrtps_c.h
[0.523s] -- Up-to-date: /home/thomas24/hive_ws2/install/hive_interface2/include/hive_interface2/hive_interface2/msg/detail/nav_brain_command__rosidl_typesupport_fastrtps_c.h
[0.523s] -- Up-to-date: /home/thomas24/hive_ws2/install/hive_interface2/include/hive_interface2/hive_interface2/msg/detail/poi__rosidl_typesupport_fastrtps_c.h
[0.524s] -- Up-to-date: /home/thomas24/hive_ws2/install/hive_interface2/include/hive_interface2/hive_interface2/msg/detail/free_zone__rosidl_typesupport_fastrtps_c.h
[0.524s] -- Up-to-date: /home/thomas24/hive_ws2/install/hive_interface2/include/hive_interface2/hive_interface2/msg/detail/lanelet_mini2_array__rosidl_typesupport_fastrtps_c.h
[0.524s] -- Up-to-date: /home/thomas24/hive_ws2/install/hive_interface2/include/hive_interface2/hive_interface2/msg/detail/lanelet_mini2__rosidl_typesupport_fastrtps_c.h
[0.524s] -- Up-to-date: /home/thomas24/hive_ws2/install/hive_interface2/include/hive_interface2/hive_interface2/msg/detail/free_zone_array__rosidl_typesupport_fastrtps_c.h
[0.524s] -- Up-to-date: /home/thomas24/hive_ws2/install/hive_interface2/include/hive_interface2/hive_interface2/msg/rosidl_typesupport_fastrtps_c__visibility_control.h
[0.524s] -- Up-to-date: /home/thomas24/hive_ws2/install/hive_interface2/lib/libhive_interface2__rosidl_typesupport_fastrtps_c.so
[0.524s] -- Up-to-date: /home/thomas24/hive_ws2/install/hive_interface2/include/hive_interface2/hive_interface2
[0.524s] -- Up-to-date: /home/thomas24/hive_ws2/install/hive_interface2/include/hive_interface2/hive_interface2/srv
[0.524s] -- Up-to-date: /home/thomas24/hive_ws2/install/hive_interface2/include/hive_interface2/hive_interface2/srv/detail
[0.524s] -- Up-to-date: /home/thomas24/hive_ws2/install/hive_interface2/include/hive_interface2/hive_interface2/srv/detail/compute_route__rosidl_typesupport_introspection_c.h
[0.524s] -- Up-to-date: /home/thomas24/hive_ws2/install/hive_interface2/include/hive_interface2/hive_interface2/srv/detail/compute_route__type_support.c
[0.524s] -- Up-to-date: /home/thomas24/hive_ws2/install/hive_interface2/include/hive_interface2/hive_interface2/msg
[0.524s] -- Up-to-date: /home/thomas24/hive_ws2/install/hive_interface2/include/hive_interface2/hive_interface2/msg/rosidl_typesupport_introspection_c__visibility_control.h
[0.524s] -- Up-to-date: /home/thomas24/hive_ws2/install/hive_interface2/include/hive_interface2/hive_interface2/msg/detail
[0.524s] -- Up-to-date: /home/thomas24/hive_ws2/install/hive_interface2/include/hive_interface2/hive_interface2/msg/detail/nav_brain_command__type_support.c
[0.524s] -- Up-to-date: /home/thomas24/hive_ws2/install/hive_interface2/include/hive_interface2/hive_interface2/msg/detail/poi__type_support.c
[0.524s] -- Up-to-date: /home/thomas24/hive_ws2/install/hive_interface2/include/hive_interface2/hive_interface2/msg/detail/free_zone_array__type_support.c
[0.525s] -- Up-to-date: /home/thomas24/hive_ws2/install/hive_interface2/include/hive_interface2/hive_interface2/msg/detail/poi_array__type_support.c
[0.525s] -- Up-to-date: /home/thomas24/hive_ws2/install/hive_interface2/include/hive_interface2/hive_interface2/msg/detail/free_zone_array__rosidl_typesupport_introspection_c.h
[0.525s] -- Up-to-date: /home/thomas24/hive_ws2/install/hive_interface2/include/hive_interface2/hive_interface2/msg/detail/lanelet_mini2_array__type_support.c
[0.525s] -- Up-to-date: /home/thomas24/hive_ws2/install/hive_interface2/include/hive_interface2/hive_interface2/msg/detail/lanelet_mini2_array__rosidl_typesupport_introspection_c.h
[0.525s] -- Up-to-date: /home/thomas24/hive_ws2/install/hive_interface2/include/hive_interface2/hive_interface2/msg/detail/poi__rosidl_typesupport_introspection_c.h
[0.525s] -- Up-to-date: /home/thomas24/hive_ws2/install/hive_interface2/include/hive_interface2/hive_interface2/msg/detail/nav_brain_command__rosidl_typesupport_introspection_c.h
[0.525s] -- Up-to-date: /home/thomas24/hive_ws2/install/hive_interface2/include/hive_interface2/hive_interface2/msg/detail/free_zone__type_support.c
[0.525s] -- Up-to-date: /home/thomas24/hive_ws2/install/hive_interface2/include/hive_interface2/hive_interface2/msg/detail/free_zone__rosidl_typesupport_introspection_c.h
[0.525s] -- Up-to-date: /home/thomas24/hive_ws2/install/hive_interface2/include/hive_interface2/hive_interface2/msg/detail/lanelet_mini2__type_support.c
[0.526s] -- Up-to-date: /home/thomas24/hive_ws2/install/hive_interface2/include/hive_interface2/hive_interface2/msg/detail/poi_array__rosidl_typesupport_introspection_c.h
[0.526s] -- Up-to-date: /home/thomas24/hive_ws2/install/hive_interface2/include/hive_interface2/hive_interface2/msg/detail/lanelet_mini2__rosidl_typesupport_introspection_c.h
[0.526s] -- Up-to-date: /home/thomas24/hive_ws2/install/hive_interface2/lib/libhive_interface2__rosidl_typesupport_introspection_c.so
[0.526s] -- Up-to-date: /home/thomas24/hive_ws2/install/hive_interface2/lib/libhive_interface2__rosidl_typesupport_c.so
[0.526s] -- Up-to-date: /home/thomas24/hive_ws2/install/hive_interface2/include/hive_interface2/hive_interface2
[0.526s] -- Up-to-date: /home/thomas24/hive_ws2/install/hive_interface2/include/hive_interface2/hive_interface2/srv
[0.526s] -- Up-to-date: /home/thomas24/hive_ws2/install/hive_interface2/include/hive_interface2/hive_interface2/srv/compute_route.hpp
[0.526s] -- Up-to-date: /home/thomas24/hive_ws2/install/hive_interface2/include/hive_interface2/hive_interface2/srv/detail
[0.526s] -- Up-to-date: /home/thomas24/hive_ws2/install/hive_interface2/include/hive_interface2/hive_interface2/srv/detail/compute_route__type_support.hpp
[0.526s] -- Up-to-date: /home/thomas24/hive_ws2/install/hive_interface2/include/hive_interface2/hive_interface2/srv/detail/compute_route__struct.hpp
[0.526s] -- Up-to-date: /home/thomas24/hive_ws2/install/hive_interface2/include/hive_interface2/hive_interface2/srv/detail/compute_route__traits.hpp
[0.526s] -- Up-to-date: /home/thomas24/hive_ws2/install/hive_interface2/include/hive_interface2/hive_interface2/srv/detail/compute_route__builder.hpp
[0.526s] -- Up-to-date: /home/thomas24/hive_ws2/install/hive_interface2/include/hive_interface2/hive_interface2/msg
[0.527s] -- Up-to-date: /home/thomas24/hive_ws2/install/hive_interface2/include/hive_interface2/hive_interface2/msg/lanelet_mini2_array.hpp
[0.527s] -- Up-to-date: /home/thomas24/hive_ws2/install/hive_interface2/include/hive_interface2/hive_interface2/msg/free_zone_array.hpp
[0.527s] -- Up-to-date: /home/thomas24/hive_ws2/install/hive_interface2/include/hive_interface2/hive_interface2/msg/poi_array.hpp
[0.527s] -- Up-to-date: /home/thomas24/hive_ws2/install/hive_interface2/include/hive_interface2/hive_interface2/msg/poi.hpp
[0.527s] -- Up-to-date: /home/thomas24/hive_ws2/install/hive_interface2/include/hive_interface2/hive_interface2/msg/rosidl_generator_cpp__visibility_control.hpp
[0.527s] -- Up-to-date: /home/thomas24/hive_ws2/install/hive_interface2/include/hive_interface2/hive_interface2/msg/nav_brain_command.hpp
[0.527s] -- Up-to-date: /home/thomas24/hive_ws2/install/hive_interface2/include/hive_interface2/hive_interface2/msg/free_zone.hpp
[0.527s] -- Up-to-date: /home/thomas24/hive_ws2/install/hive_interface2/include/hive_interface2/hive_interface2/msg/lanelet_mini2.hpp
[0.527s] -- Up-to-date: /home/thomas24/hive_ws2/install/hive_interface2/include/hive_interface2/hive_interface2/msg/detail
[0.527s] -- Up-to-date: /home/thomas24/hive_ws2/install/hive_interface2/include/hive_interface2/hive_interface2/msg/detail/free_zone_array__builder.hpp
[0.527s] -- Up-to-date: /home/thomas24/hive_ws2/install/hive_interface2/include/hive_interface2/hive_interface2/msg/detail/free_zone__struct.hpp
[0.527s] -- Up-to-date: /home/thomas24/hive_ws2/install/hive_interface2/include/hive_interface2/hive_interface2/msg/detail/free_zone__traits.hpp
[0.527s] -- Up-to-date: /home/thomas24/hive_ws2/install/hive_interface2/include/hive_interface2/hive_interface2/msg/detail/nav_brain_command__struct.hpp
[0.527s] -- Up-to-date: /home/thomas24/hive_ws2/install/hive_interface2/include/hive_interface2/hive_interface2/msg/detail/lanelet_mini2__struct.hpp
[0.527s] -- Up-to-date: /home/thomas24/hive_ws2/install/hive_interface2/include/hive_interface2/hive_interface2/msg/detail/poi__type_support.hpp
[0.527s] -- Up-to-date: /home/thomas24/hive_ws2/install/hive_interface2/include/hive_interface2/hive_interface2/msg/detail/free_zone_array__type_support.hpp
[0.528s] -- Up-to-date: /home/thomas24/hive_ws2/install/hive_interface2/include/hive_interface2/hive_interface2/msg/detail/lanelet_mini2_array__type_support.hpp
[0.528s] -- Up-to-date: /home/thomas24/hive_ws2/install/hive_interface2/include/hive_interface2/hive_interface2/msg/detail/nav_brain_command__builder.hpp
[0.528s] -- Up-to-date: /home/thomas24/hive_ws2/install/hive_interface2/include/hive_interface2/hive_interface2/msg/detail/lanelet_mini2__builder.hpp
[0.528s] -- Up-to-date: /home/thomas24/hive_ws2/install/hive_interface2/include/hive_interface2/hive_interface2/msg/detail/lanelet_mini2__type_support.hpp
[0.528s] -- Up-to-date: /home/thomas24/hive_ws2/install/hive_interface2/include/hive_interface2/hive_interface2/msg/detail/lanelet_mini2_array__traits.hpp
[0.528s] -- Up-to-date: /home/thomas24/hive_ws2/install/hive_interface2/include/hive_interface2/hive_interface2/msg/detail/free_zone_array__struct.hpp
[0.528s] -- Up-to-date: /home/thomas24/hive_ws2/install/hive_interface2/include/hive_interface2/hive_interface2/msg/detail/lanelet_mini2__traits.hpp
[0.528s] -- Up-to-date: /home/thomas24/hive_ws2/install/hive_interface2/include/hive_interface2/hive_interface2/msg/detail/poi_array__type_support.hpp
[0.528s] -- Up-to-date: /home/thomas24/hive_ws2/install/hive_interface2/include/hive_interface2/hive_interface2/msg/detail/free_zone_array__traits.hpp
[0.528s] -- Up-to-date: /home/thomas24/hive_ws2/install/hive_interface2/include/hive_interface2/hive_interface2/msg/detail/poi_array__traits.hpp
[0.528s] -- Up-to-date: /home/thomas24/hive_ws2/install/hive_interface2/include/hive_interface2/hive_interface2/msg/detail/lanelet_mini2_array__builder.hpp
[0.528s] -- Up-to-date: /home/thomas24/hive_ws2/install/hive_interface2/include/hive_interface2/hive_interface2/msg/detail/nav_brain_command__traits.hpp
[0.528s] -- Up-to-date: /home/thomas24/hive_ws2/install/hive_interface2/include/hive_interface2/hive_interface2/msg/detail/free_zone__builder.hpp
[0.528s] -- Up-to-date: /home/thomas24/hive_ws2/install/hive_interface2/include/hive_interface2/hive_interface2/msg/detail/poi_array__struct.hpp
[0.529s] -- Up-to-date: /home/thomas24/hive_ws2/install/hive_interface2/include/hive_interface2/hive_interface2/msg/detail/poi_array__builder.hpp
[0.529s] -- Up-to-date: /home/thomas24/hive_ws2/install/hive_interface2/include/hive_interface2/hive_interface2/msg/detail/nav_brain_command__type_support.hpp
[0.529s] -- Up-to-date: /home/thomas24/hive_ws2/install/hive_interface2/include/hive_interface2/hive_interface2/msg/detail/poi__struct.hpp
[0.529s] -- Up-to-date: /home/thomas24/hive_ws2/install/hive_interface2/include/hive_interface2/hive_interface2/msg/detail/poi__builder.hpp
[0.529s] -- Up-to-date: /home/thomas24/hive_ws2/install/hive_interface2/include/hive_interface2/hive_interface2/msg/detail/free_zone__type_support.hpp
[0.529s] -- Up-to-date: /home/thomas24/hive_ws2/install/hive_interface2/include/hive_interface2/hive_interface2/msg/detail/poi__traits.hpp
[0.529s] -- Up-to-date: /home/thomas24/hive_ws2/install/hive_interface2/include/hive_interface2/hive_interface2/msg/detail/lanelet_mini2_array__struct.hpp
[0.529s] -- Up-to-date: /home/thomas24/hive_ws2/install/hive_interface2/include/hive_interface2/hive_interface2
[0.529s] -- Up-to-date: /home/thomas24/hive_ws2/install/hive_interface2/include/hive_interface2/hive_interface2/srv
[0.529s] -- Up-to-date: /home/thomas24/hive_ws2/install/hive_interface2/include/hive_interface2/hive_interface2/srv/detail
[0.529s] -- Installing: /home/thomas24/hive_ws2/install/hive_interface2/include/hive_interface2/hive_interface2/srv/detail/dds_fastrtps
[0.529s] -- Up-to-date: /home/thomas24/hive_ws2/install/hive_interface2/include/hive_interface2/hive_interface2/srv/detail/compute_route__rosidl_typesupport_fastrtps_cpp.hpp
[0.529s] -- Up-to-date: /home/thomas24/hive_ws2/install/hive_interface2/include/hive_interface2/hive_interface2/msg
[0.530s] -- Up-to-date: /home/thomas24/hive_ws2/install/hive_interface2/include/hive_interface2/hive_interface2/msg/rosidl_typesupport_fastrtps_cpp__visibility_control.h
[0.530s] -- Up-to-date: /home/thomas24/hive_ws2/install/hive_interface2/include/hive_interface2/hive_interface2/msg/detail
[0.530s] -- Up-to-date: /home/thomas24/hive_ws2/install/hive_interface2/include/hive_interface2/hive_interface2/msg/detail/free_zone__rosidl_typesupport_fastrtps_cpp.hpp
[0.530s] -- Up-to-date: /home/thomas24/hive_ws2/install/hive_interface2/include/hive_interface2/hive_interface2/msg/detail/lanelet_mini2__rosidl_typesupport_fastrtps_cpp.hpp
[0.530s] -- Up-to-date: /home/thomas24/hive_ws2/install/hive_interface2/include/hive_interface2/hive_interface2/msg/detail/nav_brain_command__rosidl_typesupport_fastrtps_cpp.hpp
[0.530s] -- Up-to-date: /home/thomas24/hive_ws2/install/hive_interface2/include/hive_interface2/hive_interface2/msg/detail/free_zone_array__rosidl_typesupport_fastrtps_cpp.hpp
[0.530s] -- Up-to-date: /home/thomas24/hive_ws2/install/hive_interface2/include/hive_interface2/hive_interface2/msg/detail/lanelet_mini2_array__rosidl_typesupport_fastrtps_cpp.hpp
[0.530s] -- Up-to-date: /home/thomas24/hive_ws2/install/hive_interface2/include/hive_interface2/hive_interface2/msg/detail/poi__rosidl_typesupport_fastrtps_cpp.hpp
[0.530s] -- Installing: /home/thomas24/hive_ws2/install/hive_interface2/include/hive_interface2/hive_interface2/msg/detail/dds_fastrtps
[0.530s] -- Up-to-date: /home/thomas24/hive_ws2/install/hive_interface2/include/hive_interface2/hive_interface2/msg/detail/poi_array__rosidl_typesupport_fastrtps_cpp.hpp
[0.530s] -- Up-to-date: /home/thomas24/hive_ws2/install/hive_interface2/lib/libhive_interface2__rosidl_typesupport_fastrtps_cpp.so
[0.530s] -- Up-to-date: /home/thomas24/hive_ws2/install/hive_interface2/include/hive_interface2/hive_interface2
[0.530s] -- Up-to-date: /home/thomas24/hive_ws2/install/hive_interface2/include/hive_interface2/hive_interface2/srv
[0.531s] -- Up-to-date: /home/thomas24/hive_ws2/install/hive_interface2/include/hive_interface2/hive_interface2/srv/detail
[0.531s] -- Up-to-date: /home/thomas24/hive_ws2/install/hive_interface2/include/hive_interface2/hive_interface2/srv/detail/compute_route__rosidl_typesupport_introspection_cpp.hpp
[0.531s] -- Up-to-date: /home/thomas24/hive_ws2/install/hive_interface2/include/hive_interface2/hive_interface2/srv/detail/compute_route__type_support.cpp
[0.531s] -- Up-to-date: /home/thomas24/hive_ws2/install/hive_interface2/include/hive_interface2/hive_interface2/msg
[0.531s] -- Up-to-date: /home/thomas24/hive_ws2/install/hive_interface2/include/hive_interface2/hive_interface2/msg/detail
[0.531s] -- Up-to-date: /home/thomas24/hive_ws2/install/hive_interface2/include/hive_interface2/hive_interface2/msg/detail/free_zone__type_support.cpp
[0.531s] -- Up-to-date: /home/thomas24/hive_ws2/install/hive_interface2/include/hive_interface2/hive_interface2/msg/detail/poi__type_support.cpp
[0.531s] -- Up-to-date: /home/thomas24/hive_ws2/install/hive_interface2/include/hive_interface2/hive_interface2/msg/detail/nav_brain_command__type_support.cpp
[0.531s] -- Up-to-date: /home/thomas24/hive_ws2/install/hive_interface2/include/hive_interface2/hive_interface2/msg/detail/poi__rosidl_typesupport_introspection_cpp.hpp
[0.531s] -- Up-to-date: /home/thomas24/hive_ws2/install/hive_interface2/include/hive_interface2/hive_interface2/msg/detail/lanelet_mini2__type_support.cpp
[0.531s] -- Up-to-date: /home/thomas24/hive_ws2/install/hive_interface2/include/hive_interface2/hive_interface2/msg/detail/free_zone_array__rosidl_typesupport_introspection_cpp.hpp
[0.531s] -- Up-to-date: /home/thomas24/hive_ws2/install/hive_interface2/include/hive_interface2/hive_interface2/msg/detail/lanelet_mini2_array__type_support.cpp
[0.531s] -- Up-to-date: /home/thomas24/hive_ws2/install/hive_interface2/include/hive_interface2/hive_interface2/msg/detail/free_zone_array__type_support.cpp
[0.532s] -- Up-to-date: /home/thomas24/hive_ws2/install/hive_interface2/include/hive_interface2/hive_interface2/msg/detail/poi_array__rosidl_typesupport_introspection_cpp.hpp
[0.532s] -- Up-to-date: /home/thomas24/hive_ws2/install/hive_interface2/include/hive_interface2/hive_interface2/msg/detail/lanelet_mini2_array__rosidl_typesupport_introspection_cpp.hpp
[0.532s] -- Up-to-date: /home/thomas24/hive_ws2/install/hive_interface2/include/hive_interface2/hive_interface2/msg/detail/lanelet_mini2__rosidl_typesupport_introspection_cpp.hpp
[0.532s] -- Up-to-date: /home/thomas24/hive_ws2/install/hive_interface2/include/hive_interface2/hive_interface2/msg/detail/poi_array__type_support.cpp
[0.532s] -- Up-to-date: /home/thomas24/hive_ws2/install/hive_interface2/include/hive_interface2/hive_interface2/msg/detail/nav_brain_command__rosidl_typesupport_introspection_cpp.hpp
[0.532s] -- Up-to-date: /home/thomas24/hive_ws2/install/hive_interface2/include/hive_interface2/hive_interface2/msg/detail/free_zone__rosidl_typesupport_introspection_cpp.hpp
[0.532s] -- Up-to-date: /home/thomas24/hive_ws2/install/hive_interface2/lib/libhive_interface2__rosidl_typesupport_introspection_cpp.so
[0.532s] -- Up-to-date: /home/thomas24/hive_ws2/install/hive_interface2/lib/libhive_interface2__rosidl_typesupport_cpp.so
[0.532s] -- Up-to-date: /home/thomas24/hive_ws2/install/hive_interface2/share/hive_interface2/environment/pythonpath.sh
[0.532s] -- Up-to-date: /home/thomas24/hive_ws2/install/hive_interface2/share/hive_interface2/environment/pythonpath.dsv
[0.532s] -- Up-to-date: /home/thomas24/hive_ws2/install/hive_interface2/lib/python3.12/site-packages/hive_interface2-0.0.1-py3.12.egg-info
[0.533s] -- Installing: /home/thomas24/hive_ws2/install/hive_interface2/lib/python3.12/site-packages/hive_interface2-0.0.1-py3.12.egg-info/dependency_links.txt
[0.533s] -- Installing: /home/thomas24/hive_ws2/install/hive_interface2/lib/python3.12/site-packages/hive_interface2-0.0.1-py3.12.egg-info/SOURCES.txt
[0.533s] -- Installing: /home/thomas24/hive_ws2/install/hive_interface2/lib/python3.12/site-packages/hive_interface2-0.0.1-py3.12.egg-info/top_level.txt
[0.533s] -- Installing: /home/thomas24/hive_ws2/install/hive_interface2/lib/python3.12/site-packages/hive_interface2-0.0.1-py3.12.egg-info/PKG-INFO
[0.533s] -- Up-to-date: /home/thomas24/hive_ws2/install/hive_interface2/lib/python3.12/site-packages/hive_interface2
[0.534s] -- Up-to-date: /home/thomas24/hive_ws2/install/hive_interface2/lib/python3.12/site-packages/hive_interface2/__init__.py
[0.534s] -- Up-to-date: /home/thomas24/hive_ws2/install/hive_interface2/lib/python3.12/site-packages/hive_interface2/_hive_interface2_s.ep.rosidl_typesupport_c.c
[0.534s] -- Up-to-date: /home/thomas24/hive_ws2/install/hive_interface2/lib/python3.12/site-packages/hive_interface2/hive_interface2_s__rosidl_typesupport_introspection_c.so
[0.534s] -- Up-to-date: /home/thomas24/hive_ws2/install/hive_interface2/lib/python3.12/site-packages/hive_interface2/hive_interface2_s__rosidl_typesupport_fastrtps_c.so
[0.534s] -- Up-to-date: /home/thomas24/hive_ws2/install/hive_interface2/lib/python3.12/site-packages/hive_interface2/_hive_interface2_s.ep.rosidl_typesupport_introspection_c.c
[0.534s] -- Up-to-date: /home/thomas24/hive_ws2/install/hive_interface2/lib/python3.12/site-packages/hive_interface2/srv
[0.534s] -- Up-to-date: /home/thomas24/hive_ws2/install/hive_interface2/lib/python3.12/site-packages/hive_interface2/srv/__init__.py
[0.534s] -- Up-to-date: /home/thomas24/hive_ws2/install/hive_interface2/lib/python3.12/site-packages/hive_interface2/srv/_compute_route_s.c
[0.534s] -- Up-to-date: /home/thomas24/hive_ws2/install/hive_interface2/lib/python3.12/site-packages/hive_interface2/srv/_compute_route.py
[0.534s] -- Up-to-date: /home/thomas24/hive_ws2/install/hive_interface2/lib/python3.12/site-packages/hive_interface2/hive_interface2_s__rosidl_typesupport_c.so
[0.535s] -- Up-to-date: /home/thomas24/hive_ws2/install/hive_interface2/lib/python3.12/site-packages/hive_interface2/_hive_interface2_s.ep.rosidl_typesupport_fastrtps_c.c
[0.535s] -- Up-to-date: /home/thomas24/hive_ws2/install/hive_interface2/lib/python3.12/site-packages/hive_interface2/msg
[0.535s] -- Up-to-date: /home/thomas24/hive_ws2/install/hive_interface2/lib/python3.12/site-packages/hive_interface2/msg/_free_zone_array.py
[0.535s] -- Up-to-date: /home/thomas24/hive_ws2/install/hive_interface2/lib/python3.12/site-packages/hive_interface2/msg/_lanelet_mini2_array.py
[0.535s] -- Up-to-date: /home/thomas24/hive_ws2/install/hive_interface2/lib/python3.12/site-packages/hive_interface2/msg/_nav_brain_command.py
[0.535s] -- Up-to-date: /home/thomas24/hive_ws2/install/hive_interface2/lib/python3.12/site-packages/hive_interface2/msg/_poi_array_s.c
[0.535s] -- Up-to-date: /home/thomas24/hive_ws2/install/hive_interface2/lib/python3.12/site-packages/hive_interface2/msg/_poi_array.py
[0.535s] -- Up-to-date: /home/thomas24/hive_ws2/install/hive_interface2/lib/python3.12/site-packages/hive_interface2/msg/_free_zone_s.c
[0.535s] -- Up-to-date: /home/thomas24/hive_ws2/install/hive_interface2/lib/python3.12/site-packages/hive_interface2/msg/_lanelet_mini2_s.c
[0.535s] -- Up-to-date: /home/thomas24/hive_ws2/install/hive_interface2/lib/python3.12/site-packages/hive_interface2/msg/__init__.py
[0.535s] -- Up-to-date: /home/thomas24/hive_ws2/install/hive_interface2/lib/python3.12/site-packages/hive_interface2/msg/_poi.py
[0.535s] -- Up-to-date: /home/thomas24/hive_ws2/install/hive_interface2/lib/python3.12/site-packages/hive_interface2/msg/_poi_s.c
[0.535s] -- Up-to-date: /home/thomas24/hive_ws2/install/hive_interface2/lib/python3.12/site-packages/hive_interface2/msg/_nav_brain_command_s.c
[0.535s] -- Up-to-date: /home/thomas24/hive_ws2/install/hive_interface2/lib/python3.12/site-packages/hive_interface2/msg/_lanelet_mini2.py
[0.536s] -- Up-to-date: /home/thomas24/hive_ws2/install/hive_interface2/lib/python3.12/site-packages/hive_interface2/msg/_lanelet_mini2_array_s.c
[0.536s] -- Up-to-date: /home/thomas24/hive_ws2/install/hive_interface2/lib/python3.12/site-packages/hive_interface2/msg/_free_zone_array_s.c
[0.536s] -- Up-to-date: /home/thomas24/hive_ws2/install/hive_interface2/lib/python3.12/site-packages/hive_interface2/msg/_free_zone.py
[0.568s] Listing '/home/thomas24/hive_ws2/install/hive_interface2/lib/python3.12/site-packages/hive_interface2'...
[0.568s] Listing '/home/thomas24/hive_ws2/install/hive_interface2/lib/python3.12/site-packages/hive_interface2/msg'...
[0.568s] Listing '/home/thomas24/hive_ws2/install/hive_interface2/lib/python3.12/site-packages/hive_interface2/srv'...
[0.578s] -- Up-to-date: /home/thomas24/hive_ws2/install/hive_interface2/lib/python3.12/site-packages/hive_interface2/hive_interface2_s__rosidl_typesupport_fastrtps_c.so
[0.579s] -- Up-to-date: /home/thomas24/hive_ws2/install/hive_interface2/lib/python3.12/site-packages/hive_interface2/hive_interface2_s__rosidl_typesupport_introspection_c.so
[0.579s] -- Up-to-date: /home/thomas24/hive_ws2/install/hive_interface2/lib/python3.12/site-packages/hive_interface2/hive_interface2_s__rosidl_typesupport_c.so
[0.579s] -- Up-to-date: /home/thomas24/hive_ws2/install/hive_interface2/lib/libhive_interface2__rosidl_generator_py.so
[0.579s] -- Up-to-date: /home/thomas24/hive_ws2/install/hive_interface2/share/hive_interface2/msg/LaneletMini2.idl
[0.580s] -- Up-to-date: /home/thomas24/hive_ws2/install/hive_interface2/share/hive_interface2/msg/LaneletMini2Array.idl
[0.580s] -- Up-to-date: /home/thomas24/hive_ws2/install/hive_interface2/share/hive_interface2/msg/FreeZone.idl
[0.580s] -- Up-to-date: /home/thomas24/hive_ws2/install/hive_interface2/share/hive_interface2/msg/FreeZoneArray.idl
[0.580s] -- Up-to-date: /home/thomas24/hive_ws2/install/hive_interface2/share/hive_interface2/msg/Poi.idl
[0.580s] -- Up-to-date: /home/thomas24/hive_ws2/install/hive_interface2/share/hive_interface2/msg/PoiArray.idl
[0.580s] -- Up-to-date: /home/thomas24/hive_ws2/install/hive_interface2/share/hive_interface2/msg/NavBrainCommand.idl
[0.580s] -- Up-to-date: /home/thomas24/hive_ws2/install/hive_interface2/share/hive_interface2/srv/ComputeRoute.idl
[0.580s] -- Up-to-date: /home/thomas24/hive_ws2/install/hive_interface2/share/hive_interface2/msg/LaneletMini2.msg
[0.580s] -- Up-to-date: /home/thomas24/hive_ws2/install/hive_interface2/share/hive_interface2/msg/LaneletMini2Array.msg
[0.580s] -- Up-to-date: /home/thomas24/hive_ws2/install/hive_interface2/share/hive_interface2/msg/FreeZone.msg
[0.581s] -- Up-to-date: /home/thomas24/hive_ws2/install/hive_interface2/share/hive_interface2/msg/FreeZoneArray.msg
[0.581s] -- Up-to-date: /home/thomas24/hive_ws2/install/hive_interface2/share/hive_interface2/msg/Poi.msg
[0.581s] -- Up-to-date: /home/thomas24/hive_ws2/install/hive_interface2/share/hive_interface2/msg/PoiArray.msg
[0.581s] -- Up-to-date: /home/thomas24/hive_ws2/install/hive_interface2/share/hive_interface2/msg/NavBrainCommand.msg
[0.581s] -- Up-to-date: /home/thomas24/hive_ws2/install/hive_interface2/share/hive_interface2/srv/ComputeRoute.srv
[0.581s] -- Up-to-date: /home/thomas24/hive_ws2/install/hive_interface2/share/ament_index/resource_index/package_run_dependencies/hive_interface2
[0.581s] -- Up-to-date: /home/thomas24/hive_ws2/install/hive_interface2/share/ament_index/resource_index/parent_prefix_path/hive_interface2
[0.581s] -- Up-to-date: /home/thomas24/hive_ws2/install/hive_interface2/share/hive_interface2/environment/ament_prefix_path.sh
[0.581s] -- Up-to-date: /home/thomas24/hive_ws2/install/hive_interface2/share/hive_interface2/environment/ament_prefix_path.dsv
[0.581s] -- Up-to-date: /home/thomas24/hive_ws2/install/hive_interface2/share/hive_interface2/environment/path.sh
[0.581s] -- Up-to-date: /home/thomas24/hive_ws2/install/hive_interface2/share/hive_interface2/environment/path.dsv
[0.581s] -- Up-to-date: /home/thomas24/hive_ws2/install/hive_interface2/share/hive_interface2/local_setup.bash
[0.582s] -- Up-to-date: /home/thomas24/hive_ws2/install/hive_interface2/share/hive_interface2/local_setup.sh
[0.582s] -- Up-to-date: /home/thomas24/hive_ws2/install/hive_interface2/share/hive_interface2/local_setup.zsh
[0.582s] -- Up-to-date: /home/thomas24/hive_ws2/install/hive_interface2/share/hive_interface2/local_setup.dsv
[0.582s] -- Installing: /home/thomas24/hive_ws2/install/hive_interface2/share/hive_interface2/package.dsv
[0.582s] -- Up-to-date: /home/thomas24/hive_ws2/install/hive_interface2/share/ament_index/resource_index/packages/hive_interface2
[0.583s] -- Up-to-date: /home/thomas24/hive_ws2/install/hive_interface2/share/hive_interface2/cmake/export_hive_interface2__rosidl_generator_cExport.cmake
[0.583s] -- Up-to-date: /home/thomas24/hive_ws2/install/hive_interface2/share/hive_interface2/cmake/export_hive_interface2__rosidl_generator_cExport-noconfig.cmake
[0.583s] -- Up-to-date: /home/thomas24/hive_ws2/install/hive_interface2/share/hive_interface2/cmake/export_hive_interface2__rosidl_typesupport_fastrtps_cExport.cmake
[0.583s] -- Up-to-date: /home/thomas24/hive_ws2/install/hive_interface2/share/hive_interface2/cmake/export_hive_interface2__rosidl_typesupport_fastrtps_cExport-noconfig.cmake
[0.583s] -- Up-to-date: /home/thomas24/hive_ws2/install/hive_interface2/share/hive_interface2/cmake/hive_interface2__rosidl_typesupport_introspection_cExport.cmake
[0.584s] -- Up-to-date: /home/thomas24/hive_ws2/install/hive_interface2/share/hive_interface2/cmake/hive_interface2__rosidl_typesupport_introspection_cExport-noconfig.cmake
[0.584s] -- Up-to-date: /home/thomas24/hive_ws2/install/hive_interface2/share/hive_interface2/cmake/hive_interface2__rosidl_typesupport_cExport.cmake
[0.584s] -- Up-to-date: /home/thomas24/hive_ws2/install/hive_interface2/share/hive_interface2/cmake/hive_interface2__rosidl_typesupport_cExport-noconfig.cmake
[0.584s] -- Up-to-date: /home/thomas24/hive_ws2/install/hive_interface2/share/hive_interface2/cmake/export_hive_interface2__rosidl_generator_cppExport.cmake
[0.584s] -- Up-to-date: /home/thomas24/hive_ws2/install/hive_interface2/share/hive_interface2/cmake/export_hive_interface2__rosidl_typesupport_fastrtps_cppExport.cmake
[0.584s] -- Up-to-date: /home/thomas24/hive_ws2/install/hive_interface2/share/hive_interface2/cmake/export_hive_interface2__rosidl_typesupport_fastrtps_cppExport-noconfig.cmake
[0.585s] -- Up-to-date: /home/thomas24/hive_ws2/install/hive_interface2/share/hive_interface2/cmake/hive_interface2__rosidl_typesupport_introspection_cppExport.cmake
[0.585s] -- Up-to-date: /home/thomas24/hive_ws2/install/hive_interface2/share/hive_interface2/cmake/hive_interface2__rosidl_typesupport_introspection_cppExport-noconfig.cmake
[0.585s] -- Up-to-date: /home/thomas24/hive_ws2/install/hive_interface2/share/hive_interface2/cmake/hive_interface2__rosidl_typesupport_cppExport.cmake
[0.585s] -- Up-to-date: /home/thomas24/hive_ws2/install/hive_interface2/share/hive_interface2/cmake/hive_interface2__rosidl_typesupport_cppExport-noconfig.cmake
[0.585s] -- Up-to-date: /home/thomas24/hive_ws2/install/hive_interface2/share/hive_interface2/cmake/export_hive_interface2__rosidl_generator_pyExport.cmake
[0.585s] -- Up-to-date: /home/thomas24/hive_ws2/install/hive_interface2/share/hive_interface2/cmake/export_hive_interface2__rosidl_generator_pyExport-noconfig.cmake
[0.585s] -- Up-to-date: /home/thomas24/hive_ws2/install/hive_interface2/share/hive_interface2/cmake/rosidl_cmake-extras.cmake
[0.585s] -- Up-to-date: /home/thomas24/hive_ws2/install/hive_interface2/share/hive_interface2/cmake/ament_cmake_export_dependencies-extras.cmake
[0.585s] -- Up-to-date: /home/thomas24/hive_ws2/install/hive_interface2/share/hive_interface2/cmake/ament_cmake_export_include_directories-extras.cmake
[0.585s] -- Up-to-date: /home/thomas24/hive_ws2/install/hive_interface2/share/hive_interface2/cmake/ament_cmake_export_libraries-extras.cmake
[0.585s] -- Up-to-date: /home/thomas24/hive_ws2/install/hive_interface2/share/hive_interface2/cmake/ament_cmake_export_targets-extras.cmake
[0.585s] -- Up-to-date: /home/thomas24/hive_ws2/install/hive_interface2/share/hive_interface2/cmake/rosidl_cmake_export_typesupport_targets-extras.cmake
[0.585s] -- Up-to-date: /home/thomas24/hive_ws2/install/hive_interface2/share/hive_interface2/cmake/rosidl_cmake_export_typesupport_libraries-extras.cmake
[0.585s] -- Up-to-date: /home/thomas24/hive_ws2/install/hive_interface2/share/hive_interface2/cmake/hive_interface2Config.cmake
[0.586s] -- Up-to-date: /home/thomas24/hive_ws2/install/hive_interface2/share/hive_interface2/cmake/hive_interface2Config-version.cmake
[0.586s] -- Up-to-date: /home/thomas24/hive_ws2/install/hive_interface2/share/hive_interface2/package.xml
[0.621s] Invoked command in '/home/thomas24/hive_ws2/build/hive_interface2' returned '0': CMAKE_PREFIX_PATH=/home/thomas24/hive_ws2/install/nav2_bringup:/home/thomas24/hive_ws2/install/navigation2:/home/thomas24/hive_ws2/install/opennav_docking:/home/thomas24/hive_ws2/install/opennav_docking_core:/home/thomas24/hive_ws2/install/opennav_docking_bt:/home/thomas24/hive_ws2/install/nav2_dwb_controller:/home/thomas24/hive_ws2/install/dwb_plugins:/home/thomas24/hive_ws2/install/dwb_critics:/home/thomas24/hive_ws2/install/dwb_core:/home/thomas24/hive_ws2/install/nav_2d_utils:/home/thomas24/hive_ws2/install/dwb_msgs:/home/thomas24/hive_ws2/install/nav_2d_msgs:/home/thomas24/hive_ws2/install/nav2_waypoint_follower:/home/thomas24/hive_ws2/install/nav2_theta_star_planner:/home/thomas24/hive_ws2/install/nav2_smoother:/home/thomas24/hive_ws2/install/nav2_smac_planner:/home/thomas24/hive_ws2/install/nav2_rviz_plugins:/home/thomas24/hive_ws2/install/nav2_route:/home/thomas24/hive_ws2/install/nav2_rotation_shim_controller:/home/thomas24/hive_ws2/install/nav2_regulated_pure_pursuit_controller:/home/thomas24/hive_ws2/install/hive_nav_brain:/home/thomas24/hive_ws2/install/nav2_planner:/home/thomas24/hive_ws2/install/nav2_navfn_planner:/home/thomas24/hive_ws2/install/nav2_mppi_controller:/home/thomas24/hive_ws2/install/nav2_graceful_controller:/home/thomas24/hive_ws2/install/nav2_controller:/home/thomas24/hive_ws2/install/nav2_constrained_smoother:/home/thomas24/hive_ws2/install/nav2_bt_navigator:/home/thomas24/hive_ws2/install/nav2_behaviors:/home/thomas24/hive_ws2/install/nav2_core:/home/thomas24/hive_ws2/install/nav2_collision_monitor:/home/thomas24/hive_ws2/install/hive_costmap:/home/thomas24/hive_ws2/install/costmap_queue:/home/thomas24/hive_ws2/install/nav2_costmap_2d:/home/thomas24/hive_ws2/install/nav2_voxel_grid:/home/thomas24/hive_ws2/install/nav2_velocity_smoother:/home/thomas24/hive_ws2/install/nav2_map_server:/home/thomas24/hive_ws2/install/nav2_lifecycle_manager:/home/thomas24/hive_ws2/install/nav2_behavior_tree:/home/thomas24/hive_ws2/install/nav2_amcl:/home/thomas24/hive_ws2/install/nav2_util:/home/thomas24/hive_ws2/install/nav2_system_tests:/home/thomas24/hive_ws2/install/nav2_ros_common:/home/thomas24/hive_ws2/install/nav2_msgs:/home/thomas24/hive_ws2/install/nav2_common:/home/thomas24/hive_ws2/install/vanilla_brain_nav2:/home/thomas24/hive_ws2/install/nav2_loopback_sim:/home/thomas24/hive_ws2/install/nav2_simple_commander:/home/thomas24/hiveverse_ws/install/hive_tools:/home/thomas24/hiveverse_ws/install/hive_bringup:/opt/ros/jazzy:/home/thomas24/hive_ws2/install/hive_route_planner:/home/thomas24/hive_ws2/install/dev_route_provider:/home/thomas24/hive_ws2/install/hive_interface2:/home/thomas24/hiveverse_ws/install/hive_simulation:/home/thomas24/hiveverse_ws/install/hive_robot_description:/opt/ros/jazzy/opt/gz_sim_vendor:/opt/ros/jazzy/opt/gz_sensors_vendor:/opt/ros/jazzy/opt/gz_physics_vendor:/opt/ros/jazzy/opt/sdformat_vendor:/opt/ros/jazzy/opt/gz_gui_vendor:/opt/ros/jazzy/opt/gz_transport_vendor:/opt/ros/jazzy/opt/gz_rendering_vendor:/opt/ros/jazzy/opt/gz_plugin_vendor:/opt/ros/jazzy/opt/gz_fuel_tools_vendor:/opt/ros/jazzy/opt/gz_msgs_vendor:/opt/ros/jazzy/opt/gz_common_vendor:/opt/ros/jazzy/opt/gz_math_vendor:/opt/ros/jazzy/opt/gz_utils_vendor:/opt/ros/jazzy/opt/gz_tools_vendor:/opt/ros/jazzy/opt/gz_ogre_next_vendor:/opt/ros/jazzy/opt/gz_dartsim_vendor:/opt/ros/jazzy/opt/gz_cmake_vendor DEBUGINFOD_URLS=https://debuginfod.ubuntu.com /usr/bin/cmake --install /home/thomas24/hive_ws2/build/hive_interface2
