[0.120s] Invoking command in '/home/thomas24/hive_ws2/build/nav2_smac_planner': AMENT_PREFIX_PATH=/home/thomas24/hive_ws2/install/nav2_core:/home/thomas24/hive_ws2/install/nav2_costmap_2d:/home/thomas24/hive_ws2/install/nav2_map_server:/home/thomas24/hive_ws2/install/nav2_lifecycle_manager:/home/thomas24/hive_ws2/install/nav2_behavior_tree:/home/thomas24/hive_ws2/install/nav2_util:/home/thomas24/hive_ws2/install/nav2_ros_common:/home/thomas24/hive_ws2/install/nav2_voxel_grid:/home/thomas24/hive_ws2/install/nav2_msgs:/home/thomas24/hive_ws2/install/nav2_common:${AMENT_PREFIX_PATH} CMAKE_PREFIX_PATH=/home/thomas24/hive_ws2/install/nav2_core:/home/thomas24/hive_ws2/install/nav2_costmap_2d:/home/thomas24/hive_ws2/install/nav2_map_server:/home/thomas24/hive_ws2/install/nav2_lifecycle_manager:/home/thomas24/hive_ws2/install/nav2_behavior_tree:/home/thomas24/hive_ws2/install/nav2_util:/home/thomas24/hive_ws2/install/nav2_ros_common:/home/thomas24/hive_ws2/install/nav2_voxel_grid:/home/thomas24/hive_ws2/install/nav2_msgs:/home/thomas24/hive_ws2/install/nav2_common:/home/thomas24/hiveverse_ws/install/hive_simulation:/home/thomas24/hiveverse_ws/install/hive_robot_description:/opt/ros/jazzy/opt/gz_sim_vendor:/opt/ros/jazzy/opt/gz_sensors_vendor:/opt/ros/jazzy/opt/gz_physics_vendor:/opt/ros/jazzy/opt/sdformat_vendor:/opt/ros/jazzy/opt/gz_gui_vendor:/opt/ros/jazzy/opt/gz_transport_vendor:/opt/ros/jazzy/opt/gz_rendering_vendor:/opt/ros/jazzy/opt/gz_plugin_vendor:/opt/ros/jazzy/opt/gz_fuel_tools_vendor:/opt/ros/jazzy/opt/gz_msgs_vendor:/opt/ros/jazzy/opt/gz_common_vendor:/opt/ros/jazzy/opt/gz_math_vendor:/opt/ros/jazzy/opt/gz_utils_vendor:/opt/ros/jazzy/opt/gz_tools_vendor:/opt/ros/jazzy/opt/gz_ogre_next_vendor:/opt/ros/jazzy/opt/gz_dartsim_vendor:/opt/ros/jazzy/opt/gz_cmake_vendor:/home/thomas24/hiveverse_ws/install/hive_tools:/home/thomas24/hiveverse_ws/install/hive_bringup:/opt/ros/jazzy DEBUGINFOD_URLS=https://debuginfod.ubuntu.com LD_LIBRARY_PATH=/home/thomas24/hive_ws2/install/nav2_costmap_2d/lib:/home/thomas24/hive_ws2/install/nav2_map_server/lib:/home/thomas24/hive_ws2/install/nav2_lifecycle_manager/lib:/home/thomas24/hive_ws2/install/nav2_behavior_tree/lib:/home/thomas24/hive_ws2/install/nav2_util/lib:/home/thomas24/hive_ws2/install/nav2_voxel_grid/lib:/home/thomas24/hive_ws2/install/nav2_msgs/lib:${LD_LIBRARY_PATH} PYTHONPATH=/home/thomas24/hive_ws2/install/nav2_msgs/lib/python3.12/site-packages:/home/thomas24/hive_ws2/install/nav2_common/lib/python3.12/site-packages:${PYTHONPATH} /usr/bin/cmake --build /home/thomas24/hive_ws2/build/nav2_smac_planner -- -j16 -l16
[0.619s] [  4%] Built target gtest_main
[0.619s] [  8%] Built target gtest
[0.619s] [ 30%] Built target nav2_smac_planner_common
[0.619s] [ 34%] Built target nav2_smac_planner_2d
[0.619s] [ 39%] Built target nav2_smac_planner_lattice
[0.619s] [ 43%] Built target nav2_smac_planner
[0.619s] [ 47%] Built target test_smac_lattice
[0.619s] [ 52%] Built target test_smac_2d
[0.619s] [ 60%] Built target test_collision_checker
[0.619s] [ 56%] Built target test_costmap_downsampler
[0.619s] [ 65%] Built target test_node2d
[0.619s] [ 69%] Built target test_utils
[0.619s] [ 73%] Built target test_nodebasic
[0.620s] [ 78%] Built target test_nodehybrid
[0.620s] [ 82%] Built target test_smac_hybrid
[0.620s] [ 86%] Built target test_goal_manager
[0.620s] [ 91%] Built target test_lattice_node
[0.620s] [ 95%] Built target test_smoother
[0.620s] [100%] Built target test_a_star
[0.649s] Invoked command in '/home/thomas24/hive_ws2/build/nav2_smac_planner' returned '0': AMENT_PREFIX_PATH=/home/thomas24/hive_ws2/install/nav2_core:/home/thomas24/hive_ws2/install/nav2_costmap_2d:/home/thomas24/hive_ws2/install/nav2_map_server:/home/thomas24/hive_ws2/install/nav2_lifecycle_manager:/home/thomas24/hive_ws2/install/nav2_behavior_tree:/home/thomas24/hive_ws2/install/nav2_util:/home/thomas24/hive_ws2/install/nav2_ros_common:/home/thomas24/hive_ws2/install/nav2_voxel_grid:/home/thomas24/hive_ws2/install/nav2_msgs:/home/thomas24/hive_ws2/install/nav2_common:${AMENT_PREFIX_PATH} CMAKE_PREFIX_PATH=/home/thomas24/hive_ws2/install/nav2_core:/home/thomas24/hive_ws2/install/nav2_costmap_2d:/home/thomas24/hive_ws2/install/nav2_map_server:/home/thomas24/hive_ws2/install/nav2_lifecycle_manager:/home/thomas24/hive_ws2/install/nav2_behavior_tree:/home/thomas24/hive_ws2/install/nav2_util:/home/thomas24/hive_ws2/install/nav2_ros_common:/home/thomas24/hive_ws2/install/nav2_voxel_grid:/home/thomas24/hive_ws2/install/nav2_msgs:/home/thomas24/hive_ws2/install/nav2_common:/home/thomas24/hiveverse_ws/install/hive_simulation:/home/thomas24/hiveverse_ws/install/hive_robot_description:/opt/ros/jazzy/opt/gz_sim_vendor:/opt/ros/jazzy/opt/gz_sensors_vendor:/opt/ros/jazzy/opt/gz_physics_vendor:/opt/ros/jazzy/opt/sdformat_vendor:/opt/ros/jazzy/opt/gz_gui_vendor:/opt/ros/jazzy/opt/gz_transport_vendor:/opt/ros/jazzy/opt/gz_rendering_vendor:/opt/ros/jazzy/opt/gz_plugin_vendor:/opt/ros/jazzy/opt/gz_fuel_tools_vendor:/opt/ros/jazzy/opt/gz_msgs_vendor:/opt/ros/jazzy/opt/gz_common_vendor:/opt/ros/jazzy/opt/gz_math_vendor:/opt/ros/jazzy/opt/gz_utils_vendor:/opt/ros/jazzy/opt/gz_tools_vendor:/opt/ros/jazzy/opt/gz_ogre_next_vendor:/opt/ros/jazzy/opt/gz_dartsim_vendor:/opt/ros/jazzy/opt/gz_cmake_vendor:/home/thomas24/hiveverse_ws/install/hive_tools:/home/thomas24/hiveverse_ws/install/hive_bringup:/opt/ros/jazzy DEBUGINFOD_URLS=https://debuginfod.ubuntu.com LD_LIBRARY_PATH=/home/thomas24/hive_ws2/install/nav2_costmap_2d/lib:/home/thomas24/hive_ws2/install/nav2_map_server/lib:/home/thomas24/hive_ws2/install/nav2_lifecycle_manager/lib:/home/thomas24/hive_ws2/install/nav2_behavior_tree/lib:/home/thomas24/hive_ws2/install/nav2_util/lib:/home/thomas24/hive_ws2/install/nav2_voxel_grid/lib:/home/thomas24/hive_ws2/install/nav2_msgs/lib:${LD_LIBRARY_PATH} PYTHONPATH=/home/thomas24/hive_ws2/install/nav2_msgs/lib/python3.12/site-packages:/home/thomas24/hive_ws2/install/nav2_common/lib/python3.12/site-packages:${PYTHONPATH} /usr/bin/cmake --build /home/thomas24/hive_ws2/build/nav2_smac_planner -- -j16 -l16
[0.650s] Invoking command in '/home/thomas24/hive_ws2/build/nav2_smac_planner': AMENT_PREFIX_PATH=/home/thomas24/hive_ws2/install/nav2_core:/home/thomas24/hive_ws2/install/nav2_costmap_2d:/home/thomas24/hive_ws2/install/nav2_map_server:/home/thomas24/hive_ws2/install/nav2_lifecycle_manager:/home/thomas24/hive_ws2/install/nav2_behavior_tree:/home/thomas24/hive_ws2/install/nav2_util:/home/thomas24/hive_ws2/install/nav2_ros_common:/home/thomas24/hive_ws2/install/nav2_voxel_grid:/home/thomas24/hive_ws2/install/nav2_msgs:/home/thomas24/hive_ws2/install/nav2_common:${AMENT_PREFIX_PATH} CMAKE_PREFIX_PATH=/home/thomas24/hive_ws2/install/nav2_core:/home/thomas24/hive_ws2/install/nav2_costmap_2d:/home/thomas24/hive_ws2/install/nav2_map_server:/home/thomas24/hive_ws2/install/nav2_lifecycle_manager:/home/thomas24/hive_ws2/install/nav2_behavior_tree:/home/thomas24/hive_ws2/install/nav2_util:/home/thomas24/hive_ws2/install/nav2_ros_common:/home/thomas24/hive_ws2/install/nav2_voxel_grid:/home/thomas24/hive_ws2/install/nav2_msgs:/home/thomas24/hive_ws2/install/nav2_common:/home/thomas24/hiveverse_ws/install/hive_simulation:/home/thomas24/hiveverse_ws/install/hive_robot_description:/opt/ros/jazzy/opt/gz_sim_vendor:/opt/ros/jazzy/opt/gz_sensors_vendor:/opt/ros/jazzy/opt/gz_physics_vendor:/opt/ros/jazzy/opt/sdformat_vendor:/opt/ros/jazzy/opt/gz_gui_vendor:/opt/ros/jazzy/opt/gz_transport_vendor:/opt/ros/jazzy/opt/gz_rendering_vendor:/opt/ros/jazzy/opt/gz_plugin_vendor:/opt/ros/jazzy/opt/gz_fuel_tools_vendor:/opt/ros/jazzy/opt/gz_msgs_vendor:/opt/ros/jazzy/opt/gz_common_vendor:/opt/ros/jazzy/opt/gz_math_vendor:/opt/ros/jazzy/opt/gz_utils_vendor:/opt/ros/jazzy/opt/gz_tools_vendor:/opt/ros/jazzy/opt/gz_ogre_next_vendor:/opt/ros/jazzy/opt/gz_dartsim_vendor:/opt/ros/jazzy/opt/gz_cmake_vendor:/home/thomas24/hiveverse_ws/install/hive_tools:/home/thomas24/hiveverse_ws/install/hive_bringup:/opt/ros/jazzy DEBUGINFOD_URLS=https://debuginfod.ubuntu.com LD_LIBRARY_PATH=/home/thomas24/hive_ws2/install/nav2_costmap_2d/lib:/home/thomas24/hive_ws2/install/nav2_map_server/lib:/home/thomas24/hive_ws2/install/nav2_lifecycle_manager/lib:/home/thomas24/hive_ws2/install/nav2_behavior_tree/lib:/home/thomas24/hive_ws2/install/nav2_util/lib:/home/thomas24/hive_ws2/install/nav2_voxel_grid/lib:/home/thomas24/hive_ws2/install/nav2_msgs/lib:${LD_LIBRARY_PATH} PYTHONPATH=/home/thomas24/hive_ws2/install/nav2_msgs/lib/python3.12/site-packages:/home/thomas24/hive_ws2/install/nav2_common/lib/python3.12/site-packages:${PYTHONPATH} /usr/bin/cmake --install /home/thomas24/hive_ws2/build/nav2_smac_planner
[0.723s] -- Install configuration: "Release"
[0.723s] -- Execute custom install script
[0.723s] -- Up-to-date symlink: /home/thomas24/hive_ws2/install/nav2_smac_planner/share/nav2_smac_planner//smac_plugin_hybrid.xml
[0.723s] -- Up-to-date symlink: /home/thomas24/hive_ws2/install/nav2_smac_planner/share/nav2_smac_planner//smac_plugin_2d.xml
[0.723s] -- Up-to-date symlink: /home/thomas24/hive_ws2/install/nav2_smac_planner/share/nav2_smac_planner//smac_plugin_lattice.xml
[0.723s] -- Up-to-date symlink: /home/thomas24/hive_ws2/install/nav2_smac_planner/include/nav2_smac_planner/nav2_smac_planner/a_star.hpp
[0.723s] -- Up-to-date symlink: /home/thomas24/hive_ws2/install/nav2_smac_planner/include/nav2_smac_planner/nav2_smac_planner/analytic_expansion.hpp
[0.723s] -- Up-to-date symlink: /home/thomas24/hive_ws2/install/nav2_smac_planner/include/nav2_smac_planner/nav2_smac_planner/collision_checker.hpp
[0.723s] -- Up-to-date symlink: /home/thomas24/hive_ws2/install/nav2_smac_planner/include/nav2_smac_planner/nav2_smac_planner/constants.hpp
[0.723s] -- Up-to-date symlink: /home/thomas24/hive_ws2/install/nav2_smac_planner/include/nav2_smac_planner/nav2_smac_planner/costmap_downsampler.hpp
[0.724s] -- Up-to-date symlink: /home/thomas24/hive_ws2/install/nav2_smac_planner/include/nav2_smac_planner/nav2_smac_planner/goal_manager.hpp
[0.724s] -- Up-to-date symlink: /home/thomas24/hive_ws2/install/nav2_smac_planner/include/nav2_smac_planner/nav2_smac_planner/node_2d.hpp
[0.724s] -- Up-to-date symlink: /home/thomas24/hive_ws2/install/nav2_smac_planner/include/nav2_smac_planner/nav2_smac_planner/node_basic.hpp
[0.724s] -- Up-to-date symlink: /home/thomas24/hive_ws2/install/nav2_smac_planner/include/nav2_smac_planner/nav2_smac_planner/node_hybrid.hpp
[0.724s] -- Up-to-date symlink: /home/thomas24/hive_ws2/install/nav2_smac_planner/include/nav2_smac_planner/nav2_smac_planner/node_lattice.hpp
[0.724s] -- Up-to-date symlink: /home/thomas24/hive_ws2/install/nav2_smac_planner/include/nav2_smac_planner/nav2_smac_planner/smac_planner_2d.hpp
[0.724s] -- Up-to-date symlink: /home/thomas24/hive_ws2/install/nav2_smac_planner/include/nav2_smac_planner/nav2_smac_planner/smac_planner_hybrid.hpp
[0.724s] -- Up-to-date symlink: /home/thomas24/hive_ws2/install/nav2_smac_planner/include/nav2_smac_planner/nav2_smac_planner/smac_planner_lattice.hpp
[0.724s] -- Up-to-date symlink: /home/thomas24/hive_ws2/install/nav2_smac_planner/include/nav2_smac_planner/nav2_smac_planner/smoother.hpp
[0.724s] -- Up-to-date symlink: /home/thomas24/hive_ws2/install/nav2_smac_planner/include/nav2_smac_planner/nav2_smac_planner/thirdparty/robin_hood.h
[0.724s] -- Up-to-date symlink: /home/thomas24/hive_ws2/install/nav2_smac_planner/include/nav2_smac_planner/nav2_smac_planner/types.hpp
[0.724s] -- Up-to-date symlink: /home/thomas24/hive_ws2/install/nav2_smac_planner/include/nav2_smac_planner/nav2_smac_planner/utils.hpp
[0.724s] -- Up-to-date symlink: /home/thomas24/hive_ws2/install/nav2_smac_planner/include/nav2_smac_planner/nav2_smac_planner_common_visibility_control.hpp
[0.724s] -- Up-to-date symlink: /home/thomas24/hive_ws2/install/nav2_smac_planner/share/nav2_smac_planner/sample_primitives/5cm_resolution/0.5m_turning_radius/ackermann/output.json
[0.724s] -- Up-to-date symlink: /home/thomas24/hive_ws2/install/nav2_smac_planner/share/nav2_smac_planner/sample_primitives/5cm_resolution/0.5m_turning_radius/all_trajectories.png
[0.724s] -- Up-to-date symlink: /home/thomas24/hive_ws2/install/nav2_smac_planner/share/nav2_smac_planner/sample_primitives/5cm_resolution/0.5m_turning_radius/diff/output.json
[0.725s] -- Up-to-date symlink: /home/thomas24/hive_ws2/install/nav2_smac_planner/share/nav2_smac_planner/sample_primitives/5cm_resolution/0.5m_turning_radius/omni/output.json
[0.725s] -- Up-to-date symlink: /home/thomas24/hive_ws2/install/nav2_smac_planner/share/nav2_smac_planner/sample_primitives/5cm_resolution/1m_turning_radius/ackermann/output.json
[0.725s] -- Up-to-date symlink: /home/thomas24/hive_ws2/install/nav2_smac_planner/share/nav2_smac_planner/sample_primitives/5cm_resolution/1m_turning_radius/all_trajectories.png
[0.725s] -- Up-to-date symlink: /home/thomas24/hive_ws2/install/nav2_smac_planner/share/nav2_smac_planner/sample_primitives/5cm_resolution/1m_turning_radius/diff/output.json
[0.725s] -- Up-to-date symlink: /home/thomas24/hive_ws2/install/nav2_smac_planner/share/nav2_smac_planner/sample_primitives/5cm_resolution/1m_turning_radius/omni/output.json
[0.725s] -- Up-to-date symlink: /home/thomas24/hive_ws2/install/nav2_smac_planner/share/nav2_smac_planner/sample_primitives/test/output.json
[0.725s] -- Up-to-date symlink: /home/thomas24/hive_ws2/install/nav2_smac_planner/share/nav2_smac_planner/environment/library_path.sh
[0.725s] -- Up-to-date symlink: /home/thomas24/hive_ws2/install/nav2_smac_planner/share/nav2_smac_planner/environment/library_path.dsv
[0.725s] -- Up-to-date symlink: /home/thomas24/hive_ws2/install/nav2_smac_planner/share/ament_index/resource_index/package_run_dependencies/nav2_smac_planner
[0.725s] -- Up-to-date symlink: /home/thomas24/hive_ws2/install/nav2_smac_planner/share/ament_index/resource_index/parent_prefix_path/nav2_smac_planner
[0.725s] -- Up-to-date symlink: /home/thomas24/hive_ws2/install/nav2_smac_planner/share/nav2_smac_planner/environment/ament_prefix_path.sh
[0.725s] -- Up-to-date symlink: /home/thomas24/hive_ws2/install/nav2_smac_planner/share/nav2_smac_planner/environment/ament_prefix_path.dsv
[0.725s] -- Up-to-date symlink: /home/thomas24/hive_ws2/install/nav2_smac_planner/share/nav2_smac_planner/environment/path.sh
[0.725s] -- Up-to-date symlink: /home/thomas24/hive_ws2/install/nav2_smac_planner/share/nav2_smac_planner/environment/path.dsv
[0.725s] -- Up-to-date symlink: /home/thomas24/hive_ws2/install/nav2_smac_planner/share/nav2_smac_planner/local_setup.bash
[0.725s] -- Up-to-date symlink: /home/thomas24/hive_ws2/install/nav2_smac_planner/share/nav2_smac_planner/local_setup.sh
[0.726s] -- Up-to-date symlink: /home/thomas24/hive_ws2/install/nav2_smac_planner/share/nav2_smac_planner/local_setup.zsh
[0.726s] -- Up-to-date symlink: /home/thomas24/hive_ws2/install/nav2_smac_planner/share/nav2_smac_planner/local_setup.dsv
[0.726s] -- Symlinking: /home/thomas24/hive_ws2/install/nav2_smac_planner/share/nav2_smac_planner/package.dsv
[0.727s] -- Up-to-date symlink: /home/thomas24/hive_ws2/install/nav2_smac_planner/share/ament_index/resource_index/packages/nav2_smac_planner
[0.727s] -- Up-to-date symlink: /home/thomas24/hive_ws2/install/nav2_smac_planner/share/ament_index/resource_index/nav2_core__pluginlib__plugin/nav2_smac_planner
[0.727s] -- Up-to-date symlink: /home/thomas24/hive_ws2/install/nav2_smac_planner/share/nav2_smac_planner/cmake/ament_cmake_export_include_directories-extras.cmake
[0.727s] -- Up-to-date symlink: /home/thomas24/hive_ws2/install/nav2_smac_planner/share/nav2_smac_planner/cmake/ament_cmake_export_libraries-extras.cmake
[0.731s] -- Up-to-date symlink: /home/thomas24/hive_ws2/install/nav2_smac_planner/share/nav2_smac_planner/cmake/ament_cmake_export_dependencies-extras.cmake
[0.732s] -- Up-to-date symlink: /home/thomas24/hive_ws2/install/nav2_smac_planner/share/nav2_smac_planner/cmake/ament_cmake_export_targets-extras.cmake
[0.732s] -- Up-to-date symlink: /home/thomas24/hive_ws2/install/nav2_smac_planner/share/nav2_smac_planner/cmake/nav2_smac_plannerConfig.cmake
[0.732s] -- Up-to-date symlink: /home/thomas24/hive_ws2/install/nav2_smac_planner/share/nav2_smac_planner/cmake/nav2_smac_plannerConfig-version.cmake
[0.733s] -- Up-to-date symlink: /home/thomas24/hive_ws2/install/nav2_smac_planner/share/nav2_smac_planner/package.xml
[0.733s] -- Up-to-date: /home/thomas24/hive_ws2/install/nav2_smac_planner/lib/libnav2_smac_planner_common.so
[0.733s] -- Up-to-date: /home/thomas24/hive_ws2/install/nav2_smac_planner/lib/libnav2_smac_planner.so
[0.733s] -- Up-to-date: /home/thomas24/hive_ws2/install/nav2_smac_planner/lib/libnav2_smac_planner_2d.so
[0.733s] -- Up-to-date: /home/thomas24/hive_ws2/install/nav2_smac_planner/lib/libnav2_smac_planner_lattice.so
[0.733s] -- Up-to-date: /home/thomas24/hive_ws2/install/nav2_smac_planner/share/nav2_smac_planner/cmake/nav2_smac_plannerExport.cmake
[0.733s] -- Up-to-date: /home/thomas24/hive_ws2/install/nav2_smac_planner/share/nav2_smac_planner/cmake/nav2_smac_plannerExport-release.cmake
[0.914s] Invoked command in '/home/thomas24/hive_ws2/build/nav2_smac_planner' returned '0': AMENT_PREFIX_PATH=/home/thomas24/hive_ws2/install/nav2_core:/home/thomas24/hive_ws2/install/nav2_costmap_2d:/home/thomas24/hive_ws2/install/nav2_map_server:/home/thomas24/hive_ws2/install/nav2_lifecycle_manager:/home/thomas24/hive_ws2/install/nav2_behavior_tree:/home/thomas24/hive_ws2/install/nav2_util:/home/thomas24/hive_ws2/install/nav2_ros_common:/home/thomas24/hive_ws2/install/nav2_voxel_grid:/home/thomas24/hive_ws2/install/nav2_msgs:/home/thomas24/hive_ws2/install/nav2_common:${AMENT_PREFIX_PATH} CMAKE_PREFIX_PATH=/home/thomas24/hive_ws2/install/nav2_core:/home/thomas24/hive_ws2/install/nav2_costmap_2d:/home/thomas24/hive_ws2/install/nav2_map_server:/home/thomas24/hive_ws2/install/nav2_lifecycle_manager:/home/thomas24/hive_ws2/install/nav2_behavior_tree:/home/thomas24/hive_ws2/install/nav2_util:/home/thomas24/hive_ws2/install/nav2_ros_common:/home/thomas24/hive_ws2/install/nav2_voxel_grid:/home/thomas24/hive_ws2/install/nav2_msgs:/home/thomas24/hive_ws2/install/nav2_common:/home/thomas24/hiveverse_ws/install/hive_simulation:/home/thomas24/hiveverse_ws/install/hive_robot_description:/opt/ros/jazzy/opt/gz_sim_vendor:/opt/ros/jazzy/opt/gz_sensors_vendor:/opt/ros/jazzy/opt/gz_physics_vendor:/opt/ros/jazzy/opt/sdformat_vendor:/opt/ros/jazzy/opt/gz_gui_vendor:/opt/ros/jazzy/opt/gz_transport_vendor:/opt/ros/jazzy/opt/gz_rendering_vendor:/opt/ros/jazzy/opt/gz_plugin_vendor:/opt/ros/jazzy/opt/gz_fuel_tools_vendor:/opt/ros/jazzy/opt/gz_msgs_vendor:/opt/ros/jazzy/opt/gz_common_vendor:/opt/ros/jazzy/opt/gz_math_vendor:/opt/ros/jazzy/opt/gz_utils_vendor:/opt/ros/jazzy/opt/gz_tools_vendor:/opt/ros/jazzy/opt/gz_ogre_next_vendor:/opt/ros/jazzy/opt/gz_dartsim_vendor:/opt/ros/jazzy/opt/gz_cmake_vendor:/home/thomas24/hiveverse_ws/install/hive_tools:/home/thomas24/hiveverse_ws/install/hive_bringup:/opt/ros/jazzy DEBUGINFOD_URLS=https://debuginfod.ubuntu.com LD_LIBRARY_PATH=/home/thomas24/hive_ws2/install/nav2_costmap_2d/lib:/home/thomas24/hive_ws2/install/nav2_map_server/lib:/home/thomas24/hive_ws2/install/nav2_lifecycle_manager/lib:/home/thomas24/hive_ws2/install/nav2_behavior_tree/lib:/home/thomas24/hive_ws2/install/nav2_util/lib:/home/thomas24/hive_ws2/install/nav2_voxel_grid/lib:/home/thomas24/hive_ws2/install/nav2_msgs/lib:${LD_LIBRARY_PATH} PYTHONPATH=/home/thomas24/hive_ws2/install/nav2_msgs/lib/python3.12/site-packages:/home/thomas24/hive_ws2/install/nav2_common/lib/python3.12/site-packages:${PYTHONPATH} /usr/bin/cmake --install /home/thomas24/hive_ws2/build/nav2_smac_planner
