-- The C compiler identification is GNU 13.3.0
-- The CXX compiler identification is GNU 13.3.0
-- Detecting C compiler ABI info
-- Detecting C compiler ABI info - done
-- Check for working C compiler: /usr/bin/cc - skipped
-- Detecting C compile features
-- Detecting C compile features - done
-- Detecting CXX compiler ABI info
-- Detecting CXX compiler ABI info - done
-- Check for working CXX compiler: /usr/bin/c++ - skipped
-- Detecting CXX compile features
-- Detecting CXX compile features - done
-- Found ament_cmake: 2.5.4 (/opt/ros/jazzy/share/ament_cmake/cmake)
-- Found Python3: /usr/bin/python3 (found version "3.12.3") found components: Interpreter 
-- Found dwb_core: 1.4.0 (/home/thomas24/hive_ws2/install/dwb_core/share/dwb_core/cmake)
-- Found rosidl_generator_c: 4.6.6 (/opt/ros/jazzy/share/rosidl_generator_c/cmake)
-- Found rosidl_generator_cpp: 4.6.6 (/opt/ros/jazzy/share/rosidl_generator_cpp/cmake)
-- Using all available rosidl_typesupport_c: rosidl_typesupport_fastrtps_c;rosidl_typesupport_introspection_c
-- Using all available rosidl_typesupport_cpp: rosidl_typesupport_fastrtps_cpp;rosidl_typesupport_introspection_cpp
-- Found rmw_implementation_cmake: 7.3.2 (/opt/ros/jazzy/share/rmw_implementation_cmake/cmake)
-- Found rmw_fastrtps_cpp: 8.4.3 (/opt/ros/jazzy/share/rmw_fastrtps_cpp/cmake)
-- Found OpenSSL: /usr/lib/x86_64-linux-gnu/libcrypto.so (found version "3.0.13")  
-- Found FastRTPS: /opt/ros/jazzy/include (Required is at least version "2.13") 
-- Using RMW implementation 'rmw_fastrtps_cpp' as default
-- Found eigen3_cmake_module: 0.3.0 (/opt/ros/jazzy/share/eigen3_cmake_module/cmake)
-- Found Eigen3: TRUE (found version "3.4.0") 
-- Ensuring Eigen3 include directory is part of orocos-kdl CMake target
-- Setting build type to Release as none was specified.
-- Found ament_lint_auto: 0.17.3 (/opt/ros/jazzy/share/ament_lint_auto/cmake)
-- Found gtest sources under '/opt/ros/jazzy/src/gtest_vendor': C++ tests using 'Google Test' will be built
-- Performing Test CMAKE_HAVE_LIBC_PTHREAD
-- Performing Test CMAKE_HAVE_LIBC_PTHREAD - Success
-- Found Threads: TRUE  
-- Added test 'cppcheck' to perform static code analysis on C / C++ code
-- Configured cppcheck include dirs: $<BUILD_INTERFACE:/home/thomas24/hive_ws2/src/navigation2/nav2_dwb_controller/dwb_plugins/include>
-- Configured cppcheck exclude dirs and/or files: 
-- Added test 'cpplint' to check C / C++ code against the Google style
-- Configured cpplint exclude dirs and/or files: 
-- Added test 'lint_cmake' to check CMake code style
-- Added test 'uncrustify' to check C / C++ code style
-- Configured uncrustify additional arguments: 
-- Added test 'xmllint' to check XML markup files
-- Configuring done (3.4s)
-- Generating done (0.1s)
-- Build files have been written to: /home/thomas24/hive_ws2/build/dwb_plugins
[  5%] [32mBuilding CXX object CMakeFiles/standard_traj_generator.dir/src/standard_traj_generator.cpp.o[0m
[ 11%] [32mBuilding CXX object CMakeFiles/standard_traj_generator.dir/src/xy_theta_iterator.cpp.o[0m
[ 17%] [32mBuilding CXX object CMakeFiles/standard_traj_generator.dir/src/kinematic_parameters.cpp.o[0m
[ 23%] [32mBuilding CXX object CMakeFiles/standard_traj_generator.dir/src/limited_accel_generator.cpp.o[0m
[ 29%] [32m[1mLinking CXX shared library libstandard_traj_generator.so[0m
[ 29%] Built target standard_traj_generator
[ 35%] [32mBuilding CXX object gtest/CMakeFiles/gtest.dir/src/gtest-all.cc.o[0m
[ 41%] [32m[1mLinking CXX static library libgtest.a[0m
[ 41%] Built target gtest
[ 47%] [32mBuilding CXX object gtest/CMakeFiles/gtest_main.dir/src/gtest_main.cc.o[0m
[ 52%] [32m[1mLinking CXX static library libgtest_main.a[0m
[ 52%] Built target gtest_main
[ 58%] [32mBuilding CXX object test/CMakeFiles/vtest.dir/velocity_iterator_test.cpp.o[0m
[ 64%] [32m[1mLinking CXX executable vtest[0m
[ 64%] Built target vtest
[ 70%] [32mBuilding CXX object test/CMakeFiles/speed_limit_test.dir/speed_limit_test.cpp.o[0m
[ 76%] [32m[1mLinking CXX executable speed_limit_test[0m
[ 76%] Built target speed_limit_test
[ 82%] [32mBuilding CXX object test/CMakeFiles/kinematic_parameters_test.dir/kinematic_parameters_test.cpp.o[0m
[ 88%] [32m[1mLinking CXX executable kinematic_parameters_test[0m
[ 88%] Built target kinematic_parameters_test
[ 94%] [32mBuilding CXX object test/CMakeFiles/twist_gen_test.dir/twist_gen.cpp.o[0m
[100%] [32m[1mLinking CXX executable twist_gen_test[0m
[100%] Built target twist_gen_test
-- Install configuration: "Release"
-- Installing: /home/thomas24/hive_ws2/install/dwb_plugins/lib/libstandard_traj_generator.so
-- Set non-toolchain portion of runtime path of "/home/thomas24/hive_ws2/install/dwb_plugins/lib/libstandard_traj_generator.so" to ""
-- Installing: /home/thomas24/hive_ws2/install/dwb_plugins/include/dwb_plugins
-- Installing: /home/thomas24/hive_ws2/install/dwb_plugins/include/dwb_plugins/dwb_plugins
-- Installing: /home/thomas24/hive_ws2/install/dwb_plugins/include/dwb_plugins/dwb_plugins/xy_theta_iterator.hpp
-- Installing: /home/thomas24/hive_ws2/install/dwb_plugins/include/dwb_plugins/dwb_plugins/limited_accel_generator.hpp
-- Installing: /home/thomas24/hive_ws2/install/dwb_plugins/include/dwb_plugins/dwb_plugins/one_d_velocity_iterator.hpp
-- Installing: /home/thomas24/hive_ws2/install/dwb_plugins/include/dwb_plugins/dwb_plugins/standard_traj_generator.hpp
-- Installing: /home/thomas24/hive_ws2/install/dwb_plugins/include/dwb_plugins/dwb_plugins/velocity_iterator.hpp
-- Installing: /home/thomas24/hive_ws2/install/dwb_plugins/include/dwb_plugins/dwb_plugins/kinematic_parameters.hpp
-- Installing: /home/thomas24/hive_ws2/install/dwb_plugins/share/dwb_plugins/plugins.xml
-- Installing: /home/thomas24/hive_ws2/install/dwb_plugins/share/dwb_plugins/environment/library_path.sh
-- Installing: /home/thomas24/hive_ws2/install/dwb_plugins/share/dwb_plugins/environment/library_path.dsv
-- Up-to-date: /home/thomas24/hive_ws2/install/dwb_plugins/share/dwb_plugins/plugins.xml
-- Installing: /home/thomas24/hive_ws2/install/dwb_plugins/share/ament_index/resource_index/package_run_dependencies/dwb_plugins
-- Installing: /home/thomas24/hive_ws2/install/dwb_plugins/share/ament_index/resource_index/parent_prefix_path/dwb_plugins
-- Installing: /home/thomas24/hive_ws2/install/dwb_plugins/share/dwb_plugins/environment/ament_prefix_path.sh
-- Installing: /home/thomas24/hive_ws2/install/dwb_plugins/share/dwb_plugins/environment/ament_prefix_path.dsv
-- Installing: /home/thomas24/hive_ws2/install/dwb_plugins/share/dwb_plugins/environment/path.sh
-- Installing: /home/thomas24/hive_ws2/install/dwb_plugins/share/dwb_plugins/environment/path.dsv
-- Installing: /home/thomas24/hive_ws2/install/dwb_plugins/share/dwb_plugins/local_setup.bash
-- Installing: /home/thomas24/hive_ws2/install/dwb_plugins/share/dwb_plugins/local_setup.sh
-- Installing: /home/thomas24/hive_ws2/install/dwb_plugins/share/dwb_plugins/local_setup.zsh
-- Installing: /home/thomas24/hive_ws2/install/dwb_plugins/share/dwb_plugins/local_setup.dsv
-- Installing: /home/thomas24/hive_ws2/install/dwb_plugins/share/dwb_plugins/package.dsv
-- Installing: /home/thomas24/hive_ws2/install/dwb_plugins/share/ament_index/resource_index/packages/dwb_plugins
-- Installing: /home/thomas24/hive_ws2/install/dwb_plugins/share/ament_index/resource_index/dwb_core__pluginlib__plugin/dwb_plugins
-- Installing: /home/thomas24/hive_ws2/install/dwb_plugins/share/dwb_plugins/cmake/dwb_pluginsExport.cmake
-- Installing: /home/thomas24/hive_ws2/install/dwb_plugins/share/dwb_plugins/cmake/dwb_pluginsExport-release.cmake
-- Installing: /home/thomas24/hive_ws2/install/dwb_plugins/share/dwb_plugins/cmake/ament_cmake_export_include_directories-extras.cmake
-- Installing: /home/thomas24/hive_ws2/install/dwb_plugins/share/dwb_plugins/cmake/ament_cmake_export_libraries-extras.cmake
-- Installing: /home/thomas24/hive_ws2/install/dwb_plugins/share/dwb_plugins/cmake/ament_cmake_export_dependencies-extras.cmake
-- Installing: /home/thomas24/hive_ws2/install/dwb_plugins/share/dwb_plugins/cmake/ament_cmake_export_targets-extras.cmake
-- Installing: /home/thomas24/hive_ws2/install/dwb_plugins/share/dwb_plugins/cmake/dwb_pluginsConfig.cmake
-- Installing: /home/thomas24/hive_ws2/install/dwb_plugins/share/dwb_plugins/cmake/dwb_pluginsConfig-version.cmake
-- Installing: /home/thomas24/hive_ws2/install/dwb_plugins/share/dwb_plugins/package.xml
