[0.085s] Invoking command in '/home/thomas24/hive_ws2/build/dwb_plugins': AMENT_PREFIX_PATH=/home/thomas24/hive_ws2/install/dwb_core:/home/thomas24/hive_ws2/install/nav2_core:/home/thomas24/hive_ws2/install/nav2_costmap_2d:/home/thomas24/hive_ws2/install/nav_2d_utils:/home/thomas24/hive_ws2/install/nav2_map_server:/home/thomas24/hive_ws2/install/nav2_lifecycle_manager:/home/thomas24/hive_ws2/install/nav2_behavior_tree:/home/thomas24/hive_ws2/install/nav2_util:/home/thomas24/hive_ws2/install/nav2_ros_common:/home/thomas24/hive_ws2/install/nav2_voxel_grid:/home/thomas24/hive_ws2/install/nav2_msgs:/home/thomas24/hive_ws2/install/dwb_msgs:/home/thomas24/hive_ws2/install/nav_2d_msgs:/home/thomas24/hive_ws2/install/nav2_common:${AMENT_PREFIX_PATH} CMAKE_PREFIX_PATH=/home/thomas24/hive_ws2/install/dwb_core:/home/thomas24/hive_ws2/install/nav2_core:/home/thomas24/hive_ws2/install/nav2_costmap_2d:/home/thomas24/hive_ws2/install/nav_2d_utils:/home/thomas24/hive_ws2/install/nav2_map_server:/home/thomas24/hive_ws2/install/nav2_lifecycle_manager:/home/thomas24/hive_ws2/install/nav2_behavior_tree:/home/thomas24/hive_ws2/install/nav2_util:/home/thomas24/hive_ws2/install/nav2_ros_common:/home/thomas24/hive_ws2/install/nav2_voxel_grid:/home/thomas24/hive_ws2/install/nav2_msgs:/home/thomas24/hive_ws2/install/dwb_msgs:/home/thomas24/hive_ws2/install/nav_2d_msgs:/home/thomas24/hive_ws2/install/nav2_common:/opt/ros/jazzy/opt/gz_sim_vendor:/opt/ros/jazzy/opt/gz_sensors_vendor:/opt/ros/jazzy/opt/gz_physics_vendor:/opt/ros/jazzy/opt/sdformat_vendor:/opt/ros/jazzy/opt/gz_gui_vendor:/opt/ros/jazzy/opt/gz_transport_vendor:/opt/ros/jazzy/opt/gz_rendering_vendor:/opt/ros/jazzy/opt/gz_plugin_vendor:/opt/ros/jazzy/opt/gz_fuel_tools_vendor:/opt/ros/jazzy/opt/gz_msgs_vendor:/opt/ros/jazzy/opt/gz_common_vendor:/opt/ros/jazzy/opt/gz_math_vendor:/opt/ros/jazzy/opt/gz_utils_vendor:/opt/ros/jazzy/opt/gz_tools_vendor:/opt/ros/jazzy/opt/gz_ogre_next_vendor:/opt/ros/jazzy/opt/gz_dartsim_vendor:/opt/ros/jazzy/opt/gz_cmake_vendor:/opt/ros/jazzy DEBUGINFOD_URLS=https://debuginfod.ubuntu.com LD_LIBRARY_PATH=/home/thomas24/hive_ws2/install/dwb_core/lib:/home/thomas24/hive_ws2/install/nav2_costmap_2d/lib:/home/thomas24/hive_ws2/install/nav_2d_utils/lib:/home/thomas24/hive_ws2/install/nav2_map_server/lib:/home/thomas24/hive_ws2/install/nav2_lifecycle_manager/lib:/home/thomas24/hive_ws2/install/nav2_behavior_tree/lib:/home/thomas24/hive_ws2/install/nav2_util/lib:/home/thomas24/hive_ws2/install/nav2_voxel_grid/lib:/home/thomas24/hive_ws2/install/nav2_msgs/lib:/home/thomas24/hive_ws2/install/dwb_msgs/lib:/home/thomas24/hive_ws2/install/nav_2d_msgs/lib:${LD_LIBRARY_PATH} PYTHONPATH=/home/thomas24/hive_ws2/install/nav2_msgs/lib/python3.12/site-packages:/home/thomas24/hive_ws2/install/dwb_msgs/lib/python3.12/site-packages:/home/thomas24/hive_ws2/install/nav_2d_msgs/lib/python3.12/site-packages:/home/thomas24/hive_ws2/install/nav2_common/lib/python3.12/site-packages:${PYTHONPATH} /usr/bin/cmake /home/thomas24/hive_ws2/src/navigation2/nav2_dwb_controller/dwb_plugins -DCMAKE_INSTALL_PREFIX=/home/thomas24/hive_ws2/install/dwb_plugins
[3.418s] -- The C compiler identification is GNU 13.3.0
[3.418s] -- The CXX compiler identification is GNU 13.3.0
[3.418s] -- Detecting C compiler ABI info
[3.418s] -- Detecting C compiler ABI info - done
[3.418s] -- Check for working C compiler: /usr/bin/cc - skipped
[3.418s] -- Detecting C compile features
[3.418s] -- Detecting C compile features - done
[3.418s] -- Detecting CXX compiler ABI info
[3.418s] -- Detecting CXX compiler ABI info - done
[3.419s] -- Check for working CXX compiler: /usr/bin/c++ - skipped
[3.419s] -- Detecting CXX compile features
[3.419s] -- Detecting CXX compile features - done
[3.419s] -- Found ament_cmake: 2.5.4 (/opt/ros/jazzy/share/ament_cmake/cmake)
[3.419s] -- Found Python3: /usr/bin/python3 (found version "3.12.3") found components: Interpreter 
[3.419s] -- Found dwb_core: 1.4.0 (/home/thomas24/hive_ws2/install/dwb_core/share/dwb_core/cmake)
[3.419s] -- Found rosidl_generator_c: 4.6.6 (/opt/ros/jazzy/share/rosidl_generator_c/cmake)
[3.419s] -- Found rosidl_generator_cpp: 4.6.6 (/opt/ros/jazzy/share/rosidl_generator_cpp/cmake)
[3.419s] -- Using all available rosidl_typesupport_c: rosidl_typesupport_fastrtps_c;rosidl_typesupport_introspection_c
[3.419s] -- Using all available rosidl_typesupport_cpp: rosidl_typesupport_fastrtps_cpp;rosidl_typesupport_introspection_cpp
[3.419s] -- Found rmw_implementation_cmake: 7.3.2 (/opt/ros/jazzy/share/rmw_implementation_cmake/cmake)
[3.419s] -- Found rmw_fastrtps_cpp: 8.4.3 (/opt/ros/jazzy/share/rmw_fastrtps_cpp/cmake)
[3.419s] -- Found OpenSSL: /usr/lib/x86_64-linux-gnu/libcrypto.so (found version "3.0.13")  
[3.419s] -- Found FastRTPS: /opt/ros/jazzy/include (Required is at least version "2.13") 
[3.419s] -- Using RMW implementation 'rmw_fastrtps_cpp' as default
[3.420s] -- Found eigen3_cmake_module: 0.3.0 (/opt/ros/jazzy/share/eigen3_cmake_module/cmake)
[3.420s] -- Found Eigen3: TRUE (found version "3.4.0") 
[3.420s] -- Ensuring Eigen3 include directory is part of orocos-kdl CMake target
[3.420s] -- Setting build type to Release as none was specified.
[3.420s] -- Found ament_lint_auto: 0.17.3 (/opt/ros/jazzy/share/ament_lint_auto/cmake)
[3.420s] -- Found gtest sources under '/opt/ros/jazzy/src/gtest_vendor': C++ tests using 'Google Test' will be built
[3.420s] -- Performing Test CMAKE_HAVE_LIBC_PTHREAD
[3.492s] -- Performing Test CMAKE_HAVE_LIBC_PTHREAD - Success
[3.493s] -- Found Threads: TRUE  
[3.507s] -- Added test 'cppcheck' to perform static code analysis on C / C++ code
[3.507s] -- Configured cppcheck include dirs: $<BUILD_INTERFACE:/home/thomas24/hive_ws2/src/navigation2/nav2_dwb_controller/dwb_plugins/include>
[3.508s] -- Configured cppcheck exclude dirs and/or files: 
[3.510s] -- Added test 'cpplint' to check C / C++ code against the Google style
[3.510s] -- Configured cpplint exclude dirs and/or files: 
[3.511s] -- Added test 'lint_cmake' to check CMake code style
[3.514s] -- Added test 'uncrustify' to check C / C++ code style
[3.514s] -- Configured uncrustify additional arguments: 
[3.515s] -- Added test 'xmllint' to check XML markup files
[3.524s] -- Configuring done (3.4s)
[3.659s] -- Generating done (0.1s)
[3.687s] -- Build files have been written to: /home/thomas24/hive_ws2/build/dwb_plugins
[3.730s] Invoked command in '/home/thomas24/hive_ws2/build/dwb_plugins' returned '0': AMENT_PREFIX_PATH=/home/thomas24/hive_ws2/install/dwb_core:/home/thomas24/hive_ws2/install/nav2_core:/home/thomas24/hive_ws2/install/nav2_costmap_2d:/home/thomas24/hive_ws2/install/nav_2d_utils:/home/thomas24/hive_ws2/install/nav2_map_server:/home/thomas24/hive_ws2/install/nav2_lifecycle_manager:/home/thomas24/hive_ws2/install/nav2_behavior_tree:/home/thomas24/hive_ws2/install/nav2_util:/home/thomas24/hive_ws2/install/nav2_ros_common:/home/thomas24/hive_ws2/install/nav2_voxel_grid:/home/thomas24/hive_ws2/install/nav2_msgs:/home/thomas24/hive_ws2/install/dwb_msgs:/home/thomas24/hive_ws2/install/nav_2d_msgs:/home/thomas24/hive_ws2/install/nav2_common:${AMENT_PREFIX_PATH} CMAKE_PREFIX_PATH=/home/thomas24/hive_ws2/install/dwb_core:/home/thomas24/hive_ws2/install/nav2_core:/home/thomas24/hive_ws2/install/nav2_costmap_2d:/home/thomas24/hive_ws2/install/nav_2d_utils:/home/thomas24/hive_ws2/install/nav2_map_server:/home/thomas24/hive_ws2/install/nav2_lifecycle_manager:/home/thomas24/hive_ws2/install/nav2_behavior_tree:/home/thomas24/hive_ws2/install/nav2_util:/home/thomas24/hive_ws2/install/nav2_ros_common:/home/thomas24/hive_ws2/install/nav2_voxel_grid:/home/thomas24/hive_ws2/install/nav2_msgs:/home/thomas24/hive_ws2/install/dwb_msgs:/home/thomas24/hive_ws2/install/nav_2d_msgs:/home/thomas24/hive_ws2/install/nav2_common:/opt/ros/jazzy/opt/gz_sim_vendor:/opt/ros/jazzy/opt/gz_sensors_vendor:/opt/ros/jazzy/opt/gz_physics_vendor:/opt/ros/jazzy/opt/sdformat_vendor:/opt/ros/jazzy/opt/gz_gui_vendor:/opt/ros/jazzy/opt/gz_transport_vendor:/opt/ros/jazzy/opt/gz_rendering_vendor:/opt/ros/jazzy/opt/gz_plugin_vendor:/opt/ros/jazzy/opt/gz_fuel_tools_vendor:/opt/ros/jazzy/opt/gz_msgs_vendor:/opt/ros/jazzy/opt/gz_common_vendor:/opt/ros/jazzy/opt/gz_math_vendor:/opt/ros/jazzy/opt/gz_utils_vendor:/opt/ros/jazzy/opt/gz_tools_vendor:/opt/ros/jazzy/opt/gz_ogre_next_vendor:/opt/ros/jazzy/opt/gz_dartsim_vendor:/opt/ros/jazzy/opt/gz_cmake_vendor:/opt/ros/jazzy DEBUGINFOD_URLS=https://debuginfod.ubuntu.com LD_LIBRARY_PATH=/home/thomas24/hive_ws2/install/dwb_core/lib:/home/thomas24/hive_ws2/install/nav2_costmap_2d/lib:/home/thomas24/hive_ws2/install/nav_2d_utils/lib:/home/thomas24/hive_ws2/install/nav2_map_server/lib:/home/thomas24/hive_ws2/install/nav2_lifecycle_manager/lib:/home/thomas24/hive_ws2/install/nav2_behavior_tree/lib:/home/thomas24/hive_ws2/install/nav2_util/lib:/home/thomas24/hive_ws2/install/nav2_voxel_grid/lib:/home/thomas24/hive_ws2/install/nav2_msgs/lib:/home/thomas24/hive_ws2/install/dwb_msgs/lib:/home/thomas24/hive_ws2/install/nav_2d_msgs/lib:${LD_LIBRARY_PATH} PYTHONPATH=/home/thomas24/hive_ws2/install/nav2_msgs/lib/python3.12/site-packages:/home/thomas24/hive_ws2/install/dwb_msgs/lib/python3.12/site-packages:/home/thomas24/hive_ws2/install/nav_2d_msgs/lib/python3.12/site-packages:/home/thomas24/hive_ws2/install/nav2_common/lib/python3.12/site-packages:${PYTHONPATH} /usr/bin/cmake /home/thomas24/hive_ws2/src/navigation2/nav2_dwb_controller/dwb_plugins -DCMAKE_INSTALL_PREFIX=/home/thomas24/hive_ws2/install/dwb_plugins
[3.730s] Invoking command in '/home/thomas24/hive_ws2/build/dwb_plugins': AMENT_PREFIX_PATH=/home/thomas24/hive_ws2/install/dwb_core:/home/thomas24/hive_ws2/install/nav2_core:/home/thomas24/hive_ws2/install/nav2_costmap_2d:/home/thomas24/hive_ws2/install/nav_2d_utils:/home/thomas24/hive_ws2/install/nav2_map_server:/home/thomas24/hive_ws2/install/nav2_lifecycle_manager:/home/thomas24/hive_ws2/install/nav2_behavior_tree:/home/thomas24/hive_ws2/install/nav2_util:/home/thomas24/hive_ws2/install/nav2_ros_common:/home/thomas24/hive_ws2/install/nav2_voxel_grid:/home/thomas24/hive_ws2/install/nav2_msgs:/home/thomas24/hive_ws2/install/dwb_msgs:/home/thomas24/hive_ws2/install/nav_2d_msgs:/home/thomas24/hive_ws2/install/nav2_common:${AMENT_PREFIX_PATH} CMAKE_PREFIX_PATH=/home/thomas24/hive_ws2/install/dwb_core:/home/thomas24/hive_ws2/install/nav2_core:/home/thomas24/hive_ws2/install/nav2_costmap_2d:/home/thomas24/hive_ws2/install/nav_2d_utils:/home/thomas24/hive_ws2/install/nav2_map_server:/home/thomas24/hive_ws2/install/nav2_lifecycle_manager:/home/thomas24/hive_ws2/install/nav2_behavior_tree:/home/thomas24/hive_ws2/install/nav2_util:/home/thomas24/hive_ws2/install/nav2_ros_common:/home/thomas24/hive_ws2/install/nav2_voxel_grid:/home/thomas24/hive_ws2/install/nav2_msgs:/home/thomas24/hive_ws2/install/dwb_msgs:/home/thomas24/hive_ws2/install/nav_2d_msgs:/home/thomas24/hive_ws2/install/nav2_common:/opt/ros/jazzy/opt/gz_sim_vendor:/opt/ros/jazzy/opt/gz_sensors_vendor:/opt/ros/jazzy/opt/gz_physics_vendor:/opt/ros/jazzy/opt/sdformat_vendor:/opt/ros/jazzy/opt/gz_gui_vendor:/opt/ros/jazzy/opt/gz_transport_vendor:/opt/ros/jazzy/opt/gz_rendering_vendor:/opt/ros/jazzy/opt/gz_plugin_vendor:/opt/ros/jazzy/opt/gz_fuel_tools_vendor:/opt/ros/jazzy/opt/gz_msgs_vendor:/opt/ros/jazzy/opt/gz_common_vendor:/opt/ros/jazzy/opt/gz_math_vendor:/opt/ros/jazzy/opt/gz_utils_vendor:/opt/ros/jazzy/opt/gz_tools_vendor:/opt/ros/jazzy/opt/gz_ogre_next_vendor:/opt/ros/jazzy/opt/gz_dartsim_vendor:/opt/ros/jazzy/opt/gz_cmake_vendor:/opt/ros/jazzy DEBUGINFOD_URLS=https://debuginfod.ubuntu.com LD_LIBRARY_PATH=/home/thomas24/hive_ws2/install/dwb_core/lib:/home/thomas24/hive_ws2/install/nav2_costmap_2d/lib:/home/thomas24/hive_ws2/install/nav_2d_utils/lib:/home/thomas24/hive_ws2/install/nav2_map_server/lib:/home/thomas24/hive_ws2/install/nav2_lifecycle_manager/lib:/home/thomas24/hive_ws2/install/nav2_behavior_tree/lib:/home/thomas24/hive_ws2/install/nav2_util/lib:/home/thomas24/hive_ws2/install/nav2_voxel_grid/lib:/home/thomas24/hive_ws2/install/nav2_msgs/lib:/home/thomas24/hive_ws2/install/dwb_msgs/lib:/home/thomas24/hive_ws2/install/nav_2d_msgs/lib:${LD_LIBRARY_PATH} PYTHONPATH=/home/thomas24/hive_ws2/install/nav2_msgs/lib/python3.12/site-packages:/home/thomas24/hive_ws2/install/dwb_msgs/lib/python3.12/site-packages:/home/thomas24/hive_ws2/install/nav_2d_msgs/lib/python3.12/site-packages:/home/thomas24/hive_ws2/install/nav2_common/lib/python3.12/site-packages:${PYTHONPATH} /usr/bin/cmake --build /home/thomas24/hive_ws2/build/dwb_plugins -- -j16 -l16
[14.091s] [  5%] [32mBuilding CXX object CMakeFiles/standard_traj_generator.dir/src/standard_traj_generator.cpp.o[0m
[14.091s] [ 11%] [32mBuilding CXX object CMakeFiles/standard_traj_generator.dir/src/xy_theta_iterator.cpp.o[0m
[14.834s] [ 17%] [32mBuilding CXX object CMakeFiles/standard_traj_generator.dir/src/kinematic_parameters.cpp.o[0m
[19.905s] [ 23%] [32mBuilding CXX object CMakeFiles/standard_traj_generator.dir/src/limited_accel_generator.cpp.o[0m
[24.943s] [ 29%] [32m[1mLinking CXX shared library libstandard_traj_generator.so[0m
[25.205s] [ 29%] Built target standard_traj_generator
[25.249s] [ 35%] [32mBuilding CXX object gtest/CMakeFiles/gtest.dir/src/gtest-all.cc.o[0m
[33.928s] [ 41%] [32m[1mLinking CXX static library libgtest.a[0m
[34.014s] [ 41%] Built target gtest
[34.046s] [ 47%] [32mBuilding CXX object gtest/CMakeFiles/gtest_main.dir/src/gtest_main.cc.o[0m
[34.893s] [ 52%] [32m[1mLinking CXX static library libgtest_main.a[0m
[34.953s] [ 52%] Built target gtest_main
[34.999s] [ 58%] [32mBuilding CXX object test/CMakeFiles/vtest.dir/velocity_iterator_test.cpp.o[0m
[36.532s] [ 64%] [32m[1mLinking CXX executable vtest[0m
[37.240s] [ 64%] Built target vtest
[37.278s] [ 70%] [32mBuilding CXX object test/CMakeFiles/speed_limit_test.dir/speed_limit_test.cpp.o[0m
[43.526s] [ 76%] [32m[1mLinking CXX executable speed_limit_test[0m
[43.822s] [ 76%] Built target speed_limit_test
[43.862s] [ 82%] [32mBuilding CXX object test/CMakeFiles/kinematic_parameters_test.dir/kinematic_parameters_test.cpp.o[0m
[50.307s] [ 88%] [32m[1mLinking CXX executable kinematic_parameters_test[0m
[50.606s] [ 88%] Built target kinematic_parameters_test
[50.649s] [ 94%] [32mBuilding CXX object test/CMakeFiles/twist_gen_test.dir/twist_gen.cpp.o[0m
[58.944s] [100%] [32m[1mLinking CXX executable twist_gen_test[0m
[59.262s] [100%] Built target twist_gen_test
[59.289s] Invoked command in '/home/thomas24/hive_ws2/build/dwb_plugins' returned '0': AMENT_PREFIX_PATH=/home/thomas24/hive_ws2/install/dwb_core:/home/thomas24/hive_ws2/install/nav2_core:/home/thomas24/hive_ws2/install/nav2_costmap_2d:/home/thomas24/hive_ws2/install/nav_2d_utils:/home/thomas24/hive_ws2/install/nav2_map_server:/home/thomas24/hive_ws2/install/nav2_lifecycle_manager:/home/thomas24/hive_ws2/install/nav2_behavior_tree:/home/thomas24/hive_ws2/install/nav2_util:/home/thomas24/hive_ws2/install/nav2_ros_common:/home/thomas24/hive_ws2/install/nav2_voxel_grid:/home/thomas24/hive_ws2/install/nav2_msgs:/home/thomas24/hive_ws2/install/dwb_msgs:/home/thomas24/hive_ws2/install/nav_2d_msgs:/home/thomas24/hive_ws2/install/nav2_common:${AMENT_PREFIX_PATH} CMAKE_PREFIX_PATH=/home/thomas24/hive_ws2/install/dwb_core:/home/thomas24/hive_ws2/install/nav2_core:/home/thomas24/hive_ws2/install/nav2_costmap_2d:/home/thomas24/hive_ws2/install/nav_2d_utils:/home/thomas24/hive_ws2/install/nav2_map_server:/home/thomas24/hive_ws2/install/nav2_lifecycle_manager:/home/thomas24/hive_ws2/install/nav2_behavior_tree:/home/thomas24/hive_ws2/install/nav2_util:/home/thomas24/hive_ws2/install/nav2_ros_common:/home/thomas24/hive_ws2/install/nav2_voxel_grid:/home/thomas24/hive_ws2/install/nav2_msgs:/home/thomas24/hive_ws2/install/dwb_msgs:/home/thomas24/hive_ws2/install/nav_2d_msgs:/home/thomas24/hive_ws2/install/nav2_common:/opt/ros/jazzy/opt/gz_sim_vendor:/opt/ros/jazzy/opt/gz_sensors_vendor:/opt/ros/jazzy/opt/gz_physics_vendor:/opt/ros/jazzy/opt/sdformat_vendor:/opt/ros/jazzy/opt/gz_gui_vendor:/opt/ros/jazzy/opt/gz_transport_vendor:/opt/ros/jazzy/opt/gz_rendering_vendor:/opt/ros/jazzy/opt/gz_plugin_vendor:/opt/ros/jazzy/opt/gz_fuel_tools_vendor:/opt/ros/jazzy/opt/gz_msgs_vendor:/opt/ros/jazzy/opt/gz_common_vendor:/opt/ros/jazzy/opt/gz_math_vendor:/opt/ros/jazzy/opt/gz_utils_vendor:/opt/ros/jazzy/opt/gz_tools_vendor:/opt/ros/jazzy/opt/gz_ogre_next_vendor:/opt/ros/jazzy/opt/gz_dartsim_vendor:/opt/ros/jazzy/opt/gz_cmake_vendor:/opt/ros/jazzy DEBUGINFOD_URLS=https://debuginfod.ubuntu.com LD_LIBRARY_PATH=/home/thomas24/hive_ws2/install/dwb_core/lib:/home/thomas24/hive_ws2/install/nav2_costmap_2d/lib:/home/thomas24/hive_ws2/install/nav_2d_utils/lib:/home/thomas24/hive_ws2/install/nav2_map_server/lib:/home/thomas24/hive_ws2/install/nav2_lifecycle_manager/lib:/home/thomas24/hive_ws2/install/nav2_behavior_tree/lib:/home/thomas24/hive_ws2/install/nav2_util/lib:/home/thomas24/hive_ws2/install/nav2_voxel_grid/lib:/home/thomas24/hive_ws2/install/nav2_msgs/lib:/home/thomas24/hive_ws2/install/dwb_msgs/lib:/home/thomas24/hive_ws2/install/nav_2d_msgs/lib:${LD_LIBRARY_PATH} PYTHONPATH=/home/thomas24/hive_ws2/install/nav2_msgs/lib/python3.12/site-packages:/home/thomas24/hive_ws2/install/dwb_msgs/lib/python3.12/site-packages:/home/thomas24/hive_ws2/install/nav_2d_msgs/lib/python3.12/site-packages:/home/thomas24/hive_ws2/install/nav2_common/lib/python3.12/site-packages:${PYTHONPATH} /usr/bin/cmake --build /home/thomas24/hive_ws2/build/dwb_plugins -- -j16 -l16
[59.289s] Invoking command in '/home/thomas24/hive_ws2/build/dwb_plugins': AMENT_PREFIX_PATH=/home/thomas24/hive_ws2/install/dwb_core:/home/thomas24/hive_ws2/install/nav2_core:/home/thomas24/hive_ws2/install/nav2_costmap_2d:/home/thomas24/hive_ws2/install/nav_2d_utils:/home/thomas24/hive_ws2/install/nav2_map_server:/home/thomas24/hive_ws2/install/nav2_lifecycle_manager:/home/thomas24/hive_ws2/install/nav2_behavior_tree:/home/thomas24/hive_ws2/install/nav2_util:/home/thomas24/hive_ws2/install/nav2_ros_common:/home/thomas24/hive_ws2/install/nav2_voxel_grid:/home/thomas24/hive_ws2/install/nav2_msgs:/home/thomas24/hive_ws2/install/dwb_msgs:/home/thomas24/hive_ws2/install/nav_2d_msgs:/home/thomas24/hive_ws2/install/nav2_common:${AMENT_PREFIX_PATH} CMAKE_PREFIX_PATH=/home/thomas24/hive_ws2/install/dwb_core:/home/thomas24/hive_ws2/install/nav2_core:/home/thomas24/hive_ws2/install/nav2_costmap_2d:/home/thomas24/hive_ws2/install/nav_2d_utils:/home/thomas24/hive_ws2/install/nav2_map_server:/home/thomas24/hive_ws2/install/nav2_lifecycle_manager:/home/thomas24/hive_ws2/install/nav2_behavior_tree:/home/thomas24/hive_ws2/install/nav2_util:/home/thomas24/hive_ws2/install/nav2_ros_common:/home/thomas24/hive_ws2/install/nav2_voxel_grid:/home/thomas24/hive_ws2/install/nav2_msgs:/home/thomas24/hive_ws2/install/dwb_msgs:/home/thomas24/hive_ws2/install/nav_2d_msgs:/home/thomas24/hive_ws2/install/nav2_common:/opt/ros/jazzy/opt/gz_sim_vendor:/opt/ros/jazzy/opt/gz_sensors_vendor:/opt/ros/jazzy/opt/gz_physics_vendor:/opt/ros/jazzy/opt/sdformat_vendor:/opt/ros/jazzy/opt/gz_gui_vendor:/opt/ros/jazzy/opt/gz_transport_vendor:/opt/ros/jazzy/opt/gz_rendering_vendor:/opt/ros/jazzy/opt/gz_plugin_vendor:/opt/ros/jazzy/opt/gz_fuel_tools_vendor:/opt/ros/jazzy/opt/gz_msgs_vendor:/opt/ros/jazzy/opt/gz_common_vendor:/opt/ros/jazzy/opt/gz_math_vendor:/opt/ros/jazzy/opt/gz_utils_vendor:/opt/ros/jazzy/opt/gz_tools_vendor:/opt/ros/jazzy/opt/gz_ogre_next_vendor:/opt/ros/jazzy/opt/gz_dartsim_vendor:/opt/ros/jazzy/opt/gz_cmake_vendor:/opt/ros/jazzy DEBUGINFOD_URLS=https://debuginfod.ubuntu.com LD_LIBRARY_PATH=/home/thomas24/hive_ws2/install/dwb_core/lib:/home/thomas24/hive_ws2/install/nav2_costmap_2d/lib:/home/thomas24/hive_ws2/install/nav_2d_utils/lib:/home/thomas24/hive_ws2/install/nav2_map_server/lib:/home/thomas24/hive_ws2/install/nav2_lifecycle_manager/lib:/home/thomas24/hive_ws2/install/nav2_behavior_tree/lib:/home/thomas24/hive_ws2/install/nav2_util/lib:/home/thomas24/hive_ws2/install/nav2_voxel_grid/lib:/home/thomas24/hive_ws2/install/nav2_msgs/lib:/home/thomas24/hive_ws2/install/dwb_msgs/lib:/home/thomas24/hive_ws2/install/nav_2d_msgs/lib:${LD_LIBRARY_PATH} PYTHONPATH=/home/thomas24/hive_ws2/install/nav2_msgs/lib/python3.12/site-packages:/home/thomas24/hive_ws2/install/dwb_msgs/lib/python3.12/site-packages:/home/thomas24/hive_ws2/install/nav_2d_msgs/lib/python3.12/site-packages:/home/thomas24/hive_ws2/install/nav2_common/lib/python3.12/site-packages:${PYTHONPATH} /usr/bin/cmake --install /home/thomas24/hive_ws2/build/dwb_plugins
[59.877s] -- Install configuration: "Release"
[59.877s] -- Installing: /home/thomas24/hive_ws2/install/dwb_plugins/lib/libstandard_traj_generator.so
[59.877s] -- Set non-toolchain portion of runtime path of "/home/thomas24/hive_ws2/install/dwb_plugins/lib/libstandard_traj_generator.so" to ""
[59.878s] -- Installing: /home/thomas24/hive_ws2/install/dwb_plugins/include/dwb_plugins
[59.878s] -- Installing: /home/thomas24/hive_ws2/install/dwb_plugins/include/dwb_plugins/dwb_plugins
[59.878s] -- Installing: /home/thomas24/hive_ws2/install/dwb_plugins/include/dwb_plugins/dwb_plugins/xy_theta_iterator.hpp
[59.878s] -- Installing: /home/thomas24/hive_ws2/install/dwb_plugins/include/dwb_plugins/dwb_plugins/limited_accel_generator.hpp
[59.878s] -- Installing: /home/thomas24/hive_ws2/install/dwb_plugins/include/dwb_plugins/dwb_plugins/one_d_velocity_iterator.hpp
[59.878s] -- Installing: /home/thomas24/hive_ws2/install/dwb_plugins/include/dwb_plugins/dwb_plugins/standard_traj_generator.hpp
[59.878s] -- Installing: /home/thomas24/hive_ws2/install/dwb_plugins/include/dwb_plugins/dwb_plugins/velocity_iterator.hpp
[59.878s] -- Installing: /home/thomas24/hive_ws2/install/dwb_plugins/include/dwb_plugins/dwb_plugins/kinematic_parameters.hpp
[59.878s] -- Installing: /home/thomas24/hive_ws2/install/dwb_plugins/share/dwb_plugins/plugins.xml
[59.878s] -- Installing: /home/thomas24/hive_ws2/install/dwb_plugins/share/dwb_plugins/environment/library_path.sh
[59.878s] -- Installing: /home/thomas24/hive_ws2/install/dwb_plugins/share/dwb_plugins/environment/library_path.dsv
[59.878s] -- Up-to-date: /home/thomas24/hive_ws2/install/dwb_plugins/share/dwb_plugins/plugins.xml
[59.878s] -- Installing: /home/thomas24/hive_ws2/install/dwb_plugins/share/ament_index/resource_index/package_run_dependencies/dwb_plugins
[59.878s] -- Installing: /home/thomas24/hive_ws2/install/dwb_plugins/share/ament_index/resource_index/parent_prefix_path/dwb_plugins
[59.878s] -- Installing: /home/thomas24/hive_ws2/install/dwb_plugins/share/dwb_plugins/environment/ament_prefix_path.sh
[59.879s] -- Installing: /home/thomas24/hive_ws2/install/dwb_plugins/share/dwb_plugins/environment/ament_prefix_path.dsv
[59.879s] -- Installing: /home/thomas24/hive_ws2/install/dwb_plugins/share/dwb_plugins/environment/path.sh
[59.879s] -- Installing: /home/thomas24/hive_ws2/install/dwb_plugins/share/dwb_plugins/environment/path.dsv
[59.879s] -- Installing: /home/thomas24/hive_ws2/install/dwb_plugins/share/dwb_plugins/local_setup.bash
[59.879s] -- Installing: /home/thomas24/hive_ws2/install/dwb_plugins/share/dwb_plugins/local_setup.sh
[59.879s] -- Installing: /home/thomas24/hive_ws2/install/dwb_plugins/share/dwb_plugins/local_setup.zsh
[59.879s] -- Installing: /home/thomas24/hive_ws2/install/dwb_plugins/share/dwb_plugins/local_setup.dsv
[59.879s] -- Installing: /home/thomas24/hive_ws2/install/dwb_plugins/share/dwb_plugins/package.dsv
[59.879s] -- Installing: /home/thomas24/hive_ws2/install/dwb_plugins/share/ament_index/resource_index/packages/dwb_plugins
[59.879s] -- Installing: /home/thomas24/hive_ws2/install/dwb_plugins/share/ament_index/resource_index/dwb_core__pluginlib__plugin/dwb_plugins
[59.879s] -- Installing: /home/thomas24/hive_ws2/install/dwb_plugins/share/dwb_plugins/cmake/dwb_pluginsExport.cmake
[59.879s] -- Installing: /home/thomas24/hive_ws2/install/dwb_plugins/share/dwb_plugins/cmake/dwb_pluginsExport-release.cmake
[59.879s] -- Installing: /home/thomas24/hive_ws2/install/dwb_plugins/share/dwb_plugins/cmake/ament_cmake_export_include_directories-extras.cmake
[59.879s] -- Installing: /home/thomas24/hive_ws2/install/dwb_plugins/share/dwb_plugins/cmake/ament_cmake_export_libraries-extras.cmake
[59.879s] -- Installing: /home/thomas24/hive_ws2/install/dwb_plugins/share/dwb_plugins/cmake/ament_cmake_export_dependencies-extras.cmake
[59.880s] -- Installing: /home/thomas24/hive_ws2/install/dwb_plugins/share/dwb_plugins/cmake/ament_cmake_export_targets-extras.cmake
[59.880s] -- Installing: /home/thomas24/hive_ws2/install/dwb_plugins/share/dwb_plugins/cmake/dwb_pluginsConfig.cmake
[59.880s] -- Installing: /home/thomas24/hive_ws2/install/dwb_plugins/share/dwb_plugins/cmake/dwb_pluginsConfig-version.cmake
[59.880s] -- Installing: /home/thomas24/hive_ws2/install/dwb_plugins/share/dwb_plugins/package.xml
[59.884s] Invoked command in '/home/thomas24/hive_ws2/build/dwb_plugins' returned '0': AMENT_PREFIX_PATH=/home/thomas24/hive_ws2/install/dwb_core:/home/thomas24/hive_ws2/install/nav2_core:/home/thomas24/hive_ws2/install/nav2_costmap_2d:/home/thomas24/hive_ws2/install/nav_2d_utils:/home/thomas24/hive_ws2/install/nav2_map_server:/home/thomas24/hive_ws2/install/nav2_lifecycle_manager:/home/thomas24/hive_ws2/install/nav2_behavior_tree:/home/thomas24/hive_ws2/install/nav2_util:/home/thomas24/hive_ws2/install/nav2_ros_common:/home/thomas24/hive_ws2/install/nav2_voxel_grid:/home/thomas24/hive_ws2/install/nav2_msgs:/home/thomas24/hive_ws2/install/dwb_msgs:/home/thomas24/hive_ws2/install/nav_2d_msgs:/home/thomas24/hive_ws2/install/nav2_common:${AMENT_PREFIX_PATH} CMAKE_PREFIX_PATH=/home/thomas24/hive_ws2/install/dwb_core:/home/thomas24/hive_ws2/install/nav2_core:/home/thomas24/hive_ws2/install/nav2_costmap_2d:/home/thomas24/hive_ws2/install/nav_2d_utils:/home/thomas24/hive_ws2/install/nav2_map_server:/home/thomas24/hive_ws2/install/nav2_lifecycle_manager:/home/thomas24/hive_ws2/install/nav2_behavior_tree:/home/thomas24/hive_ws2/install/nav2_util:/home/thomas24/hive_ws2/install/nav2_ros_common:/home/thomas24/hive_ws2/install/nav2_voxel_grid:/home/thomas24/hive_ws2/install/nav2_msgs:/home/thomas24/hive_ws2/install/dwb_msgs:/home/thomas24/hive_ws2/install/nav_2d_msgs:/home/thomas24/hive_ws2/install/nav2_common:/opt/ros/jazzy/opt/gz_sim_vendor:/opt/ros/jazzy/opt/gz_sensors_vendor:/opt/ros/jazzy/opt/gz_physics_vendor:/opt/ros/jazzy/opt/sdformat_vendor:/opt/ros/jazzy/opt/gz_gui_vendor:/opt/ros/jazzy/opt/gz_transport_vendor:/opt/ros/jazzy/opt/gz_rendering_vendor:/opt/ros/jazzy/opt/gz_plugin_vendor:/opt/ros/jazzy/opt/gz_fuel_tools_vendor:/opt/ros/jazzy/opt/gz_msgs_vendor:/opt/ros/jazzy/opt/gz_common_vendor:/opt/ros/jazzy/opt/gz_math_vendor:/opt/ros/jazzy/opt/gz_utils_vendor:/opt/ros/jazzy/opt/gz_tools_vendor:/opt/ros/jazzy/opt/gz_ogre_next_vendor:/opt/ros/jazzy/opt/gz_dartsim_vendor:/opt/ros/jazzy/opt/gz_cmake_vendor:/opt/ros/jazzy DEBUGINFOD_URLS=https://debuginfod.ubuntu.com LD_LIBRARY_PATH=/home/thomas24/hive_ws2/install/dwb_core/lib:/home/thomas24/hive_ws2/install/nav2_costmap_2d/lib:/home/thomas24/hive_ws2/install/nav_2d_utils/lib:/home/thomas24/hive_ws2/install/nav2_map_server/lib:/home/thomas24/hive_ws2/install/nav2_lifecycle_manager/lib:/home/thomas24/hive_ws2/install/nav2_behavior_tree/lib:/home/thomas24/hive_ws2/install/nav2_util/lib:/home/thomas24/hive_ws2/install/nav2_voxel_grid/lib:/home/thomas24/hive_ws2/install/nav2_msgs/lib:/home/thomas24/hive_ws2/install/dwb_msgs/lib:/home/thomas24/hive_ws2/install/nav_2d_msgs/lib:${LD_LIBRARY_PATH} PYTHONPATH=/home/thomas24/hive_ws2/install/nav2_msgs/lib/python3.12/site-packages:/home/thomas24/hive_ws2/install/dwb_msgs/lib/python3.12/site-packages:/home/thomas24/hive_ws2/install/nav_2d_msgs/lib/python3.12/site-packages:/home/thomas24/hive_ws2/install/nav2_common/lib/python3.12/site-packages:${PYTHONPATH} /usr/bin/cmake --install /home/thomas24/hive_ws2/build/dwb_plugins
