-- The C compiler identification is GNU 13.3.0
-- The CXX compiler identification is GNU 13.3.0
-- Detecting C compiler ABI info
-- Detecting C compiler ABI info - done
-- Check for working C compiler: /usr/bin/cc - skipped
-- Detecting C compile features
-- Detecting C compile features - done
-- Detecting CXX compiler ABI info
-- Detecting CXX compiler ABI info - done
-- Check for working CXX compiler: /usr/bin/c++ - skipped
-- Detecting CXX compile features
-- Detecting CXX compile features - done
-- Found ament_cmake: 2.5.4 (/opt/ros/jazzy/share/ament_cmake/cmake)
-- Found Python3: /usr/bin/python3 (found version "3.12.3") found components: Interpreter 
-- Found bond: 4.1.2 (/opt/ros/jazzy/share/bond/cmake)
-- Found rosidl_generator_c: 4.6.6 (/opt/ros/jazzy/share/rosidl_generator_c/cmake)
-- Found rosidl_generator_cpp: 4.6.6 (/opt/ros/jazzy/share/rosidl_generator_cpp/cmake)
-- Using all available rosidl_typesupport_c: rosidl_typesupport_fastrtps_c;rosidl_typesupport_introspection_c
-- Using all available rosidl_typesupport_cpp: rosidl_typesupport_fastrtps_cpp;rosidl_typesupport_introspection_cpp
-- Found bondcpp: 4.1.2 (/opt/ros/jazzy/share/bondcpp/cmake)
-- Found rmw_implementation_cmake: 7.3.2 (/opt/ros/jazzy/share/rmw_implementation_cmake/cmake)
-- Found rmw_fastrtps_cpp: 8.4.3 (/opt/ros/jazzy/share/rmw_fastrtps_cpp/cmake)
-- Found OpenSSL: /usr/lib/x86_64-linux-gnu/libcrypto.so (found version "3.0.13")  
-- Found FastRTPS: /opt/ros/jazzy/include (Required is at least version "2.13") 
-- Using RMW implementation 'rmw_fastrtps_cpp' as default
-- Found geometry_msgs: 5.3.6 (/opt/ros/jazzy/share/geometry_msgs/cmake)
-- Found nav2_common: 1.4.0 (/home/thomas24/hive_ws2/install/nav2_common/share/nav2_common/cmake)
-- Found nav2_msgs: 1.4.0 (/home/thomas24/hive_ws2/install/nav2_msgs/share/nav2_msgs/cmake)
-- Found rclcpp_action: 28.1.11 (/opt/ros/jazzy/share/rclcpp_action/cmake)
-- Found tf2: 0.36.14 (/opt/ros/jazzy/share/tf2/cmake)
-- Found tf2_geometry_msgs: 0.36.14 (/opt/ros/jazzy/share/tf2_geometry_msgs/cmake)
-- Found eigen3_cmake_module: 0.3.0 (/opt/ros/jazzy/share/eigen3_cmake_module/cmake)
-- Found Eigen3: TRUE (found version "3.4.0") 
-- Ensuring Eigen3 include directory is part of orocos-kdl CMake target
-- Found pluginlib: 5.4.2 (/opt/ros/jazzy/share/pluginlib/cmake)
-- Setting build type to Release as none was specified.
-- Found ament_lint_auto: 0.17.3 (/opt/ros/jazzy/share/ament_lint_auto/cmake)
-- Found ament_cmake_pytest: 2.5.4 (/opt/ros/jazzy/share/ament_cmake_pytest/cmake)
-- Found gtest sources under '/opt/ros/jazzy/src/gtest_vendor': C++ tests using 'Google Test' will be built
-- Performing Test CMAKE_HAVE_LIBC_PTHREAD
-- Performing Test CMAKE_HAVE_LIBC_PTHREAD - Success
-- Found Threads: TRUE  
-- Added test 'cppcheck' to perform static code analysis on C / C++ code
-- Configured cppcheck include dirs: $<BUILD_INTERFACE:/home/thomas24/hive_ws2/src/navigation2/nav2_ros_common/include>
-- Configured cppcheck exclude dirs and/or files: 
-- Added test 'cpplint' to check C / C++ code against the Google style
-- Configured cpplint exclude dirs and/or files: 
-- Added test 'lint_cmake' to check CMake code style
-- Added test 'uncrustify' to check C / C++ code style
-- Configured uncrustify additional arguments: 
-- Added test 'xmllint' to check XML markup files
-- Configuring done (1.6s)
-- Generating done (0.0s)
-- Build files have been written to: /home/thomas24/hive_ws2/build/nav2_ros_common
[ 12%] [32mBuilding CXX object gtest/CMakeFiles/gtest_main.dir/src/gtest_main.cc.o[0m
[ 12%] [32mBuilding CXX object gtest/CMakeFiles/gtest.dir/src/gtest-all.cc.o[0m
[ 18%] [32m[1mLinking CXX static library libgtest_main.a[0m
[ 18%] Built target gtest_main
[ 25%] [32m[1mLinking CXX static library libgtest.a[0m
[ 25%] Built target gtest
[ 62%] [32mBuilding CXX object test/CMakeFiles/test_actions.dir/test_actions.cpp.o[0m
[ 62%] [32mBuilding CXX object test/CMakeFiles/test_lifecycle_node.dir/test_lifecycle_node.cpp.o[0m
[ 62%] [32mBuilding CXX object test/CMakeFiles/test_node_utils.dir/test_node_utils.cpp.o[0m
[ 62%] [32mBuilding CXX object test/CMakeFiles/test_service_server.dir/test_service_server.cpp.o[0m
[ 62%] [32mBuilding CXX object test/CMakeFiles/test_service_client.dir/test_service_client.cpp.o[0m
[ 62%] [32mBuilding CXX object test/CMakeFiles/test_validation_messages.dir/test_validation_messages.cpp.o[0m
[ 68%] [32m[1mLinking CXX executable test_validation_messages[0m
[ 68%] Built target test_validation_messages
[ 75%] [32m[1mLinking CXX executable test_node_utils[0m
[ 75%] Built target test_node_utils
[ 81%] [32m[1mLinking CXX executable test_lifecycle_node[0m
[ 87%] [32m[1mLinking CXX executable test_service_server[0m
[ 87%] Built target test_lifecycle_node
[ 87%] Built target test_service_server
[ 93%] [32m[1mLinking CXX executable test_service_client[0m
[ 93%] Built target test_service_client
[100%] [32m[1mLinking CXX executable test_actions[0m
[100%] Built target test_actions
-- Install configuration: "Release"
-- Installing: /home/thomas24/hive_ws2/install/nav2_ros_common/include/nav2_ros_common
-- Installing: /home/thomas24/hive_ws2/install/nav2_ros_common/include/nav2_ros_common/nav2_ros_common
-- Installing: /home/thomas24/hive_ws2/install/nav2_ros_common/include/nav2_ros_common/nav2_ros_common/service_client.hpp
-- Installing: /home/thomas24/hive_ws2/install/nav2_ros_common/include/nav2_ros_common/nav2_ros_common/lifecycle_node.hpp
-- Installing: /home/thomas24/hive_ws2/install/nav2_ros_common/include/nav2_ros_common/nav2_ros_common/qos_profiles.hpp
-- Installing: /home/thomas24/hive_ws2/install/nav2_ros_common/include/nav2_ros_common/nav2_ros_common/simple_action_server.hpp
-- Installing: /home/thomas24/hive_ws2/install/nav2_ros_common/include/nav2_ros_common/nav2_ros_common/validate_messages.hpp
-- Installing: /home/thomas24/hive_ws2/install/nav2_ros_common/include/nav2_ros_common/nav2_ros_common/service_server.hpp
-- Installing: /home/thomas24/hive_ws2/install/nav2_ros_common/include/nav2_ros_common/nav2_ros_common/subscription.hpp
-- Installing: /home/thomas24/hive_ws2/install/nav2_ros_common/include/nav2_ros_common/nav2_ros_common/node_thread.hpp
-- Installing: /home/thomas24/hive_ws2/install/nav2_ros_common/include/nav2_ros_common/nav2_ros_common/action_client.hpp
-- Installing: /home/thomas24/hive_ws2/install/nav2_ros_common/include/nav2_ros_common/nav2_ros_common/interface_factories.hpp
-- Installing: /home/thomas24/hive_ws2/install/nav2_ros_common/include/nav2_ros_common/nav2_ros_common/node_utils.hpp
-- Installing: /home/thomas24/hive_ws2/install/nav2_ros_common/include/nav2_ros_common/nav2_ros_common/publisher.hpp
-- Installing: /home/thomas24/hive_ws2/install/nav2_ros_common/share/ament_index/resource_index/package_run_dependencies/nav2_ros_common
-- Installing: /home/thomas24/hive_ws2/install/nav2_ros_common/share/ament_index/resource_index/parent_prefix_path/nav2_ros_common
-- Installing: /home/thomas24/hive_ws2/install/nav2_ros_common/share/nav2_ros_common/environment/ament_prefix_path.sh
-- Installing: /home/thomas24/hive_ws2/install/nav2_ros_common/share/nav2_ros_common/environment/ament_prefix_path.dsv
-- Installing: /home/thomas24/hive_ws2/install/nav2_ros_common/share/nav2_ros_common/environment/path.sh
-- Installing: /home/thomas24/hive_ws2/install/nav2_ros_common/share/nav2_ros_common/environment/path.dsv
-- Installing: /home/thomas24/hive_ws2/install/nav2_ros_common/share/nav2_ros_common/local_setup.bash
-- Installing: /home/thomas24/hive_ws2/install/nav2_ros_common/share/nav2_ros_common/local_setup.sh
-- Installing: /home/thomas24/hive_ws2/install/nav2_ros_common/share/nav2_ros_common/local_setup.zsh
-- Installing: /home/thomas24/hive_ws2/install/nav2_ros_common/share/nav2_ros_common/local_setup.dsv
-- Installing: /home/thomas24/hive_ws2/install/nav2_ros_common/share/nav2_ros_common/package.dsv
-- Installing: /home/thomas24/hive_ws2/install/nav2_ros_common/share/ament_index/resource_index/packages/nav2_ros_common
-- Installing: /home/thomas24/hive_ws2/install/nav2_ros_common/share/nav2_ros_common/cmake/nav2_ros_commonExport.cmake
-- Installing: /home/thomas24/hive_ws2/install/nav2_ros_common/share/nav2_ros_common/cmake/ament_cmake_export_include_directories-extras.cmake
-- Installing: /home/thomas24/hive_ws2/install/nav2_ros_common/share/nav2_ros_common/cmake/ament_cmake_export_dependencies-extras.cmake
-- Installing: /home/thomas24/hive_ws2/install/nav2_ros_common/share/nav2_ros_common/cmake/ament_cmake_export_targets-extras.cmake
-- Installing: /home/thomas24/hive_ws2/install/nav2_ros_common/share/nav2_ros_common/cmake/nav2_ros_commonConfig.cmake
-- Installing: /home/thomas24/hive_ws2/install/nav2_ros_common/share/nav2_ros_common/cmake/nav2_ros_commonConfig-version.cmake
-- Installing: /home/thomas24/hive_ws2/install/nav2_ros_common/share/nav2_ros_common/package.xml
