-- The C compiler identification is GNU 13.3.0
-- The CXX compiler identification is GNU 13.3.0
-- Detecting C compiler ABI info
-- Detecting C compiler ABI info - done
-- Check for working C compiler: /usr/bin/cc - skipped
-- Detecting C compile features
-- Detecting C compile features - done
-- Detecting CXX compiler ABI info
-- Detecting CXX compiler ABI info - done
-- Check for working CXX compiler: /usr/bin/c++ - skipped
-- Detecting CXX compile features
-- Detecting CXX compile features - done
-- Found ament_cmake: 2.5.4 (/opt/ros/jazzy/share/ament_cmake/cmake)
-- Found Python3: /usr/bin/python3 (found version "3.12.3") found components: Interpreter 
-- Found ament_index_cpp: 1.8.1 (/opt/ros/jazzy/share/ament_index_cpp/cmake)
-- Found angles: 1.16.0 (/opt/ros/jazzy/share/angles/cmake)
-- Found geometry_msgs: 5.3.6 (/opt/ros/jazzy/share/geometry_msgs/cmake)
-- Found rosidl_generator_c: 4.6.6 (/opt/ros/jazzy/share/rosidl_generator_c/cmake)
-- Found rosidl_generator_cpp: 4.6.6 (/opt/ros/jazzy/share/rosidl_generator_cpp/cmake)
-- Using all available rosidl_typesupport_c: rosidl_typesupport_fastrtps_c;rosidl_typesupport_introspection_c
-- Using all available rosidl_typesupport_cpp: rosidl_typesupport_fastrtps_cpp;rosidl_typesupport_introspection_cpp
-- Found nav2_common: 1.4.0 (/home/thomas24/hive_ws2/install/nav2_common/share/nav2_common/cmake)
-- Found nav2_core: 1.4.0 (/home/thomas24/hive_ws2/install/nav2_core/share/nav2_core/cmake)
-- Found rmw_implementation_cmake: 7.3.2 (/opt/ros/jazzy/share/rmw_implementation_cmake/cmake)
-- Found rmw_fastrtps_cpp: 8.4.3 (/opt/ros/jazzy/share/rmw_fastrtps_cpp/cmake)
-- Found OpenSSL: /usr/lib/x86_64-linux-gnu/libcrypto.so (found version "3.0.13")  
-- Found FastRTPS: /opt/ros/jazzy/include (Required is at least version "2.13") 
-- Using RMW implementation 'rmw_fastrtps_cpp' as default
-- Found eigen3_cmake_module: 0.3.0 (/opt/ros/jazzy/share/eigen3_cmake_module/cmake)
-- Found Eigen3: TRUE (found version "3.4.0") 
-- Ensuring Eigen3 include directory is part of orocos-kdl CMake target
-- Found nlohmann_json: /usr/share/cmake/nlohmann_json/nlohmann_jsonConfig.cmake (found version "3.11.3") 
-- Found Boost: /usr/lib/x86_64-linux-gnu/cmake/Boost-1.83.0/BoostConfig.cmake (found version "1.83.0") found components: serialization filesystem system 
-- Found ompl: /opt/ros/jazzy/include/ompl-1.7;/usr/include;/usr/include/eigen3  
-- Found visualization_msgs: 5.3.6 (/opt/ros/jazzy/share/visualization_msgs/cmake)
-- Setting build type to Release as none was specified.
-- Performing Test COMPILER_HAS_HIDDEN_VISIBILITY
-- Performing Test COMPILER_HAS_HIDDEN_VISIBILITY - Success
-- Performing Test COMPILER_HAS_HIDDEN_INLINE_VISIBILITY
-- Performing Test COMPILER_HAS_HIDDEN_INLINE_VISIBILITY - Success
-- Performing Test COMPILER_HAS_DEPRECATED_ATTR
-- Performing Test COMPILER_HAS_DEPRECATED_ATTR - Success
-- Found ament_lint_auto: 0.17.3 (/opt/ros/jazzy/share/ament_lint_auto/cmake)
-- Found gtest sources under '/opt/ros/jazzy/src/gtest_vendor': C++ tests using 'Google Test' will be built
-- Found Threads: TRUE  
-- Added test 'copyright' to check source files copyright and LICENSE
-- Added test 'cppcheck' to perform static code analysis on C / C++ code
-- Configured cppcheck include dirs: $<BUILD_INTERFACE:/home/thomas24/hive_ws2/src/navigation2/nav2_smac_planner/include>
-- Configured cppcheck exclude dirs and/or files: include/nav2_smac_planner/thirdparty/robin_hood.h
-- Added test 'cpplint' to check C / C++ code against the Google style
-- Configured cpplint exclude dirs and/or files: include/nav2_smac_planner/thirdparty/robin_hood.h
-- Added test 'flake8' to check Python code syntax and style conventions
-- Configured 'flake8' exclude dirs and/or files: include/nav2_smac_planner/thirdparty/robin_hood.h
-- Added test 'lint_cmake' to check CMake code style
-- Added test 'pep257' to check Python code against some of the docstring style conventions in PEP 257
-- Added test 'uncrustify' to check C / C++ code style
-- Configured uncrustify additional arguments: 
-- Added test 'xmllint' to check XML markup files
-- Configuring done (7.0s)
-- Generating done (0.7s)
-- Build files have been written to: /home/thomas24/hive_ws2/build/nav2_smac_planner
[  2%] [32mBuilding CXX object CMakeFiles/nav2_smac_planner_common.dir/src/a_star.cpp.o[0m
[  4%] [32mBuilding CXX object CMakeFiles/nav2_smac_planner_common.dir/src/smoother.cpp.o[0m
[  6%] [32mBuilding CXX object CMakeFiles/nav2_smac_planner_common.dir/src/node_lattice.cpp.o[0m
[  8%] [32mBuilding CXX object CMakeFiles/nav2_smac_planner_common.dir/src/node_hybrid.cpp.o[0m
[ 10%] [32mBuilding CXX object CMakeFiles/nav2_smac_planner_common.dir/src/node_basic.cpp.o[0m
[ 13%] [32mBuilding CXX object CMakeFiles/nav2_smac_planner_common.dir/src/node_2d.cpp.o[0m
[ 15%] [32mBuilding CXX object CMakeFiles/nav2_smac_planner_common.dir/src/costmap_downsampler.cpp.o[0m
[ 17%] [32mBuilding CXX object CMakeFiles/nav2_smac_planner_common.dir/src/collision_checker.cpp.o[0m
[ 19%] [32mBuilding CXX object CMakeFiles/nav2_smac_planner_common.dir/src/analytic_expansion.cpp.o[0m
[ 21%] [32m[1mLinking CXX shared library libnav2_smac_planner_common.so[0m
[ 21%] Built target nav2_smac_planner_common
[ 23%] [32mBuilding CXX object gtest/CMakeFiles/gtest.dir/src/gtest-all.cc.o[0m
[ 26%] [32m[1mLinking CXX static library libgtest.a[0m
[ 26%] Built target gtest
[ 28%] [32mBuilding CXX object CMakeFiles/nav2_smac_planner_lattice.dir/src/smac_planner_lattice.cpp.o[0m
[ 30%] [32m[1mLinking CXX shared library libnav2_smac_planner_lattice.so[0m
[ 30%] Built target nav2_smac_planner_lattice
[ 32%] [32mBuilding CXX object CMakeFiles/nav2_smac_planner_2d.dir/src/smac_planner_2d.cpp.o[0m
[ 34%] [32m[1mLinking CXX shared library libnav2_smac_planner_2d.so[0m
[ 34%] Built target nav2_smac_planner_2d
[ 36%] [32mBuilding CXX object CMakeFiles/nav2_smac_planner.dir/src/smac_planner_hybrid.cpp.o[0m
[ 39%] [32m[1mLinking CXX shared library libnav2_smac_planner.so[0m
[ 39%] Built target nav2_smac_planner
[ 41%] [32mBuilding CXX object gtest/CMakeFiles/gtest_main.dir/src/gtest_main.cc.o[0m
[ 43%] [32m[1mLinking CXX static library libgtest_main.a[0m
[ 43%] Built target gtest_main
[ 45%] [32mBuilding CXX object test/CMakeFiles/test_utils.dir/test_utils.cpp.o[0m
[ 47%] [32m[1mLinking CXX executable test_utils[0m
[ 47%] Built target test_utils
[ 50%] [32mBuilding CXX object test/CMakeFiles/test_goal_manager.dir/test_goal_manager.cpp.o[0m
[ 52%] [32m[1mLinking CXX executable test_goal_manager[0m
[ 52%] Built target test_goal_manager
[ 54%] [32mBuilding CXX object test/CMakeFiles/test_lattice_node.dir/test_nodelattice.cpp.o[0m
[ 56%] [32m[1mLinking CXX executable test_lattice_node[0m
[ 56%] Built target test_lattice_node
[ 58%] [32mBuilding CXX object test/CMakeFiles/test_smoother.dir/test_smoother.cpp.o[0m
[ 60%] [32m[1mLinking CXX executable test_smoother[0m
[ 60%] Built target test_smoother
[ 63%] [32mBuilding CXX object test/CMakeFiles/test_smac_lattice.dir/test_smac_lattice.cpp.o[0m
[ 65%] [32m[1mLinking CXX executable test_smac_lattice[0m
[ 65%] Built target test_smac_lattice
[ 67%] [32mBuilding CXX object test/CMakeFiles/test_smac_2d.dir/test_smac_2d.cpp.o[0m
[ 69%] [32m[1mLinking CXX executable test_smac_2d[0m
[ 69%] Built target test_smac_2d
[ 71%] [32mBuilding CXX object test/CMakeFiles/test_smac_hybrid.dir/test_smac_hybrid.cpp.o[0m
[ 73%] [32m[1mLinking CXX executable test_smac_hybrid[0m
[ 73%] Built target test_smac_hybrid
[ 76%] [32mBuilding CXX object test/CMakeFiles/test_a_star.dir/test_a_star.cpp.o[0m
[ 78%] [32m[1mLinking CXX executable test_a_star[0m
[ 78%] Built target test_a_star
[ 80%] [32mBuilding CXX object test/CMakeFiles/test_collision_checker.dir/test_collision_checker.cpp.o[0m
[ 82%] [32m[1mLinking CXX executable test_collision_checker[0m
[ 82%] Built target test_collision_checker
[ 84%] [32mBuilding CXX object test/CMakeFiles/test_nodebasic.dir/test_nodebasic.cpp.o[0m
[ 86%] [32m[1mLinking CXX executable test_nodebasic[0m
[ 86%] Built target test_nodebasic
[ 91%] [32mBuilding CXX object test/CMakeFiles/test_nodehybrid.dir/test_nodehybrid.cpp.o[0m
[ 91%] [32mBuilding CXX object test/CMakeFiles/test_costmap_downsampler.dir/test_costmap_downsampler.cpp.o[0m
[ 93%] [32mBuilding CXX object test/CMakeFiles/test_node2d.dir/test_node2d.cpp.o[0m
[ 95%] [32m[1mLinking CXX executable test_costmap_downsampler[0m
[ 95%] Built target test_costmap_downsampler
[ 97%] [32m[1mLinking CXX executable test_nodehybrid[0m
[ 97%] Built target test_nodehybrid
[100%] [32m[1mLinking CXX executable test_node2d[0m
[100%] Built target test_node2d
-- Install configuration: "Release"
-- Installing: /home/thomas24/hive_ws2/install/nav2_smac_planner/share/nav2_smac_planner/smac_plugin_hybrid.xml
-- Installing: /home/thomas24/hive_ws2/install/nav2_smac_planner/share/nav2_smac_planner/smac_plugin_2d.xml
-- Installing: /home/thomas24/hive_ws2/install/nav2_smac_planner/share/nav2_smac_planner/smac_plugin_lattice.xml
-- Installing: /home/thomas24/hive_ws2/install/nav2_smac_planner/lib/libnav2_smac_planner_common.so
-- Set non-toolchain portion of runtime path of "/home/thomas24/hive_ws2/install/nav2_smac_planner/lib/libnav2_smac_planner_common.so" to ""
-- Installing: /home/thomas24/hive_ws2/install/nav2_smac_planner/lib/libnav2_smac_planner.so
-- Set non-toolchain portion of runtime path of "/home/thomas24/hive_ws2/install/nav2_smac_planner/lib/libnav2_smac_planner.so" to ""
-- Installing: /home/thomas24/hive_ws2/install/nav2_smac_planner/lib/libnav2_smac_planner_2d.so
-- Set non-toolchain portion of runtime path of "/home/thomas24/hive_ws2/install/nav2_smac_planner/lib/libnav2_smac_planner_2d.so" to ""
-- Installing: /home/thomas24/hive_ws2/install/nav2_smac_planner/lib/libnav2_smac_planner_lattice.so
-- Set non-toolchain portion of runtime path of "/home/thomas24/hive_ws2/install/nav2_smac_planner/lib/libnav2_smac_planner_lattice.so" to ""
-- Installing: /home/thomas24/hive_ws2/install/nav2_smac_planner/include/nav2_smac_planner
-- Installing: /home/thomas24/hive_ws2/install/nav2_smac_planner/include/nav2_smac_planner/nav2_smac_planner
-- Installing: /home/thomas24/hive_ws2/install/nav2_smac_planner/include/nav2_smac_planner/nav2_smac_planner/thirdparty
-- Installing: /home/thomas24/hive_ws2/install/nav2_smac_planner/include/nav2_smac_planner/nav2_smac_planner/thirdparty/robin_hood.h
-- Installing: /home/thomas24/hive_ws2/install/nav2_smac_planner/include/nav2_smac_planner/nav2_smac_planner/node_lattice.hpp
-- Installing: /home/thomas24/hive_ws2/install/nav2_smac_planner/include/nav2_smac_planner/nav2_smac_planner/goal_manager.hpp
-- Installing: /home/thomas24/hive_ws2/install/nav2_smac_planner/include/nav2_smac_planner/nav2_smac_planner/smoother.hpp
-- Installing: /home/thomas24/hive_ws2/install/nav2_smac_planner/include/nav2_smac_planner/nav2_smac_planner/utils.hpp
-- Installing: /home/thomas24/hive_ws2/install/nav2_smac_planner/include/nav2_smac_planner/nav2_smac_planner/a_star.hpp
-- Installing: /home/thomas24/hive_ws2/install/nav2_smac_planner/include/nav2_smac_planner/nav2_smac_planner/collision_checker.hpp
-- Installing: /home/thomas24/hive_ws2/install/nav2_smac_planner/include/nav2_smac_planner/nav2_smac_planner/smac_planner_lattice.hpp
-- Installing: /home/thomas24/hive_ws2/install/nav2_smac_planner/include/nav2_smac_planner/nav2_smac_planner/node_basic.hpp
-- Installing: /home/thomas24/hive_ws2/install/nav2_smac_planner/include/nav2_smac_planner/nav2_smac_planner/smac_planner_2d.hpp
-- Installing: /home/thomas24/hive_ws2/install/nav2_smac_planner/include/nav2_smac_planner/nav2_smac_planner/constants.hpp
-- Installing: /home/thomas24/hive_ws2/install/nav2_smac_planner/include/nav2_smac_planner/nav2_smac_planner/costmap_downsampler.hpp
-- Installing: /home/thomas24/hive_ws2/install/nav2_smac_planner/include/nav2_smac_planner/nav2_smac_planner/types.hpp
-- Installing: /home/thomas24/hive_ws2/install/nav2_smac_planner/include/nav2_smac_planner/nav2_smac_planner/analytic_expansion.hpp
-- Installing: /home/thomas24/hive_ws2/install/nav2_smac_planner/include/nav2_smac_planner/nav2_smac_planner/node_hybrid.hpp
-- Installing: /home/thomas24/hive_ws2/install/nav2_smac_planner/include/nav2_smac_planner/nav2_smac_planner/smac_planner_hybrid.hpp
-- Installing: /home/thomas24/hive_ws2/install/nav2_smac_planner/include/nav2_smac_planner/nav2_smac_planner/node_2d.hpp
-- Installing: /home/thomas24/hive_ws2/install/nav2_smac_planner/include/nav2_smac_planner/nav2_smac_planner_common_visibility_control.hpp
-- Installing: /home/thomas24/hive_ws2/install/nav2_smac_planner/share/nav2_smac_planner/sample_primitives
-- Installing: /home/thomas24/hive_ws2/install/nav2_smac_planner/share/nav2_smac_planner/sample_primitives/test
-- Installing: /home/thomas24/hive_ws2/install/nav2_smac_planner/share/nav2_smac_planner/sample_primitives/test/output.json
-- Installing: /home/thomas24/hive_ws2/install/nav2_smac_planner/share/nav2_smac_planner/sample_primitives/5cm_resolution
-- Installing: /home/thomas24/hive_ws2/install/nav2_smac_planner/share/nav2_smac_planner/sample_primitives/5cm_resolution/0.5m_turning_radius
-- Installing: /home/thomas24/hive_ws2/install/nav2_smac_planner/share/nav2_smac_planner/sample_primitives/5cm_resolution/0.5m_turning_radius/diff
-- Installing: /home/thomas24/hive_ws2/install/nav2_smac_planner/share/nav2_smac_planner/sample_primitives/5cm_resolution/0.5m_turning_radius/diff/output.json
-- Installing: /home/thomas24/hive_ws2/install/nav2_smac_planner/share/nav2_smac_planner/sample_primitives/5cm_resolution/0.5m_turning_radius/ackermann
-- Installing: /home/thomas24/hive_ws2/install/nav2_smac_planner/share/nav2_smac_planner/sample_primitives/5cm_resolution/0.5m_turning_radius/ackermann/output.json
-- Installing: /home/thomas24/hive_ws2/install/nav2_smac_planner/share/nav2_smac_planner/sample_primitives/5cm_resolution/0.5m_turning_radius/all_trajectories.png
-- Installing: /home/thomas24/hive_ws2/install/nav2_smac_planner/share/nav2_smac_planner/sample_primitives/5cm_resolution/0.5m_turning_radius/omni
-- Installing: /home/thomas24/hive_ws2/install/nav2_smac_planner/share/nav2_smac_planner/sample_primitives/5cm_resolution/0.5m_turning_radius/omni/output.json
-- Installing: /home/thomas24/hive_ws2/install/nav2_smac_planner/share/nav2_smac_planner/sample_primitives/5cm_resolution/1m_turning_radius
-- Installing: /home/thomas24/hive_ws2/install/nav2_smac_planner/share/nav2_smac_planner/sample_primitives/5cm_resolution/1m_turning_radius/diff
-- Installing: /home/thomas24/hive_ws2/install/nav2_smac_planner/share/nav2_smac_planner/sample_primitives/5cm_resolution/1m_turning_radius/diff/output.json
-- Installing: /home/thomas24/hive_ws2/install/nav2_smac_planner/share/nav2_smac_planner/sample_primitives/5cm_resolution/1m_turning_radius/ackermann
-- Installing: /home/thomas24/hive_ws2/install/nav2_smac_planner/share/nav2_smac_planner/sample_primitives/5cm_resolution/1m_turning_radius/ackermann/output.json
-- Installing: /home/thomas24/hive_ws2/install/nav2_smac_planner/share/nav2_smac_planner/sample_primitives/5cm_resolution/1m_turning_radius/all_trajectories.png
-- Installing: /home/thomas24/hive_ws2/install/nav2_smac_planner/share/nav2_smac_planner/sample_primitives/5cm_resolution/1m_turning_radius/omni
-- Installing: /home/thomas24/hive_ws2/install/nav2_smac_planner/share/nav2_smac_planner/sample_primitives/5cm_resolution/1m_turning_radius/omni/output.json
-- Installing: /home/thomas24/hive_ws2/install/nav2_smac_planner/share/nav2_smac_planner/environment/library_path.sh
-- Installing: /home/thomas24/hive_ws2/install/nav2_smac_planner/share/nav2_smac_planner/environment/library_path.dsv
-- Installing: /home/thomas24/hive_ws2/install/nav2_smac_planner/share/ament_index/resource_index/package_run_dependencies/nav2_smac_planner
-- Installing: /home/thomas24/hive_ws2/install/nav2_smac_planner/share/ament_index/resource_index/parent_prefix_path/nav2_smac_planner
-- Installing: /home/thomas24/hive_ws2/install/nav2_smac_planner/share/nav2_smac_planner/environment/ament_prefix_path.sh
-- Installing: /home/thomas24/hive_ws2/install/nav2_smac_planner/share/nav2_smac_planner/environment/ament_prefix_path.dsv
-- Installing: /home/thomas24/hive_ws2/install/nav2_smac_planner/share/nav2_smac_planner/environment/path.sh
-- Installing: /home/thomas24/hive_ws2/install/nav2_smac_planner/share/nav2_smac_planner/environment/path.dsv
-- Installing: /home/thomas24/hive_ws2/install/nav2_smac_planner/share/nav2_smac_planner/local_setup.bash
-- Installing: /home/thomas24/hive_ws2/install/nav2_smac_planner/share/nav2_smac_planner/local_setup.sh
-- Installing: /home/thomas24/hive_ws2/install/nav2_smac_planner/share/nav2_smac_planner/local_setup.zsh
-- Installing: /home/thomas24/hive_ws2/install/nav2_smac_planner/share/nav2_smac_planner/local_setup.dsv
-- Installing: /home/thomas24/hive_ws2/install/nav2_smac_planner/share/nav2_smac_planner/package.dsv
-- Installing: /home/thomas24/hive_ws2/install/nav2_smac_planner/share/ament_index/resource_index/packages/nav2_smac_planner
-- Installing: /home/thomas24/hive_ws2/install/nav2_smac_planner/share/ament_index/resource_index/nav2_core__pluginlib__plugin/nav2_smac_planner
-- Installing: /home/thomas24/hive_ws2/install/nav2_smac_planner/share/nav2_smac_planner/cmake/nav2_smac_plannerExport.cmake
-- Installing: /home/thomas24/hive_ws2/install/nav2_smac_planner/share/nav2_smac_planner/cmake/nav2_smac_plannerExport-release.cmake
-- Installing: /home/thomas24/hive_ws2/install/nav2_smac_planner/share/nav2_smac_planner/cmake/ament_cmake_export_include_directories-extras.cmake
-- Installing: /home/thomas24/hive_ws2/install/nav2_smac_planner/share/nav2_smac_planner/cmake/ament_cmake_export_libraries-extras.cmake
-- Installing: /home/thomas24/hive_ws2/install/nav2_smac_planner/share/nav2_smac_planner/cmake/ament_cmake_export_dependencies-extras.cmake
-- Installing: /home/thomas24/hive_ws2/install/nav2_smac_planner/share/nav2_smac_planner/cmake/ament_cmake_export_targets-extras.cmake
-- Installing: /home/thomas24/hive_ws2/install/nav2_smac_planner/share/nav2_smac_planner/cmake/nav2_smac_plannerConfig.cmake
-- Installing: /home/thomas24/hive_ws2/install/nav2_smac_planner/share/nav2_smac_planner/cmake/nav2_smac_plannerConfig-version.cmake
-- Installing: /home/thomas24/hive_ws2/install/nav2_smac_planner/share/nav2_smac_planner/package.xml
