[0.050s] Invoking command in '/home/thomas24/hive_ws2/build/nav2_smac_planner': AMENT_PREFIX_PATH=/home/thomas24/hive_ws2/install/nav2_core:/home/thomas24/hive_ws2/install/nav2_costmap_2d:/home/thomas24/hive_ws2/install/nav2_map_server:/home/thomas24/hive_ws2/install/nav2_lifecycle_manager:/home/thomas24/hive_ws2/install/nav2_behavior_tree:/home/thomas24/hive_ws2/install/nav2_util:/home/thomas24/hive_ws2/install/nav2_ros_common:/home/thomas24/hive_ws2/install/nav2_voxel_grid:/home/thomas24/hive_ws2/install/nav2_msgs:/home/thomas24/hive_ws2/install/nav2_common:${AMENT_PREFIX_PATH} CMAKE_PREFIX_PATH=/home/thomas24/hive_ws2/install/nav2_core:/home/thomas24/hive_ws2/install/nav2_costmap_2d:/home/thomas24/hive_ws2/install/nav2_map_server:/home/thomas24/hive_ws2/install/nav2_lifecycle_manager:/home/thomas24/hive_ws2/install/nav2_behavior_tree:/home/thomas24/hive_ws2/install/nav2_util:/home/thomas24/hive_ws2/install/nav2_ros_common:/home/thomas24/hive_ws2/install/nav2_voxel_grid:/home/thomas24/hive_ws2/install/nav2_msgs:/home/thomas24/hive_ws2/install/nav2_common:/opt/ros/jazzy/opt/gz_sim_vendor:/opt/ros/jazzy/opt/gz_sensors_vendor:/opt/ros/jazzy/opt/gz_physics_vendor:/opt/ros/jazzy/opt/sdformat_vendor:/opt/ros/jazzy/opt/gz_gui_vendor:/opt/ros/jazzy/opt/gz_transport_vendor:/opt/ros/jazzy/opt/gz_rendering_vendor:/opt/ros/jazzy/opt/gz_plugin_vendor:/opt/ros/jazzy/opt/gz_fuel_tools_vendor:/opt/ros/jazzy/opt/gz_msgs_vendor:/opt/ros/jazzy/opt/gz_common_vendor:/opt/ros/jazzy/opt/gz_math_vendor:/opt/ros/jazzy/opt/gz_utils_vendor:/opt/ros/jazzy/opt/gz_tools_vendor:/opt/ros/jazzy/opt/gz_ogre_next_vendor:/opt/ros/jazzy/opt/gz_dartsim_vendor:/opt/ros/jazzy/opt/gz_cmake_vendor:/opt/ros/jazzy DEBUGINFOD_URLS=https://debuginfod.ubuntu.com LD_LIBRARY_PATH=/home/thomas24/hive_ws2/install/nav2_costmap_2d/lib:/home/thomas24/hive_ws2/install/nav2_map_server/lib:/home/thomas24/hive_ws2/install/nav2_lifecycle_manager/lib:/home/thomas24/hive_ws2/install/nav2_behavior_tree/lib:/home/thomas24/hive_ws2/install/nav2_util/lib:/home/thomas24/hive_ws2/install/nav2_voxel_grid/lib:/home/thomas24/hive_ws2/install/nav2_msgs/lib:${LD_LIBRARY_PATH} PYTHONPATH=/home/thomas24/hive_ws2/install/nav2_msgs/lib/python3.12/site-packages:/home/thomas24/hive_ws2/install/nav2_common/lib/python3.12/site-packages:${PYTHONPATH} /usr/bin/cmake /home/thomas24/hive_ws2/src/navigation2/nav2_smac_planner -DCMAKE_INSTALL_PREFIX=/home/thomas24/hive_ws2/install/nav2_smac_planner
[4.782s] -- The C compiler identification is GNU 13.3.0
[4.782s] -- The CXX compiler identification is GNU 13.3.0
[4.782s] -- Detecting C compiler ABI info
[4.782s] -- Detecting C compiler ABI info - done
[4.783s] -- Check for working C compiler: /usr/bin/cc - skipped
[4.783s] -- Detecting C compile features
[4.783s] -- Detecting C compile features - done
[4.783s] -- Detecting CXX compiler ABI info
[4.783s] -- Detecting CXX compiler ABI info - done
[4.783s] -- Check for working CXX compiler: /usr/bin/c++ - skipped
[4.783s] -- Detecting CXX compile features
[4.783s] -- Detecting CXX compile features - done
[4.783s] -- Found ament_cmake: 2.5.4 (/opt/ros/jazzy/share/ament_cmake/cmake)
[4.783s] -- Found Python3: /usr/bin/python3 (found version "3.12.3") found components: Interpreter 
[4.783s] -- Found ament_index_cpp: 1.8.1 (/opt/ros/jazzy/share/ament_index_cpp/cmake)
[4.783s] -- Found angles: 1.16.0 (/opt/ros/jazzy/share/angles/cmake)
[4.784s] -- Found geometry_msgs: 5.3.6 (/opt/ros/jazzy/share/geometry_msgs/cmake)
[4.784s] -- Found rosidl_generator_c: 4.6.6 (/opt/ros/jazzy/share/rosidl_generator_c/cmake)
[4.785s] -- Found rosidl_generator_cpp: 4.6.6 (/opt/ros/jazzy/share/rosidl_generator_cpp/cmake)
[4.785s] -- Using all available rosidl_typesupport_c: rosidl_typesupport_fastrtps_c;rosidl_typesupport_introspection_c
[4.785s] -- Using all available rosidl_typesupport_cpp: rosidl_typesupport_fastrtps_cpp;rosidl_typesupport_introspection_cpp
[4.785s] -- Found nav2_common: 1.4.0 (/home/thomas24/hive_ws2/install/nav2_common/share/nav2_common/cmake)
[4.785s] -- Found nav2_core: 1.4.0 (/home/thomas24/hive_ws2/install/nav2_core/share/nav2_core/cmake)
[4.785s] -- Found rmw_implementation_cmake: 7.3.2 (/opt/ros/jazzy/share/rmw_implementation_cmake/cmake)
[4.785s] -- Found rmw_fastrtps_cpp: 8.4.3 (/opt/ros/jazzy/share/rmw_fastrtps_cpp/cmake)
[4.785s] -- Found OpenSSL: /usr/lib/x86_64-linux-gnu/libcrypto.so (found version "3.0.13")  
[4.785s] -- Found FastRTPS: /opt/ros/jazzy/include (Required is at least version "2.13") 
[4.785s] -- Using RMW implementation 'rmw_fastrtps_cpp' as default
[4.785s] -- Found eigen3_cmake_module: 0.3.0 (/opt/ros/jazzy/share/eigen3_cmake_module/cmake)
[4.785s] -- Found Eigen3: TRUE (found version "3.4.0") 
[4.785s] -- Ensuring Eigen3 include directory is part of orocos-kdl CMake target
[4.785s] -- Found nlohmann_json: /usr/share/cmake/nlohmann_json/nlohmann_jsonConfig.cmake (found version "3.11.3") 
[4.785s] -- Found Boost: /usr/lib/x86_64-linux-gnu/cmake/Boost-1.83.0/BoostConfig.cmake (found version "1.83.0") found components: serialization filesystem system 
[5.127s] -- Found ompl: /opt/ros/jazzy/include/ompl-1.7;/usr/include;/usr/include/eigen3  
[5.133s] -- Found visualization_msgs: 5.3.6 (/opt/ros/jazzy/share/visualization_msgs/cmake)
[5.163s] -- Setting build type to Release as none was specified.
[5.170s] -- Performing Test COMPILER_HAS_HIDDEN_VISIBILITY
[5.489s] -- Performing Test COMPILER_HAS_HIDDEN_VISIBILITY - Success
[5.489s] -- Performing Test COMPILER_HAS_HIDDEN_INLINE_VISIBILITY
[5.948s] -- Performing Test COMPILER_HAS_HIDDEN_INLINE_VISIBILITY - Success
[5.948s] -- Performing Test COMPILER_HAS_DEPRECATED_ATTR
[6.379s] -- Performing Test COMPILER_HAS_DEPRECATED_ATTR - Success
[6.398s] -- Found ament_lint_auto: 0.17.3 (/opt/ros/jazzy/share/ament_lint_auto/cmake)
[6.838s] -- Found gtest sources under '/opt/ros/jazzy/src/gtest_vendor': C++ tests using 'Google Test' will be built
[6.873s] -- Found Threads: TRUE  
[6.963s] -- Added test 'copyright' to check source files copyright and LICENSE
[6.980s] -- Added test 'cppcheck' to perform static code analysis on C / C++ code
[6.980s] -- Configured cppcheck include dirs: $<BUILD_INTERFACE:/home/thomas24/hive_ws2/src/navigation2/nav2_smac_planner/include>
[6.980s] -- Configured cppcheck exclude dirs and/or files: include/nav2_smac_planner/thirdparty/robin_hood.h
[7.003s] -- Added test 'cpplint' to check C / C++ code against the Google style
[7.004s] -- Configured cpplint exclude dirs and/or files: include/nav2_smac_planner/thirdparty/robin_hood.h
[7.010s] -- Added test 'flake8' to check Python code syntax and style conventions
[7.010s] -- Configured 'flake8' exclude dirs and/or files: include/nav2_smac_planner/thirdparty/robin_hood.h
[7.015s] -- Added test 'lint_cmake' to check CMake code style
[7.020s] -- Added test 'pep257' to check Python code against some of the docstring style conventions in PEP 257
[7.044s] -- Added test 'uncrustify' to check C / C++ code style
[7.045s] -- Configured uncrustify additional arguments: 
[7.052s] -- Added test 'xmllint' to check XML markup files
[7.062s] -- Configuring done (7.0s)
[7.934s] -- Generating done (0.7s)
[8.100s] -- Build files have been written to: /home/thomas24/hive_ws2/build/nav2_smac_planner
[8.193s] Invoked command in '/home/thomas24/hive_ws2/build/nav2_smac_planner' returned '0': AMENT_PREFIX_PATH=/home/thomas24/hive_ws2/install/nav2_core:/home/thomas24/hive_ws2/install/nav2_costmap_2d:/home/thomas24/hive_ws2/install/nav2_map_server:/home/thomas24/hive_ws2/install/nav2_lifecycle_manager:/home/thomas24/hive_ws2/install/nav2_behavior_tree:/home/thomas24/hive_ws2/install/nav2_util:/home/thomas24/hive_ws2/install/nav2_ros_common:/home/thomas24/hive_ws2/install/nav2_voxel_grid:/home/thomas24/hive_ws2/install/nav2_msgs:/home/thomas24/hive_ws2/install/nav2_common:${AMENT_PREFIX_PATH} CMAKE_PREFIX_PATH=/home/thomas24/hive_ws2/install/nav2_core:/home/thomas24/hive_ws2/install/nav2_costmap_2d:/home/thomas24/hive_ws2/install/nav2_map_server:/home/thomas24/hive_ws2/install/nav2_lifecycle_manager:/home/thomas24/hive_ws2/install/nav2_behavior_tree:/home/thomas24/hive_ws2/install/nav2_util:/home/thomas24/hive_ws2/install/nav2_ros_common:/home/thomas24/hive_ws2/install/nav2_voxel_grid:/home/thomas24/hive_ws2/install/nav2_msgs:/home/thomas24/hive_ws2/install/nav2_common:/opt/ros/jazzy/opt/gz_sim_vendor:/opt/ros/jazzy/opt/gz_sensors_vendor:/opt/ros/jazzy/opt/gz_physics_vendor:/opt/ros/jazzy/opt/sdformat_vendor:/opt/ros/jazzy/opt/gz_gui_vendor:/opt/ros/jazzy/opt/gz_transport_vendor:/opt/ros/jazzy/opt/gz_rendering_vendor:/opt/ros/jazzy/opt/gz_plugin_vendor:/opt/ros/jazzy/opt/gz_fuel_tools_vendor:/opt/ros/jazzy/opt/gz_msgs_vendor:/opt/ros/jazzy/opt/gz_common_vendor:/opt/ros/jazzy/opt/gz_math_vendor:/opt/ros/jazzy/opt/gz_utils_vendor:/opt/ros/jazzy/opt/gz_tools_vendor:/opt/ros/jazzy/opt/gz_ogre_next_vendor:/opt/ros/jazzy/opt/gz_dartsim_vendor:/opt/ros/jazzy/opt/gz_cmake_vendor:/opt/ros/jazzy DEBUGINFOD_URLS=https://debuginfod.ubuntu.com LD_LIBRARY_PATH=/home/thomas24/hive_ws2/install/nav2_costmap_2d/lib:/home/thomas24/hive_ws2/install/nav2_map_server/lib:/home/thomas24/hive_ws2/install/nav2_lifecycle_manager/lib:/home/thomas24/hive_ws2/install/nav2_behavior_tree/lib:/home/thomas24/hive_ws2/install/nav2_util/lib:/home/thomas24/hive_ws2/install/nav2_voxel_grid/lib:/home/thomas24/hive_ws2/install/nav2_msgs/lib:${LD_LIBRARY_PATH} PYTHONPATH=/home/thomas24/hive_ws2/install/nav2_msgs/lib/python3.12/site-packages:/home/thomas24/hive_ws2/install/nav2_common/lib/python3.12/site-packages:${PYTHONPATH} /usr/bin/cmake /home/thomas24/hive_ws2/src/navigation2/nav2_smac_planner -DCMAKE_INSTALL_PREFIX=/home/thomas24/hive_ws2/install/nav2_smac_planner
[8.193s] Invoking command in '/home/thomas24/hive_ws2/build/nav2_smac_planner': AMENT_PREFIX_PATH=/home/thomas24/hive_ws2/install/nav2_core:/home/thomas24/hive_ws2/install/nav2_costmap_2d:/home/thomas24/hive_ws2/install/nav2_map_server:/home/thomas24/hive_ws2/install/nav2_lifecycle_manager:/home/thomas24/hive_ws2/install/nav2_behavior_tree:/home/thomas24/hive_ws2/install/nav2_util:/home/thomas24/hive_ws2/install/nav2_ros_common:/home/thomas24/hive_ws2/install/nav2_voxel_grid:/home/thomas24/hive_ws2/install/nav2_msgs:/home/thomas24/hive_ws2/install/nav2_common:${AMENT_PREFIX_PATH} CMAKE_PREFIX_PATH=/home/thomas24/hive_ws2/install/nav2_core:/home/thomas24/hive_ws2/install/nav2_costmap_2d:/home/thomas24/hive_ws2/install/nav2_map_server:/home/thomas24/hive_ws2/install/nav2_lifecycle_manager:/home/thomas24/hive_ws2/install/nav2_behavior_tree:/home/thomas24/hive_ws2/install/nav2_util:/home/thomas24/hive_ws2/install/nav2_ros_common:/home/thomas24/hive_ws2/install/nav2_voxel_grid:/home/thomas24/hive_ws2/install/nav2_msgs:/home/thomas24/hive_ws2/install/nav2_common:/opt/ros/jazzy/opt/gz_sim_vendor:/opt/ros/jazzy/opt/gz_sensors_vendor:/opt/ros/jazzy/opt/gz_physics_vendor:/opt/ros/jazzy/opt/sdformat_vendor:/opt/ros/jazzy/opt/gz_gui_vendor:/opt/ros/jazzy/opt/gz_transport_vendor:/opt/ros/jazzy/opt/gz_rendering_vendor:/opt/ros/jazzy/opt/gz_plugin_vendor:/opt/ros/jazzy/opt/gz_fuel_tools_vendor:/opt/ros/jazzy/opt/gz_msgs_vendor:/opt/ros/jazzy/opt/gz_common_vendor:/opt/ros/jazzy/opt/gz_math_vendor:/opt/ros/jazzy/opt/gz_utils_vendor:/opt/ros/jazzy/opt/gz_tools_vendor:/opt/ros/jazzy/opt/gz_ogre_next_vendor:/opt/ros/jazzy/opt/gz_dartsim_vendor:/opt/ros/jazzy/opt/gz_cmake_vendor:/opt/ros/jazzy DEBUGINFOD_URLS=https://debuginfod.ubuntu.com LD_LIBRARY_PATH=/home/thomas24/hive_ws2/install/nav2_costmap_2d/lib:/home/thomas24/hive_ws2/install/nav2_map_server/lib:/home/thomas24/hive_ws2/install/nav2_lifecycle_manager/lib:/home/thomas24/hive_ws2/install/nav2_behavior_tree/lib:/home/thomas24/hive_ws2/install/nav2_util/lib:/home/thomas24/hive_ws2/install/nav2_voxel_grid/lib:/home/thomas24/hive_ws2/install/nav2_msgs/lib:${LD_LIBRARY_PATH} PYTHONPATH=/home/thomas24/hive_ws2/install/nav2_msgs/lib/python3.12/site-packages:/home/thomas24/hive_ws2/install/nav2_common/lib/python3.12/site-packages:${PYTHONPATH} /usr/bin/cmake --build /home/thomas24/hive_ws2/build/nav2_smac_planner -- -j16 -l16
[71.267s] [  2%] [32mBuilding CXX object CMakeFiles/nav2_smac_planner_common.dir/src/a_star.cpp.o[0m
[71.267s] [  4%] [32mBuilding CXX object CMakeFiles/nav2_smac_planner_common.dir/src/smoother.cpp.o[0m
[71.267s] [  6%] [32mBuilding CXX object CMakeFiles/nav2_smac_planner_common.dir/src/node_lattice.cpp.o[0m
[71.267s] [  8%] [32mBuilding CXX object CMakeFiles/nav2_smac_planner_common.dir/src/node_hybrid.cpp.o[0m
[71.267s] [ 10%] [32mBuilding CXX object CMakeFiles/nav2_smac_planner_common.dir/src/node_basic.cpp.o[0m
[77.706s] [ 13%] [32mBuilding CXX object CMakeFiles/nav2_smac_planner_common.dir/src/node_2d.cpp.o[0m
[85.340s] [ 15%] [32mBuilding CXX object CMakeFiles/nav2_smac_planner_common.dir/src/costmap_downsampler.cpp.o[0m
[91.961s] [ 17%] [32mBuilding CXX object CMakeFiles/nav2_smac_planner_common.dir/src/collision_checker.cpp.o[0m
[99.234s] [ 19%] [32mBuilding CXX object CMakeFiles/nav2_smac_planner_common.dir/src/analytic_expansion.cpp.o[0m
[109.469s] [ 21%] [32m[1mLinking CXX shared library libnav2_smac_planner_common.so[0m
[109.868s] [ 21%] Built target nav2_smac_planner_common
[109.911s] [ 23%] [32mBuilding CXX object gtest/CMakeFiles/gtest.dir/src/gtest-all.cc.o[0m
[118.484s] [ 26%] [32m[1mLinking CXX static library libgtest.a[0m
[118.567s] [ 26%] Built target gtest
[118.617s] [ 28%] [32mBuilding CXX object CMakeFiles/nav2_smac_planner_lattice.dir/src/smac_planner_lattice.cpp.o[0m
[135.883s] [ 30%] [32m[1mLinking CXX shared library libnav2_smac_planner_lattice.so[0m
[136.294s] [ 30%] Built target nav2_smac_planner_lattice
[136.370s] [ 32%] [32mBuilding CXX object CMakeFiles/nav2_smac_planner_2d.dir/src/smac_planner_2d.cpp.o[0m
[150.235s] [ 34%] [32m[1mLinking CXX shared library libnav2_smac_planner_2d.so[0m
[150.554s] [ 34%] Built target nav2_smac_planner_2d
[150.595s] [ 36%] [32mBuilding CXX object CMakeFiles/nav2_smac_planner.dir/src/smac_planner_hybrid.cpp.o[0m
[172.081s] [ 39%] [32m[1mLinking CXX shared library libnav2_smac_planner.so[0m
[172.413s] [ 39%] Built target nav2_smac_planner
[172.448s] [ 41%] [32mBuilding CXX object gtest/CMakeFiles/gtest_main.dir/src/gtest_main.cc.o[0m
[173.260s] [ 43%] [32m[1mLinking CXX static library libgtest_main.a[0m
[173.308s] [ 43%] Built target gtest_main
[173.341s] [ 45%] [32mBuilding CXX object test/CMakeFiles/test_utils.dir/test_utils.cpp.o[0m
[180.616s] [ 47%] [32m[1mLinking CXX executable test_utils[0m
[180.929s] [ 47%] Built target test_utils
[180.962s] [ 50%] [32mBuilding CXX object test/CMakeFiles/test_goal_manager.dir/test_goal_manager.cpp.o[0m
[190.140s] [ 52%] [32m[1mLinking CXX executable test_goal_manager[0m
[190.490s] [ 52%] Built target test_goal_manager
[190.522s] [ 54%] [32mBuilding CXX object test/CMakeFiles/test_lattice_node.dir/test_nodelattice.cpp.o[0m
[202.963s] [ 56%] [32m[1mLinking CXX executable test_lattice_node[0m
[203.329s] [ 56%] Built target test_lattice_node
[203.361s] [ 58%] [32mBuilding CXX object test/CMakeFiles/test_smoother.dir/test_smoother.cpp.o[0m
[214.104s] [ 60%] [32m[1mLinking CXX executable test_smoother[0m
[214.452s] [ 60%] Built target test_smoother
[214.487s] [ 63%] [32mBuilding CXX object test/CMakeFiles/test_smac_lattice.dir/test_smac_lattice.cpp.o[0m
[225.539s] [ 65%] [32m[1mLinking CXX executable test_smac_lattice[0m
[225.915s] [ 65%] Built target test_smac_lattice
[225.943s] [ 67%] [32mBuilding CXX object test/CMakeFiles/test_smac_2d.dir/test_smac_2d.cpp.o[0m
[236.240s] [ 69%] [32m[1mLinking CXX executable test_smac_2d[0m
[236.577s] [ 69%] Built target test_smac_2d
[236.606s] [ 71%] [32mBuilding CXX object test/CMakeFiles/test_smac_hybrid.dir/test_smac_hybrid.cpp.o[0m
[247.218s] [ 73%] [32m[1mLinking CXX executable test_smac_hybrid[0m
[247.525s] [ 73%] Built target test_smac_hybrid
[247.553s] [ 76%] [32mBuilding CXX object test/CMakeFiles/test_a_star.dir/test_a_star.cpp.o[0m
[258.105s] [ 78%] [32m[1mLinking CXX executable test_a_star[0m
[258.406s] [ 78%] Built target test_a_star
[258.434s] [ 80%] [32mBuilding CXX object test/CMakeFiles/test_collision_checker.dir/test_collision_checker.cpp.o[0m
[265.021s] [ 82%] [32m[1mLinking CXX executable test_collision_checker[0m
[265.336s] [ 82%] Built target test_collision_checker
[265.363s] [ 84%] [32mBuilding CXX object test/CMakeFiles/test_nodebasic.dir/test_nodebasic.cpp.o[0m
[272.598s] [ 86%] [32m[1mLinking CXX executable test_nodebasic[0m
[272.839s] [ 86%] Built target test_nodebasic
[272.870s] [ 91%] [32mBuilding CXX object test/CMakeFiles/test_nodehybrid.dir/test_nodehybrid.cpp.o[0m
[272.870s] [ 91%] [32mBuilding CXX object test/CMakeFiles/test_costmap_downsampler.dir/test_costmap_downsampler.cpp.o[0m
[272.872s] [ 93%] [32mBuilding CXX object test/CMakeFiles/test_node2d.dir/test_node2d.cpp.o[0m
[281.862s] [ 95%] [32m[1mLinking CXX executable test_costmap_downsampler[0m
[282.351s] [ 95%] Built target test_costmap_downsampler
[282.997s] [ 97%] [32m[1mLinking CXX executable test_nodehybrid[0m
[283.388s] [ 97%] Built target test_nodehybrid
[284.341s] [100%] [32m[1mLinking CXX executable test_node2d[0m
[284.718s] [100%] Built target test_node2d
[284.742s] Invoked command in '/home/thomas24/hive_ws2/build/nav2_smac_planner' returned '0': AMENT_PREFIX_PATH=/home/thomas24/hive_ws2/install/nav2_core:/home/thomas24/hive_ws2/install/nav2_costmap_2d:/home/thomas24/hive_ws2/install/nav2_map_server:/home/thomas24/hive_ws2/install/nav2_lifecycle_manager:/home/thomas24/hive_ws2/install/nav2_behavior_tree:/home/thomas24/hive_ws2/install/nav2_util:/home/thomas24/hive_ws2/install/nav2_ros_common:/home/thomas24/hive_ws2/install/nav2_voxel_grid:/home/thomas24/hive_ws2/install/nav2_msgs:/home/thomas24/hive_ws2/install/nav2_common:${AMENT_PREFIX_PATH} CMAKE_PREFIX_PATH=/home/thomas24/hive_ws2/install/nav2_core:/home/thomas24/hive_ws2/install/nav2_costmap_2d:/home/thomas24/hive_ws2/install/nav2_map_server:/home/thomas24/hive_ws2/install/nav2_lifecycle_manager:/home/thomas24/hive_ws2/install/nav2_behavior_tree:/home/thomas24/hive_ws2/install/nav2_util:/home/thomas24/hive_ws2/install/nav2_ros_common:/home/thomas24/hive_ws2/install/nav2_voxel_grid:/home/thomas24/hive_ws2/install/nav2_msgs:/home/thomas24/hive_ws2/install/nav2_common:/opt/ros/jazzy/opt/gz_sim_vendor:/opt/ros/jazzy/opt/gz_sensors_vendor:/opt/ros/jazzy/opt/gz_physics_vendor:/opt/ros/jazzy/opt/sdformat_vendor:/opt/ros/jazzy/opt/gz_gui_vendor:/opt/ros/jazzy/opt/gz_transport_vendor:/opt/ros/jazzy/opt/gz_rendering_vendor:/opt/ros/jazzy/opt/gz_plugin_vendor:/opt/ros/jazzy/opt/gz_fuel_tools_vendor:/opt/ros/jazzy/opt/gz_msgs_vendor:/opt/ros/jazzy/opt/gz_common_vendor:/opt/ros/jazzy/opt/gz_math_vendor:/opt/ros/jazzy/opt/gz_utils_vendor:/opt/ros/jazzy/opt/gz_tools_vendor:/opt/ros/jazzy/opt/gz_ogre_next_vendor:/opt/ros/jazzy/opt/gz_dartsim_vendor:/opt/ros/jazzy/opt/gz_cmake_vendor:/opt/ros/jazzy DEBUGINFOD_URLS=https://debuginfod.ubuntu.com LD_LIBRARY_PATH=/home/thomas24/hive_ws2/install/nav2_costmap_2d/lib:/home/thomas24/hive_ws2/install/nav2_map_server/lib:/home/thomas24/hive_ws2/install/nav2_lifecycle_manager/lib:/home/thomas24/hive_ws2/install/nav2_behavior_tree/lib:/home/thomas24/hive_ws2/install/nav2_util/lib:/home/thomas24/hive_ws2/install/nav2_voxel_grid/lib:/home/thomas24/hive_ws2/install/nav2_msgs/lib:${LD_LIBRARY_PATH} PYTHONPATH=/home/thomas24/hive_ws2/install/nav2_msgs/lib/python3.12/site-packages:/home/thomas24/hive_ws2/install/nav2_common/lib/python3.12/site-packages:${PYTHONPATH} /usr/bin/cmake --build /home/thomas24/hive_ws2/build/nav2_smac_planner -- -j16 -l16
[284.744s] Invoking command in '/home/thomas24/hive_ws2/build/nav2_smac_planner': AMENT_PREFIX_PATH=/home/thomas24/hive_ws2/install/nav2_core:/home/thomas24/hive_ws2/install/nav2_costmap_2d:/home/thomas24/hive_ws2/install/nav2_map_server:/home/thomas24/hive_ws2/install/nav2_lifecycle_manager:/home/thomas24/hive_ws2/install/nav2_behavior_tree:/home/thomas24/hive_ws2/install/nav2_util:/home/thomas24/hive_ws2/install/nav2_ros_common:/home/thomas24/hive_ws2/install/nav2_voxel_grid:/home/thomas24/hive_ws2/install/nav2_msgs:/home/thomas24/hive_ws2/install/nav2_common:${AMENT_PREFIX_PATH} CMAKE_PREFIX_PATH=/home/thomas24/hive_ws2/install/nav2_core:/home/thomas24/hive_ws2/install/nav2_costmap_2d:/home/thomas24/hive_ws2/install/nav2_map_server:/home/thomas24/hive_ws2/install/nav2_lifecycle_manager:/home/thomas24/hive_ws2/install/nav2_behavior_tree:/home/thomas24/hive_ws2/install/nav2_util:/home/thomas24/hive_ws2/install/nav2_ros_common:/home/thomas24/hive_ws2/install/nav2_voxel_grid:/home/thomas24/hive_ws2/install/nav2_msgs:/home/thomas24/hive_ws2/install/nav2_common:/opt/ros/jazzy/opt/gz_sim_vendor:/opt/ros/jazzy/opt/gz_sensors_vendor:/opt/ros/jazzy/opt/gz_physics_vendor:/opt/ros/jazzy/opt/sdformat_vendor:/opt/ros/jazzy/opt/gz_gui_vendor:/opt/ros/jazzy/opt/gz_transport_vendor:/opt/ros/jazzy/opt/gz_rendering_vendor:/opt/ros/jazzy/opt/gz_plugin_vendor:/opt/ros/jazzy/opt/gz_fuel_tools_vendor:/opt/ros/jazzy/opt/gz_msgs_vendor:/opt/ros/jazzy/opt/gz_common_vendor:/opt/ros/jazzy/opt/gz_math_vendor:/opt/ros/jazzy/opt/gz_utils_vendor:/opt/ros/jazzy/opt/gz_tools_vendor:/opt/ros/jazzy/opt/gz_ogre_next_vendor:/opt/ros/jazzy/opt/gz_dartsim_vendor:/opt/ros/jazzy/opt/gz_cmake_vendor:/opt/ros/jazzy DEBUGINFOD_URLS=https://debuginfod.ubuntu.com LD_LIBRARY_PATH=/home/thomas24/hive_ws2/install/nav2_costmap_2d/lib:/home/thomas24/hive_ws2/install/nav2_map_server/lib:/home/thomas24/hive_ws2/install/nav2_lifecycle_manager/lib:/home/thomas24/hive_ws2/install/nav2_behavior_tree/lib:/home/thomas24/hive_ws2/install/nav2_util/lib:/home/thomas24/hive_ws2/install/nav2_voxel_grid/lib:/home/thomas24/hive_ws2/install/nav2_msgs/lib:${LD_LIBRARY_PATH} PYTHONPATH=/home/thomas24/hive_ws2/install/nav2_msgs/lib/python3.12/site-packages:/home/thomas24/hive_ws2/install/nav2_common/lib/python3.12/site-packages:${PYTHONPATH} /usr/bin/cmake --install /home/thomas24/hive_ws2/build/nav2_smac_planner
[284.756s] -- Install configuration: "Release"
[284.756s] -- Installing: /home/thomas24/hive_ws2/install/nav2_smac_planner/share/nav2_smac_planner/smac_plugin_hybrid.xml
[284.757s] -- Installing: /home/thomas24/hive_ws2/install/nav2_smac_planner/share/nav2_smac_planner/smac_plugin_2d.xml
[284.757s] -- Installing: /home/thomas24/hive_ws2/install/nav2_smac_planner/share/nav2_smac_planner/smac_plugin_lattice.xml
[284.757s] -- Installing: /home/thomas24/hive_ws2/install/nav2_smac_planner/lib/libnav2_smac_planner_common.so
[284.759s] -- Set non-toolchain portion of runtime path of "/home/thomas24/hive_ws2/install/nav2_smac_planner/lib/libnav2_smac_planner_common.so" to ""
[284.759s] -- Installing: /home/thomas24/hive_ws2/install/nav2_smac_planner/lib/libnav2_smac_planner.so
[284.761s] -- Set non-toolchain portion of runtime path of "/home/thomas24/hive_ws2/install/nav2_smac_planner/lib/libnav2_smac_planner.so" to ""
[284.761s] -- Installing: /home/thomas24/hive_ws2/install/nav2_smac_planner/lib/libnav2_smac_planner_2d.so
[284.762s] -- Set non-toolchain portion of runtime path of "/home/thomas24/hive_ws2/install/nav2_smac_planner/lib/libnav2_smac_planner_2d.so" to ""
[284.762s] -- Installing: /home/thomas24/hive_ws2/install/nav2_smac_planner/lib/libnav2_smac_planner_lattice.so
[284.764s] -- Set non-toolchain portion of runtime path of "/home/thomas24/hive_ws2/install/nav2_smac_planner/lib/libnav2_smac_planner_lattice.so" to ""
[284.764s] -- Installing: /home/thomas24/hive_ws2/install/nav2_smac_planner/include/nav2_smac_planner
[284.764s] -- Installing: /home/thomas24/hive_ws2/install/nav2_smac_planner/include/nav2_smac_planner/nav2_smac_planner
[284.764s] -- Installing: /home/thomas24/hive_ws2/install/nav2_smac_planner/include/nav2_smac_planner/nav2_smac_planner/thirdparty
[284.764s] -- Installing: /home/thomas24/hive_ws2/install/nav2_smac_planner/include/nav2_smac_planner/nav2_smac_planner/thirdparty/robin_hood.h
[284.764s] -- Installing: /home/thomas24/hive_ws2/install/nav2_smac_planner/include/nav2_smac_planner/nav2_smac_planner/node_lattice.hpp
[284.764s] -- Installing: /home/thomas24/hive_ws2/install/nav2_smac_planner/include/nav2_smac_planner/nav2_smac_planner/goal_manager.hpp
[284.765s] -- Installing: /home/thomas24/hive_ws2/install/nav2_smac_planner/include/nav2_smac_planner/nav2_smac_planner/smoother.hpp
[284.765s] -- Installing: /home/thomas24/hive_ws2/install/nav2_smac_planner/include/nav2_smac_planner/nav2_smac_planner/utils.hpp
[284.766s] -- Installing: /home/thomas24/hive_ws2/install/nav2_smac_planner/include/nav2_smac_planner/nav2_smac_planner/a_star.hpp
[284.766s] -- Installing: /home/thomas24/hive_ws2/install/nav2_smac_planner/include/nav2_smac_planner/nav2_smac_planner/collision_checker.hpp
[284.767s] -- Installing: /home/thomas24/hive_ws2/install/nav2_smac_planner/include/nav2_smac_planner/nav2_smac_planner/smac_planner_lattice.hpp
[284.767s] -- Installing: /home/thomas24/hive_ws2/install/nav2_smac_planner/include/nav2_smac_planner/nav2_smac_planner/node_basic.hpp
[284.767s] -- Installing: /home/thomas24/hive_ws2/install/nav2_smac_planner/include/nav2_smac_planner/nav2_smac_planner/smac_planner_2d.hpp
[284.767s] -- Installing: /home/thomas24/hive_ws2/install/nav2_smac_planner/include/nav2_smac_planner/nav2_smac_planner/constants.hpp
[284.767s] -- Installing: /home/thomas24/hive_ws2/install/nav2_smac_planner/include/nav2_smac_planner/nav2_smac_planner/costmap_downsampler.hpp
[284.767s] -- Installing: /home/thomas24/hive_ws2/install/nav2_smac_planner/include/nav2_smac_planner/nav2_smac_planner/types.hpp
[284.768s] -- Installing: /home/thomas24/hive_ws2/install/nav2_smac_planner/include/nav2_smac_planner/nav2_smac_planner/analytic_expansion.hpp
[284.768s] -- Installing: /home/thomas24/hive_ws2/install/nav2_smac_planner/include/nav2_smac_planner/nav2_smac_planner/node_hybrid.hpp
[284.768s] -- Installing: /home/thomas24/hive_ws2/install/nav2_smac_planner/include/nav2_smac_planner/nav2_smac_planner/smac_planner_hybrid.hpp
[284.768s] -- Installing: /home/thomas24/hive_ws2/install/nav2_smac_planner/include/nav2_smac_planner/nav2_smac_planner/node_2d.hpp
[284.768s] -- Installing: /home/thomas24/hive_ws2/install/nav2_smac_planner/include/nav2_smac_planner/nav2_smac_planner_common_visibility_control.hpp
[284.768s] -- Installing: /home/thomas24/hive_ws2/install/nav2_smac_planner/share/nav2_smac_planner/sample_primitives
[284.768s] -- Installing: /home/thomas24/hive_ws2/install/nav2_smac_planner/share/nav2_smac_planner/sample_primitives/test
[284.768s] -- Installing: /home/thomas24/hive_ws2/install/nav2_smac_planner/share/nav2_smac_planner/sample_primitives/test/output.json
[284.768s] -- Installing: /home/thomas24/hive_ws2/install/nav2_smac_planner/share/nav2_smac_planner/sample_primitives/5cm_resolution
[284.768s] -- Installing: /home/thomas24/hive_ws2/install/nav2_smac_planner/share/nav2_smac_planner/sample_primitives/5cm_resolution/0.5m_turning_radius
[284.768s] -- Installing: /home/thomas24/hive_ws2/install/nav2_smac_planner/share/nav2_smac_planner/sample_primitives/5cm_resolution/0.5m_turning_radius/diff
[284.768s] -- Installing: /home/thomas24/hive_ws2/install/nav2_smac_planner/share/nav2_smac_planner/sample_primitives/5cm_resolution/0.5m_turning_radius/diff/output.json
[284.768s] -- Installing: /home/thomas24/hive_ws2/install/nav2_smac_planner/share/nav2_smac_planner/sample_primitives/5cm_resolution/0.5m_turning_radius/ackermann
[284.769s] -- Installing: /home/thomas24/hive_ws2/install/nav2_smac_planner/share/nav2_smac_planner/sample_primitives/5cm_resolution/0.5m_turning_radius/ackermann/output.json
[284.769s] -- Installing: /home/thomas24/hive_ws2/install/nav2_smac_planner/share/nav2_smac_planner/sample_primitives/5cm_resolution/0.5m_turning_radius/all_trajectories.png
[284.769s] -- Installing: /home/thomas24/hive_ws2/install/nav2_smac_planner/share/nav2_smac_planner/sample_primitives/5cm_resolution/0.5m_turning_radius/omni
[284.769s] -- Installing: /home/thomas24/hive_ws2/install/nav2_smac_planner/share/nav2_smac_planner/sample_primitives/5cm_resolution/0.5m_turning_radius/omni/output.json
[284.769s] -- Installing: /home/thomas24/hive_ws2/install/nav2_smac_planner/share/nav2_smac_planner/sample_primitives/5cm_resolution/1m_turning_radius
[284.769s] -- Installing: /home/thomas24/hive_ws2/install/nav2_smac_planner/share/nav2_smac_planner/sample_primitives/5cm_resolution/1m_turning_radius/diff
[284.769s] -- Installing: /home/thomas24/hive_ws2/install/nav2_smac_planner/share/nav2_smac_planner/sample_primitives/5cm_resolution/1m_turning_radius/diff/output.json
[284.769s] -- Installing: /home/thomas24/hive_ws2/install/nav2_smac_planner/share/nav2_smac_planner/sample_primitives/5cm_resolution/1m_turning_radius/ackermann
[284.769s] -- Installing: /home/thomas24/hive_ws2/install/nav2_smac_planner/share/nav2_smac_planner/sample_primitives/5cm_resolution/1m_turning_radius/ackermann/output.json
[284.769s] -- Installing: /home/thomas24/hive_ws2/install/nav2_smac_planner/share/nav2_smac_planner/sample_primitives/5cm_resolution/1m_turning_radius/all_trajectories.png
[284.770s] -- Installing: /home/thomas24/hive_ws2/install/nav2_smac_planner/share/nav2_smac_planner/sample_primitives/5cm_resolution/1m_turning_radius/omni
[284.770s] -- Installing: /home/thomas24/hive_ws2/install/nav2_smac_planner/share/nav2_smac_planner/sample_primitives/5cm_resolution/1m_turning_radius/omni/output.json
[284.770s] -- Installing: /home/thomas24/hive_ws2/install/nav2_smac_planner/share/nav2_smac_planner/environment/library_path.sh
[284.770s] -- Installing: /home/thomas24/hive_ws2/install/nav2_smac_planner/share/nav2_smac_planner/environment/library_path.dsv
[284.771s] -- Installing: /home/thomas24/hive_ws2/install/nav2_smac_planner/share/ament_index/resource_index/package_run_dependencies/nav2_smac_planner
[284.771s] -- Installing: /home/thomas24/hive_ws2/install/nav2_smac_planner/share/ament_index/resource_index/parent_prefix_path/nav2_smac_planner
[284.771s] -- Installing: /home/thomas24/hive_ws2/install/nav2_smac_planner/share/nav2_smac_planner/environment/ament_prefix_path.sh
[284.771s] -- Installing: /home/thomas24/hive_ws2/install/nav2_smac_planner/share/nav2_smac_planner/environment/ament_prefix_path.dsv
[284.772s] -- Installing: /home/thomas24/hive_ws2/install/nav2_smac_planner/share/nav2_smac_planner/environment/path.sh
[284.772s] -- Installing: /home/thomas24/hive_ws2/install/nav2_smac_planner/share/nav2_smac_planner/environment/path.dsv
[284.772s] -- Installing: /home/thomas24/hive_ws2/install/nav2_smac_planner/share/nav2_smac_planner/local_setup.bash
[284.772s] -- Installing: /home/thomas24/hive_ws2/install/nav2_smac_planner/share/nav2_smac_planner/local_setup.sh
[284.772s] -- Installing: /home/thomas24/hive_ws2/install/nav2_smac_planner/share/nav2_smac_planner/local_setup.zsh
[284.772s] -- Installing: /home/thomas24/hive_ws2/install/nav2_smac_planner/share/nav2_smac_planner/local_setup.dsv
[284.773s] -- Installing: /home/thomas24/hive_ws2/install/nav2_smac_planner/share/nav2_smac_planner/package.dsv
[284.773s] -- Installing: /home/thomas24/hive_ws2/install/nav2_smac_planner/share/ament_index/resource_index/packages/nav2_smac_planner
[284.773s] -- Installing: /home/thomas24/hive_ws2/install/nav2_smac_planner/share/ament_index/resource_index/nav2_core__pluginlib__plugin/nav2_smac_planner
[284.773s] -- Installing: /home/thomas24/hive_ws2/install/nav2_smac_planner/share/nav2_smac_planner/cmake/nav2_smac_plannerExport.cmake
[284.773s] -- Installing: /home/thomas24/hive_ws2/install/nav2_smac_planner/share/nav2_smac_planner/cmake/nav2_smac_plannerExport-release.cmake
[284.773s] -- Installing: /home/thomas24/hive_ws2/install/nav2_smac_planner/share/nav2_smac_planner/cmake/ament_cmake_export_include_directories-extras.cmake
[284.773s] -- Installing: /home/thomas24/hive_ws2/install/nav2_smac_planner/share/nav2_smac_planner/cmake/ament_cmake_export_libraries-extras.cmake
[284.773s] -- Installing: /home/thomas24/hive_ws2/install/nav2_smac_planner/share/nav2_smac_planner/cmake/ament_cmake_export_dependencies-extras.cmake
[284.773s] -- Installing: /home/thomas24/hive_ws2/install/nav2_smac_planner/share/nav2_smac_planner/cmake/ament_cmake_export_targets-extras.cmake
[284.774s] -- Installing: /home/thomas24/hive_ws2/install/nav2_smac_planner/share/nav2_smac_planner/cmake/nav2_smac_plannerConfig.cmake
[284.774s] -- Installing: /home/thomas24/hive_ws2/install/nav2_smac_planner/share/nav2_smac_planner/cmake/nav2_smac_plannerConfig-version.cmake
[284.774s] -- Installing: /home/thomas24/hive_ws2/install/nav2_smac_planner/share/nav2_smac_planner/package.xml
[284.777s] Invoked command in '/home/thomas24/hive_ws2/build/nav2_smac_planner' returned '0': AMENT_PREFIX_PATH=/home/thomas24/hive_ws2/install/nav2_core:/home/thomas24/hive_ws2/install/nav2_costmap_2d:/home/thomas24/hive_ws2/install/nav2_map_server:/home/thomas24/hive_ws2/install/nav2_lifecycle_manager:/home/thomas24/hive_ws2/install/nav2_behavior_tree:/home/thomas24/hive_ws2/install/nav2_util:/home/thomas24/hive_ws2/install/nav2_ros_common:/home/thomas24/hive_ws2/install/nav2_voxel_grid:/home/thomas24/hive_ws2/install/nav2_msgs:/home/thomas24/hive_ws2/install/nav2_common:${AMENT_PREFIX_PATH} CMAKE_PREFIX_PATH=/home/thomas24/hive_ws2/install/nav2_core:/home/thomas24/hive_ws2/install/nav2_costmap_2d:/home/thomas24/hive_ws2/install/nav2_map_server:/home/thomas24/hive_ws2/install/nav2_lifecycle_manager:/home/thomas24/hive_ws2/install/nav2_behavior_tree:/home/thomas24/hive_ws2/install/nav2_util:/home/thomas24/hive_ws2/install/nav2_ros_common:/home/thomas24/hive_ws2/install/nav2_voxel_grid:/home/thomas24/hive_ws2/install/nav2_msgs:/home/thomas24/hive_ws2/install/nav2_common:/opt/ros/jazzy/opt/gz_sim_vendor:/opt/ros/jazzy/opt/gz_sensors_vendor:/opt/ros/jazzy/opt/gz_physics_vendor:/opt/ros/jazzy/opt/sdformat_vendor:/opt/ros/jazzy/opt/gz_gui_vendor:/opt/ros/jazzy/opt/gz_transport_vendor:/opt/ros/jazzy/opt/gz_rendering_vendor:/opt/ros/jazzy/opt/gz_plugin_vendor:/opt/ros/jazzy/opt/gz_fuel_tools_vendor:/opt/ros/jazzy/opt/gz_msgs_vendor:/opt/ros/jazzy/opt/gz_common_vendor:/opt/ros/jazzy/opt/gz_math_vendor:/opt/ros/jazzy/opt/gz_utils_vendor:/opt/ros/jazzy/opt/gz_tools_vendor:/opt/ros/jazzy/opt/gz_ogre_next_vendor:/opt/ros/jazzy/opt/gz_dartsim_vendor:/opt/ros/jazzy/opt/gz_cmake_vendor:/opt/ros/jazzy DEBUGINFOD_URLS=https://debuginfod.ubuntu.com LD_LIBRARY_PATH=/home/thomas24/hive_ws2/install/nav2_costmap_2d/lib:/home/thomas24/hive_ws2/install/nav2_map_server/lib:/home/thomas24/hive_ws2/install/nav2_lifecycle_manager/lib:/home/thomas24/hive_ws2/install/nav2_behavior_tree/lib:/home/thomas24/hive_ws2/install/nav2_util/lib:/home/thomas24/hive_ws2/install/nav2_voxel_grid/lib:/home/thomas24/hive_ws2/install/nav2_msgs/lib:${LD_LIBRARY_PATH} PYTHONPATH=/home/thomas24/hive_ws2/install/nav2_msgs/lib/python3.12/site-packages:/home/thomas24/hive_ws2/install/nav2_common/lib/python3.12/site-packages:${PYTHONPATH} /usr/bin/cmake --install /home/thomas24/hive_ws2/build/nav2_smac_planner
