[0.015s] Invoking command in '/home/thomas24/hive_ws2/build/nav2_common': CMAKE_PREFIX_PATH=${CMAKE_PREFIX_PATH}:/home/thomas24/hive_ws2/install/vanilla_brain_nav2:/home/thomas24/hive_ws2/install/nav2_loopback_sim:/home/thomas24/hive_ws2/install/nav2_simple_commander:/home/thomas24/hiveverse_ws/install/hive_tools:/home/thomas24/hiveverse_ws/install/hive_bringup:/opt/ros/jazzy DEBUGINFOD_URLS=https://debuginfod.ubuntu.com /usr/bin/cmake --build /home/thomas24/hive_ws2/build/nav2_common -- -j16 -l16
[0.104s] Built target ament_cmake_python_copy_nav2_common
[0.308s] running egg_info
[0.324s] writing nav2_common.egg-info/PKG-INFO
[0.324s] writing dependency_links to nav2_common.egg-info/dependency_links.txt
[0.325s] writing top-level names to nav2_common.egg-info/top_level.txt
[0.378s] reading manifest file 'nav2_common.egg-info/SOURCES.txt'
[0.378s] writing manifest file 'nav2_common.egg-info/SOURCES.txt'
[0.413s] Built target ament_cmake_python_build_nav2_common_egg
[0.429s] Invoked command in '/home/thomas24/hive_ws2/build/nav2_common' returned '0': CMAKE_PREFIX_PATH=${CMAKE_PREFIX_PATH}:/home/thomas24/hive_ws2/install/vanilla_brain_nav2:/home/thomas24/hive_ws2/install/nav2_loopback_sim:/home/thomas24/hive_ws2/install/nav2_simple_commander:/home/thomas24/hiveverse_ws/install/hive_tools:/home/thomas24/hiveverse_ws/install/hive_bringup:/opt/ros/jazzy DEBUGINFOD_URLS=https://debuginfod.ubuntu.com /usr/bin/cmake --build /home/thomas24/hive_ws2/build/nav2_common -- -j16 -l16
[0.445s] Invoking command in '/home/thomas24/hive_ws2/build/nav2_common': CMAKE_PREFIX_PATH=${CMAKE_PREFIX_PATH}:/home/thomas24/hive_ws2/install/vanilla_brain_nav2:/home/thomas24/hive_ws2/install/nav2_loopback_sim:/home/thomas24/hive_ws2/install/nav2_simple_commander:/home/thomas24/hiveverse_ws/install/hive_tools:/home/thomas24/hiveverse_ws/install/hive_bringup:/opt/ros/jazzy DEBUGINFOD_URLS=https://debuginfod.ubuntu.com /usr/bin/cmake --install /home/thomas24/hive_ws2/build/nav2_common
[0.458s] -- Install configuration: ""
[0.458s] -- Up-to-date: /home/thomas24/hive_ws2/install/nav2_common/share/nav2_common/environment/pythonpath.sh
[0.458s] -- Up-to-date: /home/thomas24/hive_ws2/install/nav2_common/share/nav2_common/environment/pythonpath.dsv
[0.459s] -- Up-to-date: /home/thomas24/hive_ws2/install/nav2_common/lib/python3.12/site-packages/nav2_common-1.4.0-py3.12.egg-info
[0.459s] -- Installing: /home/thomas24/hive_ws2/install/nav2_common/lib/python3.12/site-packages/nav2_common-1.4.0-py3.12.egg-info/dependency_links.txt
[0.459s] -- Installing: /home/thomas24/hive_ws2/install/nav2_common/lib/python3.12/site-packages/nav2_common-1.4.0-py3.12.egg-info/SOURCES.txt
[0.459s] -- Installing: /home/thomas24/hive_ws2/install/nav2_common/lib/python3.12/site-packages/nav2_common-1.4.0-py3.12.egg-info/top_level.txt
[0.459s] -- Installing: /home/thomas24/hive_ws2/install/nav2_common/lib/python3.12/site-packages/nav2_common-1.4.0-py3.12.egg-info/PKG-INFO
[0.459s] -- Up-to-date: /home/thomas24/hive_ws2/install/nav2_common/lib/python3.12/site-packages/nav2_common
[0.459s] -- Up-to-date: /home/thomas24/hive_ws2/install/nav2_common/lib/python3.12/site-packages/nav2_common/__init__.py
[0.459s] -- Up-to-date: /home/thomas24/hive_ws2/install/nav2_common/lib/python3.12/site-packages/nav2_common/launch
[0.459s] -- Up-to-date: /home/thomas24/hive_ws2/install/nav2_common/lib/python3.12/site-packages/nav2_common/launch/__init__.py
[0.459s] -- Up-to-date: /home/thomas24/hive_ws2/install/nav2_common/lib/python3.12/site-packages/nav2_common/launch/launch_config_as_bool.py
[0.460s] -- Up-to-date: /home/thomas24/hive_ws2/install/nav2_common/lib/python3.12/site-packages/nav2_common/launch/rewritten_yaml.py
[0.460s] -- Up-to-date: /home/thomas24/hive_ws2/install/nav2_common/lib/python3.12/site-packages/nav2_common/launch/replace_string.py
[0.460s] -- Up-to-date: /home/thomas24/hive_ws2/install/nav2_common/lib/python3.12/site-packages/nav2_common/launch/has_node_params.py
[0.496s] Listing '/home/thomas24/hive_ws2/install/nav2_common/lib/python3.12/site-packages/nav2_common'...
[0.496s] Listing '/home/thomas24/hive_ws2/install/nav2_common/lib/python3.12/site-packages/nav2_common/launch'...
[0.504s] -- Up-to-date: /home/thomas24/hive_ws2/install/nav2_common/share/ament_index/resource_index/package_run_dependencies/nav2_common
[0.504s] -- Up-to-date: /home/thomas24/hive_ws2/install/nav2_common/share/ament_index/resource_index/parent_prefix_path/nav2_common
[0.504s] -- Up-to-date: /home/thomas24/hive_ws2/install/nav2_common/share/nav2_common/environment/ament_prefix_path.sh
[0.505s] -- Up-to-date: /home/thomas24/hive_ws2/install/nav2_common/share/nav2_common/environment/ament_prefix_path.dsv
[0.505s] -- Up-to-date: /home/thomas24/hive_ws2/install/nav2_common/share/nav2_common/environment/path.sh
[0.505s] -- Up-to-date: /home/thomas24/hive_ws2/install/nav2_common/share/nav2_common/environment/path.dsv
[0.505s] -- Up-to-date: /home/thomas24/hive_ws2/install/nav2_common/share/nav2_common/local_setup.bash
[0.505s] -- Up-to-date: /home/thomas24/hive_ws2/install/nav2_common/share/nav2_common/local_setup.sh
[0.505s] -- Up-to-date: /home/thomas24/hive_ws2/install/nav2_common/share/nav2_common/local_setup.zsh
[0.505s] -- Up-to-date: /home/thomas24/hive_ws2/install/nav2_common/share/nav2_common/local_setup.dsv
[0.505s] -- Installing: /home/thomas24/hive_ws2/install/nav2_common/share/nav2_common/package.dsv
[0.505s] -- Up-to-date: /home/thomas24/hive_ws2/install/nav2_common/share/ament_index/resource_index/packages/nav2_common
[0.505s] -- Up-to-date: /home/thomas24/hive_ws2/install/nav2_common/share/nav2_common/cmake/nav2_common-extras.cmake
[0.506s] -- Up-to-date: /home/thomas24/hive_ws2/install/nav2_common/share/nav2_common/cmake/nav2_commonConfig.cmake
[0.506s] -- Up-to-date: /home/thomas24/hive_ws2/install/nav2_common/share/nav2_common/cmake/nav2_commonConfig-version.cmake
[0.506s] -- Up-to-date: /home/thomas24/hive_ws2/install/nav2_common/share/nav2_common/package.xml
[0.506s] -- Up-to-date: /home/thomas24/hive_ws2/install/nav2_common/share/nav2_common/cmake
[0.506s] -- Up-to-date: /home/thomas24/hive_ws2/install/nav2_common/share/nav2_common/cmake/nav2_package.cmake
[0.506s] -- Up-to-date: /home/thomas24/hive_ws2/install/nav2_common/share/nav2_common/test
[0.506s] -- Up-to-date: /home/thomas24/hive_ws2/install/nav2_common/share/nav2_common/test/test_launch_config_as_bool.py
[0.506s] -- Up-to-date: /home/thomas24/hive_ws2/install/nav2_common/share/nav2_common/test/test_rewritten_yaml.py
[0.507s] Invoked command in '/home/thomas24/hive_ws2/build/nav2_common' returned '0': CMAKE_PREFIX_PATH=${CMAKE_PREFIX_PATH}:/home/thomas24/hive_ws2/install/vanilla_brain_nav2:/home/thomas24/hive_ws2/install/nav2_loopback_sim:/home/thomas24/hive_ws2/install/nav2_simple_commander:/home/thomas24/hiveverse_ws/install/hive_tools:/home/thomas24/hiveverse_ws/install/hive_bringup:/opt/ros/jazzy DEBUGINFOD_URLS=https://debuginfod.ubuntu.com /usr/bin/cmake --install /home/thomas24/hive_ws2/build/nav2_common
