[0.023s] Invoking command in '/home/thomas24/hive_ws2/build/nav2_collision_monitor': AMENT_PREFIX_PATH=/home/thomas24/hive_ws2/install/nav2_costmap_2d:/home/thomas24/hive_ws2/install/nav2_map_server:/home/thomas24/hive_ws2/install/nav2_lifecycle_manager:/home/thomas24/hive_ws2/install/nav2_util:/home/thomas24/hive_ws2/install/nav2_ros_common:/home/thomas24/hive_ws2/install/nav2_voxel_grid:/home/thomas24/hive_ws2/install/nav2_msgs:/home/thomas24/hive_ws2/install/nav2_common:${AMENT_PREFIX_PATH} CMAKE_PREFIX_PATH=/home/thomas24/hive_ws2/install/nav2_costmap_2d:/home/thomas24/hive_ws2/install/nav2_map_server:/home/thomas24/hive_ws2/install/nav2_lifecycle_manager:/home/thomas24/hive_ws2/install/nav2_util:/home/thomas24/hive_ws2/install/nav2_ros_common:/home/thomas24/hive_ws2/install/nav2_voxel_grid:/home/thomas24/hive_ws2/install/nav2_msgs:/home/thomas24/hive_ws2/install/nav2_common:/home/thomas24/hiveverse_ws/install/hive_simulation:/home/thomas24/hiveverse_ws/install/hive_robot_description:/opt/ros/jazzy/opt/gz_sim_vendor:/opt/ros/jazzy/opt/gz_sensors_vendor:/opt/ros/jazzy/opt/gz_physics_vendor:/opt/ros/jazzy/opt/sdformat_vendor:/opt/ros/jazzy/opt/gz_gui_vendor:/opt/ros/jazzy/opt/gz_transport_vendor:/opt/ros/jazzy/opt/gz_rendering_vendor:/opt/ros/jazzy/opt/gz_plugin_vendor:/opt/ros/jazzy/opt/gz_fuel_tools_vendor:/opt/ros/jazzy/opt/gz_msgs_vendor:/opt/ros/jazzy/opt/gz_common_vendor:/opt/ros/jazzy/opt/gz_math_vendor:/opt/ros/jazzy/opt/gz_utils_vendor:/opt/ros/jazzy/opt/gz_tools_vendor:/opt/ros/jazzy/opt/gz_ogre_next_vendor:/opt/ros/jazzy/opt/gz_dartsim_vendor:/opt/ros/jazzy/opt/gz_cmake_vendor:/home/thomas24/hiveverse_ws/install/hive_tools:/home/thomas24/hiveverse_ws/install/hive_bringup:/opt/ros/jazzy DEBUGINFOD_URLS=https://debuginfod.ubuntu.com LD_LIBRARY_PATH=/home/thomas24/hive_ws2/install/nav2_costmap_2d/lib:/home/thomas24/hive_ws2/install/nav2_map_server/lib:/home/thomas24/hive_ws2/install/nav2_lifecycle_manager/lib:/home/thomas24/hive_ws2/install/nav2_util/lib:/home/thomas24/hive_ws2/install/nav2_voxel_grid/lib:/home/thomas24/hive_ws2/install/nav2_msgs/lib:${LD_LIBRARY_PATH} PYTHONPATH=/home/thomas24/hive_ws2/install/nav2_msgs/lib/python3.12/site-packages:/home/thomas24/hive_ws2/install/nav2_common/lib/python3.12/site-packages:${PYTHONPATH} /usr/bin/cmake --build /home/thomas24/hive_ws2/build/nav2_collision_monitor -- -j16 -l16
[0.084s] [  4%] Built target gtest_main
[0.100s] [  9%] Built target gtest
[0.123s] [ 59%] Built target collision_monitor_core
[0.123s] [ 61%] Built target collision_detector_core
[0.168s] [ 71%] Built target polygons_test
[0.169s] [ 71%] Built target collision_detector
[0.169s] [ 76%] Built target velocity_polygons_test
[0.171s] [ 80%] Built target collision_monitor
[0.172s] [ 85%] Built target collision_monitor_node_test
[0.179s] [ 92%] Built target sources_test
[0.179s] [100%] Built target collision_detector_node_test
[0.180s] [100%] Built target kinematics_test
[0.217s] Invoked command in '/home/thomas24/hive_ws2/build/nav2_collision_monitor' returned '0': AMENT_PREFIX_PATH=/home/thomas24/hive_ws2/install/nav2_costmap_2d:/home/thomas24/hive_ws2/install/nav2_map_server:/home/thomas24/hive_ws2/install/nav2_lifecycle_manager:/home/thomas24/hive_ws2/install/nav2_util:/home/thomas24/hive_ws2/install/nav2_ros_common:/home/thomas24/hive_ws2/install/nav2_voxel_grid:/home/thomas24/hive_ws2/install/nav2_msgs:/home/thomas24/hive_ws2/install/nav2_common:${AMENT_PREFIX_PATH} CMAKE_PREFIX_PATH=/home/thomas24/hive_ws2/install/nav2_costmap_2d:/home/thomas24/hive_ws2/install/nav2_map_server:/home/thomas24/hive_ws2/install/nav2_lifecycle_manager:/home/thomas24/hive_ws2/install/nav2_util:/home/thomas24/hive_ws2/install/nav2_ros_common:/home/thomas24/hive_ws2/install/nav2_voxel_grid:/home/thomas24/hive_ws2/install/nav2_msgs:/home/thomas24/hive_ws2/install/nav2_common:/home/thomas24/hiveverse_ws/install/hive_simulation:/home/thomas24/hiveverse_ws/install/hive_robot_description:/opt/ros/jazzy/opt/gz_sim_vendor:/opt/ros/jazzy/opt/gz_sensors_vendor:/opt/ros/jazzy/opt/gz_physics_vendor:/opt/ros/jazzy/opt/sdformat_vendor:/opt/ros/jazzy/opt/gz_gui_vendor:/opt/ros/jazzy/opt/gz_transport_vendor:/opt/ros/jazzy/opt/gz_rendering_vendor:/opt/ros/jazzy/opt/gz_plugin_vendor:/opt/ros/jazzy/opt/gz_fuel_tools_vendor:/opt/ros/jazzy/opt/gz_msgs_vendor:/opt/ros/jazzy/opt/gz_common_vendor:/opt/ros/jazzy/opt/gz_math_vendor:/opt/ros/jazzy/opt/gz_utils_vendor:/opt/ros/jazzy/opt/gz_tools_vendor:/opt/ros/jazzy/opt/gz_ogre_next_vendor:/opt/ros/jazzy/opt/gz_dartsim_vendor:/opt/ros/jazzy/opt/gz_cmake_vendor:/home/thomas24/hiveverse_ws/install/hive_tools:/home/thomas24/hiveverse_ws/install/hive_bringup:/opt/ros/jazzy DEBUGINFOD_URLS=https://debuginfod.ubuntu.com LD_LIBRARY_PATH=/home/thomas24/hive_ws2/install/nav2_costmap_2d/lib:/home/thomas24/hive_ws2/install/nav2_map_server/lib:/home/thomas24/hive_ws2/install/nav2_lifecycle_manager/lib:/home/thomas24/hive_ws2/install/nav2_util/lib:/home/thomas24/hive_ws2/install/nav2_voxel_grid/lib:/home/thomas24/hive_ws2/install/nav2_msgs/lib:${LD_LIBRARY_PATH} PYTHONPATH=/home/thomas24/hive_ws2/install/nav2_msgs/lib/python3.12/site-packages:/home/thomas24/hive_ws2/install/nav2_common/lib/python3.12/site-packages:${PYTHONPATH} /usr/bin/cmake --build /home/thomas24/hive_ws2/build/nav2_collision_monitor -- -j16 -l16
[0.221s] Invoking command in '/home/thomas24/hive_ws2/build/nav2_collision_monitor': AMENT_PREFIX_PATH=/home/thomas24/hive_ws2/install/nav2_costmap_2d:/home/thomas24/hive_ws2/install/nav2_map_server:/home/thomas24/hive_ws2/install/nav2_lifecycle_manager:/home/thomas24/hive_ws2/install/nav2_util:/home/thomas24/hive_ws2/install/nav2_ros_common:/home/thomas24/hive_ws2/install/nav2_voxel_grid:/home/thomas24/hive_ws2/install/nav2_msgs:/home/thomas24/hive_ws2/install/nav2_common:${AMENT_PREFIX_PATH} CMAKE_PREFIX_PATH=/home/thomas24/hive_ws2/install/nav2_costmap_2d:/home/thomas24/hive_ws2/install/nav2_map_server:/home/thomas24/hive_ws2/install/nav2_lifecycle_manager:/home/thomas24/hive_ws2/install/nav2_util:/home/thomas24/hive_ws2/install/nav2_ros_common:/home/thomas24/hive_ws2/install/nav2_voxel_grid:/home/thomas24/hive_ws2/install/nav2_msgs:/home/thomas24/hive_ws2/install/nav2_common:/home/thomas24/hiveverse_ws/install/hive_simulation:/home/thomas24/hiveverse_ws/install/hive_robot_description:/opt/ros/jazzy/opt/gz_sim_vendor:/opt/ros/jazzy/opt/gz_sensors_vendor:/opt/ros/jazzy/opt/gz_physics_vendor:/opt/ros/jazzy/opt/sdformat_vendor:/opt/ros/jazzy/opt/gz_gui_vendor:/opt/ros/jazzy/opt/gz_transport_vendor:/opt/ros/jazzy/opt/gz_rendering_vendor:/opt/ros/jazzy/opt/gz_plugin_vendor:/opt/ros/jazzy/opt/gz_fuel_tools_vendor:/opt/ros/jazzy/opt/gz_msgs_vendor:/opt/ros/jazzy/opt/gz_common_vendor:/opt/ros/jazzy/opt/gz_math_vendor:/opt/ros/jazzy/opt/gz_utils_vendor:/opt/ros/jazzy/opt/gz_tools_vendor:/opt/ros/jazzy/opt/gz_ogre_next_vendor:/opt/ros/jazzy/opt/gz_dartsim_vendor:/opt/ros/jazzy/opt/gz_cmake_vendor:/home/thomas24/hiveverse_ws/install/hive_tools:/home/thomas24/hiveverse_ws/install/hive_bringup:/opt/ros/jazzy DEBUGINFOD_URLS=https://debuginfod.ubuntu.com LD_LIBRARY_PATH=/home/thomas24/hive_ws2/install/nav2_costmap_2d/lib:/home/thomas24/hive_ws2/install/nav2_map_server/lib:/home/thomas24/hive_ws2/install/nav2_lifecycle_manager/lib:/home/thomas24/hive_ws2/install/nav2_util/lib:/home/thomas24/hive_ws2/install/nav2_voxel_grid/lib:/home/thomas24/hive_ws2/install/nav2_msgs/lib:${LD_LIBRARY_PATH} PYTHONPATH=/home/thomas24/hive_ws2/install/nav2_msgs/lib/python3.12/site-packages:/home/thomas24/hive_ws2/install/nav2_common/lib/python3.12/site-packages:${PYTHONPATH} /usr/bin/cmake --install /home/thomas24/hive_ws2/build/nav2_collision_monitor
[0.231s] -- Install configuration: "Release"
[0.233s] -- Execute custom install script
[0.234s] -- Up-to-date symlink: /home/thomas24/hive_ws2/install/nav2_collision_monitor/lib/nav2_collision_monitor/collision_monitor
[0.234s] -- Up-to-date symlink: /home/thomas24/hive_ws2/install/nav2_collision_monitor/lib/nav2_collision_monitor/collision_detector
[0.234s] -- Up-to-date symlink: /home/thomas24/hive_ws2/install/nav2_collision_monitor/include/nav2_collision_monitor/nav2_collision_monitor/circle.hpp
[0.234s] -- Up-to-date symlink: /home/thomas24/hive_ws2/install/nav2_collision_monitor/include/nav2_collision_monitor/nav2_collision_monitor/collision_detector_node.hpp
[0.234s] -- Up-to-date symlink: /home/thomas24/hive_ws2/install/nav2_collision_monitor/include/nav2_collision_monitor/nav2_collision_monitor/collision_monitor_node.hpp
[0.235s] -- Up-to-date symlink: /home/thomas24/hive_ws2/install/nav2_collision_monitor/include/nav2_collision_monitor/nav2_collision_monitor/kinematics.hpp
[0.235s] -- Up-to-date symlink: /home/thomas24/hive_ws2/install/nav2_collision_monitor/include/nav2_collision_monitor/nav2_collision_monitor/pointcloud.hpp
[0.235s] -- Up-to-date symlink: /home/thomas24/hive_ws2/install/nav2_collision_monitor/include/nav2_collision_monitor/nav2_collision_monitor/polygon.hpp
[0.235s] -- Up-to-date symlink: /home/thomas24/hive_ws2/install/nav2_collision_monitor/include/nav2_collision_monitor/nav2_collision_monitor/polygon_source.hpp
[0.235s] -- Up-to-date symlink: /home/thomas24/hive_ws2/install/nav2_collision_monitor/include/nav2_collision_monitor/nav2_collision_monitor/range.hpp
[0.235s] -- Up-to-date symlink: /home/thomas24/hive_ws2/install/nav2_collision_monitor/include/nav2_collision_monitor/nav2_collision_monitor/scan.hpp
[0.235s] -- Up-to-date symlink: /home/thomas24/hive_ws2/install/nav2_collision_monitor/include/nav2_collision_monitor/nav2_collision_monitor/source.hpp
[0.235s] -- Up-to-date symlink: /home/thomas24/hive_ws2/install/nav2_collision_monitor/include/nav2_collision_monitor/nav2_collision_monitor/types.hpp
[0.235s] -- Up-to-date symlink: /home/thomas24/hive_ws2/install/nav2_collision_monitor/include/nav2_collision_monitor/nav2_collision_monitor/velocity_polygon.hpp
[0.236s] -- Up-to-date symlink: /home/thomas24/hive_ws2/install/nav2_collision_monitor/share/nav2_collision_monitor/launch/collision_detector_node.launch.py
[0.236s] -- Up-to-date symlink: /home/thomas24/hive_ws2/install/nav2_collision_monitor/share/nav2_collision_monitor/launch/collision_monitor_node.launch.py
[0.236s] -- Up-to-date symlink: /home/thomas24/hive_ws2/install/nav2_collision_monitor/share/nav2_collision_monitor/params/collision_detector_params.yaml
[0.236s] -- Up-to-date symlink: /home/thomas24/hive_ws2/install/nav2_collision_monitor/share/nav2_collision_monitor/params/collision_monitor_params.yaml
[0.236s] -- Up-to-date symlink: /home/thomas24/hive_ws2/install/nav2_collision_monitor/share/nav2_collision_monitor/environment/library_path.sh
[0.237s] -- Up-to-date symlink: /home/thomas24/hive_ws2/install/nav2_collision_monitor/share/nav2_collision_monitor/environment/library_path.dsv
[0.237s] -- Up-to-date symlink: /home/thomas24/hive_ws2/install/nav2_collision_monitor/share/ament_index/resource_index/package_run_dependencies/nav2_collision_monitor
[0.237s] -- Up-to-date symlink: /home/thomas24/hive_ws2/install/nav2_collision_monitor/share/ament_index/resource_index/parent_prefix_path/nav2_collision_monitor
[0.237s] -- Up-to-date symlink: /home/thomas24/hive_ws2/install/nav2_collision_monitor/share/nav2_collision_monitor/environment/ament_prefix_path.sh
[0.237s] -- Up-to-date symlink: /home/thomas24/hive_ws2/install/nav2_collision_monitor/share/nav2_collision_monitor/environment/ament_prefix_path.dsv
[0.237s] -- Up-to-date symlink: /home/thomas24/hive_ws2/install/nav2_collision_monitor/share/nav2_collision_monitor/environment/path.sh
[0.237s] -- Up-to-date symlink: /home/thomas24/hive_ws2/install/nav2_collision_monitor/share/nav2_collision_monitor/environment/path.dsv
[0.237s] -- Up-to-date symlink: /home/thomas24/hive_ws2/install/nav2_collision_monitor/share/nav2_collision_monitor/local_setup.bash
[0.237s] -- Up-to-date symlink: /home/thomas24/hive_ws2/install/nav2_collision_monitor/share/nav2_collision_monitor/local_setup.sh
[0.237s] -- Up-to-date symlink: /home/thomas24/hive_ws2/install/nav2_collision_monitor/share/nav2_collision_monitor/local_setup.zsh
[0.237s] -- Up-to-date symlink: /home/thomas24/hive_ws2/install/nav2_collision_monitor/share/nav2_collision_monitor/local_setup.dsv
[0.237s] -- Symlinking: /home/thomas24/hive_ws2/install/nav2_collision_monitor/share/nav2_collision_monitor/package.dsv
[0.255s] -- Up-to-date symlink: /home/thomas24/hive_ws2/install/nav2_collision_monitor/share/ament_index/resource_index/packages/nav2_collision_monitor
[0.255s] -- Up-to-date symlink: /home/thomas24/hive_ws2/install/nav2_collision_monitor/share/ament_index/resource_index/rclcpp_components/nav2_collision_monitor
[0.255s] -- Up-to-date symlink: /home/thomas24/hive_ws2/install/nav2_collision_monitor/share/nav2_collision_monitor/cmake/ament_cmake_export_include_directories-extras.cmake
[0.255s] -- Up-to-date symlink: /home/thomas24/hive_ws2/install/nav2_collision_monitor/share/nav2_collision_monitor/cmake/ament_cmake_export_libraries-extras.cmake
[0.255s] -- Up-to-date symlink: /home/thomas24/hive_ws2/install/nav2_collision_monitor/share/nav2_collision_monitor/cmake/ament_cmake_export_dependencies-extras.cmake
[0.255s] -- Up-to-date symlink: /home/thomas24/hive_ws2/install/nav2_collision_monitor/share/nav2_collision_monitor/cmake/ament_cmake_export_targets-extras.cmake
[0.255s] -- Up-to-date symlink: /home/thomas24/hive_ws2/install/nav2_collision_monitor/share/nav2_collision_monitor/cmake/nav2_collision_monitorConfig.cmake
[0.255s] -- Up-to-date symlink: /home/thomas24/hive_ws2/install/nav2_collision_monitor/share/nav2_collision_monitor/cmake/nav2_collision_monitorConfig-version.cmake
[0.255s] -- Up-to-date symlink: /home/thomas24/hive_ws2/install/nav2_collision_monitor/share/nav2_collision_monitor/package.xml
[0.255s] -- Up-to-date: /home/thomas24/hive_ws2/install/nav2_collision_monitor/lib/libcollision_monitor_core.so
[0.256s] -- Up-to-date: /home/thomas24/hive_ws2/install/nav2_collision_monitor/lib/libcollision_detector_core.so
[0.256s] -- Up-to-date: /home/thomas24/hive_ws2/install/nav2_collision_monitor/share/nav2_collision_monitor/cmake/export_nav2_collision_monitorExport.cmake
[0.257s] -- Up-to-date: /home/thomas24/hive_ws2/install/nav2_collision_monitor/share/nav2_collision_monitor/cmake/export_nav2_collision_monitorExport-release.cmake
[0.373s] Invoked command in '/home/thomas24/hive_ws2/build/nav2_collision_monitor' returned '0': AMENT_PREFIX_PATH=/home/thomas24/hive_ws2/install/nav2_costmap_2d:/home/thomas24/hive_ws2/install/nav2_map_server:/home/thomas24/hive_ws2/install/nav2_lifecycle_manager:/home/thomas24/hive_ws2/install/nav2_util:/home/thomas24/hive_ws2/install/nav2_ros_common:/home/thomas24/hive_ws2/install/nav2_voxel_grid:/home/thomas24/hive_ws2/install/nav2_msgs:/home/thomas24/hive_ws2/install/nav2_common:${AMENT_PREFIX_PATH} CMAKE_PREFIX_PATH=/home/thomas24/hive_ws2/install/nav2_costmap_2d:/home/thomas24/hive_ws2/install/nav2_map_server:/home/thomas24/hive_ws2/install/nav2_lifecycle_manager:/home/thomas24/hive_ws2/install/nav2_util:/home/thomas24/hive_ws2/install/nav2_ros_common:/home/thomas24/hive_ws2/install/nav2_voxel_grid:/home/thomas24/hive_ws2/install/nav2_msgs:/home/thomas24/hive_ws2/install/nav2_common:/home/thomas24/hiveverse_ws/install/hive_simulation:/home/thomas24/hiveverse_ws/install/hive_robot_description:/opt/ros/jazzy/opt/gz_sim_vendor:/opt/ros/jazzy/opt/gz_sensors_vendor:/opt/ros/jazzy/opt/gz_physics_vendor:/opt/ros/jazzy/opt/sdformat_vendor:/opt/ros/jazzy/opt/gz_gui_vendor:/opt/ros/jazzy/opt/gz_transport_vendor:/opt/ros/jazzy/opt/gz_rendering_vendor:/opt/ros/jazzy/opt/gz_plugin_vendor:/opt/ros/jazzy/opt/gz_fuel_tools_vendor:/opt/ros/jazzy/opt/gz_msgs_vendor:/opt/ros/jazzy/opt/gz_common_vendor:/opt/ros/jazzy/opt/gz_math_vendor:/opt/ros/jazzy/opt/gz_utils_vendor:/opt/ros/jazzy/opt/gz_tools_vendor:/opt/ros/jazzy/opt/gz_ogre_next_vendor:/opt/ros/jazzy/opt/gz_dartsim_vendor:/opt/ros/jazzy/opt/gz_cmake_vendor:/home/thomas24/hiveverse_ws/install/hive_tools:/home/thomas24/hiveverse_ws/install/hive_bringup:/opt/ros/jazzy DEBUGINFOD_URLS=https://debuginfod.ubuntu.com LD_LIBRARY_PATH=/home/thomas24/hive_ws2/install/nav2_costmap_2d/lib:/home/thomas24/hive_ws2/install/nav2_map_server/lib:/home/thomas24/hive_ws2/install/nav2_lifecycle_manager/lib:/home/thomas24/hive_ws2/install/nav2_util/lib:/home/thomas24/hive_ws2/install/nav2_voxel_grid/lib:/home/thomas24/hive_ws2/install/nav2_msgs/lib:${LD_LIBRARY_PATH} PYTHONPATH=/home/thomas24/hive_ws2/install/nav2_msgs/lib/python3.12/site-packages:/home/thomas24/hive_ws2/install/nav2_common/lib/python3.12/site-packages:${PYTHONPATH} /usr/bin/cmake --install /home/thomas24/hive_ws2/build/nav2_collision_monitor
