[0.020s] Invoking command in '/home/thomas24/hive_ws2/build/nav2_collision_monitor': AMENT_PREFIX_PATH=/home/thomas24/hive_ws2/install/nav2_costmap_2d:/home/thomas24/hive_ws2/install/nav2_map_server:/home/thomas24/hive_ws2/install/nav2_lifecycle_manager:/home/thomas24/hive_ws2/install/nav2_util:/home/thomas24/hive_ws2/install/nav2_ros_common:/home/thomas24/hive_ws2/install/nav2_voxel_grid:/home/thomas24/hive_ws2/install/nav2_msgs:/home/thomas24/hive_ws2/install/nav2_common:${AMENT_PREFIX_PATH} CMAKE_PREFIX_PATH=/home/thomas24/hive_ws2/install/nav2_costmap_2d:/home/thomas24/hive_ws2/install/nav2_map_server:/home/thomas24/hive_ws2/install/nav2_lifecycle_manager:/home/thomas24/hive_ws2/install/nav2_util:/home/thomas24/hive_ws2/install/nav2_ros_common:/home/thomas24/hive_ws2/install/nav2_voxel_grid:/home/thomas24/hive_ws2/install/nav2_msgs:/home/thomas24/hive_ws2/install/nav2_common:/opt/ros/jazzy/opt/gz_sim_vendor:/opt/ros/jazzy/opt/gz_sensors_vendor:/opt/ros/jazzy/opt/gz_physics_vendor:/opt/ros/jazzy/opt/sdformat_vendor:/opt/ros/jazzy/opt/gz_gui_vendor:/opt/ros/jazzy/opt/gz_transport_vendor:/opt/ros/jazzy/opt/gz_rendering_vendor:/opt/ros/jazzy/opt/gz_plugin_vendor:/opt/ros/jazzy/opt/gz_fuel_tools_vendor:/opt/ros/jazzy/opt/gz_msgs_vendor:/opt/ros/jazzy/opt/gz_common_vendor:/opt/ros/jazzy/opt/gz_math_vendor:/opt/ros/jazzy/opt/gz_utils_vendor:/opt/ros/jazzy/opt/gz_tools_vendor:/opt/ros/jazzy/opt/gz_ogre_next_vendor:/opt/ros/jazzy/opt/gz_dartsim_vendor:/opt/ros/jazzy/opt/gz_cmake_vendor:/opt/ros/jazzy DEBUGINFOD_URLS=https://debuginfod.ubuntu.com LD_LIBRARY_PATH=/home/thomas24/hive_ws2/install/nav2_costmap_2d/lib:/home/thomas24/hive_ws2/install/nav2_map_server/lib:/home/thomas24/hive_ws2/install/nav2_lifecycle_manager/lib:/home/thomas24/hive_ws2/install/nav2_util/lib:/home/thomas24/hive_ws2/install/nav2_voxel_grid/lib:/home/thomas24/hive_ws2/install/nav2_msgs/lib:${LD_LIBRARY_PATH} PYTHONPATH=/home/thomas24/hive_ws2/install/nav2_msgs/lib/python3.12/site-packages:/home/thomas24/hive_ws2/install/nav2_common/lib/python3.12/site-packages:${PYTHONPATH} /usr/bin/cmake /home/thomas24/hive_ws2/src/navigation2/nav2_collision_monitor -DCMAKE_INSTALL_PREFIX=/home/thomas24/hive_ws2/install/nav2_collision_monitor
[0.067s] -- The C compiler identification is GNU 13.3.0
[0.115s] -- The CXX compiler identification is GNU 13.3.0
[0.130s] -- Detecting C compiler ABI info
[0.217s] -- Detecting C compiler ABI info - done
[0.224s] -- Check for working C compiler: /usr/bin/cc - skipped
[0.224s] -- Detecting C compile features
[0.225s] -- Detecting C compile features - done
[0.233s] -- Detecting CXX compiler ABI info
[0.331s] -- Detecting CXX compiler ABI info - done
[0.338s] -- Check for working CXX compiler: /usr/bin/c++ - skipped
[0.338s] -- Detecting CXX compile features
[0.339s] -- Detecting CXX compile features - done
[0.343s] -- Found ament_cmake: 2.5.4 (/opt/ros/jazzy/share/ament_cmake/cmake)
[0.488s] -- Found Python3: /usr/bin/python3 (found version "3.12.3") found components: Interpreter 
[0.607s] -- Found geometry_msgs: 5.3.6 (/opt/ros/jazzy/share/geometry_msgs/cmake)
[0.659s] -- Found rosidl_generator_c: 4.6.6 (/opt/ros/jazzy/share/rosidl_generator_c/cmake)
[0.675s] -- Found rosidl_generator_cpp: 4.6.6 (/opt/ros/jazzy/share/rosidl_generator_cpp/cmake)
[0.693s] -- Using all available rosidl_typesupport_c: rosidl_typesupport_fastrtps_c;rosidl_typesupport_introspection_c
[0.714s] -- Using all available rosidl_typesupport_cpp: rosidl_typesupport_fastrtps_cpp;rosidl_typesupport_introspection_cpp
[0.755s] -- Found nav2_common: 1.4.0 (/home/thomas24/hive_ws2/install/nav2_common/share/nav2_common/cmake)
[0.756s] -- Found nav2_costmap_2d: 1.4.0 (/home/thomas24/hive_ws2/install/nav2_costmap_2d/share/nav2_costmap_2d/cmake)
[0.934s] -- Found rmw_implementation_cmake: 7.3.2 (/opt/ros/jazzy/share/rmw_implementation_cmake/cmake)
[0.939s] -- Found rmw_fastrtps_cpp: 8.4.3 (/opt/ros/jazzy/share/rmw_fastrtps_cpp/cmake)
[1.029s] -- Found OpenSSL: /usr/lib/x86_64-linux-gnu/libcrypto.so (found version "3.0.13")  
[1.049s] -- Found FastRTPS: /opt/ros/jazzy/include (Required is at least version "2.13") 
[1.073s] -- Using RMW implementation 'rmw_fastrtps_cpp' as default
[1.360s] -- Found eigen3_cmake_module: 0.3.0 (/opt/ros/jazzy/share/eigen3_cmake_module/cmake)
[1.360s] -- Found Eigen3: TRUE (found version "3.4.0") 
[1.361s] -- Ensuring Eigen3 include directory is part of orocos-kdl CMake target
[1.505s] -- Found visualization_msgs: 5.3.6 (/opt/ros/jazzy/share/visualization_msgs/cmake)
[1.528s] -- Setting build type to Release as none was specified.
[1.533s] -- Found ament_lint_auto: 0.17.3 (/opt/ros/jazzy/share/ament_lint_auto/cmake)
[1.650s] -- Found gtest sources under '/opt/ros/jazzy/src/gtest_vendor': C++ tests using 'Google Test' will be built
[1.655s] -- Performing Test CMAKE_HAVE_LIBC_PTHREAD
[1.773s] -- Performing Test CMAKE_HAVE_LIBC_PTHREAD - Success
[1.773s] -- Found Threads: TRUE  
[1.786s] -- Added test 'cppcheck' to perform static code analysis on C / C++ code
[1.786s] -- Configured cppcheck include dirs: $<BUILD_INTERFACE:/home/thomas24/hive_ws2/src/navigation2/nav2_collision_monitor/include>
[1.786s] -- Configured cppcheck exclude dirs and/or files: 
[1.788s] -- Added test 'flake8' to check Python code syntax and style conventions
[1.788s] -- Configured 'flake8' exclude dirs and/or files: 
[1.789s] -- Added test 'lint_cmake' to check CMake code style
[1.789s] -- Added test 'pep257' to check Python code against some of the docstring style conventions in PEP 257
[1.792s] -- Added test 'uncrustify' to check C / C++ code style
[1.792s] -- Configured uncrustify additional arguments: 
[1.793s] -- Added test 'xmllint' to check XML markup files
[1.796s] -- Configuring done (1.8s)
[1.932s] -- Generating done (0.1s)
[1.968s] -- Build files have been written to: /home/thomas24/hive_ws2/build/nav2_collision_monitor
[2.030s] Invoked command in '/home/thomas24/hive_ws2/build/nav2_collision_monitor' returned '0': AMENT_PREFIX_PATH=/home/thomas24/hive_ws2/install/nav2_costmap_2d:/home/thomas24/hive_ws2/install/nav2_map_server:/home/thomas24/hive_ws2/install/nav2_lifecycle_manager:/home/thomas24/hive_ws2/install/nav2_util:/home/thomas24/hive_ws2/install/nav2_ros_common:/home/thomas24/hive_ws2/install/nav2_voxel_grid:/home/thomas24/hive_ws2/install/nav2_msgs:/home/thomas24/hive_ws2/install/nav2_common:${AMENT_PREFIX_PATH} CMAKE_PREFIX_PATH=/home/thomas24/hive_ws2/install/nav2_costmap_2d:/home/thomas24/hive_ws2/install/nav2_map_server:/home/thomas24/hive_ws2/install/nav2_lifecycle_manager:/home/thomas24/hive_ws2/install/nav2_util:/home/thomas24/hive_ws2/install/nav2_ros_common:/home/thomas24/hive_ws2/install/nav2_voxel_grid:/home/thomas24/hive_ws2/install/nav2_msgs:/home/thomas24/hive_ws2/install/nav2_common:/opt/ros/jazzy/opt/gz_sim_vendor:/opt/ros/jazzy/opt/gz_sensors_vendor:/opt/ros/jazzy/opt/gz_physics_vendor:/opt/ros/jazzy/opt/sdformat_vendor:/opt/ros/jazzy/opt/gz_gui_vendor:/opt/ros/jazzy/opt/gz_transport_vendor:/opt/ros/jazzy/opt/gz_rendering_vendor:/opt/ros/jazzy/opt/gz_plugin_vendor:/opt/ros/jazzy/opt/gz_fuel_tools_vendor:/opt/ros/jazzy/opt/gz_msgs_vendor:/opt/ros/jazzy/opt/gz_common_vendor:/opt/ros/jazzy/opt/gz_math_vendor:/opt/ros/jazzy/opt/gz_utils_vendor:/opt/ros/jazzy/opt/gz_tools_vendor:/opt/ros/jazzy/opt/gz_ogre_next_vendor:/opt/ros/jazzy/opt/gz_dartsim_vendor:/opt/ros/jazzy/opt/gz_cmake_vendor:/opt/ros/jazzy DEBUGINFOD_URLS=https://debuginfod.ubuntu.com LD_LIBRARY_PATH=/home/thomas24/hive_ws2/install/nav2_costmap_2d/lib:/home/thomas24/hive_ws2/install/nav2_map_server/lib:/home/thomas24/hive_ws2/install/nav2_lifecycle_manager/lib:/home/thomas24/hive_ws2/install/nav2_util/lib:/home/thomas24/hive_ws2/install/nav2_voxel_grid/lib:/home/thomas24/hive_ws2/install/nav2_msgs/lib:${LD_LIBRARY_PATH} PYTHONPATH=/home/thomas24/hive_ws2/install/nav2_msgs/lib/python3.12/site-packages:/home/thomas24/hive_ws2/install/nav2_common/lib/python3.12/site-packages:${PYTHONPATH} /usr/bin/cmake /home/thomas24/hive_ws2/src/navigation2/nav2_collision_monitor -DCMAKE_INSTALL_PREFIX=/home/thomas24/hive_ws2/install/nav2_collision_monitor
[2.031s] Invoking command in '/home/thomas24/hive_ws2/build/nav2_collision_monitor': AMENT_PREFIX_PATH=/home/thomas24/hive_ws2/install/nav2_costmap_2d:/home/thomas24/hive_ws2/install/nav2_map_server:/home/thomas24/hive_ws2/install/nav2_lifecycle_manager:/home/thomas24/hive_ws2/install/nav2_util:/home/thomas24/hive_ws2/install/nav2_ros_common:/home/thomas24/hive_ws2/install/nav2_voxel_grid:/home/thomas24/hive_ws2/install/nav2_msgs:/home/thomas24/hive_ws2/install/nav2_common:${AMENT_PREFIX_PATH} CMAKE_PREFIX_PATH=/home/thomas24/hive_ws2/install/nav2_costmap_2d:/home/thomas24/hive_ws2/install/nav2_map_server:/home/thomas24/hive_ws2/install/nav2_lifecycle_manager:/home/thomas24/hive_ws2/install/nav2_util:/home/thomas24/hive_ws2/install/nav2_ros_common:/home/thomas24/hive_ws2/install/nav2_voxel_grid:/home/thomas24/hive_ws2/install/nav2_msgs:/home/thomas24/hive_ws2/install/nav2_common:/opt/ros/jazzy/opt/gz_sim_vendor:/opt/ros/jazzy/opt/gz_sensors_vendor:/opt/ros/jazzy/opt/gz_physics_vendor:/opt/ros/jazzy/opt/sdformat_vendor:/opt/ros/jazzy/opt/gz_gui_vendor:/opt/ros/jazzy/opt/gz_transport_vendor:/opt/ros/jazzy/opt/gz_rendering_vendor:/opt/ros/jazzy/opt/gz_plugin_vendor:/opt/ros/jazzy/opt/gz_fuel_tools_vendor:/opt/ros/jazzy/opt/gz_msgs_vendor:/opt/ros/jazzy/opt/gz_common_vendor:/opt/ros/jazzy/opt/gz_math_vendor:/opt/ros/jazzy/opt/gz_utils_vendor:/opt/ros/jazzy/opt/gz_tools_vendor:/opt/ros/jazzy/opt/gz_ogre_next_vendor:/opt/ros/jazzy/opt/gz_dartsim_vendor:/opt/ros/jazzy/opt/gz_cmake_vendor:/opt/ros/jazzy DEBUGINFOD_URLS=https://debuginfod.ubuntu.com LD_LIBRARY_PATH=/home/thomas24/hive_ws2/install/nav2_costmap_2d/lib:/home/thomas24/hive_ws2/install/nav2_map_server/lib:/home/thomas24/hive_ws2/install/nav2_lifecycle_manager/lib:/home/thomas24/hive_ws2/install/nav2_util/lib:/home/thomas24/hive_ws2/install/nav2_voxel_grid/lib:/home/thomas24/hive_ws2/install/nav2_msgs/lib:${LD_LIBRARY_PATH} PYTHONPATH=/home/thomas24/hive_ws2/install/nav2_msgs/lib/python3.12/site-packages:/home/thomas24/hive_ws2/install/nav2_common/lib/python3.12/site-packages:${PYTHONPATH} /usr/bin/cmake --build /home/thomas24/hive_ws2/build/nav2_collision_monitor -- -j16 -l16
[7.114s] [  2%] [32mBuilding CXX object CMakeFiles/collision_detector_core.dir/src/collision_detector_node.cpp.o[0m
[7.114s] [  4%] [32mBuilding CXX object gtest/CMakeFiles/gtest_main.dir/src/gtest_main.cc.o[0m
[7.114s] [  7%] [32mBuilding CXX object CMakeFiles/collision_detector_core.dir/src/circle.cpp.o[0m
[7.114s] [  9%] [32mBuilding CXX object CMakeFiles/collision_detector_core.dir/src/polygon.cpp.o[0m
[7.114s] [ 11%] [32mBuilding CXX object CMakeFiles/collision_monitor_core.dir/src/polygon.cpp.o[0m
[7.114s] [ 14%] [32mBuilding CXX object CMakeFiles/collision_monitor_core.dir/src/collision_monitor_node.cpp.o[0m
[7.114s] [ 16%] [32mBuilding CXX object CMakeFiles/collision_detector_core.dir/src/velocity_polygon.cpp.o[0m
[7.114s] [ 19%] [32mBuilding CXX object gtest/CMakeFiles/gtest.dir/src/gtest-all.cc.o[0m
[7.114s] [ 21%] [32mBuilding CXX object CMakeFiles/collision_monitor_core.dir/src/velocity_polygon.cpp.o[0m
[7.115s] [ 23%] [32mBuilding CXX object CMakeFiles/collision_monitor_core.dir/src/circle.cpp.o[0m
[7.115s] [ 26%] [32m[1mLinking CXX static library libgtest_main.a[0m
[7.115s] [ 26%] Built target gtest_main
[17.538s] [ 28%] [32m[1mLinking CXX static library libgtest.a[0m
[17.654s] [ 28%] Built target gtest
[34.548s] [ 30%] [32mBuilding CXX object CMakeFiles/collision_detector_core.dir/src/kinematics.cpp.o[0m
[35.180s] [ 33%] [32mBuilding CXX object CMakeFiles/collision_detector_core.dir/src/range.cpp.o[0m
[49.060s] [ 35%] [32mBuilding CXX object CMakeFiles/collision_monitor_core.dir/src/kinematics.cpp.o[0m
[49.595s] [ 38%] [32mBuilding CXX object CMakeFiles/collision_monitor_core.dir/src/range.cpp.o[0m
[50.379s] [ 40%] [32mBuilding CXX object CMakeFiles/collision_detector_core.dir/src/polygon_source.cpp.o[0m
[64.146s] [ 42%] [32mBuilding CXX object CMakeFiles/collision_detector_core.dir/src/pointcloud.cpp.o[0m
[64.172s] [ 45%] [32mBuilding CXX object CMakeFiles/collision_monitor_core.dir/src/polygon_source.cpp.o[0m
[77.248s] [ 47%] [32mBuilding CXX object CMakeFiles/collision_monitor_core.dir/src/pointcloud.cpp.o[0m
[78.496s] [ 50%] [32mBuilding CXX object CMakeFiles/collision_detector_core.dir/src/scan.cpp.o[0m
[90.589s] [ 52%] [32mBuilding CXX object CMakeFiles/collision_monitor_core.dir/src/scan.cpp.o[0m
[90.740s] [ 54%] [32mBuilding CXX object CMakeFiles/collision_detector_core.dir/src/source.cpp.o[0m
[96.049s] [ 57%] [32m[1mLinking CXX shared library libcollision_detector_core.so[0m
[96.538s] [ 57%] Built target collision_detector_core
[103.193s] [ 59%] [32mBuilding CXX object CMakeFiles/collision_monitor_core.dir/src/source.cpp.o[0m
[108.355s] [ 61%] [32m[1mLinking CXX shared library libcollision_monitor_core.so[0m
[108.968s] [ 61%] Built target collision_monitor_core
[109.008s] [ 64%] [32mBuilding CXX object test/CMakeFiles/collision_detector_node_test.dir/collision_detector_node_test.cpp.o[0m
[135.006s] [ 66%] [32m[1mLinking CXX executable collision_detector_node_test[0m
[135.520s] [ 66%] Built target collision_detector_node_test
[135.556s] [ 69%] [32mBuilding CXX object test/CMakeFiles/collision_monitor_node_test.dir/collision_monitor_node_test.cpp.o[0m
[172.573s] [ 71%] [32m[1mLinking CXX executable collision_monitor_node_test[0m
[173.035s] [ 71%] Built target collision_monitor_node_test
[173.071s] [ 73%] [32mBuilding CXX object test/CMakeFiles/velocity_polygons_test.dir/velocity_polygons_test.cpp.o[0m
[187.103s] [ 76%] [32m[1mLinking CXX executable velocity_polygons_test[0m
[187.501s] [ 76%] Built target velocity_polygons_test
[187.533s] [ 78%] [32mBuilding CXX object test/CMakeFiles/polygons_test.dir/polygons_test.cpp.o[0m
[205.948s] [ 80%] [32m[1mLinking CXX executable polygons_test[0m
[206.350s] [ 80%] Built target polygons_test
[206.383s] [ 83%] [32mBuilding CXX object test/CMakeFiles/sources_test.dir/sources_test.cpp.o[0m
[222.195s] [ 85%] [32m[1mLinking CXX executable sources_test[0m
[222.566s] [ 85%] Built target sources_test
[222.597s] [ 88%] [32mBuilding CXX object test/CMakeFiles/kinematics_test.dir/kinematics_test.cpp.o[0m
[225.988s] [ 90%] [32m[1mLinking CXX executable kinematics_test[0m
[226.329s] [ 90%] Built target kinematics_test
[226.360s] [ 92%] [32mBuilding CXX object CMakeFiles/collision_monitor.dir/src/collision_monitor_main.cpp.o[0m
[232.630s] [ 95%] [32m[1mLinking CXX executable collision_monitor[0m
[232.924s] [ 95%] Built target collision_monitor
[232.952s] [ 97%] [32mBuilding CXX object CMakeFiles/collision_detector.dir/src/collision_detector_main.cpp.o[0m
[238.211s] [100%] [32m[1mLinking CXX executable collision_detector[0m
[238.480s] [100%] Built target collision_detector
[238.498s] Invoked command in '/home/thomas24/hive_ws2/build/nav2_collision_monitor' returned '0': AMENT_PREFIX_PATH=/home/thomas24/hive_ws2/install/nav2_costmap_2d:/home/thomas24/hive_ws2/install/nav2_map_server:/home/thomas24/hive_ws2/install/nav2_lifecycle_manager:/home/thomas24/hive_ws2/install/nav2_util:/home/thomas24/hive_ws2/install/nav2_ros_common:/home/thomas24/hive_ws2/install/nav2_voxel_grid:/home/thomas24/hive_ws2/install/nav2_msgs:/home/thomas24/hive_ws2/install/nav2_common:${AMENT_PREFIX_PATH} CMAKE_PREFIX_PATH=/home/thomas24/hive_ws2/install/nav2_costmap_2d:/home/thomas24/hive_ws2/install/nav2_map_server:/home/thomas24/hive_ws2/install/nav2_lifecycle_manager:/home/thomas24/hive_ws2/install/nav2_util:/home/thomas24/hive_ws2/install/nav2_ros_common:/home/thomas24/hive_ws2/install/nav2_voxel_grid:/home/thomas24/hive_ws2/install/nav2_msgs:/home/thomas24/hive_ws2/install/nav2_common:/opt/ros/jazzy/opt/gz_sim_vendor:/opt/ros/jazzy/opt/gz_sensors_vendor:/opt/ros/jazzy/opt/gz_physics_vendor:/opt/ros/jazzy/opt/sdformat_vendor:/opt/ros/jazzy/opt/gz_gui_vendor:/opt/ros/jazzy/opt/gz_transport_vendor:/opt/ros/jazzy/opt/gz_rendering_vendor:/opt/ros/jazzy/opt/gz_plugin_vendor:/opt/ros/jazzy/opt/gz_fuel_tools_vendor:/opt/ros/jazzy/opt/gz_msgs_vendor:/opt/ros/jazzy/opt/gz_common_vendor:/opt/ros/jazzy/opt/gz_math_vendor:/opt/ros/jazzy/opt/gz_utils_vendor:/opt/ros/jazzy/opt/gz_tools_vendor:/opt/ros/jazzy/opt/gz_ogre_next_vendor:/opt/ros/jazzy/opt/gz_dartsim_vendor:/opt/ros/jazzy/opt/gz_cmake_vendor:/opt/ros/jazzy DEBUGINFOD_URLS=https://debuginfod.ubuntu.com LD_LIBRARY_PATH=/home/thomas24/hive_ws2/install/nav2_costmap_2d/lib:/home/thomas24/hive_ws2/install/nav2_map_server/lib:/home/thomas24/hive_ws2/install/nav2_lifecycle_manager/lib:/home/thomas24/hive_ws2/install/nav2_util/lib:/home/thomas24/hive_ws2/install/nav2_voxel_grid/lib:/home/thomas24/hive_ws2/install/nav2_msgs/lib:${LD_LIBRARY_PATH} PYTHONPATH=/home/thomas24/hive_ws2/install/nav2_msgs/lib/python3.12/site-packages:/home/thomas24/hive_ws2/install/nav2_common/lib/python3.12/site-packages:${PYTHONPATH} /usr/bin/cmake --build /home/thomas24/hive_ws2/build/nav2_collision_monitor -- -j16 -l16
[238.499s] Invoking command in '/home/thomas24/hive_ws2/build/nav2_collision_monitor': AMENT_PREFIX_PATH=/home/thomas24/hive_ws2/install/nav2_costmap_2d:/home/thomas24/hive_ws2/install/nav2_map_server:/home/thomas24/hive_ws2/install/nav2_lifecycle_manager:/home/thomas24/hive_ws2/install/nav2_util:/home/thomas24/hive_ws2/install/nav2_ros_common:/home/thomas24/hive_ws2/install/nav2_voxel_grid:/home/thomas24/hive_ws2/install/nav2_msgs:/home/thomas24/hive_ws2/install/nav2_common:${AMENT_PREFIX_PATH} CMAKE_PREFIX_PATH=/home/thomas24/hive_ws2/install/nav2_costmap_2d:/home/thomas24/hive_ws2/install/nav2_map_server:/home/thomas24/hive_ws2/install/nav2_lifecycle_manager:/home/thomas24/hive_ws2/install/nav2_util:/home/thomas24/hive_ws2/install/nav2_ros_common:/home/thomas24/hive_ws2/install/nav2_voxel_grid:/home/thomas24/hive_ws2/install/nav2_msgs:/home/thomas24/hive_ws2/install/nav2_common:/opt/ros/jazzy/opt/gz_sim_vendor:/opt/ros/jazzy/opt/gz_sensors_vendor:/opt/ros/jazzy/opt/gz_physics_vendor:/opt/ros/jazzy/opt/sdformat_vendor:/opt/ros/jazzy/opt/gz_gui_vendor:/opt/ros/jazzy/opt/gz_transport_vendor:/opt/ros/jazzy/opt/gz_rendering_vendor:/opt/ros/jazzy/opt/gz_plugin_vendor:/opt/ros/jazzy/opt/gz_fuel_tools_vendor:/opt/ros/jazzy/opt/gz_msgs_vendor:/opt/ros/jazzy/opt/gz_common_vendor:/opt/ros/jazzy/opt/gz_math_vendor:/opt/ros/jazzy/opt/gz_utils_vendor:/opt/ros/jazzy/opt/gz_tools_vendor:/opt/ros/jazzy/opt/gz_ogre_next_vendor:/opt/ros/jazzy/opt/gz_dartsim_vendor:/opt/ros/jazzy/opt/gz_cmake_vendor:/opt/ros/jazzy DEBUGINFOD_URLS=https://debuginfod.ubuntu.com LD_LIBRARY_PATH=/home/thomas24/hive_ws2/install/nav2_costmap_2d/lib:/home/thomas24/hive_ws2/install/nav2_map_server/lib:/home/thomas24/hive_ws2/install/nav2_lifecycle_manager/lib:/home/thomas24/hive_ws2/install/nav2_util/lib:/home/thomas24/hive_ws2/install/nav2_voxel_grid/lib:/home/thomas24/hive_ws2/install/nav2_msgs/lib:${LD_LIBRARY_PATH} PYTHONPATH=/home/thomas24/hive_ws2/install/nav2_msgs/lib/python3.12/site-packages:/home/thomas24/hive_ws2/install/nav2_common/lib/python3.12/site-packages:${PYTHONPATH} /usr/bin/cmake --install /home/thomas24/hive_ws2/build/nav2_collision_monitor
[238.511s] -- Install configuration: "Release"
[238.511s] -- Installing: /home/thomas24/hive_ws2/install/nav2_collision_monitor/lib/libcollision_monitor_core.so
[238.516s] -- Set non-toolchain portion of runtime path of "/home/thomas24/hive_ws2/install/nav2_collision_monitor/lib/libcollision_monitor_core.so" to ""
[238.516s] -- Installing: /home/thomas24/hive_ws2/install/nav2_collision_monitor/lib/libcollision_detector_core.so
[238.522s] -- Set non-toolchain portion of runtime path of "/home/thomas24/hive_ws2/install/nav2_collision_monitor/lib/libcollision_detector_core.so" to ""
[238.522s] -- Installing: /home/thomas24/hive_ws2/install/nav2_collision_monitor/lib/nav2_collision_monitor/collision_monitor
[238.522s] -- Set non-toolchain portion of runtime path of "/home/thomas24/hive_ws2/install/nav2_collision_monitor/lib/nav2_collision_monitor/collision_monitor" to ""
[238.522s] -- Installing: /home/thomas24/hive_ws2/install/nav2_collision_monitor/lib/nav2_collision_monitor/collision_detector
[238.523s] -- Set non-toolchain portion of runtime path of "/home/thomas24/hive_ws2/install/nav2_collision_monitor/lib/nav2_collision_monitor/collision_detector" to ""
[238.523s] -- Installing: /home/thomas24/hive_ws2/install/nav2_collision_monitor/include/nav2_collision_monitor
[238.523s] -- Installing: /home/thomas24/hive_ws2/install/nav2_collision_monitor/include/nav2_collision_monitor/nav2_collision_monitor
[238.523s] -- Installing: /home/thomas24/hive_ws2/install/nav2_collision_monitor/include/nav2_collision_monitor/nav2_collision_monitor/range.hpp
[238.523s] -- Installing: /home/thomas24/hive_ws2/install/nav2_collision_monitor/include/nav2_collision_monitor/nav2_collision_monitor/scan.hpp
[238.523s] -- Installing: /home/thomas24/hive_ws2/install/nav2_collision_monitor/include/nav2_collision_monitor/nav2_collision_monitor/collision_detector_node.hpp
[238.523s] -- Installing: /home/thomas24/hive_ws2/install/nav2_collision_monitor/include/nav2_collision_monitor/nav2_collision_monitor/collision_monitor_node.hpp
[238.523s] -- Installing: /home/thomas24/hive_ws2/install/nav2_collision_monitor/include/nav2_collision_monitor/nav2_collision_monitor/source.hpp
[238.523s] -- Installing: /home/thomas24/hive_ws2/install/nav2_collision_monitor/include/nav2_collision_monitor/nav2_collision_monitor/circle.hpp
[238.524s] -- Installing: /home/thomas24/hive_ws2/install/nav2_collision_monitor/include/nav2_collision_monitor/nav2_collision_monitor/velocity_polygon.hpp
[238.524s] -- Installing: /home/thomas24/hive_ws2/install/nav2_collision_monitor/include/nav2_collision_monitor/nav2_collision_monitor/kinematics.hpp
[238.524s] -- Installing: /home/thomas24/hive_ws2/install/nav2_collision_monitor/include/nav2_collision_monitor/nav2_collision_monitor/types.hpp
[238.524s] -- Installing: /home/thomas24/hive_ws2/install/nav2_collision_monitor/include/nav2_collision_monitor/nav2_collision_monitor/polygon.hpp
[238.524s] -- Installing: /home/thomas24/hive_ws2/install/nav2_collision_monitor/include/nav2_collision_monitor/nav2_collision_monitor/pointcloud.hpp
[238.524s] -- Installing: /home/thomas24/hive_ws2/install/nav2_collision_monitor/include/nav2_collision_monitor/nav2_collision_monitor/polygon_source.hpp
[238.524s] -- Installing: /home/thomas24/hive_ws2/install/nav2_collision_monitor/share/nav2_collision_monitor/launch
[238.524s] -- Installing: /home/thomas24/hive_ws2/install/nav2_collision_monitor/share/nav2_collision_monitor/launch/collision_monitor_node.launch.py
[238.525s] -- Installing: /home/thomas24/hive_ws2/install/nav2_collision_monitor/share/nav2_collision_monitor/launch/collision_detector_node.launch.py
[238.525s] -- Installing: /home/thomas24/hive_ws2/install/nav2_collision_monitor/share/nav2_collision_monitor/params
[238.525s] -- Installing: /home/thomas24/hive_ws2/install/nav2_collision_monitor/share/nav2_collision_monitor/params/collision_detector_params.yaml
[238.525s] -- Installing: /home/thomas24/hive_ws2/install/nav2_collision_monitor/share/nav2_collision_monitor/params/collision_monitor_params.yaml
[238.525s] -- Installing: /home/thomas24/hive_ws2/install/nav2_collision_monitor/share/nav2_collision_monitor/environment/library_path.sh
[238.525s] -- Installing: /home/thomas24/hive_ws2/install/nav2_collision_monitor/share/nav2_collision_monitor/environment/library_path.dsv
[238.525s] -- Installing: /home/thomas24/hive_ws2/install/nav2_collision_monitor/share/ament_index/resource_index/package_run_dependencies/nav2_collision_monitor
[238.526s] -- Installing: /home/thomas24/hive_ws2/install/nav2_collision_monitor/share/ament_index/resource_index/parent_prefix_path/nav2_collision_monitor
[238.526s] -- Installing: /home/thomas24/hive_ws2/install/nav2_collision_monitor/share/nav2_collision_monitor/environment/ament_prefix_path.sh
[238.526s] -- Installing: /home/thomas24/hive_ws2/install/nav2_collision_monitor/share/nav2_collision_monitor/environment/ament_prefix_path.dsv
[238.526s] -- Installing: /home/thomas24/hive_ws2/install/nav2_collision_monitor/share/nav2_collision_monitor/environment/path.sh
[238.526s] -- Installing: /home/thomas24/hive_ws2/install/nav2_collision_monitor/share/nav2_collision_monitor/environment/path.dsv
[238.526s] -- Installing: /home/thomas24/hive_ws2/install/nav2_collision_monitor/share/nav2_collision_monitor/local_setup.bash
[238.526s] -- Installing: /home/thomas24/hive_ws2/install/nav2_collision_monitor/share/nav2_collision_monitor/local_setup.sh
[238.527s] -- Installing: /home/thomas24/hive_ws2/install/nav2_collision_monitor/share/nav2_collision_monitor/local_setup.zsh
[238.527s] -- Installing: /home/thomas24/hive_ws2/install/nav2_collision_monitor/share/nav2_collision_monitor/local_setup.dsv
[238.527s] -- Installing: /home/thomas24/hive_ws2/install/nav2_collision_monitor/share/nav2_collision_monitor/package.dsv
[238.527s] -- Installing: /home/thomas24/hive_ws2/install/nav2_collision_monitor/share/ament_index/resource_index/packages/nav2_collision_monitor
[238.527s] -- Installing: /home/thomas24/hive_ws2/install/nav2_collision_monitor/share/ament_index/resource_index/rclcpp_components/nav2_collision_monitor
[238.527s] -- Installing: /home/thomas24/hive_ws2/install/nav2_collision_monitor/share/nav2_collision_monitor/cmake/export_nav2_collision_monitorExport.cmake
[238.527s] -- Installing: /home/thomas24/hive_ws2/install/nav2_collision_monitor/share/nav2_collision_monitor/cmake/export_nav2_collision_monitorExport-release.cmake
[238.527s] -- Installing: /home/thomas24/hive_ws2/install/nav2_collision_monitor/share/nav2_collision_monitor/cmake/ament_cmake_export_include_directories-extras.cmake
[238.528s] -- Installing: /home/thomas24/hive_ws2/install/nav2_collision_monitor/share/nav2_collision_monitor/cmake/ament_cmake_export_libraries-extras.cmake
[238.528s] -- Installing: /home/thomas24/hive_ws2/install/nav2_collision_monitor/share/nav2_collision_monitor/cmake/ament_cmake_export_dependencies-extras.cmake
[238.528s] -- Installing: /home/thomas24/hive_ws2/install/nav2_collision_monitor/share/nav2_collision_monitor/cmake/ament_cmake_export_targets-extras.cmake
[238.528s] -- Installing: /home/thomas24/hive_ws2/install/nav2_collision_monitor/share/nav2_collision_monitor/cmake/nav2_collision_monitorConfig.cmake
[238.528s] -- Installing: /home/thomas24/hive_ws2/install/nav2_collision_monitor/share/nav2_collision_monitor/cmake/nav2_collision_monitorConfig-version.cmake
[238.528s] -- Installing: /home/thomas24/hive_ws2/install/nav2_collision_monitor/share/nav2_collision_monitor/package.xml
[238.531s] Invoked command in '/home/thomas24/hive_ws2/build/nav2_collision_monitor' returned '0': AMENT_PREFIX_PATH=/home/thomas24/hive_ws2/install/nav2_costmap_2d:/home/thomas24/hive_ws2/install/nav2_map_server:/home/thomas24/hive_ws2/install/nav2_lifecycle_manager:/home/thomas24/hive_ws2/install/nav2_util:/home/thomas24/hive_ws2/install/nav2_ros_common:/home/thomas24/hive_ws2/install/nav2_voxel_grid:/home/thomas24/hive_ws2/install/nav2_msgs:/home/thomas24/hive_ws2/install/nav2_common:${AMENT_PREFIX_PATH} CMAKE_PREFIX_PATH=/home/thomas24/hive_ws2/install/nav2_costmap_2d:/home/thomas24/hive_ws2/install/nav2_map_server:/home/thomas24/hive_ws2/install/nav2_lifecycle_manager:/home/thomas24/hive_ws2/install/nav2_util:/home/thomas24/hive_ws2/install/nav2_ros_common:/home/thomas24/hive_ws2/install/nav2_voxel_grid:/home/thomas24/hive_ws2/install/nav2_msgs:/home/thomas24/hive_ws2/install/nav2_common:/opt/ros/jazzy/opt/gz_sim_vendor:/opt/ros/jazzy/opt/gz_sensors_vendor:/opt/ros/jazzy/opt/gz_physics_vendor:/opt/ros/jazzy/opt/sdformat_vendor:/opt/ros/jazzy/opt/gz_gui_vendor:/opt/ros/jazzy/opt/gz_transport_vendor:/opt/ros/jazzy/opt/gz_rendering_vendor:/opt/ros/jazzy/opt/gz_plugin_vendor:/opt/ros/jazzy/opt/gz_fuel_tools_vendor:/opt/ros/jazzy/opt/gz_msgs_vendor:/opt/ros/jazzy/opt/gz_common_vendor:/opt/ros/jazzy/opt/gz_math_vendor:/opt/ros/jazzy/opt/gz_utils_vendor:/opt/ros/jazzy/opt/gz_tools_vendor:/opt/ros/jazzy/opt/gz_ogre_next_vendor:/opt/ros/jazzy/opt/gz_dartsim_vendor:/opt/ros/jazzy/opt/gz_cmake_vendor:/opt/ros/jazzy DEBUGINFOD_URLS=https://debuginfod.ubuntu.com LD_LIBRARY_PATH=/home/thomas24/hive_ws2/install/nav2_costmap_2d/lib:/home/thomas24/hive_ws2/install/nav2_map_server/lib:/home/thomas24/hive_ws2/install/nav2_lifecycle_manager/lib:/home/thomas24/hive_ws2/install/nav2_util/lib:/home/thomas24/hive_ws2/install/nav2_voxel_grid/lib:/home/thomas24/hive_ws2/install/nav2_msgs/lib:${LD_LIBRARY_PATH} PYTHONPATH=/home/thomas24/hive_ws2/install/nav2_msgs/lib/python3.12/site-packages:/home/thomas24/hive_ws2/install/nav2_common/lib/python3.12/site-packages:${PYTHONPATH} /usr/bin/cmake --install /home/thomas24/hive_ws2/build/nav2_collision_monitor
