-- Found ament_cmake: 2.5.4 (/opt/ros/jazzy/share/ament_cmake/cmake)
-- Override CMake install command with custom implementation using symlinks instead of copying resources
-- Found geometry_msgs: 5.3.6 (/opt/ros/jazzy/share/geometry_msgs/cmake)
-- Found rosidl_generator_c: 4.6.6 (/opt/ros/jazzy/share/rosidl_generator_c/cmake)
-- Found rosidl_generator_cpp: 4.6.6 (/opt/ros/jazzy/share/rosidl_generator_cpp/cmake)
-- Using all available rosidl_typesupport_c: rosidl_typesupport_fastrtps_c;rosidl_typesupport_introspection_c
-- Using all available rosidl_typesupport_cpp: rosidl_typesupport_fastrtps_cpp;rosidl_typesupport_introspection_cpp
-- Found nav2_common: 1.4.0 (/home/thomas24/hive_ws2/install/nav2_common/share/nav2_common/cmake)
-- Found rclcpp_lifecycle: 28.1.11 (/opt/ros/jazzy/share/rclcpp_lifecycle/cmake)
-- Found rmw_implementation_cmake: 7.3.2 (/opt/ros/jazzy/share/rmw_implementation_cmake/cmake)
-- Found rmw_fastrtps_cpp: 8.4.3 (/opt/ros/jazzy/share/rmw_fastrtps_cpp/cmake)
-- Using RMW implementation 'rmw_fastrtps_cpp' as default
-- Found tf2_ros: 0.36.14 (/opt/ros/jazzy/share/tf2_ros/cmake)
-- Found nav2_ros_common: 1.4.0 (/home/thomas24/hive_ws2/install/nav2_ros_common/share/nav2_ros_common/cmake)
-- Found eigen3_cmake_module: 0.3.0 (/opt/ros/jazzy/share/eigen3_cmake_module/cmake)
-- Ensuring Eigen3 include directory is part of orocos-kdl CMake target
-- Found ament_lint_auto: 0.17.3 (/opt/ros/jazzy/share/ament_lint_auto/cmake)
-- Added test 'cppcheck' to perform static code analysis on C / C++ code
-- Configured cppcheck include dirs: $<BUILD_INTERFACE:/home/thomas24/hive_ws2/src/navigation2/nav2_docking/opennav_docking_core/include>
-- Configured cppcheck exclude dirs and/or files: 
-- Added test 'cpplint' to check C / C++ code against the Google style
-- Configured cpplint exclude dirs and/or files: 
-- Added test 'lint_cmake' to check CMake code style
-- Added test 'uncrustify' to check C / C++ code style
-- Configured uncrustify additional arguments: 
-- Added test 'xmllint' to check XML markup files
-- Configuring done (0.8s)
-- Generating done (0.0s)
-- Build files have been written to: /home/thomas24/hive_ws2/build/opennav_docking_core
-- Install configuration: "Release"
-- Execute custom install script
-- Up-to-date symlink: /home/thomas24/hive_ws2/install/opennav_docking_core/include/opennav_docking_core/opennav_docking_core/charging_dock.hpp
-- Up-to-date symlink: /home/thomas24/hive_ws2/install/opennav_docking_core/include/opennav_docking_core/opennav_docking_core/docking_exceptions.hpp
-- Up-to-date symlink: /home/thomas24/hive_ws2/install/opennav_docking_core/include/opennav_docking_core/opennav_docking_core/non_charging_dock.hpp
-- Up-to-date symlink: /home/thomas24/hive_ws2/install/opennav_docking_core/share/ament_index/resource_index/package_run_dependencies/opennav_docking_core
-- Up-to-date symlink: /home/thomas24/hive_ws2/install/opennav_docking_core/share/ament_index/resource_index/parent_prefix_path/opennav_docking_core
-- Up-to-date symlink: /home/thomas24/hive_ws2/install/opennav_docking_core/share/opennav_docking_core/environment/ament_prefix_path.sh
-- Up-to-date symlink: /home/thomas24/hive_ws2/install/opennav_docking_core/share/opennav_docking_core/environment/ament_prefix_path.dsv
-- Up-to-date symlink: /home/thomas24/hive_ws2/install/opennav_docking_core/share/opennav_docking_core/environment/path.sh
-- Up-to-date symlink: /home/thomas24/hive_ws2/install/opennav_docking_core/share/opennav_docking_core/environment/path.dsv
-- Up-to-date symlink: /home/thomas24/hive_ws2/install/opennav_docking_core/share/opennav_docking_core/local_setup.bash
-- Up-to-date symlink: /home/thomas24/hive_ws2/install/opennav_docking_core/share/opennav_docking_core/local_setup.sh
-- Up-to-date symlink: /home/thomas24/hive_ws2/install/opennav_docking_core/share/opennav_docking_core/local_setup.zsh
-- Up-to-date symlink: /home/thomas24/hive_ws2/install/opennav_docking_core/share/opennav_docking_core/local_setup.dsv
-- Symlinking: /home/thomas24/hive_ws2/install/opennav_docking_core/share/opennav_docking_core/package.dsv
-- Up-to-date symlink: /home/thomas24/hive_ws2/install/opennav_docking_core/share/ament_index/resource_index/packages/opennav_docking_core
-- Up-to-date symlink: /home/thomas24/hive_ws2/install/opennav_docking_core/share/opennav_docking_core/cmake/ament_cmake_export_include_directories-extras.cmake
-- Up-to-date symlink: /home/thomas24/hive_ws2/install/opennav_docking_core/share/opennav_docking_core/cmake/ament_cmake_export_dependencies-extras.cmake
-- Up-to-date symlink: /home/thomas24/hive_ws2/install/opennav_docking_core/share/opennav_docking_core/cmake/ament_cmake_export_targets-extras.cmake
-- Up-to-date symlink: /home/thomas24/hive_ws2/install/opennav_docking_core/share/opennav_docking_core/cmake/opennav_docking_coreConfig.cmake
-- Up-to-date symlink: /home/thomas24/hive_ws2/install/opennav_docking_core/share/opennav_docking_core/cmake/opennav_docking_coreConfig-version.cmake
-- Up-to-date symlink: /home/thomas24/hive_ws2/install/opennav_docking_core/share/opennav_docking_core/package.xml
-- Up-to-date: /home/thomas24/hive_ws2/install/opennav_docking_core/share/opennav_docking_core/cmake/opennav_docking_coreExport.cmake
