-- The C compiler identification is GNU 13.3.0
-- The CXX compiler identification is GNU 13.3.0
-- Detecting C compiler ABI info
-- Detecting C compiler ABI info - done
-- Check for working C compiler: /usr/bin/cc - skipped
-- Detecting C compile features
-- Detecting C compile features - done
-- Detecting CXX compiler ABI info
-- Detecting CXX compiler ABI info - done
-- Check for working CXX compiler: /usr/bin/c++ - skipped
-- Detecting CXX compile features
-- Detecting CXX compile features - done
-- Found ament_cmake: 2.5.4 (/opt/ros/jazzy/share/ament_cmake/cmake)
-- Found Python3: /usr/bin/python3 (found version "3.12.3") found components: Interpreter 
-- Found geometry_msgs: 5.3.6 (/opt/ros/jazzy/share/geometry_msgs/cmake)
-- Found rosidl_generator_c: 4.6.6 (/opt/ros/jazzy/share/rosidl_generator_c/cmake)
-- Found rosidl_generator_cpp: 4.6.6 (/opt/ros/jazzy/share/rosidl_generator_cpp/cmake)
-- Using all available rosidl_typesupport_c: rosidl_typesupport_fastrtps_c;rosidl_typesupport_introspection_c
-- Using all available rosidl_typesupport_cpp: rosidl_typesupport_fastrtps_cpp;rosidl_typesupport_introspection_cpp
-- Found lifecycle_msgs: 2.0.3 (/opt/ros/jazzy/share/lifecycle_msgs/cmake)
-- Found nav2_common: 1.4.0 (/home/thomas24/hive_ws2/install/nav2_common/share/nav2_common/cmake)
-- Found nav2_core: 1.4.0 (/home/thomas24/hive_ws2/install/nav2_core/share/nav2_core/cmake)
-- Found rmw_implementation_cmake: 7.3.2 (/opt/ros/jazzy/share/rmw_implementation_cmake/cmake)
-- Found rmw_fastrtps_cpp: 8.4.3 (/opt/ros/jazzy/share/rmw_fastrtps_cpp/cmake)
-- Found OpenSSL: /usr/lib/x86_64-linux-gnu/libcrypto.so (found version "3.0.13")  
-- Found FastRTPS: /opt/ros/jazzy/include (Required is at least version "2.13") 
-- Using RMW implementation 'rmw_fastrtps_cpp' as default
-- Found eigen3_cmake_module: 0.3.0 (/opt/ros/jazzy/share/eigen3_cmake_module/cmake)
-- Found Eigen3: TRUE (found version "3.4.0") 
-- Ensuring Eigen3 include directory is part of orocos-kdl CMake target
-- Setting build type to Release as none was specified.
-- Found ament_lint_auto: 0.17.3 (/opt/ros/jazzy/share/ament_lint_auto/cmake)
-- Found ament_cmake_gtest: 2.5.4 (/opt/ros/jazzy/share/ament_cmake_gtest/cmake)
-- Found gtest sources under '/opt/ros/jazzy/src/gtest_vendor': C++ tests using 'Google Test' will be built
-- Performing Test CMAKE_HAVE_LIBC_PTHREAD
-- Performing Test CMAKE_HAVE_LIBC_PTHREAD - Success
-- Found Threads: TRUE  
-- Added test 'copyright' to check source files copyright and LICENSE
-- Added test 'cppcheck' to perform static code analysis on C / C++ code
-- Configured cppcheck include dirs: $<BUILD_INTERFACE:/home/thomas24/hive_ws2/src/navigation2/nav2_planner/include>
-- Configured cppcheck exclude dirs and/or files: 
-- Added test 'cpplint' to check C / C++ code against the Google style
-- Configured cpplint exclude dirs and/or files: 
-- Added test 'lint_cmake' to check CMake code style
-- Added test 'uncrustify' to check C / C++ code style
-- Configured uncrustify additional arguments: 
-- Added test 'xmllint' to check XML markup files
-- Configuring done (5.6s)
-- Generating done (0.2s)
-- Build files have been written to: /home/thomas24/hive_ws2/build/nav2_planner
[ 10%] [32mBuilding CXX object CMakeFiles/planner_server_core.dir/src/planner_server.cpp.o[0m
[ 20%] [32m[1mLinking CXX shared library libplanner_server_core.so[0m
[ 20%] Built target planner_server_core
[ 30%] [32mBuilding CXX object gtest/CMakeFiles/gtest.dir/src/gtest-all.cc.o[0m
[ 40%] [32m[1mLinking CXX static library libgtest.a[0m
[ 40%] Built target gtest
[ 50%] [32mBuilding CXX object CMakeFiles/planner_server.dir/src/main.cpp.o[0m
[ 60%] [32m[1mLinking CXX executable planner_server[0m
[ 60%] Built target planner_server
[ 70%] [32mBuilding CXX object gtest/CMakeFiles/gtest_main.dir/src/gtest_main.cc.o[0m
[ 80%] [32m[1mLinking CXX static library libgtest_main.a[0m
[ 80%] Built target gtest_main
[ 90%] [32mBuilding CXX object test/CMakeFiles/test_dynamic_parameters.dir/test_dynamic_parameters.cpp.o[0m
[100%] [32m[1mLinking CXX executable test_dynamic_parameters[0m
[100%] Built target test_dynamic_parameters
-- Install configuration: "Release"
-- Installing: /home/thomas24/hive_ws2/install/nav2_planner/lib/libplanner_server_core.so
-- Set non-toolchain portion of runtime path of "/home/thomas24/hive_ws2/install/nav2_planner/lib/libplanner_server_core.so" to ""
-- Installing: /home/thomas24/hive_ws2/install/nav2_planner/lib/nav2_planner/planner_server
-- Set non-toolchain portion of runtime path of "/home/thomas24/hive_ws2/install/nav2_planner/lib/nav2_planner/planner_server" to ""
-- Installing: /home/thomas24/hive_ws2/install/nav2_planner/include/nav2_planner
-- Installing: /home/thomas24/hive_ws2/install/nav2_planner/include/nav2_planner/nav2_planner
-- Installing: /home/thomas24/hive_ws2/install/nav2_planner/include/nav2_planner/nav2_planner/planner_server.hpp
-- Installing: /home/thomas24/hive_ws2/install/nav2_planner/share/nav2_planner/environment/library_path.sh
-- Installing: /home/thomas24/hive_ws2/install/nav2_planner/share/nav2_planner/environment/library_path.dsv
-- Installing: /home/thomas24/hive_ws2/install/nav2_planner/share/ament_index/resource_index/package_run_dependencies/nav2_planner
-- Installing: /home/thomas24/hive_ws2/install/nav2_planner/share/ament_index/resource_index/parent_prefix_path/nav2_planner
-- Installing: /home/thomas24/hive_ws2/install/nav2_planner/share/nav2_planner/environment/ament_prefix_path.sh
-- Installing: /home/thomas24/hive_ws2/install/nav2_planner/share/nav2_planner/environment/ament_prefix_path.dsv
-- Installing: /home/thomas24/hive_ws2/install/nav2_planner/share/nav2_planner/environment/path.sh
-- Installing: /home/thomas24/hive_ws2/install/nav2_planner/share/nav2_planner/environment/path.dsv
-- Installing: /home/thomas24/hive_ws2/install/nav2_planner/share/nav2_planner/local_setup.bash
-- Installing: /home/thomas24/hive_ws2/install/nav2_planner/share/nav2_planner/local_setup.sh
-- Installing: /home/thomas24/hive_ws2/install/nav2_planner/share/nav2_planner/local_setup.zsh
-- Installing: /home/thomas24/hive_ws2/install/nav2_planner/share/nav2_planner/local_setup.dsv
-- Installing: /home/thomas24/hive_ws2/install/nav2_planner/share/nav2_planner/package.dsv
-- Installing: /home/thomas24/hive_ws2/install/nav2_planner/share/ament_index/resource_index/packages/nav2_planner
-- Installing: /home/thomas24/hive_ws2/install/nav2_planner/share/ament_index/resource_index/rclcpp_components/nav2_planner
-- Installing: /home/thomas24/hive_ws2/install/nav2_planner/share/nav2_planner/cmake/planner_server_coreExport.cmake
-- Installing: /home/thomas24/hive_ws2/install/nav2_planner/share/nav2_planner/cmake/planner_server_coreExport-release.cmake
-- Installing: /home/thomas24/hive_ws2/install/nav2_planner/share/nav2_planner/cmake/ament_cmake_export_include_directories-extras.cmake
-- Installing: /home/thomas24/hive_ws2/install/nav2_planner/share/nav2_planner/cmake/ament_cmake_export_libraries-extras.cmake
-- Installing: /home/thomas24/hive_ws2/install/nav2_planner/share/nav2_planner/cmake/ament_cmake_export_dependencies-extras.cmake
-- Installing: /home/thomas24/hive_ws2/install/nav2_planner/share/nav2_planner/cmake/ament_cmake_export_targets-extras.cmake
-- Installing: /home/thomas24/hive_ws2/install/nav2_planner/share/nav2_planner/cmake/nav2_plannerConfig.cmake
-- Installing: /home/thomas24/hive_ws2/install/nav2_planner/share/nav2_planner/cmake/nav2_plannerConfig-version.cmake
-- Installing: /home/thomas24/hive_ws2/install/nav2_planner/share/nav2_planner/package.xml
