[0.017s] Invoking command in '/home/thomas24/hive_ws2/build/nav2_amcl': AMENT_PREFIX_PATH=/home/thomas24/hive_ws2/install/nav2_util:/home/thomas24/hive_ws2/install/nav2_ros_common:/home/thomas24/hive_ws2/install/nav2_msgs:/home/thomas24/hive_ws2/install/nav2_common:${AMENT_PREFIX_PATH} CMAKE_PREFIX_PATH=/home/thomas24/hive_ws2/install/nav2_util:/home/thomas24/hive_ws2/install/nav2_ros_common:/home/thomas24/hive_ws2/install/nav2_msgs:/home/thomas24/hive_ws2/install/nav2_common:/opt/ros/jazzy/opt/gz_sim_vendor:/opt/ros/jazzy/opt/gz_sensors_vendor:/opt/ros/jazzy/opt/gz_physics_vendor:/opt/ros/jazzy/opt/sdformat_vendor:/opt/ros/jazzy/opt/gz_gui_vendor:/opt/ros/jazzy/opt/gz_transport_vendor:/opt/ros/jazzy/opt/gz_rendering_vendor:/opt/ros/jazzy/opt/gz_plugin_vendor:/opt/ros/jazzy/opt/gz_fuel_tools_vendor:/opt/ros/jazzy/opt/gz_msgs_vendor:/opt/ros/jazzy/opt/gz_common_vendor:/opt/ros/jazzy/opt/gz_math_vendor:/opt/ros/jazzy/opt/gz_utils_vendor:/opt/ros/jazzy/opt/gz_tools_vendor:/opt/ros/jazzy/opt/gz_ogre_next_vendor:/opt/ros/jazzy/opt/gz_dartsim_vendor:/opt/ros/jazzy/opt/gz_cmake_vendor:/opt/ros/jazzy DEBUGINFOD_URLS=https://debuginfod.ubuntu.com LD_LIBRARY_PATH=/home/thomas24/hive_ws2/install/nav2_util/lib:/home/thomas24/hive_ws2/install/nav2_msgs/lib:${LD_LIBRARY_PATH} PYTHONPATH=/home/thomas24/hive_ws2/install/nav2_msgs/lib/python3.12/site-packages:/home/thomas24/hive_ws2/install/nav2_common/lib/python3.12/site-packages:${PYTHONPATH} /usr/bin/cmake /home/thomas24/hive_ws2/src/navigation2/nav2_amcl -DCMAKE_INSTALL_PREFIX=/home/thomas24/hive_ws2/install/nav2_amcl
[0.065s] -- The C compiler identification is GNU 13.3.0
[0.114s] -- The CXX compiler identification is GNU 13.3.0
[0.129s] -- Detecting C compiler ABI info
[0.217s] -- Detecting C compiler ABI info - done
[0.223s] -- Check for working C compiler: /usr/bin/cc - skipped
[0.223s] -- Detecting C compile features
[0.223s] -- Detecting C compile features - done
[0.232s] -- Detecting CXX compiler ABI info
[0.333s] -- Detecting CXX compiler ABI info - done
[0.340s] -- Check for working CXX compiler: /usr/bin/c++ - skipped
[0.341s] -- Detecting CXX compile features
[0.341s] -- Detecting CXX compile features - done
[0.345s] -- Found ament_cmake: 2.5.4 (/opt/ros/jazzy/share/ament_cmake/cmake)
[0.501s] -- Found Python3: /usr/bin/python3 (found version "3.12.3") found components: Interpreter 
[0.632s] -- Found geometry_msgs: 5.3.6 (/opt/ros/jazzy/share/geometry_msgs/cmake)
[0.685s] -- Found rosidl_generator_c: 4.6.6 (/opt/ros/jazzy/share/rosidl_generator_c/cmake)
[0.700s] -- Found rosidl_generator_cpp: 4.6.6 (/opt/ros/jazzy/share/rosidl_generator_cpp/cmake)
[0.720s] -- Using all available rosidl_typesupport_c: rosidl_typesupport_fastrtps_c;rosidl_typesupport_introspection_c
[0.739s] -- Using all available rosidl_typesupport_cpp: rosidl_typesupport_fastrtps_cpp;rosidl_typesupport_introspection_cpp
[0.784s] -- Found message_filters: 4.11.7 (/opt/ros/jazzy/share/message_filters/cmake)
[0.857s] -- Found rmw_implementation_cmake: 7.3.2 (/opt/ros/jazzy/share/rmw_implementation_cmake/cmake)
[0.861s] -- Found rmw_fastrtps_cpp: 8.4.3 (/opt/ros/jazzy/share/rmw_fastrtps_cpp/cmake)
[0.953s] -- Found OpenSSL: /usr/lib/x86_64-linux-gnu/libcrypto.so (found version "3.0.13")  
[0.978s] -- Found FastRTPS: /opt/ros/jazzy/include (Required is at least version "2.13") 
[1.002s] -- Using RMW implementation 'rmw_fastrtps_cpp' as default
[1.081s] -- Found nav_msgs: 5.3.6 (/opt/ros/jazzy/share/nav_msgs/cmake)
[1.105s] -- Found nav2_common: 1.4.0 (/home/thomas24/hive_ws2/install/nav2_common/share/nav2_common/cmake)
[1.106s] -- Found nav2_msgs: 1.4.0 (/home/thomas24/hive_ws2/install/nav2_msgs/share/nav2_msgs/cmake)
[1.222s] -- Found nav2_util: 1.4.0 (/home/thomas24/hive_ws2/install/nav2_util/share/nav2_util/cmake)
[1.341s] -- Found eigen3_cmake_module: 0.3.0 (/opt/ros/jazzy/share/eigen3_cmake_module/cmake)
[1.342s] -- Found Eigen3: TRUE (found version "3.4.0") 
[1.342s] -- Ensuring Eigen3 include directory is part of orocos-kdl CMake target
[1.454s] -- Found sensor_msgs: 5.3.6 (/opt/ros/jazzy/share/sensor_msgs/cmake)
[1.478s] -- Found std_srvs: 5.3.6 (/opt/ros/jazzy/share/std_srvs/cmake)
[1.492s] -- Setting build type to Release as none was specified.
[1.492s] -- Looking for drand48
[1.612s] -- Looking for drand48 - found
[1.616s] -- Found ament_lint_auto: 0.17.3 (/opt/ros/jazzy/share/ament_lint_auto/cmake)
[1.746s] -- Added test 'cppcheck' to perform static code analysis on C / C++ code
[1.746s] -- Configured cppcheck include dirs: $<BUILD_INTERFACE:/home/thomas24/hive_ws2/src/navigation2/nav2_amcl/include>
[1.746s] -- Configured cppcheck exclude dirs and/or files: 
[1.748s] -- Added test 'lint_cmake' to check CMake code style
[1.751s] -- Added test 'uncrustify' to check C / C++ code style
[1.751s] -- Configured uncrustify additional arguments: 
[1.752s] -- Added test 'xmllint' to check XML markup files
[1.756s] -- Configuring done (1.7s)
[1.799s] -- Generating done (0.0s)
[1.811s] -- Build files have been written to: /home/thomas24/hive_ws2/build/nav2_amcl
[1.835s] Invoked command in '/home/thomas24/hive_ws2/build/nav2_amcl' returned '0': AMENT_PREFIX_PATH=/home/thomas24/hive_ws2/install/nav2_util:/home/thomas24/hive_ws2/install/nav2_ros_common:/home/thomas24/hive_ws2/install/nav2_msgs:/home/thomas24/hive_ws2/install/nav2_common:${AMENT_PREFIX_PATH} CMAKE_PREFIX_PATH=/home/thomas24/hive_ws2/install/nav2_util:/home/thomas24/hive_ws2/install/nav2_ros_common:/home/thomas24/hive_ws2/install/nav2_msgs:/home/thomas24/hive_ws2/install/nav2_common:/opt/ros/jazzy/opt/gz_sim_vendor:/opt/ros/jazzy/opt/gz_sensors_vendor:/opt/ros/jazzy/opt/gz_physics_vendor:/opt/ros/jazzy/opt/sdformat_vendor:/opt/ros/jazzy/opt/gz_gui_vendor:/opt/ros/jazzy/opt/gz_transport_vendor:/opt/ros/jazzy/opt/gz_rendering_vendor:/opt/ros/jazzy/opt/gz_plugin_vendor:/opt/ros/jazzy/opt/gz_fuel_tools_vendor:/opt/ros/jazzy/opt/gz_msgs_vendor:/opt/ros/jazzy/opt/gz_common_vendor:/opt/ros/jazzy/opt/gz_math_vendor:/opt/ros/jazzy/opt/gz_utils_vendor:/opt/ros/jazzy/opt/gz_tools_vendor:/opt/ros/jazzy/opt/gz_ogre_next_vendor:/opt/ros/jazzy/opt/gz_dartsim_vendor:/opt/ros/jazzy/opt/gz_cmake_vendor:/opt/ros/jazzy DEBUGINFOD_URLS=https://debuginfod.ubuntu.com LD_LIBRARY_PATH=/home/thomas24/hive_ws2/install/nav2_util/lib:/home/thomas24/hive_ws2/install/nav2_msgs/lib:${LD_LIBRARY_PATH} PYTHONPATH=/home/thomas24/hive_ws2/install/nav2_msgs/lib/python3.12/site-packages:/home/thomas24/hive_ws2/install/nav2_common/lib/python3.12/site-packages:${PYTHONPATH} /usr/bin/cmake /home/thomas24/hive_ws2/src/navigation2/nav2_amcl -DCMAKE_INSTALL_PREFIX=/home/thomas24/hive_ws2/install/nav2_amcl
[1.836s] Invoking command in '/home/thomas24/hive_ws2/build/nav2_amcl': AMENT_PREFIX_PATH=/home/thomas24/hive_ws2/install/nav2_util:/home/thomas24/hive_ws2/install/nav2_ros_common:/home/thomas24/hive_ws2/install/nav2_msgs:/home/thomas24/hive_ws2/install/nav2_common:${AMENT_PREFIX_PATH} CMAKE_PREFIX_PATH=/home/thomas24/hive_ws2/install/nav2_util:/home/thomas24/hive_ws2/install/nav2_ros_common:/home/thomas24/hive_ws2/install/nav2_msgs:/home/thomas24/hive_ws2/install/nav2_common:/opt/ros/jazzy/opt/gz_sim_vendor:/opt/ros/jazzy/opt/gz_sensors_vendor:/opt/ros/jazzy/opt/gz_physics_vendor:/opt/ros/jazzy/opt/sdformat_vendor:/opt/ros/jazzy/opt/gz_gui_vendor:/opt/ros/jazzy/opt/gz_transport_vendor:/opt/ros/jazzy/opt/gz_rendering_vendor:/opt/ros/jazzy/opt/gz_plugin_vendor:/opt/ros/jazzy/opt/gz_fuel_tools_vendor:/opt/ros/jazzy/opt/gz_msgs_vendor:/opt/ros/jazzy/opt/gz_common_vendor:/opt/ros/jazzy/opt/gz_math_vendor:/opt/ros/jazzy/opt/gz_utils_vendor:/opt/ros/jazzy/opt/gz_tools_vendor:/opt/ros/jazzy/opt/gz_ogre_next_vendor:/opt/ros/jazzy/opt/gz_dartsim_vendor:/opt/ros/jazzy/opt/gz_cmake_vendor:/opt/ros/jazzy DEBUGINFOD_URLS=https://debuginfod.ubuntu.com LD_LIBRARY_PATH=/home/thomas24/hive_ws2/install/nav2_util/lib:/home/thomas24/hive_ws2/install/nav2_msgs/lib:${LD_LIBRARY_PATH} PYTHONPATH=/home/thomas24/hive_ws2/install/nav2_msgs/lib/python3.12/site-packages:/home/thomas24/hive_ws2/install/nav2_common/lib/python3.12/site-packages:${PYTHONPATH} /usr/bin/cmake --build /home/thomas24/hive_ws2/build/nav2_amcl -- -j16 -l16
[1.898s] [  4%] [32mBuilding C object CMakeFiles/pf_lib.dir/src/pf/pf_kdtree.c.o[0m
[1.898s] [ 12%] [32mBuilding C object CMakeFiles/map_lib.dir/src/map/map_range.c.o[0m
[1.898s] [ 12%] [32mBuilding CXX object CMakeFiles/map_lib.dir/src/map/map_cspace.cpp.o[0m
[1.898s] [ 16%] [32mBuilding C object CMakeFiles/pf_lib.dir/src/pf/pf_pdf.c.o[0m
[1.899s] [ 20%] [32mBuilding C object CMakeFiles/map_lib.dir/src/map/map_draw.c.o[0m
[1.899s] [ 25%] [32mBuilding C object CMakeFiles/pf_lib.dir/src/pf/pf.c.o[0m
[1.900s] [ 29%] [32mBuilding C object CMakeFiles/pf_lib.dir/src/pf/pf_draw.c.o[0m
[1.904s] [ 33%] [32mBuilding C object CMakeFiles/map_lib.dir/src/map/map.c.o[0m
[1.906s] [ 37%] [32mBuilding C object CMakeFiles/pf_lib.dir/src/pf/eig3.c.o[0m
[1.910s] [ 41%] [32mBuilding C object CMakeFiles/pf_lib.dir/src/pf/pf_vector.c.o[0m
[2.121s] [ 45%] [32m[1mLinking C shared library libpf_lib.so[0m
[2.175s] [ 45%] Built target pf_lib
[2.210s] [ 50%] [32mBuilding CXX object CMakeFiles/motions_lib.dir/src/motion_model/differential_motion_model.cpp.o[0m
[2.222s] [ 54%] [32mBuilding CXX object CMakeFiles/motions_lib.dir/src/motion_model/omni_motion_model.cpp.o[0m
[2.495s] [ 58%] [32m[1mLinking CXX shared library libmap_lib.so[0m
[2.684s] [ 58%] Built target map_lib
[2.744s] [ 62%] [32mBuilding CXX object CMakeFiles/sensors_lib.dir/src/sensors/laser/laser.cpp.o[0m
[2.751s] [ 66%] [32mBuilding CXX object CMakeFiles/sensors_lib.dir/src/sensors/laser/likelihood_field_model.cpp.o[0m
[2.752s] [ 70%] [32mBuilding CXX object CMakeFiles/sensors_lib.dir/src/sensors/laser/likelihood_field_model_prob.cpp.o[0m
[2.757s] [ 75%] [32mBuilding CXX object CMakeFiles/sensors_lib.dir/src/sensors/laser/beam_model.cpp.o[0m
[3.528s] [ 79%] [32m[1mLinking CXX shared library libsensors_lib.so[0m
[3.976s] [ 79%] Built target sensors_lib
[4.040s] [ 83%] [32mBuilding CXX object CMakeFiles/amcl_core.dir/src/amcl_node.cpp.o[0m
[4.353s] [ 87%] [32m[1mLinking CXX shared library libmotions_lib.so[0m
[4.828s] [ 87%] Built target motions_lib
[47.542s] [ 91%] [32m[1mLinking CXX shared library libamcl_core.so[0m
[47.854s] [ 91%] Built target amcl_core
[47.881s] [ 95%] [32mBuilding CXX object CMakeFiles/amcl.dir/src/main.cpp.o[0m
[52.757s] [100%] [32m[1mLinking CXX executable amcl[0m
[52.968s] [100%] Built target amcl
[52.985s] Invoked command in '/home/thomas24/hive_ws2/build/nav2_amcl' returned '0': AMENT_PREFIX_PATH=/home/thomas24/hive_ws2/install/nav2_util:/home/thomas24/hive_ws2/install/nav2_ros_common:/home/thomas24/hive_ws2/install/nav2_msgs:/home/thomas24/hive_ws2/install/nav2_common:${AMENT_PREFIX_PATH} CMAKE_PREFIX_PATH=/home/thomas24/hive_ws2/install/nav2_util:/home/thomas24/hive_ws2/install/nav2_ros_common:/home/thomas24/hive_ws2/install/nav2_msgs:/home/thomas24/hive_ws2/install/nav2_common:/opt/ros/jazzy/opt/gz_sim_vendor:/opt/ros/jazzy/opt/gz_sensors_vendor:/opt/ros/jazzy/opt/gz_physics_vendor:/opt/ros/jazzy/opt/sdformat_vendor:/opt/ros/jazzy/opt/gz_gui_vendor:/opt/ros/jazzy/opt/gz_transport_vendor:/opt/ros/jazzy/opt/gz_rendering_vendor:/opt/ros/jazzy/opt/gz_plugin_vendor:/opt/ros/jazzy/opt/gz_fuel_tools_vendor:/opt/ros/jazzy/opt/gz_msgs_vendor:/opt/ros/jazzy/opt/gz_common_vendor:/opt/ros/jazzy/opt/gz_math_vendor:/opt/ros/jazzy/opt/gz_utils_vendor:/opt/ros/jazzy/opt/gz_tools_vendor:/opt/ros/jazzy/opt/gz_ogre_next_vendor:/opt/ros/jazzy/opt/gz_dartsim_vendor:/opt/ros/jazzy/opt/gz_cmake_vendor:/opt/ros/jazzy DEBUGINFOD_URLS=https://debuginfod.ubuntu.com LD_LIBRARY_PATH=/home/thomas24/hive_ws2/install/nav2_util/lib:/home/thomas24/hive_ws2/install/nav2_msgs/lib:${LD_LIBRARY_PATH} PYTHONPATH=/home/thomas24/hive_ws2/install/nav2_msgs/lib/python3.12/site-packages:/home/thomas24/hive_ws2/install/nav2_common/lib/python3.12/site-packages:${PYTHONPATH} /usr/bin/cmake --build /home/thomas24/hive_ws2/build/nav2_amcl -- -j16 -l16
[52.986s] Invoking command in '/home/thomas24/hive_ws2/build/nav2_amcl': AMENT_PREFIX_PATH=/home/thomas24/hive_ws2/install/nav2_util:/home/thomas24/hive_ws2/install/nav2_ros_common:/home/thomas24/hive_ws2/install/nav2_msgs:/home/thomas24/hive_ws2/install/nav2_common:${AMENT_PREFIX_PATH} CMAKE_PREFIX_PATH=/home/thomas24/hive_ws2/install/nav2_util:/home/thomas24/hive_ws2/install/nav2_ros_common:/home/thomas24/hive_ws2/install/nav2_msgs:/home/thomas24/hive_ws2/install/nav2_common:/opt/ros/jazzy/opt/gz_sim_vendor:/opt/ros/jazzy/opt/gz_sensors_vendor:/opt/ros/jazzy/opt/gz_physics_vendor:/opt/ros/jazzy/opt/sdformat_vendor:/opt/ros/jazzy/opt/gz_gui_vendor:/opt/ros/jazzy/opt/gz_transport_vendor:/opt/ros/jazzy/opt/gz_rendering_vendor:/opt/ros/jazzy/opt/gz_plugin_vendor:/opt/ros/jazzy/opt/gz_fuel_tools_vendor:/opt/ros/jazzy/opt/gz_msgs_vendor:/opt/ros/jazzy/opt/gz_common_vendor:/opt/ros/jazzy/opt/gz_math_vendor:/opt/ros/jazzy/opt/gz_utils_vendor:/opt/ros/jazzy/opt/gz_tools_vendor:/opt/ros/jazzy/opt/gz_ogre_next_vendor:/opt/ros/jazzy/opt/gz_dartsim_vendor:/opt/ros/jazzy/opt/gz_cmake_vendor:/opt/ros/jazzy DEBUGINFOD_URLS=https://debuginfod.ubuntu.com LD_LIBRARY_PATH=/home/thomas24/hive_ws2/install/nav2_util/lib:/home/thomas24/hive_ws2/install/nav2_msgs/lib:${LD_LIBRARY_PATH} PYTHONPATH=/home/thomas24/hive_ws2/install/nav2_msgs/lib/python3.12/site-packages:/home/thomas24/hive_ws2/install/nav2_common/lib/python3.12/site-packages:${PYTHONPATH} /usr/bin/cmake --install /home/thomas24/hive_ws2/build/nav2_amcl
[52.996s] -- Install configuration: "Release"
[52.996s] -- Installing: /home/thomas24/hive_ws2/install/nav2_amcl/lib/libamcl_core.so
[53.000s] -- Set non-toolchain portion of runtime path of "/home/thomas24/hive_ws2/install/nav2_amcl/lib/libamcl_core.so" to ""
[53.000s] -- Installing: /home/thomas24/hive_ws2/install/nav2_amcl/lib/libpf_lib.so
[53.000s] -- Installing: /home/thomas24/hive_ws2/install/nav2_amcl/lib/libmap_lib.so
[53.000s] -- Installing: /home/thomas24/hive_ws2/install/nav2_amcl/lib/libmotions_lib.so
[53.001s] -- Set non-toolchain portion of runtime path of "/home/thomas24/hive_ws2/install/nav2_amcl/lib/libmotions_lib.so" to ""
[53.001s] -- Installing: /home/thomas24/hive_ws2/install/nav2_amcl/lib/libsensors_lib.so
[53.001s] -- Set non-toolchain portion of runtime path of "/home/thomas24/hive_ws2/install/nav2_amcl/lib/libsensors_lib.so" to ""
[53.001s] -- Installing: /home/thomas24/hive_ws2/install/nav2_amcl/lib/nav2_amcl/amcl
[53.002s] -- Set non-toolchain portion of runtime path of "/home/thomas24/hive_ws2/install/nav2_amcl/lib/nav2_amcl/amcl" to ""
[53.002s] -- Installing: /home/thomas24/hive_ws2/install/nav2_amcl/include/nav2_amcl
[53.002s] -- Installing: /home/thomas24/hive_ws2/install/nav2_amcl/include/nav2_amcl/nav2_amcl
[53.002s] -- Installing: /home/thomas24/hive_ws2/install/nav2_amcl/include/nav2_amcl/nav2_amcl/motion_model
[53.002s] -- Installing: /home/thomas24/hive_ws2/install/nav2_amcl/include/nav2_amcl/nav2_amcl/motion_model/differential_motion_model.hpp
[53.002s] -- Installing: /home/thomas24/hive_ws2/install/nav2_amcl/include/nav2_amcl/nav2_amcl/motion_model/omni_motion_model.hpp
[53.002s] -- Installing: /home/thomas24/hive_ws2/install/nav2_amcl/include/nav2_amcl/nav2_amcl/motion_model/motion_model.hpp
[53.002s] -- Installing: /home/thomas24/hive_ws2/install/nav2_amcl/include/nav2_amcl/nav2_amcl/sensors
[53.003s] -- Installing: /home/thomas24/hive_ws2/install/nav2_amcl/include/nav2_amcl/nav2_amcl/sensors/laser
[53.003s] -- Installing: /home/thomas24/hive_ws2/install/nav2_amcl/include/nav2_amcl/nav2_amcl/sensors/laser/laser.hpp
[53.003s] -- Installing: /home/thomas24/hive_ws2/install/nav2_amcl/include/nav2_amcl/nav2_amcl/pf
[53.003s] -- Installing: /home/thomas24/hive_ws2/install/nav2_amcl/include/nav2_amcl/nav2_amcl/pf/pf.hpp
[53.003s] -- Installing: /home/thomas24/hive_ws2/install/nav2_amcl/include/nav2_amcl/nav2_amcl/pf/pf_kdtree.hpp
[53.003s] -- Installing: /home/thomas24/hive_ws2/install/nav2_amcl/include/nav2_amcl/nav2_amcl/pf/eig3.hpp
[53.003s] -- Installing: /home/thomas24/hive_ws2/install/nav2_amcl/include/nav2_amcl/nav2_amcl/pf/pf_vector.hpp
[53.003s] -- Installing: /home/thomas24/hive_ws2/install/nav2_amcl/include/nav2_amcl/nav2_amcl/pf/pf_pdf.hpp
[53.003s] -- Installing: /home/thomas24/hive_ws2/install/nav2_amcl/include/nav2_amcl/nav2_amcl/portable_utils.hpp
[53.004s] -- Installing: /home/thomas24/hive_ws2/install/nav2_amcl/include/nav2_amcl/nav2_amcl/amcl_node.hpp
[53.004s] -- Installing: /home/thomas24/hive_ws2/install/nav2_amcl/include/nav2_amcl/nav2_amcl/angleutils.hpp
[53.004s] -- Installing: /home/thomas24/hive_ws2/install/nav2_amcl/include/nav2_amcl/nav2_amcl/map
[53.004s] -- Installing: /home/thomas24/hive_ws2/install/nav2_amcl/include/nav2_amcl/nav2_amcl/map/map.hpp
[53.004s] -- Installing: /home/thomas24/hive_ws2/install/nav2_amcl/share/nav2_amcl/environment/library_path.sh
[53.004s] -- Installing: /home/thomas24/hive_ws2/install/nav2_amcl/share/nav2_amcl/environment/library_path.dsv
[53.004s] -- Installing: /home/thomas24/hive_ws2/install/nav2_amcl/share/nav2_amcl/plugins.xml
[53.004s] -- Installing: /home/thomas24/hive_ws2/install/nav2_amcl/share/ament_index/resource_index/package_run_dependencies/nav2_amcl
[53.005s] -- Installing: /home/thomas24/hive_ws2/install/nav2_amcl/share/ament_index/resource_index/parent_prefix_path/nav2_amcl
[53.005s] -- Installing: /home/thomas24/hive_ws2/install/nav2_amcl/share/nav2_amcl/environment/ament_prefix_path.sh
[53.005s] -- Installing: /home/thomas24/hive_ws2/install/nav2_amcl/share/nav2_amcl/environment/ament_prefix_path.dsv
[53.005s] -- Installing: /home/thomas24/hive_ws2/install/nav2_amcl/share/nav2_amcl/environment/path.sh
[53.005s] -- Installing: /home/thomas24/hive_ws2/install/nav2_amcl/share/nav2_amcl/environment/path.dsv
[53.005s] -- Installing: /home/thomas24/hive_ws2/install/nav2_amcl/share/nav2_amcl/local_setup.bash
[53.005s] -- Installing: /home/thomas24/hive_ws2/install/nav2_amcl/share/nav2_amcl/local_setup.sh
[53.005s] -- Installing: /home/thomas24/hive_ws2/install/nav2_amcl/share/nav2_amcl/local_setup.zsh
[53.005s] -- Installing: /home/thomas24/hive_ws2/install/nav2_amcl/share/nav2_amcl/local_setup.dsv
[53.006s] -- Installing: /home/thomas24/hive_ws2/install/nav2_amcl/share/nav2_amcl/package.dsv
[53.006s] -- Installing: /home/thomas24/hive_ws2/install/nav2_amcl/share/ament_index/resource_index/packages/nav2_amcl
[53.006s] -- Installing: /home/thomas24/hive_ws2/install/nav2_amcl/share/ament_index/resource_index/nav2_amcl__pluginlib__plugin/nav2_amcl
[53.006s] -- Installing: /home/thomas24/hive_ws2/install/nav2_amcl/share/ament_index/resource_index/rclcpp_components/nav2_amcl
[53.006s] -- Installing: /home/thomas24/hive_ws2/install/nav2_amcl/share/nav2_amcl/cmake/amcl_coreExport.cmake
[53.006s] -- Installing: /home/thomas24/hive_ws2/install/nav2_amcl/share/nav2_amcl/cmake/amcl_coreExport-release.cmake
[53.006s] -- Installing: /home/thomas24/hive_ws2/install/nav2_amcl/share/nav2_amcl/cmake/ament_cmake_export_include_directories-extras.cmake
[53.007s] -- Installing: /home/thomas24/hive_ws2/install/nav2_amcl/share/nav2_amcl/cmake/ament_cmake_export_libraries-extras.cmake
[53.007s] -- Installing: /home/thomas24/hive_ws2/install/nav2_amcl/share/nav2_amcl/cmake/ament_cmake_export_dependencies-extras.cmake
[53.007s] -- Installing: /home/thomas24/hive_ws2/install/nav2_amcl/share/nav2_amcl/cmake/ament_cmake_export_targets-extras.cmake
[53.008s] -- Installing: /home/thomas24/hive_ws2/install/nav2_amcl/share/nav2_amcl/cmake/nav2_amclConfig.cmake
[53.008s] -- Installing: /home/thomas24/hive_ws2/install/nav2_amcl/share/nav2_amcl/cmake/nav2_amclConfig-version.cmake
[53.008s] -- Installing: /home/thomas24/hive_ws2/install/nav2_amcl/share/nav2_amcl/package.xml
[53.010s] Invoked command in '/home/thomas24/hive_ws2/build/nav2_amcl' returned '0': AMENT_PREFIX_PATH=/home/thomas24/hive_ws2/install/nav2_util:/home/thomas24/hive_ws2/install/nav2_ros_common:/home/thomas24/hive_ws2/install/nav2_msgs:/home/thomas24/hive_ws2/install/nav2_common:${AMENT_PREFIX_PATH} CMAKE_PREFIX_PATH=/home/thomas24/hive_ws2/install/nav2_util:/home/thomas24/hive_ws2/install/nav2_ros_common:/home/thomas24/hive_ws2/install/nav2_msgs:/home/thomas24/hive_ws2/install/nav2_common:/opt/ros/jazzy/opt/gz_sim_vendor:/opt/ros/jazzy/opt/gz_sensors_vendor:/opt/ros/jazzy/opt/gz_physics_vendor:/opt/ros/jazzy/opt/sdformat_vendor:/opt/ros/jazzy/opt/gz_gui_vendor:/opt/ros/jazzy/opt/gz_transport_vendor:/opt/ros/jazzy/opt/gz_rendering_vendor:/opt/ros/jazzy/opt/gz_plugin_vendor:/opt/ros/jazzy/opt/gz_fuel_tools_vendor:/opt/ros/jazzy/opt/gz_msgs_vendor:/opt/ros/jazzy/opt/gz_common_vendor:/opt/ros/jazzy/opt/gz_math_vendor:/opt/ros/jazzy/opt/gz_utils_vendor:/opt/ros/jazzy/opt/gz_tools_vendor:/opt/ros/jazzy/opt/gz_ogre_next_vendor:/opt/ros/jazzy/opt/gz_dartsim_vendor:/opt/ros/jazzy/opt/gz_cmake_vendor:/opt/ros/jazzy DEBUGINFOD_URLS=https://debuginfod.ubuntu.com LD_LIBRARY_PATH=/home/thomas24/hive_ws2/install/nav2_util/lib:/home/thomas24/hive_ws2/install/nav2_msgs/lib:${LD_LIBRARY_PATH} PYTHONPATH=/home/thomas24/hive_ws2/install/nav2_msgs/lib/python3.12/site-packages:/home/thomas24/hive_ws2/install/nav2_common/lib/python3.12/site-packages:${PYTHONPATH} /usr/bin/cmake --install /home/thomas24/hive_ws2/build/nav2_amcl
