-- Found ament_cmake: 2.5.4 (/opt/ros/jazzy/share/ament_cmake/cmake)
-- Override CMake install command with custom implementation using symlinks instead of copying resources
-- Found ament_index_cpp: 1.8.1 (/opt/ros/jazzy/share/ament_index_cpp/cmake)
-- Found geometry_msgs: 5.3.6 (/opt/ros/jazzy/share/geometry_msgs/cmake)
-- Found rosidl_generator_c: 4.6.6 (/opt/ros/jazzy/share/rosidl_generator_c/cmake)
-- Found rosidl_generator_cpp: 4.6.6 (/opt/ros/jazzy/share/rosidl_generator_cpp/cmake)
-- Using all available rosidl_typesupport_c: rosidl_typesupport_fastrtps_c;rosidl_typesupport_introspection_c
-- Using all available rosidl_typesupport_cpp: rosidl_typesupport_fastrtps_cpp;rosidl_typesupport_introspection_cpp
-- Found nav2_common: 1.4.0 (/home/thomas24/hive_ws2/install/nav2_common/share/nav2_common/cmake)
-- Found nav2_lifecycle_manager: 1.4.0 (/home/thomas24/hive_ws2/install/nav2_lifecycle_manager/share/nav2_lifecycle_manager/cmake)
-- Found rmw_implementation_cmake: 7.3.2 (/opt/ros/jazzy/share/rmw_implementation_cmake/cmake)
-- Found rmw_fastrtps_cpp: 8.4.3 (/opt/ros/jazzy/share/rmw_fastrtps_cpp/cmake)
-- Using RMW implementation 'rmw_fastrtps_cpp' as default
-- Found eigen3_cmake_module: 0.3.0 (/opt/ros/jazzy/share/eigen3_cmake_module/cmake)
-- Ensuring Eigen3 include directory is part of orocos-kdl CMake target
-- Found nav2_route: 1.1.0 (/home/thomas24/hive_ws2/install/nav2_route/share/nav2_route/cmake)
-- Found rviz_common: 14.1.13 (/opt/ros/jazzy/share/rviz_common/cmake)
-- Setting OGRE_DIR to: '/opt/ros/jazzy/share/rviz_ogre_vendor/cmake/../../../opt/rviz_ogre_vendor/lib/OGRE/cmake'
-- Found OGRE
--   static     : OFF
--   components : MeshLodGenerator;Overlay;Paging;Property;RTShaderSystem;Terrain;Volume
--   plugins    : Plugin_BSPSceneManager;Plugin_OctreeSceneManager;Plugin_PCZSceneManager;Plugin_ParticleFX;RenderSystem_GL;RenderSystem_GL3Plus;Codec_STBI
--   media      : /opt/ros/jazzy/opt/rviz_ogre_vendor/share/OGRE/Media
-- OGRE_LIBRARIES: OgreMeshLodGenerator;OgreOverlay;OgrePaging;OgreProperty;OgreRTShaderSystem;OgreTerrain;OgreVolume;OgreMain
-- OGRE_LIBRARY_DIRS: /opt/ros/jazzy/opt/rviz_ogre_vendor/lib
-- OGRE_PLUGINS: Plugin_BSPSceneManager;Plugin_OctreeSceneManager;Plugin_PCZSceneManager;Plugin_ParticleFX;RenderSystem_GL;RenderSystem_GL3Plus;Codec_STBI
-- OGRE_PLUGIN_DIR: /opt/ros/jazzy/opt/rviz_ogre_vendor/lib/OGRE
-- rviz_ogre_vendor::OgreOverlay for IMPORTED_LOCATION_RELEASE: /opt/ros/jazzy/opt/rviz_ogre_vendor/lib/libOgreOverlay.so
-- rviz_ogre_vendor::OgreOverlay for IMPORTED_LOCATION_DEBUG: /opt/ros/jazzy/opt/rviz_ogre_vendor/lib/libOgreOverlay.so
-- rviz_ogre_vendor::OgreMain for IMPORTED_LOCATION_RELEASE: /opt/ros/jazzy/opt/rviz_ogre_vendor/lib/libOgreMain.so
-- rviz_ogre_vendor::OgreMain for IMPORTED_LOCATION_DEBUG: /opt/ros/jazzy/opt/rviz_ogre_vendor/lib/libOgreMain.so
-- Setting yaml-cpp_DIR to: '/opt/ros/jazzy/share/yaml_cpp_vendor/cmake/../../../opt/yaml_cpp_vendor/share/cmake/yaml-cpp'
-- Found rviz_default_plugins: 14.1.13 (/opt/ros/jazzy/share/rviz_default_plugins/cmake)
-- Found ament_lint_auto: 0.17.3 (/opt/ros/jazzy/share/ament_lint_auto/cmake)
-- Added test 'copyright' to check source files copyright and LICENSE
-- Added test 'cppcheck' to perform static code analysis on C / C++ code
-- Configured cppcheck include dirs: $<BUILD_INTERFACE:/home/thomas24/hive_ws2/src/navigation2/nav2_rviz_plugins/include>
-- Configured cppcheck exclude dirs and/or files: 
-- Added test 'cpplint' to check C / C++ code against the Google style
-- Configured cpplint exclude dirs and/or files: 
-- Added test 'flake8' to check Python code syntax and style conventions
-- Configured 'flake8' exclude dirs and/or files: 
-- Added test 'lint_cmake' to check CMake code style
-- Added test 'pep257' to check Python code against some of the docstring style conventions in PEP 257
-- Added test 'uncrustify' to check C / C++ code style
-- Configured uncrustify additional arguments: 
-- Added test 'xmllint' to check XML markup files
-- Configuring done (1.6s)
-- Generating done (0.0s)
-- Build files have been written to: /home/thomas24/hive_ws2/build/nav2_rviz_plugins
[  0%] Built target nav2_rviz_plugins_autogen_timestamp_deps
[  3%] [34m[1mAutomatic MOC and UIC for target nav2_rviz_plugins[0m
[  3%] Built target nav2_rviz_plugins_autogen
[100%] Built target nav2_rviz_plugins
-- Install configuration: "Release"
-- Execute custom install script
-- Up-to-date symlink: /home/thomas24/hive_ws2/install/nav2_rviz_plugins/share/nav2_rviz_plugins//plugins_description.xml
-- Up-to-date symlink: /home/thomas24/hive_ws2/install/nav2_rviz_plugins/include/nav2_rviz_plugins/nav2_rviz_plugins/costmap_cost_tool.hpp
-- Up-to-date symlink: /home/thomas24/hive_ws2/install/nav2_rviz_plugins/include/nav2_rviz_plugins/nav2_rviz_plugins/docking_panel.hpp
-- Up-to-date symlink: /home/thomas24/hive_ws2/install/nav2_rviz_plugins/include/nav2_rviz_plugins/nav2_rviz_plugins/goal_common.hpp
-- Up-to-date symlink: /home/thomas24/hive_ws2/install/nav2_rviz_plugins/include/nav2_rviz_plugins/nav2_rviz_plugins/goal_pose_updater.hpp
-- Up-to-date symlink: /home/thomas24/hive_ws2/install/nav2_rviz_plugins/include/nav2_rviz_plugins/nav2_rviz_plugins/goal_tool.hpp
-- Up-to-date symlink: /home/thomas24/hive_ws2/install/nav2_rviz_plugins/include/nav2_rviz_plugins/nav2_rviz_plugins/nav2_panel.hpp
-- Up-to-date symlink: /home/thomas24/hive_ws2/install/nav2_rviz_plugins/include/nav2_rviz_plugins/nav2_rviz_plugins/particle_cloud_display/flat_weighted_arrows_array.hpp
-- Up-to-date symlink: /home/thomas24/hive_ws2/install/nav2_rviz_plugins/include/nav2_rviz_plugins/nav2_rviz_plugins/particle_cloud_display/particle_cloud_display.hpp
-- Up-to-date symlink: /home/thomas24/hive_ws2/install/nav2_rviz_plugins/include/nav2_rviz_plugins/nav2_rviz_plugins/ros_action_qevent.hpp
-- Up-to-date symlink: /home/thomas24/hive_ws2/install/nav2_rviz_plugins/include/nav2_rviz_plugins/nav2_rviz_plugins/route_tool.hpp
-- Up-to-date symlink: /home/thomas24/hive_ws2/install/nav2_rviz_plugins/include/nav2_rviz_plugins/nav2_rviz_plugins/selector.hpp
-- Up-to-date symlink: /home/thomas24/hive_ws2/install/nav2_rviz_plugins/include/nav2_rviz_plugins/nav2_rviz_plugins/utils.hpp
-- Up-to-date symlink: /home/thomas24/hive_ws2/install/nav2_rviz_plugins/share/nav2_rviz_plugins/icons/classes/Docking.svg
-- Up-to-date symlink: /home/thomas24/hive_ws2/install/nav2_rviz_plugins/share/nav2_rviz_plugins/icons/classes/nav2_logo_small.png
-- Up-to-date symlink: /home/thomas24/hive_ws2/install/nav2_rviz_plugins/share/nav2_rviz_plugins/rviz/route_tool.rviz
-- Up-to-date symlink: /home/thomas24/hive_ws2/install/nav2_rviz_plugins/share/nav2_rviz_plugins/launch/route_tool.launch.py
-- Up-to-date symlink: /home/thomas24/hive_ws2/install/nav2_rviz_plugins/share/nav2_rviz_plugins/environment/library_path.sh
-- Up-to-date symlink: /home/thomas24/hive_ws2/install/nav2_rviz_plugins/share/nav2_rviz_plugins/environment/library_path.dsv
-- Up-to-date symlink: /home/thomas24/hive_ws2/install/nav2_rviz_plugins/share/ament_index/resource_index/package_run_dependencies/nav2_rviz_plugins
-- Up-to-date symlink: /home/thomas24/hive_ws2/install/nav2_rviz_plugins/share/ament_index/resource_index/parent_prefix_path/nav2_rviz_plugins
-- Up-to-date symlink: /home/thomas24/hive_ws2/install/nav2_rviz_plugins/share/nav2_rviz_plugins/environment/ament_prefix_path.sh
-- Up-to-date symlink: /home/thomas24/hive_ws2/install/nav2_rviz_plugins/share/nav2_rviz_plugins/environment/ament_prefix_path.dsv
-- Up-to-date symlink: /home/thomas24/hive_ws2/install/nav2_rviz_plugins/share/nav2_rviz_plugins/environment/path.sh
-- Up-to-date symlink: /home/thomas24/hive_ws2/install/nav2_rviz_plugins/share/nav2_rviz_plugins/environment/path.dsv
-- Up-to-date symlink: /home/thomas24/hive_ws2/install/nav2_rviz_plugins/share/nav2_rviz_plugins/local_setup.bash
-- Up-to-date symlink: /home/thomas24/hive_ws2/install/nav2_rviz_plugins/share/nav2_rviz_plugins/local_setup.sh
-- Up-to-date symlink: /home/thomas24/hive_ws2/install/nav2_rviz_plugins/share/nav2_rviz_plugins/local_setup.zsh
-- Up-to-date symlink: /home/thomas24/hive_ws2/install/nav2_rviz_plugins/share/nav2_rviz_plugins/local_setup.dsv
-- Symlinking: /home/thomas24/hive_ws2/install/nav2_rviz_plugins/share/nav2_rviz_plugins/package.dsv
-- Up-to-date symlink: /home/thomas24/hive_ws2/install/nav2_rviz_plugins/share/ament_index/resource_index/packages/nav2_rviz_plugins
-- Up-to-date symlink: /home/thomas24/hive_ws2/install/nav2_rviz_plugins/share/ament_index/resource_index/rviz_common__pluginlib__plugin/nav2_rviz_plugins
-- Up-to-date symlink: /home/thomas24/hive_ws2/install/nav2_rviz_plugins/share/nav2_rviz_plugins/cmake/ament_cmake_export_include_directories-extras.cmake
-- Up-to-date symlink: /home/thomas24/hive_ws2/install/nav2_rviz_plugins/share/nav2_rviz_plugins/cmake/ament_cmake_export_targets-extras.cmake
-- Up-to-date symlink: /home/thomas24/hive_ws2/install/nav2_rviz_plugins/share/nav2_rviz_plugins/cmake/ament_cmake_export_dependencies-extras.cmake
-- Up-to-date symlink: /home/thomas24/hive_ws2/install/nav2_rviz_plugins/share/nav2_rviz_plugins/cmake/nav2_rviz_pluginsConfig.cmake
-- Up-to-date symlink: /home/thomas24/hive_ws2/install/nav2_rviz_plugins/share/nav2_rviz_plugins/cmake/nav2_rviz_pluginsConfig-version.cmake
-- Up-to-date symlink: /home/thomas24/hive_ws2/install/nav2_rviz_plugins/share/nav2_rviz_plugins/package.xml
-- Up-to-date: /home/thomas24/hive_ws2/install/nav2_rviz_plugins/lib/libnav2_rviz_plugins.so
-- Up-to-date: /home/thomas24/hive_ws2/install/nav2_rviz_plugins/share/nav2_rviz_plugins/cmake/nav2_rviz_pluginsExport.cmake
-- Up-to-date: /home/thomas24/hive_ws2/install/nav2_rviz_plugins/share/nav2_rviz_plugins/cmake/nav2_rviz_pluginsExport-release.cmake
