-- Found ament_cmake: 2.5.4 (/opt/ros/jazzy/share/ament_cmake/cmake)
-- Found Python3: /usr/bin/python3 (found version "3.12.3") found components: Interpreter 
-- Found rosidl_default_generators: 1.6.0 (/opt/ros/jazzy/share/rosidl_default_generators/cmake)
-- Using all available rosidl_typesupport_c: rosidl_typesupport_fastrtps_c;rosidl_typesupport_introspection_c
-- Using all available rosidl_typesupport_cpp: rosidl_typesupport_fastrtps_cpp;rosidl_typesupport_introspection_cpp
-- Found rosidl_adapter: 4.6.6 (/opt/ros/jazzy/share/rosidl_adapter/cmake)
-- Found std_msgs: 5.3.6 (/opt/ros/jazzy/share/std_msgs/cmake)
-- Found geometry_msgs: 5.3.6 (/opt/ros/jazzy/share/geometry_msgs/cmake)
-- Found nav_msgs: 5.3.6 (/opt/ros/jazzy/share/nav_msgs/cmake)
-- Found ament_cmake_ros: 0.12.0 (/opt/ros/jazzy/share/ament_cmake_ros/cmake)
-- Using all available rosidl_typesupport_c: rosidl_typesupport_fastrtps_c;rosidl_typesupport_introspection_c
-- Using all available rosidl_typesupport_cpp: rosidl_typesupport_fastrtps_cpp;rosidl_typesupport_introspection_cpp
-- Found python_cmake_module: 0.11.1 (/opt/ros/jazzy/share/python_cmake_module/cmake)
-- Found Python3: /usr/bin/python3 (found version "3.12.3") found components: Interpreter Development NumPy Development.Module Development.Embed 
-- Configuring done (1.1s)
-- Generating done (0.0s)
-- Build files have been written to: /home/thomas24/hive_ws2/build/hive_interface2
[  1%] [34m[1mGenerating type hashes for ROS interfaces[0m
[  1%] Built target ament_cmake_python_copy_hive_interface2
running egg_info
writing hive_interface2.egg-info/PKG-INFO
writing dependency_links to hive_interface2.egg-info/dependency_links.txt
writing top-level names to hive_interface2.egg-info/top_level.txt
reading manifest file 'hive_interface2.egg-info/SOURCES.txt'
writing manifest file 'hive_interface2.egg-info/SOURCES.txt'
[  1%] Built target ament_cmake_python_build_hive_interface2_egg
[  1%] Built target hive_interface2__rosidl_generator_type_description
[  2%] [34m[1mGenerating C code for ROS interfaces[0m
[  2%] [34m[1mGenerating C++ code for ROS interfaces[0m
[  2%] Built target hive_interface2__cpp
[  5%] [32mBuilding C object CMakeFiles/hive_interface2__rosidl_generator_c.dir/rosidl_generator_c/hive_interface2/msg/detail/free_zone__description.c.o[0m
[ 11%] [32mBuilding C object CMakeFiles/hive_interface2__rosidl_generator_c.dir/rosidl_generator_c/hive_interface2/msg/detail/free_zone__functions.c.o[0m
[ 11%] [32mBuilding C object CMakeFiles/hive_interface2__rosidl_generator_c.dir/rosidl_generator_c/hive_interface2/msg/detail/lanelet_mini2__description.c.o[0m
[ 12%] [32mBuilding C object CMakeFiles/hive_interface2__rosidl_generator_c.dir/rosidl_generator_c/hive_interface2/msg/detail/free_zone__type_support.c.o[0m
[ 13%] [32mBuilding C object CMakeFiles/hive_interface2__rosidl_generator_c.dir/rosidl_generator_c/hive_interface2/msg/detail/free_zone_array__description.c.o[0m
[  5%] [32mBuilding C object CMakeFiles/hive_interface2__rosidl_generator_c.dir/rosidl_generator_c/hive_interface2/msg/detail/lanelet_mini2__type_support.c.o[0m
[  5%] [32mBuilding C object CMakeFiles/hive_interface2__rosidl_generator_c.dir/rosidl_generator_c/hive_interface2/msg/detail/lanelet_mini2_array__functions.c.o[0m
[  6%] [32mBuilding C object CMakeFiles/hive_interface2__rosidl_generator_c.dir/rosidl_generator_c/hive_interface2/msg/detail/lanelet_mini2_array__type_support.c.o[0m
[  7%] [32mBuilding C object CMakeFiles/hive_interface2__rosidl_generator_c.dir/rosidl_generator_c/hive_interface2/msg/detail/free_zone_array__functions.c.o[0m
[  8%] [32mBuilding C object CMakeFiles/hive_interface2__rosidl_generator_c.dir/rosidl_generator_c/hive_interface2/msg/detail/lanelet_mini2__functions.c.o[0m
[  9%] [32mBuilding C object CMakeFiles/hive_interface2__rosidl_generator_c.dir/rosidl_generator_c/hive_interface2/msg/detail/free_zone_array__type_support.c.o[0m
[ 14%] [32mBuilding C object CMakeFiles/hive_interface2__rosidl_generator_c.dir/rosidl_generator_c/hive_interface2/msg/detail/lanelet_mini2_array__description.c.o[0m
[ 15%] [32mBuilding C object CMakeFiles/hive_interface2__rosidl_generator_c.dir/rosidl_generator_c/hive_interface2/msg/detail/poi__type_support.c.o[0m
[ 17%] [32mBuilding C object CMakeFiles/hive_interface2__rosidl_generator_c.dir/rosidl_generator_c/hive_interface2/msg/detail/poi__functions.c.o[0m
[ 17%] [32mBuilding C object CMakeFiles/hive_interface2__rosidl_generator_c.dir/rosidl_generator_c/hive_interface2/msg/detail/poi_array__description.c.o[0m
[ 18%] [32mBuilding C object CMakeFiles/hive_interface2__rosidl_generator_c.dir/rosidl_generator_c/hive_interface2/msg/detail/poi__description.c.o[0m
[ 19%] [32mBuilding C object CMakeFiles/hive_interface2__rosidl_generator_c.dir/rosidl_generator_c/hive_interface2/msg/detail/poi_array__functions.c.o[0m
[ 20%] [32mBuilding C object CMakeFiles/hive_interface2__rosidl_generator_c.dir/rosidl_generator_c/hive_interface2/msg/detail/poi_array__type_support.c.o[0m
[ 23%] [32mBuilding C object CMakeFiles/hive_interface2__rosidl_generator_c.dir/rosidl_generator_c/hive_interface2/msg/detail/nav_brain_command__functions.c.o[0m
[ 23%] [32mBuilding C object CMakeFiles/hive_interface2__rosidl_generator_c.dir/rosidl_generator_c/hive_interface2/msg/detail/nav_brain_command__description.c.o[0m
[ 23%] [32mBuilding C object CMakeFiles/hive_interface2__rosidl_generator_c.dir/rosidl_generator_c/hive_interface2/srv/detail/compute_route__description.c.o[0m
[ 24%] [32mBuilding C object CMakeFiles/hive_interface2__rosidl_generator_c.dir/rosidl_generator_c/hive_interface2/srv/detail/compute_route__functions.c.o[0m
[ 25%] [32mBuilding C object CMakeFiles/hive_interface2__rosidl_generator_c.dir/rosidl_generator_c/hive_interface2/msg/detail/nav_brain_command__type_support.c.o[0m
[ 25%] [32mBuilding C object CMakeFiles/hive_interface2__rosidl_generator_c.dir/rosidl_generator_c/hive_interface2/srv/detail/compute_route__type_support.c.o[0m
[ 26%] [32m[1mLinking C shared library libhive_interface2__rosidl_generator_c.so[0m
[ 26%] Built target hive_interface2__rosidl_generator_c
[ 31%] [34m[1mGenerating C type support dispatch for ROS interfaces[0m
[ 31%] [34m[1mGenerating C type support for eProsima Fast-RTPS[0m
[ 31%] [34m[1mGenerating C++ type support for eProsima Fast-RTPS[0m
[ 31%] [34m[1mGenerating C++ type support dispatch for ROS interfaces[0m
[ 31%] [34m[1mGenerating C introspection for ROS interfaces[0m
[ 31%] [34m[1mGenerating C++ introspection for ROS interfaces[0m
[ 34%] [32mBuilding CXX object CMakeFiles/hive_interface2__rosidl_typesupport_c.dir/rosidl_typesupport_c/hive_interface2/msg/free_zone__type_support.cpp.o[0m
[ 34%] [32mBuilding CXX object CMakeFiles/hive_interface2__rosidl_typesupport_c.dir/rosidl_typesupport_c/hive_interface2/msg/lanelet_mini2_array__type_support.cpp.o[0m
[ 34%] [32mBuilding CXX object CMakeFiles/hive_interface2__rosidl_typesupport_c.dir/rosidl_typesupport_c/hive_interface2/msg/free_zone_array__type_support.cpp.o[0m
[ 35%] [32mBuilding CXX object CMakeFiles/hive_interface2__rosidl_typesupport_c.dir/rosidl_typesupport_c/hive_interface2/msg/nav_brain_command__type_support.cpp.o[0m
[ 36%] [32mBuilding CXX object CMakeFiles/hive_interface2__rosidl_typesupport_c.dir/rosidl_typesupport_c/hive_interface2/msg/lanelet_mini2__type_support.cpp.o[0m
[ 37%] [32mBuilding CXX object CMakeFiles/hive_interface2__rosidl_typesupport_c.dir/rosidl_typesupport_c/hive_interface2/msg/poi__type_support.cpp.o[0m
[ 38%] [32mBuilding CXX object CMakeFiles/hive_interface2__rosidl_typesupport_c.dir/rosidl_typesupport_c/hive_interface2/srv/compute_route__type_support.cpp.o[0m
[ 39%] [32mBuilding CXX object CMakeFiles/hive_interface2__rosidl_typesupport_c.dir/rosidl_typesupport_c/hive_interface2/msg/poi_array__type_support.cpp.o[0m
[ 40%] [32mBuilding CXX object CMakeFiles/hive_interface2__rosidl_typesupport_cpp.dir/rosidl_typesupport_cpp/hive_interface2/msg/lanelet_mini2__type_support.cpp.o[0m
[ 41%] [32mBuilding CXX object CMakeFiles/hive_interface2__rosidl_typesupport_cpp.dir/rosidl_typesupport_cpp/hive_interface2/msg/free_zone__type_support.cpp.o[0m
[ 42%] [32mBuilding CXX object CMakeFiles/hive_interface2__rosidl_typesupport_cpp.dir/rosidl_typesupport_cpp/hive_interface2/msg/lanelet_mini2_array__type_support.cpp.o[0m
[ 43%] [32mBuilding CXX object CMakeFiles/hive_interface2__rosidl_typesupport_cpp.dir/rosidl_typesupport_cpp/hive_interface2/msg/free_zone_array__type_support.cpp.o[0m
[ 43%] [32mBuilding CXX object CMakeFiles/hive_interface2__rosidl_typesupport_cpp.dir/rosidl_typesupport_cpp/hive_interface2/msg/poi__type_support.cpp.o[0m
[ 44%] [32mBuilding CXX object CMakeFiles/hive_interface2__rosidl_typesupport_cpp.dir/rosidl_typesupport_cpp/hive_interface2/msg/poi_array__type_support.cpp.o[0m
[ 45%] [32m[1mLinking CXX shared library libhive_interface2__rosidl_typesupport_c.so[0m
[ 46%] [32mBuilding CXX object CMakeFiles/hive_interface2__rosidl_typesupport_cpp.dir/rosidl_typesupport_cpp/hive_interface2/msg/nav_brain_command__type_support.cpp.o[0m
[ 47%] [32mBuilding CXX object CMakeFiles/hive_interface2__rosidl_typesupport_cpp.dir/rosidl_typesupport_cpp/hive_interface2/srv/compute_route__type_support.cpp.o[0m
[ 47%] Built target hive_interface2__rosidl_typesupport_c
[ 48%] [32mBuilding CXX object CMakeFiles/hive_interface2__rosidl_typesupport_introspection_cpp.dir/rosidl_typesupport_introspection_cpp/hive_interface2/msg/detail/lanelet_mini2__type_support.cpp.o[0m
[ 50%] [32mBuilding CXX object CMakeFiles/hive_interface2__rosidl_typesupport_introspection_cpp.dir/rosidl_typesupport_introspection_cpp/hive_interface2/msg/detail/lanelet_mini2_array__type_support.cpp.o[0m
[ 50%] [32mBuilding CXX object CMakeFiles/hive_interface2__rosidl_typesupport_introspection_cpp.dir/rosidl_typesupport_introspection_cpp/hive_interface2/msg/detail/free_zone_array__type_support.cpp.o[0m
[ 51%] [32mBuilding C object CMakeFiles/hive_interface2__rosidl_typesupport_introspection_c.dir/rosidl_typesupport_introspection_c/hive_interface2/msg/detail/lanelet_mini2__type_support.c.o[0m
[ 52%] [32mBuilding CXX object CMakeFiles/hive_interface2__rosidl_typesupport_introspection_cpp.dir/rosidl_typesupport_introspection_cpp/hive_interface2/msg/detail/free_zone__type_support.cpp.o[0m
[ 53%] [32mBuilding CXX object CMakeFiles/hive_interface2__rosidl_typesupport_introspection_cpp.dir/rosidl_typesupport_introspection_cpp/hive_interface2/msg/detail/poi__type_support.cpp.o[0m
[ 54%] [32mBuilding C object CMakeFiles/hive_interface2__rosidl_typesupport_introspection_c.dir/rosidl_typesupport_introspection_c/hive_interface2/msg/detail/lanelet_mini2_array__type_support.c.o[0m
[ 55%] [32mBuilding C object CMakeFiles/hive_interface2__rosidl_typesupport_introspection_c.dir/rosidl_typesupport_introspection_c/hive_interface2/msg/detail/free_zone__type_support.c.o[0m
[ 56%] [32mBuilding C object CMakeFiles/hive_interface2__rosidl_typesupport_introspection_c.dir/rosidl_typesupport_introspection_c/hive_interface2/msg/detail/free_zone_array__type_support.c.o[0m
[ 57%] [32mBuilding C object CMakeFiles/hive_interface2__rosidl_typesupport_introspection_c.dir/rosidl_typesupport_introspection_c/hive_interface2/msg/detail/poi__type_support.c.o[0m
[ 58%] [32mBuilding CXX object CMakeFiles/hive_interface2__rosidl_typesupport_introspection_cpp.dir/rosidl_typesupport_introspection_cpp/hive_interface2/msg/detail/poi_array__type_support.cpp.o[0m
[ 59%] [32mBuilding CXX object CMakeFiles/hive_interface2__rosidl_typesupport_introspection_cpp.dir/rosidl_typesupport_introspection_cpp/hive_interface2/msg/detail/nav_brain_command__type_support.cpp.o[0m
[ 60%] [32mBuilding C object CMakeFiles/hive_interface2__rosidl_typesupport_introspection_c.dir/rosidl_typesupport_introspection_c/hive_interface2/msg/detail/poi_array__type_support.c.o[0m
[ 61%] [32mBuilding C object CMakeFiles/hive_interface2__rosidl_typesupport_introspection_c.dir/rosidl_typesupport_introspection_c/hive_interface2/msg/detail/nav_brain_command__type_support.c.o[0m
[ 62%] [32mBuilding CXX object CMakeFiles/hive_interface2__rosidl_typesupport_introspection_cpp.dir/rosidl_typesupport_introspection_cpp/hive_interface2/srv/detail/compute_route__type_support.cpp.o[0m
[ 63%] [32mBuilding C object CMakeFiles/hive_interface2__rosidl_typesupport_introspection_c.dir/rosidl_typesupport_introspection_c/hive_interface2/srv/detail/compute_route__type_support.c.o[0m
[ 64%] [32mBuilding CXX object CMakeFiles/hive_interface2__rosidl_typesupport_fastrtps_c.dir/rosidl_typesupport_fastrtps_c/hive_interface2/msg/detail/lanelet_mini2__type_support_c.cpp.o[0m
[ 65%] [32mBuilding CXX object CMakeFiles/hive_interface2__rosidl_typesupport_fastrtps_cpp.dir/rosidl_typesupport_fastrtps_cpp/hive_interface2/msg/detail/dds_fastrtps/lanelet_mini2__type_support.cpp.o[0m
[ 66%] [32mBuilding CXX object CMakeFiles/hive_interface2__rosidl_typesupport_fastrtps_cpp.dir/rosidl_typesupport_fastrtps_cpp/hive_interface2/msg/detail/dds_fastrtps/lanelet_mini2_array__type_support.cpp.o[0m
[ 67%] [32mBuilding CXX object CMakeFiles/hive_interface2__rosidl_typesupport_fastrtps_c.dir/rosidl_typesupport_fastrtps_c/hive_interface2/msg/detail/lanelet_mini2_array__type_support_c.cpp.o[0m
[ 68%] [32mBuilding CXX object CMakeFiles/hive_interface2__rosidl_typesupport_fastrtps_cpp.dir/rosidl_typesupport_fastrtps_cpp/hive_interface2/msg/detail/dds_fastrtps/free_zone_array__type_support.cpp.o[0m
[ 69%] [32mBuilding CXX object CMakeFiles/hive_interface2__rosidl_typesupport_fastrtps_cpp.dir/rosidl_typesupport_fastrtps_cpp/hive_interface2/msg/detail/dds_fastrtps/free_zone__type_support.cpp.o[0m
[ 70%] [32mBuilding CXX object CMakeFiles/hive_interface2__rosidl_typesupport_fastrtps_c.dir/rosidl_typesupport_fastrtps_c/hive_interface2/msg/detail/free_zone__type_support_c.cpp.o[0m
[ 71%] [32mBuilding CXX object CMakeFiles/hive_interface2__rosidl_typesupport_fastrtps_cpp.dir/rosidl_typesupport_fastrtps_cpp/hive_interface2/msg/detail/dds_fastrtps/poi__type_support.cpp.o[0m
[ 72%] [32mBuilding CXX object CMakeFiles/hive_interface2__rosidl_typesupport_fastrtps_cpp.dir/rosidl_typesupport_fastrtps_cpp/hive_interface2/msg/detail/dds_fastrtps/poi_array__type_support.cpp.o[0m
[ 73%] [32m[1mLinking CXX shared library libhive_interface2__rosidl_typesupport_cpp.so[0m
[ 74%] [32m[1mLinking C shared library libhive_interface2__rosidl_typesupport_introspection_c.so[0m
[ 75%] [32mBuilding CXX object CMakeFiles/hive_interface2__rosidl_typesupport_fastrtps_cpp.dir/rosidl_typesupport_fastrtps_cpp/hive_interface2/msg/detail/dds_fastrtps/nav_brain_command__type_support.cpp.o[0m
[ 76%] [32mBuilding CXX object CMakeFiles/hive_interface2__rosidl_typesupport_fastrtps_cpp.dir/rosidl_typesupport_fastrtps_cpp/hive_interface2/srv/detail/dds_fastrtps/compute_route__type_support.cpp.o[0m
[ 76%] Built target hive_interface2__rosidl_typesupport_introspection_c
[ 77%] [32mBuilding CXX object CMakeFiles/hive_interface2__rosidl_typesupport_fastrtps_c.dir/rosidl_typesupport_fastrtps_c/hive_interface2/msg/detail/free_zone_array__type_support_c.cpp.o[0m
[ 77%] Built target hive_interface2__rosidl_typesupport_cpp
[ 78%] [32mBuilding CXX object CMakeFiles/hive_interface2__rosidl_typesupport_fastrtps_c.dir/rosidl_typesupport_fastrtps_c/hive_interface2/msg/detail/poi__type_support_c.cpp.o[0m
[ 79%] [32mBuilding CXX object CMakeFiles/hive_interface2__rosidl_typesupport_fastrtps_c.dir/rosidl_typesupport_fastrtps_c/hive_interface2/msg/detail/poi_array__type_support_c.cpp.o[0m
[ 80%] [32mBuilding CXX object CMakeFiles/hive_interface2__rosidl_typesupport_fastrtps_c.dir/rosidl_typesupport_fastrtps_c/hive_interface2/msg/detail/nav_brain_command__type_support_c.cpp.o[0m
[ 81%] [32mBuilding CXX object CMakeFiles/hive_interface2__rosidl_typesupport_fastrtps_c.dir/rosidl_typesupport_fastrtps_c/hive_interface2/srv/detail/compute_route__type_support_c.cpp.o[0m
[ 82%] [32m[1mLinking CXX shared library libhive_interface2__rosidl_typesupport_introspection_cpp.so[0m
[ 82%] Built target hive_interface2__rosidl_typesupport_introspection_cpp
[ 84%] [32m[1mLinking CXX shared library libhive_interface2__rosidl_typesupport_fastrtps_c.so[0m
[ 84%] [32m[1mLinking CXX shared library libhive_interface2__rosidl_typesupport_fastrtps_cpp.so[0m
[ 84%] Built target hive_interface2__rosidl_typesupport_fastrtps_cpp
[ 84%] Built target hive_interface2__rosidl_typesupport_fastrtps_c
[ 84%] Built target hive_interface2
[ 85%] [34m[1mGenerating Python code for ROS interfaces[0m
[ 85%] Built target hive_interface2__py
[ 93%] [32mBuilding C object CMakeFiles/hive_interface2__rosidl_generator_py.dir/rosidl_generator_py/hive_interface2/msg/_poi_s.c.o[0m
[ 93%] [32mBuilding C object CMakeFiles/hive_interface2__rosidl_generator_py.dir/rosidl_generator_py/hive_interface2/msg/_lanelet_mini2_s.c.o[0m
[ 93%] [32mBuilding C object CMakeFiles/hive_interface2__rosidl_generator_py.dir/rosidl_generator_py/hive_interface2/msg/_poi_array_s.c.o[0m
[ 93%] [32mBuilding C object CMakeFiles/hive_interface2__rosidl_generator_py.dir/rosidl_generator_py/hive_interface2/srv/_compute_route_s.c.o[0m
[ 93%] [32mBuilding C object CMakeFiles/hive_interface2__rosidl_generator_py.dir/rosidl_generator_py/hive_interface2/msg/_nav_brain_command_s.c.o[0m
[ 93%] [32mBuilding C object CMakeFiles/hive_interface2__rosidl_generator_py.dir/rosidl_generator_py/hive_interface2/msg/_free_zone_array_s.c.o[0m
[ 93%] [32mBuilding C object CMakeFiles/hive_interface2__rosidl_generator_py.dir/rosidl_generator_py/hive_interface2/msg/_lanelet_mini2_array_s.c.o[0m
[ 93%] [32mBuilding C object CMakeFiles/hive_interface2__rosidl_generator_py.dir/rosidl_generator_py/hive_interface2/msg/_free_zone_s.c.o[0m
[ 94%] [32m[1mLinking C shared library libhive_interface2__rosidl_generator_py.so[0m
[ 94%] Built target hive_interface2__rosidl_generator_py
[ 97%] [32mBuilding C object CMakeFiles/hive_interface2_s__rosidl_typesupport_introspection_c.dir/rosidl_generator_py/hive_interface2/_hive_interface2_s.ep.rosidl_typesupport_introspection_c.c.o[0m
[ 97%] [32mBuilding C object CMakeFiles/hive_interface2_s__rosidl_typesupport_c.dir/rosidl_generator_py/hive_interface2/_hive_interface2_s.ep.rosidl_typesupport_c.c.o[0m
[ 97%] [32mBuilding C object CMakeFiles/hive_interface2_s__rosidl_typesupport_fastrtps_c.dir/rosidl_generator_py/hive_interface2/_hive_interface2_s.ep.rosidl_typesupport_fastrtps_c.c.o[0m
[ 99%] [32m[1mLinking C shared module rosidl_generator_py/hive_interface2/hive_interface2_s__rosidl_typesupport_c.so[0m
[ 99%] [32m[1mLinking C shared module rosidl_generator_py/hive_interface2/hive_interface2_s__rosidl_typesupport_introspection_c.so[0m
[100%] [32m[1mLinking C shared module rosidl_generator_py/hive_interface2/hive_interface2_s__rosidl_typesupport_fastrtps_c.so[0m
[100%] Built target hive_interface2_s__rosidl_typesupport_c
[100%] Built target hive_interface2_s__rosidl_typesupport_introspection_c
[100%] Built target hive_interface2_s__rosidl_typesupport_fastrtps_c
-- Install configuration: ""
-- Installing: /home/thomas24/hive_ws2/install/hive_interface2/share/ament_index/resource_index/rosidl_interfaces/hive_interface2
-- Installing: /home/thomas24/hive_ws2/install/hive_interface2/share/hive_interface2/msg/LaneletMini2.json
-- Installing: /home/thomas24/hive_ws2/install/hive_interface2/share/hive_interface2/msg/LaneletMini2Array.json
-- Installing: /home/thomas24/hive_ws2/install/hive_interface2/share/hive_interface2/msg/FreeZone.json
-- Installing: /home/thomas24/hive_ws2/install/hive_interface2/share/hive_interface2/msg/FreeZoneArray.json
-- Installing: /home/thomas24/hive_ws2/install/hive_interface2/share/hive_interface2/msg/Poi.json
-- Installing: /home/thomas24/hive_ws2/install/hive_interface2/share/hive_interface2/msg/PoiArray.json
-- Installing: /home/thomas24/hive_ws2/install/hive_interface2/share/hive_interface2/msg/NavBrainCommand.json
-- Installing: /home/thomas24/hive_ws2/install/hive_interface2/share/hive_interface2/srv/ComputeRoute.json
-- Up-to-date: /home/thomas24/hive_ws2/install/hive_interface2/include/hive_interface2/hive_interface2
-- Up-to-date: /home/thomas24/hive_ws2/install/hive_interface2/include/hive_interface2/hive_interface2/srv
-- Up-to-date: /home/thomas24/hive_ws2/install/hive_interface2/include/hive_interface2/hive_interface2/srv/detail
-- Installing: /home/thomas24/hive_ws2/install/hive_interface2/include/hive_interface2/hive_interface2/srv/detail/compute_route__type_support.h
-- Installing: /home/thomas24/hive_ws2/install/hive_interface2/include/hive_interface2/hive_interface2/srv/detail/compute_route__type_support.c
-- Installing: /home/thomas24/hive_ws2/install/hive_interface2/include/hive_interface2/hive_interface2/srv/detail/compute_route__description.c
-- Installing: /home/thomas24/hive_ws2/install/hive_interface2/include/hive_interface2/hive_interface2/srv/detail/compute_route__functions.c
-- Installing: /home/thomas24/hive_ws2/install/hive_interface2/include/hive_interface2/hive_interface2/srv/detail/compute_route__struct.h
-- Installing: /home/thomas24/hive_ws2/install/hive_interface2/include/hive_interface2/hive_interface2/srv/detail/compute_route__functions.h
-- Installing: /home/thomas24/hive_ws2/install/hive_interface2/include/hive_interface2/hive_interface2/srv/compute_route.h
-- Up-to-date: /home/thomas24/hive_ws2/install/hive_interface2/include/hive_interface2/hive_interface2/msg
-- Installing: /home/thomas24/hive_ws2/install/hive_interface2/include/hive_interface2/hive_interface2/msg/poi.h
-- Installing: /home/thomas24/hive_ws2/install/hive_interface2/include/hive_interface2/hive_interface2/msg/lanelet_mini2_array.h
-- Installing: /home/thomas24/hive_ws2/install/hive_interface2/include/hive_interface2/hive_interface2/msg/lanelet_mini2.h
-- Up-to-date: /home/thomas24/hive_ws2/install/hive_interface2/include/hive_interface2/hive_interface2/msg/rosidl_generator_c__visibility_control.h
-- Up-to-date: /home/thomas24/hive_ws2/install/hive_interface2/include/hive_interface2/hive_interface2/msg/detail
-- Installing: /home/thomas24/hive_ws2/install/hive_interface2/include/hive_interface2/hive_interface2/msg/detail/free_zone__functions.h
-- Installing: /home/thomas24/hive_ws2/install/hive_interface2/include/hive_interface2/hive_interface2/msg/detail/nav_brain_command__functions.c
-- Installing: /home/thomas24/hive_ws2/install/hive_interface2/include/hive_interface2/hive_interface2/msg/detail/nav_brain_command__type_support.c
-- Installing: /home/thomas24/hive_ws2/install/hive_interface2/include/hive_interface2/hive_interface2/msg/detail/poi__type_support.c
-- Installing: /home/thomas24/hive_ws2/install/hive_interface2/include/hive_interface2/hive_interface2/msg/detail/free_zone__description.c
-- Installing: /home/thomas24/hive_ws2/install/hive_interface2/include/hive_interface2/hive_interface2/msg/detail/free_zone__struct.h
-- Installing: /home/thomas24/hive_ws2/install/hive_interface2/include/hive_interface2/hive_interface2/msg/detail/lanelet_mini2_array__description.c
-- Installing: /home/thomas24/hive_ws2/install/hive_interface2/include/hive_interface2/hive_interface2/msg/detail/free_zone_array__type_support.c
-- Installing: /home/thomas24/hive_ws2/install/hive_interface2/include/hive_interface2/hive_interface2/msg/detail/poi_array__type_support.c
-- Installing: /home/thomas24/hive_ws2/install/hive_interface2/include/hive_interface2/hive_interface2/msg/detail/free_zone_array__struct.h
-- Installing: /home/thomas24/hive_ws2/install/hive_interface2/include/hive_interface2/hive_interface2/msg/detail/poi__struct.h
-- Installing: /home/thomas24/hive_ws2/install/hive_interface2/include/hive_interface2/hive_interface2/msg/detail/free_zone__type_support.h
-- Installing: /home/thomas24/hive_ws2/install/hive_interface2/include/hive_interface2/hive_interface2/msg/detail/poi__functions.h
-- Installing: /home/thomas24/hive_ws2/install/hive_interface2/include/hive_interface2/hive_interface2/msg/detail/poi__functions.c
-- Installing: /home/thomas24/hive_ws2/install/hive_interface2/include/hive_interface2/hive_interface2/msg/detail/free_zone_array__type_support.h
-- Installing: /home/thomas24/hive_ws2/install/hive_interface2/include/hive_interface2/hive_interface2/msg/detail/lanelet_mini2_array__functions.c
-- Installing: /home/thomas24/hive_ws2/install/hive_interface2/include/hive_interface2/hive_interface2/msg/detail/lanelet_mini2__functions.h
-- Installing: /home/thomas24/hive_ws2/install/hive_interface2/include/hive_interface2/hive_interface2/msg/detail/poi_array__functions.h
-- Installing: /home/thomas24/hive_ws2/install/hive_interface2/include/hive_interface2/hive_interface2/msg/detail/poi_array__struct.h
-- Installing: /home/thomas24/hive_ws2/install/hive_interface2/include/hive_interface2/hive_interface2/msg/detail/poi__description.c
-- Installing: /home/thomas24/hive_ws2/install/hive_interface2/include/hive_interface2/hive_interface2/msg/detail/lanelet_mini2__struct.h
-- Installing: /home/thomas24/hive_ws2/install/hive_interface2/include/hive_interface2/hive_interface2/msg/detail/lanelet_mini2_array__type_support.c
-- Installing: /home/thomas24/hive_ws2/install/hive_interface2/include/hive_interface2/hive_interface2/msg/detail/lanelet_mini2__description.c
-- Installing: /home/thomas24/hive_ws2/install/hive_interface2/include/hive_interface2/hive_interface2/msg/detail/nav_brain_command__type_support.h
-- Installing: /home/thomas24/hive_ws2/install/hive_interface2/include/hive_interface2/hive_interface2/msg/detail/nav_brain_command__functions.h
-- Installing: /home/thomas24/hive_ws2/install/hive_interface2/include/hive_interface2/hive_interface2/msg/detail/free_zone_array__functions.h
-- Installing: /home/thomas24/hive_ws2/install/hive_interface2/include/hive_interface2/hive_interface2/msg/detail/poi__type_support.h
-- Installing: /home/thomas24/hive_ws2/install/hive_interface2/include/hive_interface2/hive_interface2/msg/detail/lanelet_mini2_array__functions.h
-- Installing: /home/thomas24/hive_ws2/install/hive_interface2/include/hive_interface2/hive_interface2/msg/detail/free_zone__type_support.c
-- Installing: /home/thomas24/hive_ws2/install/hive_interface2/include/hive_interface2/hive_interface2/msg/detail/free_zone_array__functions.c
-- Installing: /home/thomas24/hive_ws2/install/hive_interface2/include/hive_interface2/hive_interface2/msg/detail/free_zone_array__description.c
-- Installing: /home/thomas24/hive_ws2/install/hive_interface2/include/hive_interface2/hive_interface2/msg/detail/lanelet_mini2__type_support.c
-- Installing: /home/thomas24/hive_ws2/install/hive_interface2/include/hive_interface2/hive_interface2/msg/detail/lanelet_mini2__type_support.h
-- Installing: /home/thomas24/hive_ws2/install/hive_interface2/include/hive_interface2/hive_interface2/msg/detail/poi_array__functions.c
-- Installing: /home/thomas24/hive_ws2/install/hive_interface2/include/hive_interface2/hive_interface2/msg/detail/poi_array__type_support.h
-- Installing: /home/thomas24/hive_ws2/install/hive_interface2/include/hive_interface2/hive_interface2/msg/detail/lanelet_mini2__functions.c
-- Installing: /home/thomas24/hive_ws2/install/hive_interface2/include/hive_interface2/hive_interface2/msg/detail/lanelet_mini2_array__type_support.h
-- Installing: /home/thomas24/hive_ws2/install/hive_interface2/include/hive_interface2/hive_interface2/msg/detail/lanelet_mini2_array__struct.h
-- Installing: /home/thomas24/hive_ws2/install/hive_interface2/include/hive_interface2/hive_interface2/msg/detail/free_zone__functions.c
-- Installing: /home/thomas24/hive_ws2/install/hive_interface2/include/hive_interface2/hive_interface2/msg/detail/nav_brain_command__struct.h
-- Installing: /home/thomas24/hive_ws2/install/hive_interface2/include/hive_interface2/hive_interface2/msg/detail/nav_brain_command__description.c
-- Installing: /home/thomas24/hive_ws2/install/hive_interface2/include/hive_interface2/hive_interface2/msg/detail/poi_array__description.c
-- Installing: /home/thomas24/hive_ws2/install/hive_interface2/include/hive_interface2/hive_interface2/msg/free_zone.h
-- Installing: /home/thomas24/hive_ws2/install/hive_interface2/include/hive_interface2/hive_interface2/msg/poi_array.h
-- Installing: /home/thomas24/hive_ws2/install/hive_interface2/include/hive_interface2/hive_interface2/msg/free_zone_array.h
-- Installing: /home/thomas24/hive_ws2/install/hive_interface2/include/hive_interface2/hive_interface2/msg/nav_brain_command.h
-- Up-to-date: /home/thomas24/hive_ws2/install/hive_interface2/share/hive_interface2/environment/library_path.sh
-- Up-to-date: /home/thomas24/hive_ws2/install/hive_interface2/share/hive_interface2/environment/library_path.dsv
-- Installing: /home/thomas24/hive_ws2/install/hive_interface2/lib/libhive_interface2__rosidl_generator_c.so
-- Set non-toolchain portion of runtime path of "/home/thomas24/hive_ws2/install/hive_interface2/lib/libhive_interface2__rosidl_generator_c.so" to ""
-- Up-to-date: /home/thomas24/hive_ws2/install/hive_interface2/include/hive_interface2/hive_interface2
-- Up-to-date: /home/thomas24/hive_ws2/install/hive_interface2/include/hive_interface2/hive_interface2/srv
-- Up-to-date: /home/thomas24/hive_ws2/install/hive_interface2/include/hive_interface2/hive_interface2/srv/detail
-- Installing: /home/thomas24/hive_ws2/install/hive_interface2/include/hive_interface2/hive_interface2/srv/detail/compute_route__rosidl_typesupport_fastrtps_c.h
-- Up-to-date: /home/thomas24/hive_ws2/install/hive_interface2/include/hive_interface2/hive_interface2/msg
-- Up-to-date: /home/thomas24/hive_ws2/install/hive_interface2/include/hive_interface2/hive_interface2/msg/detail
-- Installing: /home/thomas24/hive_ws2/install/hive_interface2/include/hive_interface2/hive_interface2/msg/detail/poi_array__rosidl_typesupport_fastrtps_c.h
-- Installing: /home/thomas24/hive_ws2/install/hive_interface2/include/hive_interface2/hive_interface2/msg/detail/nav_brain_command__rosidl_typesupport_fastrtps_c.h
-- Installing: /home/thomas24/hive_ws2/install/hive_interface2/include/hive_interface2/hive_interface2/msg/detail/poi__rosidl_typesupport_fastrtps_c.h
-- Installing: /home/thomas24/hive_ws2/install/hive_interface2/include/hive_interface2/hive_interface2/msg/detail/free_zone__rosidl_typesupport_fastrtps_c.h
-- Installing: /home/thomas24/hive_ws2/install/hive_interface2/include/hive_interface2/hive_interface2/msg/detail/lanelet_mini2_array__rosidl_typesupport_fastrtps_c.h
-- Installing: /home/thomas24/hive_ws2/install/hive_interface2/include/hive_interface2/hive_interface2/msg/detail/lanelet_mini2__rosidl_typesupport_fastrtps_c.h
-- Installing: /home/thomas24/hive_ws2/install/hive_interface2/include/hive_interface2/hive_interface2/msg/detail/free_zone_array__rosidl_typesupport_fastrtps_c.h
-- Up-to-date: /home/thomas24/hive_ws2/install/hive_interface2/include/hive_interface2/hive_interface2/msg/rosidl_typesupport_fastrtps_c__visibility_control.h
-- Installing: /home/thomas24/hive_ws2/install/hive_interface2/lib/libhive_interface2__rosidl_typesupport_fastrtps_c.so
-- Set non-toolchain portion of runtime path of "/home/thomas24/hive_ws2/install/hive_interface2/lib/libhive_interface2__rosidl_typesupport_fastrtps_c.so" to ""
-- Up-to-date: /home/thomas24/hive_ws2/install/hive_interface2/include/hive_interface2/hive_interface2
-- Up-to-date: /home/thomas24/hive_ws2/install/hive_interface2/include/hive_interface2/hive_interface2/srv
-- Up-to-date: /home/thomas24/hive_ws2/install/hive_interface2/include/hive_interface2/hive_interface2/srv/detail
-- Installing: /home/thomas24/hive_ws2/install/hive_interface2/include/hive_interface2/hive_interface2/srv/detail/compute_route__rosidl_typesupport_introspection_c.h
-- Installing: /home/thomas24/hive_ws2/install/hive_interface2/include/hive_interface2/hive_interface2/srv/detail/compute_route__type_support.c
-- Up-to-date: /home/thomas24/hive_ws2/install/hive_interface2/include/hive_interface2/hive_interface2/msg
-- Up-to-date: /home/thomas24/hive_ws2/install/hive_interface2/include/hive_interface2/hive_interface2/msg/rosidl_typesupport_introspection_c__visibility_control.h
-- Up-to-date: /home/thomas24/hive_ws2/install/hive_interface2/include/hive_interface2/hive_interface2/msg/detail
-- Installing: /home/thomas24/hive_ws2/install/hive_interface2/include/hive_interface2/hive_interface2/msg/detail/nav_brain_command__type_support.c
-- Installing: /home/thomas24/hive_ws2/install/hive_interface2/include/hive_interface2/hive_interface2/msg/detail/poi__type_support.c
-- Installing: /home/thomas24/hive_ws2/install/hive_interface2/include/hive_interface2/hive_interface2/msg/detail/free_zone_array__type_support.c
-- Installing: /home/thomas24/hive_ws2/install/hive_interface2/include/hive_interface2/hive_interface2/msg/detail/poi_array__type_support.c
-- Installing: /home/thomas24/hive_ws2/install/hive_interface2/include/hive_interface2/hive_interface2/msg/detail/free_zone_array__rosidl_typesupport_introspection_c.h
-- Installing: /home/thomas24/hive_ws2/install/hive_interface2/include/hive_interface2/hive_interface2/msg/detail/lanelet_mini2_array__type_support.c
-- Installing: /home/thomas24/hive_ws2/install/hive_interface2/include/hive_interface2/hive_interface2/msg/detail/lanelet_mini2_array__rosidl_typesupport_introspection_c.h
-- Installing: /home/thomas24/hive_ws2/install/hive_interface2/include/hive_interface2/hive_interface2/msg/detail/poi__rosidl_typesupport_introspection_c.h
-- Installing: /home/thomas24/hive_ws2/install/hive_interface2/include/hive_interface2/hive_interface2/msg/detail/nav_brain_command__rosidl_typesupport_introspection_c.h
-- Installing: /home/thomas24/hive_ws2/install/hive_interface2/include/hive_interface2/hive_interface2/msg/detail/free_zone__type_support.c
-- Installing: /home/thomas24/hive_ws2/install/hive_interface2/include/hive_interface2/hive_interface2/msg/detail/free_zone__rosidl_typesupport_introspection_c.h
-- Installing: /home/thomas24/hive_ws2/install/hive_interface2/include/hive_interface2/hive_interface2/msg/detail/lanelet_mini2__type_support.c
-- Installing: /home/thomas24/hive_ws2/install/hive_interface2/include/hive_interface2/hive_interface2/msg/detail/poi_array__rosidl_typesupport_introspection_c.h
-- Installing: /home/thomas24/hive_ws2/install/hive_interface2/include/hive_interface2/hive_interface2/msg/detail/lanelet_mini2__rosidl_typesupport_introspection_c.h
-- Installing: /home/thomas24/hive_ws2/install/hive_interface2/lib/libhive_interface2__rosidl_typesupport_introspection_c.so
-- Set non-toolchain portion of runtime path of "/home/thomas24/hive_ws2/install/hive_interface2/lib/libhive_interface2__rosidl_typesupport_introspection_c.so" to ""
-- Installing: /home/thomas24/hive_ws2/install/hive_interface2/lib/libhive_interface2__rosidl_typesupport_c.so
-- Set non-toolchain portion of runtime path of "/home/thomas24/hive_ws2/install/hive_interface2/lib/libhive_interface2__rosidl_typesupport_c.so" to ""
-- Up-to-date: /home/thomas24/hive_ws2/install/hive_interface2/include/hive_interface2/hive_interface2
-- Up-to-date: /home/thomas24/hive_ws2/install/hive_interface2/include/hive_interface2/hive_interface2/srv
-- Installing: /home/thomas24/hive_ws2/install/hive_interface2/include/hive_interface2/hive_interface2/srv/compute_route.hpp
-- Up-to-date: /home/thomas24/hive_ws2/install/hive_interface2/include/hive_interface2/hive_interface2/srv/detail
-- Installing: /home/thomas24/hive_ws2/install/hive_interface2/include/hive_interface2/hive_interface2/srv/detail/compute_route__type_support.hpp
-- Installing: /home/thomas24/hive_ws2/install/hive_interface2/include/hive_interface2/hive_interface2/srv/detail/compute_route__struct.hpp
-- Installing: /home/thomas24/hive_ws2/install/hive_interface2/include/hive_interface2/hive_interface2/srv/detail/compute_route__traits.hpp
-- Installing: /home/thomas24/hive_ws2/install/hive_interface2/include/hive_interface2/hive_interface2/srv/detail/compute_route__builder.hpp
-- Up-to-date: /home/thomas24/hive_ws2/install/hive_interface2/include/hive_interface2/hive_interface2/msg
-- Installing: /home/thomas24/hive_ws2/install/hive_interface2/include/hive_interface2/hive_interface2/msg/lanelet_mini2_array.hpp
-- Installing: /home/thomas24/hive_ws2/install/hive_interface2/include/hive_interface2/hive_interface2/msg/free_zone_array.hpp
-- Installing: /home/thomas24/hive_ws2/install/hive_interface2/include/hive_interface2/hive_interface2/msg/poi_array.hpp
-- Installing: /home/thomas24/hive_ws2/install/hive_interface2/include/hive_interface2/hive_interface2/msg/poi.hpp
-- Installing: /home/thomas24/hive_ws2/install/hive_interface2/include/hive_interface2/hive_interface2/msg/rosidl_generator_cpp__visibility_control.hpp
-- Installing: /home/thomas24/hive_ws2/install/hive_interface2/include/hive_interface2/hive_interface2/msg/nav_brain_command.hpp
-- Installing: /home/thomas24/hive_ws2/install/hive_interface2/include/hive_interface2/hive_interface2/msg/free_zone.hpp
-- Installing: /home/thomas24/hive_ws2/install/hive_interface2/include/hive_interface2/hive_interface2/msg/lanelet_mini2.hpp
-- Up-to-date: /home/thomas24/hive_ws2/install/hive_interface2/include/hive_interface2/hive_interface2/msg/detail
-- Installing: /home/thomas24/hive_ws2/install/hive_interface2/include/hive_interface2/hive_interface2/msg/detail/free_zone_array__builder.hpp
-- Installing: /home/thomas24/hive_ws2/install/hive_interface2/include/hive_interface2/hive_interface2/msg/detail/free_zone__struct.hpp
-- Installing: /home/thomas24/hive_ws2/install/hive_interface2/include/hive_interface2/hive_interface2/msg/detail/free_zone__traits.hpp
-- Installing: /home/thomas24/hive_ws2/install/hive_interface2/include/hive_interface2/hive_interface2/msg/detail/nav_brain_command__struct.hpp
-- Installing: /home/thomas24/hive_ws2/install/hive_interface2/include/hive_interface2/hive_interface2/msg/detail/lanelet_mini2__struct.hpp
-- Installing: /home/thomas24/hive_ws2/install/hive_interface2/include/hive_interface2/hive_interface2/msg/detail/poi__type_support.hpp
-- Installing: /home/thomas24/hive_ws2/install/hive_interface2/include/hive_interface2/hive_interface2/msg/detail/free_zone_array__type_support.hpp
-- Installing: /home/thomas24/hive_ws2/install/hive_interface2/include/hive_interface2/hive_interface2/msg/detail/lanelet_mini2_array__type_support.hpp
-- Installing: /home/thomas24/hive_ws2/install/hive_interface2/include/hive_interface2/hive_interface2/msg/detail/nav_brain_command__builder.hpp
-- Installing: /home/thomas24/hive_ws2/install/hive_interface2/include/hive_interface2/hive_interface2/msg/detail/lanelet_mini2__builder.hpp
-- Installing: /home/thomas24/hive_ws2/install/hive_interface2/include/hive_interface2/hive_interface2/msg/detail/lanelet_mini2__type_support.hpp
-- Installing: /home/thomas24/hive_ws2/install/hive_interface2/include/hive_interface2/hive_interface2/msg/detail/lanelet_mini2_array__traits.hpp
-- Installing: /home/thomas24/hive_ws2/install/hive_interface2/include/hive_interface2/hive_interface2/msg/detail/free_zone_array__struct.hpp
-- Installing: /home/thomas24/hive_ws2/install/hive_interface2/include/hive_interface2/hive_interface2/msg/detail/lanelet_mini2__traits.hpp
-- Installing: /home/thomas24/hive_ws2/install/hive_interface2/include/hive_interface2/hive_interface2/msg/detail/poi_array__type_support.hpp
-- Installing: /home/thomas24/hive_ws2/install/hive_interface2/include/hive_interface2/hive_interface2/msg/detail/free_zone_array__traits.hpp
-- Installing: /home/thomas24/hive_ws2/install/hive_interface2/include/hive_interface2/hive_interface2/msg/detail/poi_array__traits.hpp
-- Installing: /home/thomas24/hive_ws2/install/hive_interface2/include/hive_interface2/hive_interface2/msg/detail/lanelet_mini2_array__builder.hpp
-- Installing: /home/thomas24/hive_ws2/install/hive_interface2/include/hive_interface2/hive_interface2/msg/detail/nav_brain_command__traits.hpp
-- Installing: /home/thomas24/hive_ws2/install/hive_interface2/include/hive_interface2/hive_interface2/msg/detail/free_zone__builder.hpp
-- Installing: /home/thomas24/hive_ws2/install/hive_interface2/include/hive_interface2/hive_interface2/msg/detail/poi_array__struct.hpp
-- Installing: /home/thomas24/hive_ws2/install/hive_interface2/include/hive_interface2/hive_interface2/msg/detail/poi_array__builder.hpp
-- Installing: /home/thomas24/hive_ws2/install/hive_interface2/include/hive_interface2/hive_interface2/msg/detail/nav_brain_command__type_support.hpp
-- Installing: /home/thomas24/hive_ws2/install/hive_interface2/include/hive_interface2/hive_interface2/msg/detail/poi__struct.hpp
-- Installing: /home/thomas24/hive_ws2/install/hive_interface2/include/hive_interface2/hive_interface2/msg/detail/poi__builder.hpp
-- Installing: /home/thomas24/hive_ws2/install/hive_interface2/include/hive_interface2/hive_interface2/msg/detail/free_zone__type_support.hpp
-- Installing: /home/thomas24/hive_ws2/install/hive_interface2/include/hive_interface2/hive_interface2/msg/detail/poi__traits.hpp
-- Installing: /home/thomas24/hive_ws2/install/hive_interface2/include/hive_interface2/hive_interface2/msg/detail/lanelet_mini2_array__struct.hpp
-- Up-to-date: /home/thomas24/hive_ws2/install/hive_interface2/include/hive_interface2/hive_interface2
-- Up-to-date: /home/thomas24/hive_ws2/install/hive_interface2/include/hive_interface2/hive_interface2/srv
-- Up-to-date: /home/thomas24/hive_ws2/install/hive_interface2/include/hive_interface2/hive_interface2/srv/detail
-- Up-to-date: /home/thomas24/hive_ws2/install/hive_interface2/include/hive_interface2/hive_interface2/srv/detail/dds_fastrtps
-- Installing: /home/thomas24/hive_ws2/install/hive_interface2/include/hive_interface2/hive_interface2/srv/detail/compute_route__rosidl_typesupport_fastrtps_cpp.hpp
-- Up-to-date: /home/thomas24/hive_ws2/install/hive_interface2/include/hive_interface2/hive_interface2/msg
-- Up-to-date: /home/thomas24/hive_ws2/install/hive_interface2/include/hive_interface2/hive_interface2/msg/rosidl_typesupport_fastrtps_cpp__visibility_control.h
-- Up-to-date: /home/thomas24/hive_ws2/install/hive_interface2/include/hive_interface2/hive_interface2/msg/detail
-- Installing: /home/thomas24/hive_ws2/install/hive_interface2/include/hive_interface2/hive_interface2/msg/detail/free_zone__rosidl_typesupport_fastrtps_cpp.hpp
-- Installing: /home/thomas24/hive_ws2/install/hive_interface2/include/hive_interface2/hive_interface2/msg/detail/lanelet_mini2__rosidl_typesupport_fastrtps_cpp.hpp
-- Installing: /home/thomas24/hive_ws2/install/hive_interface2/include/hive_interface2/hive_interface2/msg/detail/nav_brain_command__rosidl_typesupport_fastrtps_cpp.hpp
-- Installing: /home/thomas24/hive_ws2/install/hive_interface2/include/hive_interface2/hive_interface2/msg/detail/free_zone_array__rosidl_typesupport_fastrtps_cpp.hpp
-- Installing: /home/thomas24/hive_ws2/install/hive_interface2/include/hive_interface2/hive_interface2/msg/detail/lanelet_mini2_array__rosidl_typesupport_fastrtps_cpp.hpp
-- Installing: /home/thomas24/hive_ws2/install/hive_interface2/include/hive_interface2/hive_interface2/msg/detail/poi__rosidl_typesupport_fastrtps_cpp.hpp
-- Up-to-date: /home/thomas24/hive_ws2/install/hive_interface2/include/hive_interface2/hive_interface2/msg/detail/dds_fastrtps
-- Installing: /home/thomas24/hive_ws2/install/hive_interface2/include/hive_interface2/hive_interface2/msg/detail/poi_array__rosidl_typesupport_fastrtps_cpp.hpp
-- Installing: /home/thomas24/hive_ws2/install/hive_interface2/lib/libhive_interface2__rosidl_typesupport_fastrtps_cpp.so
-- Set non-toolchain portion of runtime path of "/home/thomas24/hive_ws2/install/hive_interface2/lib/libhive_interface2__rosidl_typesupport_fastrtps_cpp.so" to ""
-- Up-to-date: /home/thomas24/hive_ws2/install/hive_interface2/include/hive_interface2/hive_interface2
-- Up-to-date: /home/thomas24/hive_ws2/install/hive_interface2/include/hive_interface2/hive_interface2/srv
-- Up-to-date: /home/thomas24/hive_ws2/install/hive_interface2/include/hive_interface2/hive_interface2/srv/detail
-- Installing: /home/thomas24/hive_ws2/install/hive_interface2/include/hive_interface2/hive_interface2/srv/detail/compute_route__rosidl_typesupport_introspection_cpp.hpp
-- Installing: /home/thomas24/hive_ws2/install/hive_interface2/include/hive_interface2/hive_interface2/srv/detail/compute_route__type_support.cpp
-- Up-to-date: /home/thomas24/hive_ws2/install/hive_interface2/include/hive_interface2/hive_interface2/msg
-- Up-to-date: /home/thomas24/hive_ws2/install/hive_interface2/include/hive_interface2/hive_interface2/msg/detail
-- Installing: /home/thomas24/hive_ws2/install/hive_interface2/include/hive_interface2/hive_interface2/msg/detail/free_zone__type_support.cpp
-- Installing: /home/thomas24/hive_ws2/install/hive_interface2/include/hive_interface2/hive_interface2/msg/detail/poi__type_support.cpp
-- Installing: /home/thomas24/hive_ws2/install/hive_interface2/include/hive_interface2/hive_interface2/msg/detail/nav_brain_command__type_support.cpp
-- Installing: /home/thomas24/hive_ws2/install/hive_interface2/include/hive_interface2/hive_interface2/msg/detail/poi__rosidl_typesupport_introspection_cpp.hpp
-- Installing: /home/thomas24/hive_ws2/install/hive_interface2/include/hive_interface2/hive_interface2/msg/detail/lanelet_mini2__type_support.cpp
-- Installing: /home/thomas24/hive_ws2/install/hive_interface2/include/hive_interface2/hive_interface2/msg/detail/free_zone_array__rosidl_typesupport_introspection_cpp.hpp
-- Installing: /home/thomas24/hive_ws2/install/hive_interface2/include/hive_interface2/hive_interface2/msg/detail/lanelet_mini2_array__type_support.cpp
-- Installing: /home/thomas24/hive_ws2/install/hive_interface2/include/hive_interface2/hive_interface2/msg/detail/free_zone_array__type_support.cpp
-- Installing: /home/thomas24/hive_ws2/install/hive_interface2/include/hive_interface2/hive_interface2/msg/detail/poi_array__rosidl_typesupport_introspection_cpp.hpp
-- Installing: /home/thomas24/hive_ws2/install/hive_interface2/include/hive_interface2/hive_interface2/msg/detail/lanelet_mini2_array__rosidl_typesupport_introspection_cpp.hpp
-- Installing: /home/thomas24/hive_ws2/install/hive_interface2/include/hive_interface2/hive_interface2/msg/detail/lanelet_mini2__rosidl_typesupport_introspection_cpp.hpp
-- Installing: /home/thomas24/hive_ws2/install/hive_interface2/include/hive_interface2/hive_interface2/msg/detail/poi_array__type_support.cpp
-- Installing: /home/thomas24/hive_ws2/install/hive_interface2/include/hive_interface2/hive_interface2/msg/detail/nav_brain_command__rosidl_typesupport_introspection_cpp.hpp
-- Installing: /home/thomas24/hive_ws2/install/hive_interface2/include/hive_interface2/hive_interface2/msg/detail/free_zone__rosidl_typesupport_introspection_cpp.hpp
-- Installing: /home/thomas24/hive_ws2/install/hive_interface2/lib/libhive_interface2__rosidl_typesupport_introspection_cpp.so
-- Set non-toolchain portion of runtime path of "/home/thomas24/hive_ws2/install/hive_interface2/lib/libhive_interface2__rosidl_typesupport_introspection_cpp.so" to ""
-- Installing: /home/thomas24/hive_ws2/install/hive_interface2/lib/libhive_interface2__rosidl_typesupport_cpp.so
-- Set non-toolchain portion of runtime path of "/home/thomas24/hive_ws2/install/hive_interface2/lib/libhive_interface2__rosidl_typesupport_cpp.so" to ""
-- Up-to-date: /home/thomas24/hive_ws2/install/hive_interface2/share/hive_interface2/environment/pythonpath.sh
-- Up-to-date: /home/thomas24/hive_ws2/install/hive_interface2/share/hive_interface2/environment/pythonpath.dsv
-- Up-to-date: /home/thomas24/hive_ws2/install/hive_interface2/lib/python3.12/site-packages/hive_interface2-0.0.1-py3.12.egg-info
-- Installing: /home/thomas24/hive_ws2/install/hive_interface2/lib/python3.12/site-packages/hive_interface2-0.0.1-py3.12.egg-info/dependency_links.txt
-- Installing: /home/thomas24/hive_ws2/install/hive_interface2/lib/python3.12/site-packages/hive_interface2-0.0.1-py3.12.egg-info/SOURCES.txt
-- Installing: /home/thomas24/hive_ws2/install/hive_interface2/lib/python3.12/site-packages/hive_interface2-0.0.1-py3.12.egg-info/top_level.txt
-- Installing: /home/thomas24/hive_ws2/install/hive_interface2/lib/python3.12/site-packages/hive_interface2-0.0.1-py3.12.egg-info/PKG-INFO
-- Up-to-date: /home/thomas24/hive_ws2/install/hive_interface2/lib/python3.12/site-packages/hive_interface2
-- Installing: /home/thomas24/hive_ws2/install/hive_interface2/lib/python3.12/site-packages/hive_interface2/__init__.py
-- Installing: /home/thomas24/hive_ws2/install/hive_interface2/lib/python3.12/site-packages/hive_interface2/_hive_interface2_s.ep.rosidl_typesupport_c.c
-- Installing: /home/thomas24/hive_ws2/install/hive_interface2/lib/python3.12/site-packages/hive_interface2/hive_interface2_s__rosidl_typesupport_introspection_c.so
-- Installing: /home/thomas24/hive_ws2/install/hive_interface2/lib/python3.12/site-packages/hive_interface2/hive_interface2_s__rosidl_typesupport_fastrtps_c.so
-- Installing: /home/thomas24/hive_ws2/install/hive_interface2/lib/python3.12/site-packages/hive_interface2/_hive_interface2_s.ep.rosidl_typesupport_introspection_c.c
-- Up-to-date: /home/thomas24/hive_ws2/install/hive_interface2/lib/python3.12/site-packages/hive_interface2/srv
-- Installing: /home/thomas24/hive_ws2/install/hive_interface2/lib/python3.12/site-packages/hive_interface2/srv/__init__.py
-- Installing: /home/thomas24/hive_ws2/install/hive_interface2/lib/python3.12/site-packages/hive_interface2/srv/_compute_route_s.c
-- Installing: /home/thomas24/hive_ws2/install/hive_interface2/lib/python3.12/site-packages/hive_interface2/srv/_compute_route.py
-- Installing: /home/thomas24/hive_ws2/install/hive_interface2/lib/python3.12/site-packages/hive_interface2/hive_interface2_s__rosidl_typesupport_c.so
-- Installing: /home/thomas24/hive_ws2/install/hive_interface2/lib/python3.12/site-packages/hive_interface2/_hive_interface2_s.ep.rosidl_typesupport_fastrtps_c.c
-- Up-to-date: /home/thomas24/hive_ws2/install/hive_interface2/lib/python3.12/site-packages/hive_interface2/msg
-- Installing: /home/thomas24/hive_ws2/install/hive_interface2/lib/python3.12/site-packages/hive_interface2/msg/_free_zone_array.py
-- Installing: /home/thomas24/hive_ws2/install/hive_interface2/lib/python3.12/site-packages/hive_interface2/msg/_lanelet_mini2_array.py
-- Installing: /home/thomas24/hive_ws2/install/hive_interface2/lib/python3.12/site-packages/hive_interface2/msg/_nav_brain_command.py
-- Installing: /home/thomas24/hive_ws2/install/hive_interface2/lib/python3.12/site-packages/hive_interface2/msg/_poi_array_s.c
-- Installing: /home/thomas24/hive_ws2/install/hive_interface2/lib/python3.12/site-packages/hive_interface2/msg/_poi_array.py
-- Installing: /home/thomas24/hive_ws2/install/hive_interface2/lib/python3.12/site-packages/hive_interface2/msg/_free_zone_s.c
-- Installing: /home/thomas24/hive_ws2/install/hive_interface2/lib/python3.12/site-packages/hive_interface2/msg/_lanelet_mini2_s.c
-- Installing: /home/thomas24/hive_ws2/install/hive_interface2/lib/python3.12/site-packages/hive_interface2/msg/__init__.py
-- Installing: /home/thomas24/hive_ws2/install/hive_interface2/lib/python3.12/site-packages/hive_interface2/msg/_poi.py
-- Installing: /home/thomas24/hive_ws2/install/hive_interface2/lib/python3.12/site-packages/hive_interface2/msg/_poi_s.c
-- Installing: /home/thomas24/hive_ws2/install/hive_interface2/lib/python3.12/site-packages/hive_interface2/msg/_nav_brain_command_s.c
-- Installing: /home/thomas24/hive_ws2/install/hive_interface2/lib/python3.12/site-packages/hive_interface2/msg/_lanelet_mini2.py
-- Installing: /home/thomas24/hive_ws2/install/hive_interface2/lib/python3.12/site-packages/hive_interface2/msg/_lanelet_mini2_array_s.c
-- Installing: /home/thomas24/hive_ws2/install/hive_interface2/lib/python3.12/site-packages/hive_interface2/msg/_free_zone_array_s.c
-- Installing: /home/thomas24/hive_ws2/install/hive_interface2/lib/python3.12/site-packages/hive_interface2/msg/_free_zone.py
Listing '/home/thomas24/hive_ws2/install/hive_interface2/lib/python3.12/site-packages/hive_interface2'...
Compiling '/home/thomas24/hive_ws2/install/hive_interface2/lib/python3.12/site-packages/hive_interface2/__init__.py'...
Listing '/home/thomas24/hive_ws2/install/hive_interface2/lib/python3.12/site-packages/hive_interface2/msg'...
Compiling '/home/thomas24/hive_ws2/install/hive_interface2/lib/python3.12/site-packages/hive_interface2/msg/__init__.py'...
Compiling '/home/thomas24/hive_ws2/install/hive_interface2/lib/python3.12/site-packages/hive_interface2/msg/_free_zone.py'...
Compiling '/home/thomas24/hive_ws2/install/hive_interface2/lib/python3.12/site-packages/hive_interface2/msg/_free_zone_array.py'...
Compiling '/home/thomas24/hive_ws2/install/hive_interface2/lib/python3.12/site-packages/hive_interface2/msg/_lanelet_mini2.py'...
Compiling '/home/thomas24/hive_ws2/install/hive_interface2/lib/python3.12/site-packages/hive_interface2/msg/_lanelet_mini2_array.py'...
Compiling '/home/thomas24/hive_ws2/install/hive_interface2/lib/python3.12/site-packages/hive_interface2/msg/_nav_brain_command.py'...
Compiling '/home/thomas24/hive_ws2/install/hive_interface2/lib/python3.12/site-packages/hive_interface2/msg/_poi.py'...
Compiling '/home/thomas24/hive_ws2/install/hive_interface2/lib/python3.12/site-packages/hive_interface2/msg/_poi_array.py'...
Listing '/home/thomas24/hive_ws2/install/hive_interface2/lib/python3.12/site-packages/hive_interface2/srv'...
Compiling '/home/thomas24/hive_ws2/install/hive_interface2/lib/python3.12/site-packages/hive_interface2/srv/__init__.py'...
Compiling '/home/thomas24/hive_ws2/install/hive_interface2/lib/python3.12/site-packages/hive_interface2/srv/_compute_route.py'...
-- Installing: /home/thomas24/hive_ws2/install/hive_interface2/lib/python3.12/site-packages/hive_interface2/hive_interface2_s__rosidl_typesupport_fastrtps_c.so
-- Set non-toolchain portion of runtime path of "/home/thomas24/hive_ws2/install/hive_interface2/lib/python3.12/site-packages/hive_interface2/hive_interface2_s__rosidl_typesupport_fastrtps_c.so" to ""
-- Installing: /home/thomas24/hive_ws2/install/hive_interface2/lib/python3.12/site-packages/hive_interface2/hive_interface2_s__rosidl_typesupport_introspection_c.so
-- Set non-toolchain portion of runtime path of "/home/thomas24/hive_ws2/install/hive_interface2/lib/python3.12/site-packages/hive_interface2/hive_interface2_s__rosidl_typesupport_introspection_c.so" to ""
-- Installing: /home/thomas24/hive_ws2/install/hive_interface2/lib/python3.12/site-packages/hive_interface2/hive_interface2_s__rosidl_typesupport_c.so
-- Set non-toolchain portion of runtime path of "/home/thomas24/hive_ws2/install/hive_interface2/lib/python3.12/site-packages/hive_interface2/hive_interface2_s__rosidl_typesupport_c.so" to ""
-- Installing: /home/thomas24/hive_ws2/install/hive_interface2/lib/libhive_interface2__rosidl_generator_py.so
-- Set non-toolchain portion of runtime path of "/home/thomas24/hive_ws2/install/hive_interface2/lib/libhive_interface2__rosidl_generator_py.so" to ""
-- Up-to-date: /home/thomas24/hive_ws2/install/hive_interface2/share/hive_interface2/msg/LaneletMini2.idl
-- Up-to-date: /home/thomas24/hive_ws2/install/hive_interface2/share/hive_interface2/msg/LaneletMini2Array.idl
-- Installing: /home/thomas24/hive_ws2/install/hive_interface2/share/hive_interface2/msg/FreeZone.idl
-- Installing: /home/thomas24/hive_ws2/install/hive_interface2/share/hive_interface2/msg/FreeZoneArray.idl
-- Installing: /home/thomas24/hive_ws2/install/hive_interface2/share/hive_interface2/msg/Poi.idl
-- Installing: /home/thomas24/hive_ws2/install/hive_interface2/share/hive_interface2/msg/PoiArray.idl
-- Installing: /home/thomas24/hive_ws2/install/hive_interface2/share/hive_interface2/msg/NavBrainCommand.idl
-- Up-to-date: /home/thomas24/hive_ws2/install/hive_interface2/share/hive_interface2/srv/ComputeRoute.idl
-- Up-to-date: /home/thomas24/hive_ws2/install/hive_interface2/share/hive_interface2/msg/LaneletMini2.msg
-- Up-to-date: /home/thomas24/hive_ws2/install/hive_interface2/share/hive_interface2/msg/LaneletMini2Array.msg
-- Installing: /home/thomas24/hive_ws2/install/hive_interface2/share/hive_interface2/msg/FreeZone.msg
-- Installing: /home/thomas24/hive_ws2/install/hive_interface2/share/hive_interface2/msg/FreeZoneArray.msg
-- Installing: /home/thomas24/hive_ws2/install/hive_interface2/share/hive_interface2/msg/Poi.msg
-- Installing: /home/thomas24/hive_ws2/install/hive_interface2/share/hive_interface2/msg/PoiArray.msg
-- Installing: /home/thomas24/hive_ws2/install/hive_interface2/share/hive_interface2/msg/NavBrainCommand.msg
-- Up-to-date: /home/thomas24/hive_ws2/install/hive_interface2/share/hive_interface2/srv/ComputeRoute.srv
-- Up-to-date: /home/thomas24/hive_ws2/install/hive_interface2/share/ament_index/resource_index/package_run_dependencies/hive_interface2
-- Installing: /home/thomas24/hive_ws2/install/hive_interface2/share/ament_index/resource_index/parent_prefix_path/hive_interface2
-- Up-to-date: /home/thomas24/hive_ws2/install/hive_interface2/share/hive_interface2/environment/ament_prefix_path.sh
-- Up-to-date: /home/thomas24/hive_ws2/install/hive_interface2/share/hive_interface2/environment/ament_prefix_path.dsv
-- Up-to-date: /home/thomas24/hive_ws2/install/hive_interface2/share/hive_interface2/environment/path.sh
-- Up-to-date: /home/thomas24/hive_ws2/install/hive_interface2/share/hive_interface2/environment/path.dsv
-- Up-to-date: /home/thomas24/hive_ws2/install/hive_interface2/share/hive_interface2/local_setup.bash
-- Up-to-date: /home/thomas24/hive_ws2/install/hive_interface2/share/hive_interface2/local_setup.sh
-- Up-to-date: /home/thomas24/hive_ws2/install/hive_interface2/share/hive_interface2/local_setup.zsh
-- Up-to-date: /home/thomas24/hive_ws2/install/hive_interface2/share/hive_interface2/local_setup.dsv
-- Installing: /home/thomas24/hive_ws2/install/hive_interface2/share/hive_interface2/package.dsv
-- Up-to-date: /home/thomas24/hive_ws2/install/hive_interface2/share/ament_index/resource_index/packages/hive_interface2
-- Up-to-date: /home/thomas24/hive_ws2/install/hive_interface2/share/hive_interface2/cmake/export_hive_interface2__rosidl_generator_cExport.cmake
-- Up-to-date: /home/thomas24/hive_ws2/install/hive_interface2/share/hive_interface2/cmake/export_hive_interface2__rosidl_generator_cExport-noconfig.cmake
-- Up-to-date: /home/thomas24/hive_ws2/install/hive_interface2/share/hive_interface2/cmake/export_hive_interface2__rosidl_typesupport_fastrtps_cExport.cmake
-- Up-to-date: /home/thomas24/hive_ws2/install/hive_interface2/share/hive_interface2/cmake/export_hive_interface2__rosidl_typesupport_fastrtps_cExport-noconfig.cmake
-- Up-to-date: /home/thomas24/hive_ws2/install/hive_interface2/share/hive_interface2/cmake/hive_interface2__rosidl_typesupport_introspection_cExport.cmake
-- Up-to-date: /home/thomas24/hive_ws2/install/hive_interface2/share/hive_interface2/cmake/hive_interface2__rosidl_typesupport_introspection_cExport-noconfig.cmake
-- Up-to-date: /home/thomas24/hive_ws2/install/hive_interface2/share/hive_interface2/cmake/hive_interface2__rosidl_typesupport_cExport.cmake
-- Up-to-date: /home/thomas24/hive_ws2/install/hive_interface2/share/hive_interface2/cmake/hive_interface2__rosidl_typesupport_cExport-noconfig.cmake
-- Up-to-date: /home/thomas24/hive_ws2/install/hive_interface2/share/hive_interface2/cmake/export_hive_interface2__rosidl_generator_cppExport.cmake
-- Up-to-date: /home/thomas24/hive_ws2/install/hive_interface2/share/hive_interface2/cmake/export_hive_interface2__rosidl_typesupport_fastrtps_cppExport.cmake
-- Up-to-date: /home/thomas24/hive_ws2/install/hive_interface2/share/hive_interface2/cmake/export_hive_interface2__rosidl_typesupport_fastrtps_cppExport-noconfig.cmake
-- Up-to-date: /home/thomas24/hive_ws2/install/hive_interface2/share/hive_interface2/cmake/hive_interface2__rosidl_typesupport_introspection_cppExport.cmake
-- Up-to-date: /home/thomas24/hive_ws2/install/hive_interface2/share/hive_interface2/cmake/hive_interface2__rosidl_typesupport_introspection_cppExport-noconfig.cmake
-- Up-to-date: /home/thomas24/hive_ws2/install/hive_interface2/share/hive_interface2/cmake/hive_interface2__rosidl_typesupport_cppExport.cmake
-- Up-to-date: /home/thomas24/hive_ws2/install/hive_interface2/share/hive_interface2/cmake/hive_interface2__rosidl_typesupport_cppExport-noconfig.cmake
-- Up-to-date: /home/thomas24/hive_ws2/install/hive_interface2/share/hive_interface2/cmake/export_hive_interface2__rosidl_generator_pyExport.cmake
-- Up-to-date: /home/thomas24/hive_ws2/install/hive_interface2/share/hive_interface2/cmake/export_hive_interface2__rosidl_generator_pyExport-noconfig.cmake
-- Installing: /home/thomas24/hive_ws2/install/hive_interface2/share/hive_interface2/cmake/rosidl_cmake-extras.cmake
-- Up-to-date: /home/thomas24/hive_ws2/install/hive_interface2/share/hive_interface2/cmake/ament_cmake_export_dependencies-extras.cmake
-- Up-to-date: /home/thomas24/hive_ws2/install/hive_interface2/share/hive_interface2/cmake/ament_cmake_export_include_directories-extras.cmake
-- Up-to-date: /home/thomas24/hive_ws2/install/hive_interface2/share/hive_interface2/cmake/ament_cmake_export_libraries-extras.cmake
-- Up-to-date: /home/thomas24/hive_ws2/install/hive_interface2/share/hive_interface2/cmake/ament_cmake_export_targets-extras.cmake
-- Up-to-date: /home/thomas24/hive_ws2/install/hive_interface2/share/hive_interface2/cmake/rosidl_cmake_export_typesupport_targets-extras.cmake
-- Up-to-date: /home/thomas24/hive_ws2/install/hive_interface2/share/hive_interface2/cmake/rosidl_cmake_export_typesupport_libraries-extras.cmake
-- Up-to-date: /home/thomas24/hive_ws2/install/hive_interface2/share/hive_interface2/cmake/hive_interface2Config.cmake
-- Up-to-date: /home/thomas24/hive_ws2/install/hive_interface2/share/hive_interface2/cmake/hive_interface2Config-version.cmake
-- Up-to-date: /home/thomas24/hive_ws2/install/hive_interface2/share/hive_interface2/package.xml
