[0.079s] Invoking command in '/home/thomas24/hive_ws2/build/nav2_behaviors': AMENT_PREFIX_PATH=/home/thomas24/hive_ws2/install/nav2_core:/home/thomas24/hive_ws2/install/nav2_costmap_2d:/home/thomas24/hive_ws2/install/nav2_map_server:/home/thomas24/hive_ws2/install/nav2_lifecycle_manager:/home/thomas24/hive_ws2/install/nav2_behavior_tree:/home/thomas24/hive_ws2/install/nav2_util:/home/thomas24/hive_ws2/install/nav2_ros_common:/home/thomas24/hive_ws2/install/nav2_voxel_grid:/home/thomas24/hive_ws2/install/nav2_msgs:/home/thomas24/hive_ws2/install/nav2_common:${AMENT_PREFIX_PATH} CMAKE_PREFIX_PATH=/home/thomas24/hive_ws2/install/nav2_core:/home/thomas24/hive_ws2/install/nav2_costmap_2d:/home/thomas24/hive_ws2/install/nav2_map_server:/home/thomas24/hive_ws2/install/nav2_lifecycle_manager:/home/thomas24/hive_ws2/install/nav2_behavior_tree:/home/thomas24/hive_ws2/install/nav2_util:/home/thomas24/hive_ws2/install/nav2_ros_common:/home/thomas24/hive_ws2/install/nav2_voxel_grid:/home/thomas24/hive_ws2/install/nav2_msgs:/home/thomas24/hive_ws2/install/nav2_common:/home/thomas24/hiveverse_ws/install/hive_simulation:/home/thomas24/hiveverse_ws/install/hive_robot_description:/opt/ros/jazzy/opt/gz_sim_vendor:/opt/ros/jazzy/opt/gz_sensors_vendor:/opt/ros/jazzy/opt/gz_physics_vendor:/opt/ros/jazzy/opt/sdformat_vendor:/opt/ros/jazzy/opt/gz_gui_vendor:/opt/ros/jazzy/opt/gz_transport_vendor:/opt/ros/jazzy/opt/gz_rendering_vendor:/opt/ros/jazzy/opt/gz_plugin_vendor:/opt/ros/jazzy/opt/gz_fuel_tools_vendor:/opt/ros/jazzy/opt/gz_msgs_vendor:/opt/ros/jazzy/opt/gz_common_vendor:/opt/ros/jazzy/opt/gz_math_vendor:/opt/ros/jazzy/opt/gz_utils_vendor:/opt/ros/jazzy/opt/gz_tools_vendor:/opt/ros/jazzy/opt/gz_ogre_next_vendor:/opt/ros/jazzy/opt/gz_dartsim_vendor:/opt/ros/jazzy/opt/gz_cmake_vendor:/home/thomas24/hiveverse_ws/install/hive_tools:/home/thomas24/hiveverse_ws/install/hive_bringup:/opt/ros/jazzy DEBUGINFOD_URLS=https://debuginfod.ubuntu.com LD_LIBRARY_PATH=/home/thomas24/hive_ws2/install/nav2_costmap_2d/lib:/home/thomas24/hive_ws2/install/nav2_map_server/lib:/home/thomas24/hive_ws2/install/nav2_lifecycle_manager/lib:/home/thomas24/hive_ws2/install/nav2_behavior_tree/lib:/home/thomas24/hive_ws2/install/nav2_util/lib:/home/thomas24/hive_ws2/install/nav2_voxel_grid/lib:/home/thomas24/hive_ws2/install/nav2_msgs/lib:${LD_LIBRARY_PATH} PYTHONPATH=/home/thomas24/hive_ws2/install/nav2_msgs/lib/python3.12/site-packages:/home/thomas24/hive_ws2/install/nav2_common/lib/python3.12/site-packages:${PYTHONPATH} /usr/bin/cmake --build /home/thomas24/hive_ws2/build/nav2_behaviors -- -j16 -l16
[0.227s] [ 10%] Built target gtest_main
[0.230s] [ 20%] Built target gtest
[0.237s] [ 30%] Built target nav2_back_up_behavior
[0.241s] [ 40%] Built target nav2_spin_behavior
[0.249s] [ 50%] Built target behavior_server_core
[0.265s] [ 60%] Built target nav2_assisted_teleop_behavior
[0.274s] [ 70%] Built target nav2_wait_behavior
[0.277s] [ 80%] Built target nav2_drive_on_heading_behavior
[0.360s] [ 90%] Built target behavior_server
[0.397s] [100%] Built target test_behaviors
[0.657s] Invoked command in '/home/thomas24/hive_ws2/build/nav2_behaviors' returned '0': AMENT_PREFIX_PATH=/home/thomas24/hive_ws2/install/nav2_core:/home/thomas24/hive_ws2/install/nav2_costmap_2d:/home/thomas24/hive_ws2/install/nav2_map_server:/home/thomas24/hive_ws2/install/nav2_lifecycle_manager:/home/thomas24/hive_ws2/install/nav2_behavior_tree:/home/thomas24/hive_ws2/install/nav2_util:/home/thomas24/hive_ws2/install/nav2_ros_common:/home/thomas24/hive_ws2/install/nav2_voxel_grid:/home/thomas24/hive_ws2/install/nav2_msgs:/home/thomas24/hive_ws2/install/nav2_common:${AMENT_PREFIX_PATH} CMAKE_PREFIX_PATH=/home/thomas24/hive_ws2/install/nav2_core:/home/thomas24/hive_ws2/install/nav2_costmap_2d:/home/thomas24/hive_ws2/install/nav2_map_server:/home/thomas24/hive_ws2/install/nav2_lifecycle_manager:/home/thomas24/hive_ws2/install/nav2_behavior_tree:/home/thomas24/hive_ws2/install/nav2_util:/home/thomas24/hive_ws2/install/nav2_ros_common:/home/thomas24/hive_ws2/install/nav2_voxel_grid:/home/thomas24/hive_ws2/install/nav2_msgs:/home/thomas24/hive_ws2/install/nav2_common:/home/thomas24/hiveverse_ws/install/hive_simulation:/home/thomas24/hiveverse_ws/install/hive_robot_description:/opt/ros/jazzy/opt/gz_sim_vendor:/opt/ros/jazzy/opt/gz_sensors_vendor:/opt/ros/jazzy/opt/gz_physics_vendor:/opt/ros/jazzy/opt/sdformat_vendor:/opt/ros/jazzy/opt/gz_gui_vendor:/opt/ros/jazzy/opt/gz_transport_vendor:/opt/ros/jazzy/opt/gz_rendering_vendor:/opt/ros/jazzy/opt/gz_plugin_vendor:/opt/ros/jazzy/opt/gz_fuel_tools_vendor:/opt/ros/jazzy/opt/gz_msgs_vendor:/opt/ros/jazzy/opt/gz_common_vendor:/opt/ros/jazzy/opt/gz_math_vendor:/opt/ros/jazzy/opt/gz_utils_vendor:/opt/ros/jazzy/opt/gz_tools_vendor:/opt/ros/jazzy/opt/gz_ogre_next_vendor:/opt/ros/jazzy/opt/gz_dartsim_vendor:/opt/ros/jazzy/opt/gz_cmake_vendor:/home/thomas24/hiveverse_ws/install/hive_tools:/home/thomas24/hiveverse_ws/install/hive_bringup:/opt/ros/jazzy DEBUGINFOD_URLS=https://debuginfod.ubuntu.com LD_LIBRARY_PATH=/home/thomas24/hive_ws2/install/nav2_costmap_2d/lib:/home/thomas24/hive_ws2/install/nav2_map_server/lib:/home/thomas24/hive_ws2/install/nav2_lifecycle_manager/lib:/home/thomas24/hive_ws2/install/nav2_behavior_tree/lib:/home/thomas24/hive_ws2/install/nav2_util/lib:/home/thomas24/hive_ws2/install/nav2_voxel_grid/lib:/home/thomas24/hive_ws2/install/nav2_msgs/lib:${LD_LIBRARY_PATH} PYTHONPATH=/home/thomas24/hive_ws2/install/nav2_msgs/lib/python3.12/site-packages:/home/thomas24/hive_ws2/install/nav2_common/lib/python3.12/site-packages:${PYTHONPATH} /usr/bin/cmake --build /home/thomas24/hive_ws2/build/nav2_behaviors -- -j16 -l16
[0.658s] Invoking command in '/home/thomas24/hive_ws2/build/nav2_behaviors': AMENT_PREFIX_PATH=/home/thomas24/hive_ws2/install/nav2_core:/home/thomas24/hive_ws2/install/nav2_costmap_2d:/home/thomas24/hive_ws2/install/nav2_map_server:/home/thomas24/hive_ws2/install/nav2_lifecycle_manager:/home/thomas24/hive_ws2/install/nav2_behavior_tree:/home/thomas24/hive_ws2/install/nav2_util:/home/thomas24/hive_ws2/install/nav2_ros_common:/home/thomas24/hive_ws2/install/nav2_voxel_grid:/home/thomas24/hive_ws2/install/nav2_msgs:/home/thomas24/hive_ws2/install/nav2_common:${AMENT_PREFIX_PATH} CMAKE_PREFIX_PATH=/home/thomas24/hive_ws2/install/nav2_core:/home/thomas24/hive_ws2/install/nav2_costmap_2d:/home/thomas24/hive_ws2/install/nav2_map_server:/home/thomas24/hive_ws2/install/nav2_lifecycle_manager:/home/thomas24/hive_ws2/install/nav2_behavior_tree:/home/thomas24/hive_ws2/install/nav2_util:/home/thomas24/hive_ws2/install/nav2_ros_common:/home/thomas24/hive_ws2/install/nav2_voxel_grid:/home/thomas24/hive_ws2/install/nav2_msgs:/home/thomas24/hive_ws2/install/nav2_common:/home/thomas24/hiveverse_ws/install/hive_simulation:/home/thomas24/hiveverse_ws/install/hive_robot_description:/opt/ros/jazzy/opt/gz_sim_vendor:/opt/ros/jazzy/opt/gz_sensors_vendor:/opt/ros/jazzy/opt/gz_physics_vendor:/opt/ros/jazzy/opt/sdformat_vendor:/opt/ros/jazzy/opt/gz_gui_vendor:/opt/ros/jazzy/opt/gz_transport_vendor:/opt/ros/jazzy/opt/gz_rendering_vendor:/opt/ros/jazzy/opt/gz_plugin_vendor:/opt/ros/jazzy/opt/gz_fuel_tools_vendor:/opt/ros/jazzy/opt/gz_msgs_vendor:/opt/ros/jazzy/opt/gz_common_vendor:/opt/ros/jazzy/opt/gz_math_vendor:/opt/ros/jazzy/opt/gz_utils_vendor:/opt/ros/jazzy/opt/gz_tools_vendor:/opt/ros/jazzy/opt/gz_ogre_next_vendor:/opt/ros/jazzy/opt/gz_dartsim_vendor:/opt/ros/jazzy/opt/gz_cmake_vendor:/home/thomas24/hiveverse_ws/install/hive_tools:/home/thomas24/hiveverse_ws/install/hive_bringup:/opt/ros/jazzy DEBUGINFOD_URLS=https://debuginfod.ubuntu.com LD_LIBRARY_PATH=/home/thomas24/hive_ws2/install/nav2_costmap_2d/lib:/home/thomas24/hive_ws2/install/nav2_map_server/lib:/home/thomas24/hive_ws2/install/nav2_lifecycle_manager/lib:/home/thomas24/hive_ws2/install/nav2_behavior_tree/lib:/home/thomas24/hive_ws2/install/nav2_util/lib:/home/thomas24/hive_ws2/install/nav2_voxel_grid/lib:/home/thomas24/hive_ws2/install/nav2_msgs/lib:${LD_LIBRARY_PATH} PYTHONPATH=/home/thomas24/hive_ws2/install/nav2_msgs/lib/python3.12/site-packages:/home/thomas24/hive_ws2/install/nav2_common/lib/python3.12/site-packages:${PYTHONPATH} /usr/bin/cmake --install /home/thomas24/hive_ws2/build/nav2_behaviors
[0.701s] -- Install configuration: "Release"
[0.701s] -- Execute custom install script
[0.701s] -- Up-to-date symlink: /home/thomas24/hive_ws2/install/nav2_behaviors/share/nav2_behaviors//behavior_plugin.xml
[0.701s] -- Up-to-date symlink: /home/thomas24/hive_ws2/install/nav2_behaviors/lib/nav2_behaviors/behavior_server
[0.707s] -- Up-to-date symlink: /home/thomas24/hive_ws2/install/nav2_behaviors/include/nav2_behaviors/nav2_behaviors/behavior_server.hpp
[0.707s] -- Up-to-date symlink: /home/thomas24/hive_ws2/install/nav2_behaviors/include/nav2_behaviors/nav2_behaviors/plugins/assisted_teleop.hpp
[0.707s] -- Up-to-date symlink: /home/thomas24/hive_ws2/install/nav2_behaviors/include/nav2_behaviors/nav2_behaviors/plugins/back_up.hpp
[0.707s] -- Up-to-date symlink: /home/thomas24/hive_ws2/install/nav2_behaviors/include/nav2_behaviors/nav2_behaviors/plugins/drive_on_heading.hpp
[0.707s] -- Up-to-date symlink: /home/thomas24/hive_ws2/install/nav2_behaviors/include/nav2_behaviors/nav2_behaviors/plugins/spin.hpp
[0.707s] -- Up-to-date symlink: /home/thomas24/hive_ws2/install/nav2_behaviors/include/nav2_behaviors/nav2_behaviors/plugins/wait.hpp
[0.707s] -- Up-to-date symlink: /home/thomas24/hive_ws2/install/nav2_behaviors/include/nav2_behaviors/nav2_behaviors/timed_behavior.hpp
[0.707s] -- Up-to-date symlink: /home/thomas24/hive_ws2/install/nav2_behaviors/share/nav2_behaviors/behavior_plugin.xml
[0.708s] -- Up-to-date symlink: /home/thomas24/hive_ws2/install/nav2_behaviors/share/nav2_behaviors/plugins//assisted_teleop.cpp
[0.708s] -- Up-to-date symlink: /home/thomas24/hive_ws2/install/nav2_behaviors/share/nav2_behaviors/plugins//back_up.cpp
[0.709s] -- Up-to-date symlink: /home/thomas24/hive_ws2/install/nav2_behaviors/share/nav2_behaviors/plugins//drive_on_heading.cpp
[0.709s] -- Up-to-date symlink: /home/thomas24/hive_ws2/install/nav2_behaviors/share/nav2_behaviors/plugins//spin.cpp
[0.709s] -- Up-to-date symlink: /home/thomas24/hive_ws2/install/nav2_behaviors/share/nav2_behaviors/plugins//wait.cpp
[0.709s] -- Up-to-date symlink: /home/thomas24/hive_ws2/install/nav2_behaviors/share/nav2_behaviors/environment/library_path.sh
[0.709s] -- Up-to-date symlink: /home/thomas24/hive_ws2/install/nav2_behaviors/share/nav2_behaviors/environment/library_path.dsv
[0.709s] -- Up-to-date symlink: /home/thomas24/hive_ws2/install/nav2_behaviors/share/ament_index/resource_index/package_run_dependencies/nav2_behaviors
[0.709s] -- Up-to-date symlink: /home/thomas24/hive_ws2/install/nav2_behaviors/share/ament_index/resource_index/parent_prefix_path/nav2_behaviors
[0.709s] -- Up-to-date symlink: /home/thomas24/hive_ws2/install/nav2_behaviors/share/nav2_behaviors/environment/ament_prefix_path.sh
[0.709s] -- Up-to-date symlink: /home/thomas24/hive_ws2/install/nav2_behaviors/share/nav2_behaviors/environment/ament_prefix_path.dsv
[0.709s] -- Up-to-date symlink: /home/thomas24/hive_ws2/install/nav2_behaviors/share/nav2_behaviors/environment/path.sh
[0.709s] -- Up-to-date symlink: /home/thomas24/hive_ws2/install/nav2_behaviors/share/nav2_behaviors/environment/path.dsv
[0.712s] -- Up-to-date symlink: /home/thomas24/hive_ws2/install/nav2_behaviors/share/nav2_behaviors/local_setup.bash
[0.714s] -- Up-to-date symlink: /home/thomas24/hive_ws2/install/nav2_behaviors/share/nav2_behaviors/local_setup.sh
[0.714s] -- Up-to-date symlink: /home/thomas24/hive_ws2/install/nav2_behaviors/share/nav2_behaviors/local_setup.zsh
[0.714s] -- Up-to-date symlink: /home/thomas24/hive_ws2/install/nav2_behaviors/share/nav2_behaviors/local_setup.dsv
[0.714s] -- Symlinking: /home/thomas24/hive_ws2/install/nav2_behaviors/share/nav2_behaviors/package.dsv
[0.742s] -- Up-to-date symlink: /home/thomas24/hive_ws2/install/nav2_behaviors/share/ament_index/resource_index/packages/nav2_behaviors
[0.742s] -- Up-to-date symlink: /home/thomas24/hive_ws2/install/nav2_behaviors/share/ament_index/resource_index/nav2_core__pluginlib__plugin/nav2_behaviors
[0.742s] -- Up-to-date symlink: /home/thomas24/hive_ws2/install/nav2_behaviors/share/ament_index/resource_index/rclcpp_components/nav2_behaviors
[0.742s] -- Up-to-date symlink: /home/thomas24/hive_ws2/install/nav2_behaviors/share/nav2_behaviors/cmake/ament_cmake_export_include_directories-extras.cmake
[0.755s] -- Up-to-date symlink: /home/thomas24/hive_ws2/install/nav2_behaviors/share/nav2_behaviors/cmake/ament_cmake_export_libraries-extras.cmake
[0.755s] -- Up-to-date symlink: /home/thomas24/hive_ws2/install/nav2_behaviors/share/nav2_behaviors/cmake/ament_cmake_export_dependencies-extras.cmake
[0.755s] -- Up-to-date symlink: /home/thomas24/hive_ws2/install/nav2_behaviors/share/nav2_behaviors/cmake/ament_cmake_export_targets-extras.cmake
[0.755s] -- Up-to-date symlink: /home/thomas24/hive_ws2/install/nav2_behaviors/share/nav2_behaviors/cmake/nav2_behaviorsConfig.cmake
[0.755s] -- Up-to-date symlink: /home/thomas24/hive_ws2/install/nav2_behaviors/share/nav2_behaviors/cmake/nav2_behaviorsConfig-version.cmake
[0.755s] -- Up-to-date symlink: /home/thomas24/hive_ws2/install/nav2_behaviors/share/nav2_behaviors/package.xml
[0.755s] -- Up-to-date: /home/thomas24/hive_ws2/install/nav2_behaviors/lib/libbehavior_server_core.so
[0.755s] -- Up-to-date: /home/thomas24/hive_ws2/install/nav2_behaviors/lib/libnav2_spin_behavior.so
[0.755s] -- Up-to-date: /home/thomas24/hive_ws2/install/nav2_behaviors/lib/libnav2_wait_behavior.so
[0.755s] -- Up-to-date: /home/thomas24/hive_ws2/install/nav2_behaviors/lib/libnav2_assisted_teleop_behavior.so
[0.755s] -- Up-to-date: /home/thomas24/hive_ws2/install/nav2_behaviors/lib/libnav2_drive_on_heading_behavior.so
[0.755s] -- Up-to-date: /home/thomas24/hive_ws2/install/nav2_behaviors/lib/libnav2_back_up_behavior.so
[0.755s] -- Up-to-date: /home/thomas24/hive_ws2/install/nav2_behaviors/share/nav2_behaviors/cmake/behavior_server_coreExport.cmake
[0.756s] -- Up-to-date: /home/thomas24/hive_ws2/install/nav2_behaviors/share/nav2_behaviors/cmake/behavior_server_coreExport-release.cmake
[0.859s] Invoked command in '/home/thomas24/hive_ws2/build/nav2_behaviors' returned '0': AMENT_PREFIX_PATH=/home/thomas24/hive_ws2/install/nav2_core:/home/thomas24/hive_ws2/install/nav2_costmap_2d:/home/thomas24/hive_ws2/install/nav2_map_server:/home/thomas24/hive_ws2/install/nav2_lifecycle_manager:/home/thomas24/hive_ws2/install/nav2_behavior_tree:/home/thomas24/hive_ws2/install/nav2_util:/home/thomas24/hive_ws2/install/nav2_ros_common:/home/thomas24/hive_ws2/install/nav2_voxel_grid:/home/thomas24/hive_ws2/install/nav2_msgs:/home/thomas24/hive_ws2/install/nav2_common:${AMENT_PREFIX_PATH} CMAKE_PREFIX_PATH=/home/thomas24/hive_ws2/install/nav2_core:/home/thomas24/hive_ws2/install/nav2_costmap_2d:/home/thomas24/hive_ws2/install/nav2_map_server:/home/thomas24/hive_ws2/install/nav2_lifecycle_manager:/home/thomas24/hive_ws2/install/nav2_behavior_tree:/home/thomas24/hive_ws2/install/nav2_util:/home/thomas24/hive_ws2/install/nav2_ros_common:/home/thomas24/hive_ws2/install/nav2_voxel_grid:/home/thomas24/hive_ws2/install/nav2_msgs:/home/thomas24/hive_ws2/install/nav2_common:/home/thomas24/hiveverse_ws/install/hive_simulation:/home/thomas24/hiveverse_ws/install/hive_robot_description:/opt/ros/jazzy/opt/gz_sim_vendor:/opt/ros/jazzy/opt/gz_sensors_vendor:/opt/ros/jazzy/opt/gz_physics_vendor:/opt/ros/jazzy/opt/sdformat_vendor:/opt/ros/jazzy/opt/gz_gui_vendor:/opt/ros/jazzy/opt/gz_transport_vendor:/opt/ros/jazzy/opt/gz_rendering_vendor:/opt/ros/jazzy/opt/gz_plugin_vendor:/opt/ros/jazzy/opt/gz_fuel_tools_vendor:/opt/ros/jazzy/opt/gz_msgs_vendor:/opt/ros/jazzy/opt/gz_common_vendor:/opt/ros/jazzy/opt/gz_math_vendor:/opt/ros/jazzy/opt/gz_utils_vendor:/opt/ros/jazzy/opt/gz_tools_vendor:/opt/ros/jazzy/opt/gz_ogre_next_vendor:/opt/ros/jazzy/opt/gz_dartsim_vendor:/opt/ros/jazzy/opt/gz_cmake_vendor:/home/thomas24/hiveverse_ws/install/hive_tools:/home/thomas24/hiveverse_ws/install/hive_bringup:/opt/ros/jazzy DEBUGINFOD_URLS=https://debuginfod.ubuntu.com LD_LIBRARY_PATH=/home/thomas24/hive_ws2/install/nav2_costmap_2d/lib:/home/thomas24/hive_ws2/install/nav2_map_server/lib:/home/thomas24/hive_ws2/install/nav2_lifecycle_manager/lib:/home/thomas24/hive_ws2/install/nav2_behavior_tree/lib:/home/thomas24/hive_ws2/install/nav2_util/lib:/home/thomas24/hive_ws2/install/nav2_voxel_grid/lib:/home/thomas24/hive_ws2/install/nav2_msgs/lib:${LD_LIBRARY_PATH} PYTHONPATH=/home/thomas24/hive_ws2/install/nav2_msgs/lib/python3.12/site-packages:/home/thomas24/hive_ws2/install/nav2_common/lib/python3.12/site-packages:${PYTHONPATH} /usr/bin/cmake --install /home/thomas24/hive_ws2/build/nav2_behaviors
