[0.019s] Invoking command in '/home/thomas24/hive_ws2/build/costmap_queue': AMENT_PREFIX_PATH=/home/thomas24/hive_ws2/install/nav2_costmap_2d:/home/thomas24/hive_ws2/install/nav2_map_server:/home/thomas24/hive_ws2/install/nav2_lifecycle_manager:/home/thomas24/hive_ws2/install/nav2_util:/home/thomas24/hive_ws2/install/nav2_ros_common:/home/thomas24/hive_ws2/install/nav2_voxel_grid:/home/thomas24/hive_ws2/install/nav2_msgs:/home/thomas24/hive_ws2/install/nav2_common:${AMENT_PREFIX_PATH} CMAKE_PREFIX_PATH=/home/thomas24/hive_ws2/install/nav2_costmap_2d:/home/thomas24/hive_ws2/install/nav2_map_server:/home/thomas24/hive_ws2/install/nav2_lifecycle_manager:/home/thomas24/hive_ws2/install/nav2_util:/home/thomas24/hive_ws2/install/nav2_ros_common:/home/thomas24/hive_ws2/install/nav2_voxel_grid:/home/thomas24/hive_ws2/install/nav2_msgs:/home/thomas24/hive_ws2/install/nav2_common:/opt/ros/jazzy/opt/gz_sim_vendor:/opt/ros/jazzy/opt/gz_sensors_vendor:/opt/ros/jazzy/opt/gz_physics_vendor:/opt/ros/jazzy/opt/sdformat_vendor:/opt/ros/jazzy/opt/gz_gui_vendor:/opt/ros/jazzy/opt/gz_transport_vendor:/opt/ros/jazzy/opt/gz_rendering_vendor:/opt/ros/jazzy/opt/gz_plugin_vendor:/opt/ros/jazzy/opt/gz_fuel_tools_vendor:/opt/ros/jazzy/opt/gz_msgs_vendor:/opt/ros/jazzy/opt/gz_common_vendor:/opt/ros/jazzy/opt/gz_math_vendor:/opt/ros/jazzy/opt/gz_utils_vendor:/opt/ros/jazzy/opt/gz_tools_vendor:/opt/ros/jazzy/opt/gz_ogre_next_vendor:/opt/ros/jazzy/opt/gz_dartsim_vendor:/opt/ros/jazzy/opt/gz_cmake_vendor:/opt/ros/jazzy DEBUGINFOD_URLS=https://debuginfod.ubuntu.com LD_LIBRARY_PATH=/home/thomas24/hive_ws2/install/nav2_costmap_2d/lib:/home/thomas24/hive_ws2/install/nav2_map_server/lib:/home/thomas24/hive_ws2/install/nav2_lifecycle_manager/lib:/home/thomas24/hive_ws2/install/nav2_util/lib:/home/thomas24/hive_ws2/install/nav2_voxel_grid/lib:/home/thomas24/hive_ws2/install/nav2_msgs/lib:${LD_LIBRARY_PATH} PYTHONPATH=/home/thomas24/hive_ws2/install/nav2_msgs/lib/python3.12/site-packages:/home/thomas24/hive_ws2/install/nav2_common/lib/python3.12/site-packages:${PYTHONPATH} /usr/bin/cmake /home/thomas24/hive_ws2/src/navigation2/nav2_dwb_controller/costmap_queue -DCMAKE_INSTALL_PREFIX=/home/thomas24/hive_ws2/install/costmap_queue
[0.070s] -- The C compiler identification is GNU 13.3.0
[0.118s] -- The CXX compiler identification is GNU 13.3.0
[0.133s] -- Detecting C compiler ABI info
[0.221s] -- Detecting C compiler ABI info - done
[0.226s] -- Check for working C compiler: /usr/bin/cc - skipped
[0.227s] -- Detecting C compile features
[0.227s] -- Detecting C compile features - done
[0.237s] -- Detecting CXX compiler ABI info
[0.334s] -- Detecting CXX compiler ABI info - done
[0.341s] -- Check for working CXX compiler: /usr/bin/c++ - skipped
[0.341s] -- Detecting CXX compile features
[0.342s] -- Detecting CXX compile features - done
[0.346s] -- Found ament_cmake: 2.5.4 (/opt/ros/jazzy/share/ament_cmake/cmake)
[0.492s] -- Found Python3: /usr/bin/python3 (found version "3.12.3") found components: Interpreter 
[0.607s] -- Found nav2_common: 1.4.0 (/home/thomas24/hive_ws2/install/nav2_common/share/nav2_common/cmake)
[0.607s] -- Found nav2_costmap_2d: 1.4.0 (/home/thomas24/hive_ws2/install/nav2_costmap_2d/share/nav2_costmap_2d/cmake)
[0.669s] -- Found rosidl_generator_c: 4.6.6 (/opt/ros/jazzy/share/rosidl_generator_c/cmake)
[0.685s] -- Found rosidl_generator_cpp: 4.6.6 (/opt/ros/jazzy/share/rosidl_generator_cpp/cmake)
[0.703s] -- Using all available rosidl_typesupport_c: rosidl_typesupport_fastrtps_c;rosidl_typesupport_introspection_c
[0.723s] -- Using all available rosidl_typesupport_cpp: rosidl_typesupport_fastrtps_cpp;rosidl_typesupport_introspection_cpp
[0.938s] -- Found rmw_implementation_cmake: 7.3.2 (/opt/ros/jazzy/share/rmw_implementation_cmake/cmake)
[0.942s] -- Found rmw_fastrtps_cpp: 8.4.3 (/opt/ros/jazzy/share/rmw_fastrtps_cpp/cmake)
[1.033s] -- Found OpenSSL: /usr/lib/x86_64-linux-gnu/libcrypto.so (found version "3.0.13")  
[1.053s] -- Found FastRTPS: /opt/ros/jazzy/include (Required is at least version "2.13") 
[1.077s] -- Using RMW implementation 'rmw_fastrtps_cpp' as default
[1.367s] -- Found eigen3_cmake_module: 0.3.0 (/opt/ros/jazzy/share/eigen3_cmake_module/cmake)
[1.368s] -- Found Eigen3: TRUE (found version "3.4.0") 
[1.368s] -- Ensuring Eigen3 include directory is part of orocos-kdl CMake target
[1.507s] -- Setting build type to Release as none was specified.
[1.510s] -- Found ament_lint_auto: 0.17.3 (/opt/ros/jazzy/share/ament_lint_auto/cmake)
[1.631s] -- Found gtest sources under '/opt/ros/jazzy/src/gtest_vendor': C++ tests using 'Google Test' will be built
[1.634s] -- Performing Test CMAKE_HAVE_LIBC_PTHREAD
[1.751s] -- Performing Test CMAKE_HAVE_LIBC_PTHREAD - Success
[1.752s] -- Found Threads: TRUE  
[1.758s] -- Added test 'cppcheck' to perform static code analysis on C / C++ code
[1.758s] -- Configured cppcheck include dirs: $<BUILD_INTERFACE:/home/thomas24/hive_ws2/src/navigation2/nav2_dwb_controller/costmap_queue/include>
[1.758s] -- Configured cppcheck exclude dirs and/or files: 
[1.759s] -- Added test 'cpplint' to check C / C++ code against the Google style
[1.759s] -- Configured cpplint exclude dirs and/or files: 
[1.760s] -- Added test 'lint_cmake' to check CMake code style
[1.761s] -- Added test 'uncrustify' to check C / C++ code style
[1.761s] -- Configured uncrustify additional arguments: 
[1.762s] -- Added test 'xmllint' to check XML markup files
[1.765s] -- Configuring done (1.7s)
[1.800s] -- Generating done (0.0s)
[1.810s] -- Build files have been written to: /home/thomas24/hive_ws2/build/costmap_queue
[1.864s] Invoked command in '/home/thomas24/hive_ws2/build/costmap_queue' returned '0': AMENT_PREFIX_PATH=/home/thomas24/hive_ws2/install/nav2_costmap_2d:/home/thomas24/hive_ws2/install/nav2_map_server:/home/thomas24/hive_ws2/install/nav2_lifecycle_manager:/home/thomas24/hive_ws2/install/nav2_util:/home/thomas24/hive_ws2/install/nav2_ros_common:/home/thomas24/hive_ws2/install/nav2_voxel_grid:/home/thomas24/hive_ws2/install/nav2_msgs:/home/thomas24/hive_ws2/install/nav2_common:${AMENT_PREFIX_PATH} CMAKE_PREFIX_PATH=/home/thomas24/hive_ws2/install/nav2_costmap_2d:/home/thomas24/hive_ws2/install/nav2_map_server:/home/thomas24/hive_ws2/install/nav2_lifecycle_manager:/home/thomas24/hive_ws2/install/nav2_util:/home/thomas24/hive_ws2/install/nav2_ros_common:/home/thomas24/hive_ws2/install/nav2_voxel_grid:/home/thomas24/hive_ws2/install/nav2_msgs:/home/thomas24/hive_ws2/install/nav2_common:/opt/ros/jazzy/opt/gz_sim_vendor:/opt/ros/jazzy/opt/gz_sensors_vendor:/opt/ros/jazzy/opt/gz_physics_vendor:/opt/ros/jazzy/opt/sdformat_vendor:/opt/ros/jazzy/opt/gz_gui_vendor:/opt/ros/jazzy/opt/gz_transport_vendor:/opt/ros/jazzy/opt/gz_rendering_vendor:/opt/ros/jazzy/opt/gz_plugin_vendor:/opt/ros/jazzy/opt/gz_fuel_tools_vendor:/opt/ros/jazzy/opt/gz_msgs_vendor:/opt/ros/jazzy/opt/gz_common_vendor:/opt/ros/jazzy/opt/gz_math_vendor:/opt/ros/jazzy/opt/gz_utils_vendor:/opt/ros/jazzy/opt/gz_tools_vendor:/opt/ros/jazzy/opt/gz_ogre_next_vendor:/opt/ros/jazzy/opt/gz_dartsim_vendor:/opt/ros/jazzy/opt/gz_cmake_vendor:/opt/ros/jazzy DEBUGINFOD_URLS=https://debuginfod.ubuntu.com LD_LIBRARY_PATH=/home/thomas24/hive_ws2/install/nav2_costmap_2d/lib:/home/thomas24/hive_ws2/install/nav2_map_server/lib:/home/thomas24/hive_ws2/install/nav2_lifecycle_manager/lib:/home/thomas24/hive_ws2/install/nav2_util/lib:/home/thomas24/hive_ws2/install/nav2_voxel_grid/lib:/home/thomas24/hive_ws2/install/nav2_msgs/lib:${LD_LIBRARY_PATH} PYTHONPATH=/home/thomas24/hive_ws2/install/nav2_msgs/lib/python3.12/site-packages:/home/thomas24/hive_ws2/install/nav2_common/lib/python3.12/site-packages:${PYTHONPATH} /usr/bin/cmake /home/thomas24/hive_ws2/src/navigation2/nav2_dwb_controller/costmap_queue -DCMAKE_INSTALL_PREFIX=/home/thomas24/hive_ws2/install/costmap_queue
[1.864s] Invoking command in '/home/thomas24/hive_ws2/build/costmap_queue': AMENT_PREFIX_PATH=/home/thomas24/hive_ws2/install/nav2_costmap_2d:/home/thomas24/hive_ws2/install/nav2_map_server:/home/thomas24/hive_ws2/install/nav2_lifecycle_manager:/home/thomas24/hive_ws2/install/nav2_util:/home/thomas24/hive_ws2/install/nav2_ros_common:/home/thomas24/hive_ws2/install/nav2_voxel_grid:/home/thomas24/hive_ws2/install/nav2_msgs:/home/thomas24/hive_ws2/install/nav2_common:${AMENT_PREFIX_PATH} CMAKE_PREFIX_PATH=/home/thomas24/hive_ws2/install/nav2_costmap_2d:/home/thomas24/hive_ws2/install/nav2_map_server:/home/thomas24/hive_ws2/install/nav2_lifecycle_manager:/home/thomas24/hive_ws2/install/nav2_util:/home/thomas24/hive_ws2/install/nav2_ros_common:/home/thomas24/hive_ws2/install/nav2_voxel_grid:/home/thomas24/hive_ws2/install/nav2_msgs:/home/thomas24/hive_ws2/install/nav2_common:/opt/ros/jazzy/opt/gz_sim_vendor:/opt/ros/jazzy/opt/gz_sensors_vendor:/opt/ros/jazzy/opt/gz_physics_vendor:/opt/ros/jazzy/opt/sdformat_vendor:/opt/ros/jazzy/opt/gz_gui_vendor:/opt/ros/jazzy/opt/gz_transport_vendor:/opt/ros/jazzy/opt/gz_rendering_vendor:/opt/ros/jazzy/opt/gz_plugin_vendor:/opt/ros/jazzy/opt/gz_fuel_tools_vendor:/opt/ros/jazzy/opt/gz_msgs_vendor:/opt/ros/jazzy/opt/gz_common_vendor:/opt/ros/jazzy/opt/gz_math_vendor:/opt/ros/jazzy/opt/gz_utils_vendor:/opt/ros/jazzy/opt/gz_tools_vendor:/opt/ros/jazzy/opt/gz_ogre_next_vendor:/opt/ros/jazzy/opt/gz_dartsim_vendor:/opt/ros/jazzy/opt/gz_cmake_vendor:/opt/ros/jazzy DEBUGINFOD_URLS=https://debuginfod.ubuntu.com LD_LIBRARY_PATH=/home/thomas24/hive_ws2/install/nav2_costmap_2d/lib:/home/thomas24/hive_ws2/install/nav2_map_server/lib:/home/thomas24/hive_ws2/install/nav2_lifecycle_manager/lib:/home/thomas24/hive_ws2/install/nav2_util/lib:/home/thomas24/hive_ws2/install/nav2_voxel_grid/lib:/home/thomas24/hive_ws2/install/nav2_msgs/lib:${LD_LIBRARY_PATH} PYTHONPATH=/home/thomas24/hive_ws2/install/nav2_msgs/lib/python3.12/site-packages:/home/thomas24/hive_ws2/install/nav2_common/lib/python3.12/site-packages:${PYTHONPATH} /usr/bin/cmake --build /home/thomas24/hive_ws2/build/costmap_queue -- -j16 -l16
[1.951s] [  9%] [32mBuilding CXX object CMakeFiles/costmap_queue.dir/src/costmap_queue.cpp.o[0m
[1.959s] [ 18%] [32mBuilding CXX object CMakeFiles/costmap_queue.dir/src/limited_costmap_queue.cpp.o[0m
[1.972s] [ 27%] [32mBuilding CXX object gtest/CMakeFiles/gtest.dir/src/gtest-all.cc.o[0m
[1.976s] [ 36%] [32mBuilding CXX object gtest/CMakeFiles/gtest_main.dir/src/gtest_main.cc.o[0m
[3.049s] [ 45%] [32m[1mLinking CXX static library libgtest_main.a[0m
[3.193s] [ 45%] Built target gtest_main
[3.926s] [ 54%] [32m[1mLinking CXX shared library libcostmap_queue.so[0m
[4.429s] [ 54%] Built target costmap_queue
[20.810s] [ 63%] [32m[1mLinking CXX static library libgtest.a[0m
[20.937s] [ 63%] Built target gtest
[21.012s] [ 72%] [32mBuilding CXX object CMakeFiles/mbq_test.dir/test/mbq_test.cpp.o[0m
[23.097s] [ 81%] [32m[1mLinking CXX executable mbq_test[0m
[23.776s] [ 81%] Built target mbq_test
[23.842s] [ 90%] [32mBuilding CXX object CMakeFiles/utest.dir/test/utest.cpp.o[0m
[28.945s] [100%] [32m[1mLinking CXX executable utest[0m
[29.439s] [100%] Built target utest
[29.474s] Invoked command in '/home/thomas24/hive_ws2/build/costmap_queue' returned '0': AMENT_PREFIX_PATH=/home/thomas24/hive_ws2/install/nav2_costmap_2d:/home/thomas24/hive_ws2/install/nav2_map_server:/home/thomas24/hive_ws2/install/nav2_lifecycle_manager:/home/thomas24/hive_ws2/install/nav2_util:/home/thomas24/hive_ws2/install/nav2_ros_common:/home/thomas24/hive_ws2/install/nav2_voxel_grid:/home/thomas24/hive_ws2/install/nav2_msgs:/home/thomas24/hive_ws2/install/nav2_common:${AMENT_PREFIX_PATH} CMAKE_PREFIX_PATH=/home/thomas24/hive_ws2/install/nav2_costmap_2d:/home/thomas24/hive_ws2/install/nav2_map_server:/home/thomas24/hive_ws2/install/nav2_lifecycle_manager:/home/thomas24/hive_ws2/install/nav2_util:/home/thomas24/hive_ws2/install/nav2_ros_common:/home/thomas24/hive_ws2/install/nav2_voxel_grid:/home/thomas24/hive_ws2/install/nav2_msgs:/home/thomas24/hive_ws2/install/nav2_common:/opt/ros/jazzy/opt/gz_sim_vendor:/opt/ros/jazzy/opt/gz_sensors_vendor:/opt/ros/jazzy/opt/gz_physics_vendor:/opt/ros/jazzy/opt/sdformat_vendor:/opt/ros/jazzy/opt/gz_gui_vendor:/opt/ros/jazzy/opt/gz_transport_vendor:/opt/ros/jazzy/opt/gz_rendering_vendor:/opt/ros/jazzy/opt/gz_plugin_vendor:/opt/ros/jazzy/opt/gz_fuel_tools_vendor:/opt/ros/jazzy/opt/gz_msgs_vendor:/opt/ros/jazzy/opt/gz_common_vendor:/opt/ros/jazzy/opt/gz_math_vendor:/opt/ros/jazzy/opt/gz_utils_vendor:/opt/ros/jazzy/opt/gz_tools_vendor:/opt/ros/jazzy/opt/gz_ogre_next_vendor:/opt/ros/jazzy/opt/gz_dartsim_vendor:/opt/ros/jazzy/opt/gz_cmake_vendor:/opt/ros/jazzy DEBUGINFOD_URLS=https://debuginfod.ubuntu.com LD_LIBRARY_PATH=/home/thomas24/hive_ws2/install/nav2_costmap_2d/lib:/home/thomas24/hive_ws2/install/nav2_map_server/lib:/home/thomas24/hive_ws2/install/nav2_lifecycle_manager/lib:/home/thomas24/hive_ws2/install/nav2_util/lib:/home/thomas24/hive_ws2/install/nav2_voxel_grid/lib:/home/thomas24/hive_ws2/install/nav2_msgs/lib:${LD_LIBRARY_PATH} PYTHONPATH=/home/thomas24/hive_ws2/install/nav2_msgs/lib/python3.12/site-packages:/home/thomas24/hive_ws2/install/nav2_common/lib/python3.12/site-packages:${PYTHONPATH} /usr/bin/cmake --build /home/thomas24/hive_ws2/build/costmap_queue -- -j16 -l16
[29.474s] Invoking command in '/home/thomas24/hive_ws2/build/costmap_queue': AMENT_PREFIX_PATH=/home/thomas24/hive_ws2/install/nav2_costmap_2d:/home/thomas24/hive_ws2/install/nav2_map_server:/home/thomas24/hive_ws2/install/nav2_lifecycle_manager:/home/thomas24/hive_ws2/install/nav2_util:/home/thomas24/hive_ws2/install/nav2_ros_common:/home/thomas24/hive_ws2/install/nav2_voxel_grid:/home/thomas24/hive_ws2/install/nav2_msgs:/home/thomas24/hive_ws2/install/nav2_common:${AMENT_PREFIX_PATH} CMAKE_PREFIX_PATH=/home/thomas24/hive_ws2/install/nav2_costmap_2d:/home/thomas24/hive_ws2/install/nav2_map_server:/home/thomas24/hive_ws2/install/nav2_lifecycle_manager:/home/thomas24/hive_ws2/install/nav2_util:/home/thomas24/hive_ws2/install/nav2_ros_common:/home/thomas24/hive_ws2/install/nav2_voxel_grid:/home/thomas24/hive_ws2/install/nav2_msgs:/home/thomas24/hive_ws2/install/nav2_common:/opt/ros/jazzy/opt/gz_sim_vendor:/opt/ros/jazzy/opt/gz_sensors_vendor:/opt/ros/jazzy/opt/gz_physics_vendor:/opt/ros/jazzy/opt/sdformat_vendor:/opt/ros/jazzy/opt/gz_gui_vendor:/opt/ros/jazzy/opt/gz_transport_vendor:/opt/ros/jazzy/opt/gz_rendering_vendor:/opt/ros/jazzy/opt/gz_plugin_vendor:/opt/ros/jazzy/opt/gz_fuel_tools_vendor:/opt/ros/jazzy/opt/gz_msgs_vendor:/opt/ros/jazzy/opt/gz_common_vendor:/opt/ros/jazzy/opt/gz_math_vendor:/opt/ros/jazzy/opt/gz_utils_vendor:/opt/ros/jazzy/opt/gz_tools_vendor:/opt/ros/jazzy/opt/gz_ogre_next_vendor:/opt/ros/jazzy/opt/gz_dartsim_vendor:/opt/ros/jazzy/opt/gz_cmake_vendor:/opt/ros/jazzy DEBUGINFOD_URLS=https://debuginfod.ubuntu.com LD_LIBRARY_PATH=/home/thomas24/hive_ws2/install/nav2_costmap_2d/lib:/home/thomas24/hive_ws2/install/nav2_map_server/lib:/home/thomas24/hive_ws2/install/nav2_lifecycle_manager/lib:/home/thomas24/hive_ws2/install/nav2_util/lib:/home/thomas24/hive_ws2/install/nav2_voxel_grid/lib:/home/thomas24/hive_ws2/install/nav2_msgs/lib:${LD_LIBRARY_PATH} PYTHONPATH=/home/thomas24/hive_ws2/install/nav2_msgs/lib/python3.12/site-packages:/home/thomas24/hive_ws2/install/nav2_common/lib/python3.12/site-packages:${PYTHONPATH} /usr/bin/cmake --install /home/thomas24/hive_ws2/build/costmap_queue
[91.899s] -- Install configuration: "Release"
[91.899s] -- Installing: /home/thomas24/hive_ws2/install/costmap_queue/lib/libcostmap_queue.so
[91.899s] -- Set non-toolchain portion of runtime path of "/home/thomas24/hive_ws2/install/costmap_queue/lib/libcostmap_queue.so" to ""
[91.899s] -- Installing: /home/thomas24/hive_ws2/install/costmap_queue/include/costmap_queue
[91.899s] -- Installing: /home/thomas24/hive_ws2/install/costmap_queue/include/costmap_queue/costmap_queue
[91.900s] -- Installing: /home/thomas24/hive_ws2/install/costmap_queue/include/costmap_queue/costmap_queue/costmap_queue.hpp
[91.900s] -- Installing: /home/thomas24/hive_ws2/install/costmap_queue/include/costmap_queue/costmap_queue/map_based_queue.hpp
[91.900s] -- Installing: /home/thomas24/hive_ws2/install/costmap_queue/include/costmap_queue/costmap_queue/limited_costmap_queue.hpp
[91.900s] -- Installing: /home/thomas24/hive_ws2/install/costmap_queue/share/costmap_queue/environment/library_path.sh
[91.900s] -- Installing: /home/thomas24/hive_ws2/install/costmap_queue/share/costmap_queue/environment/library_path.dsv
[91.900s] -- Installing: /home/thomas24/hive_ws2/install/costmap_queue/share/ament_index/resource_index/package_run_dependencies/costmap_queue
[91.900s] -- Installing: /home/thomas24/hive_ws2/install/costmap_queue/share/ament_index/resource_index/parent_prefix_path/costmap_queue
[91.900s] -- Installing: /home/thomas24/hive_ws2/install/costmap_queue/share/costmap_queue/environment/ament_prefix_path.sh
[91.900s] -- Installing: /home/thomas24/hive_ws2/install/costmap_queue/share/costmap_queue/environment/ament_prefix_path.dsv
[91.900s] -- Installing: /home/thomas24/hive_ws2/install/costmap_queue/share/costmap_queue/environment/path.sh
[91.900s] -- Installing: /home/thomas24/hive_ws2/install/costmap_queue/share/costmap_queue/environment/path.dsv
[91.900s] -- Installing: /home/thomas24/hive_ws2/install/costmap_queue/share/costmap_queue/local_setup.bash
[91.900s] -- Installing: /home/thomas24/hive_ws2/install/costmap_queue/share/costmap_queue/local_setup.sh
[91.900s] -- Installing: /home/thomas24/hive_ws2/install/costmap_queue/share/costmap_queue/local_setup.zsh
[91.900s] -- Installing: /home/thomas24/hive_ws2/install/costmap_queue/share/costmap_queue/local_setup.dsv
[91.900s] -- Installing: /home/thomas24/hive_ws2/install/costmap_queue/share/costmap_queue/package.dsv
[91.901s] -- Installing: /home/thomas24/hive_ws2/install/costmap_queue/share/ament_index/resource_index/packages/costmap_queue
[91.901s] -- Installing: /home/thomas24/hive_ws2/install/costmap_queue/share/costmap_queue/cmake/costmap_queueExport.cmake
[91.901s] -- Installing: /home/thomas24/hive_ws2/install/costmap_queue/share/costmap_queue/cmake/costmap_queueExport-release.cmake
[91.901s] -- Installing: /home/thomas24/hive_ws2/install/costmap_queue/share/costmap_queue/cmake/ament_cmake_export_include_directories-extras.cmake
[91.901s] -- Installing: /home/thomas24/hive_ws2/install/costmap_queue/share/costmap_queue/cmake/ament_cmake_export_libraries-extras.cmake
[91.901s] -- Installing: /home/thomas24/hive_ws2/install/costmap_queue/share/costmap_queue/cmake/ament_cmake_export_dependencies-extras.cmake
[91.901s] -- Installing: /home/thomas24/hive_ws2/install/costmap_queue/share/costmap_queue/cmake/ament_cmake_export_targets-extras.cmake
[91.901s] -- Installing: /home/thomas24/hive_ws2/install/costmap_queue/share/costmap_queue/cmake/costmap_queueConfig.cmake
[91.901s] -- Installing: /home/thomas24/hive_ws2/install/costmap_queue/share/costmap_queue/cmake/costmap_queueConfig-version.cmake
[91.901s] -- Installing: /home/thomas24/hive_ws2/install/costmap_queue/share/costmap_queue/package.xml
[91.936s] Invoked command in '/home/thomas24/hive_ws2/build/costmap_queue' returned '0': AMENT_PREFIX_PATH=/home/thomas24/hive_ws2/install/nav2_costmap_2d:/home/thomas24/hive_ws2/install/nav2_map_server:/home/thomas24/hive_ws2/install/nav2_lifecycle_manager:/home/thomas24/hive_ws2/install/nav2_util:/home/thomas24/hive_ws2/install/nav2_ros_common:/home/thomas24/hive_ws2/install/nav2_voxel_grid:/home/thomas24/hive_ws2/install/nav2_msgs:/home/thomas24/hive_ws2/install/nav2_common:${AMENT_PREFIX_PATH} CMAKE_PREFIX_PATH=/home/thomas24/hive_ws2/install/nav2_costmap_2d:/home/thomas24/hive_ws2/install/nav2_map_server:/home/thomas24/hive_ws2/install/nav2_lifecycle_manager:/home/thomas24/hive_ws2/install/nav2_util:/home/thomas24/hive_ws2/install/nav2_ros_common:/home/thomas24/hive_ws2/install/nav2_voxel_grid:/home/thomas24/hive_ws2/install/nav2_msgs:/home/thomas24/hive_ws2/install/nav2_common:/opt/ros/jazzy/opt/gz_sim_vendor:/opt/ros/jazzy/opt/gz_sensors_vendor:/opt/ros/jazzy/opt/gz_physics_vendor:/opt/ros/jazzy/opt/sdformat_vendor:/opt/ros/jazzy/opt/gz_gui_vendor:/opt/ros/jazzy/opt/gz_transport_vendor:/opt/ros/jazzy/opt/gz_rendering_vendor:/opt/ros/jazzy/opt/gz_plugin_vendor:/opt/ros/jazzy/opt/gz_fuel_tools_vendor:/opt/ros/jazzy/opt/gz_msgs_vendor:/opt/ros/jazzy/opt/gz_common_vendor:/opt/ros/jazzy/opt/gz_math_vendor:/opt/ros/jazzy/opt/gz_utils_vendor:/opt/ros/jazzy/opt/gz_tools_vendor:/opt/ros/jazzy/opt/gz_ogre_next_vendor:/opt/ros/jazzy/opt/gz_dartsim_vendor:/opt/ros/jazzy/opt/gz_cmake_vendor:/opt/ros/jazzy DEBUGINFOD_URLS=https://debuginfod.ubuntu.com LD_LIBRARY_PATH=/home/thomas24/hive_ws2/install/nav2_costmap_2d/lib:/home/thomas24/hive_ws2/install/nav2_map_server/lib:/home/thomas24/hive_ws2/install/nav2_lifecycle_manager/lib:/home/thomas24/hive_ws2/install/nav2_util/lib:/home/thomas24/hive_ws2/install/nav2_voxel_grid/lib:/home/thomas24/hive_ws2/install/nav2_msgs/lib:${LD_LIBRARY_PATH} PYTHONPATH=/home/thomas24/hive_ws2/install/nav2_msgs/lib/python3.12/site-packages:/home/thomas24/hive_ws2/install/nav2_common/lib/python3.12/site-packages:${PYTHONPATH} /usr/bin/cmake --install /home/thomas24/hive_ws2/build/costmap_queue
