running egg_info
creating ../../build/vanilla_brain_nav2/vanilla_brain_nav2.egg-info
writing ../../build/vanilla_brain_nav2/vanilla_brain_nav2.egg-info/PKG-INFO
writing dependency_links to ../../build/vanilla_brain_nav2/vanilla_brain_nav2.egg-info/dependency_links.txt
writing entry points to ../../build/vanilla_brain_nav2/vanilla_brain_nav2.egg-info/entry_points.txt
writing requirements to ../../build/vanilla_brain_nav2/vanilla_brain_nav2.egg-info/requires.txt
writing top-level names to ../../build/vanilla_brain_nav2/vanilla_brain_nav2.egg-info/top_level.txt
writing manifest file '../../build/vanilla_brain_nav2/vanilla_brain_nav2.egg-info/SOURCES.txt'
reading manifest file '../../build/vanilla_brain_nav2/vanilla_brain_nav2.egg-info/SOURCES.txt'
writing manifest file '../../build/vanilla_brain_nav2/vanilla_brain_nav2.egg-info/SOURCES.txt'
running build
running build_py
creating /home/thomas24/hive_ws2/build/vanilla_brain_nav2/build
creating /home/thomas24/hive_ws2/build/vanilla_brain_nav2/build/lib
creating /home/thomas24/hive_ws2/build/vanilla_brain_nav2/build/lib/vanilla_brain_nav2
copying vanilla_brain_nav2/__init__.py -> /home/thomas24/hive_ws2/build/vanilla_brain_nav2/build/lib/vanilla_brain_nav2
copying vanilla_brain_nav2/vanilla_knifebrain_node.py -> /home/thomas24/hive_ws2/build/vanilla_brain_nav2/build/lib/vanilla_brain_nav2
running install
running install_lib
creating /home/thomas24/hive_ws2/install/vanilla_brain_nav2/lib/python3.12/site-packages/vanilla_brain_nav2
copying /home/thomas24/hive_ws2/build/vanilla_brain_nav2/build/lib/vanilla_brain_nav2/__init__.py -> /home/thomas24/hive_ws2/install/vanilla_brain_nav2/lib/python3.12/site-packages/vanilla_brain_nav2
copying /home/thomas24/hive_ws2/build/vanilla_brain_nav2/build/lib/vanilla_brain_nav2/vanilla_knifebrain_node.py -> /home/thomas24/hive_ws2/install/vanilla_brain_nav2/lib/python3.12/site-packages/vanilla_brain_nav2
byte-compiling /home/thomas24/hive_ws2/install/vanilla_brain_nav2/lib/python3.12/site-packages/vanilla_brain_nav2/__init__.py to __init__.cpython-312.pyc
byte-compiling /home/thomas24/hive_ws2/install/vanilla_brain_nav2/lib/python3.12/site-packages/vanilla_brain_nav2/vanilla_knifebrain_node.py to vanilla_knifebrain_node.cpython-312.pyc
running install_data
creating /home/thomas24/hive_ws2/install/vanilla_brain_nav2/share/ament_index
creating /home/thomas24/hive_ws2/install/vanilla_brain_nav2/share/ament_index/resource_index
creating /home/thomas24/hive_ws2/install/vanilla_brain_nav2/share/ament_index/resource_index/packages
copying resource/vanilla_brain_nav2 -> /home/thomas24/hive_ws2/install/vanilla_brain_nav2/share/ament_index/resource_index/packages
copying package.xml -> /home/thomas24/hive_ws2/install/vanilla_brain_nav2/share/vanilla_brain_nav2
creating /home/thomas24/hive_ws2/install/vanilla_brain_nav2/share/vanilla_brain_nav2/launch
copying launch/nav2_minimal.launch.py -> /home/thomas24/hive_ws2/install/vanilla_brain_nav2/share/vanilla_brain_nav2/launch
copying launch/vanilla_knifebrain.launch.py -> /home/thomas24/hive_ws2/install/vanilla_brain_nav2/share/vanilla_brain_nav2/launch
creating /home/thomas24/hive_ws2/install/vanilla_brain_nav2/share/vanilla_brain_nav2/config
copying config/nav2_minimal.yaml -> /home/thomas24/hive_ws2/install/vanilla_brain_nav2/share/vanilla_brain_nav2/config
running install_egg_info
Copying ../../build/vanilla_brain_nav2/vanilla_brain_nav2.egg-info to /home/thomas24/hive_ws2/install/vanilla_brain_nav2/lib/python3.12/site-packages/vanilla_brain_nav2-0.0.1-py3.12.egg-info
running install_scripts
Installing vanilla_knifebrain script to /home/thomas24/hive_ws2/install/vanilla_brain_nav2/lib/vanilla_brain_nav2
writing list of installed files to '/home/thomas24/hive_ws2/build/vanilla_brain_nav2/install.log'
