[1.116s] Invoking command in '/home/thomas24/hive_ws2/src/vanilla_brain_nav2': AMENT_PREFIX_PATH=/home/thomas24/hive_ws2/install/nav2_planner:/home/thomas24/hive_ws2/install/nav2_controller:/home/thomas24/hive_ws2/install/nav2_core:/home/thomas24/hive_ws2/install/nav2_costmap_2d:/home/thomas24/hive_ws2/install/nav2_map_server:/home/thomas24/hive_ws2/install/nav2_lifecycle_manager:/home/thomas24/hive_ws2/install/nav2_behavior_tree:/home/thomas24/hive_ws2/install/nav2_util:/home/thomas24/hive_ws2/install/nav2_ros_common:/home/thomas24/hive_ws2/install/nav2_voxel_grid:/home/thomas24/hive_ws2/install/nav2_msgs:/home/thomas24/hive_ws2/install/nav2_common:${AMENT_PREFIX_PATH} CMAKE_PREFIX_PATH=/home/thomas24/hive_ws2/install/nav2_planner:/home/thomas24/hive_ws2/install/nav2_controller:/home/thomas24/hive_ws2/install/nav2_core:/home/thomas24/hive_ws2/install/nav2_costmap_2d:/home/thomas24/hive_ws2/install/nav2_map_server:/home/thomas24/hive_ws2/install/nav2_lifecycle_manager:/home/thomas24/hive_ws2/install/nav2_behavior_tree:/home/thomas24/hive_ws2/install/nav2_util:/home/thomas24/hive_ws2/install/nav2_ros_common:/home/thomas24/hive_ws2/install/nav2_voxel_grid:/home/thomas24/hive_ws2/install/nav2_msgs:/home/thomas24/hive_ws2/install/nav2_common:${CMAKE_PREFIX_PATH} DEBUGINFOD_URLS=https://debuginfod.ubuntu.com LD_LIBRARY_PATH=/home/thomas24/hive_ws2/install/nav2_planner/lib:/home/thomas24/hive_ws2/install/nav2_controller/lib:/home/thomas24/hive_ws2/install/nav2_costmap_2d/lib:/home/thomas24/hive_ws2/install/nav2_map_server/lib:/home/thomas24/hive_ws2/install/nav2_lifecycle_manager/lib:/home/thomas24/hive_ws2/install/nav2_behavior_tree/lib:/home/thomas24/hive_ws2/install/nav2_util/lib:/home/thomas24/hive_ws2/install/nav2_voxel_grid/lib:/home/thomas24/hive_ws2/install/nav2_msgs/lib:${LD_LIBRARY_PATH} PYTHONPATH=/home/thomas24/hive_ws2/build/vanilla_brain_nav2/prefix_override:/usr/lib/python3/dist-packages/colcon_core/task/python/colcon_distutils_commands:/home/thomas24/hive_ws2/install/vanilla_brain_nav2/lib/python3.12/site-packages:/home/thomas24/hive_ws2/install/nav2_msgs/lib/python3.12/site-packages:/home/thomas24/hive_ws2/install/nav2_common/lib/python3.12/site-packages:${PYTHONPATH} /usr/bin/python3 -W ignore:setup.py install is deprecated -W ignore:easy_install command is deprecated setup.py egg_info --egg-base ../../build/vanilla_brain_nav2 build --build-base /home/thomas24/hive_ws2/build/vanilla_brain_nav2/build install --record /home/thomas24/hive_ws2/build/vanilla_brain_nav2/install.log --single-version-externally-managed install_data
[3.044s] running egg_info
[3.044s] creating ../../build/vanilla_brain_nav2/vanilla_brain_nav2.egg-info
[3.044s] writing ../../build/vanilla_brain_nav2/vanilla_brain_nav2.egg-info/PKG-INFO
[3.045s] writing dependency_links to ../../build/vanilla_brain_nav2/vanilla_brain_nav2.egg-info/dependency_links.txt
[3.045s] writing entry points to ../../build/vanilla_brain_nav2/vanilla_brain_nav2.egg-info/entry_points.txt
[3.045s] writing requirements to ../../build/vanilla_brain_nav2/vanilla_brain_nav2.egg-info/requires.txt
[3.045s] writing top-level names to ../../build/vanilla_brain_nav2/vanilla_brain_nav2.egg-info/top_level.txt
[3.045s] writing manifest file '../../build/vanilla_brain_nav2/vanilla_brain_nav2.egg-info/SOURCES.txt'
[3.045s] reading manifest file '../../build/vanilla_brain_nav2/vanilla_brain_nav2.egg-info/SOURCES.txt'
[3.045s] writing manifest file '../../build/vanilla_brain_nav2/vanilla_brain_nav2.egg-info/SOURCES.txt'
[3.045s] running build
[3.045s] running build_py
[3.045s] creating /home/thomas24/hive_ws2/build/vanilla_brain_nav2/build
[3.045s] creating /home/thomas24/hive_ws2/build/vanilla_brain_nav2/build/lib
[3.045s] creating /home/thomas24/hive_ws2/build/vanilla_brain_nav2/build/lib/vanilla_brain_nav2
[3.045s] copying vanilla_brain_nav2/__init__.py -> /home/thomas24/hive_ws2/build/vanilla_brain_nav2/build/lib/vanilla_brain_nav2
[3.045s] copying vanilla_brain_nav2/vanilla_knifebrain_node.py -> /home/thomas24/hive_ws2/build/vanilla_brain_nav2/build/lib/vanilla_brain_nav2
[3.045s] running install
[3.045s] running install_lib
[3.046s] creating /home/thomas24/hive_ws2/install/vanilla_brain_nav2/lib/python3.12/site-packages/vanilla_brain_nav2
[3.046s] copying /home/thomas24/hive_ws2/build/vanilla_brain_nav2/build/lib/vanilla_brain_nav2/__init__.py -> /home/thomas24/hive_ws2/install/vanilla_brain_nav2/lib/python3.12/site-packages/vanilla_brain_nav2
[3.046s] copying /home/thomas24/hive_ws2/build/vanilla_brain_nav2/build/lib/vanilla_brain_nav2/vanilla_knifebrain_node.py -> /home/thomas24/hive_ws2/install/vanilla_brain_nav2/lib/python3.12/site-packages/vanilla_brain_nav2
[3.046s] byte-compiling /home/thomas24/hive_ws2/install/vanilla_brain_nav2/lib/python3.12/site-packages/vanilla_brain_nav2/__init__.py to __init__.cpython-312.pyc
[3.046s] byte-compiling /home/thomas24/hive_ws2/install/vanilla_brain_nav2/lib/python3.12/site-packages/vanilla_brain_nav2/vanilla_knifebrain_node.py to vanilla_knifebrain_node.cpython-312.pyc
[3.046s] running install_data
[3.046s] creating /home/thomas24/hive_ws2/install/vanilla_brain_nav2/share/ament_index
[3.046s] creating /home/thomas24/hive_ws2/install/vanilla_brain_nav2/share/ament_index/resource_index
[3.046s] creating /home/thomas24/hive_ws2/install/vanilla_brain_nav2/share/ament_index/resource_index/packages
[3.046s] copying resource/vanilla_brain_nav2 -> /home/thomas24/hive_ws2/install/vanilla_brain_nav2/share/ament_index/resource_index/packages
[3.046s] copying package.xml -> /home/thomas24/hive_ws2/install/vanilla_brain_nav2/share/vanilla_brain_nav2
[3.046s] creating /home/thomas24/hive_ws2/install/vanilla_brain_nav2/share/vanilla_brain_nav2/launch
[3.046s] copying launch/nav2_minimal.launch.py -> /home/thomas24/hive_ws2/install/vanilla_brain_nav2/share/vanilla_brain_nav2/launch
[3.046s] copying launch/vanilla_knifebrain.launch.py -> /home/thomas24/hive_ws2/install/vanilla_brain_nav2/share/vanilla_brain_nav2/launch
[3.046s] creating /home/thomas24/hive_ws2/install/vanilla_brain_nav2/share/vanilla_brain_nav2/config
[3.046s] copying config/nav2_minimal.yaml -> /home/thomas24/hive_ws2/install/vanilla_brain_nav2/share/vanilla_brain_nav2/config
[3.047s] running install_egg_info
[3.047s] Copying ../../build/vanilla_brain_nav2/vanilla_brain_nav2.egg-info to /home/thomas24/hive_ws2/install/vanilla_brain_nav2/lib/python3.12/site-packages/vanilla_brain_nav2-0.0.1-py3.12.egg-info
[3.047s] running install_scripts
[3.047s] Installing vanilla_knifebrain script to /home/thomas24/hive_ws2/install/vanilla_brain_nav2/lib/vanilla_brain_nav2
[3.047s] writing list of installed files to '/home/thomas24/hive_ws2/build/vanilla_brain_nav2/install.log'
[3.052s] Invoked command in '/home/thomas24/hive_ws2/src/vanilla_brain_nav2' returned '0': AMENT_PREFIX_PATH=/home/thomas24/hive_ws2/install/nav2_planner:/home/thomas24/hive_ws2/install/nav2_controller:/home/thomas24/hive_ws2/install/nav2_core:/home/thomas24/hive_ws2/install/nav2_costmap_2d:/home/thomas24/hive_ws2/install/nav2_map_server:/home/thomas24/hive_ws2/install/nav2_lifecycle_manager:/home/thomas24/hive_ws2/install/nav2_behavior_tree:/home/thomas24/hive_ws2/install/nav2_util:/home/thomas24/hive_ws2/install/nav2_ros_common:/home/thomas24/hive_ws2/install/nav2_voxel_grid:/home/thomas24/hive_ws2/install/nav2_msgs:/home/thomas24/hive_ws2/install/nav2_common:${AMENT_PREFIX_PATH} CMAKE_PREFIX_PATH=/home/thomas24/hive_ws2/install/nav2_planner:/home/thomas24/hive_ws2/install/nav2_controller:/home/thomas24/hive_ws2/install/nav2_core:/home/thomas24/hive_ws2/install/nav2_costmap_2d:/home/thomas24/hive_ws2/install/nav2_map_server:/home/thomas24/hive_ws2/install/nav2_lifecycle_manager:/home/thomas24/hive_ws2/install/nav2_behavior_tree:/home/thomas24/hive_ws2/install/nav2_util:/home/thomas24/hive_ws2/install/nav2_ros_common:/home/thomas24/hive_ws2/install/nav2_voxel_grid:/home/thomas24/hive_ws2/install/nav2_msgs:/home/thomas24/hive_ws2/install/nav2_common:${CMAKE_PREFIX_PATH} DEBUGINFOD_URLS=https://debuginfod.ubuntu.com LD_LIBRARY_PATH=/home/thomas24/hive_ws2/install/nav2_planner/lib:/home/thomas24/hive_ws2/install/nav2_controller/lib:/home/thomas24/hive_ws2/install/nav2_costmap_2d/lib:/home/thomas24/hive_ws2/install/nav2_map_server/lib:/home/thomas24/hive_ws2/install/nav2_lifecycle_manager/lib:/home/thomas24/hive_ws2/install/nav2_behavior_tree/lib:/home/thomas24/hive_ws2/install/nav2_util/lib:/home/thomas24/hive_ws2/install/nav2_voxel_grid/lib:/home/thomas24/hive_ws2/install/nav2_msgs/lib:${LD_LIBRARY_PATH} PYTHONPATH=/home/thomas24/hive_ws2/build/vanilla_brain_nav2/prefix_override:/usr/lib/python3/dist-packages/colcon_core/task/python/colcon_distutils_commands:/home/thomas24/hive_ws2/install/vanilla_brain_nav2/lib/python3.12/site-packages:/home/thomas24/hive_ws2/install/nav2_msgs/lib/python3.12/site-packages:/home/thomas24/hive_ws2/install/nav2_common/lib/python3.12/site-packages:${PYTHONPATH} /usr/bin/python3 -W ignore:setup.py install is deprecated -W ignore:easy_install command is deprecated setup.py egg_info --egg-base ../../build/vanilla_brain_nav2 build --build-base /home/thomas24/hive_ws2/build/vanilla_brain_nav2/build install --record /home/thomas24/hive_ws2/build/vanilla_brain_nav2/install.log --single-version-externally-managed install_data
