[0.013s] Invoking command in '/home/thomas24/hive_ws2/build/nav_2d_msgs': CMAKE_PREFIX_PATH=${CMAKE_PREFIX_PATH}:/home/thomas24/hive_ws2/install/vanilla_brain_nav2:/home/thomas24/hive_ws2/install/nav2_loopback_sim:/home/thomas24/hive_ws2/install/nav2_simple_commander:/home/thomas24/hiveverse_ws/install/hive_tools:/home/thomas24/hiveverse_ws/install/hive_bringup:/opt/ros/jazzy DEBUGINFOD_URLS=https://debuginfod.ubuntu.com /usr/bin/cmake --build /home/thomas24/hive_ws2/build/nav_2d_msgs -- -j16 -l16
[0.080s] [  1%] Built target nav_2d_msgs__rosidl_generator_type_description
[0.093s] [  1%] Built target ament_cmake_python_copy_nav_2d_msgs
[0.108s] [  3%] Built target nav_2d_msgs__cpp
[0.108s] [ 25%] Built target nav_2d_msgs__rosidl_generator_c
[0.141s] [ 71%] Built target nav_2d_msgs__rosidl_typesupport_cpp
[0.141s] [ 71%] Built target nav_2d_msgs__rosidl_typesupport_introspection_cpp
[0.142s] [ 71%] Built target nav_2d_msgs__rosidl_typesupport_introspection_c
[0.142s] [ 71%] Built target nav_2d_msgs__rosidl_typesupport_c
[0.142s] [ 71%] Built target nav_2d_msgs__rosidl_typesupport_fastrtps_cpp
[0.142s] [ 81%] Built target nav_2d_msgs__rosidl_typesupport_fastrtps_c
[0.173s] [ 81%] Built target nav_2d_msgs
[0.207s] [ 82%] Built target nav_2d_msgs__py
[0.242s] [ 90%] Built target nav_2d_msgs__rosidl_generator_py
[0.274s] [100%] Built target nav_2d_msgs_s__rosidl_typesupport_fastrtps_c
[0.274s] [100%] Built target nav_2d_msgs_s__rosidl_typesupport_introspection_c
[0.274s] [100%] Built target nav_2d_msgs_s__rosidl_typesupport_c
[0.294s] running egg_info
[0.311s] writing nav_2d_msgs.egg-info/PKG-INFO
[0.311s] writing dependency_links to nav_2d_msgs.egg-info/dependency_links.txt
[0.312s] writing top-level names to nav_2d_msgs.egg-info/top_level.txt
[0.365s] reading manifest file 'nav_2d_msgs.egg-info/SOURCES.txt'
[0.365s] writing manifest file 'nav_2d_msgs.egg-info/SOURCES.txt'
[0.417s] [100%] Built target ament_cmake_python_build_nav_2d_msgs_egg
[0.449s] Invoked command in '/home/thomas24/hive_ws2/build/nav_2d_msgs' returned '0': CMAKE_PREFIX_PATH=${CMAKE_PREFIX_PATH}:/home/thomas24/hive_ws2/install/vanilla_brain_nav2:/home/thomas24/hive_ws2/install/nav2_loopback_sim:/home/thomas24/hive_ws2/install/nav2_simple_commander:/home/thomas24/hiveverse_ws/install/hive_tools:/home/thomas24/hiveverse_ws/install/hive_bringup:/opt/ros/jazzy DEBUGINFOD_URLS=https://debuginfod.ubuntu.com /usr/bin/cmake --build /home/thomas24/hive_ws2/build/nav_2d_msgs -- -j16 -l16
[0.450s] Invoking command in '/home/thomas24/hive_ws2/build/nav_2d_msgs': CMAKE_PREFIX_PATH=${CMAKE_PREFIX_PATH}:/home/thomas24/hive_ws2/install/vanilla_brain_nav2:/home/thomas24/hive_ws2/install/nav2_loopback_sim:/home/thomas24/hive_ws2/install/nav2_simple_commander:/home/thomas24/hiveverse_ws/install/hive_tools:/home/thomas24/hiveverse_ws/install/hive_bringup:/opt/ros/jazzy DEBUGINFOD_URLS=https://debuginfod.ubuntu.com /usr/bin/cmake --install /home/thomas24/hive_ws2/build/nav_2d_msgs
[0.462s] -- Install configuration: ""
[0.463s] -- Up-to-date: /home/thomas24/hive_ws2/install/nav_2d_msgs/share/ament_index/resource_index/rosidl_interfaces/nav_2d_msgs
[0.464s] -- Up-to-date: /home/thomas24/hive_ws2/install/nav_2d_msgs/share/nav_2d_msgs/msg/Pose2D32.json
[0.464s] -- Up-to-date: /home/thomas24/hive_ws2/install/nav_2d_msgs/share/nav_2d_msgs/msg/Twist2D.json
[0.464s] -- Up-to-date: /home/thomas24/hive_ws2/install/nav_2d_msgs/share/nav_2d_msgs/msg/Twist2D32.json
[0.464s] -- Up-to-date: /home/thomas24/hive_ws2/install/nav_2d_msgs/share/nav_2d_msgs/msg/Twist2DStamped.json
[0.464s] -- Up-to-date: /home/thomas24/hive_ws2/install/nav_2d_msgs/include/nav_2d_msgs/nav_2d_msgs
[0.464s] -- Up-to-date: /home/thomas24/hive_ws2/install/nav_2d_msgs/include/nav_2d_msgs/nav_2d_msgs/msg
[0.464s] -- Up-to-date: /home/thomas24/hive_ws2/install/nav_2d_msgs/include/nav_2d_msgs/nav_2d_msgs/msg/twist2_d_stamped.h
[0.464s] -- Up-to-date: /home/thomas24/hive_ws2/install/nav_2d_msgs/include/nav_2d_msgs/nav_2d_msgs/msg/twist2_d32.h
[0.464s] -- Up-to-date: /home/thomas24/hive_ws2/install/nav_2d_msgs/include/nav_2d_msgs/nav_2d_msgs/msg/rosidl_generator_c__visibility_control.h
[0.464s] -- Up-to-date: /home/thomas24/hive_ws2/install/nav_2d_msgs/include/nav_2d_msgs/nav_2d_msgs/msg/twist2_d.h
[0.465s] -- Up-to-date: /home/thomas24/hive_ws2/install/nav_2d_msgs/include/nav_2d_msgs/nav_2d_msgs/msg/pose2_d32.h
[0.465s] -- Up-to-date: /home/thomas24/hive_ws2/install/nav_2d_msgs/include/nav_2d_msgs/nav_2d_msgs/msg/detail
[0.465s] -- Up-to-date: /home/thomas24/hive_ws2/install/nav_2d_msgs/include/nav_2d_msgs/nav_2d_msgs/msg/detail/pose2_d32__functions.c
[0.465s] -- Up-to-date: /home/thomas24/hive_ws2/install/nav_2d_msgs/include/nav_2d_msgs/nav_2d_msgs/msg/detail/twist2_d_stamped__type_support.c
[0.465s] -- Up-to-date: /home/thomas24/hive_ws2/install/nav_2d_msgs/include/nav_2d_msgs/nav_2d_msgs/msg/detail/twist2_d__description.c
[0.465s] -- Up-to-date: /home/thomas24/hive_ws2/install/nav_2d_msgs/include/nav_2d_msgs/nav_2d_msgs/msg/detail/twist2_d__type_support.h
[0.465s] -- Up-to-date: /home/thomas24/hive_ws2/install/nav_2d_msgs/include/nav_2d_msgs/nav_2d_msgs/msg/detail/twist2_d32__type_support.h
[0.465s] -- Up-to-date: /home/thomas24/hive_ws2/install/nav_2d_msgs/include/nav_2d_msgs/nav_2d_msgs/msg/detail/twist2_d32__description.c
[0.465s] -- Up-to-date: /home/thomas24/hive_ws2/install/nav_2d_msgs/include/nav_2d_msgs/nav_2d_msgs/msg/detail/pose2_d32__type_support.c
[0.465s] -- Up-to-date: /home/thomas24/hive_ws2/install/nav_2d_msgs/include/nav_2d_msgs/nav_2d_msgs/msg/detail/twist2_d__functions.c
[0.465s] -- Up-to-date: /home/thomas24/hive_ws2/install/nav_2d_msgs/include/nav_2d_msgs/nav_2d_msgs/msg/detail/twist2_d_stamped__functions.c
[0.465s] -- Up-to-date: /home/thomas24/hive_ws2/install/nav_2d_msgs/include/nav_2d_msgs/nav_2d_msgs/msg/detail/twist2_d_stamped__functions.h
[0.465s] -- Up-to-date: /home/thomas24/hive_ws2/install/nav_2d_msgs/include/nav_2d_msgs/nav_2d_msgs/msg/detail/twist2_d32__functions.c
[0.466s] -- Up-to-date: /home/thomas24/hive_ws2/install/nav_2d_msgs/include/nav_2d_msgs/nav_2d_msgs/msg/detail/twist2_d__type_support.c
[0.466s] -- Up-to-date: /home/thomas24/hive_ws2/install/nav_2d_msgs/include/nav_2d_msgs/nav_2d_msgs/msg/detail/pose2_d32__type_support.h
[0.466s] -- Up-to-date: /home/thomas24/hive_ws2/install/nav_2d_msgs/include/nav_2d_msgs/nav_2d_msgs/msg/detail/pose2_d32__functions.h
[0.466s] -- Up-to-date: /home/thomas24/hive_ws2/install/nav_2d_msgs/include/nav_2d_msgs/nav_2d_msgs/msg/detail/twist2_d__struct.h
[0.466s] -- Up-to-date: /home/thomas24/hive_ws2/install/nav_2d_msgs/include/nav_2d_msgs/nav_2d_msgs/msg/detail/twist2_d32__struct.h
[0.466s] -- Up-to-date: /home/thomas24/hive_ws2/install/nav_2d_msgs/include/nav_2d_msgs/nav_2d_msgs/msg/detail/pose2_d32__description.c
[0.466s] -- Up-to-date: /home/thomas24/hive_ws2/install/nav_2d_msgs/include/nav_2d_msgs/nav_2d_msgs/msg/detail/twist2_d_stamped__struct.h
[0.466s] -- Up-to-date: /home/thomas24/hive_ws2/install/nav_2d_msgs/include/nav_2d_msgs/nav_2d_msgs/msg/detail/twist2_d__functions.h
[0.466s] -- Up-to-date: /home/thomas24/hive_ws2/install/nav_2d_msgs/include/nav_2d_msgs/nav_2d_msgs/msg/detail/twist2_d32__type_support.c
[0.466s] -- Up-to-date: /home/thomas24/hive_ws2/install/nav_2d_msgs/include/nav_2d_msgs/nav_2d_msgs/msg/detail/twist2_d32__functions.h
[0.466s] -- Up-to-date: /home/thomas24/hive_ws2/install/nav_2d_msgs/include/nav_2d_msgs/nav_2d_msgs/msg/detail/twist2_d_stamped__description.c
[0.466s] -- Up-to-date: /home/thomas24/hive_ws2/install/nav_2d_msgs/include/nav_2d_msgs/nav_2d_msgs/msg/detail/pose2_d32__struct.h
[0.466s] -- Up-to-date: /home/thomas24/hive_ws2/install/nav_2d_msgs/include/nav_2d_msgs/nav_2d_msgs/msg/detail/twist2_d_stamped__type_support.h
[0.466s] -- Up-to-date: /home/thomas24/hive_ws2/install/nav_2d_msgs/share/nav_2d_msgs/environment/library_path.sh
[0.466s] -- Up-to-date: /home/thomas24/hive_ws2/install/nav_2d_msgs/share/nav_2d_msgs/environment/library_path.dsv
[0.467s] -- Up-to-date: /home/thomas24/hive_ws2/install/nav_2d_msgs/lib/libnav_2d_msgs__rosidl_generator_c.so
[0.467s] -- Up-to-date: /home/thomas24/hive_ws2/install/nav_2d_msgs/include/nav_2d_msgs/nav_2d_msgs
[0.467s] -- Up-to-date: /home/thomas24/hive_ws2/install/nav_2d_msgs/include/nav_2d_msgs/nav_2d_msgs/msg
[0.467s] -- Up-to-date: /home/thomas24/hive_ws2/install/nav_2d_msgs/include/nav_2d_msgs/nav_2d_msgs/msg/detail
[0.467s] -- Up-to-date: /home/thomas24/hive_ws2/install/nav_2d_msgs/include/nav_2d_msgs/nav_2d_msgs/msg/detail/twist2_d32__rosidl_typesupport_fastrtps_c.h
[0.467s] -- Up-to-date: /home/thomas24/hive_ws2/install/nav_2d_msgs/include/nav_2d_msgs/nav_2d_msgs/msg/detail/twist2_d_stamped__rosidl_typesupport_fastrtps_c.h
[0.467s] -- Up-to-date: /home/thomas24/hive_ws2/install/nav_2d_msgs/include/nav_2d_msgs/nav_2d_msgs/msg/detail/pose2_d32__rosidl_typesupport_fastrtps_c.h
[0.467s] -- Up-to-date: /home/thomas24/hive_ws2/install/nav_2d_msgs/include/nav_2d_msgs/nav_2d_msgs/msg/detail/twist2_d__rosidl_typesupport_fastrtps_c.h
[0.467s] -- Up-to-date: /home/thomas24/hive_ws2/install/nav_2d_msgs/include/nav_2d_msgs/nav_2d_msgs/msg/rosidl_typesupport_fastrtps_c__visibility_control.h
[0.467s] -- Up-to-date: /home/thomas24/hive_ws2/install/nav_2d_msgs/lib/libnav_2d_msgs__rosidl_typesupport_fastrtps_c.so
[0.467s] -- Up-to-date: /home/thomas24/hive_ws2/install/nav_2d_msgs/include/nav_2d_msgs/nav_2d_msgs
[0.467s] -- Up-to-date: /home/thomas24/hive_ws2/install/nav_2d_msgs/include/nav_2d_msgs/nav_2d_msgs/msg
[0.467s] -- Up-to-date: /home/thomas24/hive_ws2/install/nav_2d_msgs/include/nav_2d_msgs/nav_2d_msgs/msg/twist2_d_stamped.hpp
[0.467s] -- Up-to-date: /home/thomas24/hive_ws2/install/nav_2d_msgs/include/nav_2d_msgs/nav_2d_msgs/msg/pose2_d32.hpp
[0.468s] -- Up-to-date: /home/thomas24/hive_ws2/install/nav_2d_msgs/include/nav_2d_msgs/nav_2d_msgs/msg/twist2_d32.hpp
[0.468s] -- Up-to-date: /home/thomas24/hive_ws2/install/nav_2d_msgs/include/nav_2d_msgs/nav_2d_msgs/msg/rosidl_generator_cpp__visibility_control.hpp
[0.468s] -- Up-to-date: /home/thomas24/hive_ws2/install/nav_2d_msgs/include/nav_2d_msgs/nav_2d_msgs/msg/detail
[0.468s] -- Up-to-date: /home/thomas24/hive_ws2/install/nav_2d_msgs/include/nav_2d_msgs/nav_2d_msgs/msg/detail/twist2_d__traits.hpp
[0.468s] -- Up-to-date: /home/thomas24/hive_ws2/install/nav_2d_msgs/include/nav_2d_msgs/nav_2d_msgs/msg/detail/pose2_d32__type_support.hpp
[0.468s] -- Up-to-date: /home/thomas24/hive_ws2/install/nav_2d_msgs/include/nav_2d_msgs/nav_2d_msgs/msg/detail/twist2_d32__type_support.hpp
[0.468s] -- Up-to-date: /home/thomas24/hive_ws2/install/nav_2d_msgs/include/nav_2d_msgs/nav_2d_msgs/msg/detail/twist2_d_stamped__traits.hpp
[0.468s] -- Up-to-date: /home/thomas24/hive_ws2/install/nav_2d_msgs/include/nav_2d_msgs/nav_2d_msgs/msg/detail/twist2_d__type_support.hpp
[0.468s] -- Up-to-date: /home/thomas24/hive_ws2/install/nav_2d_msgs/include/nav_2d_msgs/nav_2d_msgs/msg/detail/twist2_d32__traits.hpp
[0.468s] -- Up-to-date: /home/thomas24/hive_ws2/install/nav_2d_msgs/include/nav_2d_msgs/nav_2d_msgs/msg/detail/twist2_d32__struct.hpp
[0.468s] -- Up-to-date: /home/thomas24/hive_ws2/install/nav_2d_msgs/include/nav_2d_msgs/nav_2d_msgs/msg/detail/pose2_d32__struct.hpp
[0.468s] -- Up-to-date: /home/thomas24/hive_ws2/install/nav_2d_msgs/include/nav_2d_msgs/nav_2d_msgs/msg/detail/twist2_d_stamped__type_support.hpp
[0.468s] -- Up-to-date: /home/thomas24/hive_ws2/install/nav_2d_msgs/include/nav_2d_msgs/nav_2d_msgs/msg/detail/pose2_d32__traits.hpp
[0.469s] -- Up-to-date: /home/thomas24/hive_ws2/install/nav_2d_msgs/include/nav_2d_msgs/nav_2d_msgs/msg/detail/twist2_d_stamped__builder.hpp
[0.469s] -- Up-to-date: /home/thomas24/hive_ws2/install/nav_2d_msgs/include/nav_2d_msgs/nav_2d_msgs/msg/detail/twist2_d__struct.hpp
[0.469s] -- Up-to-date: /home/thomas24/hive_ws2/install/nav_2d_msgs/include/nav_2d_msgs/nav_2d_msgs/msg/detail/pose2_d32__builder.hpp
[0.469s] -- Up-to-date: /home/thomas24/hive_ws2/install/nav_2d_msgs/include/nav_2d_msgs/nav_2d_msgs/msg/detail/twist2_d__builder.hpp
[0.469s] -- Up-to-date: /home/thomas24/hive_ws2/install/nav_2d_msgs/include/nav_2d_msgs/nav_2d_msgs/msg/detail/twist2_d32__builder.hpp
[0.469s] -- Up-to-date: /home/thomas24/hive_ws2/install/nav_2d_msgs/include/nav_2d_msgs/nav_2d_msgs/msg/detail/twist2_d_stamped__struct.hpp
[0.469s] -- Up-to-date: /home/thomas24/hive_ws2/install/nav_2d_msgs/include/nav_2d_msgs/nav_2d_msgs/msg/twist2_d.hpp
[0.469s] -- Up-to-date: /home/thomas24/hive_ws2/install/nav_2d_msgs/include/nav_2d_msgs/nav_2d_msgs
[0.469s] -- Up-to-date: /home/thomas24/hive_ws2/install/nav_2d_msgs/include/nav_2d_msgs/nav_2d_msgs/msg
[0.469s] -- Up-to-date: /home/thomas24/hive_ws2/install/nav_2d_msgs/include/nav_2d_msgs/nav_2d_msgs/msg/rosidl_typesupport_fastrtps_cpp__visibility_control.h
[0.469s] -- Up-to-date: /home/thomas24/hive_ws2/install/nav_2d_msgs/include/nav_2d_msgs/nav_2d_msgs/msg/detail
[0.469s] -- Up-to-date: /home/thomas24/hive_ws2/install/nav_2d_msgs/include/nav_2d_msgs/nav_2d_msgs/msg/detail/twist2_d_stamped__rosidl_typesupport_fastrtps_cpp.hpp
[0.469s] -- Up-to-date: /home/thomas24/hive_ws2/install/nav_2d_msgs/include/nav_2d_msgs/nav_2d_msgs/msg/detail/twist2_d32__rosidl_typesupport_fastrtps_cpp.hpp
[0.469s] -- Up-to-date: /home/thomas24/hive_ws2/install/nav_2d_msgs/include/nav_2d_msgs/nav_2d_msgs/msg/detail/twist2_d__rosidl_typesupport_fastrtps_cpp.hpp
[0.469s] -- Up-to-date: /home/thomas24/hive_ws2/install/nav_2d_msgs/include/nav_2d_msgs/nav_2d_msgs/msg/detail/pose2_d32__rosidl_typesupport_fastrtps_cpp.hpp
[0.469s] -- Up-to-date: /home/thomas24/hive_ws2/install/nav_2d_msgs/include/nav_2d_msgs/nav_2d_msgs/msg/detail/dds_fastrtps
[0.470s] -- Up-to-date: /home/thomas24/hive_ws2/install/nav_2d_msgs/lib/libnav_2d_msgs__rosidl_typesupport_fastrtps_cpp.so
[0.470s] -- Up-to-date: /home/thomas24/hive_ws2/install/nav_2d_msgs/include/nav_2d_msgs/nav_2d_msgs
[0.470s] -- Up-to-date: /home/thomas24/hive_ws2/install/nav_2d_msgs/include/nav_2d_msgs/nav_2d_msgs/msg
[0.470s] -- Up-to-date: /home/thomas24/hive_ws2/install/nav_2d_msgs/include/nav_2d_msgs/nav_2d_msgs/msg/rosidl_typesupport_introspection_c__visibility_control.h
[0.470s] -- Up-to-date: /home/thomas24/hive_ws2/install/nav_2d_msgs/include/nav_2d_msgs/nav_2d_msgs/msg/detail
[0.470s] -- Up-to-date: /home/thomas24/hive_ws2/install/nav_2d_msgs/include/nav_2d_msgs/nav_2d_msgs/msg/detail/twist2_d_stamped__type_support.c
[0.470s] -- Up-to-date: /home/thomas24/hive_ws2/install/nav_2d_msgs/include/nav_2d_msgs/nav_2d_msgs/msg/detail/pose2_d32__type_support.c
[0.470s] -- Up-to-date: /home/thomas24/hive_ws2/install/nav_2d_msgs/include/nav_2d_msgs/nav_2d_msgs/msg/detail/pose2_d32__rosidl_typesupport_introspection_c.h
[0.470s] -- Up-to-date: /home/thomas24/hive_ws2/install/nav_2d_msgs/include/nav_2d_msgs/nav_2d_msgs/msg/detail/twist2_d__rosidl_typesupport_introspection_c.h
[0.470s] -- Up-to-date: /home/thomas24/hive_ws2/install/nav_2d_msgs/include/nav_2d_msgs/nav_2d_msgs/msg/detail/twist2_d__type_support.c
[0.470s] -- Up-to-date: /home/thomas24/hive_ws2/install/nav_2d_msgs/include/nav_2d_msgs/nav_2d_msgs/msg/detail/twist2_d_stamped__rosidl_typesupport_introspection_c.h
[0.470s] -- Up-to-date: /home/thomas24/hive_ws2/install/nav_2d_msgs/include/nav_2d_msgs/nav_2d_msgs/msg/detail/twist2_d32__rosidl_typesupport_introspection_c.h
[0.470s] -- Up-to-date: /home/thomas24/hive_ws2/install/nav_2d_msgs/include/nav_2d_msgs/nav_2d_msgs/msg/detail/twist2_d32__type_support.c
[0.470s] -- Up-to-date: /home/thomas24/hive_ws2/install/nav_2d_msgs/lib/libnav_2d_msgs__rosidl_typesupport_introspection_c.so
[0.470s] -- Up-to-date: /home/thomas24/hive_ws2/install/nav_2d_msgs/lib/libnav_2d_msgs__rosidl_typesupport_c.so
[0.470s] -- Up-to-date: /home/thomas24/hive_ws2/install/nav_2d_msgs/include/nav_2d_msgs/nav_2d_msgs
[0.471s] -- Up-to-date: /home/thomas24/hive_ws2/install/nav_2d_msgs/include/nav_2d_msgs/nav_2d_msgs/msg
[0.471s] -- Up-to-date: /home/thomas24/hive_ws2/install/nav_2d_msgs/include/nav_2d_msgs/nav_2d_msgs/msg/detail
[0.471s] -- Up-to-date: /home/thomas24/hive_ws2/install/nav_2d_msgs/include/nav_2d_msgs/nav_2d_msgs/msg/detail/twist2_d32__rosidl_typesupport_introspection_cpp.hpp
[0.471s] -- Up-to-date: /home/thomas24/hive_ws2/install/nav_2d_msgs/include/nav_2d_msgs/nav_2d_msgs/msg/detail/twist2_d32__type_support.cpp
[0.471s] -- Up-to-date: /home/thomas24/hive_ws2/install/nav_2d_msgs/include/nav_2d_msgs/nav_2d_msgs/msg/detail/twist2_d_stamped__rosidl_typesupport_introspection_cpp.hpp
[0.471s] -- Up-to-date: /home/thomas24/hive_ws2/install/nav_2d_msgs/include/nav_2d_msgs/nav_2d_msgs/msg/detail/twist2_d__rosidl_typesupport_introspection_cpp.hpp
[0.471s] -- Up-to-date: /home/thomas24/hive_ws2/install/nav_2d_msgs/include/nav_2d_msgs/nav_2d_msgs/msg/detail/pose2_d32__type_support.cpp
[0.471s] -- Up-to-date: /home/thomas24/hive_ws2/install/nav_2d_msgs/include/nav_2d_msgs/nav_2d_msgs/msg/detail/twist2_d__type_support.cpp
[0.471s] -- Up-to-date: /home/thomas24/hive_ws2/install/nav_2d_msgs/include/nav_2d_msgs/nav_2d_msgs/msg/detail/pose2_d32__rosidl_typesupport_introspection_cpp.hpp
[0.471s] -- Up-to-date: /home/thomas24/hive_ws2/install/nav_2d_msgs/include/nav_2d_msgs/nav_2d_msgs/msg/detail/twist2_d_stamped__type_support.cpp
[0.471s] -- Up-to-date: /home/thomas24/hive_ws2/install/nav_2d_msgs/lib/libnav_2d_msgs__rosidl_typesupport_introspection_cpp.so
[0.471s] -- Up-to-date: /home/thomas24/hive_ws2/install/nav_2d_msgs/lib/libnav_2d_msgs__rosidl_typesupport_cpp.so
[0.471s] -- Up-to-date: /home/thomas24/hive_ws2/install/nav_2d_msgs/share/nav_2d_msgs/environment/pythonpath.sh
[0.471s] -- Up-to-date: /home/thomas24/hive_ws2/install/nav_2d_msgs/share/nav_2d_msgs/environment/pythonpath.dsv
[0.471s] -- Up-to-date: /home/thomas24/hive_ws2/install/nav_2d_msgs/lib/python3.12/site-packages/nav_2d_msgs-1.4.0-py3.12.egg-info
[0.471s] -- Installing: /home/thomas24/hive_ws2/install/nav_2d_msgs/lib/python3.12/site-packages/nav_2d_msgs-1.4.0-py3.12.egg-info/dependency_links.txt
[0.472s] -- Installing: /home/thomas24/hive_ws2/install/nav_2d_msgs/lib/python3.12/site-packages/nav_2d_msgs-1.4.0-py3.12.egg-info/SOURCES.txt
[0.472s] -- Installing: /home/thomas24/hive_ws2/install/nav_2d_msgs/lib/python3.12/site-packages/nav_2d_msgs-1.4.0-py3.12.egg-info/top_level.txt
[0.472s] -- Installing: /home/thomas24/hive_ws2/install/nav_2d_msgs/lib/python3.12/site-packages/nav_2d_msgs-1.4.0-py3.12.egg-info/PKG-INFO
[0.472s] -- Up-to-date: /home/thomas24/hive_ws2/install/nav_2d_msgs/lib/python3.12/site-packages/nav_2d_msgs
[0.472s] -- Up-to-date: /home/thomas24/hive_ws2/install/nav_2d_msgs/lib/python3.12/site-packages/nav_2d_msgs/_nav_2d_msgs_s.ep.rosidl_typesupport_introspection_c.c
[0.472s] -- Up-to-date: /home/thomas24/hive_ws2/install/nav_2d_msgs/lib/python3.12/site-packages/nav_2d_msgs/__init__.py
[0.472s] -- Up-to-date: /home/thomas24/hive_ws2/install/nav_2d_msgs/lib/python3.12/site-packages/nav_2d_msgs/nav_2d_msgs_s__rosidl_typesupport_c.so
[0.472s] -- Up-to-date: /home/thomas24/hive_ws2/install/nav_2d_msgs/lib/python3.12/site-packages/nav_2d_msgs/_nav_2d_msgs_s.ep.rosidl_typesupport_fastrtps_c.c
[0.472s] -- Up-to-date: /home/thomas24/hive_ws2/install/nav_2d_msgs/lib/python3.12/site-packages/nav_2d_msgs/nav_2d_msgs_s__rosidl_typesupport_fastrtps_c.so
[0.472s] -- Up-to-date: /home/thomas24/hive_ws2/install/nav_2d_msgs/lib/python3.12/site-packages/nav_2d_msgs/_nav_2d_msgs_s.ep.rosidl_typesupport_c.c
[0.472s] -- Up-to-date: /home/thomas24/hive_ws2/install/nav_2d_msgs/lib/python3.12/site-packages/nav_2d_msgs/nav_2d_msgs_s__rosidl_typesupport_introspection_c.so
[0.472s] -- Up-to-date: /home/thomas24/hive_ws2/install/nav_2d_msgs/lib/python3.12/site-packages/nav_2d_msgs/msg
[0.472s] -- Up-to-date: /home/thomas24/hive_ws2/install/nav_2d_msgs/lib/python3.12/site-packages/nav_2d_msgs/msg/_pose2_d32.py
[0.472s] -- Up-to-date: /home/thomas24/hive_ws2/install/nav_2d_msgs/lib/python3.12/site-packages/nav_2d_msgs/msg/_twist2_d_stamped_s.c
[0.472s] -- Up-to-date: /home/thomas24/hive_ws2/install/nav_2d_msgs/lib/python3.12/site-packages/nav_2d_msgs/msg/__init__.py
[0.472s] -- Up-to-date: /home/thomas24/hive_ws2/install/nav_2d_msgs/lib/python3.12/site-packages/nav_2d_msgs/msg/_pose2_d32_s.c
[0.472s] -- Up-to-date: /home/thomas24/hive_ws2/install/nav_2d_msgs/lib/python3.12/site-packages/nav_2d_msgs/msg/_twist2_d32_s.c
[0.473s] -- Up-to-date: /home/thomas24/hive_ws2/install/nav_2d_msgs/lib/python3.12/site-packages/nav_2d_msgs/msg/_twist2_d_stamped.py
[0.473s] -- Up-to-date: /home/thomas24/hive_ws2/install/nav_2d_msgs/lib/python3.12/site-packages/nav_2d_msgs/msg/_twist2_d32.py
[0.473s] -- Up-to-date: /home/thomas24/hive_ws2/install/nav_2d_msgs/lib/python3.12/site-packages/nav_2d_msgs/msg/_twist2_d_s.c
[0.473s] -- Up-to-date: /home/thomas24/hive_ws2/install/nav_2d_msgs/lib/python3.12/site-packages/nav_2d_msgs/msg/_twist2_d.py
[0.503s] Listing '/home/thomas24/hive_ws2/install/nav_2d_msgs/lib/python3.12/site-packages/nav_2d_msgs'...
[0.503s] Listing '/home/thomas24/hive_ws2/install/nav_2d_msgs/lib/python3.12/site-packages/nav_2d_msgs/msg'...
[0.509s] -- Up-to-date: /home/thomas24/hive_ws2/install/nav_2d_msgs/lib/python3.12/site-packages/nav_2d_msgs/nav_2d_msgs_s__rosidl_typesupport_fastrtps_c.so
[0.510s] -- Up-to-date: /home/thomas24/hive_ws2/install/nav_2d_msgs/lib/python3.12/site-packages/nav_2d_msgs/nav_2d_msgs_s__rosidl_typesupport_introspection_c.so
[0.510s] -- Up-to-date: /home/thomas24/hive_ws2/install/nav_2d_msgs/lib/python3.12/site-packages/nav_2d_msgs/nav_2d_msgs_s__rosidl_typesupport_c.so
[0.510s] -- Up-to-date: /home/thomas24/hive_ws2/install/nav_2d_msgs/lib/libnav_2d_msgs__rosidl_generator_py.so
[0.510s] -- Up-to-date: /home/thomas24/hive_ws2/install/nav_2d_msgs/share/nav_2d_msgs/msg/Pose2D32.idl
[0.510s] -- Up-to-date: /home/thomas24/hive_ws2/install/nav_2d_msgs/share/nav_2d_msgs/msg/Twist2D.idl
[0.510s] -- Up-to-date: /home/thomas24/hive_ws2/install/nav_2d_msgs/share/nav_2d_msgs/msg/Twist2D32.idl
[0.511s] -- Up-to-date: /home/thomas24/hive_ws2/install/nav_2d_msgs/share/nav_2d_msgs/msg/Twist2DStamped.idl
[0.511s] -- Up-to-date: /home/thomas24/hive_ws2/install/nav_2d_msgs/share/nav_2d_msgs/msg/Pose2D32.msg
[0.511s] -- Up-to-date: /home/thomas24/hive_ws2/install/nav_2d_msgs/share/nav_2d_msgs/msg/Twist2D.msg
[0.511s] -- Up-to-date: /home/thomas24/hive_ws2/install/nav_2d_msgs/share/nav_2d_msgs/msg/Twist2D32.msg
[0.511s] -- Up-to-date: /home/thomas24/hive_ws2/install/nav_2d_msgs/share/nav_2d_msgs/msg/Twist2DStamped.msg
[0.511s] -- Up-to-date: /home/thomas24/hive_ws2/install/nav_2d_msgs/share/ament_index/resource_index/package_run_dependencies/nav_2d_msgs
[0.511s] -- Up-to-date: /home/thomas24/hive_ws2/install/nav_2d_msgs/share/ament_index/resource_index/parent_prefix_path/nav_2d_msgs
[0.511s] -- Up-to-date: /home/thomas24/hive_ws2/install/nav_2d_msgs/share/nav_2d_msgs/environment/ament_prefix_path.sh
[0.512s] -- Up-to-date: /home/thomas24/hive_ws2/install/nav_2d_msgs/share/nav_2d_msgs/environment/ament_prefix_path.dsv
[0.512s] -- Up-to-date: /home/thomas24/hive_ws2/install/nav_2d_msgs/share/nav_2d_msgs/environment/path.sh
[0.512s] -- Up-to-date: /home/thomas24/hive_ws2/install/nav_2d_msgs/share/nav_2d_msgs/environment/path.dsv
[0.512s] -- Up-to-date: /home/thomas24/hive_ws2/install/nav_2d_msgs/share/nav_2d_msgs/local_setup.bash
[0.512s] -- Up-to-date: /home/thomas24/hive_ws2/install/nav_2d_msgs/share/nav_2d_msgs/local_setup.sh
[0.512s] -- Up-to-date: /home/thomas24/hive_ws2/install/nav_2d_msgs/share/nav_2d_msgs/local_setup.zsh
[0.513s] -- Up-to-date: /home/thomas24/hive_ws2/install/nav_2d_msgs/share/nav_2d_msgs/local_setup.dsv
[0.513s] -- Installing: /home/thomas24/hive_ws2/install/nav_2d_msgs/share/nav_2d_msgs/package.dsv
[0.513s] -- Up-to-date: /home/thomas24/hive_ws2/install/nav_2d_msgs/share/ament_index/resource_index/packages/nav_2d_msgs
[0.513s] -- Up-to-date: /home/thomas24/hive_ws2/install/nav_2d_msgs/share/nav_2d_msgs/cmake/export_nav_2d_msgs__rosidl_generator_cExport.cmake
[0.513s] -- Up-to-date: /home/thomas24/hive_ws2/install/nav_2d_msgs/share/nav_2d_msgs/cmake/export_nav_2d_msgs__rosidl_generator_cExport-noconfig.cmake
[0.513s] -- Up-to-date: /home/thomas24/hive_ws2/install/nav_2d_msgs/share/nav_2d_msgs/cmake/export_nav_2d_msgs__rosidl_typesupport_fastrtps_cExport.cmake
[0.513s] -- Up-to-date: /home/thomas24/hive_ws2/install/nav_2d_msgs/share/nav_2d_msgs/cmake/export_nav_2d_msgs__rosidl_typesupport_fastrtps_cExport-noconfig.cmake
[0.513s] -- Up-to-date: /home/thomas24/hive_ws2/install/nav_2d_msgs/share/nav_2d_msgs/cmake/export_nav_2d_msgs__rosidl_generator_cppExport.cmake
[0.513s] -- Up-to-date: /home/thomas24/hive_ws2/install/nav_2d_msgs/share/nav_2d_msgs/cmake/export_nav_2d_msgs__rosidl_typesupport_fastrtps_cppExport.cmake
[0.513s] -- Up-to-date: /home/thomas24/hive_ws2/install/nav_2d_msgs/share/nav_2d_msgs/cmake/export_nav_2d_msgs__rosidl_typesupport_fastrtps_cppExport-noconfig.cmake
[0.514s] -- Up-to-date: /home/thomas24/hive_ws2/install/nav_2d_msgs/share/nav_2d_msgs/cmake/nav_2d_msgs__rosidl_typesupport_introspection_cExport.cmake
[0.514s] -- Up-to-date: /home/thomas24/hive_ws2/install/nav_2d_msgs/share/nav_2d_msgs/cmake/nav_2d_msgs__rosidl_typesupport_introspection_cExport-noconfig.cmake
[0.514s] -- Up-to-date: /home/thomas24/hive_ws2/install/nav_2d_msgs/share/nav_2d_msgs/cmake/nav_2d_msgs__rosidl_typesupport_cExport.cmake
[0.514s] -- Up-to-date: /home/thomas24/hive_ws2/install/nav_2d_msgs/share/nav_2d_msgs/cmake/nav_2d_msgs__rosidl_typesupport_cExport-noconfig.cmake
[0.514s] -- Up-to-date: /home/thomas24/hive_ws2/install/nav_2d_msgs/share/nav_2d_msgs/cmake/nav_2d_msgs__rosidl_typesupport_introspection_cppExport.cmake
[0.514s] -- Up-to-date: /home/thomas24/hive_ws2/install/nav_2d_msgs/share/nav_2d_msgs/cmake/nav_2d_msgs__rosidl_typesupport_introspection_cppExport-noconfig.cmake
[0.514s] -- Up-to-date: /home/thomas24/hive_ws2/install/nav_2d_msgs/share/nav_2d_msgs/cmake/nav_2d_msgs__rosidl_typesupport_cppExport.cmake
[0.514s] -- Up-to-date: /home/thomas24/hive_ws2/install/nav_2d_msgs/share/nav_2d_msgs/cmake/nav_2d_msgs__rosidl_typesupport_cppExport-noconfig.cmake
[0.514s] -- Up-to-date: /home/thomas24/hive_ws2/install/nav_2d_msgs/share/nav_2d_msgs/cmake/export_nav_2d_msgs__rosidl_generator_pyExport.cmake
[0.515s] -- Up-to-date: /home/thomas24/hive_ws2/install/nav_2d_msgs/share/nav_2d_msgs/cmake/export_nav_2d_msgs__rosidl_generator_pyExport-noconfig.cmake
[0.515s] -- Up-to-date: /home/thomas24/hive_ws2/install/nav_2d_msgs/share/nav_2d_msgs/cmake/rosidl_cmake-extras.cmake
[0.515s] -- Up-to-date: /home/thomas24/hive_ws2/install/nav_2d_msgs/share/nav_2d_msgs/cmake/ament_cmake_export_dependencies-extras.cmake
[0.515s] -- Up-to-date: /home/thomas24/hive_ws2/install/nav_2d_msgs/share/nav_2d_msgs/cmake/ament_cmake_export_include_directories-extras.cmake
[0.515s] -- Up-to-date: /home/thomas24/hive_ws2/install/nav_2d_msgs/share/nav_2d_msgs/cmake/ament_cmake_export_libraries-extras.cmake
[0.515s] -- Up-to-date: /home/thomas24/hive_ws2/install/nav_2d_msgs/share/nav_2d_msgs/cmake/ament_cmake_export_targets-extras.cmake
[0.516s] -- Up-to-date: /home/thomas24/hive_ws2/install/nav_2d_msgs/share/nav_2d_msgs/cmake/rosidl_cmake_export_typesupport_targets-extras.cmake
[0.516s] -- Up-to-date: /home/thomas24/hive_ws2/install/nav_2d_msgs/share/nav_2d_msgs/cmake/rosidl_cmake_export_typesupport_libraries-extras.cmake
[0.516s] -- Up-to-date: /home/thomas24/hive_ws2/install/nav_2d_msgs/share/nav_2d_msgs/cmake/nav_2d_msgsConfig.cmake
[0.516s] -- Up-to-date: /home/thomas24/hive_ws2/install/nav_2d_msgs/share/nav_2d_msgs/cmake/nav_2d_msgsConfig-version.cmake
[0.516s] -- Up-to-date: /home/thomas24/hive_ws2/install/nav_2d_msgs/share/nav_2d_msgs/package.xml
[0.543s] Invoked command in '/home/thomas24/hive_ws2/build/nav_2d_msgs' returned '0': CMAKE_PREFIX_PATH=${CMAKE_PREFIX_PATH}:/home/thomas24/hive_ws2/install/vanilla_brain_nav2:/home/thomas24/hive_ws2/install/nav2_loopback_sim:/home/thomas24/hive_ws2/install/nav2_simple_commander:/home/thomas24/hiveverse_ws/install/hive_tools:/home/thomas24/hiveverse_ws/install/hive_bringup:/opt/ros/jazzy DEBUGINFOD_URLS=https://debuginfod.ubuntu.com /usr/bin/cmake --install /home/thomas24/hive_ws2/build/nav_2d_msgs
