-- Found ament_cmake: 2.5.4 (/opt/ros/jazzy/share/ament_cmake/cmake)
-- Override CMake install command with custom implementation using symlinks instead of copying resources
-- Found geometry_msgs: 5.3.6 (/opt/ros/jazzy/share/geometry_msgs/cmake)
-- Found rosidl_generator_c: 4.6.6 (/opt/ros/jazzy/share/rosidl_generator_c/cmake)
-- Found rosidl_generator_cpp: 4.6.6 (/opt/ros/jazzy/share/rosidl_generator_cpp/cmake)
-- Using all available rosidl_typesupport_c: rosidl_typesupport_fastrtps_c;rosidl_typesupport_introspection_c
-- Using all available rosidl_typesupport_cpp: rosidl_typesupport_fastrtps_cpp;rosidl_typesupport_introspection_cpp
-- Found nav2_common: 1.4.0 (/home/thomas24/hive_ws2/install/nav2_common/share/nav2_common/cmake)
-- Found nav2_util: 1.4.0 (/home/thomas24/hive_ws2/install/nav2_util/share/nav2_util/cmake)
-- Found rmw_implementation_cmake: 7.3.2 (/opt/ros/jazzy/share/rmw_implementation_cmake/cmake)
-- Found rmw_fastrtps_cpp: 8.4.3 (/opt/ros/jazzy/share/rmw_fastrtps_cpp/cmake)
-- Using RMW implementation 'rmw_fastrtps_cpp' as default
-- Found eigen3_cmake_module: 0.3.0 (/opt/ros/jazzy/share/eigen3_cmake_module/cmake)
-- Ensuring Eigen3 include directory is part of orocos-kdl CMake target
-- Found ament_lint_auto: 0.17.3 (/opt/ros/jazzy/share/ament_lint_auto/cmake)
-- Found gtest sources under '/opt/ros/jazzy/src/gtest_vendor': C++ tests using 'Google Test' will be built
-- Added test 'cppcheck' to perform static code analysis on C / C++ code
-- Configured cppcheck include dirs: $<BUILD_INTERFACE:/home/thomas24/hive_ws2/src/navigation2/nav2_velocity_smoother/include>
-- Configured cppcheck exclude dirs and/or files: 
-- Added test 'cpplint' to check C / C++ code against the Google style
-- Configured cpplint exclude dirs and/or files: 
-- Added test 'lint_cmake' to check CMake code style
-- Added test 'uncrustify' to check C / C++ code style
-- Configured uncrustify additional arguments: 
-- Added test 'xmllint' to check XML markup files
-- Configuring done (1.0s)
-- Generating done (0.0s)
-- Build files have been written to: /home/thomas24/hive_ws2/build/nav2_velocity_smoother
[ 20%] Built target gtest
[ 40%] Built target gtest_main
[ 60%] Built target velocity_smoother_core
[ 80%] Built target velocity_smoother_tests
[100%] Built target velocity_smoother
-- Install configuration: "Release"
-- Execute custom install script
-- Up-to-date symlink: /home/thomas24/hive_ws2/install/nav2_velocity_smoother/lib/libvelocity_smoother_core.so
-- Up-to-date symlink: /home/thomas24/hive_ws2/install/nav2_velocity_smoother/lib/nav2_velocity_smoother/velocity_smoother
-- Up-to-date symlink: /home/thomas24/hive_ws2/install/nav2_velocity_smoother/include/nav2_velocity_smoother/nav2_velocity_smoother/velocity_smoother.hpp
-- Up-to-date symlink: /home/thomas24/hive_ws2/install/nav2_velocity_smoother/share/nav2_velocity_smoother/environment/library_path.sh
-- Up-to-date symlink: /home/thomas24/hive_ws2/install/nav2_velocity_smoother/share/nav2_velocity_smoother/environment/library_path.dsv
-- Up-to-date symlink: /home/thomas24/hive_ws2/install/nav2_velocity_smoother/share/ament_index/resource_index/package_run_dependencies/nav2_velocity_smoother
-- Up-to-date symlink: /home/thomas24/hive_ws2/install/nav2_velocity_smoother/share/ament_index/resource_index/parent_prefix_path/nav2_velocity_smoother
-- Up-to-date symlink: /home/thomas24/hive_ws2/install/nav2_velocity_smoother/share/nav2_velocity_smoother/environment/ament_prefix_path.sh
-- Up-to-date symlink: /home/thomas24/hive_ws2/install/nav2_velocity_smoother/share/nav2_velocity_smoother/environment/ament_prefix_path.dsv
-- Up-to-date symlink: /home/thomas24/hive_ws2/install/nav2_velocity_smoother/share/nav2_velocity_smoother/environment/path.sh
-- Up-to-date symlink: /home/thomas24/hive_ws2/install/nav2_velocity_smoother/share/nav2_velocity_smoother/environment/path.dsv
-- Up-to-date symlink: /home/thomas24/hive_ws2/install/nav2_velocity_smoother/share/nav2_velocity_smoother/local_setup.bash
-- Up-to-date symlink: /home/thomas24/hive_ws2/install/nav2_velocity_smoother/share/nav2_velocity_smoother/local_setup.sh
-- Up-to-date symlink: /home/thomas24/hive_ws2/install/nav2_velocity_smoother/share/nav2_velocity_smoother/local_setup.zsh
-- Up-to-date symlink: /home/thomas24/hive_ws2/install/nav2_velocity_smoother/share/nav2_velocity_smoother/local_setup.dsv
-- Symlinking: /home/thomas24/hive_ws2/install/nav2_velocity_smoother/share/nav2_velocity_smoother/package.dsv
-- Up-to-date symlink: /home/thomas24/hive_ws2/install/nav2_velocity_smoother/share/ament_index/resource_index/packages/nav2_velocity_smoother
-- Up-to-date symlink: /home/thomas24/hive_ws2/install/nav2_velocity_smoother/share/ament_index/resource_index/rclcpp_components/nav2_velocity_smoother
-- Up-to-date symlink: /home/thomas24/hive_ws2/install/nav2_velocity_smoother/share/nav2_velocity_smoother/cmake/ament_cmake_export_include_directories-extras.cmake
-- Up-to-date symlink: /home/thomas24/hive_ws2/install/nav2_velocity_smoother/share/nav2_velocity_smoother/cmake/ament_cmake_export_libraries-extras.cmake
-- Up-to-date symlink: /home/thomas24/hive_ws2/install/nav2_velocity_smoother/share/nav2_velocity_smoother/cmake/ament_cmake_export_dependencies-extras.cmake
-- Up-to-date symlink: /home/thomas24/hive_ws2/install/nav2_velocity_smoother/share/nav2_velocity_smoother/cmake/nav2_velocity_smootherConfig.cmake
-- Up-to-date symlink: /home/thomas24/hive_ws2/install/nav2_velocity_smoother/share/nav2_velocity_smoother/cmake/nav2_velocity_smootherConfig-version.cmake
-- Up-to-date symlink: /home/thomas24/hive_ws2/install/nav2_velocity_smoother/share/nav2_velocity_smoother/package.xml
