-- Found ament_cmake: 2.5.4 (/opt/ros/jazzy/share/ament_cmake/cmake)
-- Override CMake install command with custom implementation using symlinks instead of copying resources
-- Found bondcpp: 4.1.2 (/opt/ros/jazzy/share/bondcpp/cmake)
-- Found rosidl_generator_c: 4.6.6 (/opt/ros/jazzy/share/rosidl_generator_c/cmake)
-- Found rosidl_generator_cpp: 4.6.6 (/opt/ros/jazzy/share/rosidl_generator_cpp/cmake)
-- Using all available rosidl_typesupport_c: rosidl_typesupport_fastrtps_c;rosidl_typesupport_introspection_c
-- Using all available rosidl_typesupport_cpp: rosidl_typesupport_fastrtps_cpp;rosidl_typesupport_introspection_cpp
-- Found rmw_implementation_cmake: 7.3.2 (/opt/ros/jazzy/share/rmw_implementation_cmake/cmake)
-- Found rmw_fastrtps_cpp: 8.4.3 (/opt/ros/jazzy/share/rmw_fastrtps_cpp/cmake)
-- Using RMW implementation 'rmw_fastrtps_cpp' as default
-- Found diagnostic_updater: 4.2.6 (/opt/ros/jazzy/share/diagnostic_updater/cmake)
-- Found geometry_msgs: 5.3.6 (/opt/ros/jazzy/share/geometry_msgs/cmake)
-- Found nav2_common: 1.4.0 (/home/thomas24/hive_ws2/install/nav2_common/share/nav2_common/cmake)
-- Found nav2_msgs: 1.4.0 (/home/thomas24/hive_ws2/install/nav2_msgs/share/nav2_msgs/cmake)
-- Found nav2_util: 1.4.0 (/home/thomas24/hive_ws2/install/nav2_util/share/nav2_util/cmake)
-- Found eigen3_cmake_module: 0.3.0 (/opt/ros/jazzy/share/eigen3_cmake_module/cmake)
-- Ensuring Eigen3 include directory is part of orocos-kdl CMake target
-- Found std_srvs: 5.3.6 (/opt/ros/jazzy/share/std_srvs/cmake)
-- Found ament_lint_auto: 0.17.3 (/opt/ros/jazzy/share/ament_lint_auto/cmake)
-- Found gtest sources under '/opt/ros/jazzy/src/gtest_vendor': C++ tests using 'Google Test' will be built
-- Added test 'copyright' to check source files copyright and LICENSE
-- Added test 'cppcheck' to perform static code analysis on C / C++ code
-- Configured cppcheck include dirs: $<BUILD_INTERFACE:/home/thomas24/hive_ws2/src/navigation2/nav2_lifecycle_manager/include>
-- Configured cppcheck exclude dirs and/or files: 
-- Added test 'cpplint' to check C / C++ code against the Google style
-- Configured cpplint exclude dirs and/or files: 
-- Added test 'flake8' to check Python code syntax and style conventions
-- Configured 'flake8' exclude dirs and/or files: 
-- Added test 'lint_cmake' to check CMake code style
-- Added test 'pep257' to check Python code against some of the docstring style conventions in PEP 257
-- Added test 'uncrustify' to check C / C++ code style
-- Configured uncrustify additional arguments: 
-- Added test 'xmllint' to check XML markup files
-- Configuring done (1.0s)
-- Generating done (0.0s)
-- Build files have been written to: /home/thomas24/hive_ws2/build/nav2_lifecycle_manager
[ 15%] Built target gtest
[ 30%] Built target gtest_main
[ 53%] Built target nav2_lifecycle_manager_core
[ 69%] Built target test_lifecycle_gtest
[ 84%] Built target lifecycle_manager
[100%] Built target test_bond_gtest
-- Install configuration: "Release"
-- Execute custom install script
-- Up-to-date symlink: /home/thomas24/hive_ws2/install/nav2_lifecycle_manager/lib/nav2_lifecycle_manager/lifecycle_manager
-- Up-to-date symlink: /home/thomas24/hive_ws2/install/nav2_lifecycle_manager/include/nav2_lifecycle_manager/nav2_lifecycle_manager/lifecycle_manager.hpp
-- Up-to-date symlink: /home/thomas24/hive_ws2/install/nav2_lifecycle_manager/include/nav2_lifecycle_manager/nav2_lifecycle_manager/lifecycle_manager_client.hpp
-- Up-to-date symlink: /home/thomas24/hive_ws2/install/nav2_lifecycle_manager/share/nav2_lifecycle_manager/environment/library_path.sh
-- Up-to-date symlink: /home/thomas24/hive_ws2/install/nav2_lifecycle_manager/share/nav2_lifecycle_manager/environment/library_path.dsv
-- Up-to-date symlink: /home/thomas24/hive_ws2/install/nav2_lifecycle_manager/share/ament_index/resource_index/package_run_dependencies/nav2_lifecycle_manager
-- Up-to-date symlink: /home/thomas24/hive_ws2/install/nav2_lifecycle_manager/share/ament_index/resource_index/parent_prefix_path/nav2_lifecycle_manager
-- Up-to-date symlink: /home/thomas24/hive_ws2/install/nav2_lifecycle_manager/share/nav2_lifecycle_manager/environment/ament_prefix_path.sh
-- Up-to-date symlink: /home/thomas24/hive_ws2/install/nav2_lifecycle_manager/share/nav2_lifecycle_manager/environment/ament_prefix_path.dsv
-- Up-to-date symlink: /home/thomas24/hive_ws2/install/nav2_lifecycle_manager/share/nav2_lifecycle_manager/environment/path.sh
-- Up-to-date symlink: /home/thomas24/hive_ws2/install/nav2_lifecycle_manager/share/nav2_lifecycle_manager/environment/path.dsv
-- Up-to-date symlink: /home/thomas24/hive_ws2/install/nav2_lifecycle_manager/share/nav2_lifecycle_manager/local_setup.bash
-- Up-to-date symlink: /home/thomas24/hive_ws2/install/nav2_lifecycle_manager/share/nav2_lifecycle_manager/local_setup.sh
-- Up-to-date symlink: /home/thomas24/hive_ws2/install/nav2_lifecycle_manager/share/nav2_lifecycle_manager/local_setup.zsh
-- Up-to-date symlink: /home/thomas24/hive_ws2/install/nav2_lifecycle_manager/share/nav2_lifecycle_manager/local_setup.dsv
-- Symlinking: /home/thomas24/hive_ws2/install/nav2_lifecycle_manager/share/nav2_lifecycle_manager/package.dsv
-- Up-to-date symlink: /home/thomas24/hive_ws2/install/nav2_lifecycle_manager/share/ament_index/resource_index/packages/nav2_lifecycle_manager
-- Up-to-date symlink: /home/thomas24/hive_ws2/install/nav2_lifecycle_manager/share/ament_index/resource_index/rclcpp_components/nav2_lifecycle_manager
-- Up-to-date symlink: /home/thomas24/hive_ws2/install/nav2_lifecycle_manager/share/nav2_lifecycle_manager/cmake/ament_cmake_export_include_directories-extras.cmake
-- Up-to-date symlink: /home/thomas24/hive_ws2/install/nav2_lifecycle_manager/share/nav2_lifecycle_manager/cmake/ament_cmake_export_libraries-extras.cmake
-- Up-to-date symlink: /home/thomas24/hive_ws2/install/nav2_lifecycle_manager/share/nav2_lifecycle_manager/cmake/ament_cmake_export_dependencies-extras.cmake
-- Up-to-date symlink: /home/thomas24/hive_ws2/install/nav2_lifecycle_manager/share/nav2_lifecycle_manager/cmake/ament_cmake_export_targets-extras.cmake
-- Up-to-date symlink: /home/thomas24/hive_ws2/install/nav2_lifecycle_manager/share/nav2_lifecycle_manager/cmake/nav2_lifecycle_managerConfig.cmake
-- Up-to-date symlink: /home/thomas24/hive_ws2/install/nav2_lifecycle_manager/share/nav2_lifecycle_manager/cmake/nav2_lifecycle_managerConfig-version.cmake
-- Up-to-date symlink: /home/thomas24/hive_ws2/install/nav2_lifecycle_manager/share/nav2_lifecycle_manager/package.xml
-- Up-to-date: /home/thomas24/hive_ws2/install/nav2_lifecycle_manager/lib/libnav2_lifecycle_manager_core.so
-- Up-to-date: /home/thomas24/hive_ws2/install/nav2_lifecycle_manager/share/nav2_lifecycle_manager/cmake/nav2_lifecycle_manager_coreExport.cmake
-- Up-to-date: /home/thomas24/hive_ws2/install/nav2_lifecycle_manager/share/nav2_lifecycle_manager/cmake/nav2_lifecycle_manager_coreExport-release.cmake
