[0.094s] Invoking command in '/home/thomas24/hive_ws2/build/nav2_mppi_controller': AMENT_PREFIX_PATH=/home/thomas24/hive_ws2/install/nav2_core:/home/thomas24/hive_ws2/install/nav2_costmap_2d:/home/thomas24/hive_ws2/install/nav2_map_server:/home/thomas24/hive_ws2/install/nav2_lifecycle_manager:/home/thomas24/hive_ws2/install/nav2_behavior_tree:/home/thomas24/hive_ws2/install/nav2_util:/home/thomas24/hive_ws2/install/nav2_ros_common:/home/thomas24/hive_ws2/install/nav2_voxel_grid:/home/thomas24/hive_ws2/install/nav2_msgs:/home/thomas24/hive_ws2/install/nav2_common:${AMENT_PREFIX_PATH} CMAKE_PREFIX_PATH=/home/thomas24/hive_ws2/install/nav2_core:/home/thomas24/hive_ws2/install/nav2_costmap_2d:/home/thomas24/hive_ws2/install/nav2_map_server:/home/thomas24/hive_ws2/install/nav2_lifecycle_manager:/home/thomas24/hive_ws2/install/nav2_behavior_tree:/home/thomas24/hive_ws2/install/nav2_util:/home/thomas24/hive_ws2/install/nav2_ros_common:/home/thomas24/hive_ws2/install/nav2_voxel_grid:/home/thomas24/hive_ws2/install/nav2_msgs:/home/thomas24/hive_ws2/install/nav2_common:/home/thomas24/hiveverse_ws/install/hive_simulation:/home/thomas24/hiveverse_ws/install/hive_robot_description:/opt/ros/jazzy/opt/gz_sim_vendor:/opt/ros/jazzy/opt/gz_sensors_vendor:/opt/ros/jazzy/opt/gz_physics_vendor:/opt/ros/jazzy/opt/sdformat_vendor:/opt/ros/jazzy/opt/gz_gui_vendor:/opt/ros/jazzy/opt/gz_transport_vendor:/opt/ros/jazzy/opt/gz_rendering_vendor:/opt/ros/jazzy/opt/gz_plugin_vendor:/opt/ros/jazzy/opt/gz_fuel_tools_vendor:/opt/ros/jazzy/opt/gz_msgs_vendor:/opt/ros/jazzy/opt/gz_common_vendor:/opt/ros/jazzy/opt/gz_math_vendor:/opt/ros/jazzy/opt/gz_utils_vendor:/opt/ros/jazzy/opt/gz_tools_vendor:/opt/ros/jazzy/opt/gz_ogre_next_vendor:/opt/ros/jazzy/opt/gz_dartsim_vendor:/opt/ros/jazzy/opt/gz_cmake_vendor:/home/thomas24/hiveverse_ws/install/hive_tools:/home/thomas24/hiveverse_ws/install/hive_bringup:/opt/ros/jazzy DEBUGINFOD_URLS=https://debuginfod.ubuntu.com LD_LIBRARY_PATH=/home/thomas24/hive_ws2/install/nav2_costmap_2d/lib:/home/thomas24/hive_ws2/install/nav2_map_server/lib:/home/thomas24/hive_ws2/install/nav2_lifecycle_manager/lib:/home/thomas24/hive_ws2/install/nav2_behavior_tree/lib:/home/thomas24/hive_ws2/install/nav2_util/lib:/home/thomas24/hive_ws2/install/nav2_voxel_grid/lib:/home/thomas24/hive_ws2/install/nav2_msgs/lib:${LD_LIBRARY_PATH} PYTHONPATH=/home/thomas24/hive_ws2/install/nav2_msgs/lib/python3.12/site-packages:/home/thomas24/hive_ws2/install/nav2_common/lib/python3.12/site-packages:${PYTHONPATH} /usr/bin/cmake --build /home/thomas24/hive_ws2/build/nav2_mppi_controller -- -j16 -l16
[0.325s] [  3%] Built target gtest
[0.357s] [  7%] Built target mppi_trajectory_validators
[0.367s] [ 22%] Built target mppi_controller
[0.373s] [ 25%] Built target gtest_main
[0.424s] [ 48%] Built target mppi_critics
[0.456s] [ 51%] Built target models_test
[0.468s] [ 57%] Built target parameter_handler_test
[0.470s] [ 61%] Built target trajectory_visualizer_tests
[0.471s] [ 62%] Built target motion_model_tests
[0.472s] [ 66%] Built target noise_generator_test
[0.478s] [ 72%] Built target controller_state_transition_test
[0.478s] [ 74%] Built target optimizer_smoke_test
[0.479s] [ 77%] Built target critic_manager_test
[0.496s] [ 81%] Built target path_handler_test
[0.497s] [ 85%] Built target utils_test
[0.506s] [ 88%] Built target optimizer_unit_tests
[0.507s] [ 92%] Built target critics_tests
[0.527s] [ 96%] Built target optimizer_benchmark
[0.556s] [100%] Built target controller_benchmark
[0.660s] Invoked command in '/home/thomas24/hive_ws2/build/nav2_mppi_controller' returned '0': AMENT_PREFIX_PATH=/home/thomas24/hive_ws2/install/nav2_core:/home/thomas24/hive_ws2/install/nav2_costmap_2d:/home/thomas24/hive_ws2/install/nav2_map_server:/home/thomas24/hive_ws2/install/nav2_lifecycle_manager:/home/thomas24/hive_ws2/install/nav2_behavior_tree:/home/thomas24/hive_ws2/install/nav2_util:/home/thomas24/hive_ws2/install/nav2_ros_common:/home/thomas24/hive_ws2/install/nav2_voxel_grid:/home/thomas24/hive_ws2/install/nav2_msgs:/home/thomas24/hive_ws2/install/nav2_common:${AMENT_PREFIX_PATH} CMAKE_PREFIX_PATH=/home/thomas24/hive_ws2/install/nav2_core:/home/thomas24/hive_ws2/install/nav2_costmap_2d:/home/thomas24/hive_ws2/install/nav2_map_server:/home/thomas24/hive_ws2/install/nav2_lifecycle_manager:/home/thomas24/hive_ws2/install/nav2_behavior_tree:/home/thomas24/hive_ws2/install/nav2_util:/home/thomas24/hive_ws2/install/nav2_ros_common:/home/thomas24/hive_ws2/install/nav2_voxel_grid:/home/thomas24/hive_ws2/install/nav2_msgs:/home/thomas24/hive_ws2/install/nav2_common:/home/thomas24/hiveverse_ws/install/hive_simulation:/home/thomas24/hiveverse_ws/install/hive_robot_description:/opt/ros/jazzy/opt/gz_sim_vendor:/opt/ros/jazzy/opt/gz_sensors_vendor:/opt/ros/jazzy/opt/gz_physics_vendor:/opt/ros/jazzy/opt/sdformat_vendor:/opt/ros/jazzy/opt/gz_gui_vendor:/opt/ros/jazzy/opt/gz_transport_vendor:/opt/ros/jazzy/opt/gz_rendering_vendor:/opt/ros/jazzy/opt/gz_plugin_vendor:/opt/ros/jazzy/opt/gz_fuel_tools_vendor:/opt/ros/jazzy/opt/gz_msgs_vendor:/opt/ros/jazzy/opt/gz_common_vendor:/opt/ros/jazzy/opt/gz_math_vendor:/opt/ros/jazzy/opt/gz_utils_vendor:/opt/ros/jazzy/opt/gz_tools_vendor:/opt/ros/jazzy/opt/gz_ogre_next_vendor:/opt/ros/jazzy/opt/gz_dartsim_vendor:/opt/ros/jazzy/opt/gz_cmake_vendor:/home/thomas24/hiveverse_ws/install/hive_tools:/home/thomas24/hiveverse_ws/install/hive_bringup:/opt/ros/jazzy DEBUGINFOD_URLS=https://debuginfod.ubuntu.com LD_LIBRARY_PATH=/home/thomas24/hive_ws2/install/nav2_costmap_2d/lib:/home/thomas24/hive_ws2/install/nav2_map_server/lib:/home/thomas24/hive_ws2/install/nav2_lifecycle_manager/lib:/home/thomas24/hive_ws2/install/nav2_behavior_tree/lib:/home/thomas24/hive_ws2/install/nav2_util/lib:/home/thomas24/hive_ws2/install/nav2_voxel_grid/lib:/home/thomas24/hive_ws2/install/nav2_msgs/lib:${LD_LIBRARY_PATH} PYTHONPATH=/home/thomas24/hive_ws2/install/nav2_msgs/lib/python3.12/site-packages:/home/thomas24/hive_ws2/install/nav2_common/lib/python3.12/site-packages:${PYTHONPATH} /usr/bin/cmake --build /home/thomas24/hive_ws2/build/nav2_mppi_controller -- -j16 -l16
[0.660s] Invoking command in '/home/thomas24/hive_ws2/build/nav2_mppi_controller': AMENT_PREFIX_PATH=/home/thomas24/hive_ws2/install/nav2_core:/home/thomas24/hive_ws2/install/nav2_costmap_2d:/home/thomas24/hive_ws2/install/nav2_map_server:/home/thomas24/hive_ws2/install/nav2_lifecycle_manager:/home/thomas24/hive_ws2/install/nav2_behavior_tree:/home/thomas24/hive_ws2/install/nav2_util:/home/thomas24/hive_ws2/install/nav2_ros_common:/home/thomas24/hive_ws2/install/nav2_voxel_grid:/home/thomas24/hive_ws2/install/nav2_msgs:/home/thomas24/hive_ws2/install/nav2_common:${AMENT_PREFIX_PATH} CMAKE_PREFIX_PATH=/home/thomas24/hive_ws2/install/nav2_core:/home/thomas24/hive_ws2/install/nav2_costmap_2d:/home/thomas24/hive_ws2/install/nav2_map_server:/home/thomas24/hive_ws2/install/nav2_lifecycle_manager:/home/thomas24/hive_ws2/install/nav2_behavior_tree:/home/thomas24/hive_ws2/install/nav2_util:/home/thomas24/hive_ws2/install/nav2_ros_common:/home/thomas24/hive_ws2/install/nav2_voxel_grid:/home/thomas24/hive_ws2/install/nav2_msgs:/home/thomas24/hive_ws2/install/nav2_common:/home/thomas24/hiveverse_ws/install/hive_simulation:/home/thomas24/hiveverse_ws/install/hive_robot_description:/opt/ros/jazzy/opt/gz_sim_vendor:/opt/ros/jazzy/opt/gz_sensors_vendor:/opt/ros/jazzy/opt/gz_physics_vendor:/opt/ros/jazzy/opt/sdformat_vendor:/opt/ros/jazzy/opt/gz_gui_vendor:/opt/ros/jazzy/opt/gz_transport_vendor:/opt/ros/jazzy/opt/gz_rendering_vendor:/opt/ros/jazzy/opt/gz_plugin_vendor:/opt/ros/jazzy/opt/gz_fuel_tools_vendor:/opt/ros/jazzy/opt/gz_msgs_vendor:/opt/ros/jazzy/opt/gz_common_vendor:/opt/ros/jazzy/opt/gz_math_vendor:/opt/ros/jazzy/opt/gz_utils_vendor:/opt/ros/jazzy/opt/gz_tools_vendor:/opt/ros/jazzy/opt/gz_ogre_next_vendor:/opt/ros/jazzy/opt/gz_dartsim_vendor:/opt/ros/jazzy/opt/gz_cmake_vendor:/home/thomas24/hiveverse_ws/install/hive_tools:/home/thomas24/hiveverse_ws/install/hive_bringup:/opt/ros/jazzy DEBUGINFOD_URLS=https://debuginfod.ubuntu.com LD_LIBRARY_PATH=/home/thomas24/hive_ws2/install/nav2_costmap_2d/lib:/home/thomas24/hive_ws2/install/nav2_map_server/lib:/home/thomas24/hive_ws2/install/nav2_lifecycle_manager/lib:/home/thomas24/hive_ws2/install/nav2_behavior_tree/lib:/home/thomas24/hive_ws2/install/nav2_util/lib:/home/thomas24/hive_ws2/install/nav2_voxel_grid/lib:/home/thomas24/hive_ws2/install/nav2_msgs/lib:${LD_LIBRARY_PATH} PYTHONPATH=/home/thomas24/hive_ws2/install/nav2_msgs/lib/python3.12/site-packages:/home/thomas24/hive_ws2/install/nav2_common/lib/python3.12/site-packages:${PYTHONPATH} /usr/bin/cmake --install /home/thomas24/hive_ws2/build/nav2_mppi_controller
[0.728s] -- Install configuration: "Release"
[0.728s] -- Execute custom install script
[0.729s] -- Up-to-date symlink: /home/thomas24/hive_ws2/install/nav2_mppi_controller/include/nav2_mppi_controller/nav2_mppi_controller/controller.hpp
[0.729s] -- Up-to-date symlink: /home/thomas24/hive_ws2/install/nav2_mppi_controller/include/nav2_mppi_controller/nav2_mppi_controller/critic_data.hpp
[0.729s] -- Up-to-date symlink: /home/thomas24/hive_ws2/install/nav2_mppi_controller/include/nav2_mppi_controller/nav2_mppi_controller/critic_function.hpp
[0.729s] -- Up-to-date symlink: /home/thomas24/hive_ws2/install/nav2_mppi_controller/include/nav2_mppi_controller/nav2_mppi_controller/critic_manager.hpp
[0.729s] -- Up-to-date symlink: /home/thomas24/hive_ws2/install/nav2_mppi_controller/include/nav2_mppi_controller/nav2_mppi_controller/critics/constraint_critic.hpp
[0.729s] -- Up-to-date symlink: /home/thomas24/hive_ws2/install/nav2_mppi_controller/include/nav2_mppi_controller/nav2_mppi_controller/critics/cost_critic.hpp
[0.732s] -- Up-to-date symlink: /home/thomas24/hive_ws2/install/nav2_mppi_controller/include/nav2_mppi_controller/nav2_mppi_controller/critics/goal_angle_critic.hpp
[0.732s] -- Up-to-date symlink: /home/thomas24/hive_ws2/install/nav2_mppi_controller/include/nav2_mppi_controller/nav2_mppi_controller/critics/goal_critic.hpp
[0.732s] -- Up-to-date symlink: /home/thomas24/hive_ws2/install/nav2_mppi_controller/include/nav2_mppi_controller/nav2_mppi_controller/critics/obstacles_critic.hpp
[0.732s] -- Up-to-date symlink: /home/thomas24/hive_ws2/install/nav2_mppi_controller/include/nav2_mppi_controller/nav2_mppi_controller/critics/path_align_critic.hpp
[0.732s] -- Up-to-date symlink: /home/thomas24/hive_ws2/install/nav2_mppi_controller/include/nav2_mppi_controller/nav2_mppi_controller/critics/path_angle_critic.hpp
[0.732s] -- Up-to-date symlink: /home/thomas24/hive_ws2/install/nav2_mppi_controller/include/nav2_mppi_controller/nav2_mppi_controller/critics/path_follow_critic.hpp
[0.733s] -- Up-to-date symlink: /home/thomas24/hive_ws2/install/nav2_mppi_controller/include/nav2_mppi_controller/nav2_mppi_controller/critics/prefer_forward_critic.hpp
[0.733s] -- Up-to-date symlink: /home/thomas24/hive_ws2/install/nav2_mppi_controller/include/nav2_mppi_controller/nav2_mppi_controller/critics/twirling_critic.hpp
[0.733s] -- Up-to-date symlink: /home/thomas24/hive_ws2/install/nav2_mppi_controller/include/nav2_mppi_controller/nav2_mppi_controller/critics/velocity_deadband_critic.hpp
[0.733s] -- Up-to-date symlink: /home/thomas24/hive_ws2/install/nav2_mppi_controller/include/nav2_mppi_controller/nav2_mppi_controller/models/constraints.hpp
[0.733s] -- Up-to-date symlink: /home/thomas24/hive_ws2/install/nav2_mppi_controller/include/nav2_mppi_controller/nav2_mppi_controller/models/control_sequence.hpp
[0.733s] -- Up-to-date symlink: /home/thomas24/hive_ws2/install/nav2_mppi_controller/include/nav2_mppi_controller/nav2_mppi_controller/models/optimizer_settings.hpp
[0.733s] -- Up-to-date symlink: /home/thomas24/hive_ws2/install/nav2_mppi_controller/include/nav2_mppi_controller/nav2_mppi_controller/models/path.hpp
[0.733s] -- Up-to-date symlink: /home/thomas24/hive_ws2/install/nav2_mppi_controller/include/nav2_mppi_controller/nav2_mppi_controller/models/state.hpp
[0.733s] -- Up-to-date symlink: /home/thomas24/hive_ws2/install/nav2_mppi_controller/include/nav2_mppi_controller/nav2_mppi_controller/models/trajectories.hpp
[0.733s] -- Up-to-date symlink: /home/thomas24/hive_ws2/install/nav2_mppi_controller/include/nav2_mppi_controller/nav2_mppi_controller/motion_models.hpp
[0.733s] -- Up-to-date symlink: /home/thomas24/hive_ws2/install/nav2_mppi_controller/include/nav2_mppi_controller/nav2_mppi_controller/optimal_trajectory_validator.hpp
[0.733s] -- Up-to-date symlink: /home/thomas24/hive_ws2/install/nav2_mppi_controller/include/nav2_mppi_controller/nav2_mppi_controller/optimizer.hpp
[0.733s] -- Up-to-date symlink: /home/thomas24/hive_ws2/install/nav2_mppi_controller/include/nav2_mppi_controller/nav2_mppi_controller/tools/noise_generator.hpp
[0.733s] -- Up-to-date symlink: /home/thomas24/hive_ws2/install/nav2_mppi_controller/include/nav2_mppi_controller/nav2_mppi_controller/tools/parameters_handler.hpp
[0.734s] -- Up-to-date symlink: /home/thomas24/hive_ws2/install/nav2_mppi_controller/include/nav2_mppi_controller/nav2_mppi_controller/tools/path_handler.hpp
[0.734s] -- Up-to-date symlink: /home/thomas24/hive_ws2/install/nav2_mppi_controller/include/nav2_mppi_controller/nav2_mppi_controller/tools/trajectory_visualizer.hpp
[0.734s] -- Up-to-date symlink: /home/thomas24/hive_ws2/install/nav2_mppi_controller/include/nav2_mppi_controller/nav2_mppi_controller/tools/utils.hpp
[0.734s] -- Up-to-date symlink: /home/thomas24/hive_ws2/install/nav2_mppi_controller/share/nav2_mppi_controller//mppic.xml
[0.734s] -- Up-to-date symlink: /home/thomas24/hive_ws2/install/nav2_mppi_controller/share/nav2_mppi_controller//critics.xml
[0.734s] -- Up-to-date symlink: /home/thomas24/hive_ws2/install/nav2_mppi_controller/share/nav2_mppi_controller//trajectory_validators.xml
[0.734s] -- Up-to-date symlink: /home/thomas24/hive_ws2/install/nav2_mppi_controller/share/ament_index/resource_index/package_run_dependencies/nav2_mppi_controller
[0.734s] -- Up-to-date symlink: /home/thomas24/hive_ws2/install/nav2_mppi_controller/share/ament_index/resource_index/parent_prefix_path/nav2_mppi_controller
[0.734s] -- Up-to-date symlink: /home/thomas24/hive_ws2/install/nav2_mppi_controller/share/nav2_mppi_controller/environment/ament_prefix_path.sh
[0.734s] -- Up-to-date symlink: /home/thomas24/hive_ws2/install/nav2_mppi_controller/share/nav2_mppi_controller/environment/ament_prefix_path.dsv
[0.734s] -- Up-to-date symlink: /home/thomas24/hive_ws2/install/nav2_mppi_controller/share/nav2_mppi_controller/environment/path.sh
[0.734s] -- Up-to-date symlink: /home/thomas24/hive_ws2/install/nav2_mppi_controller/share/nav2_mppi_controller/environment/path.dsv
[0.734s] -- Up-to-date symlink: /home/thomas24/hive_ws2/install/nav2_mppi_controller/share/nav2_mppi_controller/local_setup.bash
[0.734s] -- Up-to-date symlink: /home/thomas24/hive_ws2/install/nav2_mppi_controller/share/nav2_mppi_controller/local_setup.sh
[0.734s] -- Up-to-date symlink: /home/thomas24/hive_ws2/install/nav2_mppi_controller/share/nav2_mppi_controller/local_setup.zsh
[0.735s] -- Up-to-date symlink: /home/thomas24/hive_ws2/install/nav2_mppi_controller/share/nav2_mppi_controller/local_setup.dsv
[0.735s] -- Symlinking: /home/thomas24/hive_ws2/install/nav2_mppi_controller/share/nav2_mppi_controller/package.dsv
[0.740s] -- Up-to-date symlink: /home/thomas24/hive_ws2/install/nav2_mppi_controller/share/ament_index/resource_index/packages/nav2_mppi_controller
[0.740s] -- Up-to-date symlink: /home/thomas24/hive_ws2/install/nav2_mppi_controller/share/ament_index/resource_index/nav2_core__pluginlib__plugin/nav2_mppi_controller
[0.740s] -- Up-to-date symlink: /home/thomas24/hive_ws2/install/nav2_mppi_controller/share/ament_index/resource_index/nav2_mppi_controller__pluginlib__plugin/nav2_mppi_controller
[0.740s] -- Up-to-date symlink: /home/thomas24/hive_ws2/install/nav2_mppi_controller/share/nav2_mppi_controller/cmake/ament_cmake_export_dependencies-extras.cmake
[0.740s] -- Up-to-date symlink: /home/thomas24/hive_ws2/install/nav2_mppi_controller/share/nav2_mppi_controller/cmake/ament_cmake_export_include_directories-extras.cmake
[0.740s] -- Up-to-date symlink: /home/thomas24/hive_ws2/install/nav2_mppi_controller/share/nav2_mppi_controller/cmake/ament_cmake_export_targets-extras.cmake
[0.740s] -- Up-to-date symlink: /home/thomas24/hive_ws2/install/nav2_mppi_controller/share/nav2_mppi_controller/cmake/nav2_mppi_controllerConfig.cmake
[0.741s] -- Up-to-date symlink: /home/thomas24/hive_ws2/install/nav2_mppi_controller/share/nav2_mppi_controller/cmake/nav2_mppi_controllerConfig-version.cmake
[0.745s] -- Up-to-date symlink: /home/thomas24/hive_ws2/install/nav2_mppi_controller/share/nav2_mppi_controller/package.xml
[0.745s] -- Up-to-date: /home/thomas24/hive_ws2/install/nav2_mppi_controller/lib/libmppi_controller.so
[0.746s] -- Up-to-date: /home/thomas24/hive_ws2/install/nav2_mppi_controller/lib/libmppi_critics.so
[0.746s] -- Up-to-date: /home/thomas24/hive_ws2/install/nav2_mppi_controller/lib/libmppi_trajectory_validators.so
[0.746s] -- Up-to-date: /home/thomas24/hive_ws2/install/nav2_mppi_controller/share/nav2_mppi_controller/cmake/nav2_mppi_controllerExport.cmake
[0.746s] -- Up-to-date: /home/thomas24/hive_ws2/install/nav2_mppi_controller/share/nav2_mppi_controller/cmake/nav2_mppi_controllerExport-release.cmake
[0.914s] Invoked command in '/home/thomas24/hive_ws2/build/nav2_mppi_controller' returned '0': AMENT_PREFIX_PATH=/home/thomas24/hive_ws2/install/nav2_core:/home/thomas24/hive_ws2/install/nav2_costmap_2d:/home/thomas24/hive_ws2/install/nav2_map_server:/home/thomas24/hive_ws2/install/nav2_lifecycle_manager:/home/thomas24/hive_ws2/install/nav2_behavior_tree:/home/thomas24/hive_ws2/install/nav2_util:/home/thomas24/hive_ws2/install/nav2_ros_common:/home/thomas24/hive_ws2/install/nav2_voxel_grid:/home/thomas24/hive_ws2/install/nav2_msgs:/home/thomas24/hive_ws2/install/nav2_common:${AMENT_PREFIX_PATH} CMAKE_PREFIX_PATH=/home/thomas24/hive_ws2/install/nav2_core:/home/thomas24/hive_ws2/install/nav2_costmap_2d:/home/thomas24/hive_ws2/install/nav2_map_server:/home/thomas24/hive_ws2/install/nav2_lifecycle_manager:/home/thomas24/hive_ws2/install/nav2_behavior_tree:/home/thomas24/hive_ws2/install/nav2_util:/home/thomas24/hive_ws2/install/nav2_ros_common:/home/thomas24/hive_ws2/install/nav2_voxel_grid:/home/thomas24/hive_ws2/install/nav2_msgs:/home/thomas24/hive_ws2/install/nav2_common:/home/thomas24/hiveverse_ws/install/hive_simulation:/home/thomas24/hiveverse_ws/install/hive_robot_description:/opt/ros/jazzy/opt/gz_sim_vendor:/opt/ros/jazzy/opt/gz_sensors_vendor:/opt/ros/jazzy/opt/gz_physics_vendor:/opt/ros/jazzy/opt/sdformat_vendor:/opt/ros/jazzy/opt/gz_gui_vendor:/opt/ros/jazzy/opt/gz_transport_vendor:/opt/ros/jazzy/opt/gz_rendering_vendor:/opt/ros/jazzy/opt/gz_plugin_vendor:/opt/ros/jazzy/opt/gz_fuel_tools_vendor:/opt/ros/jazzy/opt/gz_msgs_vendor:/opt/ros/jazzy/opt/gz_common_vendor:/opt/ros/jazzy/opt/gz_math_vendor:/opt/ros/jazzy/opt/gz_utils_vendor:/opt/ros/jazzy/opt/gz_tools_vendor:/opt/ros/jazzy/opt/gz_ogre_next_vendor:/opt/ros/jazzy/opt/gz_dartsim_vendor:/opt/ros/jazzy/opt/gz_cmake_vendor:/home/thomas24/hiveverse_ws/install/hive_tools:/home/thomas24/hiveverse_ws/install/hive_bringup:/opt/ros/jazzy DEBUGINFOD_URLS=https://debuginfod.ubuntu.com LD_LIBRARY_PATH=/home/thomas24/hive_ws2/install/nav2_costmap_2d/lib:/home/thomas24/hive_ws2/install/nav2_map_server/lib:/home/thomas24/hive_ws2/install/nav2_lifecycle_manager/lib:/home/thomas24/hive_ws2/install/nav2_behavior_tree/lib:/home/thomas24/hive_ws2/install/nav2_util/lib:/home/thomas24/hive_ws2/install/nav2_voxel_grid/lib:/home/thomas24/hive_ws2/install/nav2_msgs/lib:${LD_LIBRARY_PATH} PYTHONPATH=/home/thomas24/hive_ws2/install/nav2_msgs/lib/python3.12/site-packages:/home/thomas24/hive_ws2/install/nav2_common/lib/python3.12/site-packages:${PYTHONPATH} /usr/bin/cmake --install /home/thomas24/hive_ws2/build/nav2_mppi_controller
