[0.008s] Invoking command in '/home/thomas24/hive_ws2/build/dwb_msgs': AMENT_PREFIX_PATH=/home/thomas24/hive_ws2/install/nav_2d_msgs:${AMENT_PREFIX_PATH} CMAKE_PREFIX_PATH=/home/thomas24/hive_ws2/install/nav_2d_msgs:/home/thomas24/hiveverse_ws/install/hive_simulation:/home/thomas24/hiveverse_ws/install/hive_robot_description:/opt/ros/jazzy/opt/gz_sim_vendor:/opt/ros/jazzy/opt/gz_sensors_vendor:/opt/ros/jazzy/opt/gz_physics_vendor:/opt/ros/jazzy/opt/sdformat_vendor:/opt/ros/jazzy/opt/gz_gui_vendor:/opt/ros/jazzy/opt/gz_transport_vendor:/opt/ros/jazzy/opt/gz_rendering_vendor:/opt/ros/jazzy/opt/gz_plugin_vendor:/opt/ros/jazzy/opt/gz_fuel_tools_vendor:/opt/ros/jazzy/opt/gz_msgs_vendor:/opt/ros/jazzy/opt/gz_common_vendor:/opt/ros/jazzy/opt/gz_math_vendor:/opt/ros/jazzy/opt/gz_utils_vendor:/opt/ros/jazzy/opt/gz_tools_vendor:/opt/ros/jazzy/opt/gz_ogre_next_vendor:/opt/ros/jazzy/opt/gz_dartsim_vendor:/opt/ros/jazzy/opt/gz_cmake_vendor:/home/thomas24/hiveverse_ws/install/hive_tools:/home/thomas24/hiveverse_ws/install/hive_bringup:/opt/ros/jazzy DEBUGINFOD_URLS=https://debuginfod.ubuntu.com LD_LIBRARY_PATH=/home/thomas24/hive_ws2/install/nav_2d_msgs/lib:${LD_LIBRARY_PATH} PYTHONPATH=/home/thomas24/hive_ws2/install/nav_2d_msgs/lib/python3.12/site-packages:${PYTHONPATH} /usr/bin/cmake --build /home/thomas24/hive_ws2/build/dwb_msgs -- -j16 -l16
[0.051s] [  1%] Built target dwb_msgs__rosidl_generator_type_description
[0.061s] [  1%] Built target ament_cmake_python_symlink_dwb_msgs
[0.070s] [  1%] Built target dwb_msgs__cpp
[0.079s] [ 27%] Built target dwb_msgs__rosidl_generator_c
[0.104s] [ 57%] Built target dwb_msgs__rosidl_typesupport_introspection_c
[0.104s] [ 57%] Built target dwb_msgs__rosidl_typesupport_cpp
[0.104s] [ 57%] Built target dwb_msgs__rosidl_typesupport_c
[0.105s] [ 71%] Built target dwb_msgs__rosidl_typesupport_introspection_cpp
[0.106s] [ 76%] Built target dwb_msgs__rosidl_typesupport_fastrtps_cpp
[0.106s] [ 85%] Built target dwb_msgs__rosidl_typesupport_fastrtps_c
[0.125s] [ 85%] Built target dwb_msgs
[0.149s] [ 86%] Built target dwb_msgs__py
[0.174s] [ 94%] Built target dwb_msgs__rosidl_generator_py
[0.191s] [ 96%] Built target dwb_msgs_s__rosidl_typesupport_fastrtps_c
[0.191s] [100%] Built target dwb_msgs_s__rosidl_typesupport_c
[0.192s] [100%] Built target dwb_msgs_s__rosidl_typesupport_introspection_c
[0.227s] running egg_info
[0.241s] writing dwb_msgs.egg-info/PKG-INFO
[0.241s] writing dependency_links to dwb_msgs.egg-info/dependency_links.txt
[0.241s] writing top-level names to dwb_msgs.egg-info/top_level.txt
[0.281s] reading manifest file 'dwb_msgs.egg-info/SOURCES.txt'
[0.282s] writing manifest file 'dwb_msgs.egg-info/SOURCES.txt'
[0.302s] [100%] Built target ament_cmake_python_build_dwb_msgs_egg
