[0.019s] Invoking command in '/home/thomas24/hive_ws2/build/nav_2d_utils': AMENT_PREFIX_PATH=/home/thomas24/hive_ws2/install/nav2_util:/home/thomas24/hive_ws2/install/nav2_ros_common:/home/thomas24/hive_ws2/install/nav2_msgs:/home/thomas24/hive_ws2/install/nav_2d_msgs:/home/thomas24/hive_ws2/install/nav2_common:${AMENT_PREFIX_PATH} CMAKE_PREFIX_PATH=/home/thomas24/hive_ws2/install/nav2_util:/home/thomas24/hive_ws2/install/nav2_ros_common:/home/thomas24/hive_ws2/install/nav2_msgs:/home/thomas24/hive_ws2/install/nav_2d_msgs:/home/thomas24/hive_ws2/install/nav2_common:/opt/ros/jazzy/opt/gz_sim_vendor:/opt/ros/jazzy/opt/gz_sensors_vendor:/opt/ros/jazzy/opt/gz_physics_vendor:/opt/ros/jazzy/opt/sdformat_vendor:/opt/ros/jazzy/opt/gz_gui_vendor:/opt/ros/jazzy/opt/gz_transport_vendor:/opt/ros/jazzy/opt/gz_rendering_vendor:/opt/ros/jazzy/opt/gz_plugin_vendor:/opt/ros/jazzy/opt/gz_fuel_tools_vendor:/opt/ros/jazzy/opt/gz_msgs_vendor:/opt/ros/jazzy/opt/gz_common_vendor:/opt/ros/jazzy/opt/gz_math_vendor:/opt/ros/jazzy/opt/gz_utils_vendor:/opt/ros/jazzy/opt/gz_tools_vendor:/opt/ros/jazzy/opt/gz_ogre_next_vendor:/opt/ros/jazzy/opt/gz_dartsim_vendor:/opt/ros/jazzy/opt/gz_cmake_vendor:/opt/ros/jazzy DEBUGINFOD_URLS=https://debuginfod.ubuntu.com LD_LIBRARY_PATH=/home/thomas24/hive_ws2/install/nav2_util/lib:/home/thomas24/hive_ws2/install/nav2_msgs/lib:/home/thomas24/hive_ws2/install/nav_2d_msgs/lib:${LD_LIBRARY_PATH} PYTHONPATH=/home/thomas24/hive_ws2/install/nav2_msgs/lib/python3.12/site-packages:/home/thomas24/hive_ws2/install/nav_2d_msgs/lib/python3.12/site-packages:/home/thomas24/hive_ws2/install/nav2_common/lib/python3.12/site-packages:${PYTHONPATH} /usr/bin/cmake /home/thomas24/hive_ws2/src/navigation2/nav2_dwb_controller/nav_2d_utils -DCMAKE_INSTALL_PREFIX=/home/thomas24/hive_ws2/install/nav_2d_utils
[0.066s] -- The C compiler identification is GNU 13.3.0
[0.118s] -- The CXX compiler identification is GNU 13.3.0
[0.133s] -- Detecting C compiler ABI info
[0.221s] -- Detecting C compiler ABI info - done
[0.226s] -- Check for working C compiler: /usr/bin/cc - skipped
[0.227s] -- Detecting C compile features
[0.227s] -- Detecting C compile features - done
[0.236s] -- Detecting CXX compiler ABI info
[0.341s] -- Detecting CXX compiler ABI info - done
[0.349s] -- Check for working CXX compiler: /usr/bin/c++ - skipped
[0.350s] -- Detecting CXX compile features
[0.350s] -- Detecting CXX compile features - done
[0.354s] -- Found ament_cmake: 2.5.4 (/opt/ros/jazzy/share/ament_cmake/cmake)
[0.513s] -- Found Python3: /usr/bin/python3 (found version "3.12.3") found components: Interpreter 
[0.648s] -- Found geometry_msgs: 5.3.6 (/opt/ros/jazzy/share/geometry_msgs/cmake)
[0.702s] -- Found rosidl_generator_c: 4.6.6 (/opt/ros/jazzy/share/rosidl_generator_c/cmake)
[0.719s] -- Found rosidl_generator_cpp: 4.6.6 (/opt/ros/jazzy/share/rosidl_generator_cpp/cmake)
[0.738s] -- Using all available rosidl_typesupport_c: rosidl_typesupport_fastrtps_c;rosidl_typesupport_introspection_c
[0.757s] -- Using all available rosidl_typesupport_cpp: rosidl_typesupport_fastrtps_cpp;rosidl_typesupport_introspection_cpp
[0.800s] -- Found nav_2d_msgs: 1.4.0 (/home/thomas24/hive_ws2/install/nav_2d_msgs/share/nav_2d_msgs/cmake)
[0.819s] -- Found nav_msgs: 5.3.6 (/opt/ros/jazzy/share/nav_msgs/cmake)
[0.852s] -- Found nav2_common: 1.4.0 (/home/thomas24/hive_ws2/install/nav2_common/share/nav2_common/cmake)
[0.852s] -- Found nav2_msgs: 1.4.0 (/home/thomas24/hive_ws2/install/nav2_msgs/share/nav2_msgs/cmake)
[0.974s] -- Found nav2_util: 1.4.0 (/home/thomas24/hive_ws2/install/nav2_util/share/nav2_util/cmake)
[1.051s] -- Found rmw_implementation_cmake: 7.3.2 (/opt/ros/jazzy/share/rmw_implementation_cmake/cmake)
[1.056s] -- Found rmw_fastrtps_cpp: 8.4.3 (/opt/ros/jazzy/share/rmw_fastrtps_cpp/cmake)
[1.151s] -- Found OpenSSL: /usr/lib/x86_64-linux-gnu/libcrypto.so (found version "3.0.13")  
[1.174s] -- Found FastRTPS: /opt/ros/jazzy/include (Required is at least version "2.13") 
[1.200s] -- Using RMW implementation 'rmw_fastrtps_cpp' as default
[1.369s] -- Found eigen3_cmake_module: 0.3.0 (/opt/ros/jazzy/share/eigen3_cmake_module/cmake)
[1.370s] -- Found Eigen3: TRUE (found version "3.4.0") 
[1.370s] -- Ensuring Eigen3 include directory is part of orocos-kdl CMake target
[1.488s] -- Setting build type to Release as none was specified.
[1.492s] -- Found ament_lint_auto: 0.17.3 (/opt/ros/jazzy/share/ament_lint_auto/cmake)
[1.620s] -- Found gtest sources under '/opt/ros/jazzy/src/gtest_vendor': C++ tests using 'Google Test' will be built
[1.625s] -- Performing Test CMAKE_HAVE_LIBC_PTHREAD
[1.758s] -- Performing Test CMAKE_HAVE_LIBC_PTHREAD - Success
[1.759s] -- Found Threads: TRUE  
[1.765s] -- Added test 'cppcheck' to perform static code analysis on C / C++ code
[1.766s] -- Configured cppcheck include dirs: $<BUILD_INTERFACE:/home/thomas24/hive_ws2/src/navigation2/nav2_dwb_controller/nav_2d_utils/include>
[1.766s] -- Configured cppcheck exclude dirs and/or files: 
[1.767s] -- Added test 'cpplint' to check C / C++ code against the Google style
[1.767s] -- Configured cpplint exclude dirs and/or files: 
[1.768s] -- Added test 'lint_cmake' to check CMake code style
[1.769s] -- Added test 'uncrustify' to check C / C++ code style
[1.770s] -- Configured uncrustify additional arguments: 
[1.770s] -- Added test 'xmllint' to check XML markup files
[1.774s] -- Configuring done (1.7s)
[1.822s] -- Generating done (0.0s)
[1.835s] -- Build files have been written to: /home/thomas24/hive_ws2/build/nav_2d_utils
[1.863s] Invoked command in '/home/thomas24/hive_ws2/build/nav_2d_utils' returned '0': AMENT_PREFIX_PATH=/home/thomas24/hive_ws2/install/nav2_util:/home/thomas24/hive_ws2/install/nav2_ros_common:/home/thomas24/hive_ws2/install/nav2_msgs:/home/thomas24/hive_ws2/install/nav_2d_msgs:/home/thomas24/hive_ws2/install/nav2_common:${AMENT_PREFIX_PATH} CMAKE_PREFIX_PATH=/home/thomas24/hive_ws2/install/nav2_util:/home/thomas24/hive_ws2/install/nav2_ros_common:/home/thomas24/hive_ws2/install/nav2_msgs:/home/thomas24/hive_ws2/install/nav_2d_msgs:/home/thomas24/hive_ws2/install/nav2_common:/opt/ros/jazzy/opt/gz_sim_vendor:/opt/ros/jazzy/opt/gz_sensors_vendor:/opt/ros/jazzy/opt/gz_physics_vendor:/opt/ros/jazzy/opt/sdformat_vendor:/opt/ros/jazzy/opt/gz_gui_vendor:/opt/ros/jazzy/opt/gz_transport_vendor:/opt/ros/jazzy/opt/gz_rendering_vendor:/opt/ros/jazzy/opt/gz_plugin_vendor:/opt/ros/jazzy/opt/gz_fuel_tools_vendor:/opt/ros/jazzy/opt/gz_msgs_vendor:/opt/ros/jazzy/opt/gz_common_vendor:/opt/ros/jazzy/opt/gz_math_vendor:/opt/ros/jazzy/opt/gz_utils_vendor:/opt/ros/jazzy/opt/gz_tools_vendor:/opt/ros/jazzy/opt/gz_ogre_next_vendor:/opt/ros/jazzy/opt/gz_dartsim_vendor:/opt/ros/jazzy/opt/gz_cmake_vendor:/opt/ros/jazzy DEBUGINFOD_URLS=https://debuginfod.ubuntu.com LD_LIBRARY_PATH=/home/thomas24/hive_ws2/install/nav2_util/lib:/home/thomas24/hive_ws2/install/nav2_msgs/lib:/home/thomas24/hive_ws2/install/nav_2d_msgs/lib:${LD_LIBRARY_PATH} PYTHONPATH=/home/thomas24/hive_ws2/install/nav2_msgs/lib/python3.12/site-packages:/home/thomas24/hive_ws2/install/nav_2d_msgs/lib/python3.12/site-packages:/home/thomas24/hive_ws2/install/nav2_common/lib/python3.12/site-packages:${PYTHONPATH} /usr/bin/cmake /home/thomas24/hive_ws2/src/navigation2/nav2_dwb_controller/nav_2d_utils -DCMAKE_INSTALL_PREFIX=/home/thomas24/hive_ws2/install/nav_2d_utils
[1.864s] Invoking command in '/home/thomas24/hive_ws2/build/nav_2d_utils': AMENT_PREFIX_PATH=/home/thomas24/hive_ws2/install/nav2_util:/home/thomas24/hive_ws2/install/nav2_ros_common:/home/thomas24/hive_ws2/install/nav2_msgs:/home/thomas24/hive_ws2/install/nav_2d_msgs:/home/thomas24/hive_ws2/install/nav2_common:${AMENT_PREFIX_PATH} CMAKE_PREFIX_PATH=/home/thomas24/hive_ws2/install/nav2_util:/home/thomas24/hive_ws2/install/nav2_ros_common:/home/thomas24/hive_ws2/install/nav2_msgs:/home/thomas24/hive_ws2/install/nav_2d_msgs:/home/thomas24/hive_ws2/install/nav2_common:/opt/ros/jazzy/opt/gz_sim_vendor:/opt/ros/jazzy/opt/gz_sensors_vendor:/opt/ros/jazzy/opt/gz_physics_vendor:/opt/ros/jazzy/opt/sdformat_vendor:/opt/ros/jazzy/opt/gz_gui_vendor:/opt/ros/jazzy/opt/gz_transport_vendor:/opt/ros/jazzy/opt/gz_rendering_vendor:/opt/ros/jazzy/opt/gz_plugin_vendor:/opt/ros/jazzy/opt/gz_fuel_tools_vendor:/opt/ros/jazzy/opt/gz_msgs_vendor:/opt/ros/jazzy/opt/gz_common_vendor:/opt/ros/jazzy/opt/gz_math_vendor:/opt/ros/jazzy/opt/gz_utils_vendor:/opt/ros/jazzy/opt/gz_tools_vendor:/opt/ros/jazzy/opt/gz_ogre_next_vendor:/opt/ros/jazzy/opt/gz_dartsim_vendor:/opt/ros/jazzy/opt/gz_cmake_vendor:/opt/ros/jazzy DEBUGINFOD_URLS=https://debuginfod.ubuntu.com LD_LIBRARY_PATH=/home/thomas24/hive_ws2/install/nav2_util/lib:/home/thomas24/hive_ws2/install/nav2_msgs/lib:/home/thomas24/hive_ws2/install/nav_2d_msgs/lib:${LD_LIBRARY_PATH} PYTHONPATH=/home/thomas24/hive_ws2/install/nav2_msgs/lib/python3.12/site-packages:/home/thomas24/hive_ws2/install/nav_2d_msgs/lib/python3.12/site-packages:/home/thomas24/hive_ws2/install/nav2_common/lib/python3.12/site-packages:${PYTHONPATH} /usr/bin/cmake --build /home/thomas24/hive_ws2/build/nav_2d_utils -- -j16 -l16
[1.955s] [  8%] [32mBuilding CXX object gtest/CMakeFiles/gtest_main.dir/src/gtest_main.cc.o[0m
[1.957s] [ 16%] [32mBuilding CXX object CMakeFiles/path_ops.dir/src/path_ops.cpp.o[0m
[1.968s] [ 25%] [32mBuilding CXX object gtest/CMakeFiles/gtest.dir/src/gtest-all.cc.o[0m
[1.980s] [ 33%] [32mBuilding CXX object CMakeFiles/conversions.dir/src/conversions.cpp.o[0m
[3.651s] [ 41%] [32m[1mLinking CXX static library libgtest_main.a[0m
[3.785s] [ 41%] Built target gtest_main
[8.112s] [ 50%] [32m[1mLinking CXX shared library libconversions.so[0m
[8.594s] [ 50%] Built target conversions
[10.879s] [ 58%] [32m[1mLinking CXX shared library libpath_ops.so[0m
[12.459s] [ 58%] Built target path_ops
[21.195s] [ 66%] [32m[1mLinking CXX static library libgtest.a[0m
[21.316s] [ 66%] Built target gtest
[21.388s] [ 75%] [32mBuilding CXX object test/CMakeFiles/2d_utils_tests.dir/2d_utils_test.cpp.o[0m
[28.880s] [ 83%] [32m[1mLinking CXX executable 2d_utils_tests[0m
[29.112s] [ 83%] Built target 2d_utils_tests
[29.144s] [ 91%] [32mBuilding CXX object test/CMakeFiles/path_ops_tests.dir/path_ops_test.cpp.o[0m
[30.441s] [100%] [32m[1mLinking CXX executable path_ops_tests[0m
[30.750s] [100%] Built target path_ops_tests
[30.766s] Invoked command in '/home/thomas24/hive_ws2/build/nav_2d_utils' returned '0': AMENT_PREFIX_PATH=/home/thomas24/hive_ws2/install/nav2_util:/home/thomas24/hive_ws2/install/nav2_ros_common:/home/thomas24/hive_ws2/install/nav2_msgs:/home/thomas24/hive_ws2/install/nav_2d_msgs:/home/thomas24/hive_ws2/install/nav2_common:${AMENT_PREFIX_PATH} CMAKE_PREFIX_PATH=/home/thomas24/hive_ws2/install/nav2_util:/home/thomas24/hive_ws2/install/nav2_ros_common:/home/thomas24/hive_ws2/install/nav2_msgs:/home/thomas24/hive_ws2/install/nav_2d_msgs:/home/thomas24/hive_ws2/install/nav2_common:/opt/ros/jazzy/opt/gz_sim_vendor:/opt/ros/jazzy/opt/gz_sensors_vendor:/opt/ros/jazzy/opt/gz_physics_vendor:/opt/ros/jazzy/opt/sdformat_vendor:/opt/ros/jazzy/opt/gz_gui_vendor:/opt/ros/jazzy/opt/gz_transport_vendor:/opt/ros/jazzy/opt/gz_rendering_vendor:/opt/ros/jazzy/opt/gz_plugin_vendor:/opt/ros/jazzy/opt/gz_fuel_tools_vendor:/opt/ros/jazzy/opt/gz_msgs_vendor:/opt/ros/jazzy/opt/gz_common_vendor:/opt/ros/jazzy/opt/gz_math_vendor:/opt/ros/jazzy/opt/gz_utils_vendor:/opt/ros/jazzy/opt/gz_tools_vendor:/opt/ros/jazzy/opt/gz_ogre_next_vendor:/opt/ros/jazzy/opt/gz_dartsim_vendor:/opt/ros/jazzy/opt/gz_cmake_vendor:/opt/ros/jazzy DEBUGINFOD_URLS=https://debuginfod.ubuntu.com LD_LIBRARY_PATH=/home/thomas24/hive_ws2/install/nav2_util/lib:/home/thomas24/hive_ws2/install/nav2_msgs/lib:/home/thomas24/hive_ws2/install/nav_2d_msgs/lib:${LD_LIBRARY_PATH} PYTHONPATH=/home/thomas24/hive_ws2/install/nav2_msgs/lib/python3.12/site-packages:/home/thomas24/hive_ws2/install/nav_2d_msgs/lib/python3.12/site-packages:/home/thomas24/hive_ws2/install/nav2_common/lib/python3.12/site-packages:${PYTHONPATH} /usr/bin/cmake --build /home/thomas24/hive_ws2/build/nav_2d_utils -- -j16 -l16
[30.767s] Invoking command in '/home/thomas24/hive_ws2/build/nav_2d_utils': AMENT_PREFIX_PATH=/home/thomas24/hive_ws2/install/nav2_util:/home/thomas24/hive_ws2/install/nav2_ros_common:/home/thomas24/hive_ws2/install/nav2_msgs:/home/thomas24/hive_ws2/install/nav_2d_msgs:/home/thomas24/hive_ws2/install/nav2_common:${AMENT_PREFIX_PATH} CMAKE_PREFIX_PATH=/home/thomas24/hive_ws2/install/nav2_util:/home/thomas24/hive_ws2/install/nav2_ros_common:/home/thomas24/hive_ws2/install/nav2_msgs:/home/thomas24/hive_ws2/install/nav_2d_msgs:/home/thomas24/hive_ws2/install/nav2_common:/opt/ros/jazzy/opt/gz_sim_vendor:/opt/ros/jazzy/opt/gz_sensors_vendor:/opt/ros/jazzy/opt/gz_physics_vendor:/opt/ros/jazzy/opt/sdformat_vendor:/opt/ros/jazzy/opt/gz_gui_vendor:/opt/ros/jazzy/opt/gz_transport_vendor:/opt/ros/jazzy/opt/gz_rendering_vendor:/opt/ros/jazzy/opt/gz_plugin_vendor:/opt/ros/jazzy/opt/gz_fuel_tools_vendor:/opt/ros/jazzy/opt/gz_msgs_vendor:/opt/ros/jazzy/opt/gz_common_vendor:/opt/ros/jazzy/opt/gz_math_vendor:/opt/ros/jazzy/opt/gz_utils_vendor:/opt/ros/jazzy/opt/gz_tools_vendor:/opt/ros/jazzy/opt/gz_ogre_next_vendor:/opt/ros/jazzy/opt/gz_dartsim_vendor:/opt/ros/jazzy/opt/gz_cmake_vendor:/opt/ros/jazzy DEBUGINFOD_URLS=https://debuginfod.ubuntu.com LD_LIBRARY_PATH=/home/thomas24/hive_ws2/install/nav2_util/lib:/home/thomas24/hive_ws2/install/nav2_msgs/lib:/home/thomas24/hive_ws2/install/nav_2d_msgs/lib:${LD_LIBRARY_PATH} PYTHONPATH=/home/thomas24/hive_ws2/install/nav2_msgs/lib/python3.12/site-packages:/home/thomas24/hive_ws2/install/nav_2d_msgs/lib/python3.12/site-packages:/home/thomas24/hive_ws2/install/nav2_common/lib/python3.12/site-packages:${PYTHONPATH} /usr/bin/cmake --install /home/thomas24/hive_ws2/build/nav_2d_utils
[30.779s] -- Install configuration: "Release"
[30.779s] -- Installing: /home/thomas24/hive_ws2/install/nav_2d_utils/lib/libconversions.so
[30.779s] -- Set non-toolchain portion of runtime path of "/home/thomas24/hive_ws2/install/nav_2d_utils/lib/libconversions.so" to ""
[30.779s] -- Installing: /home/thomas24/hive_ws2/install/nav_2d_utils/lib/libpath_ops.so
[30.780s] -- Set non-toolchain portion of runtime path of "/home/thomas24/hive_ws2/install/nav_2d_utils/lib/libpath_ops.so" to ""
[30.780s] -- Installing: /home/thomas24/hive_ws2/install/nav_2d_utils/include/nav_2d_utils
[30.780s] -- Installing: /home/thomas24/hive_ws2/install/nav_2d_utils/include/nav_2d_utils/nav_2d_utils
[30.780s] -- Installing: /home/thomas24/hive_ws2/install/nav_2d_utils/include/nav_2d_utils/nav_2d_utils/conversions.hpp
[30.780s] -- Installing: /home/thomas24/hive_ws2/install/nav_2d_utils/include/nav_2d_utils/nav_2d_utils/path_ops.hpp
[30.780s] -- Installing: /home/thomas24/hive_ws2/install/nav_2d_utils/share/nav_2d_utils/environment/library_path.sh
[30.780s] -- Installing: /home/thomas24/hive_ws2/install/nav_2d_utils/share/nav_2d_utils/environment/library_path.dsv
[30.780s] -- Installing: /home/thomas24/hive_ws2/install/nav_2d_utils/share/ament_index/resource_index/package_run_dependencies/nav_2d_utils
[30.781s] -- Installing: /home/thomas24/hive_ws2/install/nav_2d_utils/share/ament_index/resource_index/parent_prefix_path/nav_2d_utils
[30.781s] -- Installing: /home/thomas24/hive_ws2/install/nav_2d_utils/share/nav_2d_utils/environment/ament_prefix_path.sh
[30.781s] -- Installing: /home/thomas24/hive_ws2/install/nav_2d_utils/share/nav_2d_utils/environment/ament_prefix_path.dsv
[30.782s] -- Installing: /home/thomas24/hive_ws2/install/nav_2d_utils/share/nav_2d_utils/environment/path.sh
[30.782s] -- Installing: /home/thomas24/hive_ws2/install/nav_2d_utils/share/nav_2d_utils/environment/path.dsv
[30.782s] -- Installing: /home/thomas24/hive_ws2/install/nav_2d_utils/share/nav_2d_utils/local_setup.bash
[30.782s] -- Installing: /home/thomas24/hive_ws2/install/nav_2d_utils/share/nav_2d_utils/local_setup.sh
[30.782s] -- Installing: /home/thomas24/hive_ws2/install/nav_2d_utils/share/nav_2d_utils/local_setup.zsh
[30.782s] -- Installing: /home/thomas24/hive_ws2/install/nav_2d_utils/share/nav_2d_utils/local_setup.dsv
[30.782s] -- Installing: /home/thomas24/hive_ws2/install/nav_2d_utils/share/nav_2d_utils/package.dsv
[30.783s] -- Installing: /home/thomas24/hive_ws2/install/nav_2d_utils/share/ament_index/resource_index/packages/nav_2d_utils
[30.783s] -- Installing: /home/thomas24/hive_ws2/install/nav_2d_utils/share/nav_2d_utils/cmake/nav_2d_utilsExport.cmake
[30.783s] -- Installing: /home/thomas24/hive_ws2/install/nav_2d_utils/share/nav_2d_utils/cmake/nav_2d_utilsExport-release.cmake
[30.783s] -- Installing: /home/thomas24/hive_ws2/install/nav_2d_utils/share/nav_2d_utils/cmake/ament_cmake_export_include_directories-extras.cmake
[30.783s] -- Installing: /home/thomas24/hive_ws2/install/nav_2d_utils/share/nav_2d_utils/cmake/ament_cmake_export_libraries-extras.cmake
[30.783s] -- Installing: /home/thomas24/hive_ws2/install/nav_2d_utils/share/nav_2d_utils/cmake/ament_cmake_export_dependencies-extras.cmake
[30.783s] -- Installing: /home/thomas24/hive_ws2/install/nav_2d_utils/share/nav_2d_utils/cmake/ament_cmake_export_targets-extras.cmake
[30.783s] -- Installing: /home/thomas24/hive_ws2/install/nav_2d_utils/share/nav_2d_utils/cmake/nav_2d_utilsConfig.cmake
[30.783s] -- Installing: /home/thomas24/hive_ws2/install/nav_2d_utils/share/nav_2d_utils/cmake/nav_2d_utilsConfig-version.cmake
[30.784s] -- Installing: /home/thomas24/hive_ws2/install/nav_2d_utils/share/nav_2d_utils/package.xml
[30.787s] Invoked command in '/home/thomas24/hive_ws2/build/nav_2d_utils' returned '0': AMENT_PREFIX_PATH=/home/thomas24/hive_ws2/install/nav2_util:/home/thomas24/hive_ws2/install/nav2_ros_common:/home/thomas24/hive_ws2/install/nav2_msgs:/home/thomas24/hive_ws2/install/nav_2d_msgs:/home/thomas24/hive_ws2/install/nav2_common:${AMENT_PREFIX_PATH} CMAKE_PREFIX_PATH=/home/thomas24/hive_ws2/install/nav2_util:/home/thomas24/hive_ws2/install/nav2_ros_common:/home/thomas24/hive_ws2/install/nav2_msgs:/home/thomas24/hive_ws2/install/nav_2d_msgs:/home/thomas24/hive_ws2/install/nav2_common:/opt/ros/jazzy/opt/gz_sim_vendor:/opt/ros/jazzy/opt/gz_sensors_vendor:/opt/ros/jazzy/opt/gz_physics_vendor:/opt/ros/jazzy/opt/sdformat_vendor:/opt/ros/jazzy/opt/gz_gui_vendor:/opt/ros/jazzy/opt/gz_transport_vendor:/opt/ros/jazzy/opt/gz_rendering_vendor:/opt/ros/jazzy/opt/gz_plugin_vendor:/opt/ros/jazzy/opt/gz_fuel_tools_vendor:/opt/ros/jazzy/opt/gz_msgs_vendor:/opt/ros/jazzy/opt/gz_common_vendor:/opt/ros/jazzy/opt/gz_math_vendor:/opt/ros/jazzy/opt/gz_utils_vendor:/opt/ros/jazzy/opt/gz_tools_vendor:/opt/ros/jazzy/opt/gz_ogre_next_vendor:/opt/ros/jazzy/opt/gz_dartsim_vendor:/opt/ros/jazzy/opt/gz_cmake_vendor:/opt/ros/jazzy DEBUGINFOD_URLS=https://debuginfod.ubuntu.com LD_LIBRARY_PATH=/home/thomas24/hive_ws2/install/nav2_util/lib:/home/thomas24/hive_ws2/install/nav2_msgs/lib:/home/thomas24/hive_ws2/install/nav_2d_msgs/lib:${LD_LIBRARY_PATH} PYTHONPATH=/home/thomas24/hive_ws2/install/nav2_msgs/lib/python3.12/site-packages:/home/thomas24/hive_ws2/install/nav_2d_msgs/lib/python3.12/site-packages:/home/thomas24/hive_ws2/install/nav2_common/lib/python3.12/site-packages:${PYTHONPATH} /usr/bin/cmake --install /home/thomas24/hive_ws2/build/nav_2d_utils
