[0.025s] Invoking command in '/home/thomas24/hive_ws2/build/nav2_common': CMAKE_PREFIX_PATH=/home/thomas24/hive_ws2/install/vanilla_brain_nav2:/home/thomas24/hive_ws2/install/nav2_loopback_sim:/home/thomas24/hive_ws2/install/nav2_simple_commander:/home/thomas24/hiveverse_ws/install/hive_tools:/home/thomas24/hiveverse_ws/install/hive_bringup:/opt/ros/jazzy:${CMAKE_PREFIX_PATH} DEBUGINFOD_URLS=https://debuginfod.ubuntu.com /usr/bin/cmake --build /home/thomas24/hive_ws2/build/nav2_common -- -j16 -l16
[0.111s] Built target ament_cmake_python_symlink_nav2_common
[0.352s] running egg_info
[0.370s] writing nav2_common.egg-info/PKG-INFO
[0.370s] writing dependency_links to nav2_common.egg-info/dependency_links.txt
[0.370s] writing top-level names to nav2_common.egg-info/top_level.txt
[0.433s] reading manifest file 'nav2_common.egg-info/SOURCES.txt'
[0.433s] writing manifest file 'nav2_common.egg-info/SOURCES.txt'
[0.489s] Built target ament_cmake_python_build_nav2_common_egg
[0.506s] Invoked command in '/home/thomas24/hive_ws2/build/nav2_common' returned '0': CMAKE_PREFIX_PATH=/home/thomas24/hive_ws2/install/vanilla_brain_nav2:/home/thomas24/hive_ws2/install/nav2_loopback_sim:/home/thomas24/hive_ws2/install/nav2_simple_commander:/home/thomas24/hiveverse_ws/install/hive_tools:/home/thomas24/hiveverse_ws/install/hive_bringup:/opt/ros/jazzy:${CMAKE_PREFIX_PATH} DEBUGINFOD_URLS=https://debuginfod.ubuntu.com /usr/bin/cmake --build /home/thomas24/hive_ws2/build/nav2_common -- -j16 -l16
[0.507s] Invoking command in '/home/thomas24/hive_ws2/build/nav2_common': CMAKE_PREFIX_PATH=/home/thomas24/hive_ws2/install/vanilla_brain_nav2:/home/thomas24/hive_ws2/install/nav2_loopback_sim:/home/thomas24/hive_ws2/install/nav2_simple_commander:/home/thomas24/hiveverse_ws/install/hive_tools:/home/thomas24/hiveverse_ws/install/hive_bringup:/opt/ros/jazzy:${CMAKE_PREFIX_PATH} DEBUGINFOD_URLS=https://debuginfod.ubuntu.com /usr/bin/cmake --install /home/thomas24/hive_ws2/build/nav2_common
[0.518s] -- Install configuration: ""
[0.519s] -- Execute custom install script
[0.519s] -- Up-to-date symlink: /home/thomas24/hive_ws2/install/nav2_common/share/nav2_common/environment/pythonpath.sh
[0.519s] -- Up-to-date symlink: /home/thomas24/hive_ws2/install/nav2_common/share/nav2_common/environment/pythonpath.dsv
[0.519s] -- Up-to-date symlink: /home/thomas24/hive_ws2/install/nav2_common/lib/python3.12/site-packages/nav2_common-1.4.0-py3.12.egg-info/PKG-INFO
[0.519s] -- Up-to-date symlink: /home/thomas24/hive_ws2/install/nav2_common/lib/python3.12/site-packages/nav2_common-1.4.0-py3.12.egg-info/SOURCES.txt
[0.519s] -- Up-to-date symlink: /home/thomas24/hive_ws2/install/nav2_common/lib/python3.12/site-packages/nav2_common-1.4.0-py3.12.egg-info/dependency_links.txt
[0.520s] -- Up-to-date symlink: /home/thomas24/hive_ws2/install/nav2_common/lib/python3.12/site-packages/nav2_common-1.4.0-py3.12.egg-info/top_level.txt
[0.521s] -- Up-to-date symlink: /home/thomas24/hive_ws2/install/nav2_common/lib/python3.12/site-packages/nav2_common/__init__.py
[0.522s] -- Up-to-date symlink: /home/thomas24/hive_ws2/install/nav2_common/lib/python3.12/site-packages/nav2_common/launch/__init__.py
[0.522s] -- Up-to-date symlink: /home/thomas24/hive_ws2/install/nav2_common/lib/python3.12/site-packages/nav2_common/launch/has_node_params.py
[0.523s] -- Up-to-date symlink: /home/thomas24/hive_ws2/install/nav2_common/lib/python3.12/site-packages/nav2_common/launch/launch_config_as_bool.py
[0.523s] -- Up-to-date symlink: /home/thomas24/hive_ws2/install/nav2_common/lib/python3.12/site-packages/nav2_common/launch/replace_string.py
[0.523s] -- Up-to-date symlink: /home/thomas24/hive_ws2/install/nav2_common/lib/python3.12/site-packages/nav2_common/launch/rewritten_yaml.py
[0.524s] -- Up-to-date symlink: /home/thomas24/hive_ws2/install/nav2_common/share/ament_index/resource_index/package_run_dependencies/nav2_common
[0.524s] -- Up-to-date symlink: /home/thomas24/hive_ws2/install/nav2_common/share/ament_index/resource_index/parent_prefix_path/nav2_common
[0.524s] -- Up-to-date symlink: /home/thomas24/hive_ws2/install/nav2_common/share/nav2_common/environment/ament_prefix_path.sh
[0.525s] -- Up-to-date symlink: /home/thomas24/hive_ws2/install/nav2_common/share/nav2_common/environment/ament_prefix_path.dsv
[0.526s] -- Up-to-date symlink: /home/thomas24/hive_ws2/install/nav2_common/share/nav2_common/environment/path.sh
[0.528s] -- Up-to-date symlink: /home/thomas24/hive_ws2/install/nav2_common/share/nav2_common/environment/path.dsv
[0.531s] -- Up-to-date symlink: /home/thomas24/hive_ws2/install/nav2_common/share/nav2_common/local_setup.bash
[0.531s] -- Up-to-date symlink: /home/thomas24/hive_ws2/install/nav2_common/share/nav2_common/local_setup.sh
[0.531s] -- Up-to-date symlink: /home/thomas24/hive_ws2/install/nav2_common/share/nav2_common/local_setup.zsh
[0.531s] -- Up-to-date symlink: /home/thomas24/hive_ws2/install/nav2_common/share/nav2_common/local_setup.dsv
[0.531s] -- Symlinking: /home/thomas24/hive_ws2/install/nav2_common/share/nav2_common/package.dsv
[0.549s] -- Up-to-date symlink: /home/thomas24/hive_ws2/install/nav2_common/share/ament_index/resource_index/packages/nav2_common
[0.549s] -- Up-to-date symlink: /home/thomas24/hive_ws2/install/nav2_common/share/nav2_common/cmake/nav2_common-extras.cmake
[0.549s] -- Up-to-date symlink: /home/thomas24/hive_ws2/install/nav2_common/share/nav2_common/cmake/nav2_commonConfig.cmake
[0.549s] -- Up-to-date symlink: /home/thomas24/hive_ws2/install/nav2_common/share/nav2_common/cmake/nav2_commonConfig-version.cmake
[0.549s] -- Up-to-date symlink: /home/thomas24/hive_ws2/install/nav2_common/share/nav2_common/package.xml
[0.549s] -- Up-to-date symlink: /home/thomas24/hive_ws2/install/nav2_common/share/nav2_common/cmake/nav2_package.cmake
[0.550s] -- Up-to-date symlink: /home/thomas24/hive_ws2/install/nav2_common/share/nav2_common/test/test_launch_config_as_bool.py
[0.550s] -- Up-to-date symlink: /home/thomas24/hive_ws2/install/nav2_common/share/nav2_common/test/test_rewritten_yaml.py
[0.573s] Listing '/home/thomas24/hive_ws2/install/nav2_common/lib/python3.12/site-packages/nav2_common'...
[0.573s] Listing '/home/thomas24/hive_ws2/install/nav2_common/lib/python3.12/site-packages/nav2_common/launch'...
[0.621s] Invoked command in '/home/thomas24/hive_ws2/build/nav2_common' returned '0': CMAKE_PREFIX_PATH=/home/thomas24/hive_ws2/install/vanilla_brain_nav2:/home/thomas24/hive_ws2/install/nav2_loopback_sim:/home/thomas24/hive_ws2/install/nav2_simple_commander:/home/thomas24/hiveverse_ws/install/hive_tools:/home/thomas24/hiveverse_ws/install/hive_bringup:/opt/ros/jazzy:${CMAKE_PREFIX_PATH} DEBUGINFOD_URLS=https://debuginfod.ubuntu.com /usr/bin/cmake --install /home/thomas24/hive_ws2/build/nav2_common
