-- Found ament_cmake: 2.5.4 (/opt/ros/jazzy/share/ament_cmake/cmake)
-- Override CMake install command with custom implementation using symlinks instead of copying resources
-- Found ament_index_cpp: 1.8.1 (/opt/ros/jazzy/share/ament_index_cpp/cmake)
-- Found angles: 1.16.0 (/opt/ros/jazzy/share/angles/cmake)
-- Found geometry_msgs: 5.3.6 (/opt/ros/jazzy/share/geometry_msgs/cmake)
-- Found rosidl_generator_c: 4.6.6 (/opt/ros/jazzy/share/rosidl_generator_c/cmake)
-- Found rosidl_generator_cpp: 4.6.6 (/opt/ros/jazzy/share/rosidl_generator_cpp/cmake)
-- Using all available rosidl_typesupport_c: rosidl_typesupport_fastrtps_c;rosidl_typesupport_introspection_c
-- Using all available rosidl_typesupport_cpp: rosidl_typesupport_fastrtps_cpp;rosidl_typesupport_introspection_cpp
-- Found nav2_common: 1.4.0 (/home/thomas24/hive_ws2/install/nav2_common/share/nav2_common/cmake)
-- Found nav2_core: 1.4.0 (/home/thomas24/hive_ws2/install/nav2_core/share/nav2_core/cmake)
-- Found rmw_implementation_cmake: 7.3.2 (/opt/ros/jazzy/share/rmw_implementation_cmake/cmake)
-- Found rmw_fastrtps_cpp: 8.4.3 (/opt/ros/jazzy/share/rmw_fastrtps_cpp/cmake)
-- Using RMW implementation 'rmw_fastrtps_cpp' as default
-- Found eigen3_cmake_module: 0.3.0 (/opt/ros/jazzy/share/eigen3_cmake_module/cmake)
-- Ensuring Eigen3 include directory is part of orocos-kdl CMake target
-- Found visualization_msgs: 5.3.6 (/opt/ros/jazzy/share/visualization_msgs/cmake)
-- Found ament_lint_auto: 0.17.3 (/opt/ros/jazzy/share/ament_lint_auto/cmake)
-- Found gtest sources under '/opt/ros/jazzy/src/gtest_vendor': C++ tests using 'Google Test' will be built
-- Added test 'copyright' to check source files copyright and LICENSE
-- Added test 'cppcheck' to perform static code analysis on C / C++ code
-- Configured cppcheck include dirs: $<BUILD_INTERFACE:/home/thomas24/hive_ws2/src/navigation2/nav2_smac_planner/include>
-- Configured cppcheck exclude dirs and/or files: include/nav2_smac_planner/thirdparty/robin_hood.h
-- Added test 'cpplint' to check C / C++ code against the Google style
-- Configured cpplint exclude dirs and/or files: include/nav2_smac_planner/thirdparty/robin_hood.h
-- Added test 'flake8' to check Python code syntax and style conventions
-- Configured 'flake8' exclude dirs and/or files: include/nav2_smac_planner/thirdparty/robin_hood.h
-- Added test 'lint_cmake' to check CMake code style
-- Added test 'pep257' to check Python code against some of the docstring style conventions in PEP 257
-- Added test 'uncrustify' to check C / C++ code style
-- Configured uncrustify additional arguments: 
-- Added test 'xmllint' to check XML markup files
-- Configuring done (1.7s)
-- Generating done (0.3s)
-- Build files have been written to: /home/thomas24/hive_ws2/build/nav2_smac_planner
[  4%] Built target gtest_main
[  8%] Built target gtest
[ 30%] Built target nav2_smac_planner_common
[ 34%] Built target nav2_smac_planner_2d
[ 39%] Built target nav2_smac_planner
[ 43%] Built target nav2_smac_planner_lattice
[ 47%] Built target test_smac_lattice
[ 52%] Built target test_nodehybrid
[ 56%] Built target test_collision_checker
[ 60%] Built target test_node2d
[ 65%] Built target test_nodebasic
[ 69%] Built target test_costmap_downsampler
[ 73%] Built target test_a_star
[ 78%] Built target test_utils
[ 82%] Built target test_smac_2d
[ 86%] Built target test_goal_manager
[ 91%] Built target test_lattice_node
[ 95%] Built target test_smac_hybrid
[100%] Built target test_smoother
-- Install configuration: "Release"
-- Execute custom install script
-- Up-to-date symlink: /home/thomas24/hive_ws2/install/nav2_smac_planner/share/nav2_smac_planner//smac_plugin_hybrid.xml
-- Up-to-date symlink: /home/thomas24/hive_ws2/install/nav2_smac_planner/share/nav2_smac_planner//smac_plugin_2d.xml
-- Up-to-date symlink: /home/thomas24/hive_ws2/install/nav2_smac_planner/share/nav2_smac_planner//smac_plugin_lattice.xml
-- Up-to-date symlink: /home/thomas24/hive_ws2/install/nav2_smac_planner/include/nav2_smac_planner/nav2_smac_planner/a_star.hpp
-- Up-to-date symlink: /home/thomas24/hive_ws2/install/nav2_smac_planner/include/nav2_smac_planner/nav2_smac_planner/analytic_expansion.hpp
-- Up-to-date symlink: /home/thomas24/hive_ws2/install/nav2_smac_planner/include/nav2_smac_planner/nav2_smac_planner/collision_checker.hpp
-- Up-to-date symlink: /home/thomas24/hive_ws2/install/nav2_smac_planner/include/nav2_smac_planner/nav2_smac_planner/constants.hpp
-- Up-to-date symlink: /home/thomas24/hive_ws2/install/nav2_smac_planner/include/nav2_smac_planner/nav2_smac_planner/costmap_downsampler.hpp
-- Up-to-date symlink: /home/thomas24/hive_ws2/install/nav2_smac_planner/include/nav2_smac_planner/nav2_smac_planner/goal_manager.hpp
-- Up-to-date symlink: /home/thomas24/hive_ws2/install/nav2_smac_planner/include/nav2_smac_planner/nav2_smac_planner/node_2d.hpp
-- Up-to-date symlink: /home/thomas24/hive_ws2/install/nav2_smac_planner/include/nav2_smac_planner/nav2_smac_planner/node_basic.hpp
-- Up-to-date symlink: /home/thomas24/hive_ws2/install/nav2_smac_planner/include/nav2_smac_planner/nav2_smac_planner/node_hybrid.hpp
-- Up-to-date symlink: /home/thomas24/hive_ws2/install/nav2_smac_planner/include/nav2_smac_planner/nav2_smac_planner/node_lattice.hpp
-- Up-to-date symlink: /home/thomas24/hive_ws2/install/nav2_smac_planner/include/nav2_smac_planner/nav2_smac_planner/smac_planner_2d.hpp
-- Up-to-date symlink: /home/thomas24/hive_ws2/install/nav2_smac_planner/include/nav2_smac_planner/nav2_smac_planner/smac_planner_hybrid.hpp
-- Up-to-date symlink: /home/thomas24/hive_ws2/install/nav2_smac_planner/include/nav2_smac_planner/nav2_smac_planner/smac_planner_lattice.hpp
-- Up-to-date symlink: /home/thomas24/hive_ws2/install/nav2_smac_planner/include/nav2_smac_planner/nav2_smac_planner/smoother.hpp
-- Up-to-date symlink: /home/thomas24/hive_ws2/install/nav2_smac_planner/include/nav2_smac_planner/nav2_smac_planner/thirdparty/robin_hood.h
-- Up-to-date symlink: /home/thomas24/hive_ws2/install/nav2_smac_planner/include/nav2_smac_planner/nav2_smac_planner/types.hpp
-- Up-to-date symlink: /home/thomas24/hive_ws2/install/nav2_smac_planner/include/nav2_smac_planner/nav2_smac_planner/utils.hpp
-- Up-to-date symlink: /home/thomas24/hive_ws2/install/nav2_smac_planner/include/nav2_smac_planner/nav2_smac_planner_common_visibility_control.hpp
-- Up-to-date symlink: /home/thomas24/hive_ws2/install/nav2_smac_planner/share/nav2_smac_planner/sample_primitives/5cm_resolution/0.5m_turning_radius/ackermann/output.json
-- Up-to-date symlink: /home/thomas24/hive_ws2/install/nav2_smac_planner/share/nav2_smac_planner/sample_primitives/5cm_resolution/0.5m_turning_radius/all_trajectories.png
-- Up-to-date symlink: /home/thomas24/hive_ws2/install/nav2_smac_planner/share/nav2_smac_planner/sample_primitives/5cm_resolution/0.5m_turning_radius/diff/output.json
-- Up-to-date symlink: /home/thomas24/hive_ws2/install/nav2_smac_planner/share/nav2_smac_planner/sample_primitives/5cm_resolution/0.5m_turning_radius/omni/output.json
-- Up-to-date symlink: /home/thomas24/hive_ws2/install/nav2_smac_planner/share/nav2_smac_planner/sample_primitives/5cm_resolution/1m_turning_radius/ackermann/output.json
-- Up-to-date symlink: /home/thomas24/hive_ws2/install/nav2_smac_planner/share/nav2_smac_planner/sample_primitives/5cm_resolution/1m_turning_radius/all_trajectories.png
-- Up-to-date symlink: /home/thomas24/hive_ws2/install/nav2_smac_planner/share/nav2_smac_planner/sample_primitives/5cm_resolution/1m_turning_radius/diff/output.json
-- Up-to-date symlink: /home/thomas24/hive_ws2/install/nav2_smac_planner/share/nav2_smac_planner/sample_primitives/5cm_resolution/1m_turning_radius/omni/output.json
-- Up-to-date symlink: /home/thomas24/hive_ws2/install/nav2_smac_planner/share/nav2_smac_planner/sample_primitives/test/output.json
-- Up-to-date symlink: /home/thomas24/hive_ws2/install/nav2_smac_planner/share/nav2_smac_planner/environment/library_path.sh
-- Up-to-date symlink: /home/thomas24/hive_ws2/install/nav2_smac_planner/share/nav2_smac_planner/environment/library_path.dsv
-- Up-to-date symlink: /home/thomas24/hive_ws2/install/nav2_smac_planner/share/ament_index/resource_index/package_run_dependencies/nav2_smac_planner
-- Up-to-date symlink: /home/thomas24/hive_ws2/install/nav2_smac_planner/share/ament_index/resource_index/parent_prefix_path/nav2_smac_planner
-- Up-to-date symlink: /home/thomas24/hive_ws2/install/nav2_smac_planner/share/nav2_smac_planner/environment/ament_prefix_path.sh
-- Up-to-date symlink: /home/thomas24/hive_ws2/install/nav2_smac_planner/share/nav2_smac_planner/environment/ament_prefix_path.dsv
-- Up-to-date symlink: /home/thomas24/hive_ws2/install/nav2_smac_planner/share/nav2_smac_planner/environment/path.sh
-- Up-to-date symlink: /home/thomas24/hive_ws2/install/nav2_smac_planner/share/nav2_smac_planner/environment/path.dsv
-- Up-to-date symlink: /home/thomas24/hive_ws2/install/nav2_smac_planner/share/nav2_smac_planner/local_setup.bash
-- Up-to-date symlink: /home/thomas24/hive_ws2/install/nav2_smac_planner/share/nav2_smac_planner/local_setup.sh
-- Up-to-date symlink: /home/thomas24/hive_ws2/install/nav2_smac_planner/share/nav2_smac_planner/local_setup.zsh
-- Up-to-date symlink: /home/thomas24/hive_ws2/install/nav2_smac_planner/share/nav2_smac_planner/local_setup.dsv
-- Symlinking: /home/thomas24/hive_ws2/install/nav2_smac_planner/share/nav2_smac_planner/package.dsv
-- Up-to-date symlink: /home/thomas24/hive_ws2/install/nav2_smac_planner/share/ament_index/resource_index/packages/nav2_smac_planner
-- Up-to-date symlink: /home/thomas24/hive_ws2/install/nav2_smac_planner/share/ament_index/resource_index/nav2_core__pluginlib__plugin/nav2_smac_planner
-- Up-to-date symlink: /home/thomas24/hive_ws2/install/nav2_smac_planner/share/nav2_smac_planner/cmake/ament_cmake_export_include_directories-extras.cmake
-- Up-to-date symlink: /home/thomas24/hive_ws2/install/nav2_smac_planner/share/nav2_smac_planner/cmake/ament_cmake_export_libraries-extras.cmake
-- Up-to-date symlink: /home/thomas24/hive_ws2/install/nav2_smac_planner/share/nav2_smac_planner/cmake/ament_cmake_export_dependencies-extras.cmake
-- Up-to-date symlink: /home/thomas24/hive_ws2/install/nav2_smac_planner/share/nav2_smac_planner/cmake/ament_cmake_export_targets-extras.cmake
-- Up-to-date symlink: /home/thomas24/hive_ws2/install/nav2_smac_planner/share/nav2_smac_planner/cmake/nav2_smac_plannerConfig.cmake
-- Up-to-date symlink: /home/thomas24/hive_ws2/install/nav2_smac_planner/share/nav2_smac_planner/cmake/nav2_smac_plannerConfig-version.cmake
-- Up-to-date symlink: /home/thomas24/hive_ws2/install/nav2_smac_planner/share/nav2_smac_planner/package.xml
-- Up-to-date: /home/thomas24/hive_ws2/install/nav2_smac_planner/lib/libnav2_smac_planner_common.so
-- Up-to-date: /home/thomas24/hive_ws2/install/nav2_smac_planner/lib/libnav2_smac_planner.so
-- Up-to-date: /home/thomas24/hive_ws2/install/nav2_smac_planner/lib/libnav2_smac_planner_2d.so
-- Up-to-date: /home/thomas24/hive_ws2/install/nav2_smac_planner/lib/libnav2_smac_planner_lattice.so
-- Up-to-date: /home/thomas24/hive_ws2/install/nav2_smac_planner/share/nav2_smac_planner/cmake/nav2_smac_plannerExport.cmake
-- Up-to-date: /home/thomas24/hive_ws2/install/nav2_smac_planner/share/nav2_smac_planner/cmake/nav2_smac_plannerExport-release.cmake
