[0.059s] Invoking command in '/home/thomas24/hive_ws2/build/nav2_costmap_2d': AMENT_PREFIX_PATH=/home/thomas24/hive_ws2/install/nav2_map_server:/home/thomas24/hive_ws2/install/nav2_lifecycle_manager:/home/thomas24/hive_ws2/install/nav2_util:/home/thomas24/hive_ws2/install/nav2_ros_common:/home/thomas24/hive_ws2/install/nav2_voxel_grid:/home/thomas24/hive_ws2/install/nav2_msgs:/home/thomas24/hive_ws2/install/nav2_common:${AMENT_PREFIX_PATH} CMAKE_PREFIX_PATH=/home/thomas24/hive_ws2/install/nav2_map_server:/home/thomas24/hive_ws2/install/nav2_lifecycle_manager:/home/thomas24/hive_ws2/install/nav2_util:/home/thomas24/hive_ws2/install/nav2_ros_common:/home/thomas24/hive_ws2/install/nav2_voxel_grid:/home/thomas24/hive_ws2/install/nav2_msgs:/home/thomas24/hive_ws2/install/nav2_common:/home/thomas24/hiveverse_ws/install/hive_simulation:/home/thomas24/hiveverse_ws/install/hive_robot_description:/opt/ros/jazzy/opt/gz_sim_vendor:/opt/ros/jazzy/opt/gz_sensors_vendor:/opt/ros/jazzy/opt/gz_physics_vendor:/opt/ros/jazzy/opt/sdformat_vendor:/opt/ros/jazzy/opt/gz_gui_vendor:/opt/ros/jazzy/opt/gz_transport_vendor:/opt/ros/jazzy/opt/gz_rendering_vendor:/opt/ros/jazzy/opt/gz_plugin_vendor:/opt/ros/jazzy/opt/gz_fuel_tools_vendor:/opt/ros/jazzy/opt/gz_msgs_vendor:/opt/ros/jazzy/opt/gz_common_vendor:/opt/ros/jazzy/opt/gz_math_vendor:/opt/ros/jazzy/opt/gz_utils_vendor:/opt/ros/jazzy/opt/gz_tools_vendor:/opt/ros/jazzy/opt/gz_ogre_next_vendor:/opt/ros/jazzy/opt/gz_dartsim_vendor:/opt/ros/jazzy/opt/gz_cmake_vendor:/home/thomas24/hiveverse_ws/install/hive_tools:/home/thomas24/hiveverse_ws/install/hive_bringup:/opt/ros/jazzy DEBUGINFOD_URLS=https://debuginfod.ubuntu.com LD_LIBRARY_PATH=/home/thomas24/hive_ws2/install/nav2_map_server/lib:/home/thomas24/hive_ws2/install/nav2_lifecycle_manager/lib:/home/thomas24/hive_ws2/install/nav2_util/lib:/home/thomas24/hive_ws2/install/nav2_voxel_grid/lib:/home/thomas24/hive_ws2/install/nav2_msgs/lib:${LD_LIBRARY_PATH} PYTHONPATH=/home/thomas24/hive_ws2/install/nav2_msgs/lib/python3.12/site-packages:/home/thomas24/hive_ws2/install/nav2_common/lib/python3.12/site-packages:${PYTHONPATH} /usr/bin/cmake --build /home/thomas24/hive_ws2/build/nav2_costmap_2d -- -j16 -l16
[0.199s] [  2%] Built target gtest_main
[0.205s] [  4%] Built target gtest
[0.211s] [  6%] Built target nav2_costmap_2d_cloud
[0.219s] [  8%] Built target nav2_costmap_2d_markers
[0.243s] [ 23%] Built target nav2_costmap_2d_core
[0.334s] [ 25%] Built target costmap_conversion_test
[0.348s] [ 27%] Built target costmap_cost_service_test
[0.348s] [ 30%] Built target declare_parameter_test
[0.350s] [ 32%] Built target nav2_costmap_2d
[0.354s] [ 35%] Built target coordinate_transform_test
[0.354s] [ 36%] Built target costmap_filter_service_test
[0.356s] [ 38%] Built target collision_footprint_test
[0.359s] [ 43%] Built target filters
[0.359s] [ 45%] Built target lifecycle_test
[0.361s] [ 55%] Built target layers
[0.367s] [ 57%] Built target order_layer
[0.369s] [ 62%] Built target copy_window_test
[0.369s] [ 64%] Built target nav2_costmap_2d_client
[0.382s] [ 66%] Built target dyn_params_tests
[0.388s] [ 68%] Built target costmap_filter_test
[0.392s] [ 71%] Built target plugin_api_order
[0.432s] [ 73%] Built target speed_filter_test
[0.441s] [ 75%] Built target binary_filter_test
[0.441s] [ 81%] Built target footprint_tests_exec
[0.441s] [ 82%] Built target keepout_filter_test
[0.441s] [ 82%] Built target test_costmap_subscriber_exec
[0.457s] [ 84%] Built target obstacle_tests_exec
[0.458s] [ 88%] Built target denoise_layer_test
[0.462s] [ 93%] Built target plugin_container_tests_exec
[0.462s] [ 93%] Built target inflation_tests_exec
[0.463s] [ 95%] Built target test_costmap_publisher_exec
[0.463s] [ 97%] Built target test_collision_checker_exec
[0.468s] [100%] Built target range_tests_exec
[0.485s] Invoked command in '/home/thomas24/hive_ws2/build/nav2_costmap_2d' returned '0': AMENT_PREFIX_PATH=/home/thomas24/hive_ws2/install/nav2_map_server:/home/thomas24/hive_ws2/install/nav2_lifecycle_manager:/home/thomas24/hive_ws2/install/nav2_util:/home/thomas24/hive_ws2/install/nav2_ros_common:/home/thomas24/hive_ws2/install/nav2_voxel_grid:/home/thomas24/hive_ws2/install/nav2_msgs:/home/thomas24/hive_ws2/install/nav2_common:${AMENT_PREFIX_PATH} CMAKE_PREFIX_PATH=/home/thomas24/hive_ws2/install/nav2_map_server:/home/thomas24/hive_ws2/install/nav2_lifecycle_manager:/home/thomas24/hive_ws2/install/nav2_util:/home/thomas24/hive_ws2/install/nav2_ros_common:/home/thomas24/hive_ws2/install/nav2_voxel_grid:/home/thomas24/hive_ws2/install/nav2_msgs:/home/thomas24/hive_ws2/install/nav2_common:/home/thomas24/hiveverse_ws/install/hive_simulation:/home/thomas24/hiveverse_ws/install/hive_robot_description:/opt/ros/jazzy/opt/gz_sim_vendor:/opt/ros/jazzy/opt/gz_sensors_vendor:/opt/ros/jazzy/opt/gz_physics_vendor:/opt/ros/jazzy/opt/sdformat_vendor:/opt/ros/jazzy/opt/gz_gui_vendor:/opt/ros/jazzy/opt/gz_transport_vendor:/opt/ros/jazzy/opt/gz_rendering_vendor:/opt/ros/jazzy/opt/gz_plugin_vendor:/opt/ros/jazzy/opt/gz_fuel_tools_vendor:/opt/ros/jazzy/opt/gz_msgs_vendor:/opt/ros/jazzy/opt/gz_common_vendor:/opt/ros/jazzy/opt/gz_math_vendor:/opt/ros/jazzy/opt/gz_utils_vendor:/opt/ros/jazzy/opt/gz_tools_vendor:/opt/ros/jazzy/opt/gz_ogre_next_vendor:/opt/ros/jazzy/opt/gz_dartsim_vendor:/opt/ros/jazzy/opt/gz_cmake_vendor:/home/thomas24/hiveverse_ws/install/hive_tools:/home/thomas24/hiveverse_ws/install/hive_bringup:/opt/ros/jazzy DEBUGINFOD_URLS=https://debuginfod.ubuntu.com LD_LIBRARY_PATH=/home/thomas24/hive_ws2/install/nav2_map_server/lib:/home/thomas24/hive_ws2/install/nav2_lifecycle_manager/lib:/home/thomas24/hive_ws2/install/nav2_util/lib:/home/thomas24/hive_ws2/install/nav2_voxel_grid/lib:/home/thomas24/hive_ws2/install/nav2_msgs/lib:${LD_LIBRARY_PATH} PYTHONPATH=/home/thomas24/hive_ws2/install/nav2_msgs/lib/python3.12/site-packages:/home/thomas24/hive_ws2/install/nav2_common/lib/python3.12/site-packages:${PYTHONPATH} /usr/bin/cmake --build /home/thomas24/hive_ws2/build/nav2_costmap_2d -- -j16 -l16
[0.487s] Invoking command in '/home/thomas24/hive_ws2/build/nav2_costmap_2d': AMENT_PREFIX_PATH=/home/thomas24/hive_ws2/install/nav2_map_server:/home/thomas24/hive_ws2/install/nav2_lifecycle_manager:/home/thomas24/hive_ws2/install/nav2_util:/home/thomas24/hive_ws2/install/nav2_ros_common:/home/thomas24/hive_ws2/install/nav2_voxel_grid:/home/thomas24/hive_ws2/install/nav2_msgs:/home/thomas24/hive_ws2/install/nav2_common:${AMENT_PREFIX_PATH} CMAKE_PREFIX_PATH=/home/thomas24/hive_ws2/install/nav2_map_server:/home/thomas24/hive_ws2/install/nav2_lifecycle_manager:/home/thomas24/hive_ws2/install/nav2_util:/home/thomas24/hive_ws2/install/nav2_ros_common:/home/thomas24/hive_ws2/install/nav2_voxel_grid:/home/thomas24/hive_ws2/install/nav2_msgs:/home/thomas24/hive_ws2/install/nav2_common:/home/thomas24/hiveverse_ws/install/hive_simulation:/home/thomas24/hiveverse_ws/install/hive_robot_description:/opt/ros/jazzy/opt/gz_sim_vendor:/opt/ros/jazzy/opt/gz_sensors_vendor:/opt/ros/jazzy/opt/gz_physics_vendor:/opt/ros/jazzy/opt/sdformat_vendor:/opt/ros/jazzy/opt/gz_gui_vendor:/opt/ros/jazzy/opt/gz_transport_vendor:/opt/ros/jazzy/opt/gz_rendering_vendor:/opt/ros/jazzy/opt/gz_plugin_vendor:/opt/ros/jazzy/opt/gz_fuel_tools_vendor:/opt/ros/jazzy/opt/gz_msgs_vendor:/opt/ros/jazzy/opt/gz_common_vendor:/opt/ros/jazzy/opt/gz_math_vendor:/opt/ros/jazzy/opt/gz_utils_vendor:/opt/ros/jazzy/opt/gz_tools_vendor:/opt/ros/jazzy/opt/gz_ogre_next_vendor:/opt/ros/jazzy/opt/gz_dartsim_vendor:/opt/ros/jazzy/opt/gz_cmake_vendor:/home/thomas24/hiveverse_ws/install/hive_tools:/home/thomas24/hiveverse_ws/install/hive_bringup:/opt/ros/jazzy DEBUGINFOD_URLS=https://debuginfod.ubuntu.com LD_LIBRARY_PATH=/home/thomas24/hive_ws2/install/nav2_map_server/lib:/home/thomas24/hive_ws2/install/nav2_lifecycle_manager/lib:/home/thomas24/hive_ws2/install/nav2_util/lib:/home/thomas24/hive_ws2/install/nav2_voxel_grid/lib:/home/thomas24/hive_ws2/install/nav2_msgs/lib:${LD_LIBRARY_PATH} PYTHONPATH=/home/thomas24/hive_ws2/install/nav2_msgs/lib/python3.12/site-packages:/home/thomas24/hive_ws2/install/nav2_common/lib/python3.12/site-packages:${PYTHONPATH} /usr/bin/cmake --install /home/thomas24/hive_ws2/build/nav2_costmap_2d
[0.498s] -- Install configuration: "Release"
[0.499s] -- Execute custom install script
[0.499s] -- Up-to-date symlink: /home/thomas24/hive_ws2/install/nav2_costmap_2d/lib/nav2_costmap_2d/nav2_costmap_2d_markers
[0.499s] -- Up-to-date symlink: /home/thomas24/hive_ws2/install/nav2_costmap_2d/lib/nav2_costmap_2d/nav2_costmap_2d_cloud
[0.499s] -- Up-to-date symlink: /home/thomas24/hive_ws2/install/nav2_costmap_2d/lib/nav2_costmap_2d/nav2_costmap_2d
[0.499s] -- Up-to-date symlink: /home/thomas24/hive_ws2/install/nav2_costmap_2d/share/nav2_costmap_2d/costmap_plugins.xml
[0.500s] -- Up-to-date symlink: /home/thomas24/hive_ws2/install/nav2_costmap_2d/include/nav2_costmap_2d/nav2_costmap_2d/clear_costmap_service.hpp
[0.500s] -- Up-to-date symlink: /home/thomas24/hive_ws2/install/nav2_costmap_2d/include/nav2_costmap_2d/nav2_costmap_2d/cost_values.hpp
[0.500s] -- Up-to-date symlink: /home/thomas24/hive_ws2/install/nav2_costmap_2d/include/nav2_costmap_2d/nav2_costmap_2d/costmap_2d.hpp
[0.500s] -- Up-to-date symlink: /home/thomas24/hive_ws2/install/nav2_costmap_2d/include/nav2_costmap_2d/nav2_costmap_2d/costmap_2d_publisher.hpp
[0.500s] -- Up-to-date symlink: /home/thomas24/hive_ws2/install/nav2_costmap_2d/include/nav2_costmap_2d/nav2_costmap_2d/costmap_2d_ros.hpp
[0.500s] -- Up-to-date symlink: /home/thomas24/hive_ws2/install/nav2_costmap_2d/include/nav2_costmap_2d/nav2_costmap_2d/costmap_filters/binary_filter.hpp
[0.500s] -- Up-to-date symlink: /home/thomas24/hive_ws2/install/nav2_costmap_2d/include/nav2_costmap_2d/nav2_costmap_2d/costmap_filters/costmap_filter.hpp
[0.501s] -- Up-to-date symlink: /home/thomas24/hive_ws2/install/nav2_costmap_2d/include/nav2_costmap_2d/nav2_costmap_2d/costmap_filters/filter_values.hpp
[0.501s] -- Up-to-date symlink: /home/thomas24/hive_ws2/install/nav2_costmap_2d/include/nav2_costmap_2d/nav2_costmap_2d/costmap_filters/keepout_filter.hpp
[0.501s] -- Up-to-date symlink: /home/thomas24/hive_ws2/install/nav2_costmap_2d/include/nav2_costmap_2d/nav2_costmap_2d/costmap_filters/speed_filter.hpp
[0.501s] -- Up-to-date symlink: /home/thomas24/hive_ws2/install/nav2_costmap_2d/include/nav2_costmap_2d/nav2_costmap_2d/costmap_layer.hpp
[0.501s] -- Up-to-date symlink: /home/thomas24/hive_ws2/install/nav2_costmap_2d/include/nav2_costmap_2d/nav2_costmap_2d/costmap_math.hpp
[0.501s] -- Up-to-date symlink: /home/thomas24/hive_ws2/install/nav2_costmap_2d/include/nav2_costmap_2d/nav2_costmap_2d/costmap_subscriber.hpp
[0.501s] -- Up-to-date symlink: /home/thomas24/hive_ws2/install/nav2_costmap_2d/include/nav2_costmap_2d/nav2_costmap_2d/costmap_topic_collision_checker.hpp
[0.501s] -- Up-to-date symlink: /home/thomas24/hive_ws2/install/nav2_costmap_2d/include/nav2_costmap_2d/nav2_costmap_2d/denoise/image.hpp
[0.501s] -- Up-to-date symlink: /home/thomas24/hive_ws2/install/nav2_costmap_2d/include/nav2_costmap_2d/nav2_costmap_2d/denoise/image_processing.hpp
[0.501s] -- Up-to-date symlink: /home/thomas24/hive_ws2/install/nav2_costmap_2d/include/nav2_costmap_2d/nav2_costmap_2d/denoise_layer.hpp
[0.501s] -- Up-to-date symlink: /home/thomas24/hive_ws2/install/nav2_costmap_2d/include/nav2_costmap_2d/nav2_costmap_2d/exceptions.hpp
[0.502s] -- Up-to-date symlink: /home/thomas24/hive_ws2/install/nav2_costmap_2d/include/nav2_costmap_2d/nav2_costmap_2d/footprint.hpp
[0.502s] -- Up-to-date symlink: /home/thomas24/hive_ws2/install/nav2_costmap_2d/include/nav2_costmap_2d/nav2_costmap_2d/footprint_collision_checker.hpp
[0.502s] -- Up-to-date symlink: /home/thomas24/hive_ws2/install/nav2_costmap_2d/include/nav2_costmap_2d/nav2_costmap_2d/footprint_subscriber.hpp
[0.502s] -- Up-to-date symlink: /home/thomas24/hive_ws2/install/nav2_costmap_2d/include/nav2_costmap_2d/nav2_costmap_2d/inflation_layer.hpp
[0.502s] -- Up-to-date symlink: /home/thomas24/hive_ws2/install/nav2_costmap_2d/include/nav2_costmap_2d/nav2_costmap_2d/layer.hpp
[0.502s] -- Up-to-date symlink: /home/thomas24/hive_ws2/install/nav2_costmap_2d/include/nav2_costmap_2d/nav2_costmap_2d/layered_costmap.hpp
[0.502s] -- Up-to-date symlink: /home/thomas24/hive_ws2/install/nav2_costmap_2d/include/nav2_costmap_2d/nav2_costmap_2d/observation.hpp
[0.502s] -- Up-to-date symlink: /home/thomas24/hive_ws2/install/nav2_costmap_2d/include/nav2_costmap_2d/nav2_costmap_2d/observation_buffer.hpp
[0.502s] -- Up-to-date symlink: /home/thomas24/hive_ws2/install/nav2_costmap_2d/include/nav2_costmap_2d/nav2_costmap_2d/obstacle_layer.hpp
[0.502s] -- Up-to-date symlink: /home/thomas24/hive_ws2/install/nav2_costmap_2d/include/nav2_costmap_2d/nav2_costmap_2d/plugin_container_layer.hpp
[0.502s] -- Up-to-date symlink: /home/thomas24/hive_ws2/install/nav2_costmap_2d/include/nav2_costmap_2d/nav2_costmap_2d/range_sensor_layer.hpp
[0.503s] -- Up-to-date symlink: /home/thomas24/hive_ws2/install/nav2_costmap_2d/include/nav2_costmap_2d/nav2_costmap_2d/static_layer.hpp
[0.503s] -- Up-to-date symlink: /home/thomas24/hive_ws2/install/nav2_costmap_2d/include/nav2_costmap_2d/nav2_costmap_2d/voxel_layer.hpp
[0.503s] -- Up-to-date symlink: /home/thomas24/hive_ws2/install/nav2_costmap_2d/lib/liborder_layer.so
[0.503s] -- Up-to-date symlink: /home/thomas24/hive_ws2/install/nav2_costmap_2d/share/nav2_costmap_2d/test/regression/order_layer.xml
[0.503s] -- Up-to-date symlink: /home/thomas24/hive_ws2/install/nav2_costmap_2d/share/nav2_costmap_2d/environment/library_path.sh
[0.503s] -- Up-to-date symlink: /home/thomas24/hive_ws2/install/nav2_costmap_2d/share/nav2_costmap_2d/environment/library_path.dsv
[0.503s] -- Up-to-date symlink: /home/thomas24/hive_ws2/install/nav2_costmap_2d/share/nav2_costmap_2d//costmap_plugins.xml
[0.503s] -- Up-to-date symlink: /home/thomas24/hive_ws2/install/nav2_costmap_2d/share/ament_index/resource_index/package_run_dependencies/nav2_costmap_2d
[0.503s] -- Up-to-date symlink: /home/thomas24/hive_ws2/install/nav2_costmap_2d/share/ament_index/resource_index/parent_prefix_path/nav2_costmap_2d
[0.503s] -- Up-to-date symlink: /home/thomas24/hive_ws2/install/nav2_costmap_2d/share/nav2_costmap_2d/environment/ament_prefix_path.sh
[0.504s] -- Up-to-date symlink: /home/thomas24/hive_ws2/install/nav2_costmap_2d/share/nav2_costmap_2d/environment/ament_prefix_path.dsv
[0.504s] -- Up-to-date symlink: /home/thomas24/hive_ws2/install/nav2_costmap_2d/share/nav2_costmap_2d/environment/path.sh
[0.504s] -- Up-to-date symlink: /home/thomas24/hive_ws2/install/nav2_costmap_2d/share/nav2_costmap_2d/environment/path.dsv
[0.504s] -- Up-to-date symlink: /home/thomas24/hive_ws2/install/nav2_costmap_2d/share/nav2_costmap_2d/local_setup.bash
[0.504s] -- Up-to-date symlink: /home/thomas24/hive_ws2/install/nav2_costmap_2d/share/nav2_costmap_2d/local_setup.sh
[0.504s] -- Up-to-date symlink: /home/thomas24/hive_ws2/install/nav2_costmap_2d/share/nav2_costmap_2d/local_setup.zsh
[0.504s] -- Up-to-date symlink: /home/thomas24/hive_ws2/install/nav2_costmap_2d/share/nav2_costmap_2d/local_setup.dsv
[0.504s] -- Symlinking: /home/thomas24/hive_ws2/install/nav2_costmap_2d/share/nav2_costmap_2d/package.dsv
[0.516s] -- Up-to-date symlink: /home/thomas24/hive_ws2/install/nav2_costmap_2d/share/ament_index/resource_index/packages/nav2_costmap_2d
[0.517s] -- Up-to-date symlink: /home/thomas24/hive_ws2/install/nav2_costmap_2d/share/ament_index/resource_index/nav2_costmap_2d__pluginlib__plugin/nav2_costmap_2d
[0.517s] -- Up-to-date symlink: /home/thomas24/hive_ws2/install/nav2_costmap_2d/share/nav2_costmap_2d/cmake/ament_cmake_export_include_directories-extras.cmake
[0.517s] -- Up-to-date symlink: /home/thomas24/hive_ws2/install/nav2_costmap_2d/share/nav2_costmap_2d/cmake/ament_cmake_export_libraries-extras.cmake
[0.517s] -- Up-to-date symlink: /home/thomas24/hive_ws2/install/nav2_costmap_2d/share/nav2_costmap_2d/cmake/ament_cmake_export_targets-extras.cmake
[0.517s] -- Up-to-date symlink: /home/thomas24/hive_ws2/install/nav2_costmap_2d/share/nav2_costmap_2d/cmake/ament_cmake_export_dependencies-extras.cmake
[0.517s] -- Up-to-date symlink: /home/thomas24/hive_ws2/install/nav2_costmap_2d/share/nav2_costmap_2d/cmake/nav2_costmap_2dConfig.cmake
[0.517s] -- Up-to-date symlink: /home/thomas24/hive_ws2/install/nav2_costmap_2d/share/nav2_costmap_2d/cmake/nav2_costmap_2dConfig-version.cmake
[0.517s] -- Up-to-date symlink: /home/thomas24/hive_ws2/install/nav2_costmap_2d/share/nav2_costmap_2d/package.xml
[0.518s] -- Up-to-date: /home/thomas24/hive_ws2/install/nav2_costmap_2d/lib/liblayers.so
[0.518s] -- Up-to-date: /home/thomas24/hive_ws2/install/nav2_costmap_2d/lib/libfilters.so
[0.518s] -- Up-to-date: /home/thomas24/hive_ws2/install/nav2_costmap_2d/lib/libnav2_costmap_2d_core.so
[0.518s] -- Up-to-date: /home/thomas24/hive_ws2/install/nav2_costmap_2d/lib/libnav2_costmap_2d_client.so
[0.518s] -- Up-to-date: /home/thomas24/hive_ws2/install/nav2_costmap_2d/share/nav2_costmap_2d/cmake/export_nav2_costmap_2dExport.cmake
[0.518s] -- Up-to-date: /home/thomas24/hive_ws2/install/nav2_costmap_2d/share/nav2_costmap_2d/cmake/export_nav2_costmap_2dExport-release.cmake
[0.525s] Invoked command in '/home/thomas24/hive_ws2/build/nav2_costmap_2d' returned '0': AMENT_PREFIX_PATH=/home/thomas24/hive_ws2/install/nav2_map_server:/home/thomas24/hive_ws2/install/nav2_lifecycle_manager:/home/thomas24/hive_ws2/install/nav2_util:/home/thomas24/hive_ws2/install/nav2_ros_common:/home/thomas24/hive_ws2/install/nav2_voxel_grid:/home/thomas24/hive_ws2/install/nav2_msgs:/home/thomas24/hive_ws2/install/nav2_common:${AMENT_PREFIX_PATH} CMAKE_PREFIX_PATH=/home/thomas24/hive_ws2/install/nav2_map_server:/home/thomas24/hive_ws2/install/nav2_lifecycle_manager:/home/thomas24/hive_ws2/install/nav2_util:/home/thomas24/hive_ws2/install/nav2_ros_common:/home/thomas24/hive_ws2/install/nav2_voxel_grid:/home/thomas24/hive_ws2/install/nav2_msgs:/home/thomas24/hive_ws2/install/nav2_common:/home/thomas24/hiveverse_ws/install/hive_simulation:/home/thomas24/hiveverse_ws/install/hive_robot_description:/opt/ros/jazzy/opt/gz_sim_vendor:/opt/ros/jazzy/opt/gz_sensors_vendor:/opt/ros/jazzy/opt/gz_physics_vendor:/opt/ros/jazzy/opt/sdformat_vendor:/opt/ros/jazzy/opt/gz_gui_vendor:/opt/ros/jazzy/opt/gz_transport_vendor:/opt/ros/jazzy/opt/gz_rendering_vendor:/opt/ros/jazzy/opt/gz_plugin_vendor:/opt/ros/jazzy/opt/gz_fuel_tools_vendor:/opt/ros/jazzy/opt/gz_msgs_vendor:/opt/ros/jazzy/opt/gz_common_vendor:/opt/ros/jazzy/opt/gz_math_vendor:/opt/ros/jazzy/opt/gz_utils_vendor:/opt/ros/jazzy/opt/gz_tools_vendor:/opt/ros/jazzy/opt/gz_ogre_next_vendor:/opt/ros/jazzy/opt/gz_dartsim_vendor:/opt/ros/jazzy/opt/gz_cmake_vendor:/home/thomas24/hiveverse_ws/install/hive_tools:/home/thomas24/hiveverse_ws/install/hive_bringup:/opt/ros/jazzy DEBUGINFOD_URLS=https://debuginfod.ubuntu.com LD_LIBRARY_PATH=/home/thomas24/hive_ws2/install/nav2_map_server/lib:/home/thomas24/hive_ws2/install/nav2_lifecycle_manager/lib:/home/thomas24/hive_ws2/install/nav2_util/lib:/home/thomas24/hive_ws2/install/nav2_voxel_grid/lib:/home/thomas24/hive_ws2/install/nav2_msgs/lib:${LD_LIBRARY_PATH} PYTHONPATH=/home/thomas24/hive_ws2/install/nav2_msgs/lib/python3.12/site-packages:/home/thomas24/hive_ws2/install/nav2_common/lib/python3.12/site-packages:${PYTHONPATH} /usr/bin/cmake --install /home/thomas24/hive_ws2/build/nav2_costmap_2d
