[0.030s] Invoking command in '/home/thomas24/hive_ws2/build/nav2_behavior_tree': AMENT_PREFIX_PATH=/home/thomas24/hive_ws2/install/nav2_util:/home/thomas24/hive_ws2/install/nav2_ros_common:/home/thomas24/hive_ws2/install/nav2_msgs:/home/thomas24/hive_ws2/install/nav2_common:${AMENT_PREFIX_PATH} CMAKE_PREFIX_PATH=/home/thomas24/hive_ws2/install/nav2_util:/home/thomas24/hive_ws2/install/nav2_ros_common:/home/thomas24/hive_ws2/install/nav2_msgs:/home/thomas24/hive_ws2/install/nav2_common:/home/thomas24/hiveverse_ws/install/hive_simulation:/home/thomas24/hiveverse_ws/install/hive_robot_description:/opt/ros/jazzy/opt/gz_sim_vendor:/opt/ros/jazzy/opt/gz_sensors_vendor:/opt/ros/jazzy/opt/gz_physics_vendor:/opt/ros/jazzy/opt/sdformat_vendor:/opt/ros/jazzy/opt/gz_gui_vendor:/opt/ros/jazzy/opt/gz_transport_vendor:/opt/ros/jazzy/opt/gz_rendering_vendor:/opt/ros/jazzy/opt/gz_plugin_vendor:/opt/ros/jazzy/opt/gz_fuel_tools_vendor:/opt/ros/jazzy/opt/gz_msgs_vendor:/opt/ros/jazzy/opt/gz_common_vendor:/opt/ros/jazzy/opt/gz_math_vendor:/opt/ros/jazzy/opt/gz_utils_vendor:/opt/ros/jazzy/opt/gz_tools_vendor:/opt/ros/jazzy/opt/gz_ogre_next_vendor:/opt/ros/jazzy/opt/gz_dartsim_vendor:/opt/ros/jazzy/opt/gz_cmake_vendor:/home/thomas24/hiveverse_ws/install/hive_tools:/home/thomas24/hiveverse_ws/install/hive_bringup:/opt/ros/jazzy DEBUGINFOD_URLS=https://debuginfod.ubuntu.com LD_LIBRARY_PATH=/home/thomas24/hive_ws2/install/nav2_util/lib:/home/thomas24/hive_ws2/install/nav2_msgs/lib:${LD_LIBRARY_PATH} PYTHONPATH=/home/thomas24/hive_ws2/install/nav2_msgs/lib/python3.12/site-packages:/home/thomas24/hive_ws2/install/nav2_common/lib/python3.12/site-packages:${PYTHONPATH} /usr/bin/cmake --build /home/thomas24/hive_ws2/build/nav2_behavior_tree -- -j16 -l16
[0.143s] [  1%] Built target nav2_compute_path_through_poses_action_bt_node
[0.143s] [  2%] Built target nav2_behavior_tree
[0.143s] [  2%] Built target nav2_compute_path_to_pose_action_bt_node
[0.154s] [  3%] Built target nav2_wait_cancel_bt_node
[0.155s] [  3%] Built target nav2_controller_cancel_bt_node
[0.162s] [  3%] Built target nav2_back_up_cancel_bt_node
[0.176s] [  4%] Built target nav2_back_up_action_bt_node
[0.179s] [  5%] Built target nav2_assisted_teleop_cancel_bt_node
[0.193s] [  6%] Built target nav2_follow_path_action_bt_node
[0.196s] [  7%] Built target nav2_drive_on_heading_cancel_bt_node
[0.203s] [  7%] Built target nav2_spin_cancel_bt_node
[0.205s] [  8%] Built target nav2_drive_on_heading_bt_node
[0.207s] [  9%] Built target nav2_spin_action_bt_node
[0.213s] [  9%] Built target nav2_wait_action_bt_node
[0.213s] [  9%] Built target nav2_assisted_teleop_action_bt_node
[0.226s] [ 10%] Built target nav2_clear_costmap_service_bt_node
[0.228s] [ 11%] Built target nav2_smooth_path_action_bt_node
[0.241s] [ 12%] Built target nav2_is_stopped_condition_bt_node
[0.245s] [ 13%] Built target nav2_is_stuck_condition_bt_node
[0.247s] [ 14%] Built target nav2_are_poses_near_condition_bt_node
[0.257s] [ 14%] Built target nav2_transform_available_condition_bt_node
[0.262s] [ 15%] Built target nav2_goal_reached_condition_bt_node
[0.270s] [ 15%] Built target nav2_is_pose_occupied_condition_bt_node
[0.273s] [ 16%] Built target nav2_globally_updated_goal_condition_bt_node
[0.273s] [ 17%] Built target nav2_goal_updated_condition_bt_node
[0.275s] [ 18%] Built target nav2_is_path_valid_condition_bt_node
[0.287s] [ 18%] Built target nav2_distance_traveled_condition_bt_node
[0.287s] [ 19%] Built target nav2_initial_pose_received_condition_bt_node
[0.289s] [ 19%] Built target nav2_path_expiring_timer_condition_bt_node
[0.293s] [ 20%] Built target nav2_time_expired_condition_bt_node
[0.300s] [ 20%] Built target nav2_is_battery_charging_condition_bt_node
[0.326s] [ 21%] Built target nav2_would_a_smoother_recovery_help_condition_bt_node
[0.330s] [ 21%] Built target nav2_would_a_planner_recovery_help_condition_bt_node
[0.332s] [ 22%] Built target nav2_would_a_controller_recovery_help_condition_bt_node
[0.334s] [ 23%] Built target nav2_is_battery_low_condition_bt_node
[0.334s] [ 24%] Built target nav2_rate_controller_bt_node
[0.340s] [ 25%] Built target nav2_are_error_codes_active_condition_bt_node
[0.347s] [ 26%] Built target nav2_speed_controller_bt_node
[0.347s] [ 26%] Built target nav2_reinitialize_global_localization_service_bt_node
[0.347s] [ 27%] Built target nav2_would_a_route_recovery_help_condition_bt_node
[0.348s] [ 28%] Built target nav2_distance_controller_bt_node
[0.359s] [ 29%] Built target nav2_concatenate_paths_action_bt_node
[0.359s] [ 30%] Built target nav2_truncate_path_action_bt_node
[0.371s] [ 31%] Built target nav2_recovery_node_bt_node
[0.396s] [ 32%] Built target nav2_truncate_path_local_action_bt_node
[0.400s] [ 33%] Built target nav2_path_longer_on_approach_bt_node
[0.408s] [ 33%] Built target nav2_append_goal_pose_to_goals_action_bt_node
[0.408s] [ 33%] Built target nav2_extract_route_nodes_as_goals_action_bt_node
[0.408s] [ 34%] Built target nav2_goal_updater_node_bt_node
[0.413s] [ 34%] Built target nav2_navigate_through_poses_action_bt_node
[0.415s] [ 35%] Built target nav2_remove_passed_goals_action_bt_node
[0.415s] [ 36%] Built target nav2_get_pose_from_path_action_bt_node
[0.415s] [ 37%] Built target nav2_pipeline_sequence_bt_node
[0.416s] [ 38%] Built target nav2_nonblocking_sequence_bt_node
[0.424s] [ 39%] Built target nav2_navigate_to_pose_action_bt_node
[0.438s] [ 39%] Built target nav2_round_robin_node_bt_node
[0.438s] [ 39%] Built target nav2_get_next_few_goals_action_bt_node
[0.438s] [ 40%] Built target nav2_remove_in_collision_goals_action_bt_node
[0.462s] [ 41%] Built target nav2_get_current_pose_action_bt_node
[0.462s] [ 42%] Built target nav2_pause_resume_controller_bt_node
[0.462s] [ 42%] Built target nav2_persistent_sequence_bt_node
[0.467s] [ 43%] Built target gtest_main
[0.471s] [ 43%] Built target generate_nav2_tree_nodes_xml
[0.486s] [ 44%] Built target nav2_single_trigger_bt_node
[0.489s] [ 44%] Built target nav2_goal_updated_controller_bt_node
[0.492s] [ 45%] Built target nav2_planner_selector_bt_node
[0.492s] [ 45%] Built target nav2_smoother_selector_bt_node
[0.492s] [ 46%] Built target nav2_compute_and_track_route_cancel_bt_node
[0.495s] [ 47%] Built target nav2_toggle_collision_monitor_service_bt_node
[0.495s] [ 47%] Built target nav2_compute_and_track_route_bt_node
[0.500s] [ 48%] Built target gtest
[0.500s] [ 48%] Built target nav2_goal_checker_selector_bt_node
[0.500s] [ 48%] Built target nav2_progress_checker_selector_bt_node
[0.501s] [ 49%] Built target nav2_compute_route_bt_node
[0.506s] [ 50%] Built target nav2_controller_selector_bt_node
[0.545s] [ 50%] Built target test_condition_time_expired
[0.554s] [ 52%] Built target test_json_utils
[0.555s] [ 52%] Built target test_condition_are_poses_near
[0.555s] [ 52%] Built target test_condition_distance_traveled
[0.559s] [ 53%] Built target test_condition_is_stuck
[0.561s] [ 54%] Built target test_condition_goal_reached
[0.563s] [ 54%] Built target test_bt_utils
[0.565s] [ 55%] Built target test_condition_transform_available
[0.570s] [ 55%] Built target test_condition_is_stopped
[0.570s] [ 56%] Built target test_condition_globally_updated_goal
[0.573s] [ 57%] Built target test_condition_path_expiring_timer
[0.573s] [ 57%] Built target test_condition_goal_updated
[0.581s] [ 58%] Built target test_condition_initial_pose_received
[0.586s] [ 58%] Built target test_condition_is_battery_low
[0.589s] [ 59%] Built target test_condition_is_battery_charging
[0.596s] [ 60%] Built target test_condition_is_path_valid
[0.615s] [ 62%] Built target test_are_error_codes_present
[0.615s] [ 62%] Built target test_would_a_planner_recovery_help
[0.620s] [ 63%] Built target test_condition_is_pose_occupied
[0.624s] [ 64%] Built target test_would_a_smoother_recovery_help
[0.625s] [ 65%] Built target test_decorator_speed_controller
[0.633s] [ 66%] Built target test_decorator_distance_controller
[0.633s] [ 66%] Built target test_would_a_controller_recovery_help
[0.639s] [ 67%] Built target test_goal_updated_controller
[0.640s] [ 67%] Built target test_goal_updater_node
[0.640s] [ 68%] Built target test_would_a_route_recovery_help
[0.640s] [ 70%] Built target test_single_trigger_node
[0.640s] [ 70%] Built target test_decorator_rate_controller
[0.643s] [ 71%] Built target test_control_pipeline_sequence
[0.656s] [ 71%] Built target test_decorator_path_longer_on_approach
[0.657s] [ 71%] Built target test_control_round_robin_node
[0.662s] [ 72%] Built target test_control_recovery_node
[0.687s] [ 73%] Built target test_control_nonblocking_sequence
[0.703s] [ 73%] Built target test_action_controller_cancel_action
[0.711s] [ 73%] Built target test_control_pause_resume_controller
[0.711s] [ 74%] Built target test_action_spin_action
[0.711s] [ 75%] Built target test_bt_action_node
[0.714s] [ 76%] Built target test_persistent_sequence
[0.722s] [ 77%] Built target test_action_wait_cancel_action
[0.722s] [ 78%] Built target test_action_drive_on_heading
[0.723s] [ 79%] Built target test_action_wait_action
[0.724s] [ 80%] Built target test_action_drive_on_heading_cancel_action
[0.729s] [ 81%] Built target test_action_assisted_teleop_action
[0.729s] [ 82%] Built target test_action_back_up_cancel_action
[0.730s] [ 83%] Built target test_action_compute_and_track_route_cancel_action
[0.731s] [ 83%] Built target test_action_spin_cancel_action
[0.734s] [ 83%] Built target test_action_assisted_teleop_cancel_action
[0.735s] [ 84%] Built target test_action_back_up_action
[0.771s] [ 85%] Built target test_action_compute_path_to_pose_action
[0.775s] [ 85%] Built target test_action_clear_costmap_service
[0.777s] [ 85%] Built target test_action_follow_path_action
[0.785s] [ 85%] Built target test_action_reinitialize_global_localization_service
[0.785s] [ 86%] Built target test_action_smooth_path_action
[0.789s] [ 86%] Built target test_action_compute_path_through_poses_action
[0.789s] [ 87%] Built target test_action_compute_and_track_route_action
[0.797s] [ 88%] Built target test_action_navigate_to_pose_action
[0.804s] [ 90%] Built target test_action_compute_route_action
[0.813s] [ 91%] Built target test_concatenate_paths_action
[0.814s] [ 90%] Built target test_action_navigate_through_poses_action
[0.820s] [ 92%] Built target test_truncate_path_action
[0.829s] [ 93%] Built target test_get_next_few_goals_action
[0.833s] [ 94%] Built target test_get_current_pose_action
[0.836s] [ 94%] Built target test_remove_passed_goals_action
[0.836s] [ 95%] Built target test_truncate_path_local_action
[0.865s] [ 95%] Built target test_get_pose_from_path_action
[0.866s] [ 95%] Built target test_extract_route_nodes_as_goals_action
[0.867s] [ 95%] Built target test_planner_selector_node
[0.867s] [ 96%] Built target test_remove_in_collision_goals_action
[0.869s] [ 95%] Built target test_append_goal_pose_to_goals_action
[0.872s] [ 97%] Built target test_controller_selector_node
[0.875s] [ 98%] Built target test_goal_checker_selector_node
[0.880s] [ 99%] Built target test_smoother_selector_node
[0.888s] [ 99%] Built target test_toggle_collision_monitor_service
[0.889s] [100%] Built target test_progress_checker_selector_node
[0.943s] Invoked command in '/home/thomas24/hive_ws2/build/nav2_behavior_tree' returned '0': AMENT_PREFIX_PATH=/home/thomas24/hive_ws2/install/nav2_util:/home/thomas24/hive_ws2/install/nav2_ros_common:/home/thomas24/hive_ws2/install/nav2_msgs:/home/thomas24/hive_ws2/install/nav2_common:${AMENT_PREFIX_PATH} CMAKE_PREFIX_PATH=/home/thomas24/hive_ws2/install/nav2_util:/home/thomas24/hive_ws2/install/nav2_ros_common:/home/thomas24/hive_ws2/install/nav2_msgs:/home/thomas24/hive_ws2/install/nav2_common:/home/thomas24/hiveverse_ws/install/hive_simulation:/home/thomas24/hiveverse_ws/install/hive_robot_description:/opt/ros/jazzy/opt/gz_sim_vendor:/opt/ros/jazzy/opt/gz_sensors_vendor:/opt/ros/jazzy/opt/gz_physics_vendor:/opt/ros/jazzy/opt/sdformat_vendor:/opt/ros/jazzy/opt/gz_gui_vendor:/opt/ros/jazzy/opt/gz_transport_vendor:/opt/ros/jazzy/opt/gz_rendering_vendor:/opt/ros/jazzy/opt/gz_plugin_vendor:/opt/ros/jazzy/opt/gz_fuel_tools_vendor:/opt/ros/jazzy/opt/gz_msgs_vendor:/opt/ros/jazzy/opt/gz_common_vendor:/opt/ros/jazzy/opt/gz_math_vendor:/opt/ros/jazzy/opt/gz_utils_vendor:/opt/ros/jazzy/opt/gz_tools_vendor:/opt/ros/jazzy/opt/gz_ogre_next_vendor:/opt/ros/jazzy/opt/gz_dartsim_vendor:/opt/ros/jazzy/opt/gz_cmake_vendor:/home/thomas24/hiveverse_ws/install/hive_tools:/home/thomas24/hiveverse_ws/install/hive_bringup:/opt/ros/jazzy DEBUGINFOD_URLS=https://debuginfod.ubuntu.com LD_LIBRARY_PATH=/home/thomas24/hive_ws2/install/nav2_util/lib:/home/thomas24/hive_ws2/install/nav2_msgs/lib:${LD_LIBRARY_PATH} PYTHONPATH=/home/thomas24/hive_ws2/install/nav2_msgs/lib/python3.12/site-packages:/home/thomas24/hive_ws2/install/nav2_common/lib/python3.12/site-packages:${PYTHONPATH} /usr/bin/cmake --build /home/thomas24/hive_ws2/build/nav2_behavior_tree -- -j16 -l16
[0.944s] Invoking command in '/home/thomas24/hive_ws2/build/nav2_behavior_tree': AMENT_PREFIX_PATH=/home/thomas24/hive_ws2/install/nav2_util:/home/thomas24/hive_ws2/install/nav2_ros_common:/home/thomas24/hive_ws2/install/nav2_msgs:/home/thomas24/hive_ws2/install/nav2_common:${AMENT_PREFIX_PATH} CMAKE_PREFIX_PATH=/home/thomas24/hive_ws2/install/nav2_util:/home/thomas24/hive_ws2/install/nav2_ros_common:/home/thomas24/hive_ws2/install/nav2_msgs:/home/thomas24/hive_ws2/install/nav2_common:/home/thomas24/hiveverse_ws/install/hive_simulation:/home/thomas24/hiveverse_ws/install/hive_robot_description:/opt/ros/jazzy/opt/gz_sim_vendor:/opt/ros/jazzy/opt/gz_sensors_vendor:/opt/ros/jazzy/opt/gz_physics_vendor:/opt/ros/jazzy/opt/sdformat_vendor:/opt/ros/jazzy/opt/gz_gui_vendor:/opt/ros/jazzy/opt/gz_transport_vendor:/opt/ros/jazzy/opt/gz_rendering_vendor:/opt/ros/jazzy/opt/gz_plugin_vendor:/opt/ros/jazzy/opt/gz_fuel_tools_vendor:/opt/ros/jazzy/opt/gz_msgs_vendor:/opt/ros/jazzy/opt/gz_common_vendor:/opt/ros/jazzy/opt/gz_math_vendor:/opt/ros/jazzy/opt/gz_utils_vendor:/opt/ros/jazzy/opt/gz_tools_vendor:/opt/ros/jazzy/opt/gz_ogre_next_vendor:/opt/ros/jazzy/opt/gz_dartsim_vendor:/opt/ros/jazzy/opt/gz_cmake_vendor:/home/thomas24/hiveverse_ws/install/hive_tools:/home/thomas24/hiveverse_ws/install/hive_bringup:/opt/ros/jazzy DEBUGINFOD_URLS=https://debuginfod.ubuntu.com LD_LIBRARY_PATH=/home/thomas24/hive_ws2/install/nav2_util/lib:/home/thomas24/hive_ws2/install/nav2_msgs/lib:${LD_LIBRARY_PATH} PYTHONPATH=/home/thomas24/hive_ws2/install/nav2_msgs/lib/python3.12/site-packages:/home/thomas24/hive_ws2/install/nav2_common/lib/python3.12/site-packages:${PYTHONPATH} /usr/bin/cmake --install /home/thomas24/hive_ws2/build/nav2_behavior_tree
[0.963s] -- Install configuration: "Release"
[0.963s] -- Execute custom install script
[0.963s] -- Up-to-date symlink: /home/thomas24/hive_ws2/install/nav2_behavior_tree/lib/nav2_behavior_tree/generate_nav2_tree_nodes_xml
[0.964s] -- Up-to-date symlink: /home/thomas24/hive_ws2/install/nav2_behavior_tree/include/nav2_behavior_tree/nav2_behavior_tree/behavior_tree_engine.hpp
[0.965s] -- Up-to-date symlink: /home/thomas24/hive_ws2/install/nav2_behavior_tree/include/nav2_behavior_tree/nav2_behavior_tree/bt_action_node.hpp
[0.965s] -- Up-to-date symlink: /home/thomas24/hive_ws2/install/nav2_behavior_tree/include/nav2_behavior_tree/nav2_behavior_tree/bt_action_server.hpp
[0.965s] -- Up-to-date symlink: /home/thomas24/hive_ws2/install/nav2_behavior_tree/include/nav2_behavior_tree/nav2_behavior_tree/bt_action_server_impl.hpp
[0.966s] -- Up-to-date symlink: /home/thomas24/hive_ws2/install/nav2_behavior_tree/include/nav2_behavior_tree/nav2_behavior_tree/bt_cancel_action_node.hpp
[0.966s] -- Up-to-date symlink: /home/thomas24/hive_ws2/install/nav2_behavior_tree/include/nav2_behavior_tree/nav2_behavior_tree/bt_service_node.hpp
[0.966s] -- Up-to-date symlink: /home/thomas24/hive_ws2/install/nav2_behavior_tree/include/nav2_behavior_tree/nav2_behavior_tree/bt_utils.hpp
[0.966s] -- Up-to-date symlink: /home/thomas24/hive_ws2/install/nav2_behavior_tree/include/nav2_behavior_tree/nav2_behavior_tree/json_utils.hpp
[0.967s] -- Up-to-date symlink: /home/thomas24/hive_ws2/install/nav2_behavior_tree/include/nav2_behavior_tree/nav2_behavior_tree/plugins/action/append_goal_pose_to_goals_action.hpp
[0.967s] -- Up-to-date symlink: /home/thomas24/hive_ws2/install/nav2_behavior_tree/include/nav2_behavior_tree/nav2_behavior_tree/plugins/action/assisted_teleop_action.hpp
[0.967s] -- Up-to-date symlink: /home/thomas24/hive_ws2/install/nav2_behavior_tree/include/nav2_behavior_tree/nav2_behavior_tree/plugins/action/assisted_teleop_cancel_node.hpp
[0.968s] -- Up-to-date symlink: /home/thomas24/hive_ws2/install/nav2_behavior_tree/include/nav2_behavior_tree/nav2_behavior_tree/plugins/action/back_up_action.hpp
[0.968s] -- Up-to-date symlink: /home/thomas24/hive_ws2/install/nav2_behavior_tree/include/nav2_behavior_tree/nav2_behavior_tree/plugins/action/back_up_cancel_node.hpp
[0.968s] -- Up-to-date symlink: /home/thomas24/hive_ws2/install/nav2_behavior_tree/include/nav2_behavior_tree/nav2_behavior_tree/plugins/action/clear_costmap_service.hpp
[0.968s] -- Up-to-date symlink: /home/thomas24/hive_ws2/install/nav2_behavior_tree/include/nav2_behavior_tree/nav2_behavior_tree/plugins/action/compute_and_track_route_action.hpp
[0.968s] -- Up-to-date symlink: /home/thomas24/hive_ws2/install/nav2_behavior_tree/include/nav2_behavior_tree/nav2_behavior_tree/plugins/action/compute_and_track_route_cancel_node.hpp
[0.969s] -- Up-to-date symlink: /home/thomas24/hive_ws2/install/nav2_behavior_tree/include/nav2_behavior_tree/nav2_behavior_tree/plugins/action/compute_path_through_poses_action.hpp
[0.969s] -- Up-to-date symlink: /home/thomas24/hive_ws2/install/nav2_behavior_tree/include/nav2_behavior_tree/nav2_behavior_tree/plugins/action/compute_path_to_pose_action.hpp
[0.969s] -- Up-to-date symlink: /home/thomas24/hive_ws2/install/nav2_behavior_tree/include/nav2_behavior_tree/nav2_behavior_tree/plugins/action/compute_route_action.hpp
[0.969s] -- Up-to-date symlink: /home/thomas24/hive_ws2/install/nav2_behavior_tree/include/nav2_behavior_tree/nav2_behavior_tree/plugins/action/concatenate_paths_action.hpp
[0.970s] -- Up-to-date symlink: /home/thomas24/hive_ws2/install/nav2_behavior_tree/include/nav2_behavior_tree/nav2_behavior_tree/plugins/action/controller_cancel_node.hpp
[0.972s] -- Up-to-date symlink: /home/thomas24/hive_ws2/install/nav2_behavior_tree/include/nav2_behavior_tree/nav2_behavior_tree/plugins/action/controller_selector_node.hpp
[0.976s] -- Up-to-date symlink: /home/thomas24/hive_ws2/install/nav2_behavior_tree/include/nav2_behavior_tree/nav2_behavior_tree/plugins/action/drive_on_heading_action.hpp
[0.976s] -- Up-to-date symlink: /home/thomas24/hive_ws2/install/nav2_behavior_tree/include/nav2_behavior_tree/nav2_behavior_tree/plugins/action/drive_on_heading_cancel_node.hpp
[0.976s] -- Up-to-date symlink: /home/thomas24/hive_ws2/install/nav2_behavior_tree/include/nav2_behavior_tree/nav2_behavior_tree/plugins/action/extract_route_nodes_as_goals_action.hpp
[0.976s] -- Up-to-date symlink: /home/thomas24/hive_ws2/install/nav2_behavior_tree/include/nav2_behavior_tree/nav2_behavior_tree/plugins/action/follow_path_action.hpp
[0.976s] -- Up-to-date symlink: /home/thomas24/hive_ws2/install/nav2_behavior_tree/include/nav2_behavior_tree/nav2_behavior_tree/plugins/action/get_current_pose_action.hpp
[0.976s] -- Up-to-date symlink: /home/thomas24/hive_ws2/install/nav2_behavior_tree/include/nav2_behavior_tree/nav2_behavior_tree/plugins/action/get_next_few_goals_action.hpp
[0.976s] -- Up-to-date symlink: /home/thomas24/hive_ws2/install/nav2_behavior_tree/include/nav2_behavior_tree/nav2_behavior_tree/plugins/action/get_pose_from_path_action.hpp
[0.976s] -- Up-to-date symlink: /home/thomas24/hive_ws2/install/nav2_behavior_tree/include/nav2_behavior_tree/nav2_behavior_tree/plugins/action/goal_checker_selector_node.hpp
[0.976s] -- Up-to-date symlink: /home/thomas24/hive_ws2/install/nav2_behavior_tree/include/nav2_behavior_tree/nav2_behavior_tree/plugins/action/navigate_through_poses_action.hpp
[0.976s] -- Up-to-date symlink: /home/thomas24/hive_ws2/install/nav2_behavior_tree/include/nav2_behavior_tree/nav2_behavior_tree/plugins/action/navigate_to_pose_action.hpp
[0.976s] -- Up-to-date symlink: /home/thomas24/hive_ws2/install/nav2_behavior_tree/include/nav2_behavior_tree/nav2_behavior_tree/plugins/action/planner_selector_node.hpp
[0.977s] -- Up-to-date symlink: /home/thomas24/hive_ws2/install/nav2_behavior_tree/include/nav2_behavior_tree/nav2_behavior_tree/plugins/action/progress_checker_selector_node.hpp
[0.977s] -- Up-to-date symlink: /home/thomas24/hive_ws2/install/nav2_behavior_tree/include/nav2_behavior_tree/nav2_behavior_tree/plugins/action/reinitialize_global_localization_service.hpp
[0.977s] -- Up-to-date symlink: /home/thomas24/hive_ws2/install/nav2_behavior_tree/include/nav2_behavior_tree/nav2_behavior_tree/plugins/action/remove_in_collision_goals_action.hpp
[0.977s] -- Up-to-date symlink: /home/thomas24/hive_ws2/install/nav2_behavior_tree/include/nav2_behavior_tree/nav2_behavior_tree/plugins/action/remove_passed_goals_action.hpp
[0.977s] -- Up-to-date symlink: /home/thomas24/hive_ws2/install/nav2_behavior_tree/include/nav2_behavior_tree/nav2_behavior_tree/plugins/action/smooth_path_action.hpp
[0.977s] -- Up-to-date symlink: /home/thomas24/hive_ws2/install/nav2_behavior_tree/include/nav2_behavior_tree/nav2_behavior_tree/plugins/action/smoother_selector_node.hpp
[0.977s] -- Up-to-date symlink: /home/thomas24/hive_ws2/install/nav2_behavior_tree/include/nav2_behavior_tree/nav2_behavior_tree/plugins/action/spin_action.hpp
[0.977s] -- Up-to-date symlink: /home/thomas24/hive_ws2/install/nav2_behavior_tree/include/nav2_behavior_tree/nav2_behavior_tree/plugins/action/spin_cancel_node.hpp
[0.977s] -- Up-to-date symlink: /home/thomas24/hive_ws2/install/nav2_behavior_tree/include/nav2_behavior_tree/nav2_behavior_tree/plugins/action/toggle_collision_monitor_service.hpp
[0.977s] -- Up-to-date symlink: /home/thomas24/hive_ws2/install/nav2_behavior_tree/include/nav2_behavior_tree/nav2_behavior_tree/plugins/action/truncate_path_action.hpp
[0.977s] -- Up-to-date symlink: /home/thomas24/hive_ws2/install/nav2_behavior_tree/include/nav2_behavior_tree/nav2_behavior_tree/plugins/action/truncate_path_local_action.hpp
[0.977s] -- Up-to-date symlink: /home/thomas24/hive_ws2/install/nav2_behavior_tree/include/nav2_behavior_tree/nav2_behavior_tree/plugins/action/wait_action.hpp
[0.978s] -- Up-to-date symlink: /home/thomas24/hive_ws2/install/nav2_behavior_tree/include/nav2_behavior_tree/nav2_behavior_tree/plugins/action/wait_cancel_node.hpp
[0.978s] -- Up-to-date symlink: /home/thomas24/hive_ws2/install/nav2_behavior_tree/include/nav2_behavior_tree/nav2_behavior_tree/plugins/condition/are_error_codes_present_condition.hpp
[0.978s] -- Up-to-date symlink: /home/thomas24/hive_ws2/install/nav2_behavior_tree/include/nav2_behavior_tree/nav2_behavior_tree/plugins/condition/are_poses_near_condition.hpp
[0.978s] -- Up-to-date symlink: /home/thomas24/hive_ws2/install/nav2_behavior_tree/include/nav2_behavior_tree/nav2_behavior_tree/plugins/condition/distance_traveled_condition.hpp
[0.978s] -- Up-to-date symlink: /home/thomas24/hive_ws2/install/nav2_behavior_tree/include/nav2_behavior_tree/nav2_behavior_tree/plugins/condition/globally_updated_goal_condition.hpp
[0.978s] -- Up-to-date symlink: /home/thomas24/hive_ws2/install/nav2_behavior_tree/include/nav2_behavior_tree/nav2_behavior_tree/plugins/condition/goal_reached_condition.hpp
[0.982s] -- Up-to-date symlink: /home/thomas24/hive_ws2/install/nav2_behavior_tree/include/nav2_behavior_tree/nav2_behavior_tree/plugins/condition/goal_updated_condition.hpp
[0.982s] -- Up-to-date symlink: /home/thomas24/hive_ws2/install/nav2_behavior_tree/include/nav2_behavior_tree/nav2_behavior_tree/plugins/condition/initial_pose_received_condition.hpp
[0.982s] -- Up-to-date symlink: /home/thomas24/hive_ws2/install/nav2_behavior_tree/include/nav2_behavior_tree/nav2_behavior_tree/plugins/condition/is_battery_charging_condition.hpp
[0.982s] -- Up-to-date symlink: /home/thomas24/hive_ws2/install/nav2_behavior_tree/include/nav2_behavior_tree/nav2_behavior_tree/plugins/condition/is_battery_low_condition.hpp
[0.982s] -- Up-to-date symlink: /home/thomas24/hive_ws2/install/nav2_behavior_tree/include/nav2_behavior_tree/nav2_behavior_tree/plugins/condition/is_path_valid_condition.hpp
[0.982s] -- Up-to-date symlink: /home/thomas24/hive_ws2/install/nav2_behavior_tree/include/nav2_behavior_tree/nav2_behavior_tree/plugins/condition/is_pose_occupied_condition.hpp
[0.982s] -- Up-to-date symlink: /home/thomas24/hive_ws2/install/nav2_behavior_tree/include/nav2_behavior_tree/nav2_behavior_tree/plugins/condition/is_stopped_condition.hpp
[0.982s] -- Up-to-date symlink: /home/thomas24/hive_ws2/install/nav2_behavior_tree/include/nav2_behavior_tree/nav2_behavior_tree/plugins/condition/is_stuck_condition.hpp
[0.983s] -- Up-to-date symlink: /home/thomas24/hive_ws2/install/nav2_behavior_tree/include/nav2_behavior_tree/nav2_behavior_tree/plugins/condition/path_expiring_timer_condition.hpp
[0.983s] -- Up-to-date symlink: /home/thomas24/hive_ws2/install/nav2_behavior_tree/include/nav2_behavior_tree/nav2_behavior_tree/plugins/condition/time_expired_condition.hpp
[0.983s] -- Up-to-date symlink: /home/thomas24/hive_ws2/install/nav2_behavior_tree/include/nav2_behavior_tree/nav2_behavior_tree/plugins/condition/transform_available_condition.hpp
[0.983s] -- Up-to-date symlink: /home/thomas24/hive_ws2/install/nav2_behavior_tree/include/nav2_behavior_tree/nav2_behavior_tree/plugins/condition/would_a_controller_recovery_help_condition.hpp
[0.983s] -- Up-to-date symlink: /home/thomas24/hive_ws2/install/nav2_behavior_tree/include/nav2_behavior_tree/nav2_behavior_tree/plugins/condition/would_a_planner_recovery_help_condition.hpp
[0.983s] -- Up-to-date symlink: /home/thomas24/hive_ws2/install/nav2_behavior_tree/include/nav2_behavior_tree/nav2_behavior_tree/plugins/condition/would_a_route_recovery_help_condition.hpp
[0.983s] -- Up-to-date symlink: /home/thomas24/hive_ws2/install/nav2_behavior_tree/include/nav2_behavior_tree/nav2_behavior_tree/plugins/condition/would_a_smoother_recovery_help_condition.hpp
[0.983s] -- Up-to-date symlink: /home/thomas24/hive_ws2/install/nav2_behavior_tree/include/nav2_behavior_tree/nav2_behavior_tree/plugins/control/nonblocking_sequence.hpp
[0.983s] -- Up-to-date symlink: /home/thomas24/hive_ws2/install/nav2_behavior_tree/include/nav2_behavior_tree/nav2_behavior_tree/plugins/control/pause_resume_controller.hpp
[0.984s] -- Up-to-date symlink: /home/thomas24/hive_ws2/install/nav2_behavior_tree/include/nav2_behavior_tree/nav2_behavior_tree/plugins/control/persistent_sequence.hpp
[0.984s] -- Up-to-date symlink: /home/thomas24/hive_ws2/install/nav2_behavior_tree/include/nav2_behavior_tree/nav2_behavior_tree/plugins/control/pipeline_sequence.hpp
[0.984s] -- Up-to-date symlink: /home/thomas24/hive_ws2/install/nav2_behavior_tree/include/nav2_behavior_tree/nav2_behavior_tree/plugins/control/recovery_node.hpp
[0.984s] -- Up-to-date symlink: /home/thomas24/hive_ws2/install/nav2_behavior_tree/include/nav2_behavior_tree/nav2_behavior_tree/plugins/control/round_robin_node.hpp
[0.984s] -- Up-to-date symlink: /home/thomas24/hive_ws2/install/nav2_behavior_tree/include/nav2_behavior_tree/nav2_behavior_tree/plugins/decorator/distance_controller.hpp
[0.986s] -- Up-to-date symlink: /home/thomas24/hive_ws2/install/nav2_behavior_tree/include/nav2_behavior_tree/nav2_behavior_tree/plugins/decorator/goal_updated_controller.hpp
[0.986s] -- Up-to-date symlink: /home/thomas24/hive_ws2/install/nav2_behavior_tree/include/nav2_behavior_tree/nav2_behavior_tree/plugins/decorator/goal_updater_node.hpp
[0.986s] -- Up-to-date symlink: /home/thomas24/hive_ws2/install/nav2_behavior_tree/include/nav2_behavior_tree/nav2_behavior_tree/plugins/decorator/path_longer_on_approach.hpp
[0.987s] -- Up-to-date symlink: /home/thomas24/hive_ws2/install/nav2_behavior_tree/include/nav2_behavior_tree/nav2_behavior_tree/plugins/decorator/rate_controller.hpp
[0.987s] -- Up-to-date symlink: /home/thomas24/hive_ws2/install/nav2_behavior_tree/include/nav2_behavior_tree/nav2_behavior_tree/plugins/decorator/single_trigger_node.hpp
[0.987s] -- Up-to-date symlink: /home/thomas24/hive_ws2/install/nav2_behavior_tree/include/nav2_behavior_tree/nav2_behavior_tree/plugins/decorator/speed_controller.hpp
[0.987s] -- Up-to-date symlink: /home/thomas24/hive_ws2/install/nav2_behavior_tree/include/nav2_behavior_tree/nav2_behavior_tree/ros_topic_logger.hpp
[0.987s] -- Up-to-date symlink: /home/thomas24/hive_ws2/install/nav2_behavior_tree/include/nav2_behavior_tree/nav2_behavior_tree/utils/loop_rate.hpp
[0.987s] -- Up-to-date symlink: /home/thomas24/hive_ws2/install/nav2_behavior_tree/include/nav2_behavior_tree/nav2_behavior_tree/utils/test_action_server.hpp
[0.987s] -- Up-to-date symlink: /home/thomas24/hive_ws2/install/nav2_behavior_tree/include/nav2_behavior_tree/nav2_behavior_tree/test/utils/get_node_from_tree.hpp
[0.987s] -- Up-to-date symlink: /home/thomas24/hive_ws2/install/nav2_behavior_tree/include/nav2_behavior_tree/nav2_behavior_tree/test/utils/test_behavior_tree_fixture.hpp
[0.987s] -- Up-to-date symlink: /home/thomas24/hive_ws2/install/nav2_behavior_tree/include/nav2_behavior_tree/nav2_behavior_tree/test/utils/test_dummy_tree_node.hpp
[0.987s] -- Up-to-date symlink: /home/thomas24/hive_ws2/install/nav2_behavior_tree/include/nav2_behavior_tree/nav2_behavior_tree/test/utils/test_service.hpp
[0.987s] -- Up-to-date symlink: /home/thomas24/hive_ws2/install/nav2_behavior_tree/include/nav2_behavior_tree/nav2_behavior_tree/test/utils/test_transform_handler.hpp
[0.987s] -- Up-to-date symlink: /home/thomas24/hive_ws2/install/nav2_behavior_tree/share/nav2_behavior_tree/nav2_tree_nodes.xml
[0.988s] -- Up-to-date symlink: /home/thomas24/hive_ws2/install/nav2_behavior_tree/include/nav2_behavior_tree/nav2_behavior_tree/plugins_list.hpp
[0.988s] -- Up-to-date symlink: /home/thomas24/hive_ws2/install/nav2_behavior_tree/share/nav2_behavior_tree/environment/library_path.sh
[0.988s] -- Up-to-date symlink: /home/thomas24/hive_ws2/install/nav2_behavior_tree/share/nav2_behavior_tree/environment/library_path.dsv
[0.988s] -- Up-to-date symlink: /home/thomas24/hive_ws2/install/nav2_behavior_tree/share/ament_index/resource_index/package_run_dependencies/nav2_behavior_tree
[0.988s] -- Up-to-date symlink: /home/thomas24/hive_ws2/install/nav2_behavior_tree/share/ament_index/resource_index/parent_prefix_path/nav2_behavior_tree
[0.988s] -- Up-to-date symlink: /home/thomas24/hive_ws2/install/nav2_behavior_tree/share/nav2_behavior_tree/environment/ament_prefix_path.sh
[0.988s] -- Up-to-date symlink: /home/thomas24/hive_ws2/install/nav2_behavior_tree/share/nav2_behavior_tree/environment/ament_prefix_path.dsv
[0.988s] -- Up-to-date symlink: /home/thomas24/hive_ws2/install/nav2_behavior_tree/share/nav2_behavior_tree/environment/path.sh
[0.988s] -- Up-to-date symlink: /home/thomas24/hive_ws2/install/nav2_behavior_tree/share/nav2_behavior_tree/environment/path.dsv
[0.988s] -- Up-to-date symlink: /home/thomas24/hive_ws2/install/nav2_behavior_tree/share/nav2_behavior_tree/local_setup.bash
[0.989s] -- Up-to-date symlink: /home/thomas24/hive_ws2/install/nav2_behavior_tree/share/nav2_behavior_tree/local_setup.sh
[0.989s] -- Up-to-date symlink: /home/thomas24/hive_ws2/install/nav2_behavior_tree/share/nav2_behavior_tree/local_setup.zsh
[0.989s] -- Up-to-date symlink: /home/thomas24/hive_ws2/install/nav2_behavior_tree/share/nav2_behavior_tree/local_setup.dsv
[0.989s] -- Symlinking: /home/thomas24/hive_ws2/install/nav2_behavior_tree/share/nav2_behavior_tree/package.dsv
[1.001s] -- Up-to-date symlink: /home/thomas24/hive_ws2/install/nav2_behavior_tree/share/ament_index/resource_index/packages/nav2_behavior_tree
[1.001s] -- Up-to-date symlink: /home/thomas24/hive_ws2/install/nav2_behavior_tree/share/nav2_behavior_tree/cmake/ament_cmake_export_include_directories-extras.cmake
[1.001s] -- Up-to-date symlink: /home/thomas24/hive_ws2/install/nav2_behavior_tree/share/nav2_behavior_tree/cmake/ament_cmake_export_libraries-extras.cmake
[1.001s] -- Up-to-date symlink: /home/thomas24/hive_ws2/install/nav2_behavior_tree/share/nav2_behavior_tree/cmake/ament_cmake_export_dependencies-extras.cmake
[1.001s] -- Up-to-date symlink: /home/thomas24/hive_ws2/install/nav2_behavior_tree/share/nav2_behavior_tree/cmake/ament_cmake_export_targets-extras.cmake
[1.002s] -- Up-to-date symlink: /home/thomas24/hive_ws2/install/nav2_behavior_tree/share/nav2_behavior_tree/cmake/nav2_behavior_treeConfig.cmake
[1.002s] -- Up-to-date symlink: /home/thomas24/hive_ws2/install/nav2_behavior_tree/share/nav2_behavior_tree/cmake/nav2_behavior_treeConfig-version.cmake
[1.002s] -- Up-to-date symlink: /home/thomas24/hive_ws2/install/nav2_behavior_tree/share/nav2_behavior_tree/package.xml
[1.002s] -- Up-to-date: /home/thomas24/hive_ws2/install/nav2_behavior_tree/lib/libnav2_behavior_tree.so
[1.002s] -- Up-to-date: /home/thomas24/hive_ws2/install/nav2_behavior_tree/lib/libnav2_compute_path_to_pose_action_bt_node.so
[1.002s] -- Up-to-date: /home/thomas24/hive_ws2/install/nav2_behavior_tree/lib/libnav2_compute_path_through_poses_action_bt_node.so
[1.003s] -- Up-to-date: /home/thomas24/hive_ws2/install/nav2_behavior_tree/lib/libnav2_controller_cancel_bt_node.so
[1.003s] -- Up-to-date: /home/thomas24/hive_ws2/install/nav2_behavior_tree/lib/libnav2_wait_cancel_bt_node.so
[1.003s] -- Up-to-date: /home/thomas24/hive_ws2/install/nav2_behavior_tree/lib/libnav2_spin_cancel_bt_node.so
[1.004s] -- Up-to-date: /home/thomas24/hive_ws2/install/nav2_behavior_tree/lib/libnav2_back_up_cancel_bt_node.so
[1.005s] -- Up-to-date: /home/thomas24/hive_ws2/install/nav2_behavior_tree/lib/libnav2_assisted_teleop_cancel_bt_node.so
[1.005s] -- Up-to-date: /home/thomas24/hive_ws2/install/nav2_behavior_tree/lib/libnav2_drive_on_heading_cancel_bt_node.so
[1.005s] -- Up-to-date: /home/thomas24/hive_ws2/install/nav2_behavior_tree/lib/libnav2_smooth_path_action_bt_node.so
[1.006s] -- Up-to-date: /home/thomas24/hive_ws2/install/nav2_behavior_tree/lib/libnav2_follow_path_action_bt_node.so
[1.006s] -- Up-to-date: /home/thomas24/hive_ws2/install/nav2_behavior_tree/lib/libnav2_back_up_action_bt_node.so
[1.007s] -- Up-to-date: /home/thomas24/hive_ws2/install/nav2_behavior_tree/lib/libnav2_drive_on_heading_bt_node.so
[1.007s] -- Up-to-date: /home/thomas24/hive_ws2/install/nav2_behavior_tree/lib/libnav2_spin_action_bt_node.so
[1.007s] -- Up-to-date: /home/thomas24/hive_ws2/install/nav2_behavior_tree/lib/libnav2_wait_action_bt_node.so
[1.009s] -- Up-to-date: /home/thomas24/hive_ws2/install/nav2_behavior_tree/lib/libnav2_assisted_teleop_action_bt_node.so
[1.009s] -- Up-to-date: /home/thomas24/hive_ws2/install/nav2_behavior_tree/lib/libnav2_clear_costmap_service_bt_node.so
[1.009s] -- Up-to-date: /home/thomas24/hive_ws2/install/nav2_behavior_tree/lib/libnav2_is_stuck_condition_bt_node.so
[1.009s] -- Up-to-date: /home/thomas24/hive_ws2/install/nav2_behavior_tree/lib/libnav2_is_stopped_condition_bt_node.so
[1.009s] -- Up-to-date: /home/thomas24/hive_ws2/install/nav2_behavior_tree/lib/libnav2_transform_available_condition_bt_node.so
[1.009s] -- Up-to-date: /home/thomas24/hive_ws2/install/nav2_behavior_tree/lib/libnav2_goal_reached_condition_bt_node.so
[1.009s] -- Up-to-date: /home/thomas24/hive_ws2/install/nav2_behavior_tree/lib/libnav2_are_poses_near_condition_bt_node.so
[1.009s] -- Up-to-date: /home/thomas24/hive_ws2/install/nav2_behavior_tree/lib/libnav2_globally_updated_goal_condition_bt_node.so
[1.009s] -- Up-to-date: /home/thomas24/hive_ws2/install/nav2_behavior_tree/lib/libnav2_goal_updated_condition_bt_node.so
[1.009s] -- Up-to-date: /home/thomas24/hive_ws2/install/nav2_behavior_tree/lib/libnav2_is_path_valid_condition_bt_node.so
[1.010s] -- Up-to-date: /home/thomas24/hive_ws2/install/nav2_behavior_tree/lib/libnav2_is_pose_occupied_condition_bt_node.so
[1.010s] -- Up-to-date: /home/thomas24/hive_ws2/install/nav2_behavior_tree/lib/libnav2_time_expired_condition_bt_node.so
[1.010s] -- Up-to-date: /home/thomas24/hive_ws2/install/nav2_behavior_tree/lib/libnav2_path_expiring_timer_condition_bt_node.so
[1.011s] -- Up-to-date: /home/thomas24/hive_ws2/install/nav2_behavior_tree/lib/libnav2_distance_traveled_condition_bt_node.so
[1.011s] -- Up-to-date: /home/thomas24/hive_ws2/install/nav2_behavior_tree/lib/libnav2_initial_pose_received_condition_bt_node.so
[1.014s] -- Up-to-date: /home/thomas24/hive_ws2/install/nav2_behavior_tree/lib/libnav2_is_battery_charging_condition_bt_node.so
[1.014s] -- Up-to-date: /home/thomas24/hive_ws2/install/nav2_behavior_tree/lib/libnav2_is_battery_low_condition_bt_node.so
[1.015s] -- Up-to-date: /home/thomas24/hive_ws2/install/nav2_behavior_tree/lib/libnav2_are_error_codes_active_condition_bt_node.so
[1.015s] -- Up-to-date: /home/thomas24/hive_ws2/install/nav2_behavior_tree/lib/libnav2_would_a_controller_recovery_help_condition_bt_node.so
[1.015s] -- Up-to-date: /home/thomas24/hive_ws2/install/nav2_behavior_tree/lib/libnav2_would_a_planner_recovery_help_condition_bt_node.so
[1.015s] -- Up-to-date: /home/thomas24/hive_ws2/install/nav2_behavior_tree/lib/libnav2_would_a_smoother_recovery_help_condition_bt_node.so
[1.015s] -- Up-to-date: /home/thomas24/hive_ws2/install/nav2_behavior_tree/lib/libnav2_would_a_route_recovery_help_condition_bt_node.so
[1.015s] -- Up-to-date: /home/thomas24/hive_ws2/install/nav2_behavior_tree/lib/libnav2_reinitialize_global_localization_service_bt_node.so
[1.015s] -- Up-to-date: /home/thomas24/hive_ws2/install/nav2_behavior_tree/lib/libnav2_rate_controller_bt_node.so
[1.015s] -- Up-to-date: /home/thomas24/hive_ws2/install/nav2_behavior_tree/lib/libnav2_distance_controller_bt_node.so
[1.015s] -- Up-to-date: /home/thomas24/hive_ws2/install/nav2_behavior_tree/lib/libnav2_speed_controller_bt_node.so
[1.016s] -- Up-to-date: /home/thomas24/hive_ws2/install/nav2_behavior_tree/lib/libnav2_truncate_path_action_bt_node.so
[1.016s] -- Up-to-date: /home/thomas24/hive_ws2/install/nav2_behavior_tree/lib/libnav2_concatenate_paths_action_bt_node.so
[1.016s] -- Up-to-date: /home/thomas24/hive_ws2/install/nav2_behavior_tree/lib/libnav2_truncate_path_local_action_bt_node.so
[1.016s] -- Up-to-date: /home/thomas24/hive_ws2/install/nav2_behavior_tree/lib/libnav2_goal_updater_node_bt_node.so
[1.016s] -- Up-to-date: /home/thomas24/hive_ws2/install/nav2_behavior_tree/lib/libnav2_path_longer_on_approach_bt_node.so
[1.016s] -- Up-to-date: /home/thomas24/hive_ws2/install/nav2_behavior_tree/lib/libnav2_recovery_node_bt_node.so
[1.016s] -- Up-to-date: /home/thomas24/hive_ws2/install/nav2_behavior_tree/lib/libnav2_navigate_to_pose_action_bt_node.so
[1.016s] -- Up-to-date: /home/thomas24/hive_ws2/install/nav2_behavior_tree/lib/libnav2_navigate_through_poses_action_bt_node.so
[1.017s] -- Up-to-date: /home/thomas24/hive_ws2/install/nav2_behavior_tree/lib/libnav2_remove_passed_goals_action_bt_node.so
[1.017s] -- Up-to-date: /home/thomas24/hive_ws2/install/nav2_behavior_tree/lib/libnav2_remove_in_collision_goals_action_bt_node.so
[1.017s] -- Up-to-date: /home/thomas24/hive_ws2/install/nav2_behavior_tree/lib/libnav2_append_goal_pose_to_goals_action_bt_node.so
[1.018s] -- Up-to-date: /home/thomas24/hive_ws2/install/nav2_behavior_tree/lib/libnav2_get_pose_from_path_action_bt_node.so
[1.018s] -- Up-to-date: /home/thomas24/hive_ws2/install/nav2_behavior_tree/lib/libnav2_extract_route_nodes_as_goals_action_bt_node.so
[1.018s] -- Up-to-date: /home/thomas24/hive_ws2/install/nav2_behavior_tree/lib/libnav2_get_next_few_goals_action_bt_node.so
[1.019s] -- Up-to-date: /home/thomas24/hive_ws2/install/nav2_behavior_tree/lib/libnav2_get_current_pose_action_bt_node.so
[1.019s] -- Up-to-date: /home/thomas24/hive_ws2/install/nav2_behavior_tree/lib/libnav2_pipeline_sequence_bt_node.so
[1.019s] -- Up-to-date: /home/thomas24/hive_ws2/install/nav2_behavior_tree/lib/libnav2_nonblocking_sequence_bt_node.so
[1.019s] -- Up-to-date: /home/thomas24/hive_ws2/install/nav2_behavior_tree/lib/libnav2_round_robin_node_bt_node.so
[1.021s] -- Up-to-date: /home/thomas24/hive_ws2/install/nav2_behavior_tree/lib/libnav2_pause_resume_controller_bt_node.so
[1.021s] -- Up-to-date: /home/thomas24/hive_ws2/install/nav2_behavior_tree/lib/libnav2_persistent_sequence_bt_node.so
[1.021s] -- Up-to-date: /home/thomas24/hive_ws2/install/nav2_behavior_tree/lib/libnav2_single_trigger_bt_node.so
[1.021s] -- Up-to-date: /home/thomas24/hive_ws2/install/nav2_behavior_tree/lib/libnav2_planner_selector_bt_node.so
[1.021s] -- Up-to-date: /home/thomas24/hive_ws2/install/nav2_behavior_tree/lib/libnav2_controller_selector_bt_node.so
[1.021s] -- Up-to-date: /home/thomas24/hive_ws2/install/nav2_behavior_tree/lib/libnav2_smoother_selector_bt_node.so
[1.021s] -- Up-to-date: /home/thomas24/hive_ws2/install/nav2_behavior_tree/lib/libnav2_goal_checker_selector_bt_node.so
[1.022s] -- Up-to-date: /home/thomas24/hive_ws2/install/nav2_behavior_tree/lib/libnav2_progress_checker_selector_bt_node.so
[1.023s] -- Up-to-date: /home/thomas24/hive_ws2/install/nav2_behavior_tree/lib/libnav2_goal_updated_controller_bt_node.so
[1.023s] -- Up-to-date: /home/thomas24/hive_ws2/install/nav2_behavior_tree/lib/libnav2_compute_and_track_route_cancel_bt_node.so
[1.023s] -- Up-to-date: /home/thomas24/hive_ws2/install/nav2_behavior_tree/lib/libnav2_compute_and_track_route_bt_node.so
[1.023s] -- Up-to-date: /home/thomas24/hive_ws2/install/nav2_behavior_tree/lib/libnav2_compute_route_bt_node.so
[1.023s] -- Up-to-date: /home/thomas24/hive_ws2/install/nav2_behavior_tree/lib/libnav2_toggle_collision_monitor_service_bt_node.so
[1.024s] -- Up-to-date: /home/thomas24/hive_ws2/install/nav2_behavior_tree/share/nav2_behavior_tree/cmake/nav2_behavior_treeExport.cmake
[1.024s] -- Up-to-date: /home/thomas24/hive_ws2/install/nav2_behavior_tree/share/nav2_behavior_tree/cmake/nav2_behavior_treeExport-release.cmake
[1.027s] Invoked command in '/home/thomas24/hive_ws2/build/nav2_behavior_tree' returned '0': AMENT_PREFIX_PATH=/home/thomas24/hive_ws2/install/nav2_util:/home/thomas24/hive_ws2/install/nav2_ros_common:/home/thomas24/hive_ws2/install/nav2_msgs:/home/thomas24/hive_ws2/install/nav2_common:${AMENT_PREFIX_PATH} CMAKE_PREFIX_PATH=/home/thomas24/hive_ws2/install/nav2_util:/home/thomas24/hive_ws2/install/nav2_ros_common:/home/thomas24/hive_ws2/install/nav2_msgs:/home/thomas24/hive_ws2/install/nav2_common:/home/thomas24/hiveverse_ws/install/hive_simulation:/home/thomas24/hiveverse_ws/install/hive_robot_description:/opt/ros/jazzy/opt/gz_sim_vendor:/opt/ros/jazzy/opt/gz_sensors_vendor:/opt/ros/jazzy/opt/gz_physics_vendor:/opt/ros/jazzy/opt/sdformat_vendor:/opt/ros/jazzy/opt/gz_gui_vendor:/opt/ros/jazzy/opt/gz_transport_vendor:/opt/ros/jazzy/opt/gz_rendering_vendor:/opt/ros/jazzy/opt/gz_plugin_vendor:/opt/ros/jazzy/opt/gz_fuel_tools_vendor:/opt/ros/jazzy/opt/gz_msgs_vendor:/opt/ros/jazzy/opt/gz_common_vendor:/opt/ros/jazzy/opt/gz_math_vendor:/opt/ros/jazzy/opt/gz_utils_vendor:/opt/ros/jazzy/opt/gz_tools_vendor:/opt/ros/jazzy/opt/gz_ogre_next_vendor:/opt/ros/jazzy/opt/gz_dartsim_vendor:/opt/ros/jazzy/opt/gz_cmake_vendor:/home/thomas24/hiveverse_ws/install/hive_tools:/home/thomas24/hiveverse_ws/install/hive_bringup:/opt/ros/jazzy DEBUGINFOD_URLS=https://debuginfod.ubuntu.com LD_LIBRARY_PATH=/home/thomas24/hive_ws2/install/nav2_util/lib:/home/thomas24/hive_ws2/install/nav2_msgs/lib:${LD_LIBRARY_PATH} PYTHONPATH=/home/thomas24/hive_ws2/install/nav2_msgs/lib/python3.12/site-packages:/home/thomas24/hive_ws2/install/nav2_common/lib/python3.12/site-packages:${PYTHONPATH} /usr/bin/cmake --install /home/thomas24/hive_ws2/build/nav2_behavior_tree
