[0.047s] Invoking command in '/home/thomas24/hive_ws2/build/nav2_navfn_planner': AMENT_PREFIX_PATH=/home/thomas24/hive_ws2/install/nav2_core:/home/thomas24/hive_ws2/install/nav2_costmap_2d:/home/thomas24/hive_ws2/install/nav2_map_server:/home/thomas24/hive_ws2/install/nav2_lifecycle_manager:/home/thomas24/hive_ws2/install/nav2_behavior_tree:/home/thomas24/hive_ws2/install/nav2_util:/home/thomas24/hive_ws2/install/nav2_ros_common:/home/thomas24/hive_ws2/install/nav2_voxel_grid:/home/thomas24/hive_ws2/install/nav2_msgs:/home/thomas24/hive_ws2/install/nav2_common:${AMENT_PREFIX_PATH} CMAKE_PREFIX_PATH=/home/thomas24/hive_ws2/install/nav2_core:/home/thomas24/hive_ws2/install/nav2_costmap_2d:/home/thomas24/hive_ws2/install/nav2_map_server:/home/thomas24/hive_ws2/install/nav2_lifecycle_manager:/home/thomas24/hive_ws2/install/nav2_behavior_tree:/home/thomas24/hive_ws2/install/nav2_util:/home/thomas24/hive_ws2/install/nav2_ros_common:/home/thomas24/hive_ws2/install/nav2_voxel_grid:/home/thomas24/hive_ws2/install/nav2_msgs:/home/thomas24/hive_ws2/install/nav2_common:/opt/ros/jazzy/opt/gz_sim_vendor:/opt/ros/jazzy/opt/gz_sensors_vendor:/opt/ros/jazzy/opt/gz_physics_vendor:/opt/ros/jazzy/opt/sdformat_vendor:/opt/ros/jazzy/opt/gz_gui_vendor:/opt/ros/jazzy/opt/gz_transport_vendor:/opt/ros/jazzy/opt/gz_rendering_vendor:/opt/ros/jazzy/opt/gz_plugin_vendor:/opt/ros/jazzy/opt/gz_fuel_tools_vendor:/opt/ros/jazzy/opt/gz_msgs_vendor:/opt/ros/jazzy/opt/gz_common_vendor:/opt/ros/jazzy/opt/gz_math_vendor:/opt/ros/jazzy/opt/gz_utils_vendor:/opt/ros/jazzy/opt/gz_tools_vendor:/opt/ros/jazzy/opt/gz_ogre_next_vendor:/opt/ros/jazzy/opt/gz_dartsim_vendor:/opt/ros/jazzy/opt/gz_cmake_vendor:/opt/ros/jazzy DEBUGINFOD_URLS=https://debuginfod.ubuntu.com LD_LIBRARY_PATH=/home/thomas24/hive_ws2/install/nav2_costmap_2d/lib:/home/thomas24/hive_ws2/install/nav2_map_server/lib:/home/thomas24/hive_ws2/install/nav2_lifecycle_manager/lib:/home/thomas24/hive_ws2/install/nav2_behavior_tree/lib:/home/thomas24/hive_ws2/install/nav2_util/lib:/home/thomas24/hive_ws2/install/nav2_voxel_grid/lib:/home/thomas24/hive_ws2/install/nav2_msgs/lib:${LD_LIBRARY_PATH} PYTHONPATH=/home/thomas24/hive_ws2/install/nav2_msgs/lib/python3.12/site-packages:/home/thomas24/hive_ws2/install/nav2_common/lib/python3.12/site-packages:${PYTHONPATH} /usr/bin/cmake /home/thomas24/hive_ws2/src/navigation2/nav2_navfn_planner -DCMAKE_INSTALL_PREFIX=/home/thomas24/hive_ws2/install/nav2_navfn_planner
[4.040s] -- The C compiler identification is GNU 13.3.0
[4.040s] -- The CXX compiler identification is GNU 13.3.0
[4.040s] -- Detecting C compiler ABI info
[4.040s] -- Detecting C compiler ABI info - done
[4.040s] -- Check for working C compiler: /usr/bin/cc - skipped
[4.040s] -- Detecting C compile features
[4.040s] -- Detecting C compile features - done
[4.040s] -- Detecting CXX compiler ABI info
[4.040s] -- Detecting CXX compiler ABI info - done
[4.040s] -- Check for working CXX compiler: /usr/bin/c++ - skipped
[4.041s] -- Detecting CXX compile features
[4.041s] -- Detecting CXX compile features - done
[4.041s] -- Found ament_cmake: 2.5.4 (/opt/ros/jazzy/share/ament_cmake/cmake)
[4.041s] -- Found Python3: /usr/bin/python3 (found version "3.12.3") found components: Interpreter 
[4.041s] -- Found builtin_interfaces: 2.0.3 (/opt/ros/jazzy/share/builtin_interfaces/cmake)
[4.041s] -- Found rosidl_generator_c: 4.6.6 (/opt/ros/jazzy/share/rosidl_generator_c/cmake)
[4.041s] -- Found rosidl_generator_cpp: 4.6.6 (/opt/ros/jazzy/share/rosidl_generator_cpp/cmake)
[4.041s] -- Using all available rosidl_typesupport_c: rosidl_typesupport_fastrtps_c;rosidl_typesupport_introspection_c
[4.041s] -- Using all available rosidl_typesupport_cpp: rosidl_typesupport_fastrtps_cpp;rosidl_typesupport_introspection_cpp
[4.041s] -- Found geometry_msgs: 5.3.6 (/opt/ros/jazzy/share/geometry_msgs/cmake)
[4.041s] -- Found nav2_common: 1.4.0 (/home/thomas24/hive_ws2/install/nav2_common/share/nav2_common/cmake)
[4.041s] -- Found nav2_core: 1.4.0 (/home/thomas24/hive_ws2/install/nav2_core/share/nav2_core/cmake)
[4.041s] -- Found rmw_implementation_cmake: 7.3.2 (/opt/ros/jazzy/share/rmw_implementation_cmake/cmake)
[4.041s] -- Found rmw_fastrtps_cpp: 8.4.3 (/opt/ros/jazzy/share/rmw_fastrtps_cpp/cmake)
[4.041s] -- Found OpenSSL: /usr/lib/x86_64-linux-gnu/libcrypto.so (found version "3.0.13")  
[4.041s] -- Found FastRTPS: /opt/ros/jazzy/include (Required is at least version "2.13") 
[4.042s] -- Using RMW implementation 'rmw_fastrtps_cpp' as default
[4.042s] -- Found eigen3_cmake_module: 0.3.0 (/opt/ros/jazzy/share/eigen3_cmake_module/cmake)
[4.042s] -- Found Eigen3: TRUE (found version "3.4.0") 
[4.042s] -- Ensuring Eigen3 include directory is part of orocos-kdl CMake target
[4.301s] -- Setting build type to Release as none was specified.
[4.305s] -- Found ament_lint_auto: 0.17.3 (/opt/ros/jazzy/share/ament_lint_auto/cmake)
[4.310s] -- Found ament_cmake_gtest: 2.5.4 (/opt/ros/jazzy/share/ament_cmake_gtest/cmake)
[4.793s] -- Found gtest sources under '/opt/ros/jazzy/src/gtest_vendor': C++ tests using 'Google Test' will be built
[4.805s] -- Performing Test CMAKE_HAVE_LIBC_PTHREAD
[5.057s] -- Performing Test CMAKE_HAVE_LIBC_PTHREAD - Success
[5.058s] -- Found Threads: TRUE  
[5.064s] -- Added test 'copyright' to check source files copyright and LICENSE
[5.071s] -- Added test 'cppcheck' to perform static code analysis on C / C++ code
[5.071s] -- Configured cppcheck include dirs: $<BUILD_INTERFACE:/home/thomas24/hive_ws2/src/navigation2/nav2_navfn_planner/include>
[5.071s] -- Configured cppcheck exclude dirs and/or files: 
[5.073s] -- Added test 'cpplint' to check C / C++ code against the Google style
[5.073s] -- Configured cpplint exclude dirs and/or files: 
[5.074s] -- Added test 'lint_cmake' to check CMake code style
[5.079s] -- Added test 'uncrustify' to check C / C++ code style
[5.079s] -- Configured uncrustify additional arguments: 
[5.079s] -- Added test 'xmllint' to check XML markup files
[5.086s] -- Configuring done (5.0s)
[5.214s] -- Generating done (0.1s)
[5.237s] -- Build files have been written to: /home/thomas24/hive_ws2/build/nav2_navfn_planner
[5.307s] Invoked command in '/home/thomas24/hive_ws2/build/nav2_navfn_planner' returned '0': AMENT_PREFIX_PATH=/home/thomas24/hive_ws2/install/nav2_core:/home/thomas24/hive_ws2/install/nav2_costmap_2d:/home/thomas24/hive_ws2/install/nav2_map_server:/home/thomas24/hive_ws2/install/nav2_lifecycle_manager:/home/thomas24/hive_ws2/install/nav2_behavior_tree:/home/thomas24/hive_ws2/install/nav2_util:/home/thomas24/hive_ws2/install/nav2_ros_common:/home/thomas24/hive_ws2/install/nav2_voxel_grid:/home/thomas24/hive_ws2/install/nav2_msgs:/home/thomas24/hive_ws2/install/nav2_common:${AMENT_PREFIX_PATH} CMAKE_PREFIX_PATH=/home/thomas24/hive_ws2/install/nav2_core:/home/thomas24/hive_ws2/install/nav2_costmap_2d:/home/thomas24/hive_ws2/install/nav2_map_server:/home/thomas24/hive_ws2/install/nav2_lifecycle_manager:/home/thomas24/hive_ws2/install/nav2_behavior_tree:/home/thomas24/hive_ws2/install/nav2_util:/home/thomas24/hive_ws2/install/nav2_ros_common:/home/thomas24/hive_ws2/install/nav2_voxel_grid:/home/thomas24/hive_ws2/install/nav2_msgs:/home/thomas24/hive_ws2/install/nav2_common:/opt/ros/jazzy/opt/gz_sim_vendor:/opt/ros/jazzy/opt/gz_sensors_vendor:/opt/ros/jazzy/opt/gz_physics_vendor:/opt/ros/jazzy/opt/sdformat_vendor:/opt/ros/jazzy/opt/gz_gui_vendor:/opt/ros/jazzy/opt/gz_transport_vendor:/opt/ros/jazzy/opt/gz_rendering_vendor:/opt/ros/jazzy/opt/gz_plugin_vendor:/opt/ros/jazzy/opt/gz_fuel_tools_vendor:/opt/ros/jazzy/opt/gz_msgs_vendor:/opt/ros/jazzy/opt/gz_common_vendor:/opt/ros/jazzy/opt/gz_math_vendor:/opt/ros/jazzy/opt/gz_utils_vendor:/opt/ros/jazzy/opt/gz_tools_vendor:/opt/ros/jazzy/opt/gz_ogre_next_vendor:/opt/ros/jazzy/opt/gz_dartsim_vendor:/opt/ros/jazzy/opt/gz_cmake_vendor:/opt/ros/jazzy DEBUGINFOD_URLS=https://debuginfod.ubuntu.com LD_LIBRARY_PATH=/home/thomas24/hive_ws2/install/nav2_costmap_2d/lib:/home/thomas24/hive_ws2/install/nav2_map_server/lib:/home/thomas24/hive_ws2/install/nav2_lifecycle_manager/lib:/home/thomas24/hive_ws2/install/nav2_behavior_tree/lib:/home/thomas24/hive_ws2/install/nav2_util/lib:/home/thomas24/hive_ws2/install/nav2_voxel_grid/lib:/home/thomas24/hive_ws2/install/nav2_msgs/lib:${LD_LIBRARY_PATH} PYTHONPATH=/home/thomas24/hive_ws2/install/nav2_msgs/lib/python3.12/site-packages:/home/thomas24/hive_ws2/install/nav2_common/lib/python3.12/site-packages:${PYTHONPATH} /usr/bin/cmake /home/thomas24/hive_ws2/src/navigation2/nav2_navfn_planner -DCMAKE_INSTALL_PREFIX=/home/thomas24/hive_ws2/install/nav2_navfn_planner
[5.307s] Invoking command in '/home/thomas24/hive_ws2/build/nav2_navfn_planner': AMENT_PREFIX_PATH=/home/thomas24/hive_ws2/install/nav2_core:/home/thomas24/hive_ws2/install/nav2_costmap_2d:/home/thomas24/hive_ws2/install/nav2_map_server:/home/thomas24/hive_ws2/install/nav2_lifecycle_manager:/home/thomas24/hive_ws2/install/nav2_behavior_tree:/home/thomas24/hive_ws2/install/nav2_util:/home/thomas24/hive_ws2/install/nav2_ros_common:/home/thomas24/hive_ws2/install/nav2_voxel_grid:/home/thomas24/hive_ws2/install/nav2_msgs:/home/thomas24/hive_ws2/install/nav2_common:${AMENT_PREFIX_PATH} CMAKE_PREFIX_PATH=/home/thomas24/hive_ws2/install/nav2_core:/home/thomas24/hive_ws2/install/nav2_costmap_2d:/home/thomas24/hive_ws2/install/nav2_map_server:/home/thomas24/hive_ws2/install/nav2_lifecycle_manager:/home/thomas24/hive_ws2/install/nav2_behavior_tree:/home/thomas24/hive_ws2/install/nav2_util:/home/thomas24/hive_ws2/install/nav2_ros_common:/home/thomas24/hive_ws2/install/nav2_voxel_grid:/home/thomas24/hive_ws2/install/nav2_msgs:/home/thomas24/hive_ws2/install/nav2_common:/opt/ros/jazzy/opt/gz_sim_vendor:/opt/ros/jazzy/opt/gz_sensors_vendor:/opt/ros/jazzy/opt/gz_physics_vendor:/opt/ros/jazzy/opt/sdformat_vendor:/opt/ros/jazzy/opt/gz_gui_vendor:/opt/ros/jazzy/opt/gz_transport_vendor:/opt/ros/jazzy/opt/gz_rendering_vendor:/opt/ros/jazzy/opt/gz_plugin_vendor:/opt/ros/jazzy/opt/gz_fuel_tools_vendor:/opt/ros/jazzy/opt/gz_msgs_vendor:/opt/ros/jazzy/opt/gz_common_vendor:/opt/ros/jazzy/opt/gz_math_vendor:/opt/ros/jazzy/opt/gz_utils_vendor:/opt/ros/jazzy/opt/gz_tools_vendor:/opt/ros/jazzy/opt/gz_ogre_next_vendor:/opt/ros/jazzy/opt/gz_dartsim_vendor:/opt/ros/jazzy/opt/gz_cmake_vendor:/opt/ros/jazzy DEBUGINFOD_URLS=https://debuginfod.ubuntu.com LD_LIBRARY_PATH=/home/thomas24/hive_ws2/install/nav2_costmap_2d/lib:/home/thomas24/hive_ws2/install/nav2_map_server/lib:/home/thomas24/hive_ws2/install/nav2_lifecycle_manager/lib:/home/thomas24/hive_ws2/install/nav2_behavior_tree/lib:/home/thomas24/hive_ws2/install/nav2_util/lib:/home/thomas24/hive_ws2/install/nav2_voxel_grid/lib:/home/thomas24/hive_ws2/install/nav2_msgs/lib:${LD_LIBRARY_PATH} PYTHONPATH=/home/thomas24/hive_ws2/install/nav2_msgs/lib/python3.12/site-packages:/home/thomas24/hive_ws2/install/nav2_common/lib/python3.12/site-packages:${PYTHONPATH} /usr/bin/cmake --build /home/thomas24/hive_ws2/build/nav2_navfn_planner -- -j16 -l16
[8.197s] [ 11%] [32mBuilding CXX object CMakeFiles/nav2_navfn_planner.dir/src/navfn_planner.cpp.o[0m
[21.120s] [ 22%] [32mBuilding CXX object CMakeFiles/nav2_navfn_planner.dir/src/navfn.cpp.o[0m
[26.995s] [ 33%] [32m[1mLinking CXX shared library libnav2_navfn_planner.so[0m
[27.385s] [ 33%] Built target nav2_navfn_planner
[27.418s] [ 44%] [32mBuilding CXX object gtest/CMakeFiles/gtest.dir/src/gtest-all.cc.o[0m
[37.408s] [ 55%] [32m[1mLinking CXX static library libgtest.a[0m
[37.493s] [ 55%] Built target gtest
[37.525s] [ 66%] [32mBuilding CXX object gtest/CMakeFiles/gtest_main.dir/src/gtest_main.cc.o[0m
[38.760s] [ 77%] [32m[1mLinking CXX static library libgtest_main.a[0m
[38.814s] [ 77%] Built target gtest_main
[38.856s] [ 88%] [32mBuilding CXX object test/CMakeFiles/test_dynamic_parameters.dir/test_dynamic_parameters.cpp.o[0m
[49.731s] [100%] [32m[1mLinking CXX executable test_dynamic_parameters[0m
[50.475s] [100%] Built target test_dynamic_parameters
[50.498s] Invoked command in '/home/thomas24/hive_ws2/build/nav2_navfn_planner' returned '0': AMENT_PREFIX_PATH=/home/thomas24/hive_ws2/install/nav2_core:/home/thomas24/hive_ws2/install/nav2_costmap_2d:/home/thomas24/hive_ws2/install/nav2_map_server:/home/thomas24/hive_ws2/install/nav2_lifecycle_manager:/home/thomas24/hive_ws2/install/nav2_behavior_tree:/home/thomas24/hive_ws2/install/nav2_util:/home/thomas24/hive_ws2/install/nav2_ros_common:/home/thomas24/hive_ws2/install/nav2_voxel_grid:/home/thomas24/hive_ws2/install/nav2_msgs:/home/thomas24/hive_ws2/install/nav2_common:${AMENT_PREFIX_PATH} CMAKE_PREFIX_PATH=/home/thomas24/hive_ws2/install/nav2_core:/home/thomas24/hive_ws2/install/nav2_costmap_2d:/home/thomas24/hive_ws2/install/nav2_map_server:/home/thomas24/hive_ws2/install/nav2_lifecycle_manager:/home/thomas24/hive_ws2/install/nav2_behavior_tree:/home/thomas24/hive_ws2/install/nav2_util:/home/thomas24/hive_ws2/install/nav2_ros_common:/home/thomas24/hive_ws2/install/nav2_voxel_grid:/home/thomas24/hive_ws2/install/nav2_msgs:/home/thomas24/hive_ws2/install/nav2_common:/opt/ros/jazzy/opt/gz_sim_vendor:/opt/ros/jazzy/opt/gz_sensors_vendor:/opt/ros/jazzy/opt/gz_physics_vendor:/opt/ros/jazzy/opt/sdformat_vendor:/opt/ros/jazzy/opt/gz_gui_vendor:/opt/ros/jazzy/opt/gz_transport_vendor:/opt/ros/jazzy/opt/gz_rendering_vendor:/opt/ros/jazzy/opt/gz_plugin_vendor:/opt/ros/jazzy/opt/gz_fuel_tools_vendor:/opt/ros/jazzy/opt/gz_msgs_vendor:/opt/ros/jazzy/opt/gz_common_vendor:/opt/ros/jazzy/opt/gz_math_vendor:/opt/ros/jazzy/opt/gz_utils_vendor:/opt/ros/jazzy/opt/gz_tools_vendor:/opt/ros/jazzy/opt/gz_ogre_next_vendor:/opt/ros/jazzy/opt/gz_dartsim_vendor:/opt/ros/jazzy/opt/gz_cmake_vendor:/opt/ros/jazzy DEBUGINFOD_URLS=https://debuginfod.ubuntu.com LD_LIBRARY_PATH=/home/thomas24/hive_ws2/install/nav2_costmap_2d/lib:/home/thomas24/hive_ws2/install/nav2_map_server/lib:/home/thomas24/hive_ws2/install/nav2_lifecycle_manager/lib:/home/thomas24/hive_ws2/install/nav2_behavior_tree/lib:/home/thomas24/hive_ws2/install/nav2_util/lib:/home/thomas24/hive_ws2/install/nav2_voxel_grid/lib:/home/thomas24/hive_ws2/install/nav2_msgs/lib:${LD_LIBRARY_PATH} PYTHONPATH=/home/thomas24/hive_ws2/install/nav2_msgs/lib/python3.12/site-packages:/home/thomas24/hive_ws2/install/nav2_common/lib/python3.12/site-packages:${PYTHONPATH} /usr/bin/cmake --build /home/thomas24/hive_ws2/build/nav2_navfn_planner -- -j16 -l16
[50.499s] Invoking command in '/home/thomas24/hive_ws2/build/nav2_navfn_planner': AMENT_PREFIX_PATH=/home/thomas24/hive_ws2/install/nav2_core:/home/thomas24/hive_ws2/install/nav2_costmap_2d:/home/thomas24/hive_ws2/install/nav2_map_server:/home/thomas24/hive_ws2/install/nav2_lifecycle_manager:/home/thomas24/hive_ws2/install/nav2_behavior_tree:/home/thomas24/hive_ws2/install/nav2_util:/home/thomas24/hive_ws2/install/nav2_ros_common:/home/thomas24/hive_ws2/install/nav2_voxel_grid:/home/thomas24/hive_ws2/install/nav2_msgs:/home/thomas24/hive_ws2/install/nav2_common:${AMENT_PREFIX_PATH} CMAKE_PREFIX_PATH=/home/thomas24/hive_ws2/install/nav2_core:/home/thomas24/hive_ws2/install/nav2_costmap_2d:/home/thomas24/hive_ws2/install/nav2_map_server:/home/thomas24/hive_ws2/install/nav2_lifecycle_manager:/home/thomas24/hive_ws2/install/nav2_behavior_tree:/home/thomas24/hive_ws2/install/nav2_util:/home/thomas24/hive_ws2/install/nav2_ros_common:/home/thomas24/hive_ws2/install/nav2_voxel_grid:/home/thomas24/hive_ws2/install/nav2_msgs:/home/thomas24/hive_ws2/install/nav2_common:/opt/ros/jazzy/opt/gz_sim_vendor:/opt/ros/jazzy/opt/gz_sensors_vendor:/opt/ros/jazzy/opt/gz_physics_vendor:/opt/ros/jazzy/opt/sdformat_vendor:/opt/ros/jazzy/opt/gz_gui_vendor:/opt/ros/jazzy/opt/gz_transport_vendor:/opt/ros/jazzy/opt/gz_rendering_vendor:/opt/ros/jazzy/opt/gz_plugin_vendor:/opt/ros/jazzy/opt/gz_fuel_tools_vendor:/opt/ros/jazzy/opt/gz_msgs_vendor:/opt/ros/jazzy/opt/gz_common_vendor:/opt/ros/jazzy/opt/gz_math_vendor:/opt/ros/jazzy/opt/gz_utils_vendor:/opt/ros/jazzy/opt/gz_tools_vendor:/opt/ros/jazzy/opt/gz_ogre_next_vendor:/opt/ros/jazzy/opt/gz_dartsim_vendor:/opt/ros/jazzy/opt/gz_cmake_vendor:/opt/ros/jazzy DEBUGINFOD_URLS=https://debuginfod.ubuntu.com LD_LIBRARY_PATH=/home/thomas24/hive_ws2/install/nav2_costmap_2d/lib:/home/thomas24/hive_ws2/install/nav2_map_server/lib:/home/thomas24/hive_ws2/install/nav2_lifecycle_manager/lib:/home/thomas24/hive_ws2/install/nav2_behavior_tree/lib:/home/thomas24/hive_ws2/install/nav2_util/lib:/home/thomas24/hive_ws2/install/nav2_voxel_grid/lib:/home/thomas24/hive_ws2/install/nav2_msgs/lib:${LD_LIBRARY_PATH} PYTHONPATH=/home/thomas24/hive_ws2/install/nav2_msgs/lib/python3.12/site-packages:/home/thomas24/hive_ws2/install/nav2_common/lib/python3.12/site-packages:${PYTHONPATH} /usr/bin/cmake --install /home/thomas24/hive_ws2/build/nav2_navfn_planner
[90.063s] -- Install configuration: "Release"
[90.063s] -- Installing: /home/thomas24/hive_ws2/install/nav2_navfn_planner/share/nav2_navfn_planner/global_planner_plugin.xml
[90.063s] -- Installing: /home/thomas24/hive_ws2/install/nav2_navfn_planner/lib/libnav2_navfn_planner.so
[90.063s] -- Set non-toolchain portion of runtime path of "/home/thomas24/hive_ws2/install/nav2_navfn_planner/lib/libnav2_navfn_planner.so" to ""
[90.063s] -- Installing: /home/thomas24/hive_ws2/install/nav2_navfn_planner/include/nav2_navfn_planner
[90.063s] -- Installing: /home/thomas24/hive_ws2/install/nav2_navfn_planner/include/nav2_navfn_planner/nav2_navfn_planner
[90.063s] -- Installing: /home/thomas24/hive_ws2/install/nav2_navfn_planner/include/nav2_navfn_planner/nav2_navfn_planner/navfn_planner.hpp
[90.063s] -- Installing: /home/thomas24/hive_ws2/install/nav2_navfn_planner/include/nav2_navfn_planner/nav2_navfn_planner/navfn.hpp
[90.063s] -- Up-to-date: /home/thomas24/hive_ws2/install/nav2_navfn_planner/share/nav2_navfn_planner/global_planner_plugin.xml
[90.063s] -- Installing: /home/thomas24/hive_ws2/install/nav2_navfn_planner/share/nav2_navfn_planner/environment/library_path.sh
[90.066s] -- Installing: /home/thomas24/hive_ws2/install/nav2_navfn_planner/share/nav2_navfn_planner/environment/library_path.dsv
[90.067s] -- Installing: /home/thomas24/hive_ws2/install/nav2_navfn_planner/share/ament_index/resource_index/package_run_dependencies/nav2_navfn_planner
[90.067s] -- Installing: /home/thomas24/hive_ws2/install/nav2_navfn_planner/share/ament_index/resource_index/parent_prefix_path/nav2_navfn_planner
[90.067s] -- Installing: /home/thomas24/hive_ws2/install/nav2_navfn_planner/share/nav2_navfn_planner/environment/ament_prefix_path.sh
[90.067s] -- Installing: /home/thomas24/hive_ws2/install/nav2_navfn_planner/share/nav2_navfn_planner/environment/ament_prefix_path.dsv
[90.067s] -- Installing: /home/thomas24/hive_ws2/install/nav2_navfn_planner/share/nav2_navfn_planner/environment/path.sh
[90.067s] -- Installing: /home/thomas24/hive_ws2/install/nav2_navfn_planner/share/nav2_navfn_planner/environment/path.dsv
[90.067s] -- Installing: /home/thomas24/hive_ws2/install/nav2_navfn_planner/share/nav2_navfn_planner/local_setup.bash
[90.067s] -- Installing: /home/thomas24/hive_ws2/install/nav2_navfn_planner/share/nav2_navfn_planner/local_setup.sh
[90.067s] -- Installing: /home/thomas24/hive_ws2/install/nav2_navfn_planner/share/nav2_navfn_planner/local_setup.zsh
[90.067s] -- Installing: /home/thomas24/hive_ws2/install/nav2_navfn_planner/share/nav2_navfn_planner/local_setup.dsv
[90.068s] -- Installing: /home/thomas24/hive_ws2/install/nav2_navfn_planner/share/nav2_navfn_planner/package.dsv
[90.068s] -- Installing: /home/thomas24/hive_ws2/install/nav2_navfn_planner/share/ament_index/resource_index/packages/nav2_navfn_planner
[90.068s] -- Installing: /home/thomas24/hive_ws2/install/nav2_navfn_planner/share/ament_index/resource_index/nav2_core__pluginlib__plugin/nav2_navfn_planner
[90.068s] -- Installing: /home/thomas24/hive_ws2/install/nav2_navfn_planner/share/nav2_navfn_planner/cmake/nav2_navfn_plannerExport.cmake
[90.068s] -- Installing: /home/thomas24/hive_ws2/install/nav2_navfn_planner/share/nav2_navfn_planner/cmake/nav2_navfn_plannerExport-release.cmake
[90.068s] -- Installing: /home/thomas24/hive_ws2/install/nav2_navfn_planner/share/nav2_navfn_planner/cmake/ament_cmake_export_include_directories-extras.cmake
[90.068s] -- Installing: /home/thomas24/hive_ws2/install/nav2_navfn_planner/share/nav2_navfn_planner/cmake/ament_cmake_export_libraries-extras.cmake
[90.068s] -- Installing: /home/thomas24/hive_ws2/install/nav2_navfn_planner/share/nav2_navfn_planner/cmake/ament_cmake_export_dependencies-extras.cmake
[90.068s] -- Installing: /home/thomas24/hive_ws2/install/nav2_navfn_planner/share/nav2_navfn_planner/cmake/ament_cmake_export_targets-extras.cmake
[90.068s] -- Installing: /home/thomas24/hive_ws2/install/nav2_navfn_planner/share/nav2_navfn_planner/cmake/nav2_navfn_plannerConfig.cmake
[90.070s] -- Installing: /home/thomas24/hive_ws2/install/nav2_navfn_planner/share/nav2_navfn_planner/cmake/nav2_navfn_plannerConfig-version.cmake
[90.070s] -- Installing: /home/thomas24/hive_ws2/install/nav2_navfn_planner/share/nav2_navfn_planner/package.xml
[90.107s] Invoked command in '/home/thomas24/hive_ws2/build/nav2_navfn_planner' returned '0': AMENT_PREFIX_PATH=/home/thomas24/hive_ws2/install/nav2_core:/home/thomas24/hive_ws2/install/nav2_costmap_2d:/home/thomas24/hive_ws2/install/nav2_map_server:/home/thomas24/hive_ws2/install/nav2_lifecycle_manager:/home/thomas24/hive_ws2/install/nav2_behavior_tree:/home/thomas24/hive_ws2/install/nav2_util:/home/thomas24/hive_ws2/install/nav2_ros_common:/home/thomas24/hive_ws2/install/nav2_voxel_grid:/home/thomas24/hive_ws2/install/nav2_msgs:/home/thomas24/hive_ws2/install/nav2_common:${AMENT_PREFIX_PATH} CMAKE_PREFIX_PATH=/home/thomas24/hive_ws2/install/nav2_core:/home/thomas24/hive_ws2/install/nav2_costmap_2d:/home/thomas24/hive_ws2/install/nav2_map_server:/home/thomas24/hive_ws2/install/nav2_lifecycle_manager:/home/thomas24/hive_ws2/install/nav2_behavior_tree:/home/thomas24/hive_ws2/install/nav2_util:/home/thomas24/hive_ws2/install/nav2_ros_common:/home/thomas24/hive_ws2/install/nav2_voxel_grid:/home/thomas24/hive_ws2/install/nav2_msgs:/home/thomas24/hive_ws2/install/nav2_common:/opt/ros/jazzy/opt/gz_sim_vendor:/opt/ros/jazzy/opt/gz_sensors_vendor:/opt/ros/jazzy/opt/gz_physics_vendor:/opt/ros/jazzy/opt/sdformat_vendor:/opt/ros/jazzy/opt/gz_gui_vendor:/opt/ros/jazzy/opt/gz_transport_vendor:/opt/ros/jazzy/opt/gz_rendering_vendor:/opt/ros/jazzy/opt/gz_plugin_vendor:/opt/ros/jazzy/opt/gz_fuel_tools_vendor:/opt/ros/jazzy/opt/gz_msgs_vendor:/opt/ros/jazzy/opt/gz_common_vendor:/opt/ros/jazzy/opt/gz_math_vendor:/opt/ros/jazzy/opt/gz_utils_vendor:/opt/ros/jazzy/opt/gz_tools_vendor:/opt/ros/jazzy/opt/gz_ogre_next_vendor:/opt/ros/jazzy/opt/gz_dartsim_vendor:/opt/ros/jazzy/opt/gz_cmake_vendor:/opt/ros/jazzy DEBUGINFOD_URLS=https://debuginfod.ubuntu.com LD_LIBRARY_PATH=/home/thomas24/hive_ws2/install/nav2_costmap_2d/lib:/home/thomas24/hive_ws2/install/nav2_map_server/lib:/home/thomas24/hive_ws2/install/nav2_lifecycle_manager/lib:/home/thomas24/hive_ws2/install/nav2_behavior_tree/lib:/home/thomas24/hive_ws2/install/nav2_util/lib:/home/thomas24/hive_ws2/install/nav2_voxel_grid/lib:/home/thomas24/hive_ws2/install/nav2_msgs/lib:${LD_LIBRARY_PATH} PYTHONPATH=/home/thomas24/hive_ws2/install/nav2_msgs/lib/python3.12/site-packages:/home/thomas24/hive_ws2/install/nav2_common/lib/python3.12/site-packages:${PYTHONPATH} /usr/bin/cmake --install /home/thomas24/hive_ws2/build/nav2_navfn_planner
