-- Found ament_cmake: 2.5.4 (/opt/ros/jazzy/share/ament_cmake/cmake)
-- Override CMake install command with custom implementation using symlinks instead of copying resources
-- Found geometry_msgs: 5.3.6 (/opt/ros/jazzy/share/geometry_msgs/cmake)
-- Found rosidl_generator_c: 4.6.6 (/opt/ros/jazzy/share/rosidl_generator_c/cmake)
-- Found rosidl_generator_cpp: 4.6.6 (/opt/ros/jazzy/share/rosidl_generator_cpp/cmake)
-- Using all available rosidl_typesupport_c: rosidl_typesupport_fastrtps_c;rosidl_typesupport_introspection_c
-- Using all available rosidl_typesupport_cpp: rosidl_typesupport_fastrtps_cpp;rosidl_typesupport_introspection_cpp
-- Found lifecycle_msgs: 2.0.3 (/opt/ros/jazzy/share/lifecycle_msgs/cmake)
-- Found nav_msgs: 5.3.6 (/opt/ros/jazzy/share/nav_msgs/cmake)
-- Found nav2_common: 1.4.0 (/home/thomas24/hive_ws2/install/nav2_common/share/nav2_common/cmake)
-- Found nav2_msgs: 1.4.0 (/home/thomas24/hive_ws2/install/nav2_msgs/share/nav2_msgs/cmake)
-- Found nav2_util: 1.4.0 (/home/thomas24/hive_ws2/install/nav2_util/share/nav2_util/cmake)
-- Found rmw_implementation_cmake: 7.3.2 (/opt/ros/jazzy/share/rmw_implementation_cmake/cmake)
-- Found rmw_fastrtps_cpp: 8.4.3 (/opt/ros/jazzy/share/rmw_fastrtps_cpp/cmake)
-- Using RMW implementation 'rmw_fastrtps_cpp' as default
-- Found eigen3_cmake_module: 0.3.0 (/opt/ros/jazzy/share/eigen3_cmake_module/cmake)
-- Ensuring Eigen3 include directory is part of orocos-kdl CMake target
-- Found yaml_cpp_vendor: 9.0.1 (/opt/ros/jazzy/share/yaml_cpp_vendor/cmake)
-- Setting yaml-cpp_DIR to: '/opt/ros/jazzy/share/yaml_cpp_vendor/cmake/../../../opt/yaml_cpp_vendor/share/cmake/yaml-cpp'
-- Found ament_lint_auto: 0.17.3 (/opt/ros/jazzy/share/ament_lint_auto/cmake)
-- Found gtest sources under '/opt/ros/jazzy/src/gtest_vendor': C++ tests using 'Google Test' will be built
-- Added test 'cppcheck' to perform static code analysis on C / C++ code
-- Configured cppcheck include dirs: $<BUILD_INTERFACE:/home/thomas24/hive_ws2/src/navigation2/nav2_map_server/include>
-- Configured cppcheck exclude dirs and/or files: 
-- Added test 'cpplint' to check C / C++ code against the Google style
-- Configured cpplint exclude dirs and/or files: 
-- Added test 'flake8' to check Python code syntax and style conventions
-- Configured 'flake8' exclude dirs and/or files: 
-- Added test 'lint_cmake' to check CMake code style
-- Added test 'pep257' to check Python code against some of the docstring style conventions in PEP 257
-- Added test 'uncrustify' to check C / C++ code style
-- Configured uncrustify additional arguments: 
-- Added test 'xmllint' to check XML markup files
-- Configuring done (1.1s)
-- Generating done (0.1s)
-- Build files have been written to: /home/thomas24/hive_ws2/build/nav2_map_server
[  4%] Built target gtest_main
[  8%] Built target gtest
[ 15%] Built target map_io
[ 22%] Built target vector_object_core
[ 28%] Built target test_map_saver_cli
[ 35%] Built target test_map_io
[ 40%] Built target vector_object_server
[ 46%] Built target test_vector_object_shapes
[ 51%] Built target test_map_saver_publisher
[ 55%] Built target test_vector_object_server
[ 64%] Built target map_server_core
[100%] Built target map_saver_cli
[100%] Built target map_saver_server
[100%] Built target test_map_saver_node
[100%] Built target costmap_filter_info_server
[100%] Built target map_server
[100%] Built target test_map_server_node
[100%] Built target test_costmap_filter_info_server
-- Install configuration: "Release"
-- Execute custom install script
-- Up-to-date symlink: /home/thomas24/hive_ws2/install/nav2_map_server/lib/nav2_map_server/map_server
-- Up-to-date symlink: /home/thomas24/hive_ws2/install/nav2_map_server/lib/nav2_map_server/map_saver_cli
-- Up-to-date symlink: /home/thomas24/hive_ws2/install/nav2_map_server/lib/nav2_map_server/map_saver_server
-- Up-to-date symlink: /home/thomas24/hive_ws2/install/nav2_map_server/lib/nav2_map_server/costmap_filter_info_server
-- Up-to-date symlink: /home/thomas24/hive_ws2/install/nav2_map_server/lib/nav2_map_server/vector_object_server
-- Up-to-date symlink: /home/thomas24/hive_ws2/install/nav2_map_server/include/nav2_map_server/nav2_map_server/costmap_filter_info_server.hpp
-- Up-to-date symlink: /home/thomas24/hive_ws2/install/nav2_map_server/include/nav2_map_server/nav2_map_server/map_io.hpp
-- Up-to-date symlink: /home/thomas24/hive_ws2/install/nav2_map_server/include/nav2_map_server/nav2_map_server/map_mode.hpp
-- Up-to-date symlink: /home/thomas24/hive_ws2/install/nav2_map_server/include/nav2_map_server/nav2_map_server/map_saver.hpp
-- Up-to-date symlink: /home/thomas24/hive_ws2/install/nav2_map_server/include/nav2_map_server/nav2_map_server/map_server.hpp
-- Up-to-date symlink: /home/thomas24/hive_ws2/install/nav2_map_server/include/nav2_map_server/nav2_map_server/vector_object_server.hpp
-- Up-to-date symlink: /home/thomas24/hive_ws2/install/nav2_map_server/include/nav2_map_server/nav2_map_server/vector_object_shapes.hpp
-- Up-to-date symlink: /home/thomas24/hive_ws2/install/nav2_map_server/include/nav2_map_server/nav2_map_server/vector_object_utils.hpp
-- Up-to-date symlink: /home/thomas24/hive_ws2/install/nav2_map_server/share/nav2_map_server/launch/map_saver_server.launch.py
-- Up-to-date symlink: /home/thomas24/hive_ws2/install/nav2_map_server/share/nav2_map_server/launch/vector_object_server.launch.py
-- Up-to-date symlink: /home/thomas24/hive_ws2/install/nav2_map_server/share/nav2_map_server/params/vector_object_server_params.yaml
-- Up-to-date symlink: /home/thomas24/hive_ws2/install/nav2_map_server/share/nav2_map_server/environment/library_path.sh
-- Up-to-date symlink: /home/thomas24/hive_ws2/install/nav2_map_server/share/nav2_map_server/environment/library_path.dsv
-- Up-to-date symlink: /home/thomas24/hive_ws2/install/nav2_map_server/share/ament_index/resource_index/package_run_dependencies/nav2_map_server
-- Up-to-date symlink: /home/thomas24/hive_ws2/install/nav2_map_server/share/ament_index/resource_index/parent_prefix_path/nav2_map_server
-- Up-to-date symlink: /home/thomas24/hive_ws2/install/nav2_map_server/share/nav2_map_server/environment/ament_prefix_path.sh
-- Up-to-date symlink: /home/thomas24/hive_ws2/install/nav2_map_server/share/nav2_map_server/environment/ament_prefix_path.dsv
-- Up-to-date symlink: /home/thomas24/hive_ws2/install/nav2_map_server/share/nav2_map_server/environment/path.sh
-- Up-to-date symlink: /home/thomas24/hive_ws2/install/nav2_map_server/share/nav2_map_server/environment/path.dsv
-- Up-to-date symlink: /home/thomas24/hive_ws2/install/nav2_map_server/share/nav2_map_server/local_setup.bash
-- Up-to-date symlink: /home/thomas24/hive_ws2/install/nav2_map_server/share/nav2_map_server/local_setup.sh
-- Up-to-date symlink: /home/thomas24/hive_ws2/install/nav2_map_server/share/nav2_map_server/local_setup.zsh
-- Up-to-date symlink: /home/thomas24/hive_ws2/install/nav2_map_server/share/nav2_map_server/local_setup.dsv
-- Symlinking: /home/thomas24/hive_ws2/install/nav2_map_server/share/nav2_map_server/package.dsv
-- Up-to-date symlink: /home/thomas24/hive_ws2/install/nav2_map_server/share/ament_index/resource_index/packages/nav2_map_server
-- Up-to-date symlink: /home/thomas24/hive_ws2/install/nav2_map_server/share/ament_index/resource_index/rclcpp_components/nav2_map_server
-- Up-to-date symlink: /home/thomas24/hive_ws2/install/nav2_map_server/share/nav2_map_server/cmake/ament_cmake_export_include_directories-extras.cmake
-- Up-to-date symlink: /home/thomas24/hive_ws2/install/nav2_map_server/share/nav2_map_server/cmake/ament_cmake_export_libraries-extras.cmake
-- Up-to-date symlink: /home/thomas24/hive_ws2/install/nav2_map_server/share/nav2_map_server/cmake/ament_cmake_export_dependencies-extras.cmake
-- Up-to-date symlink: /home/thomas24/hive_ws2/install/nav2_map_server/share/nav2_map_server/cmake/ament_cmake_export_targets-extras.cmake
-- Up-to-date symlink: /home/thomas24/hive_ws2/install/nav2_map_server/share/nav2_map_server/cmake/nav2_map_serverConfig.cmake
-- Up-to-date symlink: /home/thomas24/hive_ws2/install/nav2_map_server/share/nav2_map_server/cmake/nav2_map_serverConfig-version.cmake
-- Up-to-date symlink: /home/thomas24/hive_ws2/install/nav2_map_server/share/nav2_map_server/package.xml
-- Up-to-date: /home/thomas24/hive_ws2/install/nav2_map_server/lib/libmap_server_core.so
-- Up-to-date: /home/thomas24/hive_ws2/install/nav2_map_server/lib/libmap_io.so
-- Up-to-date: /home/thomas24/hive_ws2/install/nav2_map_server/lib/libvector_object_core.so
-- Up-to-date: /home/thomas24/hive_ws2/install/nav2_map_server/share/nav2_map_server/cmake/map_server_coreExport.cmake
-- Up-to-date: /home/thomas24/hive_ws2/install/nav2_map_server/share/nav2_map_server/cmake/map_server_coreExport-release.cmake
