[0.022s] Invoking command in '/home/thomas24/hive_ws2/build/nav2_voxel_grid': AMENT_PREFIX_PATH=/home/thomas24/hive_ws2/install/nav2_common:${AMENT_PREFIX_PATH} CMAKE_PREFIX_PATH=/home/thomas24/hive_ws2/install/nav2_common:/home/thomas24/hiveverse_ws/install/hive_simulation:/home/thomas24/hiveverse_ws/install/hive_robot_description:/opt/ros/jazzy/opt/gz_sim_vendor:/opt/ros/jazzy/opt/gz_sensors_vendor:/opt/ros/jazzy/opt/gz_physics_vendor:/opt/ros/jazzy/opt/sdformat_vendor:/opt/ros/jazzy/opt/gz_gui_vendor:/opt/ros/jazzy/opt/gz_transport_vendor:/opt/ros/jazzy/opt/gz_rendering_vendor:/opt/ros/jazzy/opt/gz_plugin_vendor:/opt/ros/jazzy/opt/gz_fuel_tools_vendor:/opt/ros/jazzy/opt/gz_msgs_vendor:/opt/ros/jazzy/opt/gz_common_vendor:/opt/ros/jazzy/opt/gz_math_vendor:/opt/ros/jazzy/opt/gz_utils_vendor:/opt/ros/jazzy/opt/gz_tools_vendor:/opt/ros/jazzy/opt/gz_ogre_next_vendor:/opt/ros/jazzy/opt/gz_dartsim_vendor:/opt/ros/jazzy/opt/gz_cmake_vendor:/home/thomas24/hiveverse_ws/install/hive_tools:/home/thomas24/hiveverse_ws/install/hive_bringup:/opt/ros/jazzy DEBUGINFOD_URLS=https://debuginfod.ubuntu.com PYTHONPATH=/home/thomas24/hive_ws2/install/nav2_common/lib/python3.12/site-packages:${PYTHONPATH} /usr/bin/cmake --build /home/thomas24/hive_ws2/build/nav2_voxel_grid -- -j16 -l16
[0.070s] [ 20%] Built target gtest
[0.070s] [ 40%] Built target voxel_grid
[0.070s] [ 60%] Built target gtest_main
[0.091s] [ 80%] Built target voxel_grid_tests
[0.091s] [100%] Built target voxel_grid_bresenham_3d
[0.102s] Invoked command in '/home/thomas24/hive_ws2/build/nav2_voxel_grid' returned '0': AMENT_PREFIX_PATH=/home/thomas24/hive_ws2/install/nav2_common:${AMENT_PREFIX_PATH} CMAKE_PREFIX_PATH=/home/thomas24/hive_ws2/install/nav2_common:/home/thomas24/hiveverse_ws/install/hive_simulation:/home/thomas24/hiveverse_ws/install/hive_robot_description:/opt/ros/jazzy/opt/gz_sim_vendor:/opt/ros/jazzy/opt/gz_sensors_vendor:/opt/ros/jazzy/opt/gz_physics_vendor:/opt/ros/jazzy/opt/sdformat_vendor:/opt/ros/jazzy/opt/gz_gui_vendor:/opt/ros/jazzy/opt/gz_transport_vendor:/opt/ros/jazzy/opt/gz_rendering_vendor:/opt/ros/jazzy/opt/gz_plugin_vendor:/opt/ros/jazzy/opt/gz_fuel_tools_vendor:/opt/ros/jazzy/opt/gz_msgs_vendor:/opt/ros/jazzy/opt/gz_common_vendor:/opt/ros/jazzy/opt/gz_math_vendor:/opt/ros/jazzy/opt/gz_utils_vendor:/opt/ros/jazzy/opt/gz_tools_vendor:/opt/ros/jazzy/opt/gz_ogre_next_vendor:/opt/ros/jazzy/opt/gz_dartsim_vendor:/opt/ros/jazzy/opt/gz_cmake_vendor:/home/thomas24/hiveverse_ws/install/hive_tools:/home/thomas24/hiveverse_ws/install/hive_bringup:/opt/ros/jazzy DEBUGINFOD_URLS=https://debuginfod.ubuntu.com PYTHONPATH=/home/thomas24/hive_ws2/install/nav2_common/lib/python3.12/site-packages:${PYTHONPATH} /usr/bin/cmake --build /home/thomas24/hive_ws2/build/nav2_voxel_grid -- -j16 -l16
[0.104s] Invoking command in '/home/thomas24/hive_ws2/build/nav2_voxel_grid': AMENT_PREFIX_PATH=/home/thomas24/hive_ws2/install/nav2_common:${AMENT_PREFIX_PATH} CMAKE_PREFIX_PATH=/home/thomas24/hive_ws2/install/nav2_common:/home/thomas24/hiveverse_ws/install/hive_simulation:/home/thomas24/hiveverse_ws/install/hive_robot_description:/opt/ros/jazzy/opt/gz_sim_vendor:/opt/ros/jazzy/opt/gz_sensors_vendor:/opt/ros/jazzy/opt/gz_physics_vendor:/opt/ros/jazzy/opt/sdformat_vendor:/opt/ros/jazzy/opt/gz_gui_vendor:/opt/ros/jazzy/opt/gz_transport_vendor:/opt/ros/jazzy/opt/gz_rendering_vendor:/opt/ros/jazzy/opt/gz_plugin_vendor:/opt/ros/jazzy/opt/gz_fuel_tools_vendor:/opt/ros/jazzy/opt/gz_msgs_vendor:/opt/ros/jazzy/opt/gz_common_vendor:/opt/ros/jazzy/opt/gz_math_vendor:/opt/ros/jazzy/opt/gz_utils_vendor:/opt/ros/jazzy/opt/gz_tools_vendor:/opt/ros/jazzy/opt/gz_ogre_next_vendor:/opt/ros/jazzy/opt/gz_dartsim_vendor:/opt/ros/jazzy/opt/gz_cmake_vendor:/home/thomas24/hiveverse_ws/install/hive_tools:/home/thomas24/hiveverse_ws/install/hive_bringup:/opt/ros/jazzy DEBUGINFOD_URLS=https://debuginfod.ubuntu.com PYTHONPATH=/home/thomas24/hive_ws2/install/nav2_common/lib/python3.12/site-packages:${PYTHONPATH} /usr/bin/cmake --install /home/thomas24/hive_ws2/build/nav2_voxel_grid
[0.110s] -- Install configuration: "Release"
[0.110s] -- Execute custom install script
[0.111s] -- Up-to-date symlink: /home/thomas24/hive_ws2/install/nav2_voxel_grid/include/nav2_voxel_grid/nav2_voxel_grid/voxel_grid.hpp
[0.111s] -- Up-to-date symlink: /home/thomas24/hive_ws2/install/nav2_voxel_grid/share/nav2_voxel_grid/environment/library_path.sh
[0.112s] -- Up-to-date symlink: /home/thomas24/hive_ws2/install/nav2_voxel_grid/share/nav2_voxel_grid/environment/library_path.dsv
[0.112s] -- Up-to-date symlink: /home/thomas24/hive_ws2/install/nav2_voxel_grid/share/ament_index/resource_index/package_run_dependencies/nav2_voxel_grid
[0.112s] -- Up-to-date symlink: /home/thomas24/hive_ws2/install/nav2_voxel_grid/share/ament_index/resource_index/parent_prefix_path/nav2_voxel_grid
[0.112s] -- Up-to-date symlink: /home/thomas24/hive_ws2/install/nav2_voxel_grid/share/nav2_voxel_grid/environment/ament_prefix_path.sh
[0.112s] -- Up-to-date symlink: /home/thomas24/hive_ws2/install/nav2_voxel_grid/share/nav2_voxel_grid/environment/ament_prefix_path.dsv
[0.112s] -- Up-to-date symlink: /home/thomas24/hive_ws2/install/nav2_voxel_grid/share/nav2_voxel_grid/environment/path.sh
[0.112s] -- Up-to-date symlink: /home/thomas24/hive_ws2/install/nav2_voxel_grid/share/nav2_voxel_grid/environment/path.dsv
[0.112s] -- Up-to-date symlink: /home/thomas24/hive_ws2/install/nav2_voxel_grid/share/nav2_voxel_grid/local_setup.bash
[0.112s] -- Up-to-date symlink: /home/thomas24/hive_ws2/install/nav2_voxel_grid/share/nav2_voxel_grid/local_setup.sh
[0.113s] -- Up-to-date symlink: /home/thomas24/hive_ws2/install/nav2_voxel_grid/share/nav2_voxel_grid/local_setup.zsh
[0.113s] -- Up-to-date symlink: /home/thomas24/hive_ws2/install/nav2_voxel_grid/share/nav2_voxel_grid/local_setup.dsv
[0.113s] -- Symlinking: /home/thomas24/hive_ws2/install/nav2_voxel_grid/share/nav2_voxel_grid/package.dsv
[0.122s] -- Up-to-date symlink: /home/thomas24/hive_ws2/install/nav2_voxel_grid/share/ament_index/resource_index/packages/nav2_voxel_grid
[0.122s] -- Up-to-date symlink: /home/thomas24/hive_ws2/install/nav2_voxel_grid/share/nav2_voxel_grid/cmake/ament_cmake_export_dependencies-extras.cmake
[0.123s] -- Up-to-date symlink: /home/thomas24/hive_ws2/install/nav2_voxel_grid/share/nav2_voxel_grid/cmake/ament_cmake_export_include_directories-extras.cmake
[0.123s] -- Up-to-date symlink: /home/thomas24/hive_ws2/install/nav2_voxel_grid/share/nav2_voxel_grid/cmake/ament_cmake_export_libraries-extras.cmake
[0.123s] -- Up-to-date symlink: /home/thomas24/hive_ws2/install/nav2_voxel_grid/share/nav2_voxel_grid/cmake/ament_cmake_export_targets-extras.cmake
[0.123s] -- Up-to-date symlink: /home/thomas24/hive_ws2/install/nav2_voxel_grid/share/nav2_voxel_grid/cmake/nav2_voxel_gridConfig.cmake
[0.123s] -- Up-to-date symlink: /home/thomas24/hive_ws2/install/nav2_voxel_grid/share/nav2_voxel_grid/cmake/nav2_voxel_gridConfig-version.cmake
[0.123s] -- Up-to-date symlink: /home/thomas24/hive_ws2/install/nav2_voxel_grid/share/nav2_voxel_grid/package.xml
[0.124s] -- Up-to-date: /home/thomas24/hive_ws2/install/nav2_voxel_grid/lib/libvoxel_grid.so
[0.124s] -- Up-to-date: /home/thomas24/hive_ws2/install/nav2_voxel_grid/share/nav2_voxel_grid/cmake/voxel_gridExport.cmake
[0.124s] -- Up-to-date: /home/thomas24/hive_ws2/install/nav2_voxel_grid/share/nav2_voxel_grid/cmake/voxel_gridExport-release.cmake
[0.126s] Invoked command in '/home/thomas24/hive_ws2/build/nav2_voxel_grid' returned '0': AMENT_PREFIX_PATH=/home/thomas24/hive_ws2/install/nav2_common:${AMENT_PREFIX_PATH} CMAKE_PREFIX_PATH=/home/thomas24/hive_ws2/install/nav2_common:/home/thomas24/hiveverse_ws/install/hive_simulation:/home/thomas24/hiveverse_ws/install/hive_robot_description:/opt/ros/jazzy/opt/gz_sim_vendor:/opt/ros/jazzy/opt/gz_sensors_vendor:/opt/ros/jazzy/opt/gz_physics_vendor:/opt/ros/jazzy/opt/sdformat_vendor:/opt/ros/jazzy/opt/gz_gui_vendor:/opt/ros/jazzy/opt/gz_transport_vendor:/opt/ros/jazzy/opt/gz_rendering_vendor:/opt/ros/jazzy/opt/gz_plugin_vendor:/opt/ros/jazzy/opt/gz_fuel_tools_vendor:/opt/ros/jazzy/opt/gz_msgs_vendor:/opt/ros/jazzy/opt/gz_common_vendor:/opt/ros/jazzy/opt/gz_math_vendor:/opt/ros/jazzy/opt/gz_utils_vendor:/opt/ros/jazzy/opt/gz_tools_vendor:/opt/ros/jazzy/opt/gz_ogre_next_vendor:/opt/ros/jazzy/opt/gz_dartsim_vendor:/opt/ros/jazzy/opt/gz_cmake_vendor:/home/thomas24/hiveverse_ws/install/hive_tools:/home/thomas24/hiveverse_ws/install/hive_bringup:/opt/ros/jazzy DEBUGINFOD_URLS=https://debuginfod.ubuntu.com PYTHONPATH=/home/thomas24/hive_ws2/install/nav2_common/lib/python3.12/site-packages:${PYTHONPATH} /usr/bin/cmake --install /home/thomas24/hive_ws2/build/nav2_voxel_grid
