-- Found ament_cmake: 2.5.4 (/opt/ros/jazzy/share/ament_cmake/cmake)
-- Override CMake install command with custom implementation using symlinks instead of copying resources
-- Found bond: 4.1.2 (/opt/ros/jazzy/share/bond/cmake)
-- Found rosidl_generator_c: 4.6.6 (/opt/ros/jazzy/share/rosidl_generator_c/cmake)
-- Found rosidl_generator_cpp: 4.6.6 (/opt/ros/jazzy/share/rosidl_generator_cpp/cmake)
-- Using all available rosidl_typesupport_c: rosidl_typesupport_fastrtps_c;rosidl_typesupport_introspection_c
-- Using all available rosidl_typesupport_cpp: rosidl_typesupport_fastrtps_cpp;rosidl_typesupport_introspection_cpp
-- Found bondcpp: 4.1.2 (/opt/ros/jazzy/share/bondcpp/cmake)
-- Found rmw_implementation_cmake: 7.3.2 (/opt/ros/jazzy/share/rmw_implementation_cmake/cmake)
-- Found rmw_fastrtps_cpp: 8.4.3 (/opt/ros/jazzy/share/rmw_fastrtps_cpp/cmake)
-- Using RMW implementation 'rmw_fastrtps_cpp' as default
-- Found geometry_msgs: 5.3.6 (/opt/ros/jazzy/share/geometry_msgs/cmake)
-- Found nav2_common: 1.4.0 (/home/thomas24/hive_ws2/install/nav2_common/share/nav2_common/cmake)
-- Found nav2_msgs: 1.4.0 (/home/thomas24/hive_ws2/install/nav2_msgs/share/nav2_msgs/cmake)
-- Found rclcpp_action: 28.1.11 (/opt/ros/jazzy/share/rclcpp_action/cmake)
-- Found nav2_ros_common: 1.4.0 (/home/thomas24/hive_ws2/install/nav2_ros_common/share/nav2_ros_common/cmake)
-- Found eigen3_cmake_module: 0.3.0 (/opt/ros/jazzy/share/eigen3_cmake_module/cmake)
-- Ensuring Eigen3 include directory is part of orocos-kdl CMake target
-- Found angles: 1.16.0 (/opt/ros/jazzy/share/angles/cmake)
-- Found ament_lint_auto: 0.17.3 (/opt/ros/jazzy/share/ament_lint_auto/cmake)
-- Found ament_cmake_pytest: 2.5.4 (/opt/ros/jazzy/share/ament_cmake_pytest/cmake)
-- Found gtest sources under '/opt/ros/jazzy/src/gtest_vendor': C++ tests using 'Google Test' will be built
-- Found gtest sources under '/opt/ros/jazzy/src/gtest_vendor': C++ tests using 'Google Test' will be built
-- Added test 'cppcheck' to perform static code analysis on C / C++ code
-- Configured cppcheck include dirs: 
-- Configured cppcheck exclude dirs and/or files: 
-- Added test 'cpplint' to check C / C++ code against the Google style
-- Configured cpplint exclude dirs and/or files: 
-- Added test 'lint_cmake' to check CMake code style
-- Added test 'uncrustify' to check C / C++ code style
-- Configured uncrustify additional arguments: 
-- Added test 'xmllint' to check XML markup files
-- Configuring done (0.8s)
-- Generating done (0.1s)
-- Build files have been written to: /home/thomas24/hive_ws2/build/nav2_util
[  9%] Built target gtest_main
[  9%] Built target gtest
[ 28%] Built target nav2_util_core
[ 33%] Built target lifecycle_bringup
[ 38%] Built target test_lifecycle_cli_node
[ 52%] Built target test_robot_utils
[ 52%] Built target test_string_utils
[ 52%] Built target test_geometry_utils
[ 57%] Built target test_base_footprint_publisher
[ 61%] Built target test_execution_timer
[ 66%] Built target test_array_parser
[ 71%] Built target map_bresenham_2d
[ 76%] Built target test_smoother_utils
[ 80%] Built target test_controller_utils
[ 85%] Built target test_odometry_utils
[ 90%] Built target test_twist_publisher
[ 95%] Built target base_footprint_publisher
[100%] Built target test_twist_subscriber
-- Install configuration: "Release"
-- Execute custom install script
-- Up-to-date symlink: /home/thomas24/hive_ws2/install/nav2_util/lib/nav2_util/lifecycle_bringup
-- Up-to-date symlink: /home/thomas24/hive_ws2/install/nav2_util/include/nav2_util/nav2_util/array_parser.hpp
-- Up-to-date symlink: /home/thomas24/hive_ws2/install/nav2_util/include/nav2_util/nav2_util/controller_utils.hpp
-- Up-to-date symlink: /home/thomas24/hive_ws2/install/nav2_util/include/nav2_util/nav2_util/costmap.hpp
-- Up-to-date symlink: /home/thomas24/hive_ws2/install/nav2_util/include/nav2_util/nav2_util/execution_timer.hpp
-- Up-to-date symlink: /home/thomas24/hive_ws2/install/nav2_util/include/nav2_util/nav2_util/geometry_utils.hpp
-- Up-to-date symlink: /home/thomas24/hive_ws2/install/nav2_util/include/nav2_util/nav2_util/lifecycle_service_client.hpp
-- Up-to-date symlink: /home/thomas24/hive_ws2/install/nav2_util/include/nav2_util/nav2_util/line_iterator.hpp
-- Up-to-date symlink: /home/thomas24/hive_ws2/install/nav2_util/include/nav2_util/nav2_util/occ_grid_utils.hpp
-- Up-to-date symlink: /home/thomas24/hive_ws2/install/nav2_util/include/nav2_util/nav2_util/occ_grid_values.hpp
-- Up-to-date symlink: /home/thomas24/hive_ws2/install/nav2_util/include/nav2_util/nav2_util/odometry_utils.hpp
-- Up-to-date symlink: /home/thomas24/hive_ws2/install/nav2_util/include/nav2_util/nav2_util/raytrace_line_2d.hpp
-- Up-to-date symlink: /home/thomas24/hive_ws2/install/nav2_util/include/nav2_util/nav2_util/robot_utils.hpp
-- Up-to-date symlink: /home/thomas24/hive_ws2/install/nav2_util/include/nav2_util/nav2_util/smoother_utils.hpp
-- Up-to-date symlink: /home/thomas24/hive_ws2/install/nav2_util/include/nav2_util/nav2_util/string_utils.hpp
-- Up-to-date symlink: /home/thomas24/hive_ws2/install/nav2_util/include/nav2_util/nav2_util/twist_publisher.hpp
-- Up-to-date symlink: /home/thomas24/hive_ws2/install/nav2_util/include/nav2_util/nav2_util/twist_subscriber.hpp
-- Up-to-date symlink: /home/thomas24/hive_ws2/install/nav2_util/share/nav2_util/environment/library_path.sh
-- Up-to-date symlink: /home/thomas24/hive_ws2/install/nav2_util/share/nav2_util/environment/library_path.dsv
-- Up-to-date symlink: /home/thomas24/hive_ws2/install/nav2_util/share/ament_index/resource_index/package_run_dependencies/nav2_util
-- Up-to-date symlink: /home/thomas24/hive_ws2/install/nav2_util/share/ament_index/resource_index/parent_prefix_path/nav2_util
-- Up-to-date symlink: /home/thomas24/hive_ws2/install/nav2_util/share/nav2_util/environment/ament_prefix_path.sh
-- Up-to-date symlink: /home/thomas24/hive_ws2/install/nav2_util/share/nav2_util/environment/ament_prefix_path.dsv
-- Up-to-date symlink: /home/thomas24/hive_ws2/install/nav2_util/share/nav2_util/environment/path.sh
-- Up-to-date symlink: /home/thomas24/hive_ws2/install/nav2_util/share/nav2_util/environment/path.dsv
-- Up-to-date symlink: /home/thomas24/hive_ws2/install/nav2_util/share/nav2_util/local_setup.bash
-- Up-to-date symlink: /home/thomas24/hive_ws2/install/nav2_util/share/nav2_util/local_setup.sh
-- Up-to-date symlink: /home/thomas24/hive_ws2/install/nav2_util/share/nav2_util/local_setup.zsh
-- Up-to-date symlink: /home/thomas24/hive_ws2/install/nav2_util/share/nav2_util/local_setup.dsv
-- Symlinking: /home/thomas24/hive_ws2/install/nav2_util/share/nav2_util/package.dsv
-- Up-to-date symlink: /home/thomas24/hive_ws2/install/nav2_util/share/ament_index/resource_index/packages/nav2_util
-- Up-to-date symlink: /home/thomas24/hive_ws2/install/nav2_util/share/nav2_util/cmake/ament_cmake_export_include_directories-extras.cmake
-- Up-to-date symlink: /home/thomas24/hive_ws2/install/nav2_util/share/nav2_util/cmake/ament_cmake_export_libraries-extras.cmake
-- Up-to-date symlink: /home/thomas24/hive_ws2/install/nav2_util/share/nav2_util/cmake/ament_cmake_export_dependencies-extras.cmake
-- Up-to-date symlink: /home/thomas24/hive_ws2/install/nav2_util/share/nav2_util/cmake/ament_cmake_export_targets-extras.cmake
-- Up-to-date symlink: /home/thomas24/hive_ws2/install/nav2_util/share/nav2_util/cmake/nav2_utilConfig.cmake
-- Up-to-date symlink: /home/thomas24/hive_ws2/install/nav2_util/share/nav2_util/cmake/nav2_utilConfig-version.cmake
-- Up-to-date symlink: /home/thomas24/hive_ws2/install/nav2_util/share/nav2_util/package.xml
-- Up-to-date: /home/thomas24/hive_ws2/install/nav2_util/share/nav2_util/cmake/nav2_util_coreExport.cmake
-- Up-to-date: /home/thomas24/hive_ws2/install/nav2_util/share/nav2_util/cmake/nav2_util_coreExport-release.cmake
-- Up-to-date: /home/thomas24/hive_ws2/install/nav2_util/lib/libnav2_util_core.so
