[0.013s] Invoking command in '/home/thomas24/hive_ws2/build/hive_interface2': CMAKE_PREFIX_PATH=/home/thomas24/hive_ws2/install/nav2_bringup:/home/thomas24/hive_ws2/install/navigation2:/home/thomas24/hive_ws2/install/opennav_docking:/home/thomas24/hive_ws2/install/opennav_docking_core:/home/thomas24/hive_ws2/install/opennav_docking_bt:/home/thomas24/hive_ws2/install/nav2_dwb_controller:/home/thomas24/hive_ws2/install/dwb_plugins:/home/thomas24/hive_ws2/install/dwb_critics:/home/thomas24/hive_ws2/install/dwb_core:/home/thomas24/hive_ws2/install/nav_2d_utils:/home/thomas24/hive_ws2/install/dwb_msgs:/home/thomas24/hive_ws2/install/nav_2d_msgs:/home/thomas24/hive_ws2/install/nav2_waypoint_follower:/home/thomas24/hive_ws2/install/nav2_theta_star_planner:/home/thomas24/hive_ws2/install/nav2_smoother:/home/thomas24/hive_ws2/install/nav2_smac_planner:/home/thomas24/hive_ws2/install/nav2_rviz_plugins:/home/thomas24/hive_ws2/install/nav2_route:/home/thomas24/hive_ws2/install/nav2_rotation_shim_controller:/home/thomas24/hive_ws2/install/nav2_regulated_pure_pursuit_controller:/home/thomas24/hive_ws2/install/nav2_planner:/home/thomas24/hive_ws2/install/nav2_navfn_planner:/home/thomas24/hive_ws2/install/nav2_mppi_controller:/home/thomas24/hive_ws2/install/nav2_graceful_controller:/home/thomas24/hive_ws2/install/nav2_controller:/home/thomas24/hive_ws2/install/nav2_constrained_smoother:/home/thomas24/hive_ws2/install/nav2_bt_navigator:/home/thomas24/hive_ws2/install/nav2_behaviors:/home/thomas24/hive_ws2/install/nav2_core:/home/thomas24/hive_ws2/install/nav2_collision_monitor:/home/thomas24/hive_ws2/install/hive_costmap:/home/thomas24/hive_ws2/install/costmap_queue:/home/thomas24/hive_ws2/install/nav2_costmap_2d:/home/thomas24/hive_ws2/install/nav2_voxel_grid:/home/thomas24/hive_ws2/install/nav2_velocity_smoother:/home/thomas24/hive_ws2/install/nav2_map_server:/home/thomas24/hive_ws2/install/nav2_lifecycle_manager:/home/thomas24/hive_ws2/install/nav2_behavior_tree:/home/thomas24/hive_ws2/install/nav2_amcl:/home/thomas24/hive_ws2/install/nav2_util:/home/thomas24/hive_ws2/install/nav2_system_tests:/home/thomas24/hive_ws2/install/nav2_ros_common:/home/thomas24/hive_ws2/install/nav2_msgs:/home/thomas24/hive_ws2/install/nav2_common:/home/thomas24/hive_ws2/install/vanilla_brain_nav2:/home/thomas24/hive_ws2/install/nav2_loopback_sim:/home/thomas24/hive_ws2/install/nav2_simple_commander:/home/thomas24/hiveverse_ws/install/hive_tools:/home/thomas24/hiveverse_ws/install/hive_bringup:/opt/ros/jazzy:/home/thomas24/hive_ws2/install/hive_route_planner:/home/thomas24/hive_ws2/install/dev_route_provider:/home/thomas24/hive_ws2/install/hive_interface2:/home/thomas24/hiveverse_ws/install/hive_simulation:/home/thomas24/hiveverse_ws/install/hive_robot_description:/opt/ros/jazzy/opt/gz_sim_vendor:/opt/ros/jazzy/opt/gz_sensors_vendor:/opt/ros/jazzy/opt/gz_physics_vendor:/opt/ros/jazzy/opt/sdformat_vendor:/opt/ros/jazzy/opt/gz_gui_vendor:/opt/ros/jazzy/opt/gz_transport_vendor:/opt/ros/jazzy/opt/gz_rendering_vendor:/opt/ros/jazzy/opt/gz_plugin_vendor:/opt/ros/jazzy/opt/gz_fuel_tools_vendor:/opt/ros/jazzy/opt/gz_msgs_vendor:/opt/ros/jazzy/opt/gz_common_vendor:/opt/ros/jazzy/opt/gz_math_vendor:/opt/ros/jazzy/opt/gz_utils_vendor:/opt/ros/jazzy/opt/gz_tools_vendor:/opt/ros/jazzy/opt/gz_ogre_next_vendor:/opt/ros/jazzy/opt/gz_dartsim_vendor:/opt/ros/jazzy/opt/gz_cmake_vendor DEBUGINFOD_URLS=https://debuginfod.ubuntu.com /usr/bin/cmake --build /home/thomas24/hive_ws2/build/hive_interface2 -- -j16 -l16
[0.086s] [  1%] Built target hive_interface2__rosidl_generator_type_description
[0.101s] [  1%] Built target ament_cmake_python_copy_hive_interface2
[0.116s] [  7%] Built target hive_interface2__cpp
[0.117s] [ 24%] Built target hive_interface2__rosidl_generator_c
[0.150s] [ 79%] Built target hive_interface2__rosidl_typesupport_cpp
[0.151s] [ 79%] Built target hive_interface2__rosidl_typesupport_fastrtps_c
[0.151s] [ 79%] Built target hive_interface2__rosidl_typesupport_c
[0.151s] [ 79%] Built target hive_interface2__rosidl_typesupport_fastrtps_cpp
[0.151s] [ 79%] Built target hive_interface2__rosidl_typesupport_introspection_c
[0.151s] [ 79%] Built target hive_interface2__rosidl_typesupport_introspection_cpp
[0.183s] [ 79%] Built target hive_interface2
[0.216s] [ 81%] Built target hive_interface2__py
[0.251s] [ 88%] Built target hive_interface2__rosidl_generator_py
[0.284s] [ 98%] Built target hive_interface2_s__rosidl_typesupport_c
[0.284s] [100%] Built target hive_interface2_s__rosidl_typesupport_introspection_c
[0.284s] [100%] Built target hive_interface2_s__rosidl_typesupport_fastrtps_c
[0.312s] running egg_info
[0.329s] writing hive_interface2.egg-info/PKG-INFO
[0.329s] writing dependency_links to hive_interface2.egg-info/dependency_links.txt
[0.329s] writing top-level names to hive_interface2.egg-info/top_level.txt
[0.377s] reading manifest file 'hive_interface2.egg-info/SOURCES.txt'
[0.378s] writing manifest file 'hive_interface2.egg-info/SOURCES.txt'
[0.432s] [100%] Built target ament_cmake_python_build_hive_interface2_egg
[0.454s] Invoked command in '/home/thomas24/hive_ws2/build/hive_interface2' returned '0': CMAKE_PREFIX_PATH=/home/thomas24/hive_ws2/install/nav2_bringup:/home/thomas24/hive_ws2/install/navigation2:/home/thomas24/hive_ws2/install/opennav_docking:/home/thomas24/hive_ws2/install/opennav_docking_core:/home/thomas24/hive_ws2/install/opennav_docking_bt:/home/thomas24/hive_ws2/install/nav2_dwb_controller:/home/thomas24/hive_ws2/install/dwb_plugins:/home/thomas24/hive_ws2/install/dwb_critics:/home/thomas24/hive_ws2/install/dwb_core:/home/thomas24/hive_ws2/install/nav_2d_utils:/home/thomas24/hive_ws2/install/dwb_msgs:/home/thomas24/hive_ws2/install/nav_2d_msgs:/home/thomas24/hive_ws2/install/nav2_waypoint_follower:/home/thomas24/hive_ws2/install/nav2_theta_star_planner:/home/thomas24/hive_ws2/install/nav2_smoother:/home/thomas24/hive_ws2/install/nav2_smac_planner:/home/thomas24/hive_ws2/install/nav2_rviz_plugins:/home/thomas24/hive_ws2/install/nav2_route:/home/thomas24/hive_ws2/install/nav2_rotation_shim_controller:/home/thomas24/hive_ws2/install/nav2_regulated_pure_pursuit_controller:/home/thomas24/hive_ws2/install/nav2_planner:/home/thomas24/hive_ws2/install/nav2_navfn_planner:/home/thomas24/hive_ws2/install/nav2_mppi_controller:/home/thomas24/hive_ws2/install/nav2_graceful_controller:/home/thomas24/hive_ws2/install/nav2_controller:/home/thomas24/hive_ws2/install/nav2_constrained_smoother:/home/thomas24/hive_ws2/install/nav2_bt_navigator:/home/thomas24/hive_ws2/install/nav2_behaviors:/home/thomas24/hive_ws2/install/nav2_core:/home/thomas24/hive_ws2/install/nav2_collision_monitor:/home/thomas24/hive_ws2/install/hive_costmap:/home/thomas24/hive_ws2/install/costmap_queue:/home/thomas24/hive_ws2/install/nav2_costmap_2d:/home/thomas24/hive_ws2/install/nav2_voxel_grid:/home/thomas24/hive_ws2/install/nav2_velocity_smoother:/home/thomas24/hive_ws2/install/nav2_map_server:/home/thomas24/hive_ws2/install/nav2_lifecycle_manager:/home/thomas24/hive_ws2/install/nav2_behavior_tree:/home/thomas24/hive_ws2/install/nav2_amcl:/home/thomas24/hive_ws2/install/nav2_util:/home/thomas24/hive_ws2/install/nav2_system_tests:/home/thomas24/hive_ws2/install/nav2_ros_common:/home/thomas24/hive_ws2/install/nav2_msgs:/home/thomas24/hive_ws2/install/nav2_common:/home/thomas24/hive_ws2/install/vanilla_brain_nav2:/home/thomas24/hive_ws2/install/nav2_loopback_sim:/home/thomas24/hive_ws2/install/nav2_simple_commander:/home/thomas24/hiveverse_ws/install/hive_tools:/home/thomas24/hiveverse_ws/install/hive_bringup:/opt/ros/jazzy:/home/thomas24/hive_ws2/install/hive_route_planner:/home/thomas24/hive_ws2/install/dev_route_provider:/home/thomas24/hive_ws2/install/hive_interface2:/home/thomas24/hiveverse_ws/install/hive_simulation:/home/thomas24/hiveverse_ws/install/hive_robot_description:/opt/ros/jazzy/opt/gz_sim_vendor:/opt/ros/jazzy/opt/gz_sensors_vendor:/opt/ros/jazzy/opt/gz_physics_vendor:/opt/ros/jazzy/opt/sdformat_vendor:/opt/ros/jazzy/opt/gz_gui_vendor:/opt/ros/jazzy/opt/gz_transport_vendor:/opt/ros/jazzy/opt/gz_rendering_vendor:/opt/ros/jazzy/opt/gz_plugin_vendor:/opt/ros/jazzy/opt/gz_fuel_tools_vendor:/opt/ros/jazzy/opt/gz_msgs_vendor:/opt/ros/jazzy/opt/gz_common_vendor:/opt/ros/jazzy/opt/gz_math_vendor:/opt/ros/jazzy/opt/gz_utils_vendor:/opt/ros/jazzy/opt/gz_tools_vendor:/opt/ros/jazzy/opt/gz_ogre_next_vendor:/opt/ros/jazzy/opt/gz_dartsim_vendor:/opt/ros/jazzy/opt/gz_cmake_vendor DEBUGINFOD_URLS=https://debuginfod.ubuntu.com /usr/bin/cmake --build /home/thomas24/hive_ws2/build/hive_interface2 -- -j16 -l16
[0.469s] Invoking command in '/home/thomas24/hive_ws2/build/hive_interface2': CMAKE_PREFIX_PATH=/home/thomas24/hive_ws2/install/nav2_bringup:/home/thomas24/hive_ws2/install/navigation2:/home/thomas24/hive_ws2/install/opennav_docking:/home/thomas24/hive_ws2/install/opennav_docking_core:/home/thomas24/hive_ws2/install/opennav_docking_bt:/home/thomas24/hive_ws2/install/nav2_dwb_controller:/home/thomas24/hive_ws2/install/dwb_plugins:/home/thomas24/hive_ws2/install/dwb_critics:/home/thomas24/hive_ws2/install/dwb_core:/home/thomas24/hive_ws2/install/nav_2d_utils:/home/thomas24/hive_ws2/install/dwb_msgs:/home/thomas24/hive_ws2/install/nav_2d_msgs:/home/thomas24/hive_ws2/install/nav2_waypoint_follower:/home/thomas24/hive_ws2/install/nav2_theta_star_planner:/home/thomas24/hive_ws2/install/nav2_smoother:/home/thomas24/hive_ws2/install/nav2_smac_planner:/home/thomas24/hive_ws2/install/nav2_rviz_plugins:/home/thomas24/hive_ws2/install/nav2_route:/home/thomas24/hive_ws2/install/nav2_rotation_shim_controller:/home/thomas24/hive_ws2/install/nav2_regulated_pure_pursuit_controller:/home/thomas24/hive_ws2/install/nav2_planner:/home/thomas24/hive_ws2/install/nav2_navfn_planner:/home/thomas24/hive_ws2/install/nav2_mppi_controller:/home/thomas24/hive_ws2/install/nav2_graceful_controller:/home/thomas24/hive_ws2/install/nav2_controller:/home/thomas24/hive_ws2/install/nav2_constrained_smoother:/home/thomas24/hive_ws2/install/nav2_bt_navigator:/home/thomas24/hive_ws2/install/nav2_behaviors:/home/thomas24/hive_ws2/install/nav2_core:/home/thomas24/hive_ws2/install/nav2_collision_monitor:/home/thomas24/hive_ws2/install/hive_costmap:/home/thomas24/hive_ws2/install/costmap_queue:/home/thomas24/hive_ws2/install/nav2_costmap_2d:/home/thomas24/hive_ws2/install/nav2_voxel_grid:/home/thomas24/hive_ws2/install/nav2_velocity_smoother:/home/thomas24/hive_ws2/install/nav2_map_server:/home/thomas24/hive_ws2/install/nav2_lifecycle_manager:/home/thomas24/hive_ws2/install/nav2_behavior_tree:/home/thomas24/hive_ws2/install/nav2_amcl:/home/thomas24/hive_ws2/install/nav2_util:/home/thomas24/hive_ws2/install/nav2_system_tests:/home/thomas24/hive_ws2/install/nav2_ros_common:/home/thomas24/hive_ws2/install/nav2_msgs:/home/thomas24/hive_ws2/install/nav2_common:/home/thomas24/hive_ws2/install/vanilla_brain_nav2:/home/thomas24/hive_ws2/install/nav2_loopback_sim:/home/thomas24/hive_ws2/install/nav2_simple_commander:/home/thomas24/hiveverse_ws/install/hive_tools:/home/thomas24/hiveverse_ws/install/hive_bringup:/opt/ros/jazzy:/home/thomas24/hive_ws2/install/hive_route_planner:/home/thomas24/hive_ws2/install/dev_route_provider:/home/thomas24/hive_ws2/install/hive_interface2:/home/thomas24/hiveverse_ws/install/hive_simulation:/home/thomas24/hiveverse_ws/install/hive_robot_description:/opt/ros/jazzy/opt/gz_sim_vendor:/opt/ros/jazzy/opt/gz_sensors_vendor:/opt/ros/jazzy/opt/gz_physics_vendor:/opt/ros/jazzy/opt/sdformat_vendor:/opt/ros/jazzy/opt/gz_gui_vendor:/opt/ros/jazzy/opt/gz_transport_vendor:/opt/ros/jazzy/opt/gz_rendering_vendor:/opt/ros/jazzy/opt/gz_plugin_vendor:/opt/ros/jazzy/opt/gz_fuel_tools_vendor:/opt/ros/jazzy/opt/gz_msgs_vendor:/opt/ros/jazzy/opt/gz_common_vendor:/opt/ros/jazzy/opt/gz_math_vendor:/opt/ros/jazzy/opt/gz_utils_vendor:/opt/ros/jazzy/opt/gz_tools_vendor:/opt/ros/jazzy/opt/gz_ogre_next_vendor:/opt/ros/jazzy/opt/gz_dartsim_vendor:/opt/ros/jazzy/opt/gz_cmake_vendor DEBUGINFOD_URLS=https://debuginfod.ubuntu.com /usr/bin/cmake --install /home/thomas24/hive_ws2/build/hive_interface2
[0.482s] -- Install configuration: ""
[0.482s] -- Up-to-date: /home/thomas24/hive_ws2/install/hive_interface2/share/ament_index/resource_index/rosidl_interfaces/hive_interface2
[0.482s] -- Up-to-date: /home/thomas24/hive_ws2/install/hive_interface2/share/hive_interface2/msg/LaneletMini2.json
[0.482s] -- Up-to-date: /home/thomas24/hive_ws2/install/hive_interface2/share/hive_interface2/msg/LaneletMini2Array.json
[0.482s] -- Up-to-date: /home/thomas24/hive_ws2/install/hive_interface2/share/hive_interface2/srv/ComputeRoute.json
[0.482s] -- Up-to-date: /home/thomas24/hive_ws2/install/hive_interface2/include/hive_interface2/hive_interface2
[0.483s] -- Up-to-date: /home/thomas24/hive_ws2/install/hive_interface2/include/hive_interface2/hive_interface2/srv
[0.483s] -- Up-to-date: /home/thomas24/hive_ws2/install/hive_interface2/include/hive_interface2/hive_interface2/srv/detail
[0.483s] -- Up-to-date: /home/thomas24/hive_ws2/install/hive_interface2/include/hive_interface2/hive_interface2/srv/detail/compute_route__type_support.h
[0.483s] -- Up-to-date: /home/thomas24/hive_ws2/install/hive_interface2/include/hive_interface2/hive_interface2/srv/detail/compute_route__type_support.c
[0.483s] -- Up-to-date: /home/thomas24/hive_ws2/install/hive_interface2/include/hive_interface2/hive_interface2/srv/detail/compute_route__description.c
[0.483s] -- Up-to-date: /home/thomas24/hive_ws2/install/hive_interface2/include/hive_interface2/hive_interface2/srv/detail/compute_route__functions.c
[0.483s] -- Up-to-date: /home/thomas24/hive_ws2/install/hive_interface2/include/hive_interface2/hive_interface2/srv/detail/compute_route__struct.h
[0.483s] -- Up-to-date: /home/thomas24/hive_ws2/install/hive_interface2/include/hive_interface2/hive_interface2/srv/detail/compute_route__functions.h
[0.483s] -- Up-to-date: /home/thomas24/hive_ws2/install/hive_interface2/include/hive_interface2/hive_interface2/srv/compute_route.h
[0.483s] -- Up-to-date: /home/thomas24/hive_ws2/install/hive_interface2/include/hive_interface2/hive_interface2/msg
[0.483s] -- Up-to-date: /home/thomas24/hive_ws2/install/hive_interface2/include/hive_interface2/hive_interface2/msg/lanelet_mini2_array.h
[0.483s] -- Up-to-date: /home/thomas24/hive_ws2/install/hive_interface2/include/hive_interface2/hive_interface2/msg/lanelet_mini2.h
[0.483s] -- Up-to-date: /home/thomas24/hive_ws2/install/hive_interface2/include/hive_interface2/hive_interface2/msg/rosidl_generator_c__visibility_control.h
[0.483s] -- Up-to-date: /home/thomas24/hive_ws2/install/hive_interface2/include/hive_interface2/hive_interface2/msg/detail
[0.483s] -- Up-to-date: /home/thomas24/hive_ws2/install/hive_interface2/include/hive_interface2/hive_interface2/msg/detail/lanelet_mini2_array__description.c
[0.484s] -- Up-to-date: /home/thomas24/hive_ws2/install/hive_interface2/include/hive_interface2/hive_interface2/msg/detail/lanelet_mini2_array__functions.c
[0.484s] -- Up-to-date: /home/thomas24/hive_ws2/install/hive_interface2/include/hive_interface2/hive_interface2/msg/detail/lanelet_mini2__functions.h
[0.484s] -- Up-to-date: /home/thomas24/hive_ws2/install/hive_interface2/include/hive_interface2/hive_interface2/msg/detail/lanelet_mini2__struct.h
[0.484s] -- Up-to-date: /home/thomas24/hive_ws2/install/hive_interface2/include/hive_interface2/hive_interface2/msg/detail/lanelet_mini2_array__type_support.c
[0.484s] -- Up-to-date: /home/thomas24/hive_ws2/install/hive_interface2/include/hive_interface2/hive_interface2/msg/detail/lanelet_mini2__description.c
[0.484s] -- Up-to-date: /home/thomas24/hive_ws2/install/hive_interface2/include/hive_interface2/hive_interface2/msg/detail/lanelet_mini2_array__functions.h
[0.484s] -- Up-to-date: /home/thomas24/hive_ws2/install/hive_interface2/include/hive_interface2/hive_interface2/msg/detail/lanelet_mini2__type_support.c
[0.484s] -- Up-to-date: /home/thomas24/hive_ws2/install/hive_interface2/include/hive_interface2/hive_interface2/msg/detail/lanelet_mini2__type_support.h
[0.484s] -- Up-to-date: /home/thomas24/hive_ws2/install/hive_interface2/include/hive_interface2/hive_interface2/msg/detail/lanelet_mini2__functions.c
[0.484s] -- Up-to-date: /home/thomas24/hive_ws2/install/hive_interface2/include/hive_interface2/hive_interface2/msg/detail/lanelet_mini2_array__type_support.h
[0.484s] -- Up-to-date: /home/thomas24/hive_ws2/install/hive_interface2/include/hive_interface2/hive_interface2/msg/detail/lanelet_mini2_array__struct.h
[0.484s] -- Up-to-date: /home/thomas24/hive_ws2/install/hive_interface2/share/hive_interface2/environment/library_path.sh
[0.484s] -- Up-to-date: /home/thomas24/hive_ws2/install/hive_interface2/share/hive_interface2/environment/library_path.dsv
[0.484s] -- Up-to-date: /home/thomas24/hive_ws2/install/hive_interface2/lib/libhive_interface2__rosidl_generator_c.so
[0.485s] -- Up-to-date: /home/thomas24/hive_ws2/install/hive_interface2/include/hive_interface2/hive_interface2
[0.485s] -- Up-to-date: /home/thomas24/hive_ws2/install/hive_interface2/include/hive_interface2/hive_interface2/srv
[0.485s] -- Up-to-date: /home/thomas24/hive_ws2/install/hive_interface2/include/hive_interface2/hive_interface2/srv/detail
[0.485s] -- Up-to-date: /home/thomas24/hive_ws2/install/hive_interface2/include/hive_interface2/hive_interface2/srv/detail/compute_route__rosidl_typesupport_fastrtps_c.h
[0.485s] -- Up-to-date: /home/thomas24/hive_ws2/install/hive_interface2/include/hive_interface2/hive_interface2/msg
[0.485s] -- Up-to-date: /home/thomas24/hive_ws2/install/hive_interface2/include/hive_interface2/hive_interface2/msg/detail
[0.485s] -- Up-to-date: /home/thomas24/hive_ws2/install/hive_interface2/include/hive_interface2/hive_interface2/msg/detail/lanelet_mini2_array__rosidl_typesupport_fastrtps_c.h
[0.485s] -- Up-to-date: /home/thomas24/hive_ws2/install/hive_interface2/include/hive_interface2/hive_interface2/msg/detail/lanelet_mini2__rosidl_typesupport_fastrtps_c.h
[0.485s] -- Up-to-date: /home/thomas24/hive_ws2/install/hive_interface2/include/hive_interface2/hive_interface2/msg/rosidl_typesupport_fastrtps_c__visibility_control.h
[0.485s] -- Up-to-date: /home/thomas24/hive_ws2/install/hive_interface2/lib/libhive_interface2__rosidl_typesupport_fastrtps_c.so
[0.485s] -- Up-to-date: /home/thomas24/hive_ws2/install/hive_interface2/include/hive_interface2/hive_interface2
[0.485s] -- Up-to-date: /home/thomas24/hive_ws2/install/hive_interface2/include/hive_interface2/hive_interface2/srv
[0.486s] -- Up-to-date: /home/thomas24/hive_ws2/install/hive_interface2/include/hive_interface2/hive_interface2/srv/detail
[0.486s] -- Up-to-date: /home/thomas24/hive_ws2/install/hive_interface2/include/hive_interface2/hive_interface2/srv/detail/compute_route__rosidl_typesupport_introspection_c.h
[0.486s] -- Up-to-date: /home/thomas24/hive_ws2/install/hive_interface2/include/hive_interface2/hive_interface2/srv/detail/compute_route__type_support.c
[0.486s] -- Up-to-date: /home/thomas24/hive_ws2/install/hive_interface2/include/hive_interface2/hive_interface2/msg
[0.486s] -- Up-to-date: /home/thomas24/hive_ws2/install/hive_interface2/include/hive_interface2/hive_interface2/msg/rosidl_typesupport_introspection_c__visibility_control.h
[0.486s] -- Up-to-date: /home/thomas24/hive_ws2/install/hive_interface2/include/hive_interface2/hive_interface2/msg/detail
[0.486s] -- Up-to-date: /home/thomas24/hive_ws2/install/hive_interface2/include/hive_interface2/hive_interface2/msg/detail/lanelet_mini2_array__type_support.c
[0.486s] -- Up-to-date: /home/thomas24/hive_ws2/install/hive_interface2/include/hive_interface2/hive_interface2/msg/detail/lanelet_mini2_array__rosidl_typesupport_introspection_c.h
[0.486s] -- Up-to-date: /home/thomas24/hive_ws2/install/hive_interface2/include/hive_interface2/hive_interface2/msg/detail/lanelet_mini2__type_support.c
[0.486s] -- Up-to-date: /home/thomas24/hive_ws2/install/hive_interface2/include/hive_interface2/hive_interface2/msg/detail/lanelet_mini2__rosidl_typesupport_introspection_c.h
[0.486s] -- Up-to-date: /home/thomas24/hive_ws2/install/hive_interface2/lib/libhive_interface2__rosidl_typesupport_introspection_c.so
[0.486s] -- Up-to-date: /home/thomas24/hive_ws2/install/hive_interface2/lib/libhive_interface2__rosidl_typesupport_c.so
[0.486s] -- Up-to-date: /home/thomas24/hive_ws2/install/hive_interface2/include/hive_interface2/hive_interface2
[0.487s] -- Up-to-date: /home/thomas24/hive_ws2/install/hive_interface2/include/hive_interface2/hive_interface2/srv
[0.487s] -- Up-to-date: /home/thomas24/hive_ws2/install/hive_interface2/include/hive_interface2/hive_interface2/srv/compute_route.hpp
[0.487s] -- Up-to-date: /home/thomas24/hive_ws2/install/hive_interface2/include/hive_interface2/hive_interface2/srv/detail
[0.487s] -- Up-to-date: /home/thomas24/hive_ws2/install/hive_interface2/include/hive_interface2/hive_interface2/srv/detail/compute_route__type_support.hpp
[0.487s] -- Up-to-date: /home/thomas24/hive_ws2/install/hive_interface2/include/hive_interface2/hive_interface2/srv/detail/compute_route__struct.hpp
[0.487s] -- Up-to-date: /home/thomas24/hive_ws2/install/hive_interface2/include/hive_interface2/hive_interface2/srv/detail/compute_route__traits.hpp
[0.487s] -- Up-to-date: /home/thomas24/hive_ws2/install/hive_interface2/include/hive_interface2/hive_interface2/srv/detail/compute_route__builder.hpp
[0.487s] -- Up-to-date: /home/thomas24/hive_ws2/install/hive_interface2/include/hive_interface2/hive_interface2/msg
[0.487s] -- Up-to-date: /home/thomas24/hive_ws2/install/hive_interface2/include/hive_interface2/hive_interface2/msg/lanelet_mini2_array.hpp
[0.487s] -- Up-to-date: /home/thomas24/hive_ws2/install/hive_interface2/include/hive_interface2/hive_interface2/msg/rosidl_generator_cpp__visibility_control.hpp
[0.487s] -- Up-to-date: /home/thomas24/hive_ws2/install/hive_interface2/include/hive_interface2/hive_interface2/msg/lanelet_mini2.hpp
[0.487s] -- Up-to-date: /home/thomas24/hive_ws2/install/hive_interface2/include/hive_interface2/hive_interface2/msg/detail
[0.488s] -- Up-to-date: /home/thomas24/hive_ws2/install/hive_interface2/include/hive_interface2/hive_interface2/msg/detail/lanelet_mini2__struct.hpp
[0.488s] -- Up-to-date: /home/thomas24/hive_ws2/install/hive_interface2/include/hive_interface2/hive_interface2/msg/detail/lanelet_mini2_array__type_support.hpp
[0.488s] -- Up-to-date: /home/thomas24/hive_ws2/install/hive_interface2/include/hive_interface2/hive_interface2/msg/detail/lanelet_mini2__builder.hpp
[0.488s] -- Up-to-date: /home/thomas24/hive_ws2/install/hive_interface2/include/hive_interface2/hive_interface2/msg/detail/lanelet_mini2__type_support.hpp
[0.488s] -- Up-to-date: /home/thomas24/hive_ws2/install/hive_interface2/include/hive_interface2/hive_interface2/msg/detail/lanelet_mini2_array__traits.hpp
[0.488s] -- Up-to-date: /home/thomas24/hive_ws2/install/hive_interface2/include/hive_interface2/hive_interface2/msg/detail/lanelet_mini2__traits.hpp
[0.488s] -- Up-to-date: /home/thomas24/hive_ws2/install/hive_interface2/include/hive_interface2/hive_interface2/msg/detail/lanelet_mini2_array__builder.hpp
[0.488s] -- Up-to-date: /home/thomas24/hive_ws2/install/hive_interface2/include/hive_interface2/hive_interface2/msg/detail/lanelet_mini2_array__struct.hpp
[0.488s] -- Up-to-date: /home/thomas24/hive_ws2/install/hive_interface2/include/hive_interface2/hive_interface2
[0.488s] -- Up-to-date: /home/thomas24/hive_ws2/install/hive_interface2/include/hive_interface2/hive_interface2/srv
[0.488s] -- Up-to-date: /home/thomas24/hive_ws2/install/hive_interface2/include/hive_interface2/hive_interface2/srv/detail
[0.488s] -- Up-to-date: /home/thomas24/hive_ws2/install/hive_interface2/include/hive_interface2/hive_interface2/srv/detail/dds_fastrtps
[0.488s] -- Up-to-date: /home/thomas24/hive_ws2/install/hive_interface2/include/hive_interface2/hive_interface2/srv/detail/compute_route__rosidl_typesupport_fastrtps_cpp.hpp
[0.489s] -- Up-to-date: /home/thomas24/hive_ws2/install/hive_interface2/include/hive_interface2/hive_interface2/msg
[0.489s] -- Up-to-date: /home/thomas24/hive_ws2/install/hive_interface2/include/hive_interface2/hive_interface2/msg/rosidl_typesupport_fastrtps_cpp__visibility_control.h
[0.489s] -- Up-to-date: /home/thomas24/hive_ws2/install/hive_interface2/include/hive_interface2/hive_interface2/msg/detail
[0.489s] -- Up-to-date: /home/thomas24/hive_ws2/install/hive_interface2/include/hive_interface2/hive_interface2/msg/detail/lanelet_mini2__rosidl_typesupport_fastrtps_cpp.hpp
[0.489s] -- Up-to-date: /home/thomas24/hive_ws2/install/hive_interface2/include/hive_interface2/hive_interface2/msg/detail/lanelet_mini2_array__rosidl_typesupport_fastrtps_cpp.hpp
[0.489s] -- Up-to-date: /home/thomas24/hive_ws2/install/hive_interface2/include/hive_interface2/hive_interface2/msg/detail/dds_fastrtps
[0.489s] -- Up-to-date: /home/thomas24/hive_ws2/install/hive_interface2/lib/libhive_interface2__rosidl_typesupport_fastrtps_cpp.so
[0.489s] -- Up-to-date: /home/thomas24/hive_ws2/install/hive_interface2/include/hive_interface2/hive_interface2
[0.489s] -- Up-to-date: /home/thomas24/hive_ws2/install/hive_interface2/include/hive_interface2/hive_interface2/srv
[0.489s] -- Up-to-date: /home/thomas24/hive_ws2/install/hive_interface2/include/hive_interface2/hive_interface2/srv/detail
[0.489s] -- Up-to-date: /home/thomas24/hive_ws2/install/hive_interface2/include/hive_interface2/hive_interface2/srv/detail/compute_route__rosidl_typesupport_introspection_cpp.hpp
[0.489s] -- Up-to-date: /home/thomas24/hive_ws2/install/hive_interface2/include/hive_interface2/hive_interface2/srv/detail/compute_route__type_support.cpp
[0.489s] -- Up-to-date: /home/thomas24/hive_ws2/install/hive_interface2/include/hive_interface2/hive_interface2/msg
[0.490s] -- Up-to-date: /home/thomas24/hive_ws2/install/hive_interface2/include/hive_interface2/hive_interface2/msg/detail
[0.490s] -- Up-to-date: /home/thomas24/hive_ws2/install/hive_interface2/include/hive_interface2/hive_interface2/msg/detail/lanelet_mini2__type_support.cpp
[0.490s] -- Up-to-date: /home/thomas24/hive_ws2/install/hive_interface2/include/hive_interface2/hive_interface2/msg/detail/lanelet_mini2_array__type_support.cpp
[0.490s] -- Up-to-date: /home/thomas24/hive_ws2/install/hive_interface2/include/hive_interface2/hive_interface2/msg/detail/lanelet_mini2_array__rosidl_typesupport_introspection_cpp.hpp
[0.490s] -- Up-to-date: /home/thomas24/hive_ws2/install/hive_interface2/include/hive_interface2/hive_interface2/msg/detail/lanelet_mini2__rosidl_typesupport_introspection_cpp.hpp
[0.490s] -- Up-to-date: /home/thomas24/hive_ws2/install/hive_interface2/lib/libhive_interface2__rosidl_typesupport_introspection_cpp.so
[0.490s] -- Up-to-date: /home/thomas24/hive_ws2/install/hive_interface2/lib/libhive_interface2__rosidl_typesupport_cpp.so
[0.490s] -- Up-to-date: /home/thomas24/hive_ws2/install/hive_interface2/share/hive_interface2/environment/pythonpath.sh
[0.490s] -- Up-to-date: /home/thomas24/hive_ws2/install/hive_interface2/share/hive_interface2/environment/pythonpath.dsv
[0.490s] -- Up-to-date: /home/thomas24/hive_ws2/install/hive_interface2/lib/python3.12/site-packages/hive_interface2-0.0.1-py3.12.egg-info
[0.490s] -- Installing: /home/thomas24/hive_ws2/install/hive_interface2/lib/python3.12/site-packages/hive_interface2-0.0.1-py3.12.egg-info/dependency_links.txt
[0.490s] -- Installing: /home/thomas24/hive_ws2/install/hive_interface2/lib/python3.12/site-packages/hive_interface2-0.0.1-py3.12.egg-info/SOURCES.txt
[0.490s] -- Installing: /home/thomas24/hive_ws2/install/hive_interface2/lib/python3.12/site-packages/hive_interface2-0.0.1-py3.12.egg-info/top_level.txt
[0.490s] -- Installing: /home/thomas24/hive_ws2/install/hive_interface2/lib/python3.12/site-packages/hive_interface2-0.0.1-py3.12.egg-info/PKG-INFO
[0.490s] -- Up-to-date: /home/thomas24/hive_ws2/install/hive_interface2/lib/python3.12/site-packages/hive_interface2
[0.490s] -- Up-to-date: /home/thomas24/hive_ws2/install/hive_interface2/lib/python3.12/site-packages/hive_interface2/__init__.py
[0.490s] -- Up-to-date: /home/thomas24/hive_ws2/install/hive_interface2/lib/python3.12/site-packages/hive_interface2/_hive_interface2_s.ep.rosidl_typesupport_c.c
[0.491s] -- Up-to-date: /home/thomas24/hive_ws2/install/hive_interface2/lib/python3.12/site-packages/hive_interface2/hive_interface2_s__rosidl_typesupport_introspection_c.so
[0.491s] -- Up-to-date: /home/thomas24/hive_ws2/install/hive_interface2/lib/python3.12/site-packages/hive_interface2/hive_interface2_s__rosidl_typesupport_fastrtps_c.so
[0.491s] -- Up-to-date: /home/thomas24/hive_ws2/install/hive_interface2/lib/python3.12/site-packages/hive_interface2/_hive_interface2_s.ep.rosidl_typesupport_introspection_c.c
[0.491s] -- Up-to-date: /home/thomas24/hive_ws2/install/hive_interface2/lib/python3.12/site-packages/hive_interface2/srv
[0.491s] -- Up-to-date: /home/thomas24/hive_ws2/install/hive_interface2/lib/python3.12/site-packages/hive_interface2/srv/__init__.py
[0.491s] -- Up-to-date: /home/thomas24/hive_ws2/install/hive_interface2/lib/python3.12/site-packages/hive_interface2/srv/_compute_route_s.c
[0.491s] -- Up-to-date: /home/thomas24/hive_ws2/install/hive_interface2/lib/python3.12/site-packages/hive_interface2/srv/_compute_route.py
[0.491s] -- Up-to-date: /home/thomas24/hive_ws2/install/hive_interface2/lib/python3.12/site-packages/hive_interface2/hive_interface2_s__rosidl_typesupport_c.so
[0.491s] -- Up-to-date: /home/thomas24/hive_ws2/install/hive_interface2/lib/python3.12/site-packages/hive_interface2/_hive_interface2_s.ep.rosidl_typesupport_fastrtps_c.c
[0.491s] -- Up-to-date: /home/thomas24/hive_ws2/install/hive_interface2/lib/python3.12/site-packages/hive_interface2/msg
[0.491s] -- Up-to-date: /home/thomas24/hive_ws2/install/hive_interface2/lib/python3.12/site-packages/hive_interface2/msg/_lanelet_mini2_array.py
[0.491s] -- Up-to-date: /home/thomas24/hive_ws2/install/hive_interface2/lib/python3.12/site-packages/hive_interface2/msg/_lanelet_mini2_s.c
[0.492s] -- Up-to-date: /home/thomas24/hive_ws2/install/hive_interface2/lib/python3.12/site-packages/hive_interface2/msg/__init__.py
[0.492s] -- Up-to-date: /home/thomas24/hive_ws2/install/hive_interface2/lib/python3.12/site-packages/hive_interface2/msg/_lanelet_mini2.py
[0.492s] -- Up-to-date: /home/thomas24/hive_ws2/install/hive_interface2/lib/python3.12/site-packages/hive_interface2/msg/_lanelet_mini2_array_s.c
[0.525s] Listing '/home/thomas24/hive_ws2/install/hive_interface2/lib/python3.12/site-packages/hive_interface2'...
[0.525s] Listing '/home/thomas24/hive_ws2/install/hive_interface2/lib/python3.12/site-packages/hive_interface2/msg'...
[0.525s] Listing '/home/thomas24/hive_ws2/install/hive_interface2/lib/python3.12/site-packages/hive_interface2/srv'...
[0.533s] -- Up-to-date: /home/thomas24/hive_ws2/install/hive_interface2/lib/python3.12/site-packages/hive_interface2/hive_interface2_s__rosidl_typesupport_fastrtps_c.so
[0.533s] -- Up-to-date: /home/thomas24/hive_ws2/install/hive_interface2/lib/python3.12/site-packages/hive_interface2/hive_interface2_s__rosidl_typesupport_introspection_c.so
[0.533s] -- Up-to-date: /home/thomas24/hive_ws2/install/hive_interface2/lib/python3.12/site-packages/hive_interface2/hive_interface2_s__rosidl_typesupport_c.so
[0.533s] -- Up-to-date: /home/thomas24/hive_ws2/install/hive_interface2/lib/libhive_interface2__rosidl_generator_py.so
[0.534s] -- Up-to-date: /home/thomas24/hive_ws2/install/hive_interface2/share/hive_interface2/msg/LaneletMini2.idl
[0.534s] -- Up-to-date: /home/thomas24/hive_ws2/install/hive_interface2/share/hive_interface2/msg/LaneletMini2Array.idl
[0.534s] -- Up-to-date: /home/thomas24/hive_ws2/install/hive_interface2/share/hive_interface2/srv/ComputeRoute.idl
[0.534s] -- Up-to-date: /home/thomas24/hive_ws2/install/hive_interface2/share/hive_interface2/msg/LaneletMini2.msg
[0.534s] -- Up-to-date: /home/thomas24/hive_ws2/install/hive_interface2/share/hive_interface2/msg/LaneletMini2Array.msg
[0.534s] -- Up-to-date: /home/thomas24/hive_ws2/install/hive_interface2/share/hive_interface2/srv/ComputeRoute.srv
[0.534s] -- Up-to-date: /home/thomas24/hive_ws2/install/hive_interface2/share/ament_index/resource_index/package_run_dependencies/hive_interface2
[0.534s] -- Up-to-date: /home/thomas24/hive_ws2/install/hive_interface2/share/ament_index/resource_index/parent_prefix_path/hive_interface2
[0.534s] -- Up-to-date: /home/thomas24/hive_ws2/install/hive_interface2/share/hive_interface2/environment/ament_prefix_path.sh
[0.534s] -- Up-to-date: /home/thomas24/hive_ws2/install/hive_interface2/share/hive_interface2/environment/ament_prefix_path.dsv
[0.534s] -- Up-to-date: /home/thomas24/hive_ws2/install/hive_interface2/share/hive_interface2/environment/path.sh
[0.535s] -- Up-to-date: /home/thomas24/hive_ws2/install/hive_interface2/share/hive_interface2/environment/path.dsv
[0.535s] -- Up-to-date: /home/thomas24/hive_ws2/install/hive_interface2/share/hive_interface2/local_setup.bash
[0.535s] -- Up-to-date: /home/thomas24/hive_ws2/install/hive_interface2/share/hive_interface2/local_setup.sh
[0.535s] -- Up-to-date: /home/thomas24/hive_ws2/install/hive_interface2/share/hive_interface2/local_setup.zsh
[0.535s] -- Up-to-date: /home/thomas24/hive_ws2/install/hive_interface2/share/hive_interface2/local_setup.dsv
[0.535s] -- Installing: /home/thomas24/hive_ws2/install/hive_interface2/share/hive_interface2/package.dsv
[0.535s] -- Up-to-date: /home/thomas24/hive_ws2/install/hive_interface2/share/ament_index/resource_index/packages/hive_interface2
[0.535s] -- Up-to-date: /home/thomas24/hive_ws2/install/hive_interface2/share/hive_interface2/cmake/export_hive_interface2__rosidl_generator_cExport.cmake
[0.535s] -- Up-to-date: /home/thomas24/hive_ws2/install/hive_interface2/share/hive_interface2/cmake/export_hive_interface2__rosidl_generator_cExport-noconfig.cmake
[0.535s] -- Up-to-date: /home/thomas24/hive_ws2/install/hive_interface2/share/hive_interface2/cmake/export_hive_interface2__rosidl_typesupport_fastrtps_cExport.cmake
[0.535s] -- Up-to-date: /home/thomas24/hive_ws2/install/hive_interface2/share/hive_interface2/cmake/export_hive_interface2__rosidl_typesupport_fastrtps_cExport-noconfig.cmake
[0.535s] -- Up-to-date: /home/thomas24/hive_ws2/install/hive_interface2/share/hive_interface2/cmake/hive_interface2__rosidl_typesupport_introspection_cExport.cmake
[0.535s] -- Up-to-date: /home/thomas24/hive_ws2/install/hive_interface2/share/hive_interface2/cmake/hive_interface2__rosidl_typesupport_introspection_cExport-noconfig.cmake
[0.535s] -- Up-to-date: /home/thomas24/hive_ws2/install/hive_interface2/share/hive_interface2/cmake/hive_interface2__rosidl_typesupport_cExport.cmake
[0.536s] -- Up-to-date: /home/thomas24/hive_ws2/install/hive_interface2/share/hive_interface2/cmake/hive_interface2__rosidl_typesupport_cExport-noconfig.cmake
[0.536s] -- Up-to-date: /home/thomas24/hive_ws2/install/hive_interface2/share/hive_interface2/cmake/export_hive_interface2__rosidl_generator_cppExport.cmake
[0.536s] -- Up-to-date: /home/thomas24/hive_ws2/install/hive_interface2/share/hive_interface2/cmake/export_hive_interface2__rosidl_typesupport_fastrtps_cppExport.cmake
[0.536s] -- Up-to-date: /home/thomas24/hive_ws2/install/hive_interface2/share/hive_interface2/cmake/export_hive_interface2__rosidl_typesupport_fastrtps_cppExport-noconfig.cmake
[0.536s] -- Up-to-date: /home/thomas24/hive_ws2/install/hive_interface2/share/hive_interface2/cmake/hive_interface2__rosidl_typesupport_introspection_cppExport.cmake
[0.536s] -- Up-to-date: /home/thomas24/hive_ws2/install/hive_interface2/share/hive_interface2/cmake/hive_interface2__rosidl_typesupport_introspection_cppExport-noconfig.cmake
[0.536s] -- Up-to-date: /home/thomas24/hive_ws2/install/hive_interface2/share/hive_interface2/cmake/hive_interface2__rosidl_typesupport_cppExport.cmake
[0.536s] -- Up-to-date: /home/thomas24/hive_ws2/install/hive_interface2/share/hive_interface2/cmake/hive_interface2__rosidl_typesupport_cppExport-noconfig.cmake
[0.536s] -- Up-to-date: /home/thomas24/hive_ws2/install/hive_interface2/share/hive_interface2/cmake/export_hive_interface2__rosidl_generator_pyExport.cmake
[0.536s] -- Up-to-date: /home/thomas24/hive_ws2/install/hive_interface2/share/hive_interface2/cmake/export_hive_interface2__rosidl_generator_pyExport-noconfig.cmake
[0.536s] -- Up-to-date: /home/thomas24/hive_ws2/install/hive_interface2/share/hive_interface2/cmake/rosidl_cmake-extras.cmake
[0.536s] -- Up-to-date: /home/thomas24/hive_ws2/install/hive_interface2/share/hive_interface2/cmake/ament_cmake_export_dependencies-extras.cmake
[0.536s] -- Up-to-date: /home/thomas24/hive_ws2/install/hive_interface2/share/hive_interface2/cmake/ament_cmake_export_include_directories-extras.cmake
[0.536s] -- Up-to-date: /home/thomas24/hive_ws2/install/hive_interface2/share/hive_interface2/cmake/ament_cmake_export_libraries-extras.cmake
[0.536s] -- Up-to-date: /home/thomas24/hive_ws2/install/hive_interface2/share/hive_interface2/cmake/ament_cmake_export_targets-extras.cmake
[0.536s] -- Up-to-date: /home/thomas24/hive_ws2/install/hive_interface2/share/hive_interface2/cmake/rosidl_cmake_export_typesupport_targets-extras.cmake
[0.537s] -- Up-to-date: /home/thomas24/hive_ws2/install/hive_interface2/share/hive_interface2/cmake/rosidl_cmake_export_typesupport_libraries-extras.cmake
[0.537s] -- Up-to-date: /home/thomas24/hive_ws2/install/hive_interface2/share/hive_interface2/cmake/hive_interface2Config.cmake
[0.537s] -- Up-to-date: /home/thomas24/hive_ws2/install/hive_interface2/share/hive_interface2/cmake/hive_interface2Config-version.cmake
[0.537s] -- Up-to-date: /home/thomas24/hive_ws2/install/hive_interface2/share/hive_interface2/package.xml
[0.538s] Invoked command in '/home/thomas24/hive_ws2/build/hive_interface2' returned '0': CMAKE_PREFIX_PATH=/home/thomas24/hive_ws2/install/nav2_bringup:/home/thomas24/hive_ws2/install/navigation2:/home/thomas24/hive_ws2/install/opennav_docking:/home/thomas24/hive_ws2/install/opennav_docking_core:/home/thomas24/hive_ws2/install/opennav_docking_bt:/home/thomas24/hive_ws2/install/nav2_dwb_controller:/home/thomas24/hive_ws2/install/dwb_plugins:/home/thomas24/hive_ws2/install/dwb_critics:/home/thomas24/hive_ws2/install/dwb_core:/home/thomas24/hive_ws2/install/nav_2d_utils:/home/thomas24/hive_ws2/install/dwb_msgs:/home/thomas24/hive_ws2/install/nav_2d_msgs:/home/thomas24/hive_ws2/install/nav2_waypoint_follower:/home/thomas24/hive_ws2/install/nav2_theta_star_planner:/home/thomas24/hive_ws2/install/nav2_smoother:/home/thomas24/hive_ws2/install/nav2_smac_planner:/home/thomas24/hive_ws2/install/nav2_rviz_plugins:/home/thomas24/hive_ws2/install/nav2_route:/home/thomas24/hive_ws2/install/nav2_rotation_shim_controller:/home/thomas24/hive_ws2/install/nav2_regulated_pure_pursuit_controller:/home/thomas24/hive_ws2/install/nav2_planner:/home/thomas24/hive_ws2/install/nav2_navfn_planner:/home/thomas24/hive_ws2/install/nav2_mppi_controller:/home/thomas24/hive_ws2/install/nav2_graceful_controller:/home/thomas24/hive_ws2/install/nav2_controller:/home/thomas24/hive_ws2/install/nav2_constrained_smoother:/home/thomas24/hive_ws2/install/nav2_bt_navigator:/home/thomas24/hive_ws2/install/nav2_behaviors:/home/thomas24/hive_ws2/install/nav2_core:/home/thomas24/hive_ws2/install/nav2_collision_monitor:/home/thomas24/hive_ws2/install/hive_costmap:/home/thomas24/hive_ws2/install/costmap_queue:/home/thomas24/hive_ws2/install/nav2_costmap_2d:/home/thomas24/hive_ws2/install/nav2_voxel_grid:/home/thomas24/hive_ws2/install/nav2_velocity_smoother:/home/thomas24/hive_ws2/install/nav2_map_server:/home/thomas24/hive_ws2/install/nav2_lifecycle_manager:/home/thomas24/hive_ws2/install/nav2_behavior_tree:/home/thomas24/hive_ws2/install/nav2_amcl:/home/thomas24/hive_ws2/install/nav2_util:/home/thomas24/hive_ws2/install/nav2_system_tests:/home/thomas24/hive_ws2/install/nav2_ros_common:/home/thomas24/hive_ws2/install/nav2_msgs:/home/thomas24/hive_ws2/install/nav2_common:/home/thomas24/hive_ws2/install/vanilla_brain_nav2:/home/thomas24/hive_ws2/install/nav2_loopback_sim:/home/thomas24/hive_ws2/install/nav2_simple_commander:/home/thomas24/hiveverse_ws/install/hive_tools:/home/thomas24/hiveverse_ws/install/hive_bringup:/opt/ros/jazzy:/home/thomas24/hive_ws2/install/hive_route_planner:/home/thomas24/hive_ws2/install/dev_route_provider:/home/thomas24/hive_ws2/install/hive_interface2:/home/thomas24/hiveverse_ws/install/hive_simulation:/home/thomas24/hiveverse_ws/install/hive_robot_description:/opt/ros/jazzy/opt/gz_sim_vendor:/opt/ros/jazzy/opt/gz_sensors_vendor:/opt/ros/jazzy/opt/gz_physics_vendor:/opt/ros/jazzy/opt/sdformat_vendor:/opt/ros/jazzy/opt/gz_gui_vendor:/opt/ros/jazzy/opt/gz_transport_vendor:/opt/ros/jazzy/opt/gz_rendering_vendor:/opt/ros/jazzy/opt/gz_plugin_vendor:/opt/ros/jazzy/opt/gz_fuel_tools_vendor:/opt/ros/jazzy/opt/gz_msgs_vendor:/opt/ros/jazzy/opt/gz_common_vendor:/opt/ros/jazzy/opt/gz_math_vendor:/opt/ros/jazzy/opt/gz_utils_vendor:/opt/ros/jazzy/opt/gz_tools_vendor:/opt/ros/jazzy/opt/gz_ogre_next_vendor:/opt/ros/jazzy/opt/gz_dartsim_vendor:/opt/ros/jazzy/opt/gz_cmake_vendor DEBUGINFOD_URLS=https://debuginfod.ubuntu.com /usr/bin/cmake --install /home/thomas24/hive_ws2/build/hive_interface2
