[0.010s] Invoking command in '/home/thomas24/hive_ws2/build/nav2_common': CMAKE_PREFIX_PATH=${CMAKE_PREFIX_PATH}:/home/thomas24/hiveverse_ws/install/hive_tools:/home/thomas24/hiveverse_ws/install/hive_bringup:/opt/ros/jazzy DEBUGINFOD_URLS=https://debuginfod.ubuntu.com /usr/bin/cmake --build /home/thomas24/hive_ws2/build/nav2_common -- -j16 -l16
[0.052s] Built target ament_cmake_python_symlink_nav2_common
[0.199s] running egg_info
[0.212s] writing nav2_common.egg-info/PKG-INFO
[0.213s] writing dependency_links to nav2_common.egg-info/dependency_links.txt
[0.213s] writing top-level names to nav2_common.egg-info/top_level.txt
[0.251s] reading manifest file 'nav2_common.egg-info/SOURCES.txt'
[0.251s] writing manifest file 'nav2_common.egg-info/SOURCES.txt'
[0.272s] Built target ament_cmake_python_build_nav2_common_egg
[0.281s] Invoked command in '/home/thomas24/hive_ws2/build/nav2_common' returned '0': CMAKE_PREFIX_PATH=${CMAKE_PREFIX_PATH}:/home/thomas24/hiveverse_ws/install/hive_tools:/home/thomas24/hiveverse_ws/install/hive_bringup:/opt/ros/jazzy DEBUGINFOD_URLS=https://debuginfod.ubuntu.com /usr/bin/cmake --build /home/thomas24/hive_ws2/build/nav2_common -- -j16 -l16
[0.289s] Invoking command in '/home/thomas24/hive_ws2/build/nav2_common': CMAKE_PREFIX_PATH=${CMAKE_PREFIX_PATH}:/home/thomas24/hiveverse_ws/install/hive_tools:/home/thomas24/hiveverse_ws/install/hive_bringup:/opt/ros/jazzy DEBUGINFOD_URLS=https://debuginfod.ubuntu.com /usr/bin/cmake --install /home/thomas24/hive_ws2/build/nav2_common
[0.295s] -- Install configuration: ""
[0.296s] -- Execute custom install script
[0.296s] -- Up-to-date symlink: /home/thomas24/hive_ws2/install/nav2_common/share/nav2_common/environment/pythonpath.sh
[0.296s] -- Up-to-date symlink: /home/thomas24/hive_ws2/install/nav2_common/share/nav2_common/environment/pythonpath.dsv
[0.296s] -- Up-to-date symlink: /home/thomas24/hive_ws2/install/nav2_common/lib/python3.12/site-packages/nav2_common-1.4.0-py3.12.egg-info/PKG-INFO
[0.296s] -- Up-to-date symlink: /home/thomas24/hive_ws2/install/nav2_common/lib/python3.12/site-packages/nav2_common-1.4.0-py3.12.egg-info/SOURCES.txt
[0.296s] -- Up-to-date symlink: /home/thomas24/hive_ws2/install/nav2_common/lib/python3.12/site-packages/nav2_common-1.4.0-py3.12.egg-info/dependency_links.txt
[0.296s] -- Up-to-date symlink: /home/thomas24/hive_ws2/install/nav2_common/lib/python3.12/site-packages/nav2_common-1.4.0-py3.12.egg-info/top_level.txt
[0.296s] -- Up-to-date symlink: /home/thomas24/hive_ws2/install/nav2_common/lib/python3.12/site-packages/nav2_common/__init__.py
[0.297s] -- Up-to-date symlink: /home/thomas24/hive_ws2/install/nav2_common/lib/python3.12/site-packages/nav2_common/launch/__init__.py
[0.297s] -- Up-to-date symlink: /home/thomas24/hive_ws2/install/nav2_common/lib/python3.12/site-packages/nav2_common/launch/has_node_params.py
[0.297s] -- Up-to-date symlink: /home/thomas24/hive_ws2/install/nav2_common/lib/python3.12/site-packages/nav2_common/launch/launch_config_as_bool.py
[0.297s] -- Up-to-date symlink: /home/thomas24/hive_ws2/install/nav2_common/lib/python3.12/site-packages/nav2_common/launch/replace_string.py
[0.297s] -- Up-to-date symlink: /home/thomas24/hive_ws2/install/nav2_common/lib/python3.12/site-packages/nav2_common/launch/rewritten_yaml.py
[0.297s] -- Up-to-date symlink: /home/thomas24/hive_ws2/install/nav2_common/share/ament_index/resource_index/package_run_dependencies/nav2_common
[0.297s] -- Up-to-date symlink: /home/thomas24/hive_ws2/install/nav2_common/share/ament_index/resource_index/parent_prefix_path/nav2_common
[0.297s] -- Up-to-date symlink: /home/thomas24/hive_ws2/install/nav2_common/share/nav2_common/environment/ament_prefix_path.sh
[0.297s] -- Up-to-date symlink: /home/thomas24/hive_ws2/install/nav2_common/share/nav2_common/environment/ament_prefix_path.dsv
[0.297s] -- Up-to-date symlink: /home/thomas24/hive_ws2/install/nav2_common/share/nav2_common/environment/path.sh
[0.297s] -- Up-to-date symlink: /home/thomas24/hive_ws2/install/nav2_common/share/nav2_common/environment/path.dsv
[0.297s] -- Up-to-date symlink: /home/thomas24/hive_ws2/install/nav2_common/share/nav2_common/local_setup.bash
[0.297s] -- Up-to-date symlink: /home/thomas24/hive_ws2/install/nav2_common/share/nav2_common/local_setup.sh
[0.298s] -- Up-to-date symlink: /home/thomas24/hive_ws2/install/nav2_common/share/nav2_common/local_setup.zsh
[0.298s] -- Up-to-date symlink: /home/thomas24/hive_ws2/install/nav2_common/share/nav2_common/local_setup.dsv
[0.298s] -- Symlinking: /home/thomas24/hive_ws2/install/nav2_common/share/nav2_common/package.dsv
[0.306s] -- Up-to-date symlink: /home/thomas24/hive_ws2/install/nav2_common/share/ament_index/resource_index/packages/nav2_common
[0.306s] -- Up-to-date symlink: /home/thomas24/hive_ws2/install/nav2_common/share/nav2_common/cmake/nav2_common-extras.cmake
[0.306s] -- Up-to-date symlink: /home/thomas24/hive_ws2/install/nav2_common/share/nav2_common/cmake/nav2_commonConfig.cmake
[0.306s] -- Up-to-date symlink: /home/thomas24/hive_ws2/install/nav2_common/share/nav2_common/cmake/nav2_commonConfig-version.cmake
[0.306s] -- Up-to-date symlink: /home/thomas24/hive_ws2/install/nav2_common/share/nav2_common/package.xml
[0.306s] -- Up-to-date symlink: /home/thomas24/hive_ws2/install/nav2_common/share/nav2_common/cmake/nav2_package.cmake
[0.307s] -- Up-to-date symlink: /home/thomas24/hive_ws2/install/nav2_common/share/nav2_common/test/test_launch_config_as_bool.py
[0.307s] -- Up-to-date symlink: /home/thomas24/hive_ws2/install/nav2_common/share/nav2_common/test/test_rewritten_yaml.py
[0.330s] Listing '/home/thomas24/hive_ws2/install/nav2_common/lib/python3.12/site-packages/nav2_common'...
[0.331s] Listing '/home/thomas24/hive_ws2/install/nav2_common/lib/python3.12/site-packages/nav2_common/launch'...
[0.336s] Invoked command in '/home/thomas24/hive_ws2/build/nav2_common' returned '0': CMAKE_PREFIX_PATH=${CMAKE_PREFIX_PATH}:/home/thomas24/hiveverse_ws/install/hive_tools:/home/thomas24/hiveverse_ws/install/hive_bringup:/opt/ros/jazzy DEBUGINFOD_URLS=https://debuginfod.ubuntu.com /usr/bin/cmake --install /home/thomas24/hive_ws2/build/nav2_common
