[  4%] Built target gtest_main
[  8%] Built target gtest
[ 30%] Built target nav2_smac_planner_common
[ 34%] Built target nav2_smac_planner_2d
[ 39%] Built target nav2_smac_planner_lattice
[ 43%] Built target nav2_smac_planner
[ 47%] Built target test_costmap_downsampler
[ 52%] Built target test_smac_2d
[ 56%] Built target test_collision_checker
[ 60%] Built target test_utils
[ 65%] Built target test_a_star
[ 69%] Built target test_smac_hybrid
[ 73%] Built target test_goal_manager
[ 82%] Built target test_smac_lattice
[ 82%] Built target test_nodehybrid
[ 86%] Built target test_nodebasic
[ 91%] Built target test_lattice_node
[ 95%] Built target test_smoother
[100%] Built target test_node2d
-- Install configuration: "Release"
-- Execute custom install script
-- Up-to-date symlink: /home/thomas24/hive_ws2/install/nav2_smac_planner/share/nav2_smac_planner//smac_plugin_hybrid.xml
-- Up-to-date symlink: /home/thomas24/hive_ws2/install/nav2_smac_planner/share/nav2_smac_planner//smac_plugin_2d.xml
-- Up-to-date symlink: /home/thomas24/hive_ws2/install/nav2_smac_planner/share/nav2_smac_planner//smac_plugin_lattice.xml
-- Up-to-date symlink: /home/thomas24/hive_ws2/install/nav2_smac_planner/include/nav2_smac_planner/nav2_smac_planner/a_star.hpp
-- Up-to-date symlink: /home/thomas24/hive_ws2/install/nav2_smac_planner/include/nav2_smac_planner/nav2_smac_planner/analytic_expansion.hpp
-- Up-to-date symlink: /home/thomas24/hive_ws2/install/nav2_smac_planner/include/nav2_smac_planner/nav2_smac_planner/collision_checker.hpp
-- Up-to-date symlink: /home/thomas24/hive_ws2/install/nav2_smac_planner/include/nav2_smac_planner/nav2_smac_planner/constants.hpp
-- Up-to-date symlink: /home/thomas24/hive_ws2/install/nav2_smac_planner/include/nav2_smac_planner/nav2_smac_planner/costmap_downsampler.hpp
-- Up-to-date symlink: /home/thomas24/hive_ws2/install/nav2_smac_planner/include/nav2_smac_planner/nav2_smac_planner/goal_manager.hpp
-- Up-to-date symlink: /home/thomas24/hive_ws2/install/nav2_smac_planner/include/nav2_smac_planner/nav2_smac_planner/node_2d.hpp
-- Up-to-date symlink: /home/thomas24/hive_ws2/install/nav2_smac_planner/include/nav2_smac_planner/nav2_smac_planner/node_basic.hpp
-- Up-to-date symlink: /home/thomas24/hive_ws2/install/nav2_smac_planner/include/nav2_smac_planner/nav2_smac_planner/node_hybrid.hpp
-- Up-to-date symlink: /home/thomas24/hive_ws2/install/nav2_smac_planner/include/nav2_smac_planner/nav2_smac_planner/node_lattice.hpp
-- Up-to-date symlink: /home/thomas24/hive_ws2/install/nav2_smac_planner/include/nav2_smac_planner/nav2_smac_planner/smac_planner_2d.hpp
-- Up-to-date symlink: /home/thomas24/hive_ws2/install/nav2_smac_planner/include/nav2_smac_planner/nav2_smac_planner/smac_planner_hybrid.hpp
-- Up-to-date symlink: /home/thomas24/hive_ws2/install/nav2_smac_planner/include/nav2_smac_planner/nav2_smac_planner/smac_planner_lattice.hpp
-- Up-to-date symlink: /home/thomas24/hive_ws2/install/nav2_smac_planner/include/nav2_smac_planner/nav2_smac_planner/smoother.hpp
-- Up-to-date symlink: /home/thomas24/hive_ws2/install/nav2_smac_planner/include/nav2_smac_planner/nav2_smac_planner/thirdparty/robin_hood.h
-- Up-to-date symlink: /home/thomas24/hive_ws2/install/nav2_smac_planner/include/nav2_smac_planner/nav2_smac_planner/types.hpp
-- Up-to-date symlink: /home/thomas24/hive_ws2/install/nav2_smac_planner/include/nav2_smac_planner/nav2_smac_planner/utils.hpp
-- Up-to-date symlink: /home/thomas24/hive_ws2/install/nav2_smac_planner/include/nav2_smac_planner/nav2_smac_planner_common_visibility_control.hpp
-- Up-to-date symlink: /home/thomas24/hive_ws2/install/nav2_smac_planner/share/nav2_smac_planner/sample_primitives/5cm_resolution/0.5m_turning_radius/ackermann/output.json
-- Up-to-date symlink: /home/thomas24/hive_ws2/install/nav2_smac_planner/share/nav2_smac_planner/sample_primitives/5cm_resolution/0.5m_turning_radius/all_trajectories.png
-- Up-to-date symlink: /home/thomas24/hive_ws2/install/nav2_smac_planner/share/nav2_smac_planner/sample_primitives/5cm_resolution/0.5m_turning_radius/diff/output.json
-- Up-to-date symlink: /home/thomas24/hive_ws2/install/nav2_smac_planner/share/nav2_smac_planner/sample_primitives/5cm_resolution/0.5m_turning_radius/omni/output.json
-- Up-to-date symlink: /home/thomas24/hive_ws2/install/nav2_smac_planner/share/nav2_smac_planner/sample_primitives/5cm_resolution/1m_turning_radius/ackermann/output.json
-- Up-to-date symlink: /home/thomas24/hive_ws2/install/nav2_smac_planner/share/nav2_smac_planner/sample_primitives/5cm_resolution/1m_turning_radius/all_trajectories.png
-- Up-to-date symlink: /home/thomas24/hive_ws2/install/nav2_smac_planner/share/nav2_smac_planner/sample_primitives/5cm_resolution/1m_turning_radius/diff/output.json
-- Up-to-date symlink: /home/thomas24/hive_ws2/install/nav2_smac_planner/share/nav2_smac_planner/sample_primitives/5cm_resolution/1m_turning_radius/omni/output.json
-- Up-to-date symlink: /home/thomas24/hive_ws2/install/nav2_smac_planner/share/nav2_smac_planner/sample_primitives/test/output.json
-- Up-to-date symlink: /home/thomas24/hive_ws2/install/nav2_smac_planner/share/nav2_smac_planner/environment/library_path.sh
-- Up-to-date symlink: /home/thomas24/hive_ws2/install/nav2_smac_planner/share/nav2_smac_planner/environment/library_path.dsv
-- Up-to-date symlink: /home/thomas24/hive_ws2/install/nav2_smac_planner/share/ament_index/resource_index/package_run_dependencies/nav2_smac_planner
-- Up-to-date symlink: /home/thomas24/hive_ws2/install/nav2_smac_planner/share/ament_index/resource_index/parent_prefix_path/nav2_smac_planner
-- Up-to-date symlink: /home/thomas24/hive_ws2/install/nav2_smac_planner/share/nav2_smac_planner/environment/ament_prefix_path.sh
-- Up-to-date symlink: /home/thomas24/hive_ws2/install/nav2_smac_planner/share/nav2_smac_planner/environment/ament_prefix_path.dsv
-- Up-to-date symlink: /home/thomas24/hive_ws2/install/nav2_smac_planner/share/nav2_smac_planner/environment/path.sh
-- Up-to-date symlink: /home/thomas24/hive_ws2/install/nav2_smac_planner/share/nav2_smac_planner/environment/path.dsv
-- Up-to-date symlink: /home/thomas24/hive_ws2/install/nav2_smac_planner/share/nav2_smac_planner/local_setup.bash
-- Up-to-date symlink: /home/thomas24/hive_ws2/install/nav2_smac_planner/share/nav2_smac_planner/local_setup.sh
-- Up-to-date symlink: /home/thomas24/hive_ws2/install/nav2_smac_planner/share/nav2_smac_planner/local_setup.zsh
-- Up-to-date symlink: /home/thomas24/hive_ws2/install/nav2_smac_planner/share/nav2_smac_planner/local_setup.dsv
-- Symlinking: /home/thomas24/hive_ws2/install/nav2_smac_planner/share/nav2_smac_planner/package.dsv
-- Up-to-date symlink: /home/thomas24/hive_ws2/install/nav2_smac_planner/share/ament_index/resource_index/packages/nav2_smac_planner
-- Up-to-date symlink: /home/thomas24/hive_ws2/install/nav2_smac_planner/share/ament_index/resource_index/nav2_core__pluginlib__plugin/nav2_smac_planner
-- Up-to-date symlink: /home/thomas24/hive_ws2/install/nav2_smac_planner/share/nav2_smac_planner/cmake/ament_cmake_export_include_directories-extras.cmake
-- Up-to-date symlink: /home/thomas24/hive_ws2/install/nav2_smac_planner/share/nav2_smac_planner/cmake/ament_cmake_export_libraries-extras.cmake
-- Up-to-date symlink: /home/thomas24/hive_ws2/install/nav2_smac_planner/share/nav2_smac_planner/cmake/ament_cmake_export_dependencies-extras.cmake
-- Up-to-date symlink: /home/thomas24/hive_ws2/install/nav2_smac_planner/share/nav2_smac_planner/cmake/ament_cmake_export_targets-extras.cmake
-- Up-to-date symlink: /home/thomas24/hive_ws2/install/nav2_smac_planner/share/nav2_smac_planner/cmake/nav2_smac_plannerConfig.cmake
-- Up-to-date symlink: /home/thomas24/hive_ws2/install/nav2_smac_planner/share/nav2_smac_planner/cmake/nav2_smac_plannerConfig-version.cmake
-- Up-to-date symlink: /home/thomas24/hive_ws2/install/nav2_smac_planner/share/nav2_smac_planner/package.xml
-- Up-to-date: /home/thomas24/hive_ws2/install/nav2_smac_planner/lib/libnav2_smac_planner_common.so
-- Up-to-date: /home/thomas24/hive_ws2/install/nav2_smac_planner/lib/libnav2_smac_planner.so
-- Up-to-date: /home/thomas24/hive_ws2/install/nav2_smac_planner/lib/libnav2_smac_planner_2d.so
-- Up-to-date: /home/thomas24/hive_ws2/install/nav2_smac_planner/lib/libnav2_smac_planner_lattice.so
-- Up-to-date: /home/thomas24/hive_ws2/install/nav2_smac_planner/share/nav2_smac_planner/cmake/nav2_smac_plannerExport.cmake
-- Up-to-date: /home/thomas24/hive_ws2/install/nav2_smac_planner/share/nav2_smac_planner/cmake/nav2_smac_plannerExport-release.cmake
