[1.052s] Invoking command in '/home/thomas24/hive_ws2/src/navigation2/nav2_simple_commander': AMENT_PREFIX_PATH=/home/thomas24/hive_ws2/install/nav2_msgs:/home/thomas24/hive_ws2/install/nav2_common:${AMENT_PREFIX_PATH} CMAKE_PREFIX_PATH=/home/thomas24/hive_ws2/install/nav2_msgs:/home/thomas24/hive_ws2/install/nav2_common:${CMAKE_PREFIX_PATH} DEBUGINFOD_URLS=https://debuginfod.ubuntu.com LD_LIBRARY_PATH=/home/thomas24/hive_ws2/install/nav2_msgs/lib:${LD_LIBRARY_PATH} PYTHONPATH=/home/thomas24/hive_ws2/build/nav2_simple_commander/prefix_override:/usr/lib/python3/dist-packages/colcon_core/task/python/colcon_distutils_commands:/home/thomas24/hive_ws2/install/nav2_simple_commander/lib/python3.12/site-packages:/home/thomas24/hive_ws2/install/nav2_msgs/lib/python3.12/site-packages:/home/thomas24/hive_ws2/install/nav2_common/lib/python3.12/site-packages:${PYTHONPATH} /usr/bin/python3 -W ignore:setup.py install is deprecated -W ignore:easy_install command is deprecated setup.py egg_info --egg-base ../../../build/nav2_simple_commander build --build-base /home/thomas24/hive_ws2/build/nav2_simple_commander/build install --record /home/thomas24/hive_ws2/build/nav2_simple_commander/install.log --single-version-externally-managed install_data
[1.498s] running egg_info
[1.516s] writing ../../../build/nav2_simple_commander/nav2_simple_commander.egg-info/PKG-INFO
[1.516s] writing dependency_links to ../../../build/nav2_simple_commander/nav2_simple_commander.egg-info/dependency_links.txt
[1.517s] writing entry points to ../../../build/nav2_simple_commander/nav2_simple_commander.egg-info/entry_points.txt
[1.517s] writing requirements to ../../../build/nav2_simple_commander/nav2_simple_commander.egg-info/requires.txt
[1.517s] writing top-level names to ../../../build/nav2_simple_commander/nav2_simple_commander.egg-info/top_level.txt
[1.557s] reading manifest file '../../../build/nav2_simple_commander/nav2_simple_commander.egg-info/SOURCES.txt'
[1.558s] writing manifest file '../../../build/nav2_simple_commander/nav2_simple_commander.egg-info/SOURCES.txt'
[1.558s] running build
[1.558s] running build_py
[1.559s] running install
[1.566s] running install_lib
[1.585s] running install_data
[1.585s] running install_egg_info
[1.603s] removing '/home/thomas24/hive_ws2/install/nav2_simple_commander/lib/python3.12/site-packages/nav2_simple_commander-1.0.0-py3.12.egg-info' (and everything under it)
[1.604s] Copying ../../../build/nav2_simple_commander/nav2_simple_commander.egg-info to /home/thomas24/hive_ws2/install/nav2_simple_commander/lib/python3.12/site-packages/nav2_simple_commander-1.0.0-py3.12.egg-info
[1.605s] running install_scripts
[1.760s] Installing demo_inspection script to /home/thomas24/hive_ws2/install/nav2_simple_commander/lib/nav2_simple_commander
[1.760s] Installing demo_picking script to /home/thomas24/hive_ws2/install/nav2_simple_commander/lib/nav2_simple_commander
[1.762s] Installing demo_recoveries script to /home/thomas24/hive_ws2/install/nav2_simple_commander/lib/nav2_simple_commander
[1.763s] Installing demo_security script to /home/thomas24/hive_ws2/install/nav2_simple_commander/lib/nav2_simple_commander
[1.763s] Installing example_assisted_teleop script to /home/thomas24/hive_ws2/install/nav2_simple_commander/lib/nav2_simple_commander
[1.763s] Installing example_follow_path script to /home/thomas24/hive_ws2/install/nav2_simple_commander/lib/nav2_simple_commander
[1.763s] Installing example_nav_through_poses script to /home/thomas24/hive_ws2/install/nav2_simple_commander/lib/nav2_simple_commander
[1.763s] Installing example_nav_to_pose script to /home/thomas24/hive_ws2/install/nav2_simple_commander/lib/nav2_simple_commander
[1.763s] Installing example_route script to /home/thomas24/hive_ws2/install/nav2_simple_commander/lib/nav2_simple_commander
[1.763s] Installing example_waypoint_follower script to /home/thomas24/hive_ws2/install/nav2_simple_commander/lib/nav2_simple_commander
[1.763s] writing list of installed files to '/home/thomas24/hive_ws2/build/nav2_simple_commander/install.log'
[1.999s] Invoked command in '/home/thomas24/hive_ws2/src/navigation2/nav2_simple_commander' returned '0': AMENT_PREFIX_PATH=/home/thomas24/hive_ws2/install/nav2_msgs:/home/thomas24/hive_ws2/install/nav2_common:${AMENT_PREFIX_PATH} CMAKE_PREFIX_PATH=/home/thomas24/hive_ws2/install/nav2_msgs:/home/thomas24/hive_ws2/install/nav2_common:${CMAKE_PREFIX_PATH} DEBUGINFOD_URLS=https://debuginfod.ubuntu.com LD_LIBRARY_PATH=/home/thomas24/hive_ws2/install/nav2_msgs/lib:${LD_LIBRARY_PATH} PYTHONPATH=/home/thomas24/hive_ws2/build/nav2_simple_commander/prefix_override:/usr/lib/python3/dist-packages/colcon_core/task/python/colcon_distutils_commands:/home/thomas24/hive_ws2/install/nav2_simple_commander/lib/python3.12/site-packages:/home/thomas24/hive_ws2/install/nav2_msgs/lib/python3.12/site-packages:/home/thomas24/hive_ws2/install/nav2_common/lib/python3.12/site-packages:${PYTHONPATH} /usr/bin/python3 -W ignore:setup.py install is deprecated -W ignore:easy_install command is deprecated setup.py egg_info --egg-base ../../../build/nav2_simple_commander build --build-base /home/thomas24/hive_ws2/build/nav2_simple_commander/build install --record /home/thomas24/hive_ws2/build/nav2_simple_commander/install.log --single-version-externally-managed install_data
