-- Found ament_cmake: 2.5.4 (/opt/ros/jazzy/share/ament_cmake/cmake)
-- Override CMake install command with custom implementation using symlinks instead of copying resources
-- Found bond: 4.1.2 (/opt/ros/jazzy/share/bond/cmake)
-- Found rosidl_generator_c: 4.6.6 (/opt/ros/jazzy/share/rosidl_generator_c/cmake)
-- Found rosidl_generator_cpp: 4.6.6 (/opt/ros/jazzy/share/rosidl_generator_cpp/cmake)
-- Using all available rosidl_typesupport_c: rosidl_typesupport_fastrtps_c;rosidl_typesupport_introspection_c
-- Using all available rosidl_typesupport_cpp: rosidl_typesupport_fastrtps_cpp;rosidl_typesupport_introspection_cpp
-- Found bondcpp: 4.1.2 (/opt/ros/jazzy/share/bondcpp/cmake)
-- Found rmw_implementation_cmake: 7.3.2 (/opt/ros/jazzy/share/rmw_implementation_cmake/cmake)
-- Found rmw_fastrtps_cpp: 8.4.3 (/opt/ros/jazzy/share/rmw_fastrtps_cpp/cmake)
-- Using RMW implementation 'rmw_fastrtps_cpp' as default
-- Found geometry_msgs: 5.3.6 (/opt/ros/jazzy/share/geometry_msgs/cmake)
-- Found nav2_common: 1.4.0 (/home/thomas24/hive_ws2/install/nav2_common/share/nav2_common/cmake)
-- Found nav2_msgs: 1.4.0 (/home/thomas24/hive_ws2/install/nav2_msgs/share/nav2_msgs/cmake)
-- Found rclcpp_action: 28.1.11 (/opt/ros/jazzy/share/rclcpp_action/cmake)
-- Found tf2: 0.36.14 (/opt/ros/jazzy/share/tf2/cmake)
-- Found tf2_geometry_msgs: 0.36.14 (/opt/ros/jazzy/share/tf2_geometry_msgs/cmake)
-- Found eigen3_cmake_module: 0.3.0 (/opt/ros/jazzy/share/eigen3_cmake_module/cmake)
-- Ensuring Eigen3 include directory is part of orocos-kdl CMake target
-- Found pluginlib: 5.4.2 (/opt/ros/jazzy/share/pluginlib/cmake)
-- Found ament_lint_auto: 0.17.3 (/opt/ros/jazzy/share/ament_lint_auto/cmake)
-- Found ament_cmake_pytest: 2.5.4 (/opt/ros/jazzy/share/ament_cmake_pytest/cmake)
-- Found gtest sources under '/opt/ros/jazzy/src/gtest_vendor': C++ tests using 'Google Test' will be built
-- Added test 'cppcheck' to perform static code analysis on C / C++ code
-- Configured cppcheck include dirs: $<BUILD_INTERFACE:/home/thomas24/hive_ws2/src/navigation2/nav2_ros_common/include>
-- Configured cppcheck exclude dirs and/or files: 
-- Added test 'cpplint' to check C / C++ code against the Google style
-- Configured cpplint exclude dirs and/or files: 
-- Added test 'lint_cmake' to check CMake code style
-- Added test 'uncrustify' to check C / C++ code style
-- Configured uncrustify additional arguments: 
-- Added test 'xmllint' to check XML markup files
-- Configuring done (0.8s)
-- Generating done (0.0s)
-- Build files have been written to: /home/thomas24/hive_ws2/build/nav2_ros_common
[ 25%] Built target gtest
[ 25%] Built target gtest_main
[ 37%] Built target test_validation_messages
[100%] Built target test_service_server
[100%] Built target test_service_client
[100%] Built target test_actions
[100%] Built target test_lifecycle_node
[100%] Built target test_node_utils
-- Install configuration: "Release"
-- Execute custom install script
-- Up-to-date symlink: /home/thomas24/hive_ws2/install/nav2_ros_common/include/nav2_ros_common/nav2_ros_common/action_client.hpp
-- Up-to-date symlink: /home/thomas24/hive_ws2/install/nav2_ros_common/include/nav2_ros_common/nav2_ros_common/interface_factories.hpp
-- Up-to-date symlink: /home/thomas24/hive_ws2/install/nav2_ros_common/include/nav2_ros_common/nav2_ros_common/lifecycle_node.hpp
-- Up-to-date symlink: /home/thomas24/hive_ws2/install/nav2_ros_common/include/nav2_ros_common/nav2_ros_common/node_thread.hpp
-- Up-to-date symlink: /home/thomas24/hive_ws2/install/nav2_ros_common/include/nav2_ros_common/nav2_ros_common/node_utils.hpp
-- Up-to-date symlink: /home/thomas24/hive_ws2/install/nav2_ros_common/include/nav2_ros_common/nav2_ros_common/publisher.hpp
-- Up-to-date symlink: /home/thomas24/hive_ws2/install/nav2_ros_common/include/nav2_ros_common/nav2_ros_common/qos_profiles.hpp
-- Up-to-date symlink: /home/thomas24/hive_ws2/install/nav2_ros_common/include/nav2_ros_common/nav2_ros_common/service_client.hpp
-- Up-to-date symlink: /home/thomas24/hive_ws2/install/nav2_ros_common/include/nav2_ros_common/nav2_ros_common/service_server.hpp
-- Up-to-date symlink: /home/thomas24/hive_ws2/install/nav2_ros_common/include/nav2_ros_common/nav2_ros_common/simple_action_server.hpp
-- Up-to-date symlink: /home/thomas24/hive_ws2/install/nav2_ros_common/include/nav2_ros_common/nav2_ros_common/subscription.hpp
-- Up-to-date symlink: /home/thomas24/hive_ws2/install/nav2_ros_common/include/nav2_ros_common/nav2_ros_common/validate_messages.hpp
-- Up-to-date symlink: /home/thomas24/hive_ws2/install/nav2_ros_common/share/ament_index/resource_index/package_run_dependencies/nav2_ros_common
-- Up-to-date symlink: /home/thomas24/hive_ws2/install/nav2_ros_common/share/ament_index/resource_index/parent_prefix_path/nav2_ros_common
-- Up-to-date symlink: /home/thomas24/hive_ws2/install/nav2_ros_common/share/nav2_ros_common/environment/ament_prefix_path.sh
-- Up-to-date symlink: /home/thomas24/hive_ws2/install/nav2_ros_common/share/nav2_ros_common/environment/ament_prefix_path.dsv
-- Up-to-date symlink: /home/thomas24/hive_ws2/install/nav2_ros_common/share/nav2_ros_common/environment/path.sh
-- Up-to-date symlink: /home/thomas24/hive_ws2/install/nav2_ros_common/share/nav2_ros_common/environment/path.dsv
-- Up-to-date symlink: /home/thomas24/hive_ws2/install/nav2_ros_common/share/nav2_ros_common/local_setup.bash
-- Up-to-date symlink: /home/thomas24/hive_ws2/install/nav2_ros_common/share/nav2_ros_common/local_setup.sh
-- Up-to-date symlink: /home/thomas24/hive_ws2/install/nav2_ros_common/share/nav2_ros_common/local_setup.zsh
-- Up-to-date symlink: /home/thomas24/hive_ws2/install/nav2_ros_common/share/nav2_ros_common/local_setup.dsv
-- Symlinking: /home/thomas24/hive_ws2/install/nav2_ros_common/share/nav2_ros_common/package.dsv
-- Up-to-date symlink: /home/thomas24/hive_ws2/install/nav2_ros_common/share/ament_index/resource_index/packages/nav2_ros_common
-- Up-to-date symlink: /home/thomas24/hive_ws2/install/nav2_ros_common/share/nav2_ros_common/cmake/ament_cmake_export_include_directories-extras.cmake
-- Up-to-date symlink: /home/thomas24/hive_ws2/install/nav2_ros_common/share/nav2_ros_common/cmake/ament_cmake_export_dependencies-extras.cmake
-- Up-to-date symlink: /home/thomas24/hive_ws2/install/nav2_ros_common/share/nav2_ros_common/cmake/ament_cmake_export_targets-extras.cmake
-- Up-to-date symlink: /home/thomas24/hive_ws2/install/nav2_ros_common/share/nav2_ros_common/cmake/nav2_ros_commonConfig.cmake
-- Up-to-date symlink: /home/thomas24/hive_ws2/install/nav2_ros_common/share/nav2_ros_common/cmake/nav2_ros_commonConfig-version.cmake
-- Up-to-date symlink: /home/thomas24/hive_ws2/install/nav2_ros_common/share/nav2_ros_common/package.xml
-- Up-to-date: /home/thomas24/hive_ws2/install/nav2_ros_common/share/nav2_ros_common/cmake/nav2_ros_commonExport.cmake
