[  4%] Built target gtest_main
[ 11%] Built target map_io
[ 15%] Built target gtest
[ 22%] Built target vector_object_core
[ 31%] Built target map_server_core
[ 37%] Built target test_map_saver_cli
[ 42%] Built target vector_object_server
[ 48%] Built target test_map_saver_publisher
[ 53%] Built target test_vector_object_shapes
[ 60%] Built target test_map_io
[ 64%] Built target map_saver_server
[ 68%] Built target map_saver_cli
[ 73%] Built target map_server
[ 77%] Built target test_vector_object_server
[ 84%] Built target test_map_saver_node
[ 88%] Built target test_costmap_filter_info_server
[ 95%] Built target test_map_server_node
[100%] Built target costmap_filter_info_server
-- Install configuration: "Release"
-- Execute custom install script
-- Up-to-date symlink: /home/thomas24/hive_ws2/install/nav2_map_server/lib/nav2_map_server/map_server
-- Up-to-date symlink: /home/thomas24/hive_ws2/install/nav2_map_server/lib/nav2_map_server/map_saver_cli
-- Up-to-date symlink: /home/thomas24/hive_ws2/install/nav2_map_server/lib/nav2_map_server/map_saver_server
-- Up-to-date symlink: /home/thomas24/hive_ws2/install/nav2_map_server/lib/nav2_map_server/costmap_filter_info_server
-- Up-to-date symlink: /home/thomas24/hive_ws2/install/nav2_map_server/lib/nav2_map_server/vector_object_server
-- Up-to-date symlink: /home/thomas24/hive_ws2/install/nav2_map_server/include/nav2_map_server/nav2_map_server/costmap_filter_info_server.hpp
-- Up-to-date symlink: /home/thomas24/hive_ws2/install/nav2_map_server/include/nav2_map_server/nav2_map_server/map_io.hpp
-- Up-to-date symlink: /home/thomas24/hive_ws2/install/nav2_map_server/include/nav2_map_server/nav2_map_server/map_mode.hpp
-- Up-to-date symlink: /home/thomas24/hive_ws2/install/nav2_map_server/include/nav2_map_server/nav2_map_server/map_saver.hpp
-- Up-to-date symlink: /home/thomas24/hive_ws2/install/nav2_map_server/include/nav2_map_server/nav2_map_server/map_server.hpp
-- Up-to-date symlink: /home/thomas24/hive_ws2/install/nav2_map_server/include/nav2_map_server/nav2_map_server/vector_object_server.hpp
-- Up-to-date symlink: /home/thomas24/hive_ws2/install/nav2_map_server/include/nav2_map_server/nav2_map_server/vector_object_shapes.hpp
-- Up-to-date symlink: /home/thomas24/hive_ws2/install/nav2_map_server/include/nav2_map_server/nav2_map_server/vector_object_utils.hpp
-- Up-to-date symlink: /home/thomas24/hive_ws2/install/nav2_map_server/share/nav2_map_server/launch/map_saver_server.launch.py
-- Up-to-date symlink: /home/thomas24/hive_ws2/install/nav2_map_server/share/nav2_map_server/launch/vector_object_server.launch.py
-- Up-to-date symlink: /home/thomas24/hive_ws2/install/nav2_map_server/share/nav2_map_server/params/vector_object_server_params.yaml
-- Up-to-date symlink: /home/thomas24/hive_ws2/install/nav2_map_server/share/nav2_map_server/environment/library_path.sh
-- Up-to-date symlink: /home/thomas24/hive_ws2/install/nav2_map_server/share/nav2_map_server/environment/library_path.dsv
-- Up-to-date symlink: /home/thomas24/hive_ws2/install/nav2_map_server/share/ament_index/resource_index/package_run_dependencies/nav2_map_server
-- Up-to-date symlink: /home/thomas24/hive_ws2/install/nav2_map_server/share/ament_index/resource_index/parent_prefix_path/nav2_map_server
-- Up-to-date symlink: /home/thomas24/hive_ws2/install/nav2_map_server/share/nav2_map_server/environment/ament_prefix_path.sh
-- Up-to-date symlink: /home/thomas24/hive_ws2/install/nav2_map_server/share/nav2_map_server/environment/ament_prefix_path.dsv
-- Up-to-date symlink: /home/thomas24/hive_ws2/install/nav2_map_server/share/nav2_map_server/environment/path.sh
-- Up-to-date symlink: /home/thomas24/hive_ws2/install/nav2_map_server/share/nav2_map_server/environment/path.dsv
-- Up-to-date symlink: /home/thomas24/hive_ws2/install/nav2_map_server/share/nav2_map_server/local_setup.bash
-- Up-to-date symlink: /home/thomas24/hive_ws2/install/nav2_map_server/share/nav2_map_server/local_setup.sh
-- Up-to-date symlink: /home/thomas24/hive_ws2/install/nav2_map_server/share/nav2_map_server/local_setup.zsh
-- Up-to-date symlink: /home/thomas24/hive_ws2/install/nav2_map_server/share/nav2_map_server/local_setup.dsv
-- Symlinking: /home/thomas24/hive_ws2/install/nav2_map_server/share/nav2_map_server/package.dsv
-- Up-to-date symlink: /home/thomas24/hive_ws2/install/nav2_map_server/share/ament_index/resource_index/packages/nav2_map_server
-- Up-to-date symlink: /home/thomas24/hive_ws2/install/nav2_map_server/share/ament_index/resource_index/rclcpp_components/nav2_map_server
-- Up-to-date symlink: /home/thomas24/hive_ws2/install/nav2_map_server/share/nav2_map_server/cmake/ament_cmake_export_include_directories-extras.cmake
-- Up-to-date symlink: /home/thomas24/hive_ws2/install/nav2_map_server/share/nav2_map_server/cmake/ament_cmake_export_libraries-extras.cmake
-- Up-to-date symlink: /home/thomas24/hive_ws2/install/nav2_map_server/share/nav2_map_server/cmake/ament_cmake_export_dependencies-extras.cmake
-- Up-to-date symlink: /home/thomas24/hive_ws2/install/nav2_map_server/share/nav2_map_server/cmake/ament_cmake_export_targets-extras.cmake
-- Up-to-date symlink: /home/thomas24/hive_ws2/install/nav2_map_server/share/nav2_map_server/cmake/nav2_map_serverConfig.cmake
-- Up-to-date symlink: /home/thomas24/hive_ws2/install/nav2_map_server/share/nav2_map_server/cmake/nav2_map_serverConfig-version.cmake
-- Up-to-date symlink: /home/thomas24/hive_ws2/install/nav2_map_server/share/nav2_map_server/package.xml
-- Up-to-date: /home/thomas24/hive_ws2/install/nav2_map_server/lib/libmap_server_core.so
-- Up-to-date: /home/thomas24/hive_ws2/install/nav2_map_server/lib/libmap_io.so
-- Up-to-date: /home/thomas24/hive_ws2/install/nav2_map_server/lib/libvector_object_core.so
-- Up-to-date: /home/thomas24/hive_ws2/install/nav2_map_server/share/nav2_map_server/cmake/map_server_coreExport.cmake
-- Up-to-date: /home/thomas24/hive_ws2/install/nav2_map_server/share/nav2_map_server/cmake/map_server_coreExport-release.cmake
