-- Found ament_cmake: 2.5.4 (/opt/ros/jazzy/share/ament_cmake/cmake)
-- Override CMake install command with custom implementation using symlinks instead of copying resources
-- Found geometry_msgs: 5.3.6 (/opt/ros/jazzy/share/geometry_msgs/cmake)
-- Found rosidl_generator_c: 4.6.6 (/opt/ros/jazzy/share/rosidl_generator_c/cmake)
-- Found rosidl_generator_cpp: 4.6.6 (/opt/ros/jazzy/share/rosidl_generator_cpp/cmake)
-- Using all available rosidl_typesupport_c: rosidl_typesupport_fastrtps_c;rosidl_typesupport_introspection_c
-- Using all available rosidl_typesupport_cpp: rosidl_typesupport_fastrtps_cpp;rosidl_typesupport_introspection_cpp
-- Found nav2_common: 1.4.0 (/home/thomas24/hive_ws2/install/nav2_common/share/nav2_common/cmake)
-- Found nav2_costmap_2d: 1.4.0 (/home/thomas24/hive_ws2/install/nav2_costmap_2d/share/nav2_costmap_2d/cmake)
-- Found rmw_implementation_cmake: 7.3.2 (/opt/ros/jazzy/share/rmw_implementation_cmake/cmake)
-- Found rmw_fastrtps_cpp: 8.4.3 (/opt/ros/jazzy/share/rmw_fastrtps_cpp/cmake)
-- Using RMW implementation 'rmw_fastrtps_cpp' as default
-- Found eigen3_cmake_module: 0.3.0 (/opt/ros/jazzy/share/eigen3_cmake_module/cmake)
-- Ensuring Eigen3 include directory is part of orocos-kdl CMake target
-- Found visualization_msgs: 5.3.6 (/opt/ros/jazzy/share/visualization_msgs/cmake)
-- Found ament_lint_auto: 0.17.3 (/opt/ros/jazzy/share/ament_lint_auto/cmake)
-- Found gtest sources under '/opt/ros/jazzy/src/gtest_vendor': C++ tests using 'Google Test' will be built
-- Added test 'cppcheck' to perform static code analysis on C / C++ code
-- Configured cppcheck include dirs: $<BUILD_INTERFACE:/home/thomas24/hive_ws2/src/navigation2/nav2_collision_monitor/include>
-- Configured cppcheck exclude dirs and/or files: 
-- Added test 'flake8' to check Python code syntax and style conventions
-- Configured 'flake8' exclude dirs and/or files: 
-- Added test 'lint_cmake' to check CMake code style
-- Added test 'pep257' to check Python code against some of the docstring style conventions in PEP 257
-- Added test 'uncrustify' to check C / C++ code style
-- Configured uncrustify additional arguments: 
-- Added test 'xmllint' to check XML markup files
-- Configuring done (1.0s)
-- Generating done (0.1s)
-- Build files have been written to: /home/thomas24/hive_ws2/build/nav2_collision_monitor
[  4%] Built target gtest
[  9%] Built target gtest_main
[ 35%] Built target collision_monitor_core
[ 61%] Built target collision_detector_core
[ 66%] Built target velocity_polygons_test
[ 71%] Built target kinematics_test
[ 76%] Built target collision_monitor_node_test
[ 80%] Built target collision_detector
[ 85%] Built target sources_test
[ 90%] Built target polygons_test
[ 95%] Built target collision_monitor
[100%] Built target collision_detector_node_test
-- Install configuration: "Release"
-- Execute custom install script
-- Up-to-date symlink: /home/thomas24/hive_ws2/install/nav2_collision_monitor/lib/nav2_collision_monitor/collision_monitor
-- Up-to-date symlink: /home/thomas24/hive_ws2/install/nav2_collision_monitor/lib/nav2_collision_monitor/collision_detector
-- Up-to-date symlink: /home/thomas24/hive_ws2/install/nav2_collision_monitor/include/nav2_collision_monitor/nav2_collision_monitor/circle.hpp
-- Up-to-date symlink: /home/thomas24/hive_ws2/install/nav2_collision_monitor/include/nav2_collision_monitor/nav2_collision_monitor/collision_detector_node.hpp
-- Up-to-date symlink: /home/thomas24/hive_ws2/install/nav2_collision_monitor/include/nav2_collision_monitor/nav2_collision_monitor/collision_monitor_node.hpp
-- Up-to-date symlink: /home/thomas24/hive_ws2/install/nav2_collision_monitor/include/nav2_collision_monitor/nav2_collision_monitor/kinematics.hpp
-- Up-to-date symlink: /home/thomas24/hive_ws2/install/nav2_collision_monitor/include/nav2_collision_monitor/nav2_collision_monitor/pointcloud.hpp
-- Up-to-date symlink: /home/thomas24/hive_ws2/install/nav2_collision_monitor/include/nav2_collision_monitor/nav2_collision_monitor/polygon.hpp
-- Up-to-date symlink: /home/thomas24/hive_ws2/install/nav2_collision_monitor/include/nav2_collision_monitor/nav2_collision_monitor/polygon_source.hpp
-- Up-to-date symlink: /home/thomas24/hive_ws2/install/nav2_collision_monitor/include/nav2_collision_monitor/nav2_collision_monitor/range.hpp
-- Up-to-date symlink: /home/thomas24/hive_ws2/install/nav2_collision_monitor/include/nav2_collision_monitor/nav2_collision_monitor/scan.hpp
-- Up-to-date symlink: /home/thomas24/hive_ws2/install/nav2_collision_monitor/include/nav2_collision_monitor/nav2_collision_monitor/source.hpp
-- Up-to-date symlink: /home/thomas24/hive_ws2/install/nav2_collision_monitor/include/nav2_collision_monitor/nav2_collision_monitor/types.hpp
-- Up-to-date symlink: /home/thomas24/hive_ws2/install/nav2_collision_monitor/include/nav2_collision_monitor/nav2_collision_monitor/velocity_polygon.hpp
-- Up-to-date symlink: /home/thomas24/hive_ws2/install/nav2_collision_monitor/share/nav2_collision_monitor/launch/collision_detector_node.launch.py
-- Up-to-date symlink: /home/thomas24/hive_ws2/install/nav2_collision_monitor/share/nav2_collision_monitor/launch/collision_monitor_node.launch.py
-- Up-to-date symlink: /home/thomas24/hive_ws2/install/nav2_collision_monitor/share/nav2_collision_monitor/params/collision_detector_params.yaml
-- Up-to-date symlink: /home/thomas24/hive_ws2/install/nav2_collision_monitor/share/nav2_collision_monitor/params/collision_monitor_params.yaml
-- Up-to-date symlink: /home/thomas24/hive_ws2/install/nav2_collision_monitor/share/nav2_collision_monitor/environment/library_path.sh
-- Up-to-date symlink: /home/thomas24/hive_ws2/install/nav2_collision_monitor/share/nav2_collision_monitor/environment/library_path.dsv
-- Up-to-date symlink: /home/thomas24/hive_ws2/install/nav2_collision_monitor/share/ament_index/resource_index/package_run_dependencies/nav2_collision_monitor
-- Up-to-date symlink: /home/thomas24/hive_ws2/install/nav2_collision_monitor/share/ament_index/resource_index/parent_prefix_path/nav2_collision_monitor
-- Up-to-date symlink: /home/thomas24/hive_ws2/install/nav2_collision_monitor/share/nav2_collision_monitor/environment/ament_prefix_path.sh
-- Up-to-date symlink: /home/thomas24/hive_ws2/install/nav2_collision_monitor/share/nav2_collision_monitor/environment/ament_prefix_path.dsv
-- Up-to-date symlink: /home/thomas24/hive_ws2/install/nav2_collision_monitor/share/nav2_collision_monitor/environment/path.sh
-- Up-to-date symlink: /home/thomas24/hive_ws2/install/nav2_collision_monitor/share/nav2_collision_monitor/environment/path.dsv
-- Up-to-date symlink: /home/thomas24/hive_ws2/install/nav2_collision_monitor/share/nav2_collision_monitor/local_setup.bash
-- Up-to-date symlink: /home/thomas24/hive_ws2/install/nav2_collision_monitor/share/nav2_collision_monitor/local_setup.sh
-- Up-to-date symlink: /home/thomas24/hive_ws2/install/nav2_collision_monitor/share/nav2_collision_monitor/local_setup.zsh
-- Up-to-date symlink: /home/thomas24/hive_ws2/install/nav2_collision_monitor/share/nav2_collision_monitor/local_setup.dsv
-- Symlinking: /home/thomas24/hive_ws2/install/nav2_collision_monitor/share/nav2_collision_monitor/package.dsv
-- Up-to-date symlink: /home/thomas24/hive_ws2/install/nav2_collision_monitor/share/ament_index/resource_index/packages/nav2_collision_monitor
-- Up-to-date symlink: /home/thomas24/hive_ws2/install/nav2_collision_monitor/share/ament_index/resource_index/rclcpp_components/nav2_collision_monitor
-- Up-to-date symlink: /home/thomas24/hive_ws2/install/nav2_collision_monitor/share/nav2_collision_monitor/cmake/ament_cmake_export_include_directories-extras.cmake
-- Up-to-date symlink: /home/thomas24/hive_ws2/install/nav2_collision_monitor/share/nav2_collision_monitor/cmake/ament_cmake_export_libraries-extras.cmake
-- Up-to-date symlink: /home/thomas24/hive_ws2/install/nav2_collision_monitor/share/nav2_collision_monitor/cmake/ament_cmake_export_dependencies-extras.cmake
-- Up-to-date symlink: /home/thomas24/hive_ws2/install/nav2_collision_monitor/share/nav2_collision_monitor/cmake/ament_cmake_export_targets-extras.cmake
-- Up-to-date symlink: /home/thomas24/hive_ws2/install/nav2_collision_monitor/share/nav2_collision_monitor/cmake/nav2_collision_monitorConfig.cmake
-- Up-to-date symlink: /home/thomas24/hive_ws2/install/nav2_collision_monitor/share/nav2_collision_monitor/cmake/nav2_collision_monitorConfig-version.cmake
-- Up-to-date symlink: /home/thomas24/hive_ws2/install/nav2_collision_monitor/share/nav2_collision_monitor/package.xml
-- Up-to-date: /home/thomas24/hive_ws2/install/nav2_collision_monitor/lib/libcollision_monitor_core.so
-- Up-to-date: /home/thomas24/hive_ws2/install/nav2_collision_monitor/lib/libcollision_detector_core.so
-- Up-to-date: /home/thomas24/hive_ws2/install/nav2_collision_monitor/share/nav2_collision_monitor/cmake/export_nav2_collision_monitorExport.cmake
-- Up-to-date: /home/thomas24/hive_ws2/install/nav2_collision_monitor/share/nav2_collision_monitor/cmake/export_nav2_collision_monitorExport-release.cmake
