[0.009s] Invoking command in '/home/thomas24/hive_ws2/build/hive_interface2': CMAKE_PREFIX_PATH=${CMAKE_PREFIX_PATH}:/home/thomas24/hive_ws2/install/vanilla_brain_nav2:/home/thomas24/hive_ws2/install/nav2_loopback_sim:/home/thomas24/hive_ws2/install/nav2_simple_commander:/home/thomas24/hiveverse_ws/install/hive_tools:/home/thomas24/hiveverse_ws/install/hive_bringup:/opt/ros/jazzy DEBUGINFOD_URLS=https://debuginfod.ubuntu.com /usr/bin/cmake /home/thomas24/hive_ws2/src/hive_interface2 -DCMAKE_INSTALL_PREFIX=/home/thomas24/hive_ws2/install/hive_interface2
[0.055s] -- The C compiler identification is GNU 13.3.0
[0.094s] -- The CXX compiler identification is GNU 13.3.0
[0.108s] -- Detecting C compiler ABI info
[0.186s] -- Detecting C compiler ABI info - done
[0.192s] -- Check for working C compiler: /usr/bin/cc - skipped
[0.192s] -- Detecting C compile features
[0.192s] -- Detecting C compile features - done
[0.200s] -- Detecting CXX compiler ABI info
[0.286s] -- Detecting CXX compiler ABI info - done
[0.292s] -- Check for working CXX compiler: /usr/bin/c++ - skipped
[0.292s] -- Detecting CXX compile features
[0.292s] -- Detecting CXX compile features - done
[0.298s] -- Found ament_cmake: 2.5.4 (/opt/ros/jazzy/share/ament_cmake/cmake)
[0.445s] -- Found Python3: /usr/bin/python3 (found version "3.12.3") found components: Interpreter 
[0.576s] -- Found rosidl_default_generators: 1.6.0 (/opt/ros/jazzy/share/rosidl_default_generators/cmake)
[0.593s] -- Using all available rosidl_typesupport_c: rosidl_typesupport_fastrtps_c;rosidl_typesupport_introspection_c
[0.677s] -- Using all available rosidl_typesupport_cpp: rosidl_typesupport_fastrtps_cpp;rosidl_typesupport_introspection_cpp
[0.742s] -- Found rosidl_adapter: 4.6.6 (/opt/ros/jazzy/share/rosidl_adapter/cmake)
[0.749s] -- Found std_msgs: 5.3.6 (/opt/ros/jazzy/share/std_msgs/cmake)
[0.788s] -- Found geometry_msgs: 5.3.6 (/opt/ros/jazzy/share/geometry_msgs/cmake)
[0.803s] -- Found nav_msgs: 5.3.6 (/opt/ros/jazzy/share/nav_msgs/cmake)
[1.274s] -- Found ament_cmake_ros: 0.12.0 (/opt/ros/jazzy/share/ament_cmake_ros/cmake)
[1.644s] -- Using all available rosidl_typesupport_c: rosidl_typesupport_fastrtps_c;rosidl_typesupport_introspection_c
[2.100s] -- Using all available rosidl_typesupport_cpp: rosidl_typesupport_fastrtps_cpp;rosidl_typesupport_introspection_cpp
[2.106s] -- Found python_cmake_module: 0.11.1 (/opt/ros/jazzy/share/python_cmake_module/cmake)
[2.200s] -- Found PythonExtra: /usr/bin/python3  
[2.489s] -- Found Python3: /usr/bin/python3 (found version "3.12.3") found components: Interpreter Development NumPy Development.Module Development.Embed 
[2.546s] -- Configuring done (2.5s)
[2.571s] -- Generating done (0.0s)
[2.578s] -- Build files have been written to: /home/thomas24/hive_ws2/build/hive_interface2
[2.585s] Invoked command in '/home/thomas24/hive_ws2/build/hive_interface2' returned '0': CMAKE_PREFIX_PATH=${CMAKE_PREFIX_PATH}:/home/thomas24/hive_ws2/install/vanilla_brain_nav2:/home/thomas24/hive_ws2/install/nav2_loopback_sim:/home/thomas24/hive_ws2/install/nav2_simple_commander:/home/thomas24/hiveverse_ws/install/hive_tools:/home/thomas24/hiveverse_ws/install/hive_bringup:/opt/ros/jazzy DEBUGINFOD_URLS=https://debuginfod.ubuntu.com /usr/bin/cmake /home/thomas24/hive_ws2/src/hive_interface2 -DCMAKE_INSTALL_PREFIX=/home/thomas24/hive_ws2/install/hive_interface2
[2.586s] Invoking command in '/home/thomas24/hive_ws2/build/hive_interface2': CMAKE_PREFIX_PATH=${CMAKE_PREFIX_PATH}:/home/thomas24/hive_ws2/install/vanilla_brain_nav2:/home/thomas24/hive_ws2/install/nav2_loopback_sim:/home/thomas24/hive_ws2/install/nav2_simple_commander:/home/thomas24/hiveverse_ws/install/hive_tools:/home/thomas24/hiveverse_ws/install/hive_bringup:/opt/ros/jazzy DEBUGINFOD_URLS=https://debuginfod.ubuntu.com /usr/bin/cmake --build /home/thomas24/hive_ws2/build/hive_interface2 -- -j16 -l16
[2.636s] [  2%] [34m[1mGenerating type hashes for ROS interfaces[0m
[2.644s] [  2%] Built target ament_cmake_python_copy_hive_interface2
[2.783s] running egg_info
[2.784s] creating hive_interface2.egg-info
[2.799s] writing hive_interface2.egg-info/PKG-INFO
[2.799s] writing dependency_links to hive_interface2.egg-info/dependency_links.txt
[2.799s] writing top-level names to hive_interface2.egg-info/top_level.txt
[2.799s] writing manifest file 'hive_interface2.egg-info/SOURCES.txt'
[2.833s] [  2%] Built target hive_interface2__rosidl_generator_type_description
[2.841s] reading manifest file 'hive_interface2.egg-info/SOURCES.txt'
[2.842s] writing manifest file 'hive_interface2.egg-info/SOURCES.txt'
[2.844s] [  5%] [34m[1mGenerating C code for ROS interfaces[0m
[2.856s] [  8%] [34m[1mGenerating C++ code for ROS interfaces[0m
[2.864s] [  8%] Built target ament_cmake_python_build_hive_interface2_egg
[3.082s] [  8%] Built target hive_interface2__cpp
[3.093s] [ 17%] [32mBuilding C object CMakeFiles/hive_interface2__rosidl_generator_c.dir/rosidl_generator_c/hive_interface2/msg/detail/lanelet_mini2__functions.c.o[0m
[3.093s] [ 17%] [32mBuilding C object CMakeFiles/hive_interface2__rosidl_generator_c.dir/rosidl_generator_c/hive_interface2/msg/detail/lanelet_mini2__type_support.c.o[0m
[3.093s] [ 17%] [32mBuilding C object CMakeFiles/hive_interface2__rosidl_generator_c.dir/rosidl_generator_c/hive_interface2/msg/detail/lanelet_mini2__description.c.o[0m
[3.132s] [ 20%] [32m[1mLinking C shared library libhive_interface2__rosidl_generator_c.so[0m
[3.166s] [ 20%] Built target hive_interface2__rosidl_generator_c
[3.177s] [ 35%] [34m[1mGenerating C++ type support for eProsima Fast-RTPS[0m
[3.177s] [ 35%] [34m[1mGenerating C++ introspection for ROS interfaces[0m
[3.177s] [ 35%] [34m[1mGenerating C type support for eProsima Fast-RTPS[0m
[3.177s] [ 35%] [34m[1mGenerating C++ type support dispatch for ROS interfaces[0m
[3.177s] [ 35%] [34m[1mGenerating C introspection for ROS interfaces[0m
[3.177s] [ 38%] [34m[1mGenerating C type support dispatch for ROS interfaces[0m
[3.409s] [ 41%] [32mBuilding CXX object CMakeFiles/hive_interface2__rosidl_typesupport_cpp.dir/rosidl_typesupport_cpp/hive_interface2/msg/lanelet_mini2__type_support.cpp.o[0m
[3.424s] [ 44%] [32mBuilding CXX object CMakeFiles/hive_interface2__rosidl_typesupport_c.dir/rosidl_typesupport_c/hive_interface2/msg/lanelet_mini2__type_support.cpp.o[0m
[3.431s] [ 47%] [32mBuilding CXX object CMakeFiles/hive_interface2__rosidl_typesupport_introspection_cpp.dir/rosidl_typesupport_introspection_cpp/hive_interface2/msg/detail/lanelet_mini2__type_support.cpp.o[0m
[3.442s] [ 52%] [32mBuilding CXX object CMakeFiles/hive_interface2__rosidl_typesupport_fastrtps_c.dir/rosidl_typesupport_fastrtps_c/hive_interface2/msg/detail/lanelet_mini2__type_support_c.cpp.o[0m
[3.442s] [ 52%] [32mBuilding C object CMakeFiles/hive_interface2__rosidl_typesupport_introspection_c.dir/rosidl_typesupport_introspection_c/hive_interface2/msg/detail/lanelet_mini2__type_support.c.o[0m
[3.454s] [ 55%] [32mBuilding CXX object CMakeFiles/hive_interface2__rosidl_typesupport_fastrtps_cpp.dir/rosidl_typesupport_fastrtps_cpp/hive_interface2/msg/detail/dds_fastrtps/lanelet_mini2__type_support.cpp.o[0m
[3.465s] [ 58%] [32m[1mLinking CXX shared library libhive_interface2__rosidl_typesupport_c.so[0m
[3.474s] [ 61%] [32m[1mLinking C shared library libhive_interface2__rosidl_typesupport_introspection_c.so[0m
[3.503s] [ 61%] Built target hive_interface2__rosidl_typesupport_c
[3.506s] [ 61%] Built target hive_interface2__rosidl_typesupport_introspection_c
[3.596s] [ 64%] [32m[1mLinking CXX shared library libhive_interface2__rosidl_typesupport_cpp.so[0m
[3.618s] [ 67%] [32m[1mLinking CXX shared library libhive_interface2__rosidl_typesupport_introspection_cpp.so[0m
[3.636s] [ 67%] Built target hive_interface2__rosidl_typesupport_cpp
[3.670s] [ 67%] Built target hive_interface2__rosidl_typesupport_introspection_cpp
[3.727s] [ 70%] [32m[1mLinking CXX shared library libhive_interface2__rosidl_typesupport_fastrtps_c.so[0m
[3.740s] [ 73%] [32m[1mLinking CXX shared library libhive_interface2__rosidl_typesupport_fastrtps_cpp.so[0m
[3.782s] [ 73%] Built target hive_interface2__rosidl_typesupport_fastrtps_c
[3.794s] [ 73%] Built target hive_interface2__rosidl_typesupport_fastrtps_cpp
[3.814s] [ 73%] Built target hive_interface2
[3.834s] [ 76%] [34m[1mGenerating Python code for ROS interfaces[0m
[4.170s] [ 76%] Built target hive_interface2__py
[4.189s] [ 79%] [32mBuilding C object CMakeFiles/hive_interface2__rosidl_generator_py.dir/rosidl_generator_py/hive_interface2/msg/_lanelet_mini2_s.c.o[0m
[4.281s] [ 82%] [32m[1mLinking C shared library libhive_interface2__rosidl_generator_py.so[0m
[4.320s] [ 82%] Built target hive_interface2__rosidl_generator_py
[4.342s] [ 91%] [32mBuilding C object CMakeFiles/hive_interface2_s__rosidl_typesupport_fastrtps_c.dir/rosidl_generator_py/hive_interface2/_hive_interface2_s.ep.rosidl_typesupport_fastrtps_c.c.o[0m
[4.342s] [ 91%] [32mBuilding C object CMakeFiles/hive_interface2_s__rosidl_typesupport_c.dir/rosidl_generator_py/hive_interface2/_hive_interface2_s.ep.rosidl_typesupport_c.c.o[0m
[4.342s] [ 91%] [32mBuilding C object CMakeFiles/hive_interface2_s__rosidl_typesupport_introspection_c.dir/rosidl_generator_py/hive_interface2/_hive_interface2_s.ep.rosidl_typesupport_introspection_c.c.o[0m
[4.410s] [ 94%] [32m[1mLinking C shared module rosidl_generator_py/hive_interface2/hive_interface2_s__rosidl_typesupport_c.so[0m
[4.411s] [ 97%] [32m[1mLinking C shared module rosidl_generator_py/hive_interface2/hive_interface2_s__rosidl_typesupport_introspection_c.so[0m
[4.413s] [100%] [32m[1mLinking C shared module rosidl_generator_py/hive_interface2/hive_interface2_s__rosidl_typesupport_fastrtps_c.so[0m
[4.441s] [100%] Built target hive_interface2_s__rosidl_typesupport_introspection_c
[4.441s] [100%] Built target hive_interface2_s__rosidl_typesupport_c
[4.442s] [100%] Built target hive_interface2_s__rosidl_typesupport_fastrtps_c
[4.453s] Invoked command in '/home/thomas24/hive_ws2/build/hive_interface2' returned '0': CMAKE_PREFIX_PATH=${CMAKE_PREFIX_PATH}:/home/thomas24/hive_ws2/install/vanilla_brain_nav2:/home/thomas24/hive_ws2/install/nav2_loopback_sim:/home/thomas24/hive_ws2/install/nav2_simple_commander:/home/thomas24/hiveverse_ws/install/hive_tools:/home/thomas24/hiveverse_ws/install/hive_bringup:/opt/ros/jazzy DEBUGINFOD_URLS=https://debuginfod.ubuntu.com /usr/bin/cmake --build /home/thomas24/hive_ws2/build/hive_interface2 -- -j16 -l16
[4.462s] Invoking command in '/home/thomas24/hive_ws2/build/hive_interface2': CMAKE_PREFIX_PATH=${CMAKE_PREFIX_PATH}:/home/thomas24/hive_ws2/install/vanilla_brain_nav2:/home/thomas24/hive_ws2/install/nav2_loopback_sim:/home/thomas24/hive_ws2/install/nav2_simple_commander:/home/thomas24/hiveverse_ws/install/hive_tools:/home/thomas24/hiveverse_ws/install/hive_bringup:/opt/ros/jazzy DEBUGINFOD_URLS=https://debuginfod.ubuntu.com /usr/bin/cmake --install /home/thomas24/hive_ws2/build/hive_interface2
[4.470s] -- Install configuration: ""
[4.470s] -- Installing: /home/thomas24/hive_ws2/install/hive_interface2/share/ament_index/resource_index/rosidl_interfaces/hive_interface2
[4.471s] -- Installing: /home/thomas24/hive_ws2/install/hive_interface2/share/hive_interface2/msg/LaneletMini2.json
[4.471s] -- Installing: /home/thomas24/hive_ws2/install/hive_interface2/include/hive_interface2/hive_interface2
[4.471s] -- Installing: /home/thomas24/hive_ws2/install/hive_interface2/include/hive_interface2/hive_interface2/msg
[4.471s] -- Installing: /home/thomas24/hive_ws2/install/hive_interface2/include/hive_interface2/hive_interface2/msg/lanelet_mini2.h
[4.471s] -- Installing: /home/thomas24/hive_ws2/install/hive_interface2/include/hive_interface2/hive_interface2/msg/rosidl_generator_c__visibility_control.h
[4.471s] -- Installing: /home/thomas24/hive_ws2/install/hive_interface2/include/hive_interface2/hive_interface2/msg/detail
[4.471s] -- Installing: /home/thomas24/hive_ws2/install/hive_interface2/include/hive_interface2/hive_interface2/msg/detail/lanelet_mini2__functions.h
[4.471s] -- Installing: /home/thomas24/hive_ws2/install/hive_interface2/include/hive_interface2/hive_interface2/msg/detail/lanelet_mini2__struct.h
[4.471s] -- Installing: /home/thomas24/hive_ws2/install/hive_interface2/include/hive_interface2/hive_interface2/msg/detail/lanelet_mini2__description.c
[4.471s] -- Installing: /home/thomas24/hive_ws2/install/hive_interface2/include/hive_interface2/hive_interface2/msg/detail/lanelet_mini2__type_support.c
[4.472s] -- Installing: /home/thomas24/hive_ws2/install/hive_interface2/include/hive_interface2/hive_interface2/msg/detail/lanelet_mini2__type_support.h
[4.472s] -- Installing: /home/thomas24/hive_ws2/install/hive_interface2/include/hive_interface2/hive_interface2/msg/detail/lanelet_mini2__functions.c
[4.472s] -- Installing: /home/thomas24/hive_ws2/install/hive_interface2/share/hive_interface2/environment/library_path.sh
[4.472s] -- Installing: /home/thomas24/hive_ws2/install/hive_interface2/share/hive_interface2/environment/library_path.dsv
[4.472s] -- Installing: /home/thomas24/hive_ws2/install/hive_interface2/lib/libhive_interface2__rosidl_generator_c.so
[4.473s] -- Set non-toolchain portion of runtime path of "/home/thomas24/hive_ws2/install/hive_interface2/lib/libhive_interface2__rosidl_generator_c.so" to ""
[4.473s] -- Up-to-date: /home/thomas24/hive_ws2/install/hive_interface2/include/hive_interface2/hive_interface2
[4.473s] -- Up-to-date: /home/thomas24/hive_ws2/install/hive_interface2/include/hive_interface2/hive_interface2/msg
[4.473s] -- Up-to-date: /home/thomas24/hive_ws2/install/hive_interface2/include/hive_interface2/hive_interface2/msg/detail
[4.473s] -- Installing: /home/thomas24/hive_ws2/install/hive_interface2/include/hive_interface2/hive_interface2/msg/detail/lanelet_mini2__rosidl_typesupport_fastrtps_c.h
[4.473s] -- Installing: /home/thomas24/hive_ws2/install/hive_interface2/include/hive_interface2/hive_interface2/msg/rosidl_typesupport_fastrtps_c__visibility_control.h
[4.473s] -- Installing: /home/thomas24/hive_ws2/install/hive_interface2/lib/libhive_interface2__rosidl_typesupport_fastrtps_c.so
[4.473s] -- Set non-toolchain portion of runtime path of "/home/thomas24/hive_ws2/install/hive_interface2/lib/libhive_interface2__rosidl_typesupport_fastrtps_c.so" to ""
[4.473s] -- Up-to-date: /home/thomas24/hive_ws2/install/hive_interface2/include/hive_interface2/hive_interface2
[4.473s] -- Up-to-date: /home/thomas24/hive_ws2/install/hive_interface2/include/hive_interface2/hive_interface2/msg
[4.473s] -- Installing: /home/thomas24/hive_ws2/install/hive_interface2/include/hive_interface2/hive_interface2/msg/rosidl_typesupport_introspection_c__visibility_control.h
[4.474s] -- Up-to-date: /home/thomas24/hive_ws2/install/hive_interface2/include/hive_interface2/hive_interface2/msg/detail
[4.474s] -- Up-to-date: /home/thomas24/hive_ws2/install/hive_interface2/include/hive_interface2/hive_interface2/msg/detail/lanelet_mini2__type_support.c
[4.474s] -- Installing: /home/thomas24/hive_ws2/install/hive_interface2/include/hive_interface2/hive_interface2/msg/detail/lanelet_mini2__rosidl_typesupport_introspection_c.h
[4.474s] -- Installing: /home/thomas24/hive_ws2/install/hive_interface2/lib/libhive_interface2__rosidl_typesupport_introspection_c.so
[4.474s] -- Set non-toolchain portion of runtime path of "/home/thomas24/hive_ws2/install/hive_interface2/lib/libhive_interface2__rosidl_typesupport_introspection_c.so" to ""
[4.474s] -- Installing: /home/thomas24/hive_ws2/install/hive_interface2/lib/libhive_interface2__rosidl_typesupport_c.so
[4.475s] -- Set non-toolchain portion of runtime path of "/home/thomas24/hive_ws2/install/hive_interface2/lib/libhive_interface2__rosidl_typesupport_c.so" to ""
[4.475s] -- Up-to-date: /home/thomas24/hive_ws2/install/hive_interface2/include/hive_interface2/hive_interface2
[4.475s] -- Up-to-date: /home/thomas24/hive_ws2/install/hive_interface2/include/hive_interface2/hive_interface2/msg
[4.475s] -- Installing: /home/thomas24/hive_ws2/install/hive_interface2/include/hive_interface2/hive_interface2/msg/rosidl_generator_cpp__visibility_control.hpp
[4.475s] -- Installing: /home/thomas24/hive_ws2/install/hive_interface2/include/hive_interface2/hive_interface2/msg/lanelet_mini2.hpp
[4.475s] -- Up-to-date: /home/thomas24/hive_ws2/install/hive_interface2/include/hive_interface2/hive_interface2/msg/detail
[4.475s] -- Installing: /home/thomas24/hive_ws2/install/hive_interface2/include/hive_interface2/hive_interface2/msg/detail/lanelet_mini2__struct.hpp
[4.475s] -- Installing: /home/thomas24/hive_ws2/install/hive_interface2/include/hive_interface2/hive_interface2/msg/detail/lanelet_mini2__builder.hpp
[4.475s] -- Installing: /home/thomas24/hive_ws2/install/hive_interface2/include/hive_interface2/hive_interface2/msg/detail/lanelet_mini2__type_support.hpp
[4.475s] -- Installing: /home/thomas24/hive_ws2/install/hive_interface2/include/hive_interface2/hive_interface2/msg/detail/lanelet_mini2__traits.hpp
[4.475s] -- Up-to-date: /home/thomas24/hive_ws2/install/hive_interface2/include/hive_interface2/hive_interface2
[4.475s] -- Up-to-date: /home/thomas24/hive_ws2/install/hive_interface2/include/hive_interface2/hive_interface2/msg
[4.475s] -- Installing: /home/thomas24/hive_ws2/install/hive_interface2/include/hive_interface2/hive_interface2/msg/rosidl_typesupport_fastrtps_cpp__visibility_control.h
[4.475s] -- Up-to-date: /home/thomas24/hive_ws2/install/hive_interface2/include/hive_interface2/hive_interface2/msg/detail
[4.475s] -- Installing: /home/thomas24/hive_ws2/install/hive_interface2/include/hive_interface2/hive_interface2/msg/detail/lanelet_mini2__rosidl_typesupport_fastrtps_cpp.hpp
[4.476s] -- Installing: /home/thomas24/hive_ws2/install/hive_interface2/include/hive_interface2/hive_interface2/msg/detail/dds_fastrtps
[4.476s] -- Installing: /home/thomas24/hive_ws2/install/hive_interface2/lib/libhive_interface2__rosidl_typesupport_fastrtps_cpp.so
[4.476s] -- Set non-toolchain portion of runtime path of "/home/thomas24/hive_ws2/install/hive_interface2/lib/libhive_interface2__rosidl_typesupport_fastrtps_cpp.so" to ""
[4.476s] -- Up-to-date: /home/thomas24/hive_ws2/install/hive_interface2/include/hive_interface2/hive_interface2
[4.476s] -- Up-to-date: /home/thomas24/hive_ws2/install/hive_interface2/include/hive_interface2/hive_interface2/msg
[4.476s] -- Up-to-date: /home/thomas24/hive_ws2/install/hive_interface2/include/hive_interface2/hive_interface2/msg/detail
[4.476s] -- Installing: /home/thomas24/hive_ws2/install/hive_interface2/include/hive_interface2/hive_interface2/msg/detail/lanelet_mini2__type_support.cpp
[4.476s] -- Installing: /home/thomas24/hive_ws2/install/hive_interface2/include/hive_interface2/hive_interface2/msg/detail/lanelet_mini2__rosidl_typesupport_introspection_cpp.hpp
[4.476s] -- Installing: /home/thomas24/hive_ws2/install/hive_interface2/lib/libhive_interface2__rosidl_typesupport_introspection_cpp.so
[4.477s] -- Set non-toolchain portion of runtime path of "/home/thomas24/hive_ws2/install/hive_interface2/lib/libhive_interface2__rosidl_typesupport_introspection_cpp.so" to ""
[4.477s] -- Installing: /home/thomas24/hive_ws2/install/hive_interface2/lib/libhive_interface2__rosidl_typesupport_cpp.so
[4.477s] -- Set non-toolchain portion of runtime path of "/home/thomas24/hive_ws2/install/hive_interface2/lib/libhive_interface2__rosidl_typesupport_cpp.so" to ""
[4.477s] -- Installing: /home/thomas24/hive_ws2/install/hive_interface2/share/hive_interface2/environment/pythonpath.sh
[4.477s] -- Installing: /home/thomas24/hive_ws2/install/hive_interface2/share/hive_interface2/environment/pythonpath.dsv
[4.477s] -- Installing: /home/thomas24/hive_ws2/install/hive_interface2/lib/python3.12/site-packages/hive_interface2-0.0.1-py3.12.egg-info
[4.477s] -- Installing: /home/thomas24/hive_ws2/install/hive_interface2/lib/python3.12/site-packages/hive_interface2-0.0.1-py3.12.egg-info/dependency_links.txt
[4.477s] -- Installing: /home/thomas24/hive_ws2/install/hive_interface2/lib/python3.12/site-packages/hive_interface2-0.0.1-py3.12.egg-info/SOURCES.txt
[4.478s] -- Installing: /home/thomas24/hive_ws2/install/hive_interface2/lib/python3.12/site-packages/hive_interface2-0.0.1-py3.12.egg-info/top_level.txt
[4.478s] -- Installing: /home/thomas24/hive_ws2/install/hive_interface2/lib/python3.12/site-packages/hive_interface2-0.0.1-py3.12.egg-info/PKG-INFO
[4.478s] -- Installing: /home/thomas24/hive_ws2/install/hive_interface2/lib/python3.12/site-packages/hive_interface2
[4.478s] -- Installing: /home/thomas24/hive_ws2/install/hive_interface2/lib/python3.12/site-packages/hive_interface2/__init__.py
[4.478s] -- Installing: /home/thomas24/hive_ws2/install/hive_interface2/lib/python3.12/site-packages/hive_interface2/_hive_interface2_s.ep.rosidl_typesupport_c.c
[4.478s] -- Installing: /home/thomas24/hive_ws2/install/hive_interface2/lib/python3.12/site-packages/hive_interface2/hive_interface2_s__rosidl_typesupport_introspection_c.so
[4.478s] -- Installing: /home/thomas24/hive_ws2/install/hive_interface2/lib/python3.12/site-packages/hive_interface2/hive_interface2_s__rosidl_typesupport_fastrtps_c.so
[4.478s] -- Installing: /home/thomas24/hive_ws2/install/hive_interface2/lib/python3.12/site-packages/hive_interface2/_hive_interface2_s.ep.rosidl_typesupport_introspection_c.c
[4.478s] -- Installing: /home/thomas24/hive_ws2/install/hive_interface2/lib/python3.12/site-packages/hive_interface2/hive_interface2_s__rosidl_typesupport_c.so
[4.478s] -- Installing: /home/thomas24/hive_ws2/install/hive_interface2/lib/python3.12/site-packages/hive_interface2/_hive_interface2_s.ep.rosidl_typesupport_fastrtps_c.c
[4.478s] -- Installing: /home/thomas24/hive_ws2/install/hive_interface2/lib/python3.12/site-packages/hive_interface2/msg
[4.479s] -- Installing: /home/thomas24/hive_ws2/install/hive_interface2/lib/python3.12/site-packages/hive_interface2/msg/_lanelet_mini2_s.c
[4.479s] -- Installing: /home/thomas24/hive_ws2/install/hive_interface2/lib/python3.12/site-packages/hive_interface2/msg/__init__.py
[4.479s] -- Installing: /home/thomas24/hive_ws2/install/hive_interface2/lib/python3.12/site-packages/hive_interface2/msg/_lanelet_mini2.py
[4.509s] Listing '/home/thomas24/hive_ws2/install/hive_interface2/lib/python3.12/site-packages/hive_interface2'...
[4.509s] Compiling '/home/thomas24/hive_ws2/install/hive_interface2/lib/python3.12/site-packages/hive_interface2/__init__.py'...
[4.509s] Listing '/home/thomas24/hive_ws2/install/hive_interface2/lib/python3.12/site-packages/hive_interface2/msg'...
[4.510s] Compiling '/home/thomas24/hive_ws2/install/hive_interface2/lib/python3.12/site-packages/hive_interface2/msg/__init__.py'...
[4.510s] Compiling '/home/thomas24/hive_ws2/install/hive_interface2/lib/python3.12/site-packages/hive_interface2/msg/_lanelet_mini2.py'...
[4.514s] -- Installing: /home/thomas24/hive_ws2/install/hive_interface2/lib/python3.12/site-packages/hive_interface2/hive_interface2_s__rosidl_typesupport_fastrtps_c.so
[4.514s] -- Set non-toolchain portion of runtime path of "/home/thomas24/hive_ws2/install/hive_interface2/lib/python3.12/site-packages/hive_interface2/hive_interface2_s__rosidl_typesupport_fastrtps_c.so" to ""
[4.514s] -- Installing: /home/thomas24/hive_ws2/install/hive_interface2/lib/python3.12/site-packages/hive_interface2/hive_interface2_s__rosidl_typesupport_introspection_c.so
[4.514s] -- Set non-toolchain portion of runtime path of "/home/thomas24/hive_ws2/install/hive_interface2/lib/python3.12/site-packages/hive_interface2/hive_interface2_s__rosidl_typesupport_introspection_c.so" to ""
[4.514s] -- Installing: /home/thomas24/hive_ws2/install/hive_interface2/lib/python3.12/site-packages/hive_interface2/hive_interface2_s__rosidl_typesupport_c.so
[4.515s] -- Set non-toolchain portion of runtime path of "/home/thomas24/hive_ws2/install/hive_interface2/lib/python3.12/site-packages/hive_interface2/hive_interface2_s__rosidl_typesupport_c.so" to ""
[4.515s] -- Installing: /home/thomas24/hive_ws2/install/hive_interface2/lib/libhive_interface2__rosidl_generator_py.so
[4.515s] -- Set non-toolchain portion of runtime path of "/home/thomas24/hive_ws2/install/hive_interface2/lib/libhive_interface2__rosidl_generator_py.so" to ""
[4.515s] -- Installing: /home/thomas24/hive_ws2/install/hive_interface2/share/hive_interface2/msg/LaneletMini2.idl
[4.515s] -- Installing: /home/thomas24/hive_ws2/install/hive_interface2/share/hive_interface2/msg/LaneletMini2.msg
[4.515s] -- Installing: /home/thomas24/hive_ws2/install/hive_interface2/share/ament_index/resource_index/package_run_dependencies/hive_interface2
[4.515s] -- Installing: /home/thomas24/hive_ws2/install/hive_interface2/share/ament_index/resource_index/parent_prefix_path/hive_interface2
[4.515s] -- Installing: /home/thomas24/hive_ws2/install/hive_interface2/share/hive_interface2/environment/ament_prefix_path.sh
[4.516s] -- Installing: /home/thomas24/hive_ws2/install/hive_interface2/share/hive_interface2/environment/ament_prefix_path.dsv
[4.516s] -- Installing: /home/thomas24/hive_ws2/install/hive_interface2/share/hive_interface2/environment/path.sh
[4.516s] -- Installing: /home/thomas24/hive_ws2/install/hive_interface2/share/hive_interface2/environment/path.dsv
[4.516s] -- Installing: /home/thomas24/hive_ws2/install/hive_interface2/share/hive_interface2/local_setup.bash
[4.516s] -- Installing: /home/thomas24/hive_ws2/install/hive_interface2/share/hive_interface2/local_setup.sh
[4.516s] -- Installing: /home/thomas24/hive_ws2/install/hive_interface2/share/hive_interface2/local_setup.zsh
[4.516s] -- Installing: /home/thomas24/hive_ws2/install/hive_interface2/share/hive_interface2/local_setup.dsv
[4.516s] -- Installing: /home/thomas24/hive_ws2/install/hive_interface2/share/hive_interface2/package.dsv
[4.516s] -- Installing: /home/thomas24/hive_ws2/install/hive_interface2/share/ament_index/resource_index/packages/hive_interface2
[4.516s] -- Installing: /home/thomas24/hive_ws2/install/hive_interface2/share/hive_interface2/cmake/export_hive_interface2__rosidl_generator_cExport.cmake
[4.517s] -- Installing: /home/thomas24/hive_ws2/install/hive_interface2/share/hive_interface2/cmake/export_hive_interface2__rosidl_generator_cExport-noconfig.cmake
[4.517s] -- Installing: /home/thomas24/hive_ws2/install/hive_interface2/share/hive_interface2/cmake/export_hive_interface2__rosidl_typesupport_fastrtps_cExport.cmake
[4.517s] -- Installing: /home/thomas24/hive_ws2/install/hive_interface2/share/hive_interface2/cmake/export_hive_interface2__rosidl_typesupport_fastrtps_cExport-noconfig.cmake
[4.517s] -- Installing: /home/thomas24/hive_ws2/install/hive_interface2/share/hive_interface2/cmake/hive_interface2__rosidl_typesupport_introspection_cExport.cmake
[4.517s] -- Installing: /home/thomas24/hive_ws2/install/hive_interface2/share/hive_interface2/cmake/hive_interface2__rosidl_typesupport_introspection_cExport-noconfig.cmake
[4.517s] -- Installing: /home/thomas24/hive_ws2/install/hive_interface2/share/hive_interface2/cmake/hive_interface2__rosidl_typesupport_cExport.cmake
[4.517s] -- Installing: /home/thomas24/hive_ws2/install/hive_interface2/share/hive_interface2/cmake/hive_interface2__rosidl_typesupport_cExport-noconfig.cmake
[4.517s] -- Installing: /home/thomas24/hive_ws2/install/hive_interface2/share/hive_interface2/cmake/export_hive_interface2__rosidl_generator_cppExport.cmake
[4.517s] -- Installing: /home/thomas24/hive_ws2/install/hive_interface2/share/hive_interface2/cmake/export_hive_interface2__rosidl_typesupport_fastrtps_cppExport.cmake
[4.518s] -- Installing: /home/thomas24/hive_ws2/install/hive_interface2/share/hive_interface2/cmake/export_hive_interface2__rosidl_typesupport_fastrtps_cppExport-noconfig.cmake
[4.518s] -- Installing: /home/thomas24/hive_ws2/install/hive_interface2/share/hive_interface2/cmake/hive_interface2__rosidl_typesupport_introspection_cppExport.cmake
[4.518s] -- Installing: /home/thomas24/hive_ws2/install/hive_interface2/share/hive_interface2/cmake/hive_interface2__rosidl_typesupport_introspection_cppExport-noconfig.cmake
[4.518s] -- Installing: /home/thomas24/hive_ws2/install/hive_interface2/share/hive_interface2/cmake/hive_interface2__rosidl_typesupport_cppExport.cmake
[4.518s] -- Installing: /home/thomas24/hive_ws2/install/hive_interface2/share/hive_interface2/cmake/hive_interface2__rosidl_typesupport_cppExport-noconfig.cmake
[4.518s] -- Installing: /home/thomas24/hive_ws2/install/hive_interface2/share/hive_interface2/cmake/export_hive_interface2__rosidl_generator_pyExport.cmake
[4.518s] -- Installing: /home/thomas24/hive_ws2/install/hive_interface2/share/hive_interface2/cmake/export_hive_interface2__rosidl_generator_pyExport-noconfig.cmake
[4.518s] -- Installing: /home/thomas24/hive_ws2/install/hive_interface2/share/hive_interface2/cmake/rosidl_cmake-extras.cmake
[4.519s] -- Installing: /home/thomas24/hive_ws2/install/hive_interface2/share/hive_interface2/cmake/ament_cmake_export_dependencies-extras.cmake
[4.519s] -- Installing: /home/thomas24/hive_ws2/install/hive_interface2/share/hive_interface2/cmake/ament_cmake_export_include_directories-extras.cmake
[4.519s] -- Installing: /home/thomas24/hive_ws2/install/hive_interface2/share/hive_interface2/cmake/ament_cmake_export_libraries-extras.cmake
[4.519s] -- Installing: /home/thomas24/hive_ws2/install/hive_interface2/share/hive_interface2/cmake/ament_cmake_export_targets-extras.cmake
[4.519s] -- Installing: /home/thomas24/hive_ws2/install/hive_interface2/share/hive_interface2/cmake/rosidl_cmake_export_typesupport_targets-extras.cmake
[4.519s] -- Installing: /home/thomas24/hive_ws2/install/hive_interface2/share/hive_interface2/cmake/rosidl_cmake_export_typesupport_libraries-extras.cmake
[4.519s] -- Installing: /home/thomas24/hive_ws2/install/hive_interface2/share/hive_interface2/cmake/hive_interface2Config.cmake
[4.519s] -- Installing: /home/thomas24/hive_ws2/install/hive_interface2/share/hive_interface2/cmake/hive_interface2Config-version.cmake
[4.520s] -- Installing: /home/thomas24/hive_ws2/install/hive_interface2/share/hive_interface2/package.xml
[4.522s] Invoked command in '/home/thomas24/hive_ws2/build/hive_interface2' returned '0': CMAKE_PREFIX_PATH=${CMAKE_PREFIX_PATH}:/home/thomas24/hive_ws2/install/vanilla_brain_nav2:/home/thomas24/hive_ws2/install/nav2_loopback_sim:/home/thomas24/hive_ws2/install/nav2_simple_commander:/home/thomas24/hiveverse_ws/install/hive_tools:/home/thomas24/hiveverse_ws/install/hive_bringup:/opt/ros/jazzy DEBUGINFOD_URLS=https://debuginfod.ubuntu.com /usr/bin/cmake --install /home/thomas24/hive_ws2/build/hive_interface2
