-- Found ament_cmake: 2.5.4 (/opt/ros/jazzy/share/ament_cmake/cmake)
-- Override CMake install command with custom implementation using symlinks instead of copying resources
-- Found geometry_msgs: 5.3.6 (/opt/ros/jazzy/share/geometry_msgs/cmake)
-- Found rosidl_generator_c: 4.6.6 (/opt/ros/jazzy/share/rosidl_generator_c/cmake)
-- Found rosidl_generator_cpp: 4.6.6 (/opt/ros/jazzy/share/rosidl_generator_cpp/cmake)
-- Using all available rosidl_typesupport_c: rosidl_typesupport_fastrtps_c;rosidl_typesupport_introspection_c
-- Using all available rosidl_typesupport_cpp: rosidl_typesupport_fastrtps_cpp;rosidl_typesupport_introspection_cpp
-- Found nav2_common: 1.4.0 (/home/thomas24/hive_ws2/install/nav2_common/share/nav2_common/cmake)
-- Found nav2_core: 1.4.0 (/home/thomas24/hive_ws2/install/nav2_core/share/nav2_core/cmake)
-- Found rmw_implementation_cmake: 7.3.2 (/opt/ros/jazzy/share/rmw_implementation_cmake/cmake)
-- Found rmw_fastrtps_cpp: 8.4.3 (/opt/ros/jazzy/share/rmw_fastrtps_cpp/cmake)
-- Using RMW implementation 'rmw_fastrtps_cpp' as default
-- Found eigen3_cmake_module: 0.3.0 (/opt/ros/jazzy/share/eigen3_cmake_module/cmake)
-- Ensuring Eigen3 include directory is part of orocos-kdl CMake target
-- Found ament_lint_auto: 0.17.3 (/opt/ros/jazzy/share/ament_lint_auto/cmake)
-- Found gtest sources under '/opt/ros/jazzy/src/gtest_vendor': C++ tests using 'Google Test' will be built
-- Added test 'copyright' to check source files copyright and LICENSE
-- Added test 'cppcheck' to perform static code analysis on C / C++ code
-- Configured cppcheck include dirs: $<BUILD_INTERFACE:/home/thomas24/hive_ws2/src/navigation2/nav2_theta_star_planner/include>
-- Configured cppcheck exclude dirs and/or files: 
-- Added test 'cpplint' to check C / C++ code against the Google style
-- Configured cpplint exclude dirs and/or files: 
-- Added test 'lint_cmake' to check CMake code style
-- Added test 'uncrustify' to check C / C++ code style
-- Configured uncrustify additional arguments: 
-- Added test 'xmllint' to check XML markup files
-- Configuring done (1.9s)
-- Generating done (0.0s)
-- Build files have been written to: /home/thomas24/hive_ws2/build/nav2_theta_star_planner
[ 22%] Built target gtest_main
[ 44%] Built target gtest
[ 77%] Built target nav2_theta_star_planner
[100%] Built target test_theta_star
-- Install configuration: "Release"
-- Execute custom install script
-- Up-to-date symlink: /home/thomas24/hive_ws2/install/nav2_theta_star_planner/share/nav2_theta_star_planner//theta_star_planner.xml
-- Up-to-date symlink: /home/thomas24/hive_ws2/install/nav2_theta_star_planner/include/nav2_theta_star_planner/nav2_theta_star_planner/theta_star.hpp
-- Up-to-date symlink: /home/thomas24/hive_ws2/install/nav2_theta_star_planner/include/nav2_theta_star_planner/nav2_theta_star_planner/theta_star_planner.hpp
-- Up-to-date symlink: /home/thomas24/hive_ws2/install/nav2_theta_star_planner/share/nav2_theta_star_planner/theta_star_planner.xml
-- Up-to-date symlink: /home/thomas24/hive_ws2/install/nav2_theta_star_planner/share/nav2_theta_star_planner/environment/library_path.sh
-- Up-to-date symlink: /home/thomas24/hive_ws2/install/nav2_theta_star_planner/share/nav2_theta_star_planner/environment/library_path.dsv
-- Up-to-date symlink: /home/thomas24/hive_ws2/install/nav2_theta_star_planner/share/ament_index/resource_index/package_run_dependencies/nav2_theta_star_planner
-- Up-to-date symlink: /home/thomas24/hive_ws2/install/nav2_theta_star_planner/share/ament_index/resource_index/parent_prefix_path/nav2_theta_star_planner
-- Up-to-date symlink: /home/thomas24/hive_ws2/install/nav2_theta_star_planner/share/nav2_theta_star_planner/environment/ament_prefix_path.sh
-- Up-to-date symlink: /home/thomas24/hive_ws2/install/nav2_theta_star_planner/share/nav2_theta_star_planner/environment/ament_prefix_path.dsv
-- Up-to-date symlink: /home/thomas24/hive_ws2/install/nav2_theta_star_planner/share/nav2_theta_star_planner/environment/path.sh
-- Up-to-date symlink: /home/thomas24/hive_ws2/install/nav2_theta_star_planner/share/nav2_theta_star_planner/environment/path.dsv
-- Up-to-date symlink: /home/thomas24/hive_ws2/install/nav2_theta_star_planner/share/nav2_theta_star_planner/local_setup.bash
-- Up-to-date symlink: /home/thomas24/hive_ws2/install/nav2_theta_star_planner/share/nav2_theta_star_planner/local_setup.sh
-- Up-to-date symlink: /home/thomas24/hive_ws2/install/nav2_theta_star_planner/share/nav2_theta_star_planner/local_setup.zsh
-- Up-to-date symlink: /home/thomas24/hive_ws2/install/nav2_theta_star_planner/share/nav2_theta_star_planner/local_setup.dsv
-- Symlinking: /home/thomas24/hive_ws2/install/nav2_theta_star_planner/share/nav2_theta_star_planner/package.dsv
-- Up-to-date symlink: /home/thomas24/hive_ws2/install/nav2_theta_star_planner/share/ament_index/resource_index/packages/nav2_theta_star_planner
-- Up-to-date symlink: /home/thomas24/hive_ws2/install/nav2_theta_star_planner/share/ament_index/resource_index/nav2_core__pluginlib__plugin/nav2_theta_star_planner
-- Up-to-date symlink: /home/thomas24/hive_ws2/install/nav2_theta_star_planner/share/nav2_theta_star_planner/cmake/ament_cmake_export_include_directories-extras.cmake
-- Up-to-date symlink: /home/thomas24/hive_ws2/install/nav2_theta_star_planner/share/nav2_theta_star_planner/cmake/ament_cmake_export_libraries-extras.cmake
-- Up-to-date symlink: /home/thomas24/hive_ws2/install/nav2_theta_star_planner/share/nav2_theta_star_planner/cmake/ament_cmake_export_dependencies-extras.cmake
-- Up-to-date symlink: /home/thomas24/hive_ws2/install/nav2_theta_star_planner/share/nav2_theta_star_planner/cmake/ament_cmake_export_targets-extras.cmake
-- Up-to-date symlink: /home/thomas24/hive_ws2/install/nav2_theta_star_planner/share/nav2_theta_star_planner/cmake/nav2_theta_star_plannerConfig.cmake
-- Up-to-date symlink: /home/thomas24/hive_ws2/install/nav2_theta_star_planner/share/nav2_theta_star_planner/cmake/nav2_theta_star_plannerConfig-version.cmake
-- Up-to-date symlink: /home/thomas24/hive_ws2/install/nav2_theta_star_planner/share/nav2_theta_star_planner/package.xml
-- Up-to-date: /home/thomas24/hive_ws2/install/nav2_theta_star_planner/lib/libnav2_theta_star_planner.so
-- Up-to-date: /home/thomas24/hive_ws2/install/nav2_theta_star_planner/share/nav2_theta_star_planner/cmake/nav2_theta_star_plannerExport.cmake
-- Up-to-date: /home/thomas24/hive_ws2/install/nav2_theta_star_planner/share/nav2_theta_star_planner/cmake/nav2_theta_star_plannerExport-release.cmake
