[0.030s] Invoking command in '/home/thomas24/hive_ws2/build/nav2_map_server': AMENT_PREFIX_PATH=/home/thomas24/hive_ws2/install/nav2_util:/home/thomas24/hive_ws2/install/nav2_ros_common:/home/thomas24/hive_ws2/install/nav2_msgs:/home/thomas24/hive_ws2/install/nav2_common:${AMENT_PREFIX_PATH} CMAKE_PREFIX_PATH=/home/thomas24/hive_ws2/install/nav2_util:/home/thomas24/hive_ws2/install/nav2_ros_common:/home/thomas24/hive_ws2/install/nav2_msgs:/home/thomas24/hive_ws2/install/nav2_common:/home/thomas24/hiveverse_ws/install/hive_simulation:/home/thomas24/hiveverse_ws/install/hive_robot_description:/opt/ros/jazzy/opt/gz_sim_vendor:/opt/ros/jazzy/opt/gz_sensors_vendor:/opt/ros/jazzy/opt/gz_physics_vendor:/opt/ros/jazzy/opt/sdformat_vendor:/opt/ros/jazzy/opt/gz_gui_vendor:/opt/ros/jazzy/opt/gz_transport_vendor:/opt/ros/jazzy/opt/gz_rendering_vendor:/opt/ros/jazzy/opt/gz_plugin_vendor:/opt/ros/jazzy/opt/gz_fuel_tools_vendor:/opt/ros/jazzy/opt/gz_msgs_vendor:/opt/ros/jazzy/opt/gz_common_vendor:/opt/ros/jazzy/opt/gz_math_vendor:/opt/ros/jazzy/opt/gz_utils_vendor:/opt/ros/jazzy/opt/gz_tools_vendor:/opt/ros/jazzy/opt/gz_ogre_next_vendor:/opt/ros/jazzy/opt/gz_dartsim_vendor:/opt/ros/jazzy/opt/gz_cmake_vendor:/home/thomas24/hiveverse_ws/install/hive_tools:/home/thomas24/hiveverse_ws/install/hive_bringup:/opt/ros/jazzy DEBUGINFOD_URLS=https://debuginfod.ubuntu.com LD_LIBRARY_PATH=/home/thomas24/hive_ws2/install/nav2_util/lib:/home/thomas24/hive_ws2/install/nav2_msgs/lib:${LD_LIBRARY_PATH} PYTHONPATH=/home/thomas24/hive_ws2/install/nav2_msgs/lib/python3.12/site-packages:/home/thomas24/hive_ws2/install/nav2_common/lib/python3.12/site-packages:${PYTHONPATH} /usr/bin/cmake --build /home/thomas24/hive_ws2/build/nav2_map_server -- -j16 -l16
[0.121s] [  6%] Built target map_io
[0.121s] [ 11%] Built target gtest
[0.128s] [ 15%] Built target gtest_main
[0.129s] [ 22%] Built target vector_object_core
[0.197s] [ 28%] Built target test_map_saver_publisher
[0.208s] [ 37%] Built target map_server_core
[0.208s] [ 42%] Built target vector_object_server
[0.208s] [ 48%] Built target test_map_saver_cli
[0.223s] [ 53%] Built target test_vector_object_shapes
[0.231s] [ 57%] Built target test_vector_object_server
[0.238s] [ 64%] Built target test_map_io
[0.275s] [ 68%] Built target map_saver_server
[0.292s] [ 73%] Built target test_costmap_filter_info_server
[0.293s] [ 77%] Built target map_saver_cli
[0.294s] [ 82%] Built target map_server
[0.295s] [ 88%] Built target test_map_saver_node
[0.303s] [ 93%] Built target costmap_filter_info_server
[0.308s] [100%] Built target test_map_server_node
[0.402s] Invoked command in '/home/thomas24/hive_ws2/build/nav2_map_server' returned '0': AMENT_PREFIX_PATH=/home/thomas24/hive_ws2/install/nav2_util:/home/thomas24/hive_ws2/install/nav2_ros_common:/home/thomas24/hive_ws2/install/nav2_msgs:/home/thomas24/hive_ws2/install/nav2_common:${AMENT_PREFIX_PATH} CMAKE_PREFIX_PATH=/home/thomas24/hive_ws2/install/nav2_util:/home/thomas24/hive_ws2/install/nav2_ros_common:/home/thomas24/hive_ws2/install/nav2_msgs:/home/thomas24/hive_ws2/install/nav2_common:/home/thomas24/hiveverse_ws/install/hive_simulation:/home/thomas24/hiveverse_ws/install/hive_robot_description:/opt/ros/jazzy/opt/gz_sim_vendor:/opt/ros/jazzy/opt/gz_sensors_vendor:/opt/ros/jazzy/opt/gz_physics_vendor:/opt/ros/jazzy/opt/sdformat_vendor:/opt/ros/jazzy/opt/gz_gui_vendor:/opt/ros/jazzy/opt/gz_transport_vendor:/opt/ros/jazzy/opt/gz_rendering_vendor:/opt/ros/jazzy/opt/gz_plugin_vendor:/opt/ros/jazzy/opt/gz_fuel_tools_vendor:/opt/ros/jazzy/opt/gz_msgs_vendor:/opt/ros/jazzy/opt/gz_common_vendor:/opt/ros/jazzy/opt/gz_math_vendor:/opt/ros/jazzy/opt/gz_utils_vendor:/opt/ros/jazzy/opt/gz_tools_vendor:/opt/ros/jazzy/opt/gz_ogre_next_vendor:/opt/ros/jazzy/opt/gz_dartsim_vendor:/opt/ros/jazzy/opt/gz_cmake_vendor:/home/thomas24/hiveverse_ws/install/hive_tools:/home/thomas24/hiveverse_ws/install/hive_bringup:/opt/ros/jazzy DEBUGINFOD_URLS=https://debuginfod.ubuntu.com LD_LIBRARY_PATH=/home/thomas24/hive_ws2/install/nav2_util/lib:/home/thomas24/hive_ws2/install/nav2_msgs/lib:${LD_LIBRARY_PATH} PYTHONPATH=/home/thomas24/hive_ws2/install/nav2_msgs/lib/python3.12/site-packages:/home/thomas24/hive_ws2/install/nav2_common/lib/python3.12/site-packages:${PYTHONPATH} /usr/bin/cmake --build /home/thomas24/hive_ws2/build/nav2_map_server -- -j16 -l16
[0.403s] Invoking command in '/home/thomas24/hive_ws2/build/nav2_map_server': AMENT_PREFIX_PATH=/home/thomas24/hive_ws2/install/nav2_util:/home/thomas24/hive_ws2/install/nav2_ros_common:/home/thomas24/hive_ws2/install/nav2_msgs:/home/thomas24/hive_ws2/install/nav2_common:${AMENT_PREFIX_PATH} CMAKE_PREFIX_PATH=/home/thomas24/hive_ws2/install/nav2_util:/home/thomas24/hive_ws2/install/nav2_ros_common:/home/thomas24/hive_ws2/install/nav2_msgs:/home/thomas24/hive_ws2/install/nav2_common:/home/thomas24/hiveverse_ws/install/hive_simulation:/home/thomas24/hiveverse_ws/install/hive_robot_description:/opt/ros/jazzy/opt/gz_sim_vendor:/opt/ros/jazzy/opt/gz_sensors_vendor:/opt/ros/jazzy/opt/gz_physics_vendor:/opt/ros/jazzy/opt/sdformat_vendor:/opt/ros/jazzy/opt/gz_gui_vendor:/opt/ros/jazzy/opt/gz_transport_vendor:/opt/ros/jazzy/opt/gz_rendering_vendor:/opt/ros/jazzy/opt/gz_plugin_vendor:/opt/ros/jazzy/opt/gz_fuel_tools_vendor:/opt/ros/jazzy/opt/gz_msgs_vendor:/opt/ros/jazzy/opt/gz_common_vendor:/opt/ros/jazzy/opt/gz_math_vendor:/opt/ros/jazzy/opt/gz_utils_vendor:/opt/ros/jazzy/opt/gz_tools_vendor:/opt/ros/jazzy/opt/gz_ogre_next_vendor:/opt/ros/jazzy/opt/gz_dartsim_vendor:/opt/ros/jazzy/opt/gz_cmake_vendor:/home/thomas24/hiveverse_ws/install/hive_tools:/home/thomas24/hiveverse_ws/install/hive_bringup:/opt/ros/jazzy DEBUGINFOD_URLS=https://debuginfod.ubuntu.com LD_LIBRARY_PATH=/home/thomas24/hive_ws2/install/nav2_util/lib:/home/thomas24/hive_ws2/install/nav2_msgs/lib:${LD_LIBRARY_PATH} PYTHONPATH=/home/thomas24/hive_ws2/install/nav2_msgs/lib/python3.12/site-packages:/home/thomas24/hive_ws2/install/nav2_common/lib/python3.12/site-packages:${PYTHONPATH} /usr/bin/cmake --install /home/thomas24/hive_ws2/build/nav2_map_server
[0.443s] -- Install configuration: "Release"
[0.443s] -- Execute custom install script
[0.443s] -- Up-to-date symlink: /home/thomas24/hive_ws2/install/nav2_map_server/lib/nav2_map_server/map_server
[0.443s] -- Up-to-date symlink: /home/thomas24/hive_ws2/install/nav2_map_server/lib/nav2_map_server/map_saver_cli
[0.444s] -- Up-to-date symlink: /home/thomas24/hive_ws2/install/nav2_map_server/lib/nav2_map_server/map_saver_server
[0.444s] -- Up-to-date symlink: /home/thomas24/hive_ws2/install/nav2_map_server/lib/nav2_map_server/costmap_filter_info_server
[0.444s] -- Up-to-date symlink: /home/thomas24/hive_ws2/install/nav2_map_server/lib/nav2_map_server/vector_object_server
[0.444s] -- Up-to-date symlink: /home/thomas24/hive_ws2/install/nav2_map_server/include/nav2_map_server/nav2_map_server/costmap_filter_info_server.hpp
[0.444s] -- Up-to-date symlink: /home/thomas24/hive_ws2/install/nav2_map_server/include/nav2_map_server/nav2_map_server/map_io.hpp
[0.444s] -- Up-to-date symlink: /home/thomas24/hive_ws2/install/nav2_map_server/include/nav2_map_server/nav2_map_server/map_mode.hpp
[0.444s] -- Up-to-date symlink: /home/thomas24/hive_ws2/install/nav2_map_server/include/nav2_map_server/nav2_map_server/map_saver.hpp
[0.444s] -- Up-to-date symlink: /home/thomas24/hive_ws2/install/nav2_map_server/include/nav2_map_server/nav2_map_server/map_server.hpp
[0.444s] -- Up-to-date symlink: /home/thomas24/hive_ws2/install/nav2_map_server/include/nav2_map_server/nav2_map_server/vector_object_server.hpp
[0.444s] -- Up-to-date symlink: /home/thomas24/hive_ws2/install/nav2_map_server/include/nav2_map_server/nav2_map_server/vector_object_shapes.hpp
[0.444s] -- Up-to-date symlink: /home/thomas24/hive_ws2/install/nav2_map_server/include/nav2_map_server/nav2_map_server/vector_object_utils.hpp
[0.444s] -- Up-to-date symlink: /home/thomas24/hive_ws2/install/nav2_map_server/share/nav2_map_server/launch/map_saver_server.launch.py
[0.444s] -- Up-to-date symlink: /home/thomas24/hive_ws2/install/nav2_map_server/share/nav2_map_server/launch/vector_object_server.launch.py
[0.444s] -- Up-to-date symlink: /home/thomas24/hive_ws2/install/nav2_map_server/share/nav2_map_server/params/vector_object_server_params.yaml
[0.445s] -- Up-to-date symlink: /home/thomas24/hive_ws2/install/nav2_map_server/share/nav2_map_server/environment/library_path.sh
[0.445s] -- Up-to-date symlink: /home/thomas24/hive_ws2/install/nav2_map_server/share/nav2_map_server/environment/library_path.dsv
[0.445s] -- Up-to-date symlink: /home/thomas24/hive_ws2/install/nav2_map_server/share/ament_index/resource_index/package_run_dependencies/nav2_map_server
[0.445s] -- Up-to-date symlink: /home/thomas24/hive_ws2/install/nav2_map_server/share/ament_index/resource_index/parent_prefix_path/nav2_map_server
[0.445s] -- Up-to-date symlink: /home/thomas24/hive_ws2/install/nav2_map_server/share/nav2_map_server/environment/ament_prefix_path.sh
[0.445s] -- Up-to-date symlink: /home/thomas24/hive_ws2/install/nav2_map_server/share/nav2_map_server/environment/ament_prefix_path.dsv
[0.445s] -- Up-to-date symlink: /home/thomas24/hive_ws2/install/nav2_map_server/share/nav2_map_server/environment/path.sh
[0.445s] -- Up-to-date symlink: /home/thomas24/hive_ws2/install/nav2_map_server/share/nav2_map_server/environment/path.dsv
[0.445s] -- Up-to-date symlink: /home/thomas24/hive_ws2/install/nav2_map_server/share/nav2_map_server/local_setup.bash
[0.445s] -- Up-to-date symlink: /home/thomas24/hive_ws2/install/nav2_map_server/share/nav2_map_server/local_setup.sh
[0.451s] -- Up-to-date symlink: /home/thomas24/hive_ws2/install/nav2_map_server/share/nav2_map_server/local_setup.zsh
[0.451s] -- Up-to-date symlink: /home/thomas24/hive_ws2/install/nav2_map_server/share/nav2_map_server/local_setup.dsv
[0.467s] -- Symlinking: /home/thomas24/hive_ws2/install/nav2_map_server/share/nav2_map_server/package.dsv
[0.468s] -- Up-to-date symlink: /home/thomas24/hive_ws2/install/nav2_map_server/share/ament_index/resource_index/packages/nav2_map_server
[0.468s] -- Up-to-date symlink: /home/thomas24/hive_ws2/install/nav2_map_server/share/ament_index/resource_index/rclcpp_components/nav2_map_server
[0.469s] -- Up-to-date symlink: /home/thomas24/hive_ws2/install/nav2_map_server/share/nav2_map_server/cmake/ament_cmake_export_include_directories-extras.cmake
[0.469s] -- Up-to-date symlink: /home/thomas24/hive_ws2/install/nav2_map_server/share/nav2_map_server/cmake/ament_cmake_export_libraries-extras.cmake
[0.469s] -- Up-to-date symlink: /home/thomas24/hive_ws2/install/nav2_map_server/share/nav2_map_server/cmake/ament_cmake_export_dependencies-extras.cmake
[0.469s] -- Up-to-date symlink: /home/thomas24/hive_ws2/install/nav2_map_server/share/nav2_map_server/cmake/ament_cmake_export_targets-extras.cmake
[0.469s] -- Up-to-date symlink: /home/thomas24/hive_ws2/install/nav2_map_server/share/nav2_map_server/cmake/nav2_map_serverConfig.cmake
[0.469s] -- Up-to-date symlink: /home/thomas24/hive_ws2/install/nav2_map_server/share/nav2_map_server/cmake/nav2_map_serverConfig-version.cmake
[0.469s] -- Up-to-date symlink: /home/thomas24/hive_ws2/install/nav2_map_server/share/nav2_map_server/package.xml
[0.469s] -- Up-to-date: /home/thomas24/hive_ws2/install/nav2_map_server/lib/libmap_server_core.so
[0.469s] -- Up-to-date: /home/thomas24/hive_ws2/install/nav2_map_server/lib/libmap_io.so
[0.469s] -- Up-to-date: /home/thomas24/hive_ws2/install/nav2_map_server/lib/libvector_object_core.so
[0.469s] -- Up-to-date: /home/thomas24/hive_ws2/install/nav2_map_server/share/nav2_map_server/cmake/map_server_coreExport.cmake
[0.469s] -- Up-to-date: /home/thomas24/hive_ws2/install/nav2_map_server/share/nav2_map_server/cmake/map_server_coreExport-release.cmake
[0.511s] Invoked command in '/home/thomas24/hive_ws2/build/nav2_map_server' returned '0': AMENT_PREFIX_PATH=/home/thomas24/hive_ws2/install/nav2_util:/home/thomas24/hive_ws2/install/nav2_ros_common:/home/thomas24/hive_ws2/install/nav2_msgs:/home/thomas24/hive_ws2/install/nav2_common:${AMENT_PREFIX_PATH} CMAKE_PREFIX_PATH=/home/thomas24/hive_ws2/install/nav2_util:/home/thomas24/hive_ws2/install/nav2_ros_common:/home/thomas24/hive_ws2/install/nav2_msgs:/home/thomas24/hive_ws2/install/nav2_common:/home/thomas24/hiveverse_ws/install/hive_simulation:/home/thomas24/hiveverse_ws/install/hive_robot_description:/opt/ros/jazzy/opt/gz_sim_vendor:/opt/ros/jazzy/opt/gz_sensors_vendor:/opt/ros/jazzy/opt/gz_physics_vendor:/opt/ros/jazzy/opt/sdformat_vendor:/opt/ros/jazzy/opt/gz_gui_vendor:/opt/ros/jazzy/opt/gz_transport_vendor:/opt/ros/jazzy/opt/gz_rendering_vendor:/opt/ros/jazzy/opt/gz_plugin_vendor:/opt/ros/jazzy/opt/gz_fuel_tools_vendor:/opt/ros/jazzy/opt/gz_msgs_vendor:/opt/ros/jazzy/opt/gz_common_vendor:/opt/ros/jazzy/opt/gz_math_vendor:/opt/ros/jazzy/opt/gz_utils_vendor:/opt/ros/jazzy/opt/gz_tools_vendor:/opt/ros/jazzy/opt/gz_ogre_next_vendor:/opt/ros/jazzy/opt/gz_dartsim_vendor:/opt/ros/jazzy/opt/gz_cmake_vendor:/home/thomas24/hiveverse_ws/install/hive_tools:/home/thomas24/hiveverse_ws/install/hive_bringup:/opt/ros/jazzy DEBUGINFOD_URLS=https://debuginfod.ubuntu.com LD_LIBRARY_PATH=/home/thomas24/hive_ws2/install/nav2_util/lib:/home/thomas24/hive_ws2/install/nav2_msgs/lib:${LD_LIBRARY_PATH} PYTHONPATH=/home/thomas24/hive_ws2/install/nav2_msgs/lib/python3.12/site-packages:/home/thomas24/hive_ws2/install/nav2_common/lib/python3.12/site-packages:${PYTHONPATH} /usr/bin/cmake --install /home/thomas24/hive_ws2/build/nav2_map_server
