[0.013s] Invoking command in '/home/thomas24/hive_ws2/build/nav2_ros_common': AMENT_PREFIX_PATH=/home/thomas24/hive_ws2/install/nav2_msgs:/home/thomas24/hive_ws2/install/nav2_common:${AMENT_PREFIX_PATH} CMAKE_PREFIX_PATH=/home/thomas24/hive_ws2/install/nav2_msgs:/home/thomas24/hive_ws2/install/nav2_common:/home/thomas24/hiveverse_ws/install/hive_simulation:/home/thomas24/hiveverse_ws/install/hive_robot_description:/opt/ros/jazzy/opt/gz_sim_vendor:/opt/ros/jazzy/opt/gz_sensors_vendor:/opt/ros/jazzy/opt/gz_physics_vendor:/opt/ros/jazzy/opt/sdformat_vendor:/opt/ros/jazzy/opt/gz_gui_vendor:/opt/ros/jazzy/opt/gz_transport_vendor:/opt/ros/jazzy/opt/gz_rendering_vendor:/opt/ros/jazzy/opt/gz_plugin_vendor:/opt/ros/jazzy/opt/gz_fuel_tools_vendor:/opt/ros/jazzy/opt/gz_msgs_vendor:/opt/ros/jazzy/opt/gz_common_vendor:/opt/ros/jazzy/opt/gz_math_vendor:/opt/ros/jazzy/opt/gz_utils_vendor:/opt/ros/jazzy/opt/gz_tools_vendor:/opt/ros/jazzy/opt/gz_ogre_next_vendor:/opt/ros/jazzy/opt/gz_dartsim_vendor:/opt/ros/jazzy/opt/gz_cmake_vendor:/home/thomas24/hiveverse_ws/install/hive_tools:/home/thomas24/hiveverse_ws/install/hive_bringup:/opt/ros/jazzy DEBUGINFOD_URLS=https://debuginfod.ubuntu.com LD_LIBRARY_PATH=/home/thomas24/hive_ws2/install/nav2_msgs/lib:${LD_LIBRARY_PATH} PYTHONPATH=/home/thomas24/hive_ws2/install/nav2_msgs/lib/python3.12/site-packages:/home/thomas24/hive_ws2/install/nav2_common/lib/python3.12/site-packages:${PYTHONPATH} /usr/bin/cmake --build /home/thomas24/hive_ws2/build/nav2_ros_common -- -j16 -l16
[0.082s] [ 25%] Built target gtest
[0.083s] [ 25%] Built target gtest_main
[0.117s] [ 62%] Built target test_validation_messages
[0.117s] [ 62%] Built target test_lifecycle_node
[0.117s] [ 62%] Built target test_node_utils
[0.117s] [ 75%] Built target test_service_client
[0.118s] [ 87%] Built target test_service_server
[0.123s] [100%] Built target test_actions
[0.222s] Invoked command in '/home/thomas24/hive_ws2/build/nav2_ros_common' returned '0': AMENT_PREFIX_PATH=/home/thomas24/hive_ws2/install/nav2_msgs:/home/thomas24/hive_ws2/install/nav2_common:${AMENT_PREFIX_PATH} CMAKE_PREFIX_PATH=/home/thomas24/hive_ws2/install/nav2_msgs:/home/thomas24/hive_ws2/install/nav2_common:/home/thomas24/hiveverse_ws/install/hive_simulation:/home/thomas24/hiveverse_ws/install/hive_robot_description:/opt/ros/jazzy/opt/gz_sim_vendor:/opt/ros/jazzy/opt/gz_sensors_vendor:/opt/ros/jazzy/opt/gz_physics_vendor:/opt/ros/jazzy/opt/sdformat_vendor:/opt/ros/jazzy/opt/gz_gui_vendor:/opt/ros/jazzy/opt/gz_transport_vendor:/opt/ros/jazzy/opt/gz_rendering_vendor:/opt/ros/jazzy/opt/gz_plugin_vendor:/opt/ros/jazzy/opt/gz_fuel_tools_vendor:/opt/ros/jazzy/opt/gz_msgs_vendor:/opt/ros/jazzy/opt/gz_common_vendor:/opt/ros/jazzy/opt/gz_math_vendor:/opt/ros/jazzy/opt/gz_utils_vendor:/opt/ros/jazzy/opt/gz_tools_vendor:/opt/ros/jazzy/opt/gz_ogre_next_vendor:/opt/ros/jazzy/opt/gz_dartsim_vendor:/opt/ros/jazzy/opt/gz_cmake_vendor:/home/thomas24/hiveverse_ws/install/hive_tools:/home/thomas24/hiveverse_ws/install/hive_bringup:/opt/ros/jazzy DEBUGINFOD_URLS=https://debuginfod.ubuntu.com LD_LIBRARY_PATH=/home/thomas24/hive_ws2/install/nav2_msgs/lib:${LD_LIBRARY_PATH} PYTHONPATH=/home/thomas24/hive_ws2/install/nav2_msgs/lib/python3.12/site-packages:/home/thomas24/hive_ws2/install/nav2_common/lib/python3.12/site-packages:${PYTHONPATH} /usr/bin/cmake --build /home/thomas24/hive_ws2/build/nav2_ros_common -- -j16 -l16
[0.223s] Invoking command in '/home/thomas24/hive_ws2/build/nav2_ros_common': AMENT_PREFIX_PATH=/home/thomas24/hive_ws2/install/nav2_msgs:/home/thomas24/hive_ws2/install/nav2_common:${AMENT_PREFIX_PATH} CMAKE_PREFIX_PATH=/home/thomas24/hive_ws2/install/nav2_msgs:/home/thomas24/hive_ws2/install/nav2_common:/home/thomas24/hiveverse_ws/install/hive_simulation:/home/thomas24/hiveverse_ws/install/hive_robot_description:/opt/ros/jazzy/opt/gz_sim_vendor:/opt/ros/jazzy/opt/gz_sensors_vendor:/opt/ros/jazzy/opt/gz_physics_vendor:/opt/ros/jazzy/opt/sdformat_vendor:/opt/ros/jazzy/opt/gz_gui_vendor:/opt/ros/jazzy/opt/gz_transport_vendor:/opt/ros/jazzy/opt/gz_rendering_vendor:/opt/ros/jazzy/opt/gz_plugin_vendor:/opt/ros/jazzy/opt/gz_fuel_tools_vendor:/opt/ros/jazzy/opt/gz_msgs_vendor:/opt/ros/jazzy/opt/gz_common_vendor:/opt/ros/jazzy/opt/gz_math_vendor:/opt/ros/jazzy/opt/gz_utils_vendor:/opt/ros/jazzy/opt/gz_tools_vendor:/opt/ros/jazzy/opt/gz_ogre_next_vendor:/opt/ros/jazzy/opt/gz_dartsim_vendor:/opt/ros/jazzy/opt/gz_cmake_vendor:/home/thomas24/hiveverse_ws/install/hive_tools:/home/thomas24/hiveverse_ws/install/hive_bringup:/opt/ros/jazzy DEBUGINFOD_URLS=https://debuginfod.ubuntu.com LD_LIBRARY_PATH=/home/thomas24/hive_ws2/install/nav2_msgs/lib:${LD_LIBRARY_PATH} PYTHONPATH=/home/thomas24/hive_ws2/install/nav2_msgs/lib/python3.12/site-packages:/home/thomas24/hive_ws2/install/nav2_common/lib/python3.12/site-packages:${PYTHONPATH} /usr/bin/cmake --install /home/thomas24/hive_ws2/build/nav2_ros_common
[0.232s] -- Install configuration: "Release"
[0.233s] -- Execute custom install script
[0.233s] -- Up-to-date symlink: /home/thomas24/hive_ws2/install/nav2_ros_common/include/nav2_ros_common/nav2_ros_common/action_client.hpp
[0.233s] -- Up-to-date symlink: /home/thomas24/hive_ws2/install/nav2_ros_common/include/nav2_ros_common/nav2_ros_common/interface_factories.hpp
[0.233s] -- Up-to-date symlink: /home/thomas24/hive_ws2/install/nav2_ros_common/include/nav2_ros_common/nav2_ros_common/lifecycle_node.hpp
[0.234s] -- Up-to-date symlink: /home/thomas24/hive_ws2/install/nav2_ros_common/include/nav2_ros_common/nav2_ros_common/node_thread.hpp
[0.234s] -- Up-to-date symlink: /home/thomas24/hive_ws2/install/nav2_ros_common/include/nav2_ros_common/nav2_ros_common/node_utils.hpp
[0.234s] -- Up-to-date symlink: /home/thomas24/hive_ws2/install/nav2_ros_common/include/nav2_ros_common/nav2_ros_common/publisher.hpp
[0.234s] -- Up-to-date symlink: /home/thomas24/hive_ws2/install/nav2_ros_common/include/nav2_ros_common/nav2_ros_common/qos_profiles.hpp
[0.234s] -- Up-to-date symlink: /home/thomas24/hive_ws2/install/nav2_ros_common/include/nav2_ros_common/nav2_ros_common/service_client.hpp
[0.234s] -- Up-to-date symlink: /home/thomas24/hive_ws2/install/nav2_ros_common/include/nav2_ros_common/nav2_ros_common/service_server.hpp
[0.234s] -- Up-to-date symlink: /home/thomas24/hive_ws2/install/nav2_ros_common/include/nav2_ros_common/nav2_ros_common/simple_action_server.hpp
[0.234s] -- Up-to-date symlink: /home/thomas24/hive_ws2/install/nav2_ros_common/include/nav2_ros_common/nav2_ros_common/subscription.hpp
[0.234s] -- Up-to-date symlink: /home/thomas24/hive_ws2/install/nav2_ros_common/include/nav2_ros_common/nav2_ros_common/validate_messages.hpp
[0.234s] -- Up-to-date symlink: /home/thomas24/hive_ws2/install/nav2_ros_common/share/ament_index/resource_index/package_run_dependencies/nav2_ros_common
[0.234s] -- Up-to-date symlink: /home/thomas24/hive_ws2/install/nav2_ros_common/share/ament_index/resource_index/parent_prefix_path/nav2_ros_common
[0.235s] -- Up-to-date symlink: /home/thomas24/hive_ws2/install/nav2_ros_common/share/nav2_ros_common/environment/ament_prefix_path.sh
[0.235s] -- Up-to-date symlink: /home/thomas24/hive_ws2/install/nav2_ros_common/share/nav2_ros_common/environment/ament_prefix_path.dsv
[0.235s] -- Up-to-date symlink: /home/thomas24/hive_ws2/install/nav2_ros_common/share/nav2_ros_common/environment/path.sh
[0.235s] -- Up-to-date symlink: /home/thomas24/hive_ws2/install/nav2_ros_common/share/nav2_ros_common/environment/path.dsv
[0.235s] -- Up-to-date symlink: /home/thomas24/hive_ws2/install/nav2_ros_common/share/nav2_ros_common/local_setup.bash
[0.235s] -- Up-to-date symlink: /home/thomas24/hive_ws2/install/nav2_ros_common/share/nav2_ros_common/local_setup.sh
[0.235s] -- Up-to-date symlink: /home/thomas24/hive_ws2/install/nav2_ros_common/share/nav2_ros_common/local_setup.zsh
[0.235s] -- Up-to-date symlink: /home/thomas24/hive_ws2/install/nav2_ros_common/share/nav2_ros_common/local_setup.dsv
[0.235s] -- Symlinking: /home/thomas24/hive_ws2/install/nav2_ros_common/share/nav2_ros_common/package.dsv
[0.246s] -- Up-to-date symlink: /home/thomas24/hive_ws2/install/nav2_ros_common/share/ament_index/resource_index/packages/nav2_ros_common
[0.246s] -- Up-to-date symlink: /home/thomas24/hive_ws2/install/nav2_ros_common/share/nav2_ros_common/cmake/ament_cmake_export_include_directories-extras.cmake
[0.246s] -- Up-to-date symlink: /home/thomas24/hive_ws2/install/nav2_ros_common/share/nav2_ros_common/cmake/ament_cmake_export_dependencies-extras.cmake
[0.246s] -- Up-to-date symlink: /home/thomas24/hive_ws2/install/nav2_ros_common/share/nav2_ros_common/cmake/ament_cmake_export_targets-extras.cmake
[0.247s] -- Up-to-date symlink: /home/thomas24/hive_ws2/install/nav2_ros_common/share/nav2_ros_common/cmake/nav2_ros_commonConfig.cmake
[0.247s] -- Up-to-date symlink: /home/thomas24/hive_ws2/install/nav2_ros_common/share/nav2_ros_common/cmake/nav2_ros_commonConfig-version.cmake
[0.247s] -- Up-to-date symlink: /home/thomas24/hive_ws2/install/nav2_ros_common/share/nav2_ros_common/package.xml
[0.247s] -- Up-to-date: /home/thomas24/hive_ws2/install/nav2_ros_common/share/nav2_ros_common/cmake/nav2_ros_commonExport.cmake
[0.250s] Invoked command in '/home/thomas24/hive_ws2/build/nav2_ros_common' returned '0': AMENT_PREFIX_PATH=/home/thomas24/hive_ws2/install/nav2_msgs:/home/thomas24/hive_ws2/install/nav2_common:${AMENT_PREFIX_PATH} CMAKE_PREFIX_PATH=/home/thomas24/hive_ws2/install/nav2_msgs:/home/thomas24/hive_ws2/install/nav2_common:/home/thomas24/hiveverse_ws/install/hive_simulation:/home/thomas24/hiveverse_ws/install/hive_robot_description:/opt/ros/jazzy/opt/gz_sim_vendor:/opt/ros/jazzy/opt/gz_sensors_vendor:/opt/ros/jazzy/opt/gz_physics_vendor:/opt/ros/jazzy/opt/sdformat_vendor:/opt/ros/jazzy/opt/gz_gui_vendor:/opt/ros/jazzy/opt/gz_transport_vendor:/opt/ros/jazzy/opt/gz_rendering_vendor:/opt/ros/jazzy/opt/gz_plugin_vendor:/opt/ros/jazzy/opt/gz_fuel_tools_vendor:/opt/ros/jazzy/opt/gz_msgs_vendor:/opt/ros/jazzy/opt/gz_common_vendor:/opt/ros/jazzy/opt/gz_math_vendor:/opt/ros/jazzy/opt/gz_utils_vendor:/opt/ros/jazzy/opt/gz_tools_vendor:/opt/ros/jazzy/opt/gz_ogre_next_vendor:/opt/ros/jazzy/opt/gz_dartsim_vendor:/opt/ros/jazzy/opt/gz_cmake_vendor:/home/thomas24/hiveverse_ws/install/hive_tools:/home/thomas24/hiveverse_ws/install/hive_bringup:/opt/ros/jazzy DEBUGINFOD_URLS=https://debuginfod.ubuntu.com LD_LIBRARY_PATH=/home/thomas24/hive_ws2/install/nav2_msgs/lib:${LD_LIBRARY_PATH} PYTHONPATH=/home/thomas24/hive_ws2/install/nav2_msgs/lib/python3.12/site-packages:/home/thomas24/hive_ws2/install/nav2_common/lib/python3.12/site-packages:${PYTHONPATH} /usr/bin/cmake --install /home/thomas24/hive_ws2/build/nav2_ros_common
