-- Found ament_cmake: 2.5.4 (/opt/ros/jazzy/share/ament_cmake/cmake)
-- Override CMake install command with custom implementation using symlinks instead of copying resources
-- Found ament_index_cpp: 1.8.1 (/opt/ros/jazzy/share/ament_index_cpp/cmake)
-- Found geometry_msgs: 5.3.6 (/opt/ros/jazzy/share/geometry_msgs/cmake)
-- Found rosidl_generator_c: 4.6.6 (/opt/ros/jazzy/share/rosidl_generator_c/cmake)
-- Found rosidl_generator_cpp: 4.6.6 (/opt/ros/jazzy/share/rosidl_generator_cpp/cmake)
-- Using all available rosidl_typesupport_c: rosidl_typesupport_fastrtps_c;rosidl_typesupport_introspection_c
-- Using all available rosidl_typesupport_cpp: rosidl_typesupport_fastrtps_cpp;rosidl_typesupport_introspection_cpp
-- Found nav2_behavior_tree: 1.4.0 (/home/thomas24/hive_ws2/install/nav2_behavior_tree/share/nav2_behavior_tree/cmake)
-- Found rmw_implementation_cmake: 7.3.2 (/opt/ros/jazzy/share/rmw_implementation_cmake/cmake)
-- Found rmw_fastrtps_cpp: 8.4.3 (/opt/ros/jazzy/share/rmw_fastrtps_cpp/cmake)
-- Using RMW implementation 'rmw_fastrtps_cpp' as default
-- Found eigen3_cmake_module: 0.3.0 (/opt/ros/jazzy/share/eigen3_cmake_module/cmake)
-- Ensuring Eigen3 include directory is part of orocos-kdl CMake target
-- Found nav2_core: 1.4.0 (/home/thomas24/hive_ws2/install/nav2_core/share/nav2_core/cmake)
-- Found ament_lint_auto: 0.17.3 (/opt/ros/jazzy/share/ament_lint_auto/cmake)
-- Added test 'copyright' to check source files copyright and LICENSE
-- Added test 'cppcheck' to perform static code analysis on C / C++ code
-- Configured cppcheck include dirs: $<BUILD_INTERFACE:/home/thomas24/hive_ws2/src/navigation2/nav2_bt_navigator/include>
-- Configured cppcheck exclude dirs and/or files: 
-- Added test 'cpplint' to check C / C++ code against the Google style
-- Configured cpplint exclude dirs and/or files: 
-- Added test 'lint_cmake' to check CMake code style
-- Added test 'uncrustify' to check C / C++ code style
-- Configured uncrustify additional arguments: 
-- Added test 'xmllint' to check XML markup files
-- Configuring done (1.6s)
-- Generating done (0.1s)
-- Build files have been written to: /home/thomas24/hive_ws2/build/nav2_bt_navigator
[ 25%] Built target nav2_navigate_to_pose_navigator
[ 50%] Built target nav2_navigate_through_poses
[ 75%] Built target bt_navigator_core
[100%] Built target bt_navigator
-- Install configuration: "Release"
-- Execute custom install script
-- Up-to-date symlink: /home/thomas24/hive_ws2/install/nav2_bt_navigator/share/nav2_bt_navigator//navigator_plugins.xml
-- Up-to-date symlink: /home/thomas24/hive_ws2/install/nav2_bt_navigator/lib/nav2_bt_navigator/bt_navigator
-- Up-to-date symlink: /home/thomas24/hive_ws2/install/nav2_bt_navigator/include/nav2_bt_navigator/nav2_bt_navigator/bt_navigator.hpp
-- Up-to-date symlink: /home/thomas24/hive_ws2/install/nav2_bt_navigator/include/nav2_bt_navigator/nav2_bt_navigator/navigators/navigate_through_poses.hpp
-- Up-to-date symlink: /home/thomas24/hive_ws2/install/nav2_bt_navigator/include/nav2_bt_navigator/nav2_bt_navigator/navigators/navigate_to_pose.hpp
-- Up-to-date symlink: /home/thomas24/hive_ws2/install/nav2_bt_navigator/share/nav2_bt_navigator/behavior_trees/follow_point.xml
-- Up-to-date symlink: /home/thomas24/hive_ws2/install/nav2_bt_navigator/share/nav2_bt_navigator/behavior_trees/nav_to_pose_with_consistent_replanning_and_if_path_becomes_invalid.xml
-- Up-to-date symlink: /home/thomas24/hive_ws2/install/nav2_bt_navigator/share/nav2_bt_navigator/behavior_trees/navigate_on_route_graph_w_recovery.xml
-- Up-to-date symlink: /home/thomas24/hive_ws2/install/nav2_bt_navigator/share/nav2_bt_navigator/behavior_trees/navigate_through_poses_w_replanning_and_recovery.xml
-- Up-to-date symlink: /home/thomas24/hive_ws2/install/nav2_bt_navigator/share/nav2_bt_navigator/behavior_trees/navigate_to_pose_w_replanning_and_recovery.xml
-- Up-to-date symlink: /home/thomas24/hive_ws2/install/nav2_bt_navigator/share/nav2_bt_navigator/behavior_trees/navigate_to_pose_w_replanning_goal_patience_and_recovery.xml
-- Up-to-date symlink: /home/thomas24/hive_ws2/install/nav2_bt_navigator/share/nav2_bt_navigator/behavior_trees/navigate_w_recovery_and_replanning_only_if_path_becomes_invalid.xml
-- Up-to-date symlink: /home/thomas24/hive_ws2/install/nav2_bt_navigator/share/nav2_bt_navigator/behavior_trees/navigate_w_replanning_distance.xml
-- Up-to-date symlink: /home/thomas24/hive_ws2/install/nav2_bt_navigator/share/nav2_bt_navigator/behavior_trees/navigate_w_replanning_only_if_goal_is_updated.xml
-- Up-to-date symlink: /home/thomas24/hive_ws2/install/nav2_bt_navigator/share/nav2_bt_navigator/behavior_trees/navigate_w_replanning_only_if_path_becomes_invalid.xml
-- Up-to-date symlink: /home/thomas24/hive_ws2/install/nav2_bt_navigator/share/nav2_bt_navigator/behavior_trees/navigate_w_replanning_speed.xml
-- Up-to-date symlink: /home/thomas24/hive_ws2/install/nav2_bt_navigator/share/nav2_bt_navigator/behavior_trees/navigate_w_replanning_time.xml
-- Up-to-date symlink: /home/thomas24/hive_ws2/install/nav2_bt_navigator/share/nav2_bt_navigator/behavior_trees/navigate_w_routing_global_planning_and_control_w_recovery.xml
-- Up-to-date symlink: /home/thomas24/hive_ws2/install/nav2_bt_navigator/share/nav2_bt_navigator/behavior_trees/odometry_calibration.xml
-- Up-to-date symlink: /home/thomas24/hive_ws2/install/nav2_bt_navigator/share/nav2_bt_navigator/environment/library_path.sh
-- Up-to-date symlink: /home/thomas24/hive_ws2/install/nav2_bt_navigator/share/nav2_bt_navigator/environment/library_path.dsv
-- Up-to-date symlink: /home/thomas24/hive_ws2/install/nav2_bt_navigator/share/ament_index/resource_index/package_run_dependencies/nav2_bt_navigator
-- Up-to-date symlink: /home/thomas24/hive_ws2/install/nav2_bt_navigator/share/ament_index/resource_index/parent_prefix_path/nav2_bt_navigator
-- Up-to-date symlink: /home/thomas24/hive_ws2/install/nav2_bt_navigator/share/nav2_bt_navigator/environment/ament_prefix_path.sh
-- Up-to-date symlink: /home/thomas24/hive_ws2/install/nav2_bt_navigator/share/nav2_bt_navigator/environment/ament_prefix_path.dsv
-- Up-to-date symlink: /home/thomas24/hive_ws2/install/nav2_bt_navigator/share/nav2_bt_navigator/environment/path.sh
-- Up-to-date symlink: /home/thomas24/hive_ws2/install/nav2_bt_navigator/share/nav2_bt_navigator/environment/path.dsv
-- Up-to-date symlink: /home/thomas24/hive_ws2/install/nav2_bt_navigator/share/nav2_bt_navigator/local_setup.bash
-- Up-to-date symlink: /home/thomas24/hive_ws2/install/nav2_bt_navigator/share/nav2_bt_navigator/local_setup.sh
-- Up-to-date symlink: /home/thomas24/hive_ws2/install/nav2_bt_navigator/share/nav2_bt_navigator/local_setup.zsh
-- Up-to-date symlink: /home/thomas24/hive_ws2/install/nav2_bt_navigator/share/nav2_bt_navigator/local_setup.dsv
-- Symlinking: /home/thomas24/hive_ws2/install/nav2_bt_navigator/share/nav2_bt_navigator/package.dsv
-- Up-to-date symlink: /home/thomas24/hive_ws2/install/nav2_bt_navigator/share/ament_index/resource_index/packages/nav2_bt_navigator
-- Up-to-date symlink: /home/thomas24/hive_ws2/install/nav2_bt_navigator/share/ament_index/resource_index/nav2_core__pluginlib__plugin/nav2_bt_navigator
-- Up-to-date symlink: /home/thomas24/hive_ws2/install/nav2_bt_navigator/share/ament_index/resource_index/rclcpp_components/nav2_bt_navigator
-- Up-to-date symlink: /home/thomas24/hive_ws2/install/nav2_bt_navigator/share/nav2_bt_navigator/cmake/ament_cmake_export_include_directories-extras.cmake
-- Up-to-date symlink: /home/thomas24/hive_ws2/install/nav2_bt_navigator/share/nav2_bt_navigator/cmake/ament_cmake_export_libraries-extras.cmake
-- Up-to-date symlink: /home/thomas24/hive_ws2/install/nav2_bt_navigator/share/nav2_bt_navigator/cmake/ament_cmake_export_dependencies-extras.cmake
-- Up-to-date symlink: /home/thomas24/hive_ws2/install/nav2_bt_navigator/share/nav2_bt_navigator/cmake/ament_cmake_export_targets-extras.cmake
-- Up-to-date symlink: /home/thomas24/hive_ws2/install/nav2_bt_navigator/share/nav2_bt_navigator/cmake/nav2_bt_navigatorConfig.cmake
-- Up-to-date symlink: /home/thomas24/hive_ws2/install/nav2_bt_navigator/share/nav2_bt_navigator/cmake/nav2_bt_navigatorConfig-version.cmake
-- Up-to-date symlink: /home/thomas24/hive_ws2/install/nav2_bt_navigator/share/nav2_bt_navigator/package.xml
-- Up-to-date: /home/thomas24/hive_ws2/install/nav2_bt_navigator/lib/libbt_navigator_core.so
-- Up-to-date: /home/thomas24/hive_ws2/install/nav2_bt_navigator/lib/libnav2_navigate_to_pose_navigator.so
-- Up-to-date: /home/thomas24/hive_ws2/install/nav2_bt_navigator/lib/libnav2_navigate_through_poses.so
-- Up-to-date: /home/thomas24/hive_ws2/install/nav2_bt_navigator/share/nav2_bt_navigator/cmake/export_bt_navigator_coreExport.cmake
-- Up-to-date: /home/thomas24/hive_ws2/install/nav2_bt_navigator/share/nav2_bt_navigator/cmake/export_bt_navigator_coreExport-release.cmake
