[0.008s] Invoking command in '/home/thomas24/hive_ws2/build/nav_2d_msgs': CMAKE_PREFIX_PATH=${CMAKE_PREFIX_PATH}:/opt/ros/jazzy DEBUGINFOD_URLS=https://debuginfod.ubuntu.com /usr/bin/cmake /home/thomas24/hive_ws2/src/navigation2/nav2_dwb_controller/nav_2d_msgs -DCMAKE_INSTALL_PREFIX=/home/thomas24/hive_ws2/install/nav_2d_msgs
[0.056s] -- The C compiler identification is GNU 13.3.0
[0.106s] -- The CXX compiler identification is GNU 13.3.0
[0.121s] -- Detecting C compiler ABI info
[0.209s] -- Detecting C compiler ABI info - done
[0.215s] -- Check for working C compiler: /usr/bin/cc - skipped
[0.215s] -- Detecting C compile features
[0.216s] -- Detecting C compile features - done
[0.224s] -- Detecting CXX compiler ABI info
[0.323s] -- Detecting CXX compiler ABI info - done
[0.330s] -- Check for working CXX compiler: /usr/bin/c++ - skipped
[0.330s] -- Detecting CXX compile features
[0.330s] -- Detecting CXX compile features - done
[0.337s] -- Found geometry_msgs: 5.3.6 (/opt/ros/jazzy/share/geometry_msgs/cmake)
[0.475s] -- Found Python3: /usr/bin/python3 (found version "3.12.3") found components: Interpreter 
[0.627s] -- Found rosidl_generator_c: 4.6.6 (/opt/ros/jazzy/share/rosidl_generator_c/cmake)
[0.642s] -- Found rosidl_generator_cpp: 4.6.6 (/opt/ros/jazzy/share/rosidl_generator_cpp/cmake)
[0.659s] -- Using all available rosidl_typesupport_c: rosidl_typesupport_fastrtps_c;rosidl_typesupport_introspection_c
[0.678s] -- Using all available rosidl_typesupport_cpp: rosidl_typesupport_fastrtps_cpp;rosidl_typesupport_introspection_cpp
[0.720s] -- Found rosidl_default_generators: 1.6.0 (/opt/ros/jazzy/share/rosidl_default_generators/cmake)
[0.737s] -- Found rosidl_adapter: 4.6.6 (/opt/ros/jazzy/share/rosidl_adapter/cmake)
[1.364s] -- Found ament_cmake_ros: 0.12.0 (/opt/ros/jazzy/share/ament_cmake_ros/cmake)
[2.140s] -- Using all available rosidl_typesupport_c: rosidl_typesupport_fastrtps_c;rosidl_typesupport_introspection_c
[2.477s] -- Using all available rosidl_typesupport_cpp: rosidl_typesupport_fastrtps_cpp;rosidl_typesupport_introspection_cpp
[2.481s] -- Found python_cmake_module: 0.11.1 (/opt/ros/jazzy/share/python_cmake_module/cmake)
[2.627s] -- Found PythonExtra: /usr/bin/python3  
[3.082s] -- Found Python3: /usr/bin/python3 (found version "3.12.3") found components: Interpreter Development NumPy Development.Module Development.Embed 
[3.139s] -- Configuring done (3.1s)
[3.175s] -- Generating done (0.0s)
[3.184s] -- Build files have been written to: /home/thomas24/hive_ws2/build/nav_2d_msgs
[3.203s] Invoked command in '/home/thomas24/hive_ws2/build/nav_2d_msgs' returned '0': CMAKE_PREFIX_PATH=${CMAKE_PREFIX_PATH}:/opt/ros/jazzy DEBUGINFOD_URLS=https://debuginfod.ubuntu.com /usr/bin/cmake /home/thomas24/hive_ws2/src/navigation2/nav2_dwb_controller/nav_2d_msgs -DCMAKE_INSTALL_PREFIX=/home/thomas24/hive_ws2/install/nav_2d_msgs
[3.204s] Invoking command in '/home/thomas24/hive_ws2/build/nav_2d_msgs': CMAKE_PREFIX_PATH=${CMAKE_PREFIX_PATH}:/opt/ros/jazzy DEBUGINFOD_URLS=https://debuginfod.ubuntu.com /usr/bin/cmake --build /home/thomas24/hive_ws2/build/nav_2d_msgs -- -j16 -l16
[3.262s] [  1%] [34m[1mGenerating type hashes for ROS interfaces[0m
[3.272s] [  1%] Built target ament_cmake_python_copy_nav_2d_msgs
[3.444s] [  1%] Built target nav_2d_msgs__rosidl_generator_type_description
[3.456s] [  3%] [34m[1mGenerating C code for ROS interfaces[0m
[3.469s] [  4%] [34m[1mGenerating C++ code for ROS interfaces[0m
[3.470s] running egg_info
[3.471s] creating nav_2d_msgs.egg-info
[3.488s] writing nav_2d_msgs.egg-info/PKG-INFO
[3.489s] writing dependency_links to nav_2d_msgs.egg-info/dependency_links.txt
[3.489s] writing top-level names to nav_2d_msgs.egg-info/top_level.txt
[3.489s] writing manifest file 'nav_2d_msgs.egg-info/SOURCES.txt'
[3.539s] reading manifest file 'nav_2d_msgs.egg-info/SOURCES.txt'
[3.540s] writing manifest file 'nav_2d_msgs.egg-info/SOURCES.txt'
[3.577s] [  4%] Built target ament_cmake_python_build_nav_2d_msgs_egg
[3.760s] [  4%] Built target nav_2d_msgs__cpp
[3.798s] [ 12%] [32mBuilding C object CMakeFiles/nav_2d_msgs__rosidl_generator_c.dir/rosidl_generator_c/nav_2d_msgs/msg/detail/twist2_d32__description.c.o[0m
[3.798s] [ 12%] [32mBuilding C object CMakeFiles/nav_2d_msgs__rosidl_generator_c.dir/rosidl_generator_c/nav_2d_msgs/msg/detail/pose2_d32__type_support.c.o[0m
[3.798s] [ 12%] [32mBuilding C object CMakeFiles/nav_2d_msgs__rosidl_generator_c.dir/rosidl_generator_c/nav_2d_msgs/msg/detail/pose2_d32__functions.c.o[0m
[3.798s] [ 14%] [32mBuilding C object CMakeFiles/nav_2d_msgs__rosidl_generator_c.dir/rosidl_generator_c/nav_2d_msgs/msg/detail/twist2_d32__type_support.c.o[0m
[3.798s] [ 12%] [32mBuilding C object CMakeFiles/nav_2d_msgs__rosidl_generator_c.dir/rosidl_generator_c/nav_2d_msgs/msg/detail/pose2_d32__description.c.o[0m
[3.799s] [ 15%] [32mBuilding C object CMakeFiles/nav_2d_msgs__rosidl_generator_c.dir/rosidl_generator_c/nav_2d_msgs/msg/detail/twist2_d__description.c.o[0m
[3.800s] [ 18%] [32mBuilding C object CMakeFiles/nav_2d_msgs__rosidl_generator_c.dir/rosidl_generator_c/nav_2d_msgs/msg/detail/twist2_d__type_support.c.o[0m
[3.800s] [ 18%] [32mBuilding C object CMakeFiles/nav_2d_msgs__rosidl_generator_c.dir/rosidl_generator_c/nav_2d_msgs/msg/detail/twist2_d_stamped__description.c.o[0m
[3.800s] [ 12%] [32mBuilding C object CMakeFiles/nav_2d_msgs__rosidl_generator_c.dir/rosidl_generator_c/nav_2d_msgs/msg/detail/twist2_d__functions.c.o[0m
[3.800s] [ 20%] [32mBuilding C object CMakeFiles/nav_2d_msgs__rosidl_generator_c.dir/rosidl_generator_c/nav_2d_msgs/msg/detail/twist2_d32__functions.c.o[0m
[3.803s] [ 21%] [32mBuilding C object CMakeFiles/nav_2d_msgs__rosidl_generator_c.dir/rosidl_generator_c/nav_2d_msgs/msg/detail/twist2_d_stamped__functions.c.o[0m
[3.814s] [ 23%] [32mBuilding C object CMakeFiles/nav_2d_msgs__rosidl_generator_c.dir/rosidl_generator_c/nav_2d_msgs/msg/detail/twist2_d_stamped__type_support.c.o[0m
[3.859s] [ 25%] [32m[1mLinking C shared library libnav_2d_msgs__rosidl_generator_c.so[0m
[3.901s] [ 25%] Built target nav_2d_msgs__rosidl_generator_c
[3.915s] [ 34%] [34m[1mGenerating C type support for eProsima Fast-RTPS[0m
[3.915s] [ 34%] [34m[1mGenerating C type support dispatch for ROS interfaces[0m
[3.915s] [ 34%] [34m[1mGenerating C++ type support for eProsima Fast-RTPS[0m
[3.915s] [ 34%] [34m[1mGenerating C++ introspection for ROS interfaces[0m
[3.915s] [ 34%] [34m[1mGenerating C introspection for ROS interfaces[0m
[3.915s] [ 34%] [34m[1mGenerating C++ type support dispatch for ROS interfaces[0m
[4.159s] [ 35%] [32mBuilding CXX object CMakeFiles/nav_2d_msgs__rosidl_typesupport_c.dir/rosidl_typesupport_c/nav_2d_msgs/msg/twist2_d__type_support.cpp.o[0m
[4.161s] [ 37%] [32mBuilding CXX object CMakeFiles/nav_2d_msgs__rosidl_typesupport_c.dir/rosidl_typesupport_c/nav_2d_msgs/msg/twist2_d32__type_support.cpp.o[0m
[4.172s] [ 39%] [32mBuilding CXX object CMakeFiles/nav_2d_msgs__rosidl_typesupport_c.dir/rosidl_typesupport_c/nav_2d_msgs/msg/pose2_d32__type_support.cpp.o[0m
[4.172s] [ 40%] [32mBuilding CXX object CMakeFiles/nav_2d_msgs__rosidl_typesupport_c.dir/rosidl_typesupport_c/nav_2d_msgs/msg/twist2_d_stamped__type_support.cpp.o[0m
[4.177s] [ 42%] [32mBuilding CXX object CMakeFiles/nav_2d_msgs__rosidl_typesupport_cpp.dir/rosidl_typesupport_cpp/nav_2d_msgs/msg/pose2_d32__type_support.cpp.o[0m
[4.177s] [ 43%] [32mBuilding CXX object CMakeFiles/nav_2d_msgs__rosidl_typesupport_cpp.dir/rosidl_typesupport_cpp/nav_2d_msgs/msg/twist2_d__type_support.cpp.o[0m
[4.177s] [ 45%] [32mBuilding CXX object CMakeFiles/nav_2d_msgs__rosidl_typesupport_cpp.dir/rosidl_typesupport_cpp/nav_2d_msgs/msg/twist2_d32__type_support.cpp.o[0m
[4.177s] [ 46%] [32mBuilding CXX object CMakeFiles/nav_2d_msgs__rosidl_typesupport_cpp.dir/rosidl_typesupport_cpp/nav_2d_msgs/msg/twist2_d_stamped__type_support.cpp.o[0m
[4.210s] [ 48%] [32mBuilding C object CMakeFiles/nav_2d_msgs__rosidl_typesupport_introspection_c.dir/rosidl_typesupport_introspection_c/nav_2d_msgs/msg/detail/pose2_d32__type_support.c.o[0m
[4.211s] [ 50%] [32mBuilding C object CMakeFiles/nav_2d_msgs__rosidl_typesupport_introspection_c.dir/rosidl_typesupport_introspection_c/nav_2d_msgs/msg/detail/twist2_d__type_support.c.o[0m
[4.213s] [ 51%] [32mBuilding C object CMakeFiles/nav_2d_msgs__rosidl_typesupport_introspection_c.dir/rosidl_typesupport_introspection_c/nav_2d_msgs/msg/detail/twist2_d32__type_support.c.o[0m
[4.215s] [ 53%] [32mBuilding C object CMakeFiles/nav_2d_msgs__rosidl_typesupport_introspection_c.dir/rosidl_typesupport_introspection_c/nav_2d_msgs/msg/detail/twist2_d_stamped__type_support.c.o[0m
[4.228s] [ 54%] [32mBuilding CXX object CMakeFiles/nav_2d_msgs__rosidl_typesupport_introspection_cpp.dir/rosidl_typesupport_introspection_cpp/nav_2d_msgs/msg/detail/pose2_d32__type_support.cpp.o[0m
[4.235s] [ 56%] [32mBuilding CXX object CMakeFiles/nav_2d_msgs__rosidl_typesupport_introspection_cpp.dir/rosidl_typesupport_introspection_cpp/nav_2d_msgs/msg/detail/twist2_d__type_support.cpp.o[0m
[4.235s] [ 57%] [32mBuilding CXX object CMakeFiles/nav_2d_msgs__rosidl_typesupport_introspection_cpp.dir/rosidl_typesupport_introspection_cpp/nav_2d_msgs/msg/detail/twist2_d32__type_support.cpp.o[0m
[4.240s] [ 59%] [32mBuilding CXX object CMakeFiles/nav_2d_msgs__rosidl_typesupport_introspection_cpp.dir/rosidl_typesupport_introspection_cpp/nav_2d_msgs/msg/detail/twist2_d_stamped__type_support.cpp.o[0m
[4.249s] [ 60%] [32m[1mLinking CXX shared library libnav_2d_msgs__rosidl_typesupport_c.so[0m
[4.283s] [ 62%] [32m[1mLinking C shared library libnav_2d_msgs__rosidl_typesupport_introspection_c.so[0m
[4.311s] [ 62%] Built target nav_2d_msgs__rosidl_typesupport_c
[4.315s] [ 64%] [32mBuilding CXX object CMakeFiles/nav_2d_msgs__rosidl_typesupport_fastrtps_cpp.dir/rosidl_typesupport_fastrtps_cpp/nav_2d_msgs/msg/detail/dds_fastrtps/pose2_d32__type_support.cpp.o[0m
[4.332s] [ 67%] [32mBuilding CXX object CMakeFiles/nav_2d_msgs__rosidl_typesupport_fastrtps_cpp.dir/rosidl_typesupport_fastrtps_cpp/nav_2d_msgs/msg/detail/dds_fastrtps/twist2_d__type_support.cpp.o[0m
[4.332s] [ 67%] [32mBuilding CXX object CMakeFiles/nav_2d_msgs__rosidl_typesupport_fastrtps_cpp.dir/rosidl_typesupport_fastrtps_cpp/nav_2d_msgs/msg/detail/dds_fastrtps/twist2_d32__type_support.cpp.o[0m
[4.336s] [ 68%] [32mBuilding CXX object CMakeFiles/nav_2d_msgs__rosidl_typesupport_fastrtps_cpp.dir/rosidl_typesupport_fastrtps_cpp/nav_2d_msgs/msg/detail/dds_fastrtps/twist2_d_stamped__type_support.cpp.o[0m
[4.337s] [ 70%] [32mBuilding CXX object CMakeFiles/nav_2d_msgs__rosidl_typesupport_fastrtps_c.dir/rosidl_typesupport_fastrtps_c/nav_2d_msgs/msg/detail/twist2_d32__type_support_c.cpp.o[0m
[4.349s] [ 71%] [32mBuilding CXX object CMakeFiles/nav_2d_msgs__rosidl_typesupport_fastrtps_c.dir/rosidl_typesupport_fastrtps_c/nav_2d_msgs/msg/detail/pose2_d32__type_support_c.cpp.o[0m
[4.351s] [ 73%] [32mBuilding CXX object CMakeFiles/nav_2d_msgs__rosidl_typesupport_fastrtps_c.dir/rosidl_typesupport_fastrtps_c/nav_2d_msgs/msg/detail/twist2_d__type_support_c.cpp.o[0m
[4.363s] [ 73%] Built target nav_2d_msgs__rosidl_typesupport_introspection_c
[4.378s] [ 75%] [32mBuilding CXX object CMakeFiles/nav_2d_msgs__rosidl_typesupport_fastrtps_c.dir/rosidl_typesupport_fastrtps_c/nav_2d_msgs/msg/detail/twist2_d_stamped__type_support_c.cpp.o[0m
[4.616s] [ 76%] [32m[1mLinking CXX shared library libnav_2d_msgs__rosidl_typesupport_cpp.so[0m
[4.702s] [ 76%] Built target nav_2d_msgs__rosidl_typesupport_cpp
[4.718s] [ 78%] [32m[1mLinking CXX shared library libnav_2d_msgs__rosidl_typesupport_introspection_cpp.so[0m
[4.819s] [ 78%] Built target nav_2d_msgs__rosidl_typesupport_introspection_cpp
[4.874s] [ 79%] [32m[1mLinking CXX shared library libnav_2d_msgs__rosidl_typesupport_fastrtps_c.so[0m
[4.900s] [ 81%] [32m[1mLinking CXX shared library libnav_2d_msgs__rosidl_typesupport_fastrtps_cpp.so[0m
[4.928s] [ 81%] Built target nav_2d_msgs__rosidl_typesupport_fastrtps_c
[4.952s] [ 81%] Built target nav_2d_msgs__rosidl_typesupport_fastrtps_cpp
[4.977s] [ 81%] Built target nav_2d_msgs
[5.003s] [ 82%] [34m[1mGenerating Python code for ROS interfaces[0m
[5.347s] [ 82%] Built target nav_2d_msgs__py
[5.372s] [ 89%] [32mBuilding C object CMakeFiles/nav_2d_msgs__rosidl_generator_py.dir/rosidl_generator_py/nav_2d_msgs/msg/_twist2_d32_s.c.o[0m
[5.372s] [ 89%] [32mBuilding C object CMakeFiles/nav_2d_msgs__rosidl_generator_py.dir/rosidl_generator_py/nav_2d_msgs/msg/_twist2_d_stamped_s.c.o[0m
[5.372s] [ 89%] [32mBuilding C object CMakeFiles/nav_2d_msgs__rosidl_generator_py.dir/rosidl_generator_py/nav_2d_msgs/msg/_twist2_d_s.c.o[0m
[5.372s] [ 89%] [32mBuilding C object CMakeFiles/nav_2d_msgs__rosidl_generator_py.dir/rosidl_generator_py/nav_2d_msgs/msg/_pose2_d32_s.c.o[0m
[5.484s] [ 90%] [32m[1mLinking C shared library libnav_2d_msgs__rosidl_generator_py.so[0m
[5.533s] [ 90%] Built target nav_2d_msgs__rosidl_generator_py
[5.559s] [ 95%] [32mBuilding C object CMakeFiles/nav_2d_msgs_s__rosidl_typesupport_introspection_c.dir/rosidl_generator_py/nav_2d_msgs/_nav_2d_msgs_s.ep.rosidl_typesupport_introspection_c.c.o[0m
[5.559s] [ 95%] [32mBuilding C object CMakeFiles/nav_2d_msgs_s__rosidl_typesupport_fastrtps_c.dir/rosidl_generator_py/nav_2d_msgs/_nav_2d_msgs_s.ep.rosidl_typesupport_fastrtps_c.c.o[0m
[5.559s] [ 95%] [32mBuilding C object CMakeFiles/nav_2d_msgs_s__rosidl_typesupport_c.dir/rosidl_generator_py/nav_2d_msgs/_nav_2d_msgs_s.ep.rosidl_typesupport_c.c.o[0m
[5.650s] [ 98%] [32m[1mLinking C shared module rosidl_generator_py/nav_2d_msgs/nav_2d_msgs_s__rosidl_typesupport_introspection_c.so[0m
[5.650s] [ 98%] [32m[1mLinking C shared module rosidl_generator_py/nav_2d_msgs/nav_2d_msgs_s__rosidl_typesupport_c.so[0m
[5.652s] [100%] [32m[1mLinking C shared module rosidl_generator_py/nav_2d_msgs/nav_2d_msgs_s__rosidl_typesupport_fastrtps_c.so[0m
[5.684s] [100%] Built target nav_2d_msgs_s__rosidl_typesupport_introspection_c
[5.684s] [100%] Built target nav_2d_msgs_s__rosidl_typesupport_fastrtps_c
[5.684s] [100%] Built target nav_2d_msgs_s__rosidl_typesupport_c
[5.699s] Invoked command in '/home/thomas24/hive_ws2/build/nav_2d_msgs' returned '0': CMAKE_PREFIX_PATH=${CMAKE_PREFIX_PATH}:/opt/ros/jazzy DEBUGINFOD_URLS=https://debuginfod.ubuntu.com /usr/bin/cmake --build /home/thomas24/hive_ws2/build/nav_2d_msgs -- -j16 -l16
[5.700s] Invoking command in '/home/thomas24/hive_ws2/build/nav_2d_msgs': CMAKE_PREFIX_PATH=${CMAKE_PREFIX_PATH}:/opt/ros/jazzy DEBUGINFOD_URLS=https://debuginfod.ubuntu.com /usr/bin/cmake --install /home/thomas24/hive_ws2/build/nav_2d_msgs
[5.710s] -- Install configuration: ""
[5.710s] -- Installing: /home/thomas24/hive_ws2/install/nav_2d_msgs/share/ament_index/resource_index/rosidl_interfaces/nav_2d_msgs
[5.710s] -- Installing: /home/thomas24/hive_ws2/install/nav_2d_msgs/share/nav_2d_msgs/msg/Pose2D32.json
[5.710s] -- Installing: /home/thomas24/hive_ws2/install/nav_2d_msgs/share/nav_2d_msgs/msg/Twist2D.json
[5.710s] -- Installing: /home/thomas24/hive_ws2/install/nav_2d_msgs/share/nav_2d_msgs/msg/Twist2D32.json
[5.711s] -- Installing: /home/thomas24/hive_ws2/install/nav_2d_msgs/share/nav_2d_msgs/msg/Twist2DStamped.json
[5.711s] -- Installing: /home/thomas24/hive_ws2/install/nav_2d_msgs/include/nav_2d_msgs/nav_2d_msgs
[5.711s] -- Installing: /home/thomas24/hive_ws2/install/nav_2d_msgs/include/nav_2d_msgs/nav_2d_msgs/msg
[5.711s] -- Installing: /home/thomas24/hive_ws2/install/nav_2d_msgs/include/nav_2d_msgs/nav_2d_msgs/msg/twist2_d_stamped.h
[5.711s] -- Installing: /home/thomas24/hive_ws2/install/nav_2d_msgs/include/nav_2d_msgs/nav_2d_msgs/msg/twist2_d32.h
[5.711s] -- Installing: /home/thomas24/hive_ws2/install/nav_2d_msgs/include/nav_2d_msgs/nav_2d_msgs/msg/rosidl_generator_c__visibility_control.h
[5.711s] -- Installing: /home/thomas24/hive_ws2/install/nav_2d_msgs/include/nav_2d_msgs/nav_2d_msgs/msg/twist2_d.h
[5.711s] -- Installing: /home/thomas24/hive_ws2/install/nav_2d_msgs/include/nav_2d_msgs/nav_2d_msgs/msg/pose2_d32.h
[5.711s] -- Installing: /home/thomas24/hive_ws2/install/nav_2d_msgs/include/nav_2d_msgs/nav_2d_msgs/msg/detail
[5.711s] -- Installing: /home/thomas24/hive_ws2/install/nav_2d_msgs/include/nav_2d_msgs/nav_2d_msgs/msg/detail/pose2_d32__functions.c
[5.712s] -- Installing: /home/thomas24/hive_ws2/install/nav_2d_msgs/include/nav_2d_msgs/nav_2d_msgs/msg/detail/twist2_d_stamped__type_support.c
[5.712s] -- Installing: /home/thomas24/hive_ws2/install/nav_2d_msgs/include/nav_2d_msgs/nav_2d_msgs/msg/detail/twist2_d__description.c
[5.712s] -- Installing: /home/thomas24/hive_ws2/install/nav_2d_msgs/include/nav_2d_msgs/nav_2d_msgs/msg/detail/twist2_d__type_support.h
[5.712s] -- Installing: /home/thomas24/hive_ws2/install/nav_2d_msgs/include/nav_2d_msgs/nav_2d_msgs/msg/detail/twist2_d32__type_support.h
[5.712s] -- Installing: /home/thomas24/hive_ws2/install/nav_2d_msgs/include/nav_2d_msgs/nav_2d_msgs/msg/detail/twist2_d32__description.c
[5.712s] -- Installing: /home/thomas24/hive_ws2/install/nav_2d_msgs/include/nav_2d_msgs/nav_2d_msgs/msg/detail/pose2_d32__type_support.c
[5.712s] -- Installing: /home/thomas24/hive_ws2/install/nav_2d_msgs/include/nav_2d_msgs/nav_2d_msgs/msg/detail/twist2_d__functions.c
[5.712s] -- Installing: /home/thomas24/hive_ws2/install/nav_2d_msgs/include/nav_2d_msgs/nav_2d_msgs/msg/detail/twist2_d_stamped__functions.c
[5.713s] -- Installing: /home/thomas24/hive_ws2/install/nav_2d_msgs/include/nav_2d_msgs/nav_2d_msgs/msg/detail/twist2_d_stamped__functions.h
[5.713s] -- Installing: /home/thomas24/hive_ws2/install/nav_2d_msgs/include/nav_2d_msgs/nav_2d_msgs/msg/detail/twist2_d32__functions.c
[5.713s] -- Installing: /home/thomas24/hive_ws2/install/nav_2d_msgs/include/nav_2d_msgs/nav_2d_msgs/msg/detail/twist2_d__type_support.c
[5.713s] -- Installing: /home/thomas24/hive_ws2/install/nav_2d_msgs/include/nav_2d_msgs/nav_2d_msgs/msg/detail/pose2_d32__type_support.h
[5.713s] -- Installing: /home/thomas24/hive_ws2/install/nav_2d_msgs/include/nav_2d_msgs/nav_2d_msgs/msg/detail/pose2_d32__functions.h
[5.713s] -- Installing: /home/thomas24/hive_ws2/install/nav_2d_msgs/include/nav_2d_msgs/nav_2d_msgs/msg/detail/twist2_d__struct.h
[5.713s] -- Installing: /home/thomas24/hive_ws2/install/nav_2d_msgs/include/nav_2d_msgs/nav_2d_msgs/msg/detail/twist2_d32__struct.h
[5.713s] -- Installing: /home/thomas24/hive_ws2/install/nav_2d_msgs/include/nav_2d_msgs/nav_2d_msgs/msg/detail/pose2_d32__description.c
[5.713s] -- Installing: /home/thomas24/hive_ws2/install/nav_2d_msgs/include/nav_2d_msgs/nav_2d_msgs/msg/detail/twist2_d_stamped__struct.h
[5.713s] -- Installing: /home/thomas24/hive_ws2/install/nav_2d_msgs/include/nav_2d_msgs/nav_2d_msgs/msg/detail/twist2_d__functions.h
[5.714s] -- Installing: /home/thomas24/hive_ws2/install/nav_2d_msgs/include/nav_2d_msgs/nav_2d_msgs/msg/detail/twist2_d32__type_support.c
[5.714s] -- Installing: /home/thomas24/hive_ws2/install/nav_2d_msgs/include/nav_2d_msgs/nav_2d_msgs/msg/detail/twist2_d32__functions.h
[5.714s] -- Installing: /home/thomas24/hive_ws2/install/nav_2d_msgs/include/nav_2d_msgs/nav_2d_msgs/msg/detail/twist2_d_stamped__description.c
[5.714s] -- Installing: /home/thomas24/hive_ws2/install/nav_2d_msgs/include/nav_2d_msgs/nav_2d_msgs/msg/detail/pose2_d32__struct.h
[5.714s] -- Installing: /home/thomas24/hive_ws2/install/nav_2d_msgs/include/nav_2d_msgs/nav_2d_msgs/msg/detail/twist2_d_stamped__type_support.h
[5.714s] -- Installing: /home/thomas24/hive_ws2/install/nav_2d_msgs/share/nav_2d_msgs/environment/library_path.sh
[5.714s] -- Installing: /home/thomas24/hive_ws2/install/nav_2d_msgs/share/nav_2d_msgs/environment/library_path.dsv
[5.714s] -- Installing: /home/thomas24/hive_ws2/install/nav_2d_msgs/lib/libnav_2d_msgs__rosidl_generator_c.so
[5.715s] -- Set non-toolchain portion of runtime path of "/home/thomas24/hive_ws2/install/nav_2d_msgs/lib/libnav_2d_msgs__rosidl_generator_c.so" to ""
[5.715s] -- Up-to-date: /home/thomas24/hive_ws2/install/nav_2d_msgs/include/nav_2d_msgs/nav_2d_msgs
[5.715s] -- Up-to-date: /home/thomas24/hive_ws2/install/nav_2d_msgs/include/nav_2d_msgs/nav_2d_msgs/msg
[5.715s] -- Up-to-date: /home/thomas24/hive_ws2/install/nav_2d_msgs/include/nav_2d_msgs/nav_2d_msgs/msg/detail
[5.715s] -- Installing: /home/thomas24/hive_ws2/install/nav_2d_msgs/include/nav_2d_msgs/nav_2d_msgs/msg/detail/twist2_d32__rosidl_typesupport_fastrtps_c.h
[5.715s] -- Installing: /home/thomas24/hive_ws2/install/nav_2d_msgs/include/nav_2d_msgs/nav_2d_msgs/msg/detail/twist2_d_stamped__rosidl_typesupport_fastrtps_c.h
[5.715s] -- Installing: /home/thomas24/hive_ws2/install/nav_2d_msgs/include/nav_2d_msgs/nav_2d_msgs/msg/detail/pose2_d32__rosidl_typesupport_fastrtps_c.h
[5.715s] -- Installing: /home/thomas24/hive_ws2/install/nav_2d_msgs/include/nav_2d_msgs/nav_2d_msgs/msg/detail/twist2_d__rosidl_typesupport_fastrtps_c.h
[5.715s] -- Installing: /home/thomas24/hive_ws2/install/nav_2d_msgs/include/nav_2d_msgs/nav_2d_msgs/msg/rosidl_typesupport_fastrtps_c__visibility_control.h
[5.716s] -- Installing: /home/thomas24/hive_ws2/install/nav_2d_msgs/lib/libnav_2d_msgs__rosidl_typesupport_fastrtps_c.so
[5.716s] -- Set non-toolchain portion of runtime path of "/home/thomas24/hive_ws2/install/nav_2d_msgs/lib/libnav_2d_msgs__rosidl_typesupport_fastrtps_c.so" to ""
[5.716s] -- Up-to-date: /home/thomas24/hive_ws2/install/nav_2d_msgs/include/nav_2d_msgs/nav_2d_msgs
[5.716s] -- Up-to-date: /home/thomas24/hive_ws2/install/nav_2d_msgs/include/nav_2d_msgs/nav_2d_msgs/msg
[5.716s] -- Installing: /home/thomas24/hive_ws2/install/nav_2d_msgs/include/nav_2d_msgs/nav_2d_msgs/msg/twist2_d_stamped.hpp
[5.716s] -- Installing: /home/thomas24/hive_ws2/install/nav_2d_msgs/include/nav_2d_msgs/nav_2d_msgs/msg/pose2_d32.hpp
[5.716s] -- Installing: /home/thomas24/hive_ws2/install/nav_2d_msgs/include/nav_2d_msgs/nav_2d_msgs/msg/twist2_d32.hpp
[5.717s] -- Installing: /home/thomas24/hive_ws2/install/nav_2d_msgs/include/nav_2d_msgs/nav_2d_msgs/msg/rosidl_generator_cpp__visibility_control.hpp
[5.717s] -- Up-to-date: /home/thomas24/hive_ws2/install/nav_2d_msgs/include/nav_2d_msgs/nav_2d_msgs/msg/detail
[5.717s] -- Installing: /home/thomas24/hive_ws2/install/nav_2d_msgs/include/nav_2d_msgs/nav_2d_msgs/msg/detail/twist2_d__traits.hpp
[5.717s] -- Installing: /home/thomas24/hive_ws2/install/nav_2d_msgs/include/nav_2d_msgs/nav_2d_msgs/msg/detail/pose2_d32__type_support.hpp
[5.717s] -- Installing: /home/thomas24/hive_ws2/install/nav_2d_msgs/include/nav_2d_msgs/nav_2d_msgs/msg/detail/twist2_d32__type_support.hpp
[5.717s] -- Installing: /home/thomas24/hive_ws2/install/nav_2d_msgs/include/nav_2d_msgs/nav_2d_msgs/msg/detail/twist2_d_stamped__traits.hpp
[5.717s] -- Installing: /home/thomas24/hive_ws2/install/nav_2d_msgs/include/nav_2d_msgs/nav_2d_msgs/msg/detail/twist2_d__type_support.hpp
[5.717s] -- Installing: /home/thomas24/hive_ws2/install/nav_2d_msgs/include/nav_2d_msgs/nav_2d_msgs/msg/detail/twist2_d32__traits.hpp
[5.717s] -- Installing: /home/thomas24/hive_ws2/install/nav_2d_msgs/include/nav_2d_msgs/nav_2d_msgs/msg/detail/twist2_d32__struct.hpp
[5.717s] -- Installing: /home/thomas24/hive_ws2/install/nav_2d_msgs/include/nav_2d_msgs/nav_2d_msgs/msg/detail/pose2_d32__struct.hpp
[5.717s] -- Installing: /home/thomas24/hive_ws2/install/nav_2d_msgs/include/nav_2d_msgs/nav_2d_msgs/msg/detail/twist2_d_stamped__type_support.hpp
[5.718s] -- Installing: /home/thomas24/hive_ws2/install/nav_2d_msgs/include/nav_2d_msgs/nav_2d_msgs/msg/detail/pose2_d32__traits.hpp
[5.718s] -- Installing: /home/thomas24/hive_ws2/install/nav_2d_msgs/include/nav_2d_msgs/nav_2d_msgs/msg/detail/twist2_d_stamped__builder.hpp
[5.718s] -- Installing: /home/thomas24/hive_ws2/install/nav_2d_msgs/include/nav_2d_msgs/nav_2d_msgs/msg/detail/twist2_d__struct.hpp
[5.718s] -- Installing: /home/thomas24/hive_ws2/install/nav_2d_msgs/include/nav_2d_msgs/nav_2d_msgs/msg/detail/pose2_d32__builder.hpp
[5.718s] -- Installing: /home/thomas24/hive_ws2/install/nav_2d_msgs/include/nav_2d_msgs/nav_2d_msgs/msg/detail/twist2_d__builder.hpp
[5.718s] -- Installing: /home/thomas24/hive_ws2/install/nav_2d_msgs/include/nav_2d_msgs/nav_2d_msgs/msg/detail/twist2_d32__builder.hpp
[5.718s] -- Installing: /home/thomas24/hive_ws2/install/nav_2d_msgs/include/nav_2d_msgs/nav_2d_msgs/msg/detail/twist2_d_stamped__struct.hpp
[5.718s] -- Installing: /home/thomas24/hive_ws2/install/nav_2d_msgs/include/nav_2d_msgs/nav_2d_msgs/msg/twist2_d.hpp
[5.718s] -- Up-to-date: /home/thomas24/hive_ws2/install/nav_2d_msgs/include/nav_2d_msgs/nav_2d_msgs
[5.718s] -- Up-to-date: /home/thomas24/hive_ws2/install/nav_2d_msgs/include/nav_2d_msgs/nav_2d_msgs/msg
[5.719s] -- Installing: /home/thomas24/hive_ws2/install/nav_2d_msgs/include/nav_2d_msgs/nav_2d_msgs/msg/rosidl_typesupport_fastrtps_cpp__visibility_control.h
[5.719s] -- Up-to-date: /home/thomas24/hive_ws2/install/nav_2d_msgs/include/nav_2d_msgs/nav_2d_msgs/msg/detail
[5.719s] -- Installing: /home/thomas24/hive_ws2/install/nav_2d_msgs/include/nav_2d_msgs/nav_2d_msgs/msg/detail/twist2_d_stamped__rosidl_typesupport_fastrtps_cpp.hpp
[5.719s] -- Installing: /home/thomas24/hive_ws2/install/nav_2d_msgs/include/nav_2d_msgs/nav_2d_msgs/msg/detail/twist2_d32__rosidl_typesupport_fastrtps_cpp.hpp
[5.719s] -- Installing: /home/thomas24/hive_ws2/install/nav_2d_msgs/include/nav_2d_msgs/nav_2d_msgs/msg/detail/twist2_d__rosidl_typesupport_fastrtps_cpp.hpp
[5.719s] -- Installing: /home/thomas24/hive_ws2/install/nav_2d_msgs/include/nav_2d_msgs/nav_2d_msgs/msg/detail/pose2_d32__rosidl_typesupport_fastrtps_cpp.hpp
[5.719s] -- Installing: /home/thomas24/hive_ws2/install/nav_2d_msgs/include/nav_2d_msgs/nav_2d_msgs/msg/detail/dds_fastrtps
[5.719s] -- Installing: /home/thomas24/hive_ws2/install/nav_2d_msgs/lib/libnav_2d_msgs__rosidl_typesupport_fastrtps_cpp.so
[5.719s] -- Set non-toolchain portion of runtime path of "/home/thomas24/hive_ws2/install/nav_2d_msgs/lib/libnav_2d_msgs__rosidl_typesupport_fastrtps_cpp.so" to ""
[5.720s] -- Up-to-date: /home/thomas24/hive_ws2/install/nav_2d_msgs/include/nav_2d_msgs/nav_2d_msgs
[5.720s] -- Up-to-date: /home/thomas24/hive_ws2/install/nav_2d_msgs/include/nav_2d_msgs/nav_2d_msgs/msg
[5.720s] -- Installing: /home/thomas24/hive_ws2/install/nav_2d_msgs/include/nav_2d_msgs/nav_2d_msgs/msg/rosidl_typesupport_introspection_c__visibility_control.h
[5.720s] -- Up-to-date: /home/thomas24/hive_ws2/install/nav_2d_msgs/include/nav_2d_msgs/nav_2d_msgs/msg/detail
[5.720s] -- Installing: /home/thomas24/hive_ws2/install/nav_2d_msgs/include/nav_2d_msgs/nav_2d_msgs/msg/detail/twist2_d_stamped__type_support.c
[5.720s] -- Installing: /home/thomas24/hive_ws2/install/nav_2d_msgs/include/nav_2d_msgs/nav_2d_msgs/msg/detail/pose2_d32__type_support.c
[5.720s] -- Installing: /home/thomas24/hive_ws2/install/nav_2d_msgs/include/nav_2d_msgs/nav_2d_msgs/msg/detail/pose2_d32__rosidl_typesupport_introspection_c.h
[5.720s] -- Installing: /home/thomas24/hive_ws2/install/nav_2d_msgs/include/nav_2d_msgs/nav_2d_msgs/msg/detail/twist2_d__rosidl_typesupport_introspection_c.h
[5.720s] -- Installing: /home/thomas24/hive_ws2/install/nav_2d_msgs/include/nav_2d_msgs/nav_2d_msgs/msg/detail/twist2_d__type_support.c
[5.720s] -- Installing: /home/thomas24/hive_ws2/install/nav_2d_msgs/include/nav_2d_msgs/nav_2d_msgs/msg/detail/twist2_d_stamped__rosidl_typesupport_introspection_c.h
[5.720s] -- Installing: /home/thomas24/hive_ws2/install/nav_2d_msgs/include/nav_2d_msgs/nav_2d_msgs/msg/detail/twist2_d32__rosidl_typesupport_introspection_c.h
[5.720s] -- Installing: /home/thomas24/hive_ws2/install/nav_2d_msgs/include/nav_2d_msgs/nav_2d_msgs/msg/detail/twist2_d32__type_support.c
[5.721s] -- Installing: /home/thomas24/hive_ws2/install/nav_2d_msgs/lib/libnav_2d_msgs__rosidl_typesupport_introspection_c.so
[5.721s] -- Set non-toolchain portion of runtime path of "/home/thomas24/hive_ws2/install/nav_2d_msgs/lib/libnav_2d_msgs__rosidl_typesupport_introspection_c.so" to ""
[5.721s] -- Installing: /home/thomas24/hive_ws2/install/nav_2d_msgs/lib/libnav_2d_msgs__rosidl_typesupport_c.so
[5.721s] -- Set non-toolchain portion of runtime path of "/home/thomas24/hive_ws2/install/nav_2d_msgs/lib/libnav_2d_msgs__rosidl_typesupport_c.so" to ""
[5.722s] -- Up-to-date: /home/thomas24/hive_ws2/install/nav_2d_msgs/include/nav_2d_msgs/nav_2d_msgs
[5.722s] -- Up-to-date: /home/thomas24/hive_ws2/install/nav_2d_msgs/include/nav_2d_msgs/nav_2d_msgs/msg
[5.722s] -- Up-to-date: /home/thomas24/hive_ws2/install/nav_2d_msgs/include/nav_2d_msgs/nav_2d_msgs/msg/detail
[5.722s] -- Installing: /home/thomas24/hive_ws2/install/nav_2d_msgs/include/nav_2d_msgs/nav_2d_msgs/msg/detail/twist2_d32__rosidl_typesupport_introspection_cpp.hpp
[5.722s] -- Installing: /home/thomas24/hive_ws2/install/nav_2d_msgs/include/nav_2d_msgs/nav_2d_msgs/msg/detail/twist2_d32__type_support.cpp
[5.722s] -- Installing: /home/thomas24/hive_ws2/install/nav_2d_msgs/include/nav_2d_msgs/nav_2d_msgs/msg/detail/twist2_d_stamped__rosidl_typesupport_introspection_cpp.hpp
[5.722s] -- Installing: /home/thomas24/hive_ws2/install/nav_2d_msgs/include/nav_2d_msgs/nav_2d_msgs/msg/detail/twist2_d__rosidl_typesupport_introspection_cpp.hpp
[5.722s] -- Installing: /home/thomas24/hive_ws2/install/nav_2d_msgs/include/nav_2d_msgs/nav_2d_msgs/msg/detail/pose2_d32__type_support.cpp
[5.722s] -- Installing: /home/thomas24/hive_ws2/install/nav_2d_msgs/include/nav_2d_msgs/nav_2d_msgs/msg/detail/twist2_d__type_support.cpp
[5.722s] -- Installing: /home/thomas24/hive_ws2/install/nav_2d_msgs/include/nav_2d_msgs/nav_2d_msgs/msg/detail/pose2_d32__rosidl_typesupport_introspection_cpp.hpp
[5.722s] -- Installing: /home/thomas24/hive_ws2/install/nav_2d_msgs/include/nav_2d_msgs/nav_2d_msgs/msg/detail/twist2_d_stamped__type_support.cpp
[5.722s] -- Installing: /home/thomas24/hive_ws2/install/nav_2d_msgs/lib/libnav_2d_msgs__rosidl_typesupport_introspection_cpp.so
[5.723s] -- Set non-toolchain portion of runtime path of "/home/thomas24/hive_ws2/install/nav_2d_msgs/lib/libnav_2d_msgs__rosidl_typesupport_introspection_cpp.so" to ""
[5.723s] -- Installing: /home/thomas24/hive_ws2/install/nav_2d_msgs/lib/libnav_2d_msgs__rosidl_typesupport_cpp.so
[5.723s] -- Set non-toolchain portion of runtime path of "/home/thomas24/hive_ws2/install/nav_2d_msgs/lib/libnav_2d_msgs__rosidl_typesupport_cpp.so" to ""
[5.723s] -- Installing: /home/thomas24/hive_ws2/install/nav_2d_msgs/share/nav_2d_msgs/environment/pythonpath.sh
[5.723s] -- Installing: /home/thomas24/hive_ws2/install/nav_2d_msgs/share/nav_2d_msgs/environment/pythonpath.dsv
[5.723s] -- Installing: /home/thomas24/hive_ws2/install/nav_2d_msgs/lib/python3.12/site-packages/nav_2d_msgs-1.4.0-py3.12.egg-info
[5.724s] -- Installing: /home/thomas24/hive_ws2/install/nav_2d_msgs/lib/python3.12/site-packages/nav_2d_msgs-1.4.0-py3.12.egg-info/dependency_links.txt
[5.724s] -- Installing: /home/thomas24/hive_ws2/install/nav_2d_msgs/lib/python3.12/site-packages/nav_2d_msgs-1.4.0-py3.12.egg-info/SOURCES.txt
[5.724s] -- Installing: /home/thomas24/hive_ws2/install/nav_2d_msgs/lib/python3.12/site-packages/nav_2d_msgs-1.4.0-py3.12.egg-info/top_level.txt
[5.724s] -- Installing: /home/thomas24/hive_ws2/install/nav_2d_msgs/lib/python3.12/site-packages/nav_2d_msgs-1.4.0-py3.12.egg-info/PKG-INFO
[5.724s] -- Installing: /home/thomas24/hive_ws2/install/nav_2d_msgs/lib/python3.12/site-packages/nav_2d_msgs
[5.724s] -- Installing: /home/thomas24/hive_ws2/install/nav_2d_msgs/lib/python3.12/site-packages/nav_2d_msgs/_nav_2d_msgs_s.ep.rosidl_typesupport_introspection_c.c
[5.724s] -- Installing: /home/thomas24/hive_ws2/install/nav_2d_msgs/lib/python3.12/site-packages/nav_2d_msgs/__init__.py
[5.724s] -- Installing: /home/thomas24/hive_ws2/install/nav_2d_msgs/lib/python3.12/site-packages/nav_2d_msgs/nav_2d_msgs_s__rosidl_typesupport_c.so
[5.725s] -- Installing: /home/thomas24/hive_ws2/install/nav_2d_msgs/lib/python3.12/site-packages/nav_2d_msgs/_nav_2d_msgs_s.ep.rosidl_typesupport_fastrtps_c.c
[5.725s] -- Installing: /home/thomas24/hive_ws2/install/nav_2d_msgs/lib/python3.12/site-packages/nav_2d_msgs/nav_2d_msgs_s__rosidl_typesupport_fastrtps_c.so
[5.725s] -- Installing: /home/thomas24/hive_ws2/install/nav_2d_msgs/lib/python3.12/site-packages/nav_2d_msgs/_nav_2d_msgs_s.ep.rosidl_typesupport_c.c
[5.725s] -- Installing: /home/thomas24/hive_ws2/install/nav_2d_msgs/lib/python3.12/site-packages/nav_2d_msgs/nav_2d_msgs_s__rosidl_typesupport_introspection_c.so
[5.725s] -- Installing: /home/thomas24/hive_ws2/install/nav_2d_msgs/lib/python3.12/site-packages/nav_2d_msgs/msg
[5.725s] -- Installing: /home/thomas24/hive_ws2/install/nav_2d_msgs/lib/python3.12/site-packages/nav_2d_msgs/msg/_pose2_d32.py
[5.725s] -- Installing: /home/thomas24/hive_ws2/install/nav_2d_msgs/lib/python3.12/site-packages/nav_2d_msgs/msg/_twist2_d_stamped_s.c
[5.725s] -- Installing: /home/thomas24/hive_ws2/install/nav_2d_msgs/lib/python3.12/site-packages/nav_2d_msgs/msg/__init__.py
[5.725s] -- Installing: /home/thomas24/hive_ws2/install/nav_2d_msgs/lib/python3.12/site-packages/nav_2d_msgs/msg/_pose2_d32_s.c
[5.726s] -- Installing: /home/thomas24/hive_ws2/install/nav_2d_msgs/lib/python3.12/site-packages/nav_2d_msgs/msg/_twist2_d32_s.c
[5.726s] -- Installing: /home/thomas24/hive_ws2/install/nav_2d_msgs/lib/python3.12/site-packages/nav_2d_msgs/msg/_twist2_d_stamped.py
[5.726s] -- Installing: /home/thomas24/hive_ws2/install/nav_2d_msgs/lib/python3.12/site-packages/nav_2d_msgs/msg/_twist2_d32.py
[5.726s] -- Installing: /home/thomas24/hive_ws2/install/nav_2d_msgs/lib/python3.12/site-packages/nav_2d_msgs/msg/_twist2_d_s.c
[5.726s] -- Installing: /home/thomas24/hive_ws2/install/nav_2d_msgs/lib/python3.12/site-packages/nav_2d_msgs/msg/_twist2_d.py
[5.760s] Listing '/home/thomas24/hive_ws2/install/nav_2d_msgs/lib/python3.12/site-packages/nav_2d_msgs'...
[5.760s] Compiling '/home/thomas24/hive_ws2/install/nav_2d_msgs/lib/python3.12/site-packages/nav_2d_msgs/__init__.py'...
[5.760s] Listing '/home/thomas24/hive_ws2/install/nav_2d_msgs/lib/python3.12/site-packages/nav_2d_msgs/msg'...
[5.760s] Compiling '/home/thomas24/hive_ws2/install/nav_2d_msgs/lib/python3.12/site-packages/nav_2d_msgs/msg/__init__.py'...
[5.760s] Compiling '/home/thomas24/hive_ws2/install/nav_2d_msgs/lib/python3.12/site-packages/nav_2d_msgs/msg/_pose2_d32.py'...
[5.760s] Compiling '/home/thomas24/hive_ws2/install/nav_2d_msgs/lib/python3.12/site-packages/nav_2d_msgs/msg/_twist2_d.py'...
[5.760s] Compiling '/home/thomas24/hive_ws2/install/nav_2d_msgs/lib/python3.12/site-packages/nav_2d_msgs/msg/_twist2_d32.py'...
[5.760s] Compiling '/home/thomas24/hive_ws2/install/nav_2d_msgs/lib/python3.12/site-packages/nav_2d_msgs/msg/_twist2_d_stamped.py'...
[5.766s] -- Installing: /home/thomas24/hive_ws2/install/nav_2d_msgs/lib/python3.12/site-packages/nav_2d_msgs/nav_2d_msgs_s__rosidl_typesupport_fastrtps_c.so
[5.767s] -- Set non-toolchain portion of runtime path of "/home/thomas24/hive_ws2/install/nav_2d_msgs/lib/python3.12/site-packages/nav_2d_msgs/nav_2d_msgs_s__rosidl_typesupport_fastrtps_c.so" to ""
[5.767s] -- Installing: /home/thomas24/hive_ws2/install/nav_2d_msgs/lib/python3.12/site-packages/nav_2d_msgs/nav_2d_msgs_s__rosidl_typesupport_introspection_c.so
[5.767s] -- Set non-toolchain portion of runtime path of "/home/thomas24/hive_ws2/install/nav_2d_msgs/lib/python3.12/site-packages/nav_2d_msgs/nav_2d_msgs_s__rosidl_typesupport_introspection_c.so" to ""
[5.767s] -- Installing: /home/thomas24/hive_ws2/install/nav_2d_msgs/lib/python3.12/site-packages/nav_2d_msgs/nav_2d_msgs_s__rosidl_typesupport_c.so
[5.768s] -- Set non-toolchain portion of runtime path of "/home/thomas24/hive_ws2/install/nav_2d_msgs/lib/python3.12/site-packages/nav_2d_msgs/nav_2d_msgs_s__rosidl_typesupport_c.so" to ""
[5.768s] -- Installing: /home/thomas24/hive_ws2/install/nav_2d_msgs/lib/libnav_2d_msgs__rosidl_generator_py.so
[5.768s] -- Set non-toolchain portion of runtime path of "/home/thomas24/hive_ws2/install/nav_2d_msgs/lib/libnav_2d_msgs__rosidl_generator_py.so" to ""
[5.768s] -- Installing: /home/thomas24/hive_ws2/install/nav_2d_msgs/share/nav_2d_msgs/msg/Pose2D32.idl
[5.769s] -- Installing: /home/thomas24/hive_ws2/install/nav_2d_msgs/share/nav_2d_msgs/msg/Twist2D.idl
[5.769s] -- Installing: /home/thomas24/hive_ws2/install/nav_2d_msgs/share/nav_2d_msgs/msg/Twist2D32.idl
[5.769s] -- Installing: /home/thomas24/hive_ws2/install/nav_2d_msgs/share/nav_2d_msgs/msg/Twist2DStamped.idl
[5.769s] -- Installing: /home/thomas24/hive_ws2/install/nav_2d_msgs/share/nav_2d_msgs/msg/Pose2D32.msg
[5.769s] -- Installing: /home/thomas24/hive_ws2/install/nav_2d_msgs/share/nav_2d_msgs/msg/Twist2D.msg
[5.769s] -- Installing: /home/thomas24/hive_ws2/install/nav_2d_msgs/share/nav_2d_msgs/msg/Twist2D32.msg
[5.769s] -- Installing: /home/thomas24/hive_ws2/install/nav_2d_msgs/share/nav_2d_msgs/msg/Twist2DStamped.msg
[5.770s] -- Installing: /home/thomas24/hive_ws2/install/nav_2d_msgs/share/ament_index/resource_index/package_run_dependencies/nav_2d_msgs
[5.770s] -- Installing: /home/thomas24/hive_ws2/install/nav_2d_msgs/share/ament_index/resource_index/parent_prefix_path/nav_2d_msgs
[5.770s] -- Installing: /home/thomas24/hive_ws2/install/nav_2d_msgs/share/nav_2d_msgs/environment/ament_prefix_path.sh
[5.770s] -- Installing: /home/thomas24/hive_ws2/install/nav_2d_msgs/share/nav_2d_msgs/environment/ament_prefix_path.dsv
[5.770s] -- Installing: /home/thomas24/hive_ws2/install/nav_2d_msgs/share/nav_2d_msgs/environment/path.sh
[5.770s] -- Installing: /home/thomas24/hive_ws2/install/nav_2d_msgs/share/nav_2d_msgs/environment/path.dsv
[5.770s] -- Installing: /home/thomas24/hive_ws2/install/nav_2d_msgs/share/nav_2d_msgs/local_setup.bash
[5.771s] -- Installing: /home/thomas24/hive_ws2/install/nav_2d_msgs/share/nav_2d_msgs/local_setup.sh
[5.771s] -- Installing: /home/thomas24/hive_ws2/install/nav_2d_msgs/share/nav_2d_msgs/local_setup.zsh
[5.771s] -- Installing: /home/thomas24/hive_ws2/install/nav_2d_msgs/share/nav_2d_msgs/local_setup.dsv
[5.771s] -- Installing: /home/thomas24/hive_ws2/install/nav_2d_msgs/share/nav_2d_msgs/package.dsv
[5.771s] -- Installing: /home/thomas24/hive_ws2/install/nav_2d_msgs/share/ament_index/resource_index/packages/nav_2d_msgs
[5.771s] -- Installing: /home/thomas24/hive_ws2/install/nav_2d_msgs/share/nav_2d_msgs/cmake/export_nav_2d_msgs__rosidl_generator_cExport.cmake
[5.771s] -- Installing: /home/thomas24/hive_ws2/install/nav_2d_msgs/share/nav_2d_msgs/cmake/export_nav_2d_msgs__rosidl_generator_cExport-noconfig.cmake
[5.771s] -- Installing: /home/thomas24/hive_ws2/install/nav_2d_msgs/share/nav_2d_msgs/cmake/export_nav_2d_msgs__rosidl_typesupport_fastrtps_cExport.cmake
[5.771s] -- Installing: /home/thomas24/hive_ws2/install/nav_2d_msgs/share/nav_2d_msgs/cmake/export_nav_2d_msgs__rosidl_typesupport_fastrtps_cExport-noconfig.cmake
[5.772s] -- Installing: /home/thomas24/hive_ws2/install/nav_2d_msgs/share/nav_2d_msgs/cmake/export_nav_2d_msgs__rosidl_generator_cppExport.cmake
[5.772s] -- Installing: /home/thomas24/hive_ws2/install/nav_2d_msgs/share/nav_2d_msgs/cmake/export_nav_2d_msgs__rosidl_typesupport_fastrtps_cppExport.cmake
[5.772s] -- Installing: /home/thomas24/hive_ws2/install/nav_2d_msgs/share/nav_2d_msgs/cmake/export_nav_2d_msgs__rosidl_typesupport_fastrtps_cppExport-noconfig.cmake
[5.772s] -- Installing: /home/thomas24/hive_ws2/install/nav_2d_msgs/share/nav_2d_msgs/cmake/nav_2d_msgs__rosidl_typesupport_introspection_cExport.cmake
[5.772s] -- Installing: /home/thomas24/hive_ws2/install/nav_2d_msgs/share/nav_2d_msgs/cmake/nav_2d_msgs__rosidl_typesupport_introspection_cExport-noconfig.cmake
[5.772s] -- Installing: /home/thomas24/hive_ws2/install/nav_2d_msgs/share/nav_2d_msgs/cmake/nav_2d_msgs__rosidl_typesupport_cExport.cmake
[5.772s] -- Installing: /home/thomas24/hive_ws2/install/nav_2d_msgs/share/nav_2d_msgs/cmake/nav_2d_msgs__rosidl_typesupport_cExport-noconfig.cmake
[5.772s] -- Installing: /home/thomas24/hive_ws2/install/nav_2d_msgs/share/nav_2d_msgs/cmake/nav_2d_msgs__rosidl_typesupport_introspection_cppExport.cmake
[5.773s] -- Installing: /home/thomas24/hive_ws2/install/nav_2d_msgs/share/nav_2d_msgs/cmake/nav_2d_msgs__rosidl_typesupport_introspection_cppExport-noconfig.cmake
[5.773s] -- Installing: /home/thomas24/hive_ws2/install/nav_2d_msgs/share/nav_2d_msgs/cmake/nav_2d_msgs__rosidl_typesupport_cppExport.cmake
[5.773s] -- Installing: /home/thomas24/hive_ws2/install/nav_2d_msgs/share/nav_2d_msgs/cmake/nav_2d_msgs__rosidl_typesupport_cppExport-noconfig.cmake
[5.773s] -- Installing: /home/thomas24/hive_ws2/install/nav_2d_msgs/share/nav_2d_msgs/cmake/export_nav_2d_msgs__rosidl_generator_pyExport.cmake
[5.773s] -- Installing: /home/thomas24/hive_ws2/install/nav_2d_msgs/share/nav_2d_msgs/cmake/export_nav_2d_msgs__rosidl_generator_pyExport-noconfig.cmake
[5.773s] -- Installing: /home/thomas24/hive_ws2/install/nav_2d_msgs/share/nav_2d_msgs/cmake/rosidl_cmake-extras.cmake
[5.773s] -- Installing: /home/thomas24/hive_ws2/install/nav_2d_msgs/share/nav_2d_msgs/cmake/ament_cmake_export_dependencies-extras.cmake
[5.773s] -- Installing: /home/thomas24/hive_ws2/install/nav_2d_msgs/share/nav_2d_msgs/cmake/ament_cmake_export_include_directories-extras.cmake
[5.773s] -- Installing: /home/thomas24/hive_ws2/install/nav_2d_msgs/share/nav_2d_msgs/cmake/ament_cmake_export_libraries-extras.cmake
[5.774s] -- Installing: /home/thomas24/hive_ws2/install/nav_2d_msgs/share/nav_2d_msgs/cmake/ament_cmake_export_targets-extras.cmake
[5.774s] -- Installing: /home/thomas24/hive_ws2/install/nav_2d_msgs/share/nav_2d_msgs/cmake/rosidl_cmake_export_typesupport_targets-extras.cmake
[5.774s] -- Installing: /home/thomas24/hive_ws2/install/nav_2d_msgs/share/nav_2d_msgs/cmake/rosidl_cmake_export_typesupport_libraries-extras.cmake
[5.774s] -- Installing: /home/thomas24/hive_ws2/install/nav_2d_msgs/share/nav_2d_msgs/cmake/nav_2d_msgsConfig.cmake
[5.774s] -- Installing: /home/thomas24/hive_ws2/install/nav_2d_msgs/share/nav_2d_msgs/cmake/nav_2d_msgsConfig-version.cmake
[5.774s] -- Installing: /home/thomas24/hive_ws2/install/nav_2d_msgs/share/nav_2d_msgs/package.xml
[5.777s] Invoked command in '/home/thomas24/hive_ws2/build/nav_2d_msgs' returned '0': CMAKE_PREFIX_PATH=${CMAKE_PREFIX_PATH}:/opt/ros/jazzy DEBUGINFOD_URLS=https://debuginfod.ubuntu.com /usr/bin/cmake --install /home/thomas24/hive_ws2/build/nav_2d_msgs
