[0.024s] Invoking command in '/home/thomas24/hive_ws2/build/nav2_amcl': AMENT_PREFIX_PATH=/home/thomas24/hive_ws2/install/nav2_util:/home/thomas24/hive_ws2/install/nav2_ros_common:/home/thomas24/hive_ws2/install/nav2_msgs:/home/thomas24/hive_ws2/install/nav2_common:${AMENT_PREFIX_PATH} CMAKE_PREFIX_PATH=/home/thomas24/hive_ws2/install/nav2_util:/home/thomas24/hive_ws2/install/nav2_ros_common:/home/thomas24/hive_ws2/install/nav2_msgs:/home/thomas24/hive_ws2/install/nav2_common:/home/thomas24/hiveverse_ws/install/hive_simulation:/home/thomas24/hiveverse_ws/install/hive_robot_description:/opt/ros/jazzy/opt/gz_sim_vendor:/opt/ros/jazzy/opt/gz_sensors_vendor:/opt/ros/jazzy/opt/gz_physics_vendor:/opt/ros/jazzy/opt/sdformat_vendor:/opt/ros/jazzy/opt/gz_gui_vendor:/opt/ros/jazzy/opt/gz_transport_vendor:/opt/ros/jazzy/opt/gz_rendering_vendor:/opt/ros/jazzy/opt/gz_plugin_vendor:/opt/ros/jazzy/opt/gz_fuel_tools_vendor:/opt/ros/jazzy/opt/gz_msgs_vendor:/opt/ros/jazzy/opt/gz_common_vendor:/opt/ros/jazzy/opt/gz_math_vendor:/opt/ros/jazzy/opt/gz_utils_vendor:/opt/ros/jazzy/opt/gz_tools_vendor:/opt/ros/jazzy/opt/gz_ogre_next_vendor:/opt/ros/jazzy/opt/gz_dartsim_vendor:/opt/ros/jazzy/opt/gz_cmake_vendor:/home/thomas24/hiveverse_ws/install/hive_tools:/home/thomas24/hiveverse_ws/install/hive_bringup:/opt/ros/jazzy DEBUGINFOD_URLS=https://debuginfod.ubuntu.com LD_LIBRARY_PATH=/home/thomas24/hive_ws2/install/nav2_util/lib:/home/thomas24/hive_ws2/install/nav2_msgs/lib:${LD_LIBRARY_PATH} PYTHONPATH=/home/thomas24/hive_ws2/install/nav2_msgs/lib/python3.12/site-packages:/home/thomas24/hive_ws2/install/nav2_common/lib/python3.12/site-packages:${PYTHONPATH} /usr/bin/cmake --build /home/thomas24/hive_ws2/build/nav2_amcl -- -j16 -l16
[0.111s] [ 20%] Built target map_lib
[0.130s] [ 50%] Built target pf_lib
[0.193s] [ 62%] Built target motions_lib
[0.218s] [ 83%] Built target sensors_lib
[0.276s] [ 91%] Built target amcl_core
[0.320s] [100%] Built target amcl
[0.389s] Invoked command in '/home/thomas24/hive_ws2/build/nav2_amcl' returned '0': AMENT_PREFIX_PATH=/home/thomas24/hive_ws2/install/nav2_util:/home/thomas24/hive_ws2/install/nav2_ros_common:/home/thomas24/hive_ws2/install/nav2_msgs:/home/thomas24/hive_ws2/install/nav2_common:${AMENT_PREFIX_PATH} CMAKE_PREFIX_PATH=/home/thomas24/hive_ws2/install/nav2_util:/home/thomas24/hive_ws2/install/nav2_ros_common:/home/thomas24/hive_ws2/install/nav2_msgs:/home/thomas24/hive_ws2/install/nav2_common:/home/thomas24/hiveverse_ws/install/hive_simulation:/home/thomas24/hiveverse_ws/install/hive_robot_description:/opt/ros/jazzy/opt/gz_sim_vendor:/opt/ros/jazzy/opt/gz_sensors_vendor:/opt/ros/jazzy/opt/gz_physics_vendor:/opt/ros/jazzy/opt/sdformat_vendor:/opt/ros/jazzy/opt/gz_gui_vendor:/opt/ros/jazzy/opt/gz_transport_vendor:/opt/ros/jazzy/opt/gz_rendering_vendor:/opt/ros/jazzy/opt/gz_plugin_vendor:/opt/ros/jazzy/opt/gz_fuel_tools_vendor:/opt/ros/jazzy/opt/gz_msgs_vendor:/opt/ros/jazzy/opt/gz_common_vendor:/opt/ros/jazzy/opt/gz_math_vendor:/opt/ros/jazzy/opt/gz_utils_vendor:/opt/ros/jazzy/opt/gz_tools_vendor:/opt/ros/jazzy/opt/gz_ogre_next_vendor:/opt/ros/jazzy/opt/gz_dartsim_vendor:/opt/ros/jazzy/opt/gz_cmake_vendor:/home/thomas24/hiveverse_ws/install/hive_tools:/home/thomas24/hiveverse_ws/install/hive_bringup:/opt/ros/jazzy DEBUGINFOD_URLS=https://debuginfod.ubuntu.com LD_LIBRARY_PATH=/home/thomas24/hive_ws2/install/nav2_util/lib:/home/thomas24/hive_ws2/install/nav2_msgs/lib:${LD_LIBRARY_PATH} PYTHONPATH=/home/thomas24/hive_ws2/install/nav2_msgs/lib/python3.12/site-packages:/home/thomas24/hive_ws2/install/nav2_common/lib/python3.12/site-packages:${PYTHONPATH} /usr/bin/cmake --build /home/thomas24/hive_ws2/build/nav2_amcl -- -j16 -l16
[0.391s] Invoking command in '/home/thomas24/hive_ws2/build/nav2_amcl': AMENT_PREFIX_PATH=/home/thomas24/hive_ws2/install/nav2_util:/home/thomas24/hive_ws2/install/nav2_ros_common:/home/thomas24/hive_ws2/install/nav2_msgs:/home/thomas24/hive_ws2/install/nav2_common:${AMENT_PREFIX_PATH} CMAKE_PREFIX_PATH=/home/thomas24/hive_ws2/install/nav2_util:/home/thomas24/hive_ws2/install/nav2_ros_common:/home/thomas24/hive_ws2/install/nav2_msgs:/home/thomas24/hive_ws2/install/nav2_common:/home/thomas24/hiveverse_ws/install/hive_simulation:/home/thomas24/hiveverse_ws/install/hive_robot_description:/opt/ros/jazzy/opt/gz_sim_vendor:/opt/ros/jazzy/opt/gz_sensors_vendor:/opt/ros/jazzy/opt/gz_physics_vendor:/opt/ros/jazzy/opt/sdformat_vendor:/opt/ros/jazzy/opt/gz_gui_vendor:/opt/ros/jazzy/opt/gz_transport_vendor:/opt/ros/jazzy/opt/gz_rendering_vendor:/opt/ros/jazzy/opt/gz_plugin_vendor:/opt/ros/jazzy/opt/gz_fuel_tools_vendor:/opt/ros/jazzy/opt/gz_msgs_vendor:/opt/ros/jazzy/opt/gz_common_vendor:/opt/ros/jazzy/opt/gz_math_vendor:/opt/ros/jazzy/opt/gz_utils_vendor:/opt/ros/jazzy/opt/gz_tools_vendor:/opt/ros/jazzy/opt/gz_ogre_next_vendor:/opt/ros/jazzy/opt/gz_dartsim_vendor:/opt/ros/jazzy/opt/gz_cmake_vendor:/home/thomas24/hiveverse_ws/install/hive_tools:/home/thomas24/hiveverse_ws/install/hive_bringup:/opt/ros/jazzy DEBUGINFOD_URLS=https://debuginfod.ubuntu.com LD_LIBRARY_PATH=/home/thomas24/hive_ws2/install/nav2_util/lib:/home/thomas24/hive_ws2/install/nav2_msgs/lib:${LD_LIBRARY_PATH} PYTHONPATH=/home/thomas24/hive_ws2/install/nav2_msgs/lib/python3.12/site-packages:/home/thomas24/hive_ws2/install/nav2_common/lib/python3.12/site-packages:${PYTHONPATH} /usr/bin/cmake --install /home/thomas24/hive_ws2/build/nav2_amcl
[0.465s] -- Install configuration: "Release"
[0.465s] -- Execute custom install script
[0.465s] -- Up-to-date symlink: /home/thomas24/hive_ws2/install/nav2_amcl/lib/nav2_amcl/amcl
[0.465s] -- Up-to-date symlink: /home/thomas24/hive_ws2/install/nav2_amcl/include/nav2_amcl/nav2_amcl/amcl_node.hpp
[0.465s] -- Up-to-date symlink: /home/thomas24/hive_ws2/install/nav2_amcl/include/nav2_amcl/nav2_amcl/angleutils.hpp
[0.465s] -- Up-to-date symlink: /home/thomas24/hive_ws2/install/nav2_amcl/include/nav2_amcl/nav2_amcl/map/map.hpp
[0.465s] -- Up-to-date symlink: /home/thomas24/hive_ws2/install/nav2_amcl/include/nav2_amcl/nav2_amcl/motion_model/differential_motion_model.hpp
[0.465s] -- Up-to-date symlink: /home/thomas24/hive_ws2/install/nav2_amcl/include/nav2_amcl/nav2_amcl/motion_model/motion_model.hpp
[0.465s] -- Up-to-date symlink: /home/thomas24/hive_ws2/install/nav2_amcl/include/nav2_amcl/nav2_amcl/motion_model/omni_motion_model.hpp
[0.465s] -- Up-to-date symlink: /home/thomas24/hive_ws2/install/nav2_amcl/include/nav2_amcl/nav2_amcl/pf/eig3.hpp
[0.466s] -- Up-to-date symlink: /home/thomas24/hive_ws2/install/nav2_amcl/include/nav2_amcl/nav2_amcl/pf/pf.hpp
[0.466s] -- Up-to-date symlink: /home/thomas24/hive_ws2/install/nav2_amcl/include/nav2_amcl/nav2_amcl/pf/pf_kdtree.hpp
[0.466s] -- Up-to-date symlink: /home/thomas24/hive_ws2/install/nav2_amcl/include/nav2_amcl/nav2_amcl/pf/pf_pdf.hpp
[0.466s] -- Up-to-date symlink: /home/thomas24/hive_ws2/install/nav2_amcl/include/nav2_amcl/nav2_amcl/pf/pf_vector.hpp
[0.466s] -- Up-to-date symlink: /home/thomas24/hive_ws2/install/nav2_amcl/include/nav2_amcl/nav2_amcl/portable_utils.hpp
[0.466s] -- Up-to-date symlink: /home/thomas24/hive_ws2/install/nav2_amcl/include/nav2_amcl/nav2_amcl/sensors/laser/laser.hpp
[0.469s] -- Up-to-date symlink: /home/thomas24/hive_ws2/install/nav2_amcl/share/nav2_amcl/environment/library_path.sh
[0.469s] -- Up-to-date symlink: /home/thomas24/hive_ws2/install/nav2_amcl/share/nav2_amcl/environment/library_path.dsv
[0.469s] -- Up-to-date symlink: /home/thomas24/hive_ws2/install/nav2_amcl/share/nav2_amcl//plugins.xml
[0.469s] -- Up-to-date symlink: /home/thomas24/hive_ws2/install/nav2_amcl/share/ament_index/resource_index/package_run_dependencies/nav2_amcl
[0.469s] -- Up-to-date symlink: /home/thomas24/hive_ws2/install/nav2_amcl/share/ament_index/resource_index/parent_prefix_path/nav2_amcl
[0.469s] -- Up-to-date symlink: /home/thomas24/hive_ws2/install/nav2_amcl/share/nav2_amcl/environment/ament_prefix_path.sh
[0.469s] -- Up-to-date symlink: /home/thomas24/hive_ws2/install/nav2_amcl/share/nav2_amcl/environment/ament_prefix_path.dsv
[0.469s] -- Up-to-date symlink: /home/thomas24/hive_ws2/install/nav2_amcl/share/nav2_amcl/environment/path.sh
[0.469s] -- Up-to-date symlink: /home/thomas24/hive_ws2/install/nav2_amcl/share/nav2_amcl/environment/path.dsv
[0.469s] -- Up-to-date symlink: /home/thomas24/hive_ws2/install/nav2_amcl/share/nav2_amcl/local_setup.bash
[0.469s] -- Up-to-date symlink: /home/thomas24/hive_ws2/install/nav2_amcl/share/nav2_amcl/local_setup.sh
[0.469s] -- Up-to-date symlink: /home/thomas24/hive_ws2/install/nav2_amcl/share/nav2_amcl/local_setup.zsh
[0.470s] -- Up-to-date symlink: /home/thomas24/hive_ws2/install/nav2_amcl/share/nav2_amcl/local_setup.dsv
[0.470s] -- Symlinking: /home/thomas24/hive_ws2/install/nav2_amcl/share/nav2_amcl/package.dsv
[0.470s] -- Up-to-date symlink: /home/thomas24/hive_ws2/install/nav2_amcl/share/ament_index/resource_index/packages/nav2_amcl
[0.470s] -- Up-to-date symlink: /home/thomas24/hive_ws2/install/nav2_amcl/share/ament_index/resource_index/nav2_amcl__pluginlib__plugin/nav2_amcl
[0.470s] -- Up-to-date symlink: /home/thomas24/hive_ws2/install/nav2_amcl/share/ament_index/resource_index/rclcpp_components/nav2_amcl
[0.470s] -- Up-to-date symlink: /home/thomas24/hive_ws2/install/nav2_amcl/share/nav2_amcl/cmake/ament_cmake_export_include_directories-extras.cmake
[0.470s] -- Up-to-date symlink: /home/thomas24/hive_ws2/install/nav2_amcl/share/nav2_amcl/cmake/ament_cmake_export_libraries-extras.cmake
[0.470s] -- Up-to-date symlink: /home/thomas24/hive_ws2/install/nav2_amcl/share/nav2_amcl/cmake/ament_cmake_export_dependencies-extras.cmake
[0.470s] -- Up-to-date symlink: /home/thomas24/hive_ws2/install/nav2_amcl/share/nav2_amcl/cmake/ament_cmake_export_targets-extras.cmake
[0.471s] -- Up-to-date symlink: /home/thomas24/hive_ws2/install/nav2_amcl/share/nav2_amcl/cmake/nav2_amclConfig.cmake
[0.471s] -- Up-to-date symlink: /home/thomas24/hive_ws2/install/nav2_amcl/share/nav2_amcl/cmake/nav2_amclConfig-version.cmake
[0.471s] -- Up-to-date symlink: /home/thomas24/hive_ws2/install/nav2_amcl/share/nav2_amcl/package.xml
[0.472s] -- Up-to-date: /home/thomas24/hive_ws2/install/nav2_amcl/lib/libamcl_core.so
[0.472s] -- Up-to-date: /home/thomas24/hive_ws2/install/nav2_amcl/lib/libpf_lib.so
[0.472s] -- Up-to-date: /home/thomas24/hive_ws2/install/nav2_amcl/lib/libmap_lib.so
[0.472s] -- Up-to-date: /home/thomas24/hive_ws2/install/nav2_amcl/lib/libmotions_lib.so
[0.472s] -- Up-to-date: /home/thomas24/hive_ws2/install/nav2_amcl/lib/libsensors_lib.so
[0.472s] -- Up-to-date: /home/thomas24/hive_ws2/install/nav2_amcl/share/nav2_amcl/cmake/amcl_coreExport.cmake
[0.473s] -- Up-to-date: /home/thomas24/hive_ws2/install/nav2_amcl/share/nav2_amcl/cmake/amcl_coreExport-release.cmake
[0.473s] Invoked command in '/home/thomas24/hive_ws2/build/nav2_amcl' returned '0': AMENT_PREFIX_PATH=/home/thomas24/hive_ws2/install/nav2_util:/home/thomas24/hive_ws2/install/nav2_ros_common:/home/thomas24/hive_ws2/install/nav2_msgs:/home/thomas24/hive_ws2/install/nav2_common:${AMENT_PREFIX_PATH} CMAKE_PREFIX_PATH=/home/thomas24/hive_ws2/install/nav2_util:/home/thomas24/hive_ws2/install/nav2_ros_common:/home/thomas24/hive_ws2/install/nav2_msgs:/home/thomas24/hive_ws2/install/nav2_common:/home/thomas24/hiveverse_ws/install/hive_simulation:/home/thomas24/hiveverse_ws/install/hive_robot_description:/opt/ros/jazzy/opt/gz_sim_vendor:/opt/ros/jazzy/opt/gz_sensors_vendor:/opt/ros/jazzy/opt/gz_physics_vendor:/opt/ros/jazzy/opt/sdformat_vendor:/opt/ros/jazzy/opt/gz_gui_vendor:/opt/ros/jazzy/opt/gz_transport_vendor:/opt/ros/jazzy/opt/gz_rendering_vendor:/opt/ros/jazzy/opt/gz_plugin_vendor:/opt/ros/jazzy/opt/gz_fuel_tools_vendor:/opt/ros/jazzy/opt/gz_msgs_vendor:/opt/ros/jazzy/opt/gz_common_vendor:/opt/ros/jazzy/opt/gz_math_vendor:/opt/ros/jazzy/opt/gz_utils_vendor:/opt/ros/jazzy/opt/gz_tools_vendor:/opt/ros/jazzy/opt/gz_ogre_next_vendor:/opt/ros/jazzy/opt/gz_dartsim_vendor:/opt/ros/jazzy/opt/gz_cmake_vendor:/home/thomas24/hiveverse_ws/install/hive_tools:/home/thomas24/hiveverse_ws/install/hive_bringup:/opt/ros/jazzy DEBUGINFOD_URLS=https://debuginfod.ubuntu.com LD_LIBRARY_PATH=/home/thomas24/hive_ws2/install/nav2_util/lib:/home/thomas24/hive_ws2/install/nav2_msgs/lib:${LD_LIBRARY_PATH} PYTHONPATH=/home/thomas24/hive_ws2/install/nav2_msgs/lib/python3.12/site-packages:/home/thomas24/hive_ws2/install/nav2_common/lib/python3.12/site-packages:${PYTHONPATH} /usr/bin/cmake --install /home/thomas24/hive_ws2/build/nav2_amcl
