-- The C compiler identification is GNU 13.3.0
-- The CXX compiler identification is GNU 13.3.0
-- Detecting C compiler ABI info
-- Detecting C compiler ABI info - done
-- Check for working C compiler: /usr/bin/cc - skipped
-- Detecting C compile features
-- Detecting C compile features - done
-- Detecting CXX compiler ABI info
-- Detecting CXX compiler ABI info - done
-- Check for working CXX compiler: /usr/bin/c++ - skipped
-- Detecting CXX compile features
-- Detecting CXX compile features - done
-- Found ament_cmake: 2.5.4 (/opt/ros/jazzy/share/ament_cmake/cmake)
-- Found Python3: /usr/bin/python3 (found version "3.12.3") found components: Interpreter 
-- Found builtin_interfaces: 2.0.3 (/opt/ros/jazzy/share/builtin_interfaces/cmake)
-- Found rosidl_generator_c: 4.6.6 (/opt/ros/jazzy/share/rosidl_generator_c/cmake)
-- Found rosidl_generator_cpp: 4.6.6 (/opt/ros/jazzy/share/rosidl_generator_cpp/cmake)
-- Using all available rosidl_typesupport_c: rosidl_typesupport_fastrtps_c;rosidl_typesupport_introspection_c
-- Using all available rosidl_typesupport_cpp: rosidl_typesupport_fastrtps_cpp;rosidl_typesupport_introspection_cpp
-- Found dwb_msgs: 1.4.0 (/home/thomas24/hive_ws2/install/dwb_msgs/share/dwb_msgs/cmake)
-- Found nav2_common: 1.4.0 (/home/thomas24/hive_ws2/install/nav2_common/share/nav2_common/cmake)
-- Found nav2_core: 1.4.0 (/home/thomas24/hive_ws2/install/nav2_core/share/nav2_core/cmake)
-- Found rmw_implementation_cmake: 7.3.2 (/opt/ros/jazzy/share/rmw_implementation_cmake/cmake)
-- Found rmw_fastrtps_cpp: 8.4.3 (/opt/ros/jazzy/share/rmw_fastrtps_cpp/cmake)
-- Found OpenSSL: /usr/lib/x86_64-linux-gnu/libcrypto.so (found version "3.0.13")  
-- Found FastRTPS: /opt/ros/jazzy/include (Required is at least version "2.13") 
-- Using RMW implementation 'rmw_fastrtps_cpp' as default
-- Found eigen3_cmake_module: 0.3.0 (/opt/ros/jazzy/share/eigen3_cmake_module/cmake)
-- Found Eigen3: TRUE (found version "3.4.0") 
-- Ensuring Eigen3 include directory is part of orocos-kdl CMake target
-- Found nav_2d_utils: 1.4.0 (/home/thomas24/hive_ws2/install/nav_2d_utils/share/nav_2d_utils/cmake)
-- Found visualization_msgs: 5.3.6 (/opt/ros/jazzy/share/visualization_msgs/cmake)
-- Setting build type to Release as none was specified.
-- Found ament_lint_auto: 0.17.3 (/opt/ros/jazzy/share/ament_lint_auto/cmake)
-- Found gtest sources under '/opt/ros/jazzy/src/gtest_vendor': C++ tests using 'Google Test' will be built
-- Performing Test CMAKE_HAVE_LIBC_PTHREAD
-- Performing Test CMAKE_HAVE_LIBC_PTHREAD - Success
-- Found Threads: TRUE  
-- Added test 'cppcheck' to perform static code analysis on C / C++ code
-- Configured cppcheck include dirs: $<BUILD_INTERFACE:/home/thomas24/hive_ws2/src/navigation2/nav2_dwb_controller/dwb_core/include>
-- Configured cppcheck exclude dirs and/or files: 
-- Added test 'cpplint' to check C / C++ code against the Google style
-- Configured cpplint exclude dirs and/or files: 
-- Added test 'lint_cmake' to check CMake code style
-- Added test 'uncrustify' to check C / C++ code style
-- Configured uncrustify additional arguments: 
-- Added test 'xmllint' to check XML markup files
-- Configuring done (4.7s)
-- Generating done (0.0s)
-- Build files have been written to: /home/thomas24/hive_ws2/build/dwb_core
[  9%] [32mBuilding CXX object CMakeFiles/dwb_core.dir/src/dwb_local_planner.cpp.o[0m
[ 18%] [32mBuilding CXX object CMakeFiles/dwb_core.dir/src/trajectory_utils.cpp.o[0m
[ 27%] [32mBuilding CXX object CMakeFiles/dwb_core.dir/src/illegal_trajectory_tracker.cpp.o[0m
[ 36%] [32mBuilding CXX object CMakeFiles/dwb_core.dir/src/publisher.cpp.o[0m
[ 45%] [32m[1mLinking CXX shared library libdwb_core.so[0m
[ 45%] Built target dwb_core
[ 54%] [32mBuilding CXX object gtest/CMakeFiles/gtest.dir/src/gtest-all.cc.o[0m
[ 63%] [32m[1mLinking CXX static library libgtest.a[0m
[ 63%] Built target gtest
[ 72%] [32mBuilding CXX object gtest/CMakeFiles/gtest_main.dir/src/gtest_main.cc.o[0m
[ 81%] [32m[1mLinking CXX static library libgtest_main.a[0m
[ 81%] Built target gtest_main
[ 90%] [32mBuilding CXX object test/CMakeFiles/utils_test.dir/utils_test.cpp.o[0m
[100%] [32m[1mLinking CXX executable utils_test[0m
[100%] Built target utils_test
-- Install configuration: "Release"
-- Installing: /home/thomas24/hive_ws2/install/dwb_core/lib/libdwb_core.so
-- Set non-toolchain portion of runtime path of "/home/thomas24/hive_ws2/install/dwb_core/lib/libdwb_core.so" to ""
-- Installing: /home/thomas24/hive_ws2/install/dwb_core/include/dwb_core
-- Installing: /home/thomas24/hive_ws2/install/dwb_core/include/dwb_core/dwb_core
-- Installing: /home/thomas24/hive_ws2/install/dwb_core/include/dwb_core/dwb_core/trajectory_generator.hpp
-- Installing: /home/thomas24/hive_ws2/install/dwb_core/include/dwb_core/dwb_core/dwb_local_planner.hpp
-- Installing: /home/thomas24/hive_ws2/install/dwb_core/include/dwb_core/dwb_core/exceptions.hpp
-- Installing: /home/thomas24/hive_ws2/install/dwb_core/include/dwb_core/dwb_core/illegal_trajectory_tracker.hpp
-- Installing: /home/thomas24/hive_ws2/install/dwb_core/include/dwb_core/dwb_core/trajectory_critic.hpp
-- Installing: /home/thomas24/hive_ws2/install/dwb_core/include/dwb_core/dwb_core/trajectory_utils.hpp
-- Installing: /home/thomas24/hive_ws2/install/dwb_core/include/dwb_core/dwb_core/publisher.hpp
-- Installing: /home/thomas24/hive_ws2/install/dwb_core/share/dwb_core/environment/library_path.sh
-- Installing: /home/thomas24/hive_ws2/install/dwb_core/share/dwb_core/environment/library_path.dsv
-- Installing: /home/thomas24/hive_ws2/install/dwb_core/share/dwb_core/local_planner_plugin.xml
-- Installing: /home/thomas24/hive_ws2/install/dwb_core/share/ament_index/resource_index/package_run_dependencies/dwb_core
-- Installing: /home/thomas24/hive_ws2/install/dwb_core/share/ament_index/resource_index/parent_prefix_path/dwb_core
-- Installing: /home/thomas24/hive_ws2/install/dwb_core/share/dwb_core/environment/ament_prefix_path.sh
-- Installing: /home/thomas24/hive_ws2/install/dwb_core/share/dwb_core/environment/ament_prefix_path.dsv
-- Installing: /home/thomas24/hive_ws2/install/dwb_core/share/dwb_core/environment/path.sh
-- Installing: /home/thomas24/hive_ws2/install/dwb_core/share/dwb_core/environment/path.dsv
-- Installing: /home/thomas24/hive_ws2/install/dwb_core/share/dwb_core/local_setup.bash
-- Installing: /home/thomas24/hive_ws2/install/dwb_core/share/dwb_core/local_setup.sh
-- Installing: /home/thomas24/hive_ws2/install/dwb_core/share/dwb_core/local_setup.zsh
-- Installing: /home/thomas24/hive_ws2/install/dwb_core/share/dwb_core/local_setup.dsv
-- Installing: /home/thomas24/hive_ws2/install/dwb_core/share/dwb_core/package.dsv
-- Installing: /home/thomas24/hive_ws2/install/dwb_core/share/ament_index/resource_index/packages/dwb_core
-- Installing: /home/thomas24/hive_ws2/install/dwb_core/share/ament_index/resource_index/nav2_core__pluginlib__plugin/dwb_core
-- Installing: /home/thomas24/hive_ws2/install/dwb_core/share/dwb_core/cmake/dwb_coreExport.cmake
-- Installing: /home/thomas24/hive_ws2/install/dwb_core/share/dwb_core/cmake/dwb_coreExport-release.cmake
-- Installing: /home/thomas24/hive_ws2/install/dwb_core/share/dwb_core/cmake/ament_cmake_export_include_directories-extras.cmake
-- Installing: /home/thomas24/hive_ws2/install/dwb_core/share/dwb_core/cmake/ament_cmake_export_libraries-extras.cmake
-- Installing: /home/thomas24/hive_ws2/install/dwb_core/share/dwb_core/cmake/ament_cmake_export_dependencies-extras.cmake
-- Installing: /home/thomas24/hive_ws2/install/dwb_core/share/dwb_core/cmake/ament_cmake_export_targets-extras.cmake
-- Installing: /home/thomas24/hive_ws2/install/dwb_core/share/dwb_core/cmake/dwb_coreConfig.cmake
-- Installing: /home/thomas24/hive_ws2/install/dwb_core/share/dwb_core/cmake/dwb_coreConfig-version.cmake
-- Installing: /home/thomas24/hive_ws2/install/dwb_core/share/dwb_core/package.xml
