-- The C compiler identification is GNU 13.3.0
-- The CXX compiler identification is GNU 13.3.0
-- Detecting C compiler ABI info
-- Detecting C compiler ABI info - done
-- Check for working C compiler: /usr/bin/cc - skipped
-- Detecting C compile features
-- Detecting C compile features - done
-- Detecting CXX compiler ABI info
-- Detecting CXX compiler ABI info - done
-- Check for working CXX compiler: /usr/bin/c++ - skipped
-- Detecting CXX compile features
-- Detecting CXX compile features - done
-- Found ament_cmake: 2.5.4 (/opt/ros/jazzy/share/ament_cmake/cmake)
-- Found Python3: /usr/bin/python3 (found version "3.12.3") found components: Interpreter 
-- Override CMake install command with custom implementation using symlinks instead of copying resources
-- Found rclcpp: 28.1.11 (/opt/ros/jazzy/share/rclcpp/cmake)
-- Found rosidl_generator_c: 4.6.6 (/opt/ros/jazzy/share/rosidl_generator_c/cmake)
-- Found rosidl_generator_cpp: 4.6.6 (/opt/ros/jazzy/share/rosidl_generator_cpp/cmake)
-- Using all available rosidl_typesupport_c: rosidl_typesupport_fastrtps_c;rosidl_typesupport_introspection_c
-- Using all available rosidl_typesupport_cpp: rosidl_typesupport_fastrtps_cpp;rosidl_typesupport_introspection_cpp
-- Found rmw_implementation_cmake: 7.3.2 (/opt/ros/jazzy/share/rmw_implementation_cmake/cmake)
-- Found rmw_fastrtps_cpp: 8.4.3 (/opt/ros/jazzy/share/rmw_fastrtps_cpp/cmake)
-- Found OpenSSL: /usr/lib/x86_64-linux-gnu/libcrypto.so (found version "3.0.13")  
-- Found FastRTPS: /opt/ros/jazzy/include (Required is at least version "2.13") 
-- Using RMW implementation 'rmw_fastrtps_cpp' as default
-- Found std_srvs: 5.3.6 (/opt/ros/jazzy/share/std_srvs/cmake)
-- Found geometry_msgs: 5.3.6 (/opt/ros/jazzy/share/geometry_msgs/cmake)
-- Found nav_msgs: 5.3.6 (/opt/ros/jazzy/share/nav_msgs/cmake)
-- Found hive_interface2: 0.0.1 (/home/thomas24/hive_ws2/install/hive_interface2/share/hive_interface2/cmake)
-- Configuring done (1.4s)
-- Generating done (0.0s)
-- Build files have been written to: /home/thomas24/hive_ws2/build/hive_nav_brain
[ 50%] [32mBuilding CXX object CMakeFiles/hive_nav_brain_node.dir/src/hive_nav_brain_node.cpp.o[0m
[100%] [32m[1mLinking CXX executable hive_nav_brain_node[0m
[100%] Built target hive_nav_brain_node
-- Install configuration: ""
-- Execute custom install script
-- Symlinking: /home/thomas24/hive_ws2/install/hive_nav_brain/lib/hive_nav_brain/hive_nav_brain_node
-- Symlinking: /home/thomas24/hive_ws2/install/hive_nav_brain/share/hive_nav_brain/launch/hive_nav_brain.launch.py
-- Symlinking: /home/thomas24/hive_ws2/install/hive_nav_brain/share/ament_index/resource_index/package_run_dependencies/hive_nav_brain
-- Symlinking: /home/thomas24/hive_ws2/install/hive_nav_brain/share/ament_index/resource_index/parent_prefix_path/hive_nav_brain
-- Symlinking: /home/thomas24/hive_ws2/install/hive_nav_brain/share/hive_nav_brain/environment/ament_prefix_path.sh
-- Symlinking: /home/thomas24/hive_ws2/install/hive_nav_brain/share/hive_nav_brain/environment/ament_prefix_path.dsv
-- Symlinking: /home/thomas24/hive_ws2/install/hive_nav_brain/share/hive_nav_brain/environment/path.sh
-- Symlinking: /home/thomas24/hive_ws2/install/hive_nav_brain/share/hive_nav_brain/environment/path.dsv
-- Symlinking: /home/thomas24/hive_ws2/install/hive_nav_brain/share/hive_nav_brain/local_setup.bash
-- Symlinking: /home/thomas24/hive_ws2/install/hive_nav_brain/share/hive_nav_brain/local_setup.sh
-- Symlinking: /home/thomas24/hive_ws2/install/hive_nav_brain/share/hive_nav_brain/local_setup.zsh
-- Symlinking: /home/thomas24/hive_ws2/install/hive_nav_brain/share/hive_nav_brain/local_setup.dsv
-- Symlinking: /home/thomas24/hive_ws2/install/hive_nav_brain/share/hive_nav_brain/package.dsv
-- Symlinking: /home/thomas24/hive_ws2/install/hive_nav_brain/share/ament_index/resource_index/packages/hive_nav_brain
-- Symlinking: /home/thomas24/hive_ws2/install/hive_nav_brain/share/hive_nav_brain/cmake/hive_nav_brainConfig.cmake
-- Symlinking: /home/thomas24/hive_ws2/install/hive_nav_brain/share/hive_nav_brain/cmake/hive_nav_brainConfig-version.cmake
-- Symlinking: /home/thomas24/hive_ws2/install/hive_nav_brain/share/hive_nav_brain/package.xml
