-- Found ament_cmake: 2.5.4 (/opt/ros/jazzy/share/ament_cmake/cmake)
-- Override CMake install command with custom implementation using symlinks instead of copying resources
-- Found geometry_msgs: 5.3.6 (/opt/ros/jazzy/share/geometry_msgs/cmake)
-- Found rosidl_generator_c: 4.6.6 (/opt/ros/jazzy/share/rosidl_generator_c/cmake)
-- Found rosidl_generator_cpp: 4.6.6 (/opt/ros/jazzy/share/rosidl_generator_cpp/cmake)
-- Using all available rosidl_typesupport_c: rosidl_typesupport_fastrtps_c;rosidl_typesupport_introspection_c
-- Using all available rosidl_typesupport_cpp: rosidl_typesupport_fastrtps_cpp;rosidl_typesupport_introspection_cpp
-- Found message_filters: 4.11.7 (/opt/ros/jazzy/share/message_filters/cmake)
-- Found rmw_implementation_cmake: 7.3.2 (/opt/ros/jazzy/share/rmw_implementation_cmake/cmake)
-- Found rmw_fastrtps_cpp: 8.4.3 (/opt/ros/jazzy/share/rmw_fastrtps_cpp/cmake)
-- Using RMW implementation 'rmw_fastrtps_cpp' as default
-- Found nav_msgs: 5.3.6 (/opt/ros/jazzy/share/nav_msgs/cmake)
-- Found nav2_common: 1.4.0 (/home/thomas24/hive_ws2/install/nav2_common/share/nav2_common/cmake)
-- Found nav2_msgs: 1.4.0 (/home/thomas24/hive_ws2/install/nav2_msgs/share/nav2_msgs/cmake)
-- Found nav2_util: 1.4.0 (/home/thomas24/hive_ws2/install/nav2_util/share/nav2_util/cmake)
-- Found eigen3_cmake_module: 0.3.0 (/opt/ros/jazzy/share/eigen3_cmake_module/cmake)
-- Ensuring Eigen3 include directory is part of orocos-kdl CMake target
-- Found sensor_msgs: 5.3.6 (/opt/ros/jazzy/share/sensor_msgs/cmake)
-- Found std_srvs: 5.3.6 (/opt/ros/jazzy/share/std_srvs/cmake)
-- Found ament_lint_auto: 0.17.3 (/opt/ros/jazzy/share/ament_lint_auto/cmake)
-- Added test 'cppcheck' to perform static code analysis on C / C++ code
-- Configured cppcheck include dirs: $<BUILD_INTERFACE:/home/thomas24/hive_ws2/src/navigation2/nav2_amcl/include>
-- Configured cppcheck exclude dirs and/or files: 
-- Added test 'lint_cmake' to check CMake code style
-- Added test 'uncrustify' to check C / C++ code style
-- Configured uncrustify additional arguments: 
-- Added test 'xmllint' to check XML markup files
-- Configuring done (1.0s)
-- Generating done (0.0s)
-- Build files have been written to: /home/thomas24/hive_ws2/build/nav2_amcl
[ 29%] Built target pf_lib
[ 50%] Built target map_lib
[ 70%] Built target sensors_lib
[ 83%] Built target motions_lib
[ 91%] Built target amcl_core
[100%] Built target amcl
-- Install configuration: "Release"
-- Execute custom install script
-- Up-to-date symlink: /home/thomas24/hive_ws2/install/nav2_amcl/lib/nav2_amcl/amcl
-- Up-to-date symlink: /home/thomas24/hive_ws2/install/nav2_amcl/include/nav2_amcl/nav2_amcl/amcl_node.hpp
-- Up-to-date symlink: /home/thomas24/hive_ws2/install/nav2_amcl/include/nav2_amcl/nav2_amcl/angleutils.hpp
-- Up-to-date symlink: /home/thomas24/hive_ws2/install/nav2_amcl/include/nav2_amcl/nav2_amcl/map/map.hpp
-- Up-to-date symlink: /home/thomas24/hive_ws2/install/nav2_amcl/include/nav2_amcl/nav2_amcl/motion_model/differential_motion_model.hpp
-- Up-to-date symlink: /home/thomas24/hive_ws2/install/nav2_amcl/include/nav2_amcl/nav2_amcl/motion_model/motion_model.hpp
-- Up-to-date symlink: /home/thomas24/hive_ws2/install/nav2_amcl/include/nav2_amcl/nav2_amcl/motion_model/omni_motion_model.hpp
-- Up-to-date symlink: /home/thomas24/hive_ws2/install/nav2_amcl/include/nav2_amcl/nav2_amcl/pf/eig3.hpp
-- Up-to-date symlink: /home/thomas24/hive_ws2/install/nav2_amcl/include/nav2_amcl/nav2_amcl/pf/pf.hpp
-- Up-to-date symlink: /home/thomas24/hive_ws2/install/nav2_amcl/include/nav2_amcl/nav2_amcl/pf/pf_kdtree.hpp
-- Up-to-date symlink: /home/thomas24/hive_ws2/install/nav2_amcl/include/nav2_amcl/nav2_amcl/pf/pf_pdf.hpp
-- Up-to-date symlink: /home/thomas24/hive_ws2/install/nav2_amcl/include/nav2_amcl/nav2_amcl/pf/pf_vector.hpp
-- Up-to-date symlink: /home/thomas24/hive_ws2/install/nav2_amcl/include/nav2_amcl/nav2_amcl/portable_utils.hpp
-- Up-to-date symlink: /home/thomas24/hive_ws2/install/nav2_amcl/include/nav2_amcl/nav2_amcl/sensors/laser/laser.hpp
-- Up-to-date symlink: /home/thomas24/hive_ws2/install/nav2_amcl/share/nav2_amcl/environment/library_path.sh
-- Up-to-date symlink: /home/thomas24/hive_ws2/install/nav2_amcl/share/nav2_amcl/environment/library_path.dsv
-- Up-to-date symlink: /home/thomas24/hive_ws2/install/nav2_amcl/share/nav2_amcl//plugins.xml
-- Up-to-date symlink: /home/thomas24/hive_ws2/install/nav2_amcl/share/ament_index/resource_index/package_run_dependencies/nav2_amcl
-- Up-to-date symlink: /home/thomas24/hive_ws2/install/nav2_amcl/share/ament_index/resource_index/parent_prefix_path/nav2_amcl
-- Up-to-date symlink: /home/thomas24/hive_ws2/install/nav2_amcl/share/nav2_amcl/environment/ament_prefix_path.sh
-- Up-to-date symlink: /home/thomas24/hive_ws2/install/nav2_amcl/share/nav2_amcl/environment/ament_prefix_path.dsv
-- Up-to-date symlink: /home/thomas24/hive_ws2/install/nav2_amcl/share/nav2_amcl/environment/path.sh
-- Up-to-date symlink: /home/thomas24/hive_ws2/install/nav2_amcl/share/nav2_amcl/environment/path.dsv
-- Up-to-date symlink: /home/thomas24/hive_ws2/install/nav2_amcl/share/nav2_amcl/local_setup.bash
-- Up-to-date symlink: /home/thomas24/hive_ws2/install/nav2_amcl/share/nav2_amcl/local_setup.sh
-- Up-to-date symlink: /home/thomas24/hive_ws2/install/nav2_amcl/share/nav2_amcl/local_setup.zsh
-- Up-to-date symlink: /home/thomas24/hive_ws2/install/nav2_amcl/share/nav2_amcl/local_setup.dsv
-- Symlinking: /home/thomas24/hive_ws2/install/nav2_amcl/share/nav2_amcl/package.dsv
-- Up-to-date symlink: /home/thomas24/hive_ws2/install/nav2_amcl/share/ament_index/resource_index/packages/nav2_amcl
-- Up-to-date symlink: /home/thomas24/hive_ws2/install/nav2_amcl/share/ament_index/resource_index/nav2_amcl__pluginlib__plugin/nav2_amcl
-- Up-to-date symlink: /home/thomas24/hive_ws2/install/nav2_amcl/share/ament_index/resource_index/rclcpp_components/nav2_amcl
-- Up-to-date symlink: /home/thomas24/hive_ws2/install/nav2_amcl/share/nav2_amcl/cmake/ament_cmake_export_include_directories-extras.cmake
-- Up-to-date symlink: /home/thomas24/hive_ws2/install/nav2_amcl/share/nav2_amcl/cmake/ament_cmake_export_libraries-extras.cmake
-- Up-to-date symlink: /home/thomas24/hive_ws2/install/nav2_amcl/share/nav2_amcl/cmake/ament_cmake_export_dependencies-extras.cmake
-- Up-to-date symlink: /home/thomas24/hive_ws2/install/nav2_amcl/share/nav2_amcl/cmake/ament_cmake_export_targets-extras.cmake
-- Up-to-date symlink: /home/thomas24/hive_ws2/install/nav2_amcl/share/nav2_amcl/cmake/nav2_amclConfig.cmake
-- Up-to-date symlink: /home/thomas24/hive_ws2/install/nav2_amcl/share/nav2_amcl/cmake/nav2_amclConfig-version.cmake
-- Up-to-date symlink: /home/thomas24/hive_ws2/install/nav2_amcl/share/nav2_amcl/package.xml
-- Up-to-date: /home/thomas24/hive_ws2/install/nav2_amcl/lib/libamcl_core.so
-- Up-to-date: /home/thomas24/hive_ws2/install/nav2_amcl/lib/libpf_lib.so
-- Up-to-date: /home/thomas24/hive_ws2/install/nav2_amcl/lib/libmap_lib.so
-- Up-to-date: /home/thomas24/hive_ws2/install/nav2_amcl/lib/libmotions_lib.so
-- Up-to-date: /home/thomas24/hive_ws2/install/nav2_amcl/lib/libsensors_lib.so
-- Up-to-date: /home/thomas24/hive_ws2/install/nav2_amcl/share/nav2_amcl/cmake/amcl_coreExport.cmake
-- Up-to-date: /home/thomas24/hive_ws2/install/nav2_amcl/share/nav2_amcl/cmake/amcl_coreExport-release.cmake
