-- The C compiler identification is GNU 13.3.0
-- The CXX compiler identification is GNU 13.3.0
-- Detecting C compiler ABI info
-- Detecting C compiler ABI info - done
-- Check for working C compiler: /usr/bin/cc - skipped
-- Detecting C compile features
-- Detecting C compile features - done
-- Detecting CXX compiler ABI info
-- Detecting CXX compiler ABI info - done
-- Check for working CXX compiler: /usr/bin/c++ - skipped
-- Detecting CXX compile features
-- Detecting CXX compile features - done
-- Found ament_cmake: 2.5.4 (/opt/ros/jazzy/share/ament_cmake/cmake)
-- Found Python3: /usr/bin/python3 (found version "3.12.3") found components: Interpreter 
-- Found angles: 1.16.0 (/opt/ros/jazzy/share/angles/cmake)
-- Found geometry_msgs: 5.3.6 (/opt/ros/jazzy/share/geometry_msgs/cmake)
-- Found rosidl_generator_c: 4.6.6 (/opt/ros/jazzy/share/rosidl_generator_c/cmake)
-- Found rosidl_generator_cpp: 4.6.6 (/opt/ros/jazzy/share/rosidl_generator_cpp/cmake)
-- Using all available rosidl_typesupport_c: rosidl_typesupport_fastrtps_c;rosidl_typesupport_introspection_c
-- Using all available rosidl_typesupport_cpp: rosidl_typesupport_fastrtps_cpp;rosidl_typesupport_introspection_cpp
-- Found nav2_common: 1.4.0 (/home/thomas24/hive_ws2/install/nav2_common/share/nav2_common/cmake)
-- Found nav2_core: 1.4.0 (/home/thomas24/hive_ws2/install/nav2_core/share/nav2_core/cmake)
-- Found rmw_implementation_cmake: 7.3.2 (/opt/ros/jazzy/share/rmw_implementation_cmake/cmake)
-- Found rmw_fastrtps_cpp: 8.4.3 (/opt/ros/jazzy/share/rmw_fastrtps_cpp/cmake)
-- Found OpenSSL: /usr/lib/x86_64-linux-gnu/libcrypto.so (found version "3.0.13")  
-- Found FastRTPS: /opt/ros/jazzy/include (Required is at least version "2.13") 
-- Using RMW implementation 'rmw_fastrtps_cpp' as default
-- Found eigen3_cmake_module: 0.3.0 (/opt/ros/jazzy/share/eigen3_cmake_module/cmake)
-- Found Eigen3: TRUE (found version "3.4.0") 
-- Ensuring Eigen3 include directory is part of orocos-kdl CMake target
-- Found visualization_msgs: 5.3.6 (/opt/ros/jazzy/share/visualization_msgs/cmake)
-- Setting build type to Release as none was specified.
-- Performing Test COMPILER_SUPPORTS_FMA
-- Performing Test COMPILER_SUPPORTS_FMA - Success
-- Found ament_lint_auto: 0.17.3 (/opt/ros/jazzy/share/ament_lint_auto/cmake)
-- Found ament_cmake_gtest: 2.5.4 (/opt/ros/jazzy/share/ament_cmake_gtest/cmake)
-- Found gtest sources under '/opt/ros/jazzy/src/gtest_vendor': C++ tests using 'Google Test' will be built
-- Performing Test CMAKE_HAVE_LIBC_PTHREAD
-- Performing Test CMAKE_HAVE_LIBC_PTHREAD - Success
-- Found Threads: TRUE  
-- Added test 'cppcheck' to perform static code analysis on C / C++ code
-- Configured cppcheck include dirs: /home/thomas24/hive_ws2/src/navigation2/nav2_mppi_controller/include;$<BUILD_INTERFACE:/home/thomas24/hive_ws2/src/navigation2/nav2_mppi_controller/include>
-- Configured cppcheck exclude dirs and/or files: 
-- Added test 'cpplint' to check C / C++ code against the Google style
-- Configured cpplint exclude dirs and/or files: 
-- Added test 'lint_cmake' to check CMake code style
-- Added test 'uncrustify' to check C / C++ code style
-- Configured uncrustify additional arguments: 
-- Added test 'xmllint' to check XML markup files
-- Configuring done (5.8s)
-- Generating done (0.5s)
-- Build files have been written to: /home/thomas24/hive_ws2/build/nav2_mppi_controller
[  1%] [32mBuilding CXX object CMakeFiles/mppi_controller.dir/src/controller.cpp.o[0m
[  3%] [32mBuilding CXX object CMakeFiles/mppi_controller.dir/src/trajectory_visualizer.cpp.o[0m
[  5%] [32mBuilding CXX object CMakeFiles/mppi_controller.dir/src/path_handler.cpp.o[0m
[  7%] [32mBuilding CXX object CMakeFiles/mppi_controller.dir/src/parameters_handler.cpp.o[0m
[  9%] [32mBuilding CXX object CMakeFiles/mppi_controller.dir/src/optimizer.cpp.o[0m
[ 11%] [32mBuilding CXX object CMakeFiles/mppi_controller.dir/src/noise_generator.cpp.o[0m
[ 12%] [32mBuilding CXX object CMakeFiles/mppi_controller.dir/src/critic_manager.cpp.o[0m
[ 14%] [32m[1mLinking CXX shared library libmppi_controller.so[0m
[ 14%] Built target mppi_controller
[ 16%] [32mBuilding CXX object gtest/CMakeFiles/gtest.dir/src/gtest-all.cc.o[0m
[ 18%] [32m[1mLinking CXX static library libgtest.a[0m
[ 18%] Built target gtest
[ 20%] [32mBuilding CXX object gtest/CMakeFiles/gtest_main.dir/src/gtest_main.cc.o[0m
[ 22%] [32m[1mLinking CXX static library libgtest_main.a[0m
[ 22%] Built target gtest_main
[ 24%] [32mBuilding CXX object CMakeFiles/mppi_trajectory_validators.dir/src/trajectory_validators/optimal_trajectory_validator.cpp.o[0m
[ 25%] [32m[1mLinking CXX shared library libmppi_trajectory_validators.so[0m
[ 25%] Built target mppi_trajectory_validators
[ 27%] [32mBuilding CXX object test/CMakeFiles/optimizer_unit_tests.dir/optimizer_unit_tests.cpp.o[0m
[ 29%] [32m[1mLinking CXX executable optimizer_unit_tests[0m
[ 29%] Built target optimizer_unit_tests
[ 31%] [32mBuilding CXX object test/CMakeFiles/critic_manager_test.dir/critic_manager_test.cpp.o[0m
[ 33%] [32m[1mLinking CXX executable critic_manager_test[0m
[ 33%] Built target critic_manager_test
[ 35%] [32mBuilding CXX object test/CMakeFiles/path_handler_test.dir/path_handler_test.cpp.o[0m
[ 37%] [32m[1mLinking CXX executable path_handler_test[0m
[ 37%] Built target path_handler_test
[ 38%] [32mBuilding CXX object test/CMakeFiles/utils_test.dir/utils_test.cpp.o[0m
[ 40%] [32m[1mLinking CXX executable utils_test[0m
[ 40%] Built target utils_test
[ 42%] [32mBuilding CXX object test/CMakeFiles/trajectory_visualizer_tests.dir/trajectory_visualizer_tests.cpp.o[0m
[ 44%] [32m[1mLinking CXX executable trajectory_visualizer_tests[0m
[ 44%] Built target trajectory_visualizer_tests
[ 46%] [32mBuilding CXX object test/CMakeFiles/motion_model_tests.dir/motion_model_tests.cpp.o[0m
[ 48%] [32m[1mLinking CXX executable motion_model_tests[0m
[ 48%] Built target motion_model_tests
[ 50%] [32mBuilding CXX object test/CMakeFiles/parameter_handler_test.dir/parameter_handler_test.cpp.o[0m
[ 51%] [32m[1mLinking CXX executable parameter_handler_test[0m
[ 51%] Built target parameter_handler_test
[ 53%] [32mBuilding CXX object test/CMakeFiles/noise_generator_test.dir/noise_generator_test.cpp.o[0m
[ 55%] [32m[1mLinking CXX executable noise_generator_test[0m
[ 55%] Built target noise_generator_test
[ 57%] [32mBuilding CXX object test/CMakeFiles/models_test.dir/models_test.cpp.o[0m
[ 59%] [32m[1mLinking CXX executable models_test[0m
[ 59%] Built target models_test
[ 61%] [32mBuilding CXX object test/CMakeFiles/controller_state_transition_test.dir/controller_state_transition_test.cpp.o[0m
[ 62%] [32m[1mLinking CXX executable controller_state_transition_test[0m
[ 62%] Built target controller_state_transition_test
[ 64%] [32mBuilding CXX object test/CMakeFiles/optimizer_smoke_test.dir/optimizer_smoke_test.cpp.o[0m
[ 66%] [32m[1mLinking CXX executable optimizer_smoke_test[0m
[ 66%] Built target optimizer_smoke_test
[ 68%] [32mBuilding CXX object CMakeFiles/mppi_critics.dir/src/critics/cost_critic.cpp.o[0m
[ 70%] [32mBuilding CXX object CMakeFiles/mppi_critics.dir/src/critics/goal_critic.cpp.o[0m
[ 72%] [32mBuilding CXX object CMakeFiles/mppi_critics.dir/src/critics/constraint_critic.cpp.o[0m
[ 74%] [32mBuilding CXX object CMakeFiles/mppi_critics.dir/src/critics/velocity_deadband_critic.cpp.o[0m
[ 75%] [32mBuilding CXX object CMakeFiles/mppi_critics.dir/src/critics/twirling_critic.cpp.o[0m
[ 77%] [32mBuilding CXX object CMakeFiles/mppi_critics.dir/src/critics/prefer_forward_critic.cpp.o[0m
[ 81%] [32mBuilding CXX object CMakeFiles/mppi_critics.dir/src/critics/path_angle_critic.cpp.o[0m
[ 81%] [32mBuilding CXX object CMakeFiles/mppi_critics.dir/src/critics/path_follow_critic.cpp.o[0m
[ 83%] [32mBuilding CXX object CMakeFiles/mppi_critics.dir/src/critics/path_align_critic.cpp.o[0m
[ 85%] [32mBuilding CXX object CMakeFiles/mppi_critics.dir/src/critics/obstacles_critic.cpp.o[0m
[ 87%] [32mBuilding CXX object CMakeFiles/mppi_critics.dir/src/critics/goal_angle_critic.cpp.o[0m
[ 88%] [32m[1mLinking CXX shared library libmppi_critics.so[0m
[ 88%] Built target mppi_critics
[ 90%] [32mBuilding CXX object test/CMakeFiles/critics_tests.dir/critics_tests.cpp.o[0m
[ 92%] [32m[1mLinking CXX executable critics_tests[0m
[ 92%] Built target critics_tests
[ 96%] [32mBuilding CXX object benchmark/CMakeFiles/controller_benchmark.dir/controller_benchmark.cpp.o[0m
[ 96%] [32mBuilding CXX object benchmark/CMakeFiles/optimizer_benchmark.dir/optimizer_benchmark.cpp.o[0m
[ 98%] [32m[1mLinking CXX executable optimizer_benchmark[0m
[ 98%] Built target optimizer_benchmark
[100%] [32m[1mLinking CXX executable controller_benchmark[0m
[100%] Built target controller_benchmark
-- Install configuration: "Release"
-- Installing: /home/thomas24/hive_ws2/install/nav2_mppi_controller/lib/libmppi_controller.so
-- Set non-toolchain portion of runtime path of "/home/thomas24/hive_ws2/install/nav2_mppi_controller/lib/libmppi_controller.so" to ""
-- Installing: /home/thomas24/hive_ws2/install/nav2_mppi_controller/lib/libmppi_critics.so
-- Set non-toolchain portion of runtime path of "/home/thomas24/hive_ws2/install/nav2_mppi_controller/lib/libmppi_critics.so" to ""
-- Installing: /home/thomas24/hive_ws2/install/nav2_mppi_controller/lib/libmppi_trajectory_validators.so
-- Set non-toolchain portion of runtime path of "/home/thomas24/hive_ws2/install/nav2_mppi_controller/lib/libmppi_trajectory_validators.so" to ""
-- Installing: /home/thomas24/hive_ws2/install/nav2_mppi_controller/include/nav2_mppi_controller
-- Installing: /home/thomas24/hive_ws2/install/nav2_mppi_controller/include/nav2_mppi_controller/nav2_mppi_controller
-- Installing: /home/thomas24/hive_ws2/install/nav2_mppi_controller/include/nav2_mppi_controller/nav2_mppi_controller/critic_manager.hpp
-- Installing: /home/thomas24/hive_ws2/install/nav2_mppi_controller/include/nav2_mppi_controller/nav2_mppi_controller/critics
-- Installing: /home/thomas24/hive_ws2/install/nav2_mppi_controller/include/nav2_mppi_controller/nav2_mppi_controller/critics/goal_critic.hpp
-- Installing: /home/thomas24/hive_ws2/install/nav2_mppi_controller/include/nav2_mppi_controller/nav2_mppi_controller/critics/constraint_critic.hpp
-- Installing: /home/thomas24/hive_ws2/install/nav2_mppi_controller/include/nav2_mppi_controller/nav2_mppi_controller/critics/goal_angle_critic.hpp
-- Installing: /home/thomas24/hive_ws2/install/nav2_mppi_controller/include/nav2_mppi_controller/nav2_mppi_controller/critics/cost_critic.hpp
-- Installing: /home/thomas24/hive_ws2/install/nav2_mppi_controller/include/nav2_mppi_controller/nav2_mppi_controller/critics/twirling_critic.hpp
-- Installing: /home/thomas24/hive_ws2/install/nav2_mppi_controller/include/nav2_mppi_controller/nav2_mppi_controller/critics/path_follow_critic.hpp
-- Installing: /home/thomas24/hive_ws2/install/nav2_mppi_controller/include/nav2_mppi_controller/nav2_mppi_controller/critics/prefer_forward_critic.hpp
-- Installing: /home/thomas24/hive_ws2/install/nav2_mppi_controller/include/nav2_mppi_controller/nav2_mppi_controller/critics/velocity_deadband_critic.hpp
-- Installing: /home/thomas24/hive_ws2/install/nav2_mppi_controller/include/nav2_mppi_controller/nav2_mppi_controller/critics/obstacles_critic.hpp
-- Installing: /home/thomas24/hive_ws2/install/nav2_mppi_controller/include/nav2_mppi_controller/nav2_mppi_controller/critics/path_align_critic.hpp
-- Installing: /home/thomas24/hive_ws2/install/nav2_mppi_controller/include/nav2_mppi_controller/nav2_mppi_controller/critics/path_angle_critic.hpp
-- Installing: /home/thomas24/hive_ws2/install/nav2_mppi_controller/include/nav2_mppi_controller/nav2_mppi_controller/critic_data.hpp
-- Installing: /home/thomas24/hive_ws2/install/nav2_mppi_controller/include/nav2_mppi_controller/nav2_mppi_controller/optimal_trajectory_validator.hpp
-- Installing: /home/thomas24/hive_ws2/install/nav2_mppi_controller/include/nav2_mppi_controller/nav2_mppi_controller/optimizer.hpp
-- Installing: /home/thomas24/hive_ws2/install/nav2_mppi_controller/include/nav2_mppi_controller/nav2_mppi_controller/models
-- Installing: /home/thomas24/hive_ws2/install/nav2_mppi_controller/include/nav2_mppi_controller/nav2_mppi_controller/models/state.hpp
-- Installing: /home/thomas24/hive_ws2/install/nav2_mppi_controller/include/nav2_mppi_controller/nav2_mppi_controller/models/path.hpp
-- Installing: /home/thomas24/hive_ws2/install/nav2_mppi_controller/include/nav2_mppi_controller/nav2_mppi_controller/models/optimizer_settings.hpp
-- Installing: /home/thomas24/hive_ws2/install/nav2_mppi_controller/include/nav2_mppi_controller/nav2_mppi_controller/models/trajectories.hpp
-- Installing: /home/thomas24/hive_ws2/install/nav2_mppi_controller/include/nav2_mppi_controller/nav2_mppi_controller/models/constraints.hpp
-- Installing: /home/thomas24/hive_ws2/install/nav2_mppi_controller/include/nav2_mppi_controller/nav2_mppi_controller/models/control_sequence.hpp
-- Installing: /home/thomas24/hive_ws2/install/nav2_mppi_controller/include/nav2_mppi_controller/nav2_mppi_controller/controller.hpp
-- Installing: /home/thomas24/hive_ws2/install/nav2_mppi_controller/include/nav2_mppi_controller/nav2_mppi_controller/critic_function.hpp
-- Installing: /home/thomas24/hive_ws2/install/nav2_mppi_controller/include/nav2_mppi_controller/nav2_mppi_controller/motion_models.hpp
-- Installing: /home/thomas24/hive_ws2/install/nav2_mppi_controller/include/nav2_mppi_controller/nav2_mppi_controller/tools
-- Installing: /home/thomas24/hive_ws2/install/nav2_mppi_controller/include/nav2_mppi_controller/nav2_mppi_controller/tools/noise_generator.hpp
-- Installing: /home/thomas24/hive_ws2/install/nav2_mppi_controller/include/nav2_mppi_controller/nav2_mppi_controller/tools/utils.hpp
-- Installing: /home/thomas24/hive_ws2/install/nav2_mppi_controller/include/nav2_mppi_controller/nav2_mppi_controller/tools/trajectory_visualizer.hpp
-- Installing: /home/thomas24/hive_ws2/install/nav2_mppi_controller/include/nav2_mppi_controller/nav2_mppi_controller/tools/parameters_handler.hpp
-- Installing: /home/thomas24/hive_ws2/install/nav2_mppi_controller/include/nav2_mppi_controller/nav2_mppi_controller/tools/path_handler.hpp
-- Installing: /home/thomas24/hive_ws2/install/nav2_mppi_controller/share/nav2_mppi_controller/mppic.xml
-- Installing: /home/thomas24/hive_ws2/install/nav2_mppi_controller/share/nav2_mppi_controller/critics.xml
-- Installing: /home/thomas24/hive_ws2/install/nav2_mppi_controller/share/nav2_mppi_controller/trajectory_validators.xml
-- Installing: /home/thomas24/hive_ws2/install/nav2_mppi_controller/share/ament_index/resource_index/package_run_dependencies/nav2_mppi_controller
-- Installing: /home/thomas24/hive_ws2/install/nav2_mppi_controller/share/ament_index/resource_index/parent_prefix_path/nav2_mppi_controller
-- Installing: /home/thomas24/hive_ws2/install/nav2_mppi_controller/share/nav2_mppi_controller/environment/ament_prefix_path.sh
-- Installing: /home/thomas24/hive_ws2/install/nav2_mppi_controller/share/nav2_mppi_controller/environment/ament_prefix_path.dsv
-- Installing: /home/thomas24/hive_ws2/install/nav2_mppi_controller/share/nav2_mppi_controller/environment/path.sh
-- Installing: /home/thomas24/hive_ws2/install/nav2_mppi_controller/share/nav2_mppi_controller/environment/path.dsv
-- Installing: /home/thomas24/hive_ws2/install/nav2_mppi_controller/share/nav2_mppi_controller/local_setup.bash
-- Installing: /home/thomas24/hive_ws2/install/nav2_mppi_controller/share/nav2_mppi_controller/local_setup.sh
-- Installing: /home/thomas24/hive_ws2/install/nav2_mppi_controller/share/nav2_mppi_controller/local_setup.zsh
-- Installing: /home/thomas24/hive_ws2/install/nav2_mppi_controller/share/nav2_mppi_controller/local_setup.dsv
-- Installing: /home/thomas24/hive_ws2/install/nav2_mppi_controller/share/nav2_mppi_controller/package.dsv
-- Installing: /home/thomas24/hive_ws2/install/nav2_mppi_controller/share/ament_index/resource_index/packages/nav2_mppi_controller
-- Installing: /home/thomas24/hive_ws2/install/nav2_mppi_controller/share/ament_index/resource_index/nav2_core__pluginlib__plugin/nav2_mppi_controller
-- Installing: /home/thomas24/hive_ws2/install/nav2_mppi_controller/share/ament_index/resource_index/nav2_mppi_controller__pluginlib__plugin/nav2_mppi_controller
-- Installing: /home/thomas24/hive_ws2/install/nav2_mppi_controller/share/nav2_mppi_controller/cmake/nav2_mppi_controllerExport.cmake
-- Installing: /home/thomas24/hive_ws2/install/nav2_mppi_controller/share/nav2_mppi_controller/cmake/nav2_mppi_controllerExport-release.cmake
-- Installing: /home/thomas24/hive_ws2/install/nav2_mppi_controller/share/nav2_mppi_controller/cmake/ament_cmake_export_dependencies-extras.cmake
-- Installing: /home/thomas24/hive_ws2/install/nav2_mppi_controller/share/nav2_mppi_controller/cmake/ament_cmake_export_include_directories-extras.cmake
-- Installing: /home/thomas24/hive_ws2/install/nav2_mppi_controller/share/nav2_mppi_controller/cmake/ament_cmake_export_targets-extras.cmake
-- Installing: /home/thomas24/hive_ws2/install/nav2_mppi_controller/share/nav2_mppi_controller/cmake/nav2_mppi_controllerConfig.cmake
-- Installing: /home/thomas24/hive_ws2/install/nav2_mppi_controller/share/nav2_mppi_controller/cmake/nav2_mppi_controllerConfig-version.cmake
-- Installing: /home/thomas24/hive_ws2/install/nav2_mppi_controller/share/nav2_mppi_controller/package.xml
