-- Found ament_cmake: 2.5.4 (/opt/ros/jazzy/share/ament_cmake/cmake)
-- Override CMake install command with custom implementation using symlinks instead of copying resources
-- Found dwb_core: 1.4.0 (/home/thomas24/hive_ws2/install/dwb_core/share/dwb_core/cmake)
-- Found rosidl_generator_c: 4.6.6 (/opt/ros/jazzy/share/rosidl_generator_c/cmake)
-- Found rosidl_generator_cpp: 4.6.6 (/opt/ros/jazzy/share/rosidl_generator_cpp/cmake)
-- Using all available rosidl_typesupport_c: rosidl_typesupport_fastrtps_c;rosidl_typesupport_introspection_c
-- Using all available rosidl_typesupport_cpp: rosidl_typesupport_fastrtps_cpp;rosidl_typesupport_introspection_cpp
-- Found rmw_implementation_cmake: 7.3.2 (/opt/ros/jazzy/share/rmw_implementation_cmake/cmake)
-- Found rmw_fastrtps_cpp: 8.4.3 (/opt/ros/jazzy/share/rmw_fastrtps_cpp/cmake)
-- Using RMW implementation 'rmw_fastrtps_cpp' as default
-- Found eigen3_cmake_module: 0.3.0 (/opt/ros/jazzy/share/eigen3_cmake_module/cmake)
-- Ensuring Eigen3 include directory is part of orocos-kdl CMake target
-- Found ament_lint_auto: 0.17.3 (/opt/ros/jazzy/share/ament_lint_auto/cmake)
-- Found gtest sources under '/opt/ros/jazzy/src/gtest_vendor': C++ tests using 'Google Test' will be built
-- Added test 'cppcheck' to perform static code analysis on C / C++ code
-- Configured cppcheck include dirs: $<BUILD_INTERFACE:/home/thomas24/hive_ws2/src/navigation2/nav2_dwb_controller/dwb_plugins/include>
-- Configured cppcheck exclude dirs and/or files: 
-- Added test 'cpplint' to check C / C++ code against the Google style
-- Configured cpplint exclude dirs and/or files: 
-- Added test 'lint_cmake' to check CMake code style
-- Added test 'uncrustify' to check C / C++ code style
-- Configured uncrustify additional arguments: 
-- Added test 'xmllint' to check XML markup files
-- Configuring done (1.4s)
-- Generating done (0.1s)
-- Build files have been written to: /home/thomas24/hive_ws2/build/dwb_plugins
[ 11%] Built target gtest_main
[ 23%] Built target gtest
[ 52%] Built target standard_traj_generator
[ 64%] Built target twist_gen_test
[ 76%] Built target vtest
[ 88%] Built target kinematic_parameters_test
[100%] Built target speed_limit_test
-- Install configuration: "Release"
-- Execute custom install script
-- Up-to-date symlink: /home/thomas24/hive_ws2/install/dwb_plugins/include/dwb_plugins/dwb_plugins/kinematic_parameters.hpp
-- Up-to-date symlink: /home/thomas24/hive_ws2/install/dwb_plugins/include/dwb_plugins/dwb_plugins/limited_accel_generator.hpp
-- Up-to-date symlink: /home/thomas24/hive_ws2/install/dwb_plugins/include/dwb_plugins/dwb_plugins/one_d_velocity_iterator.hpp
-- Up-to-date symlink: /home/thomas24/hive_ws2/install/dwb_plugins/include/dwb_plugins/dwb_plugins/standard_traj_generator.hpp
-- Up-to-date symlink: /home/thomas24/hive_ws2/install/dwb_plugins/include/dwb_plugins/dwb_plugins/velocity_iterator.hpp
-- Up-to-date symlink: /home/thomas24/hive_ws2/install/dwb_plugins/include/dwb_plugins/dwb_plugins/xy_theta_iterator.hpp
-- Up-to-date symlink: /home/thomas24/hive_ws2/install/dwb_plugins/share/dwb_plugins/plugins.xml
-- Up-to-date symlink: /home/thomas24/hive_ws2/install/dwb_plugins/share/dwb_plugins/environment/library_path.sh
-- Up-to-date symlink: /home/thomas24/hive_ws2/install/dwb_plugins/share/dwb_plugins/environment/library_path.dsv
-- Up-to-date symlink: /home/thomas24/hive_ws2/install/dwb_plugins/share/dwb_plugins//plugins.xml
-- Up-to-date symlink: /home/thomas24/hive_ws2/install/dwb_plugins/share/ament_index/resource_index/package_run_dependencies/dwb_plugins
-- Up-to-date symlink: /home/thomas24/hive_ws2/install/dwb_plugins/share/ament_index/resource_index/parent_prefix_path/dwb_plugins
-- Up-to-date symlink: /home/thomas24/hive_ws2/install/dwb_plugins/share/dwb_plugins/environment/ament_prefix_path.sh
-- Up-to-date symlink: /home/thomas24/hive_ws2/install/dwb_plugins/share/dwb_plugins/environment/ament_prefix_path.dsv
-- Up-to-date symlink: /home/thomas24/hive_ws2/install/dwb_plugins/share/dwb_plugins/environment/path.sh
-- Up-to-date symlink: /home/thomas24/hive_ws2/install/dwb_plugins/share/dwb_plugins/environment/path.dsv
-- Up-to-date symlink: /home/thomas24/hive_ws2/install/dwb_plugins/share/dwb_plugins/local_setup.bash
-- Up-to-date symlink: /home/thomas24/hive_ws2/install/dwb_plugins/share/dwb_plugins/local_setup.sh
-- Up-to-date symlink: /home/thomas24/hive_ws2/install/dwb_plugins/share/dwb_plugins/local_setup.zsh
-- Up-to-date symlink: /home/thomas24/hive_ws2/install/dwb_plugins/share/dwb_plugins/local_setup.dsv
-- Symlinking: /home/thomas24/hive_ws2/install/dwb_plugins/share/dwb_plugins/package.dsv
-- Up-to-date symlink: /home/thomas24/hive_ws2/install/dwb_plugins/share/ament_index/resource_index/packages/dwb_plugins
-- Up-to-date symlink: /home/thomas24/hive_ws2/install/dwb_plugins/share/ament_index/resource_index/dwb_core__pluginlib__plugin/dwb_plugins
-- Up-to-date symlink: /home/thomas24/hive_ws2/install/dwb_plugins/share/dwb_plugins/cmake/ament_cmake_export_include_directories-extras.cmake
-- Up-to-date symlink: /home/thomas24/hive_ws2/install/dwb_plugins/share/dwb_plugins/cmake/ament_cmake_export_libraries-extras.cmake
-- Up-to-date symlink: /home/thomas24/hive_ws2/install/dwb_plugins/share/dwb_plugins/cmake/ament_cmake_export_dependencies-extras.cmake
-- Up-to-date symlink: /home/thomas24/hive_ws2/install/dwb_plugins/share/dwb_plugins/cmake/ament_cmake_export_targets-extras.cmake
-- Up-to-date symlink: /home/thomas24/hive_ws2/install/dwb_plugins/share/dwb_plugins/cmake/dwb_pluginsConfig.cmake
-- Up-to-date symlink: /home/thomas24/hive_ws2/install/dwb_plugins/share/dwb_plugins/cmake/dwb_pluginsConfig-version.cmake
-- Up-to-date symlink: /home/thomas24/hive_ws2/install/dwb_plugins/share/dwb_plugins/package.xml
-- Up-to-date: /home/thomas24/hive_ws2/install/dwb_plugins/lib/libstandard_traj_generator.so
-- Up-to-date: /home/thomas24/hive_ws2/install/dwb_plugins/share/dwb_plugins/cmake/dwb_pluginsExport.cmake
-- Up-to-date: /home/thomas24/hive_ws2/install/dwb_plugins/share/dwb_plugins/cmake/dwb_pluginsExport-release.cmake
