-- Found ament_cmake: 2.5.4 (/opt/ros/jazzy/share/ament_cmake/cmake)
-- Override CMake install command with custom implementation using symlinks instead of copying resources
-- Found angles: 1.16.0 (/opt/ros/jazzy/share/angles/cmake)
-- Found geometry_msgs: 5.3.6 (/opt/ros/jazzy/share/geometry_msgs/cmake)
-- Found rosidl_generator_c: 4.6.6 (/opt/ros/jazzy/share/rosidl_generator_c/cmake)
-- Found rosidl_generator_cpp: 4.6.6 (/opt/ros/jazzy/share/rosidl_generator_cpp/cmake)
-- Using all available rosidl_typesupport_c: rosidl_typesupport_fastrtps_c;rosidl_typesupport_introspection_c
-- Using all available rosidl_typesupport_cpp: rosidl_typesupport_fastrtps_cpp;rosidl_typesupport_introspection_cpp
-- Found nav2_common: 1.4.0 (/home/thomas24/hive_ws2/install/nav2_common/share/nav2_common/cmake)
-- Found nav2_core: 1.4.0 (/home/thomas24/hive_ws2/install/nav2_core/share/nav2_core/cmake)
-- Found rmw_implementation_cmake: 7.3.2 (/opt/ros/jazzy/share/rmw_implementation_cmake/cmake)
-- Found rmw_fastrtps_cpp: 8.4.3 (/opt/ros/jazzy/share/rmw_fastrtps_cpp/cmake)
-- Using RMW implementation 'rmw_fastrtps_cpp' as default
-- Found eigen3_cmake_module: 0.3.0 (/opt/ros/jazzy/share/eigen3_cmake_module/cmake)
-- Ensuring Eigen3 include directory is part of orocos-kdl CMake target
-- Found visualization_msgs: 5.3.6 (/opt/ros/jazzy/share/visualization_msgs/cmake)
-- Found ament_lint_auto: 0.17.3 (/opt/ros/jazzy/share/ament_lint_auto/cmake)
-- Found ament_cmake_gtest: 2.5.4 (/opt/ros/jazzy/share/ament_cmake_gtest/cmake)
-- Found gtest sources under '/opt/ros/jazzy/src/gtest_vendor': C++ tests using 'Google Test' will be built
-- Added test 'cppcheck' to perform static code analysis on C / C++ code
-- Configured cppcheck include dirs: /home/thomas24/hive_ws2/src/navigation2/nav2_mppi_controller/include;$<BUILD_INTERFACE:/home/thomas24/hive_ws2/src/navigation2/nav2_mppi_controller/include>
-- Configured cppcheck exclude dirs and/or files: 
-- Added test 'cpplint' to check C / C++ code against the Google style
-- Configured cpplint exclude dirs and/or files: 
-- Added test 'lint_cmake' to check CMake code style
-- Added test 'uncrustify' to check C / C++ code style
-- Configured uncrustify additional arguments: 
-- Added test 'xmllint' to check XML markup files
-- Configuring done (1.8s)
-- Generating done (0.3s)
-- Build files have been written to: /home/thomas24/hive_ws2/build/nav2_mppi_controller
[  3%] Built target gtest
[  7%] Built target gtest_main
[ 11%] Built target mppi_trajectory_validators
[ 25%] Built target mppi_controller
[ 48%] Built target mppi_critics
[ 51%] Built target controller_state_transition_test
[ 55%] Built target models_test
[ 59%] Built target noise_generator_test
[ 62%] Built target motion_model_tests
[ 66%] Built target parameter_handler_test
[ 70%] Built target utils_test
[ 74%] Built target optimizer_smoke_test
[ 77%] Built target trajectory_visualizer_tests
[ 81%] Built target path_handler_test
[ 85%] Built target critic_manager_test
[ 88%] Built target optimizer_unit_tests
[ 92%] Built target critics_tests
[ 96%] Built target optimizer_benchmark
[100%] Built target controller_benchmark
-- Install configuration: "Release"
-- Execute custom install script
-- Up-to-date symlink: /home/thomas24/hive_ws2/install/nav2_mppi_controller/include/nav2_mppi_controller/nav2_mppi_controller/controller.hpp
-- Up-to-date symlink: /home/thomas24/hive_ws2/install/nav2_mppi_controller/include/nav2_mppi_controller/nav2_mppi_controller/critic_data.hpp
-- Up-to-date symlink: /home/thomas24/hive_ws2/install/nav2_mppi_controller/include/nav2_mppi_controller/nav2_mppi_controller/critic_function.hpp
-- Up-to-date symlink: /home/thomas24/hive_ws2/install/nav2_mppi_controller/include/nav2_mppi_controller/nav2_mppi_controller/critic_manager.hpp
-- Up-to-date symlink: /home/thomas24/hive_ws2/install/nav2_mppi_controller/include/nav2_mppi_controller/nav2_mppi_controller/critics/constraint_critic.hpp
-- Up-to-date symlink: /home/thomas24/hive_ws2/install/nav2_mppi_controller/include/nav2_mppi_controller/nav2_mppi_controller/critics/cost_critic.hpp
-- Up-to-date symlink: /home/thomas24/hive_ws2/install/nav2_mppi_controller/include/nav2_mppi_controller/nav2_mppi_controller/critics/goal_angle_critic.hpp
-- Up-to-date symlink: /home/thomas24/hive_ws2/install/nav2_mppi_controller/include/nav2_mppi_controller/nav2_mppi_controller/critics/goal_critic.hpp
-- Up-to-date symlink: /home/thomas24/hive_ws2/install/nav2_mppi_controller/include/nav2_mppi_controller/nav2_mppi_controller/critics/obstacles_critic.hpp
-- Up-to-date symlink: /home/thomas24/hive_ws2/install/nav2_mppi_controller/include/nav2_mppi_controller/nav2_mppi_controller/critics/path_align_critic.hpp
-- Up-to-date symlink: /home/thomas24/hive_ws2/install/nav2_mppi_controller/include/nav2_mppi_controller/nav2_mppi_controller/critics/path_angle_critic.hpp
-- Up-to-date symlink: /home/thomas24/hive_ws2/install/nav2_mppi_controller/include/nav2_mppi_controller/nav2_mppi_controller/critics/path_follow_critic.hpp
-- Up-to-date symlink: /home/thomas24/hive_ws2/install/nav2_mppi_controller/include/nav2_mppi_controller/nav2_mppi_controller/critics/prefer_forward_critic.hpp
-- Up-to-date symlink: /home/thomas24/hive_ws2/install/nav2_mppi_controller/include/nav2_mppi_controller/nav2_mppi_controller/critics/twirling_critic.hpp
-- Up-to-date symlink: /home/thomas24/hive_ws2/install/nav2_mppi_controller/include/nav2_mppi_controller/nav2_mppi_controller/critics/velocity_deadband_critic.hpp
-- Up-to-date symlink: /home/thomas24/hive_ws2/install/nav2_mppi_controller/include/nav2_mppi_controller/nav2_mppi_controller/models/constraints.hpp
-- Up-to-date symlink: /home/thomas24/hive_ws2/install/nav2_mppi_controller/include/nav2_mppi_controller/nav2_mppi_controller/models/control_sequence.hpp
-- Up-to-date symlink: /home/thomas24/hive_ws2/install/nav2_mppi_controller/include/nav2_mppi_controller/nav2_mppi_controller/models/optimizer_settings.hpp
-- Up-to-date symlink: /home/thomas24/hive_ws2/install/nav2_mppi_controller/include/nav2_mppi_controller/nav2_mppi_controller/models/path.hpp
-- Up-to-date symlink: /home/thomas24/hive_ws2/install/nav2_mppi_controller/include/nav2_mppi_controller/nav2_mppi_controller/models/state.hpp
-- Up-to-date symlink: /home/thomas24/hive_ws2/install/nav2_mppi_controller/include/nav2_mppi_controller/nav2_mppi_controller/models/trajectories.hpp
-- Up-to-date symlink: /home/thomas24/hive_ws2/install/nav2_mppi_controller/include/nav2_mppi_controller/nav2_mppi_controller/motion_models.hpp
-- Up-to-date symlink: /home/thomas24/hive_ws2/install/nav2_mppi_controller/include/nav2_mppi_controller/nav2_mppi_controller/optimal_trajectory_validator.hpp
-- Up-to-date symlink: /home/thomas24/hive_ws2/install/nav2_mppi_controller/include/nav2_mppi_controller/nav2_mppi_controller/optimizer.hpp
-- Up-to-date symlink: /home/thomas24/hive_ws2/install/nav2_mppi_controller/include/nav2_mppi_controller/nav2_mppi_controller/tools/noise_generator.hpp
-- Up-to-date symlink: /home/thomas24/hive_ws2/install/nav2_mppi_controller/include/nav2_mppi_controller/nav2_mppi_controller/tools/parameters_handler.hpp
-- Up-to-date symlink: /home/thomas24/hive_ws2/install/nav2_mppi_controller/include/nav2_mppi_controller/nav2_mppi_controller/tools/path_handler.hpp
-- Up-to-date symlink: /home/thomas24/hive_ws2/install/nav2_mppi_controller/include/nav2_mppi_controller/nav2_mppi_controller/tools/trajectory_visualizer.hpp
-- Up-to-date symlink: /home/thomas24/hive_ws2/install/nav2_mppi_controller/include/nav2_mppi_controller/nav2_mppi_controller/tools/utils.hpp
-- Up-to-date symlink: /home/thomas24/hive_ws2/install/nav2_mppi_controller/share/nav2_mppi_controller//mppic.xml
-- Up-to-date symlink: /home/thomas24/hive_ws2/install/nav2_mppi_controller/share/nav2_mppi_controller//critics.xml
-- Up-to-date symlink: /home/thomas24/hive_ws2/install/nav2_mppi_controller/share/nav2_mppi_controller//trajectory_validators.xml
-- Up-to-date symlink: /home/thomas24/hive_ws2/install/nav2_mppi_controller/share/ament_index/resource_index/package_run_dependencies/nav2_mppi_controller
-- Up-to-date symlink: /home/thomas24/hive_ws2/install/nav2_mppi_controller/share/ament_index/resource_index/parent_prefix_path/nav2_mppi_controller
-- Up-to-date symlink: /home/thomas24/hive_ws2/install/nav2_mppi_controller/share/nav2_mppi_controller/environment/ament_prefix_path.sh
-- Up-to-date symlink: /home/thomas24/hive_ws2/install/nav2_mppi_controller/share/nav2_mppi_controller/environment/ament_prefix_path.dsv
-- Up-to-date symlink: /home/thomas24/hive_ws2/install/nav2_mppi_controller/share/nav2_mppi_controller/environment/path.sh
-- Up-to-date symlink: /home/thomas24/hive_ws2/install/nav2_mppi_controller/share/nav2_mppi_controller/environment/path.dsv
-- Up-to-date symlink: /home/thomas24/hive_ws2/install/nav2_mppi_controller/share/nav2_mppi_controller/local_setup.bash
-- Up-to-date symlink: /home/thomas24/hive_ws2/install/nav2_mppi_controller/share/nav2_mppi_controller/local_setup.sh
-- Up-to-date symlink: /home/thomas24/hive_ws2/install/nav2_mppi_controller/share/nav2_mppi_controller/local_setup.zsh
-- Up-to-date symlink: /home/thomas24/hive_ws2/install/nav2_mppi_controller/share/nav2_mppi_controller/local_setup.dsv
-- Symlinking: /home/thomas24/hive_ws2/install/nav2_mppi_controller/share/nav2_mppi_controller/package.dsv
-- Up-to-date symlink: /home/thomas24/hive_ws2/install/nav2_mppi_controller/share/ament_index/resource_index/packages/nav2_mppi_controller
-- Up-to-date symlink: /home/thomas24/hive_ws2/install/nav2_mppi_controller/share/ament_index/resource_index/nav2_core__pluginlib__plugin/nav2_mppi_controller
-- Up-to-date symlink: /home/thomas24/hive_ws2/install/nav2_mppi_controller/share/ament_index/resource_index/nav2_mppi_controller__pluginlib__plugin/nav2_mppi_controller
-- Up-to-date symlink: /home/thomas24/hive_ws2/install/nav2_mppi_controller/share/nav2_mppi_controller/cmake/ament_cmake_export_dependencies-extras.cmake
-- Up-to-date symlink: /home/thomas24/hive_ws2/install/nav2_mppi_controller/share/nav2_mppi_controller/cmake/ament_cmake_export_include_directories-extras.cmake
-- Up-to-date symlink: /home/thomas24/hive_ws2/install/nav2_mppi_controller/share/nav2_mppi_controller/cmake/ament_cmake_export_targets-extras.cmake
-- Up-to-date symlink: /home/thomas24/hive_ws2/install/nav2_mppi_controller/share/nav2_mppi_controller/cmake/nav2_mppi_controllerConfig.cmake
-- Up-to-date symlink: /home/thomas24/hive_ws2/install/nav2_mppi_controller/share/nav2_mppi_controller/cmake/nav2_mppi_controllerConfig-version.cmake
-- Up-to-date symlink: /home/thomas24/hive_ws2/install/nav2_mppi_controller/share/nav2_mppi_controller/package.xml
-- Up-to-date: /home/thomas24/hive_ws2/install/nav2_mppi_controller/lib/libmppi_controller.so
-- Up-to-date: /home/thomas24/hive_ws2/install/nav2_mppi_controller/lib/libmppi_critics.so
-- Up-to-date: /home/thomas24/hive_ws2/install/nav2_mppi_controller/lib/libmppi_trajectory_validators.so
-- Up-to-date: /home/thomas24/hive_ws2/install/nav2_mppi_controller/share/nav2_mppi_controller/cmake/nav2_mppi_controllerExport.cmake
-- Up-to-date: /home/thomas24/hive_ws2/install/nav2_mppi_controller/share/nav2_mppi_controller/cmake/nav2_mppi_controllerExport-release.cmake
