-- Found ament_cmake: 2.5.4 (/opt/ros/jazzy/share/ament_cmake/cmake)
-- Override CMake install command with custom implementation using symlinks instead of copying resources
-- Found behaviortree_cpp: 4.7.1 (/opt/ros/jazzy/share/behaviortree_cpp/cmake)
-- Found geometry_msgs: 5.3.6 (/opt/ros/jazzy/share/geometry_msgs/cmake)
-- Found rosidl_generator_c: 4.6.6 (/opt/ros/jazzy/share/rosidl_generator_c/cmake)
-- Found rosidl_generator_cpp: 4.6.6 (/opt/ros/jazzy/share/rosidl_generator_cpp/cmake)
-- Using all available rosidl_typesupport_c: rosidl_typesupport_fastrtps_c;rosidl_typesupport_introspection_c
-- Using all available rosidl_typesupport_cpp: rosidl_typesupport_fastrtps_cpp;rosidl_typesupport_introspection_cpp
-- Found nav2_behavior_tree: 1.4.0 (/home/thomas24/hive_ws2/install/nav2_behavior_tree/share/nav2_behavior_tree/cmake)
-- Found rmw_implementation_cmake: 7.3.2 (/opt/ros/jazzy/share/rmw_implementation_cmake/cmake)
-- Found rmw_fastrtps_cpp: 8.4.3 (/opt/ros/jazzy/share/rmw_fastrtps_cpp/cmake)
-- Using RMW implementation 'rmw_fastrtps_cpp' as default
-- Found eigen3_cmake_module: 0.3.0 (/opt/ros/jazzy/share/eigen3_cmake_module/cmake)
-- Ensuring Eigen3 include directory is part of orocos-kdl CMake target
-- Found nav2_core: 1.4.0 (/home/thomas24/hive_ws2/install/nav2_core/share/nav2_core/cmake)
-- Found ament_lint_auto: 0.17.3 (/opt/ros/jazzy/share/ament_lint_auto/cmake)
-- Found ament_cmake_gtest: 2.5.4 (/opt/ros/jazzy/share/ament_cmake_gtest/cmake)
-- Found gtest sources under '/opt/ros/jazzy/src/gtest_vendor': C++ tests using 'Google Test' will be built
-- Added test 'copyright' to check source files copyright and LICENSE
-- Added test 'cppcheck' to perform static code analysis on C / C++ code
-- Configured cppcheck include dirs: $<BUILD_INTERFACE:/home/thomas24/hive_ws2/src/navigation2/nav2_docking/opennav_docking_bt/include>
-- Configured cppcheck exclude dirs and/or files: 
-- Added test 'cpplint' to check C / C++ code against the Google style
-- Configured cpplint exclude dirs and/or files: 
-- Added test 'lint_cmake' to check CMake code style
-- Added test 'uncrustify' to check C / C++ code style
-- Configured uncrustify additional arguments: 
-- Added test 'xmllint' to check XML markup files
-- Configuring done (1.5s)
-- Generating done (0.0s)
-- Build files have been written to: /home/thomas24/hive_ws2/build/opennav_docking_bt
[ 16%] Built target gtest_main
[ 33%] Built target gtest
[ 50%] Built target opennav_dock_action_bt_node
[ 66%] Built target opennav_undock_action_bt_node
[100%] Built target test_undock_robot
[100%] Built target test_dock_robot
-- Install configuration: "Release"
-- Execute custom install script
-- Up-to-date symlink: /home/thomas24/hive_ws2/install/opennav_docking_bt/include/opennav_docking_bt/opennav_docking_bt/dock_robot.hpp
-- Up-to-date symlink: /home/thomas24/hive_ws2/install/opennav_docking_bt/include/opennav_docking_bt/opennav_docking_bt/undock_robot.hpp
-- Up-to-date symlink: /home/thomas24/hive_ws2/install/opennav_docking_bt/share/opennav_docking_bt/behavior_trees/application_example.xml
-- Up-to-date symlink: /home/thomas24/hive_ws2/install/opennav_docking_bt/share/opennav_docking_bt/environment/library_path.sh
-- Up-to-date symlink: /home/thomas24/hive_ws2/install/opennav_docking_bt/share/opennav_docking_bt/environment/library_path.dsv
-- Up-to-date symlink: /home/thomas24/hive_ws2/install/opennav_docking_bt/share/ament_index/resource_index/package_run_dependencies/opennav_docking_bt
-- Up-to-date symlink: /home/thomas24/hive_ws2/install/opennav_docking_bt/share/ament_index/resource_index/parent_prefix_path/opennav_docking_bt
-- Up-to-date symlink: /home/thomas24/hive_ws2/install/opennav_docking_bt/share/opennav_docking_bt/environment/ament_prefix_path.sh
-- Up-to-date symlink: /home/thomas24/hive_ws2/install/opennav_docking_bt/share/opennav_docking_bt/environment/ament_prefix_path.dsv
-- Up-to-date symlink: /home/thomas24/hive_ws2/install/opennav_docking_bt/share/opennav_docking_bt/environment/path.sh
-- Up-to-date symlink: /home/thomas24/hive_ws2/install/opennav_docking_bt/share/opennav_docking_bt/environment/path.dsv
-- Up-to-date symlink: /home/thomas24/hive_ws2/install/opennav_docking_bt/share/opennav_docking_bt/local_setup.bash
-- Up-to-date symlink: /home/thomas24/hive_ws2/install/opennav_docking_bt/share/opennav_docking_bt/local_setup.sh
-- Up-to-date symlink: /home/thomas24/hive_ws2/install/opennav_docking_bt/share/opennav_docking_bt/local_setup.zsh
-- Up-to-date symlink: /home/thomas24/hive_ws2/install/opennav_docking_bt/share/opennav_docking_bt/local_setup.dsv
-- Symlinking: /home/thomas24/hive_ws2/install/opennav_docking_bt/share/opennav_docking_bt/package.dsv
-- Up-to-date symlink: /home/thomas24/hive_ws2/install/opennav_docking_bt/share/ament_index/resource_index/packages/opennav_docking_bt
-- Up-to-date symlink: /home/thomas24/hive_ws2/install/opennav_docking_bt/share/opennav_docking_bt/cmake/ament_cmake_export_include_directories-extras.cmake
-- Up-to-date symlink: /home/thomas24/hive_ws2/install/opennav_docking_bt/share/opennav_docking_bt/cmake/ament_cmake_export_libraries-extras.cmake
-- Up-to-date symlink: /home/thomas24/hive_ws2/install/opennav_docking_bt/share/opennav_docking_bt/cmake/ament_cmake_export_dependencies-extras.cmake
-- Up-to-date symlink: /home/thomas24/hive_ws2/install/opennav_docking_bt/share/opennav_docking_bt/cmake/ament_cmake_export_targets-extras.cmake
-- Up-to-date symlink: /home/thomas24/hive_ws2/install/opennav_docking_bt/share/opennav_docking_bt/cmake/opennav_docking_btConfig.cmake
-- Up-to-date symlink: /home/thomas24/hive_ws2/install/opennav_docking_bt/share/opennav_docking_bt/cmake/opennav_docking_btConfig-version.cmake
-- Up-to-date symlink: /home/thomas24/hive_ws2/install/opennav_docking_bt/share/opennav_docking_bt/package.xml
-- Up-to-date: /home/thomas24/hive_ws2/install/opennav_docking_bt/lib/libopennav_dock_action_bt_node.so
-- Up-to-date: /home/thomas24/hive_ws2/install/opennav_docking_bt/lib/libopennav_undock_action_bt_node.so
-- Up-to-date: /home/thomas24/hive_ws2/install/opennav_docking_bt/share/opennav_docking_bt/cmake/opennav_docking_btExport.cmake
-- Up-to-date: /home/thomas24/hive_ws2/install/opennav_docking_bt/share/opennav_docking_bt/cmake/opennav_docking_btExport-release.cmake
