-- The CXX compiler identification is GNU 13.3.0
-- Detecting CXX compiler ABI info
-- Detecting CXX compiler ABI info - done
-- Check for working CXX compiler: /usr/bin/c++ - skipped
-- Detecting CXX compile features
-- Detecting CXX compile features - done
-- Found ament_cmake: 2.5.4 (/opt/ros/jazzy/share/ament_cmake/cmake)
-- Found Python3: /usr/bin/python3 (found version "3.12.3") found components: Interpreter 
-- Found nav2_common: 1.4.0 (/home/thomas24/hive_ws2/install/nav2_common/share/nav2_common/cmake)
-- Found rclcpp: 28.1.11 (/opt/ros/jazzy/share/rclcpp/cmake)
-- Found rosidl_generator_c: 4.6.6 (/opt/ros/jazzy/share/rosidl_generator_c/cmake)
-- Found rosidl_generator_cpp: 4.6.6 (/opt/ros/jazzy/share/rosidl_generator_cpp/cmake)
-- Using all available rosidl_typesupport_c: rosidl_typesupport_fastrtps_c;rosidl_typesupport_introspection_c
-- Using all available rosidl_typesupport_cpp: rosidl_typesupport_fastrtps_cpp;rosidl_typesupport_introspection_cpp
-- Found rmw_implementation_cmake: 7.3.2 (/opt/ros/jazzy/share/rmw_implementation_cmake/cmake)
-- Found rmw_fastrtps_cpp: 8.4.3 (/opt/ros/jazzy/share/rmw_fastrtps_cpp/cmake)
-- Found OpenSSL: /usr/lib/x86_64-linux-gnu/libcrypto.so (found version "3.0.13")  
-- Found FastRTPS: /opt/ros/jazzy/include (Required is at least version "2.13") 
-- Using RMW implementation 'rmw_fastrtps_cpp' as default
-- Found rclcpp_lifecycle: 28.1.11 (/opt/ros/jazzy/share/rclcpp_lifecycle/cmake)
-- Found rclcpp_components: 28.1.11 (/opt/ros/jazzy/share/rclcpp_components/cmake)
-- Found std_msgs: 5.3.6 (/opt/ros/jazzy/share/std_msgs/cmake)
-- Found geometry_msgs: 5.3.6 (/opt/ros/jazzy/share/geometry_msgs/cmake)
-- Found nav2_costmap_2d: 1.4.0 (/home/thomas24/hive_ws2/install/nav2_costmap_2d/share/nav2_costmap_2d/cmake)
-- Found eigen3_cmake_module: 0.3.0 (/opt/ros/jazzy/share/eigen3_cmake_module/cmake)
-- Found Eigen3: TRUE (found version "3.4.0") 
-- Ensuring Eigen3 include directory is part of orocos-kdl CMake target
-- Found nav2_core: 1.4.0 (/home/thomas24/hive_ws2/install/nav2_core/share/nav2_core/cmake)
-- Found visualization_msgs: 5.3.6 (/opt/ros/jazzy/share/visualization_msgs/cmake)
-- Performing Test CMAKE_HAVE_LIBC_PTHREAD
-- Performing Test CMAKE_HAVE_LIBC_PTHREAD - Success
-- Found Threads: TRUE  
-- Found nlohmann_json: /usr/share/cmake/nlohmann_json/nlohmann_jsonConfig.cmake (found version "3.11.3") 
-- Setting build type to Release as none was specified.
-- Found ament_lint_auto: 0.17.3 (/opt/ros/jazzy/share/ament_lint_auto/cmake)
-- Found gtest sources under '/opt/ros/jazzy/src/gtest_vendor': C++ tests using 'Google Test' will be built
-- The C compiler identification is GNU 13.3.0
-- Detecting C compiler ABI info
-- Detecting C compiler ABI info - done
-- Check for working C compiler: /usr/bin/cc - skipped
-- Detecting C compile features
-- Detecting C compile features - done
-- Added test 'cppcheck' to perform static code analysis on C / C++ code
-- Configured cppcheck include dirs: /home/thomas24/hive_ws2/src/navigation2/nav2_route/include;$<BUILD_INTERFACE:/home/thomas24/hive_ws2/src/navigation2/nav2_route/include>
-- Configured cppcheck exclude dirs and/or files: 
-- Added test 'cpplint' to check C / C++ code against the Google style
-- Configured cpplint exclude dirs and/or files: 
-- Added test 'flake8' to check Python code syntax and style conventions
-- Configured 'flake8' exclude dirs and/or files: 
-- Added test 'lint_cmake' to check CMake code style
-- Added test 'pep257' to check Python code against some of the docstring style conventions in PEP 257
-- Added test 'uncrustify' to check C / C++ code style
-- Configured uncrustify additional arguments: 
-- Added test 'xmllint' to check XML markup files
-- Configuring done (5.2s)
-- Generating done (0.6s)
-- Build files have been written to: /home/thomas24/hive_ws2/build/nav2_route
[  1%] [32mBuilding CXX object CMakeFiles/route_server_core.dir/src/route_server.cpp.o[0m
[  2%] [32mBuilding CXX object CMakeFiles/route_server_core.dir/src/goal_intent_extractor.cpp.o[0m
[  4%] [32mBuilding CXX object CMakeFiles/route_server_core.dir/src/graph_saver.cpp.o[0m
[  5%] [32mBuilding CXX object CMakeFiles/route_server_core.dir/src/graph_loader.cpp.o[0m
[  7%] [32mBuilding CXX object CMakeFiles/route_server_core.dir/src/path_converter.cpp.o[0m
[  8%] [32mBuilding CXX object CMakeFiles/route_server_core.dir/src/node_spatial_tree.cpp.o[0m
[ 10%] [32mBuilding CXX object CMakeFiles/route_server_core.dir/src/operations_manager.cpp.o[0m
[ 11%] [32mBuilding CXX object CMakeFiles/route_server_core.dir/src/edge_scorer.cpp.o[0m
[ 12%] [32mBuilding CXX object CMakeFiles/route_server_core.dir/src/route_tracker.cpp.o[0m
[ 14%] [32mBuilding CXX object CMakeFiles/route_server_core.dir/src/route_planner.cpp.o[0m
[ 15%] [32m[1mLinking CXX shared library libroute_server_core.so[0m
[ 15%] Built target route_server_core
[ 17%] [32mBuilding CXX object gtest/CMakeFiles/gtest.dir/src/gtest-all.cc.o[0m
[ 18%] [32m[1mLinking CXX static library libgtest.a[0m
[ 18%] Built target gtest
[ 20%] [32mBuilding CXX object test/CMakeFiles/performance_benchmarking.dir/performance_benchmarking.cpp.o[0m
[ 21%] [32m[1mLinking CXX executable performance_benchmarking[0m
[ 21%] Built target performance_benchmarking
[ 22%] [32mBuilding CXX object CMakeFiles/route_server.dir/src/main.cpp.o[0m
[ 24%] [32m[1mLinking CXX executable route_server[0m
[ 24%] Built target route_server
[ 25%] [32mBuilding CXX object gtest/CMakeFiles/gtest_main.dir/src/gtest_main.cc.o[0m
[ 27%] [32m[1mLinking CXX static library libgtest_main.a[0m
[ 27%] Built target gtest_main
[ 28%] [32mBuilding CXX object CMakeFiles/graph_file_savers.dir/src/plugins/graph_file_savers/geojson_graph_file_saver.cpp.o[0m
[ 30%] [32m[1mLinking CXX shared library libgraph_file_savers.so[0m
[ 30%] Built target graph_file_savers
[ 31%] [32mBuilding CXX object test/CMakeFiles/test_corner_smoothing.dir/test_corner_smoothing.cpp.o[0m
[ 32%] [32m[1mLinking CXX executable test_corner_smoothing[0m
[ 32%] Built target test_corner_smoothing
[ 34%] [32mBuilding CXX object test/CMakeFiles/test_goal_intent_search.dir/test_goal_intent_search.cpp.o[0m
[ 35%] [32m[1mLinking CXX executable test_goal_intent_search[0m
[ 35%] Built target test_goal_intent_search
[ 37%] [32mBuilding CXX object test/CMakeFiles/test_route_server.dir/test_route_server.cpp.o[0m
[ 38%] [32m[1mLinking CXX executable test_route_server[0m
[ 38%] Built target test_route_server
[ 40%] [32mBuilding CXX object test/CMakeFiles/test_route_tracker.dir/test_route_tracker.cpp.o[0m
[ 41%] [32m[1mLinking CXX executable test_route_tracker[0m
[ 41%] Built target test_route_tracker
[ 42%] [32mBuilding CXX object test/CMakeFiles/test_goal_intent_extractor.dir/test_goal_intent_extractor.cpp.o[0m
[ 44%] [32m[1mLinking CXX executable test_goal_intent_extractor[0m
[ 44%] Built target test_goal_intent_extractor
[ 45%] [32mBuilding CXX object test/CMakeFiles/test_graph_saver.dir/test_graph_saver.cpp.o[0m
[ 47%] [32m[1mLinking CXX executable test_graph_saver[0m
[ 47%] Built target test_graph_saver
[ 48%] [32mBuilding CXX object test/CMakeFiles/test_graph_loader.dir/test_graph_loader.cpp.o[0m
[ 50%] [32m[1mLinking CXX executable test_graph_loader[0m
[ 50%] Built target test_graph_loader
[ 51%] [32mBuilding CXX object test/CMakeFiles/test_spatial_tree.dir/test_spatial_tree.cpp.o[0m
[ 52%] [32m[1mLinking CXX executable test_spatial_tree[0m
[ 52%] Built target test_spatial_tree
[ 55%] [32mBuilding CXX object test/CMakeFiles/test_path_converter.dir/test_path_converter.cpp.o[0m
[ 55%] [32mBuilding CXX object test/CMakeFiles/test_utils_and_types.dir/test_utils_and_types.cpp.o[0m
[ 57%] [32m[1mLinking CXX executable test_utils_and_types[0m
[ 57%] Built target test_utils_and_types
[ 58%] [32mBuilding CXX object CMakeFiles/graph_file_loaders.dir/src/plugins/graph_file_loaders/geojson_graph_file_loader.cpp.o[0m
[ 60%] [32mBuilding CXX object CMakeFiles/route_operations.dir/src/plugins/route_operations/adjust_speed_limit.cpp.o[0m
[ 61%] [32mBuilding CXX object CMakeFiles/route_operations.dir/src/plugins/route_operations/trigger_event.cpp.o[0m
[ 62%] [32mBuilding CXX object CMakeFiles/route_operations.dir/src/plugins/route_operations/rerouting_service.cpp.o[0m
[ 64%] [32m[1mLinking CXX executable test_path_converter[0m
[ 64%] Built target test_path_converter
[ 65%] [32mBuilding CXX object CMakeFiles/route_operations.dir/src/plugins/route_operations/time_marker.cpp.o[0m
[ 67%] [32m[1mLinking CXX shared library libgraph_file_loaders.so[0m
[ 67%] Built target graph_file_loaders
[ 68%] [32mBuilding CXX object CMakeFiles/route_operations.dir/src/plugins/route_operations/collision_monitor.cpp.o[0m
[ 70%] [32m[1mLinking CXX shared library libroute_operations.so[0m
[ 70%] Built target route_operations
[ 71%] [32mBuilding CXX object test/CMakeFiles/test_geojson_graph_file_saver.dir/test_geojson_graph_file_saver.cpp.o[0m
[ 72%] [32m[1mLinking CXX executable test_geojson_graph_file_saver[0m
[ 72%] Built target test_geojson_graph_file_saver
[ 75%] [32mBuilding CXX object test/CMakeFiles/test_operations.dir/test_operations.cpp.o[0m
[ 75%] [32mBuilding CXX object test/CMakeFiles/test_collision_operation.dir/test_collision_operation.cpp.o[0m
[ 77%] [32m[1mLinking CXX executable test_collision_operation[0m
[ 77%] Built target test_collision_operation
[ 78%] [32m[1mLinking CXX executable test_operations[0m
[ 78%] Built target test_operations
[ 82%] [32mBuilding CXX object CMakeFiles/edge_scorers.dir/src/plugins/edge_cost_functions/time_scorer.cpp.o[0m
[ 82%] [32mBuilding CXX object CMakeFiles/edge_scorers.dir/src/plugins/edge_cost_functions/distance_scorer.cpp.o[0m
[ 84%] [32mBuilding CXX object test/CMakeFiles/test_geojson_graph_file_loader.dir/test_geojson_graph_file_loader.cpp.o[0m
[ 81%] [32mBuilding CXX object CMakeFiles/edge_scorers.dir/src/plugins/edge_cost_functions/dynamic_edges_scorer.cpp.o[0m
[ 85%] [32mBuilding CXX object CMakeFiles/edge_scorers.dir/src/plugins/edge_cost_functions/start_pose_orientation_scorer.cpp.o[0m
[ 87%] [32m[1mLinking CXX executable test_geojson_graph_file_loader[0m
[ 87%] Built target test_geojson_graph_file_loader
[ 91%] [32mBuilding CXX object CMakeFiles/edge_scorers.dir/src/plugins/edge_cost_functions/costmap_scorer.cpp.o[0m
[ 91%] [32mBuilding CXX object CMakeFiles/edge_scorers.dir/src/plugins/edge_cost_functions/semantic_scorer.cpp.o[0m
[ 91%] [32mBuilding CXX object CMakeFiles/edge_scorers.dir/src/plugins/edge_cost_functions/goal_orientation_scorer.cpp.o[0m
[ 92%] [32mBuilding CXX object CMakeFiles/edge_scorers.dir/src/plugins/edge_cost_functions/penalty_scorer.cpp.o[0m
[ 94%] [32m[1mLinking CXX shared library libedge_scorers.so[0m
[ 94%] Built target edge_scorers
[ 97%] [32mBuilding CXX object test/CMakeFiles/test_route_planner.dir/test_route_planner.cpp.o[0m
[ 97%] [32mBuilding CXX object test/CMakeFiles/test_edge_scorers.dir/test_edge_scorers.cpp.o[0m
[ 98%] [32m[1mLinking CXX executable test_route_planner[0m
[ 98%] Built target test_route_planner
[100%] [32m[1mLinking CXX executable test_edge_scorers[0m
[100%] Built target test_edge_scorers
-- Install configuration: "Release"
-- Installing: /home/thomas24/hive_ws2/install/nav2_route/share/nav2_route/plugins.xml
-- Installing: /home/thomas24/hive_ws2/install/nav2_route/include/nav2_route
-- Installing: /home/thomas24/hive_ws2/install/nav2_route/include/nav2_route/nav2_route
-- Installing: /home/thomas24/hive_ws2/install/nav2_route/include/nav2_route/nav2_route/route_planner.hpp
-- Installing: /home/thomas24/hive_ws2/install/nav2_route/include/nav2_route/nav2_route/edge_scorer.hpp
-- Installing: /home/thomas24/hive_ws2/install/nav2_route/include/nav2_route/nav2_route/utils.hpp
-- Installing: /home/thomas24/hive_ws2/install/nav2_route/include/nav2_route/nav2_route/interfaces
-- Installing: /home/thomas24/hive_ws2/install/nav2_route/include/nav2_route/nav2_route/interfaces/graph_file_saver.hpp
-- Installing: /home/thomas24/hive_ws2/install/nav2_route/include/nav2_route/nav2_route/interfaces/route_operation.hpp
-- Installing: /home/thomas24/hive_ws2/install/nav2_route/include/nav2_route/nav2_route/interfaces/graph_file_loader.hpp
-- Installing: /home/thomas24/hive_ws2/install/nav2_route/include/nav2_route/nav2_route/interfaces/edge_cost_function.hpp
-- Installing: /home/thomas24/hive_ws2/install/nav2_route/include/nav2_route/nav2_route/route_tracker.hpp
-- Installing: /home/thomas24/hive_ws2/install/nav2_route/include/nav2_route/nav2_route/path_converter.hpp
-- Installing: /home/thomas24/hive_ws2/install/nav2_route/include/nav2_route/nav2_route/operations_manager.hpp
-- Installing: /home/thomas24/hive_ws2/install/nav2_route/include/nav2_route/nav2_route/route_server.hpp
-- Installing: /home/thomas24/hive_ws2/install/nav2_route/include/nav2_route/nav2_route/goal_intent_extractor.hpp
-- Installing: /home/thomas24/hive_ws2/install/nav2_route/include/nav2_route/nav2_route/goal_intent_search.hpp
-- Installing: /home/thomas24/hive_ws2/install/nav2_route/include/nav2_route/nav2_route/types.hpp
-- Installing: /home/thomas24/hive_ws2/install/nav2_route/include/nav2_route/nav2_route/node_spatial_tree.hpp
-- Installing: /home/thomas24/hive_ws2/install/nav2_route/include/nav2_route/nav2_route/graph_loader.hpp
-- Installing: /home/thomas24/hive_ws2/install/nav2_route/include/nav2_route/nav2_route/graph_saver.hpp
-- Installing: /home/thomas24/hive_ws2/install/nav2_route/include/nav2_route/nav2_route/plugins
-- Installing: /home/thomas24/hive_ws2/install/nav2_route/include/nav2_route/nav2_route/plugins/route_operation_client.hpp
-- Installing: /home/thomas24/hive_ws2/install/nav2_route/include/nav2_route/nav2_route/plugins/graph_file_loaders
-- Installing: /home/thomas24/hive_ws2/install/nav2_route/include/nav2_route/nav2_route/plugins/graph_file_loaders/geojson_graph_file_loader.hpp
-- Installing: /home/thomas24/hive_ws2/install/nav2_route/include/nav2_route/nav2_route/plugins/edge_cost_functions
-- Installing: /home/thomas24/hive_ws2/install/nav2_route/include/nav2_route/nav2_route/plugins/edge_cost_functions/distance_scorer.hpp
-- Installing: /home/thomas24/hive_ws2/install/nav2_route/include/nav2_route/nav2_route/plugins/edge_cost_functions/dynamic_edges_scorer.hpp
-- Installing: /home/thomas24/hive_ws2/install/nav2_route/include/nav2_route/nav2_route/plugins/edge_cost_functions/time_scorer.hpp
-- Installing: /home/thomas24/hive_ws2/install/nav2_route/include/nav2_route/nav2_route/plugins/edge_cost_functions/goal_orientation_scorer.hpp
-- Installing: /home/thomas24/hive_ws2/install/nav2_route/include/nav2_route/nav2_route/plugins/edge_cost_functions/penalty_scorer.hpp
-- Installing: /home/thomas24/hive_ws2/install/nav2_route/include/nav2_route/nav2_route/plugins/edge_cost_functions/costmap_scorer.hpp
-- Installing: /home/thomas24/hive_ws2/install/nav2_route/include/nav2_route/nav2_route/plugins/edge_cost_functions/semantic_scorer.hpp
-- Installing: /home/thomas24/hive_ws2/install/nav2_route/include/nav2_route/nav2_route/plugins/edge_cost_functions/start_pose_orientation_scorer.hpp
-- Installing: /home/thomas24/hive_ws2/install/nav2_route/include/nav2_route/nav2_route/plugins/graph_file_savers
-- Installing: /home/thomas24/hive_ws2/install/nav2_route/include/nav2_route/nav2_route/plugins/graph_file_savers/geojson_graph_file_saver.hpp
-- Installing: /home/thomas24/hive_ws2/install/nav2_route/include/nav2_route/nav2_route/plugins/route_operations
-- Installing: /home/thomas24/hive_ws2/install/nav2_route/include/nav2_route/nav2_route/plugins/route_operations/time_marker.hpp
-- Installing: /home/thomas24/hive_ws2/install/nav2_route/include/nav2_route/nav2_route/plugins/route_operations/collision_monitor.hpp
-- Installing: /home/thomas24/hive_ws2/install/nav2_route/include/nav2_route/nav2_route/plugins/route_operations/rerouting_service.hpp
-- Installing: /home/thomas24/hive_ws2/install/nav2_route/include/nav2_route/nav2_route/plugins/route_operations/adjust_speed_limit.hpp
-- Installing: /home/thomas24/hive_ws2/install/nav2_route/include/nav2_route/nav2_route/plugins/route_operations/trigger_event.hpp
-- Installing: /home/thomas24/hive_ws2/install/nav2_route/include/nav2_route/nav2_route/corner_smoothing.hpp
-- Installing: /home/thomas24/hive_ws2/install/nav2_route/lib/nav2_route/route_server
-- Set non-toolchain portion of runtime path of "/home/thomas24/hive_ws2/install/nav2_route/lib/nav2_route/route_server" to ""
-- Installing: /home/thomas24/hive_ws2/install/nav2_route/lib/libroute_server_core.so
-- Set non-toolchain portion of runtime path of "/home/thomas24/hive_ws2/install/nav2_route/lib/libroute_server_core.so" to ""
-- Installing: /home/thomas24/hive_ws2/install/nav2_route/lib/libedge_scorers.so
-- Set non-toolchain portion of runtime path of "/home/thomas24/hive_ws2/install/nav2_route/lib/libedge_scorers.so" to ""
-- Installing: /home/thomas24/hive_ws2/install/nav2_route/lib/libroute_operations.so
-- Set non-toolchain portion of runtime path of "/home/thomas24/hive_ws2/install/nav2_route/lib/libroute_operations.so" to ""
-- Installing: /home/thomas24/hive_ws2/install/nav2_route/lib/libgraph_file_loaders.so
-- Set non-toolchain portion of runtime path of "/home/thomas24/hive_ws2/install/nav2_route/lib/libgraph_file_loaders.so" to ""
-- Installing: /home/thomas24/hive_ws2/install/nav2_route/lib/libgraph_file_savers.so
-- Set non-toolchain portion of runtime path of "/home/thomas24/hive_ws2/install/nav2_route/lib/libgraph_file_savers.so" to ""
-- Installing: /home/thomas24/hive_ws2/install/nav2_route/share/nav2_route/graphs
-- Installing: /home/thomas24/hive_ws2/install/nav2_route/share/nav2_route/graphs/turtlebot3_graph.geojson
-- Installing: /home/thomas24/hive_ws2/install/nav2_route/share/nav2_route/graphs/turtlebot4_graph.geojson
-- Installing: /home/thomas24/hive_ws2/install/nav2_route/share/nav2_route/graphs/sample_graph.geojson
-- Installing: /home/thomas24/hive_ws2/install/nav2_route/share/nav2_route/graphs/aws_graph.geojson
-- Installing: /home/thomas24/hive_ws2/install/nav2_route/share/nav2_route/graphs/scripts
-- Installing: /home/thomas24/hive_ws2/install/nav2_route/share/nav2_route/graphs/scripts/increment_edge_id.json
-- Installing: /home/thomas24/hive_ws2/install/nav2_route/share/nav2_route/graphs/scripts/generate_start_and_end_id.sql
-- Installing: /home/thomas24/hive_ws2/install/nav2_route/share/nav2_route/graphs/scripts/README.md
-- Installing: /home/thomas24/hive_ws2/install/nav2_route/share/nav2_route/graphs/scripts/increment_node_id.json
-- Installing: /home/thomas24/hive_ws2/install/nav2_route/share/nav2_route/graphs/scripts/export_shapefiles.py
-- Installing: /home/thomas24/hive_ws2/install/nav2_route/share/nav2_route/test/test_graphs
-- Installing: /home/thomas24/hive_ws2/install/nav2_route/share/nav2_route/test/test_graphs/no_frame.json
-- Installing: /home/thomas24/hive_ws2/install/nav2_route/share/nav2_route/test/test_graphs/error_codes.geojson
-- Installing: /home/thomas24/hive_ws2/install/nav2_route/share/nav2_route/test/test_graphs/invalid.json
-- Installing: /home/thomas24/hive_ws2/install/nav2_route/share/nav2_route/environment/library_path.sh
-- Installing: /home/thomas24/hive_ws2/install/nav2_route/share/nav2_route/environment/library_path.dsv
-- Installing: /home/thomas24/hive_ws2/install/nav2_route/share/ament_index/resource_index/package_run_dependencies/nav2_route
-- Installing: /home/thomas24/hive_ws2/install/nav2_route/share/ament_index/resource_index/parent_prefix_path/nav2_route
-- Installing: /home/thomas24/hive_ws2/install/nav2_route/share/nav2_route/environment/ament_prefix_path.sh
-- Installing: /home/thomas24/hive_ws2/install/nav2_route/share/nav2_route/environment/ament_prefix_path.dsv
-- Installing: /home/thomas24/hive_ws2/install/nav2_route/share/nav2_route/environment/path.sh
-- Installing: /home/thomas24/hive_ws2/install/nav2_route/share/nav2_route/environment/path.dsv
-- Installing: /home/thomas24/hive_ws2/install/nav2_route/share/nav2_route/local_setup.bash
-- Installing: /home/thomas24/hive_ws2/install/nav2_route/share/nav2_route/local_setup.sh
-- Installing: /home/thomas24/hive_ws2/install/nav2_route/share/nav2_route/local_setup.zsh
-- Installing: /home/thomas24/hive_ws2/install/nav2_route/share/nav2_route/local_setup.dsv
-- Installing: /home/thomas24/hive_ws2/install/nav2_route/share/nav2_route/package.dsv
-- Installing: /home/thomas24/hive_ws2/install/nav2_route/share/ament_index/resource_index/packages/nav2_route
-- Installing: /home/thomas24/hive_ws2/install/nav2_route/share/ament_index/resource_index/nav2_route__pluginlib__plugin/nav2_route
-- Installing: /home/thomas24/hive_ws2/install/nav2_route/share/ament_index/resource_index/rclcpp_components/nav2_route
-- Installing: /home/thomas24/hive_ws2/install/nav2_route/share/nav2_route/cmake/export_nav2_routeExport.cmake
-- Installing: /home/thomas24/hive_ws2/install/nav2_route/share/nav2_route/cmake/export_nav2_routeExport-release.cmake
-- Installing: /home/thomas24/hive_ws2/install/nav2_route/share/nav2_route/cmake/ament_cmake_export_include_directories-extras.cmake
-- Installing: /home/thomas24/hive_ws2/install/nav2_route/share/nav2_route/cmake/ament_cmake_export_dependencies-extras.cmake
-- Installing: /home/thomas24/hive_ws2/install/nav2_route/share/nav2_route/cmake/ament_cmake_export_libraries-extras.cmake
-- Installing: /home/thomas24/hive_ws2/install/nav2_route/share/nav2_route/cmake/ament_cmake_export_targets-extras.cmake
-- Installing: /home/thomas24/hive_ws2/install/nav2_route/share/nav2_route/cmake/nav2_routeConfig.cmake
-- Installing: /home/thomas24/hive_ws2/install/nav2_route/share/nav2_route/cmake/nav2_routeConfig-version.cmake
-- Installing: /home/thomas24/hive_ws2/install/nav2_route/share/nav2_route/package.xml
-- Installing: /home/thomas24/hive_ws2/install/nav2_route/lib/nav2_route/performance_benchmarking
-- Set non-toolchain portion of runtime path of "/home/thomas24/hive_ws2/install/nav2_route/lib/nav2_route/performance_benchmarking" to ""
