[0.057s] Invoking command in '/home/thomas24/hive_ws2/build/nav2_route': AMENT_PREFIX_PATH=/home/thomas24/hive_ws2/install/nav2_core:/home/thomas24/hive_ws2/install/nav2_costmap_2d:/home/thomas24/hive_ws2/install/nav2_map_server:/home/thomas24/hive_ws2/install/nav2_lifecycle_manager:/home/thomas24/hive_ws2/install/nav2_behavior_tree:/home/thomas24/hive_ws2/install/nav2_util:/home/thomas24/hive_ws2/install/nav2_ros_common:/home/thomas24/hive_ws2/install/nav2_voxel_grid:/home/thomas24/hive_ws2/install/nav2_msgs:/home/thomas24/hive_ws2/install/nav2_common:${AMENT_PREFIX_PATH} CMAKE_PREFIX_PATH=/home/thomas24/hive_ws2/install/nav2_core:/home/thomas24/hive_ws2/install/nav2_costmap_2d:/home/thomas24/hive_ws2/install/nav2_map_server:/home/thomas24/hive_ws2/install/nav2_lifecycle_manager:/home/thomas24/hive_ws2/install/nav2_behavior_tree:/home/thomas24/hive_ws2/install/nav2_util:/home/thomas24/hive_ws2/install/nav2_ros_common:/home/thomas24/hive_ws2/install/nav2_voxel_grid:/home/thomas24/hive_ws2/install/nav2_msgs:/home/thomas24/hive_ws2/install/nav2_common:/opt/ros/jazzy/opt/gz_sim_vendor:/opt/ros/jazzy/opt/gz_sensors_vendor:/opt/ros/jazzy/opt/gz_physics_vendor:/opt/ros/jazzy/opt/sdformat_vendor:/opt/ros/jazzy/opt/gz_gui_vendor:/opt/ros/jazzy/opt/gz_transport_vendor:/opt/ros/jazzy/opt/gz_rendering_vendor:/opt/ros/jazzy/opt/gz_plugin_vendor:/opt/ros/jazzy/opt/gz_fuel_tools_vendor:/opt/ros/jazzy/opt/gz_msgs_vendor:/opt/ros/jazzy/opt/gz_common_vendor:/opt/ros/jazzy/opt/gz_math_vendor:/opt/ros/jazzy/opt/gz_utils_vendor:/opt/ros/jazzy/opt/gz_tools_vendor:/opt/ros/jazzy/opt/gz_ogre_next_vendor:/opt/ros/jazzy/opt/gz_dartsim_vendor:/opt/ros/jazzy/opt/gz_cmake_vendor:/opt/ros/jazzy DEBUGINFOD_URLS=https://debuginfod.ubuntu.com LD_LIBRARY_PATH=/home/thomas24/hive_ws2/install/nav2_costmap_2d/lib:/home/thomas24/hive_ws2/install/nav2_map_server/lib:/home/thomas24/hive_ws2/install/nav2_lifecycle_manager/lib:/home/thomas24/hive_ws2/install/nav2_behavior_tree/lib:/home/thomas24/hive_ws2/install/nav2_util/lib:/home/thomas24/hive_ws2/install/nav2_voxel_grid/lib:/home/thomas24/hive_ws2/install/nav2_msgs/lib:${LD_LIBRARY_PATH} PYTHONPATH=/home/thomas24/hive_ws2/install/nav2_msgs/lib/python3.12/site-packages:/home/thomas24/hive_ws2/install/nav2_common/lib/python3.12/site-packages:${PYTHONPATH} /usr/bin/cmake /home/thomas24/hive_ws2/src/navigation2/nav2_route -DCMAKE_INSTALL_PREFIX=/home/thomas24/hive_ws2/install/nav2_route
[0.173s] -- The CXX compiler identification is GNU 13.3.0
[0.212s] -- Detecting CXX compiler ABI info
[0.547s] -- Detecting CXX compiler ABI info - done
[0.601s] -- Check for working CXX compiler: /usr/bin/c++ - skipped
[0.601s] -- Detecting CXX compile features
[0.601s] -- Detecting CXX compile features - done
[0.630s] -- Found ament_cmake: 2.5.4 (/opt/ros/jazzy/share/ament_cmake/cmake)
[1.128s] -- Found Python3: /usr/bin/python3 (found version "3.12.3") found components: Interpreter 
[1.456s] -- Found nav2_common: 1.4.0 (/home/thomas24/hive_ws2/install/nav2_common/share/nav2_common/cmake)
[1.468s] -- Found rclcpp: 28.1.11 (/opt/ros/jazzy/share/rclcpp/cmake)
[1.607s] -- Found rosidl_generator_c: 4.6.6 (/opt/ros/jazzy/share/rosidl_generator_c/cmake)
[1.654s] -- Found rosidl_generator_cpp: 4.6.6 (/opt/ros/jazzy/share/rosidl_generator_cpp/cmake)
[1.701s] -- Using all available rosidl_typesupport_c: rosidl_typesupport_fastrtps_c;rosidl_typesupport_introspection_c
[1.756s] -- Using all available rosidl_typesupport_cpp: rosidl_typesupport_fastrtps_cpp;rosidl_typesupport_introspection_cpp
[1.949s] -- Found rmw_implementation_cmake: 7.3.2 (/opt/ros/jazzy/share/rmw_implementation_cmake/cmake)
[1.967s] -- Found rmw_fastrtps_cpp: 8.4.3 (/opt/ros/jazzy/share/rmw_fastrtps_cpp/cmake)
[2.231s] -- Found OpenSSL: /usr/lib/x86_64-linux-gnu/libcrypto.so (found version "3.0.13")  
[2.291s] -- Found FastRTPS: /opt/ros/jazzy/include (Required is at least version "2.13") 
[2.358s] -- Using RMW implementation 'rmw_fastrtps_cpp' as default
[2.529s] -- Found rclcpp_lifecycle: 28.1.11 (/opt/ros/jazzy/share/rclcpp_lifecycle/cmake)
[2.593s] -- Found rclcpp_components: 28.1.11 (/opt/ros/jazzy/share/rclcpp_components/cmake)
[2.649s] -- Found std_msgs: 5.3.6 (/opt/ros/jazzy/share/std_msgs/cmake)
[2.667s] -- Found geometry_msgs: 5.3.6 (/opt/ros/jazzy/share/geometry_msgs/cmake)
[2.688s] -- Found nav2_costmap_2d: 1.4.0 (/home/thomas24/hive_ws2/install/nav2_costmap_2d/share/nav2_costmap_2d/cmake)
[3.186s] -- Found eigen3_cmake_module: 0.3.0 (/opt/ros/jazzy/share/eigen3_cmake_module/cmake)
[3.187s] -- Found Eigen3: TRUE (found version "3.4.0") 
[3.189s] -- Ensuring Eigen3 include directory is part of orocos-kdl CMake target
[3.461s] -- Found nav2_core: 1.4.0 (/home/thomas24/hive_ws2/install/nav2_core/share/nav2_core/cmake)
[3.593s] -- Found visualization_msgs: 5.3.6 (/opt/ros/jazzy/share/visualization_msgs/cmake)
[3.669s] -- Performing Test CMAKE_HAVE_LIBC_PTHREAD
[4.048s] -- Performing Test CMAKE_HAVE_LIBC_PTHREAD - Success
[4.049s] -- Found Threads: TRUE  
[4.080s] -- Found nlohmann_json: /usr/share/cmake/nlohmann_json/nlohmann_jsonConfig.cmake (found version "3.11.3") 
[4.087s] -- Setting build type to Release as none was specified.
[4.094s] -- Found ament_lint_auto: 0.17.3 (/opt/ros/jazzy/share/ament_lint_auto/cmake)
[4.661s] -- Found gtest sources under '/opt/ros/jazzy/src/gtest_vendor': C++ tests using 'Google Test' will be built
[4.781s] -- The C compiler identification is GNU 13.3.0
[4.832s] -- Detecting C compiler ABI info
[5.116s] -- Detecting C compiler ABI info - done
[5.137s] -- Check for working C compiler: /usr/bin/cc - skipped
[5.138s] -- Detecting C compile features
[5.139s] -- Detecting C compile features - done
[5.257s] -- Added test 'cppcheck' to perform static code analysis on C / C++ code
[5.257s] -- Configured cppcheck include dirs: /home/thomas24/hive_ws2/src/navigation2/nav2_route/include;$<BUILD_INTERFACE:/home/thomas24/hive_ws2/src/navigation2/nav2_route/include>
[5.257s] -- Configured cppcheck exclude dirs and/or files: 
[5.270s] -- Added test 'cpplint' to check C / C++ code against the Google style
[5.271s] -- Configured cpplint exclude dirs and/or files: 
[5.274s] -- Added test 'flake8' to check Python code syntax and style conventions
[5.274s] -- Configured 'flake8' exclude dirs and/or files: 
[5.278s] -- Added test 'lint_cmake' to check CMake code style
[5.286s] -- Added test 'pep257' to check Python code against some of the docstring style conventions in PEP 257
[5.292s] -- Added test 'uncrustify' to check C / C++ code style
[5.292s] -- Configured uncrustify additional arguments: 
[5.293s] -- Added test 'xmllint' to check XML markup files
[5.298s] -- Configuring done (5.2s)
[5.996s] -- Generating done (0.6s)
[6.110s] -- Build files have been written to: /home/thomas24/hive_ws2/build/nav2_route
[6.164s] Invoked command in '/home/thomas24/hive_ws2/build/nav2_route' returned '0': AMENT_PREFIX_PATH=/home/thomas24/hive_ws2/install/nav2_core:/home/thomas24/hive_ws2/install/nav2_costmap_2d:/home/thomas24/hive_ws2/install/nav2_map_server:/home/thomas24/hive_ws2/install/nav2_lifecycle_manager:/home/thomas24/hive_ws2/install/nav2_behavior_tree:/home/thomas24/hive_ws2/install/nav2_util:/home/thomas24/hive_ws2/install/nav2_ros_common:/home/thomas24/hive_ws2/install/nav2_voxel_grid:/home/thomas24/hive_ws2/install/nav2_msgs:/home/thomas24/hive_ws2/install/nav2_common:${AMENT_PREFIX_PATH} CMAKE_PREFIX_PATH=/home/thomas24/hive_ws2/install/nav2_core:/home/thomas24/hive_ws2/install/nav2_costmap_2d:/home/thomas24/hive_ws2/install/nav2_map_server:/home/thomas24/hive_ws2/install/nav2_lifecycle_manager:/home/thomas24/hive_ws2/install/nav2_behavior_tree:/home/thomas24/hive_ws2/install/nav2_util:/home/thomas24/hive_ws2/install/nav2_ros_common:/home/thomas24/hive_ws2/install/nav2_voxel_grid:/home/thomas24/hive_ws2/install/nav2_msgs:/home/thomas24/hive_ws2/install/nav2_common:/opt/ros/jazzy/opt/gz_sim_vendor:/opt/ros/jazzy/opt/gz_sensors_vendor:/opt/ros/jazzy/opt/gz_physics_vendor:/opt/ros/jazzy/opt/sdformat_vendor:/opt/ros/jazzy/opt/gz_gui_vendor:/opt/ros/jazzy/opt/gz_transport_vendor:/opt/ros/jazzy/opt/gz_rendering_vendor:/opt/ros/jazzy/opt/gz_plugin_vendor:/opt/ros/jazzy/opt/gz_fuel_tools_vendor:/opt/ros/jazzy/opt/gz_msgs_vendor:/opt/ros/jazzy/opt/gz_common_vendor:/opt/ros/jazzy/opt/gz_math_vendor:/opt/ros/jazzy/opt/gz_utils_vendor:/opt/ros/jazzy/opt/gz_tools_vendor:/opt/ros/jazzy/opt/gz_ogre_next_vendor:/opt/ros/jazzy/opt/gz_dartsim_vendor:/opt/ros/jazzy/opt/gz_cmake_vendor:/opt/ros/jazzy DEBUGINFOD_URLS=https://debuginfod.ubuntu.com LD_LIBRARY_PATH=/home/thomas24/hive_ws2/install/nav2_costmap_2d/lib:/home/thomas24/hive_ws2/install/nav2_map_server/lib:/home/thomas24/hive_ws2/install/nav2_lifecycle_manager/lib:/home/thomas24/hive_ws2/install/nav2_behavior_tree/lib:/home/thomas24/hive_ws2/install/nav2_util/lib:/home/thomas24/hive_ws2/install/nav2_voxel_grid/lib:/home/thomas24/hive_ws2/install/nav2_msgs/lib:${LD_LIBRARY_PATH} PYTHONPATH=/home/thomas24/hive_ws2/install/nav2_msgs/lib/python3.12/site-packages:/home/thomas24/hive_ws2/install/nav2_common/lib/python3.12/site-packages:${PYTHONPATH} /usr/bin/cmake /home/thomas24/hive_ws2/src/navigation2/nav2_route -DCMAKE_INSTALL_PREFIX=/home/thomas24/hive_ws2/install/nav2_route
[6.164s] Invoking command in '/home/thomas24/hive_ws2/build/nav2_route': AMENT_PREFIX_PATH=/home/thomas24/hive_ws2/install/nav2_core:/home/thomas24/hive_ws2/install/nav2_costmap_2d:/home/thomas24/hive_ws2/install/nav2_map_server:/home/thomas24/hive_ws2/install/nav2_lifecycle_manager:/home/thomas24/hive_ws2/install/nav2_behavior_tree:/home/thomas24/hive_ws2/install/nav2_util:/home/thomas24/hive_ws2/install/nav2_ros_common:/home/thomas24/hive_ws2/install/nav2_voxel_grid:/home/thomas24/hive_ws2/install/nav2_msgs:/home/thomas24/hive_ws2/install/nav2_common:${AMENT_PREFIX_PATH} CMAKE_PREFIX_PATH=/home/thomas24/hive_ws2/install/nav2_core:/home/thomas24/hive_ws2/install/nav2_costmap_2d:/home/thomas24/hive_ws2/install/nav2_map_server:/home/thomas24/hive_ws2/install/nav2_lifecycle_manager:/home/thomas24/hive_ws2/install/nav2_behavior_tree:/home/thomas24/hive_ws2/install/nav2_util:/home/thomas24/hive_ws2/install/nav2_ros_common:/home/thomas24/hive_ws2/install/nav2_voxel_grid:/home/thomas24/hive_ws2/install/nav2_msgs:/home/thomas24/hive_ws2/install/nav2_common:/opt/ros/jazzy/opt/gz_sim_vendor:/opt/ros/jazzy/opt/gz_sensors_vendor:/opt/ros/jazzy/opt/gz_physics_vendor:/opt/ros/jazzy/opt/sdformat_vendor:/opt/ros/jazzy/opt/gz_gui_vendor:/opt/ros/jazzy/opt/gz_transport_vendor:/opt/ros/jazzy/opt/gz_rendering_vendor:/opt/ros/jazzy/opt/gz_plugin_vendor:/opt/ros/jazzy/opt/gz_fuel_tools_vendor:/opt/ros/jazzy/opt/gz_msgs_vendor:/opt/ros/jazzy/opt/gz_common_vendor:/opt/ros/jazzy/opt/gz_math_vendor:/opt/ros/jazzy/opt/gz_utils_vendor:/opt/ros/jazzy/opt/gz_tools_vendor:/opt/ros/jazzy/opt/gz_ogre_next_vendor:/opt/ros/jazzy/opt/gz_dartsim_vendor:/opt/ros/jazzy/opt/gz_cmake_vendor:/opt/ros/jazzy DEBUGINFOD_URLS=https://debuginfod.ubuntu.com LD_LIBRARY_PATH=/home/thomas24/hive_ws2/install/nav2_costmap_2d/lib:/home/thomas24/hive_ws2/install/nav2_map_server/lib:/home/thomas24/hive_ws2/install/nav2_lifecycle_manager/lib:/home/thomas24/hive_ws2/install/nav2_behavior_tree/lib:/home/thomas24/hive_ws2/install/nav2_util/lib:/home/thomas24/hive_ws2/install/nav2_voxel_grid/lib:/home/thomas24/hive_ws2/install/nav2_msgs/lib:${LD_LIBRARY_PATH} PYTHONPATH=/home/thomas24/hive_ws2/install/nav2_msgs/lib/python3.12/site-packages:/home/thomas24/hive_ws2/install/nav2_common/lib/python3.12/site-packages:${PYTHONPATH} /usr/bin/cmake --build /home/thomas24/hive_ws2/build/nav2_route -- -j16 -l16
[56.110s] [  1%] [32mBuilding CXX object CMakeFiles/route_server_core.dir/src/route_server.cpp.o[0m
[58.129s] [  2%] [32mBuilding CXX object CMakeFiles/route_server_core.dir/src/goal_intent_extractor.cpp.o[0m
[66.591s] [  4%] [32mBuilding CXX object CMakeFiles/route_server_core.dir/src/graph_saver.cpp.o[0m
[78.993s] [  5%] [32mBuilding CXX object CMakeFiles/route_server_core.dir/src/graph_loader.cpp.o[0m
[90.527s] [  7%] [32mBuilding CXX object CMakeFiles/route_server_core.dir/src/path_converter.cpp.o[0m
[99.328s] [  8%] [32mBuilding CXX object CMakeFiles/route_server_core.dir/src/node_spatial_tree.cpp.o[0m
[105.823s] [ 10%] [32mBuilding CXX object CMakeFiles/route_server_core.dir/src/operations_manager.cpp.o[0m
[116.785s] [ 11%] [32mBuilding CXX object CMakeFiles/route_server_core.dir/src/edge_scorer.cpp.o[0m
[127.300s] [ 12%] [32mBuilding CXX object CMakeFiles/route_server_core.dir/src/route_tracker.cpp.o[0m
[138.182s] [ 14%] [32mBuilding CXX object CMakeFiles/route_server_core.dir/src/route_planner.cpp.o[0m
[148.471s] [ 15%] [32m[1mLinking CXX shared library libroute_server_core.so[0m
[149.014s] [ 15%] Built target route_server_core
[149.058s] [ 17%] [32mBuilding CXX object gtest/CMakeFiles/gtest.dir/src/gtest-all.cc.o[0m
[157.100s] [ 18%] [32m[1mLinking CXX static library libgtest.a[0m
[157.185s] [ 18%] Built target gtest
[157.224s] [ 20%] [32mBuilding CXX object test/CMakeFiles/performance_benchmarking.dir/performance_benchmarking.cpp.o[0m
[166.986s] [ 21%] [32m[1mLinking CXX executable performance_benchmarking[0m
[167.348s] [ 21%] Built target performance_benchmarking
[167.384s] [ 22%] [32mBuilding CXX object CMakeFiles/route_server.dir/src/main.cpp.o[0m
[174.074s] [ 24%] [32m[1mLinking CXX executable route_server[0m
[174.407s] [ 24%] Built target route_server
[174.440s] [ 25%] [32mBuilding CXX object gtest/CMakeFiles/gtest_main.dir/src/gtest_main.cc.o[0m
[175.267s] [ 27%] [32m[1mLinking CXX static library libgtest_main.a[0m
[175.319s] [ 27%] Built target gtest_main
[175.356s] [ 28%] [32mBuilding CXX object CMakeFiles/graph_file_savers.dir/src/plugins/graph_file_savers/geojson_graph_file_saver.cpp.o[0m
[182.148s] [ 30%] [32m[1mLinking CXX shared library libgraph_file_savers.so[0m
[182.311s] [ 30%] Built target graph_file_savers
[182.344s] [ 31%] [32mBuilding CXX object test/CMakeFiles/test_corner_smoothing.dir/test_corner_smoothing.cpp.o[0m
[187.563s] [ 32%] [32m[1mLinking CXX executable test_corner_smoothing[0m
[187.795s] [ 32%] Built target test_corner_smoothing
[187.828s] [ 34%] [32mBuilding CXX object test/CMakeFiles/test_goal_intent_search.dir/test_goal_intent_search.cpp.o[0m
[193.731s] [ 35%] [32m[1mLinking CXX executable test_goal_intent_search[0m
[194.039s] [ 35%] Built target test_goal_intent_search
[194.070s] [ 37%] [32mBuilding CXX object test/CMakeFiles/test_route_server.dir/test_route_server.cpp.o[0m
[210.901s] [ 38%] [32m[1mLinking CXX executable test_route_server[0m
[211.327s] [ 38%] Built target test_route_server
[211.358s] [ 40%] [32mBuilding CXX object test/CMakeFiles/test_route_tracker.dir/test_route_tracker.cpp.o[0m
[226.444s] [ 41%] [32m[1mLinking CXX executable test_route_tracker[0m
[226.804s] [ 41%] Built target test_route_tracker
[226.832s] [ 42%] [32mBuilding CXX object test/CMakeFiles/test_goal_intent_extractor.dir/test_goal_intent_extractor.cpp.o[0m
[236.164s] [ 44%] [32m[1mLinking CXX executable test_goal_intent_extractor[0m
[236.506s] [ 44%] Built target test_goal_intent_extractor
[236.536s] [ 45%] [32mBuilding CXX object test/CMakeFiles/test_graph_saver.dir/test_graph_saver.cpp.o[0m
[249.701s] [ 47%] [32m[1mLinking CXX executable test_graph_saver[0m
[250.034s] [ 47%] Built target test_graph_saver
[250.061s] [ 48%] [32mBuilding CXX object test/CMakeFiles/test_graph_loader.dir/test_graph_loader.cpp.o[0m
[261.818s] [ 50%] [32m[1mLinking CXX executable test_graph_loader[0m
[262.152s] [ 50%] Built target test_graph_loader
[262.181s] [ 51%] [32mBuilding CXX object test/CMakeFiles/test_spatial_tree.dir/test_spatial_tree.cpp.o[0m
[266.948s] [ 52%] [32m[1mLinking CXX executable test_spatial_tree[0m
[267.234s] [ 52%] Built target test_spatial_tree
[267.260s] [ 55%] [32mBuilding CXX object test/CMakeFiles/test_path_converter.dir/test_path_converter.cpp.o[0m
[267.260s] [ 55%] [32mBuilding CXX object test/CMakeFiles/test_utils_and_types.dir/test_utils_and_types.cpp.o[0m
[273.857s] [ 57%] [32m[1mLinking CXX executable test_utils_and_types[0m
[274.168s] [ 57%] Built target test_utils_and_types
[274.201s] [ 58%] [32mBuilding CXX object CMakeFiles/graph_file_loaders.dir/src/plugins/graph_file_loaders/geojson_graph_file_loader.cpp.o[0m
[274.208s] [ 60%] [32mBuilding CXX object CMakeFiles/route_operations.dir/src/plugins/route_operations/adjust_speed_limit.cpp.o[0m
[274.212s] [ 61%] [32mBuilding CXX object CMakeFiles/route_operations.dir/src/plugins/route_operations/trigger_event.cpp.o[0m
[274.218s] [ 62%] [32mBuilding CXX object CMakeFiles/route_operations.dir/src/plugins/route_operations/rerouting_service.cpp.o[0m
[281.255s] [ 64%] [32m[1mLinking CXX executable test_path_converter[0m
[282.056s] [ 64%] Built target test_path_converter
[283.325s] [ 65%] [32mBuilding CXX object CMakeFiles/route_operations.dir/src/plugins/route_operations/time_marker.cpp.o[0m
[284.493s] [ 67%] [32m[1mLinking CXX shared library libgraph_file_loaders.so[0m
[284.677s] [ 67%] Built target graph_file_loaders
[288.624s] [ 68%] [32mBuilding CXX object CMakeFiles/route_operations.dir/src/plugins/route_operations/collision_monitor.cpp.o[0m
[302.116s] [ 70%] [32m[1mLinking CXX shared library libroute_operations.so[0m
[302.364s] [ 70%] Built target route_operations
[302.393s] [ 71%] [32mBuilding CXX object test/CMakeFiles/test_geojson_graph_file_saver.dir/test_geojson_graph_file_saver.cpp.o[0m
[310.390s] [ 72%] [32m[1mLinking CXX executable test_geojson_graph_file_saver[0m
[310.604s] [ 72%] Built target test_geojson_graph_file_saver
[310.630s] [ 75%] [32mBuilding CXX object test/CMakeFiles/test_operations.dir/test_operations.cpp.o[0m
[310.630s] [ 75%] [32mBuilding CXX object test/CMakeFiles/test_collision_operation.dir/test_collision_operation.cpp.o[0m
[317.367s] [ 77%] [32m[1mLinking CXX executable test_collision_operation[0m
[317.676s] [ 77%] Built target test_collision_operation
[329.074s] [ 78%] [32m[1mLinking CXX executable test_operations[0m
[329.523s] [ 78%] Built target test_operations
[329.550s] [ 82%] [32mBuilding CXX object CMakeFiles/edge_scorers.dir/src/plugins/edge_cost_functions/time_scorer.cpp.o[0m
[329.550s] [ 82%] [32mBuilding CXX object CMakeFiles/edge_scorers.dir/src/plugins/edge_cost_functions/distance_scorer.cpp.o[0m
[329.550s] [ 84%] [32mBuilding CXX object test/CMakeFiles/test_geojson_graph_file_loader.dir/test_geojson_graph_file_loader.cpp.o[0m
[329.551s] [ 81%] [32mBuilding CXX object CMakeFiles/edge_scorers.dir/src/plugins/edge_cost_functions/dynamic_edges_scorer.cpp.o[0m
[336.088s] [ 85%] [32mBuilding CXX object CMakeFiles/edge_scorers.dir/src/plugins/edge_cost_functions/start_pose_orientation_scorer.cpp.o[0m
[338.506s] [ 87%] [32m[1mLinking CXX executable test_geojson_graph_file_loader[0m
[338.706s] [ 87%] Built target test_geojson_graph_file_loader
[341.031s] [ 91%] [32mBuilding CXX object CMakeFiles/edge_scorers.dir/src/plugins/edge_cost_functions/costmap_scorer.cpp.o[0m
[341.032s] [ 91%] [32mBuilding CXX object CMakeFiles/edge_scorers.dir/src/plugins/edge_cost_functions/semantic_scorer.cpp.o[0m
[341.032s] [ 91%] [32mBuilding CXX object CMakeFiles/edge_scorers.dir/src/plugins/edge_cost_functions/goal_orientation_scorer.cpp.o[0m
[346.112s] [ 92%] [32mBuilding CXX object CMakeFiles/edge_scorers.dir/src/plugins/edge_cost_functions/penalty_scorer.cpp.o[0m
[354.429s] [ 94%] [32m[1mLinking CXX shared library libedge_scorers.so[0m
[354.684s] [ 94%] Built target edge_scorers
[354.710s] [ 97%] [32mBuilding CXX object test/CMakeFiles/test_route_planner.dir/test_route_planner.cpp.o[0m
[354.710s] [ 97%] [32mBuilding CXX object test/CMakeFiles/test_edge_scorers.dir/test_edge_scorers.cpp.o[0m
[364.396s] [ 98%] [32m[1mLinking CXX executable test_route_planner[0m
[364.727s] [ 98%] Built target test_route_planner
[367.608s] [100%] [32m[1mLinking CXX executable test_edge_scorers[0m
[367.956s] [100%] Built target test_edge_scorers
[367.972s] Invoked command in '/home/thomas24/hive_ws2/build/nav2_route' returned '0': AMENT_PREFIX_PATH=/home/thomas24/hive_ws2/install/nav2_core:/home/thomas24/hive_ws2/install/nav2_costmap_2d:/home/thomas24/hive_ws2/install/nav2_map_server:/home/thomas24/hive_ws2/install/nav2_lifecycle_manager:/home/thomas24/hive_ws2/install/nav2_behavior_tree:/home/thomas24/hive_ws2/install/nav2_util:/home/thomas24/hive_ws2/install/nav2_ros_common:/home/thomas24/hive_ws2/install/nav2_voxel_grid:/home/thomas24/hive_ws2/install/nav2_msgs:/home/thomas24/hive_ws2/install/nav2_common:${AMENT_PREFIX_PATH} CMAKE_PREFIX_PATH=/home/thomas24/hive_ws2/install/nav2_core:/home/thomas24/hive_ws2/install/nav2_costmap_2d:/home/thomas24/hive_ws2/install/nav2_map_server:/home/thomas24/hive_ws2/install/nav2_lifecycle_manager:/home/thomas24/hive_ws2/install/nav2_behavior_tree:/home/thomas24/hive_ws2/install/nav2_util:/home/thomas24/hive_ws2/install/nav2_ros_common:/home/thomas24/hive_ws2/install/nav2_voxel_grid:/home/thomas24/hive_ws2/install/nav2_msgs:/home/thomas24/hive_ws2/install/nav2_common:/opt/ros/jazzy/opt/gz_sim_vendor:/opt/ros/jazzy/opt/gz_sensors_vendor:/opt/ros/jazzy/opt/gz_physics_vendor:/opt/ros/jazzy/opt/sdformat_vendor:/opt/ros/jazzy/opt/gz_gui_vendor:/opt/ros/jazzy/opt/gz_transport_vendor:/opt/ros/jazzy/opt/gz_rendering_vendor:/opt/ros/jazzy/opt/gz_plugin_vendor:/opt/ros/jazzy/opt/gz_fuel_tools_vendor:/opt/ros/jazzy/opt/gz_msgs_vendor:/opt/ros/jazzy/opt/gz_common_vendor:/opt/ros/jazzy/opt/gz_math_vendor:/opt/ros/jazzy/opt/gz_utils_vendor:/opt/ros/jazzy/opt/gz_tools_vendor:/opt/ros/jazzy/opt/gz_ogre_next_vendor:/opt/ros/jazzy/opt/gz_dartsim_vendor:/opt/ros/jazzy/opt/gz_cmake_vendor:/opt/ros/jazzy DEBUGINFOD_URLS=https://debuginfod.ubuntu.com LD_LIBRARY_PATH=/home/thomas24/hive_ws2/install/nav2_costmap_2d/lib:/home/thomas24/hive_ws2/install/nav2_map_server/lib:/home/thomas24/hive_ws2/install/nav2_lifecycle_manager/lib:/home/thomas24/hive_ws2/install/nav2_behavior_tree/lib:/home/thomas24/hive_ws2/install/nav2_util/lib:/home/thomas24/hive_ws2/install/nav2_voxel_grid/lib:/home/thomas24/hive_ws2/install/nav2_msgs/lib:${LD_LIBRARY_PATH} PYTHONPATH=/home/thomas24/hive_ws2/install/nav2_msgs/lib/python3.12/site-packages:/home/thomas24/hive_ws2/install/nav2_common/lib/python3.12/site-packages:${PYTHONPATH} /usr/bin/cmake --build /home/thomas24/hive_ws2/build/nav2_route -- -j16 -l16
[367.973s] Invoking command in '/home/thomas24/hive_ws2/build/nav2_route': AMENT_PREFIX_PATH=/home/thomas24/hive_ws2/install/nav2_core:/home/thomas24/hive_ws2/install/nav2_costmap_2d:/home/thomas24/hive_ws2/install/nav2_map_server:/home/thomas24/hive_ws2/install/nav2_lifecycle_manager:/home/thomas24/hive_ws2/install/nav2_behavior_tree:/home/thomas24/hive_ws2/install/nav2_util:/home/thomas24/hive_ws2/install/nav2_ros_common:/home/thomas24/hive_ws2/install/nav2_voxel_grid:/home/thomas24/hive_ws2/install/nav2_msgs:/home/thomas24/hive_ws2/install/nav2_common:${AMENT_PREFIX_PATH} CMAKE_PREFIX_PATH=/home/thomas24/hive_ws2/install/nav2_core:/home/thomas24/hive_ws2/install/nav2_costmap_2d:/home/thomas24/hive_ws2/install/nav2_map_server:/home/thomas24/hive_ws2/install/nav2_lifecycle_manager:/home/thomas24/hive_ws2/install/nav2_behavior_tree:/home/thomas24/hive_ws2/install/nav2_util:/home/thomas24/hive_ws2/install/nav2_ros_common:/home/thomas24/hive_ws2/install/nav2_voxel_grid:/home/thomas24/hive_ws2/install/nav2_msgs:/home/thomas24/hive_ws2/install/nav2_common:/opt/ros/jazzy/opt/gz_sim_vendor:/opt/ros/jazzy/opt/gz_sensors_vendor:/opt/ros/jazzy/opt/gz_physics_vendor:/opt/ros/jazzy/opt/sdformat_vendor:/opt/ros/jazzy/opt/gz_gui_vendor:/opt/ros/jazzy/opt/gz_transport_vendor:/opt/ros/jazzy/opt/gz_rendering_vendor:/opt/ros/jazzy/opt/gz_plugin_vendor:/opt/ros/jazzy/opt/gz_fuel_tools_vendor:/opt/ros/jazzy/opt/gz_msgs_vendor:/opt/ros/jazzy/opt/gz_common_vendor:/opt/ros/jazzy/opt/gz_math_vendor:/opt/ros/jazzy/opt/gz_utils_vendor:/opt/ros/jazzy/opt/gz_tools_vendor:/opt/ros/jazzy/opt/gz_ogre_next_vendor:/opt/ros/jazzy/opt/gz_dartsim_vendor:/opt/ros/jazzy/opt/gz_cmake_vendor:/opt/ros/jazzy DEBUGINFOD_URLS=https://debuginfod.ubuntu.com LD_LIBRARY_PATH=/home/thomas24/hive_ws2/install/nav2_costmap_2d/lib:/home/thomas24/hive_ws2/install/nav2_map_server/lib:/home/thomas24/hive_ws2/install/nav2_lifecycle_manager/lib:/home/thomas24/hive_ws2/install/nav2_behavior_tree/lib:/home/thomas24/hive_ws2/install/nav2_util/lib:/home/thomas24/hive_ws2/install/nav2_voxel_grid/lib:/home/thomas24/hive_ws2/install/nav2_msgs/lib:${LD_LIBRARY_PATH} PYTHONPATH=/home/thomas24/hive_ws2/install/nav2_msgs/lib/python3.12/site-packages:/home/thomas24/hive_ws2/install/nav2_common/lib/python3.12/site-packages:${PYTHONPATH} /usr/bin/cmake --install /home/thomas24/hive_ws2/build/nav2_route
[367.982s] -- Install configuration: "Release"
[367.983s] -- Installing: /home/thomas24/hive_ws2/install/nav2_route/share/nav2_route/plugins.xml
[367.983s] -- Installing: /home/thomas24/hive_ws2/install/nav2_route/include/nav2_route
[367.983s] -- Installing: /home/thomas24/hive_ws2/install/nav2_route/include/nav2_route/nav2_route
[367.983s] -- Installing: /home/thomas24/hive_ws2/install/nav2_route/include/nav2_route/nav2_route/route_planner.hpp
[367.983s] -- Installing: /home/thomas24/hive_ws2/install/nav2_route/include/nav2_route/nav2_route/edge_scorer.hpp
[367.983s] -- Installing: /home/thomas24/hive_ws2/install/nav2_route/include/nav2_route/nav2_route/utils.hpp
[367.983s] -- Installing: /home/thomas24/hive_ws2/install/nav2_route/include/nav2_route/nav2_route/interfaces
[367.983s] -- Installing: /home/thomas24/hive_ws2/install/nav2_route/include/nav2_route/nav2_route/interfaces/graph_file_saver.hpp
[367.984s] -- Installing: /home/thomas24/hive_ws2/install/nav2_route/include/nav2_route/nav2_route/interfaces/route_operation.hpp
[367.984s] -- Installing: /home/thomas24/hive_ws2/install/nav2_route/include/nav2_route/nav2_route/interfaces/graph_file_loader.hpp
[367.984s] -- Installing: /home/thomas24/hive_ws2/install/nav2_route/include/nav2_route/nav2_route/interfaces/edge_cost_function.hpp
[367.984s] -- Installing: /home/thomas24/hive_ws2/install/nav2_route/include/nav2_route/nav2_route/route_tracker.hpp
[367.984s] -- Installing: /home/thomas24/hive_ws2/install/nav2_route/include/nav2_route/nav2_route/path_converter.hpp
[367.984s] -- Installing: /home/thomas24/hive_ws2/install/nav2_route/include/nav2_route/nav2_route/operations_manager.hpp
[367.984s] -- Installing: /home/thomas24/hive_ws2/install/nav2_route/include/nav2_route/nav2_route/route_server.hpp
[367.984s] -- Installing: /home/thomas24/hive_ws2/install/nav2_route/include/nav2_route/nav2_route/goal_intent_extractor.hpp
[367.984s] -- Installing: /home/thomas24/hive_ws2/install/nav2_route/include/nav2_route/nav2_route/goal_intent_search.hpp
[367.984s] -- Installing: /home/thomas24/hive_ws2/install/nav2_route/include/nav2_route/nav2_route/types.hpp
[367.984s] -- Installing: /home/thomas24/hive_ws2/install/nav2_route/include/nav2_route/nav2_route/node_spatial_tree.hpp
[367.985s] -- Installing: /home/thomas24/hive_ws2/install/nav2_route/include/nav2_route/nav2_route/graph_loader.hpp
[367.985s] -- Installing: /home/thomas24/hive_ws2/install/nav2_route/include/nav2_route/nav2_route/graph_saver.hpp
[367.985s] -- Installing: /home/thomas24/hive_ws2/install/nav2_route/include/nav2_route/nav2_route/plugins
[367.985s] -- Installing: /home/thomas24/hive_ws2/install/nav2_route/include/nav2_route/nav2_route/plugins/route_operation_client.hpp
[367.985s] -- Installing: /home/thomas24/hive_ws2/install/nav2_route/include/nav2_route/nav2_route/plugins/graph_file_loaders
[367.985s] -- Installing: /home/thomas24/hive_ws2/install/nav2_route/include/nav2_route/nav2_route/plugins/graph_file_loaders/geojson_graph_file_loader.hpp
[367.985s] -- Installing: /home/thomas24/hive_ws2/install/nav2_route/include/nav2_route/nav2_route/plugins/edge_cost_functions
[367.985s] -- Installing: /home/thomas24/hive_ws2/install/nav2_route/include/nav2_route/nav2_route/plugins/edge_cost_functions/distance_scorer.hpp
[367.985s] -- Installing: /home/thomas24/hive_ws2/install/nav2_route/include/nav2_route/nav2_route/plugins/edge_cost_functions/dynamic_edges_scorer.hpp
[367.985s] -- Installing: /home/thomas24/hive_ws2/install/nav2_route/include/nav2_route/nav2_route/plugins/edge_cost_functions/time_scorer.hpp
[367.986s] -- Installing: /home/thomas24/hive_ws2/install/nav2_route/include/nav2_route/nav2_route/plugins/edge_cost_functions/goal_orientation_scorer.hpp
[367.986s] -- Installing: /home/thomas24/hive_ws2/install/nav2_route/include/nav2_route/nav2_route/plugins/edge_cost_functions/penalty_scorer.hpp
[367.986s] -- Installing: /home/thomas24/hive_ws2/install/nav2_route/include/nav2_route/nav2_route/plugins/edge_cost_functions/costmap_scorer.hpp
[367.986s] -- Installing: /home/thomas24/hive_ws2/install/nav2_route/include/nav2_route/nav2_route/plugins/edge_cost_functions/semantic_scorer.hpp
[367.986s] -- Installing: /home/thomas24/hive_ws2/install/nav2_route/include/nav2_route/nav2_route/plugins/edge_cost_functions/start_pose_orientation_scorer.hpp
[367.986s] -- Installing: /home/thomas24/hive_ws2/install/nav2_route/include/nav2_route/nav2_route/plugins/graph_file_savers
[367.986s] -- Installing: /home/thomas24/hive_ws2/install/nav2_route/include/nav2_route/nav2_route/plugins/graph_file_savers/geojson_graph_file_saver.hpp
[367.986s] -- Installing: /home/thomas24/hive_ws2/install/nav2_route/include/nav2_route/nav2_route/plugins/route_operations
[367.986s] -- Installing: /home/thomas24/hive_ws2/install/nav2_route/include/nav2_route/nav2_route/plugins/route_operations/time_marker.hpp
[367.986s] -- Installing: /home/thomas24/hive_ws2/install/nav2_route/include/nav2_route/nav2_route/plugins/route_operations/collision_monitor.hpp
[367.986s] -- Installing: /home/thomas24/hive_ws2/install/nav2_route/include/nav2_route/nav2_route/plugins/route_operations/rerouting_service.hpp
[367.986s] -- Installing: /home/thomas24/hive_ws2/install/nav2_route/include/nav2_route/nav2_route/plugins/route_operations/adjust_speed_limit.hpp
[367.987s] -- Installing: /home/thomas24/hive_ws2/install/nav2_route/include/nav2_route/nav2_route/plugins/route_operations/trigger_event.hpp
[367.987s] -- Installing: /home/thomas24/hive_ws2/install/nav2_route/include/nav2_route/nav2_route/corner_smoothing.hpp
[367.987s] -- Installing: /home/thomas24/hive_ws2/install/nav2_route/lib/nav2_route/route_server
[367.987s] -- Set non-toolchain portion of runtime path of "/home/thomas24/hive_ws2/install/nav2_route/lib/nav2_route/route_server" to ""
[367.987s] -- Installing: /home/thomas24/hive_ws2/install/nav2_route/lib/libroute_server_core.so
[367.992s] -- Set non-toolchain portion of runtime path of "/home/thomas24/hive_ws2/install/nav2_route/lib/libroute_server_core.so" to ""
[367.992s] -- Installing: /home/thomas24/hive_ws2/install/nav2_route/lib/libedge_scorers.so
[367.995s] -- Set non-toolchain portion of runtime path of "/home/thomas24/hive_ws2/install/nav2_route/lib/libedge_scorers.so" to ""
[367.995s] -- Installing: /home/thomas24/hive_ws2/install/nav2_route/lib/libroute_operations.so
[367.997s] -- Set non-toolchain portion of runtime path of "/home/thomas24/hive_ws2/install/nav2_route/lib/libroute_operations.so" to ""
[367.997s] -- Installing: /home/thomas24/hive_ws2/install/nav2_route/lib/libgraph_file_loaders.so
[367.998s] -- Set non-toolchain portion of runtime path of "/home/thomas24/hive_ws2/install/nav2_route/lib/libgraph_file_loaders.so" to ""
[367.998s] -- Installing: /home/thomas24/hive_ws2/install/nav2_route/lib/libgraph_file_savers.so
[367.999s] -- Set non-toolchain portion of runtime path of "/home/thomas24/hive_ws2/install/nav2_route/lib/libgraph_file_savers.so" to ""
[367.999s] -- Installing: /home/thomas24/hive_ws2/install/nav2_route/share/nav2_route/graphs
[367.999s] -- Installing: /home/thomas24/hive_ws2/install/nav2_route/share/nav2_route/graphs/turtlebot3_graph.geojson
[367.999s] -- Installing: /home/thomas24/hive_ws2/install/nav2_route/share/nav2_route/graphs/turtlebot4_graph.geojson
[367.999s] -- Installing: /home/thomas24/hive_ws2/install/nav2_route/share/nav2_route/graphs/sample_graph.geojson
[368.000s] -- Installing: /home/thomas24/hive_ws2/install/nav2_route/share/nav2_route/graphs/aws_graph.geojson
[368.000s] -- Installing: /home/thomas24/hive_ws2/install/nav2_route/share/nav2_route/graphs/scripts
[368.000s] -- Installing: /home/thomas24/hive_ws2/install/nav2_route/share/nav2_route/graphs/scripts/increment_edge_id.json
[368.000s] -- Installing: /home/thomas24/hive_ws2/install/nav2_route/share/nav2_route/graphs/scripts/generate_start_and_end_id.sql
[368.000s] -- Installing: /home/thomas24/hive_ws2/install/nav2_route/share/nav2_route/graphs/scripts/README.md
[368.000s] -- Installing: /home/thomas24/hive_ws2/install/nav2_route/share/nav2_route/graphs/scripts/increment_node_id.json
[368.000s] -- Installing: /home/thomas24/hive_ws2/install/nav2_route/share/nav2_route/graphs/scripts/export_shapefiles.py
[368.001s] -- Installing: /home/thomas24/hive_ws2/install/nav2_route/share/nav2_route/test/test_graphs
[368.001s] -- Installing: /home/thomas24/hive_ws2/install/nav2_route/share/nav2_route/test/test_graphs/no_frame.json
[368.001s] -- Installing: /home/thomas24/hive_ws2/install/nav2_route/share/nav2_route/test/test_graphs/error_codes.geojson
[368.001s] -- Installing: /home/thomas24/hive_ws2/install/nav2_route/share/nav2_route/test/test_graphs/invalid.json
[368.001s] -- Installing: /home/thomas24/hive_ws2/install/nav2_route/share/nav2_route/environment/library_path.sh
[368.002s] -- Installing: /home/thomas24/hive_ws2/install/nav2_route/share/nav2_route/environment/library_path.dsv
[368.002s] -- Installing: /home/thomas24/hive_ws2/install/nav2_route/share/ament_index/resource_index/package_run_dependencies/nav2_route
[368.002s] -- Installing: /home/thomas24/hive_ws2/install/nav2_route/share/ament_index/resource_index/parent_prefix_path/nav2_route
[368.002s] -- Installing: /home/thomas24/hive_ws2/install/nav2_route/share/nav2_route/environment/ament_prefix_path.sh
[368.002s] -- Installing: /home/thomas24/hive_ws2/install/nav2_route/share/nav2_route/environment/ament_prefix_path.dsv
[368.002s] -- Installing: /home/thomas24/hive_ws2/install/nav2_route/share/nav2_route/environment/path.sh
[368.003s] -- Installing: /home/thomas24/hive_ws2/install/nav2_route/share/nav2_route/environment/path.dsv
[368.003s] -- Installing: /home/thomas24/hive_ws2/install/nav2_route/share/nav2_route/local_setup.bash
[368.003s] -- Installing: /home/thomas24/hive_ws2/install/nav2_route/share/nav2_route/local_setup.sh
[368.003s] -- Installing: /home/thomas24/hive_ws2/install/nav2_route/share/nav2_route/local_setup.zsh
[368.003s] -- Installing: /home/thomas24/hive_ws2/install/nav2_route/share/nav2_route/local_setup.dsv
[368.003s] -- Installing: /home/thomas24/hive_ws2/install/nav2_route/share/nav2_route/package.dsv
[368.003s] -- Installing: /home/thomas24/hive_ws2/install/nav2_route/share/ament_index/resource_index/packages/nav2_route
[368.003s] -- Installing: /home/thomas24/hive_ws2/install/nav2_route/share/ament_index/resource_index/nav2_route__pluginlib__plugin/nav2_route
[368.003s] -- Installing: /home/thomas24/hive_ws2/install/nav2_route/share/ament_index/resource_index/rclcpp_components/nav2_route
[368.004s] -- Installing: /home/thomas24/hive_ws2/install/nav2_route/share/nav2_route/cmake/export_nav2_routeExport.cmake
[368.004s] -- Installing: /home/thomas24/hive_ws2/install/nav2_route/share/nav2_route/cmake/export_nav2_routeExport-release.cmake
[368.004s] -- Installing: /home/thomas24/hive_ws2/install/nav2_route/share/nav2_route/cmake/ament_cmake_export_include_directories-extras.cmake
[368.004s] -- Installing: /home/thomas24/hive_ws2/install/nav2_route/share/nav2_route/cmake/ament_cmake_export_dependencies-extras.cmake
[368.004s] -- Installing: /home/thomas24/hive_ws2/install/nav2_route/share/nav2_route/cmake/ament_cmake_export_libraries-extras.cmake
[368.004s] -- Installing: /home/thomas24/hive_ws2/install/nav2_route/share/nav2_route/cmake/ament_cmake_export_targets-extras.cmake
[368.004s] -- Installing: /home/thomas24/hive_ws2/install/nav2_route/share/nav2_route/cmake/nav2_routeConfig.cmake
[368.004s] -- Installing: /home/thomas24/hive_ws2/install/nav2_route/share/nav2_route/cmake/nav2_routeConfig-version.cmake
[368.005s] -- Installing: /home/thomas24/hive_ws2/install/nav2_route/share/nav2_route/package.xml
[368.005s] -- Installing: /home/thomas24/hive_ws2/install/nav2_route/lib/nav2_route/performance_benchmarking
[368.005s] -- Set non-toolchain portion of runtime path of "/home/thomas24/hive_ws2/install/nav2_route/lib/nav2_route/performance_benchmarking" to ""
[368.008s] Invoked command in '/home/thomas24/hive_ws2/build/nav2_route' returned '0': AMENT_PREFIX_PATH=/home/thomas24/hive_ws2/install/nav2_core:/home/thomas24/hive_ws2/install/nav2_costmap_2d:/home/thomas24/hive_ws2/install/nav2_map_server:/home/thomas24/hive_ws2/install/nav2_lifecycle_manager:/home/thomas24/hive_ws2/install/nav2_behavior_tree:/home/thomas24/hive_ws2/install/nav2_util:/home/thomas24/hive_ws2/install/nav2_ros_common:/home/thomas24/hive_ws2/install/nav2_voxel_grid:/home/thomas24/hive_ws2/install/nav2_msgs:/home/thomas24/hive_ws2/install/nav2_common:${AMENT_PREFIX_PATH} CMAKE_PREFIX_PATH=/home/thomas24/hive_ws2/install/nav2_core:/home/thomas24/hive_ws2/install/nav2_costmap_2d:/home/thomas24/hive_ws2/install/nav2_map_server:/home/thomas24/hive_ws2/install/nav2_lifecycle_manager:/home/thomas24/hive_ws2/install/nav2_behavior_tree:/home/thomas24/hive_ws2/install/nav2_util:/home/thomas24/hive_ws2/install/nav2_ros_common:/home/thomas24/hive_ws2/install/nav2_voxel_grid:/home/thomas24/hive_ws2/install/nav2_msgs:/home/thomas24/hive_ws2/install/nav2_common:/opt/ros/jazzy/opt/gz_sim_vendor:/opt/ros/jazzy/opt/gz_sensors_vendor:/opt/ros/jazzy/opt/gz_physics_vendor:/opt/ros/jazzy/opt/sdformat_vendor:/opt/ros/jazzy/opt/gz_gui_vendor:/opt/ros/jazzy/opt/gz_transport_vendor:/opt/ros/jazzy/opt/gz_rendering_vendor:/opt/ros/jazzy/opt/gz_plugin_vendor:/opt/ros/jazzy/opt/gz_fuel_tools_vendor:/opt/ros/jazzy/opt/gz_msgs_vendor:/opt/ros/jazzy/opt/gz_common_vendor:/opt/ros/jazzy/opt/gz_math_vendor:/opt/ros/jazzy/opt/gz_utils_vendor:/opt/ros/jazzy/opt/gz_tools_vendor:/opt/ros/jazzy/opt/gz_ogre_next_vendor:/opt/ros/jazzy/opt/gz_dartsim_vendor:/opt/ros/jazzy/opt/gz_cmake_vendor:/opt/ros/jazzy DEBUGINFOD_URLS=https://debuginfod.ubuntu.com LD_LIBRARY_PATH=/home/thomas24/hive_ws2/install/nav2_costmap_2d/lib:/home/thomas24/hive_ws2/install/nav2_map_server/lib:/home/thomas24/hive_ws2/install/nav2_lifecycle_manager/lib:/home/thomas24/hive_ws2/install/nav2_behavior_tree/lib:/home/thomas24/hive_ws2/install/nav2_util/lib:/home/thomas24/hive_ws2/install/nav2_voxel_grid/lib:/home/thomas24/hive_ws2/install/nav2_msgs/lib:${LD_LIBRARY_PATH} PYTHONPATH=/home/thomas24/hive_ws2/install/nav2_msgs/lib/python3.12/site-packages:/home/thomas24/hive_ws2/install/nav2_common/lib/python3.12/site-packages:${PYTHONPATH} /usr/bin/cmake --install /home/thomas24/hive_ws2/build/nav2_route
