-- The C compiler identification is GNU 13.3.0
-- The CXX compiler identification is GNU 13.3.0
-- Detecting C compiler ABI info
-- Detecting C compiler ABI info - done
-- Check for working C compiler: /usr/bin/cc - skipped
-- Detecting C compile features
-- Detecting C compile features - done
-- Detecting CXX compiler ABI info
-- Detecting CXX compiler ABI info - done
-- Check for working CXX compiler: /usr/bin/c++ - skipped
-- Detecting CXX compile features
-- Detecting CXX compile features - done
-- Found ament_cmake: 2.5.4 (/opt/ros/jazzy/share/ament_cmake/cmake)
-- Found Python3: /usr/bin/python3 (found version "3.12.3") found components: Interpreter 
-- Found angles: 1.16.0 (/opt/ros/jazzy/share/angles/cmake)
-- Found geometry_msgs: 5.3.6 (/opt/ros/jazzy/share/geometry_msgs/cmake)
-- Found rosidl_generator_c: 4.6.6 (/opt/ros/jazzy/share/rosidl_generator_c/cmake)
-- Found rosidl_generator_cpp: 4.6.6 (/opt/ros/jazzy/share/rosidl_generator_cpp/cmake)
-- Using all available rosidl_typesupport_c: rosidl_typesupport_fastrtps_c;rosidl_typesupport_introspection_c
-- Using all available rosidl_typesupport_cpp: rosidl_typesupport_fastrtps_cpp;rosidl_typesupport_introspection_cpp
-- Found laser_geometry: 2.7.1 (/opt/ros/jazzy/share/laser_geometry/cmake)
-- Found map_msgs: 2.4.1 (/opt/ros/jazzy/share/map_msgs/cmake)
-- Found message_filters: 4.11.7 (/opt/ros/jazzy/share/message_filters/cmake)
-- Found rmw_implementation_cmake: 7.3.2 (/opt/ros/jazzy/share/rmw_implementation_cmake/cmake)
-- Found rmw_fastrtps_cpp: 8.4.3 (/opt/ros/jazzy/share/rmw_fastrtps_cpp/cmake)
-- Found OpenSSL: /usr/lib/x86_64-linux-gnu/libcrypto.so (found version "3.0.13")  
-- Found FastRTPS: /opt/ros/jazzy/include (Required is at least version "2.13") 
-- Using RMW implementation 'rmw_fastrtps_cpp' as default
-- Found nav2_common: 1.4.0 (/home/thomas24/hive_ws2/install/nav2_common/share/nav2_common/cmake)
-- Found nav2_msgs: 1.4.0 (/home/thomas24/hive_ws2/install/nav2_msgs/share/nav2_msgs/cmake)
-- Found nav2_util: 1.4.0 (/home/thomas24/hive_ws2/install/nav2_util/share/nav2_util/cmake)
-- Found eigen3_cmake_module: 0.3.0 (/opt/ros/jazzy/share/eigen3_cmake_module/cmake)
-- Found Eigen3: TRUE (found version "3.4.0") 
-- Ensuring Eigen3 include directory is part of orocos-kdl CMake target
-- Found nav2_voxel_grid: 1.4.0 (/home/thomas24/hive_ws2/install/nav2_voxel_grid/share/nav2_voxel_grid/cmake)
-- Found std_srvs: 5.3.6 (/opt/ros/jazzy/share/std_srvs/cmake)
-- Found tf2_sensor_msgs: 0.36.14 (/opt/ros/jazzy/share/tf2_sensor_msgs/cmake)
-- Found visualization_msgs: 5.3.6 (/opt/ros/jazzy/share/visualization_msgs/cmake)
-- Found point_cloud_transport: 4.0.4 (/opt/ros/jazzy/share/point_cloud_transport/cmake)
-- Setting build type to Release as none was specified.
-- Found ament_lint_auto: 0.17.3 (/opt/ros/jazzy/share/ament_lint_auto/cmake)
-- Found gtest sources under '/opt/ros/jazzy/src/gtest_vendor': C++ tests using 'Google Test' will be built
-- Performing Test CMAKE_HAVE_LIBC_PTHREAD
-- Performing Test CMAKE_HAVE_LIBC_PTHREAD - Success
-- Found Threads: TRUE  
-- Added test 'cppcheck' to perform static code analysis on C / C++ code
-- Configured cppcheck include dirs: $<BUILD_INTERFACE:/home/thomas24/hive_ws2/src/navigation2/nav2_costmap_2d/include>
-- Configured cppcheck exclude dirs and/or files: 
-- Added test 'flake8' to check Python code syntax and style conventions
-- Configured 'flake8' exclude dirs and/or files: 
-- Added test 'lint_cmake' to check CMake code style
-- Added test 'pep257' to check Python code against some of the docstring style conventions in PEP 257
-- Added test 'uncrustify' to check C / C++ code style
-- Configured uncrustify additional arguments: 
-- Added test 'xmllint' to check XML markup files
-- Configuring done (1.9s)
-- Generating done (0.2s)
-- Build files have been written to: /home/thomas24/hive_ws2/build/nav2_costmap_2d
[  1%] [32mBuilding CXX object CMakeFiles/nav2_costmap_2d_core.dir/src/costmap_2d.cpp.o[0m
[  2%] [32mBuilding CXX object CMakeFiles/nav2_costmap_2d_core.dir/plugins/costmap_filters/costmap_filter.cpp.o[0m
[  3%] [32mBuilding CXX object CMakeFiles/nav2_costmap_2d_core.dir/src/footprint_collision_checker.cpp.o[0m
[  4%] [32mBuilding CXX object CMakeFiles/nav2_costmap_2d_core.dir/src/clear_costmap_service.cpp.o[0m
[  5%] [32mBuilding CXX object CMakeFiles/nav2_costmap_2d_core.dir/src/observation_buffer.cpp.o[0m
[  6%] [32mBuilding CXX object CMakeFiles/nav2_costmap_2d_core.dir/src/costmap_layer.cpp.o[0m
[  7%] [32mBuilding CXX object CMakeFiles/nav2_costmap_2d_core.dir/src/footprint.cpp.o[0m
[  8%] [32mBuilding CXX object CMakeFiles/nav2_costmap_2d_core.dir/src/costmap_math.cpp.o[0m
[ 10%] [32mBuilding CXX object CMakeFiles/nav2_costmap_2d_core.dir/src/costmap_2d_publisher.cpp.o[0m
[ 11%] [32mBuilding CXX object CMakeFiles/nav2_costmap_2d_core.dir/src/costmap_2d_ros.cpp.o[0m
[ 12%] [32mBuilding CXX object CMakeFiles/nav2_costmap_2d_core.dir/src/layered_costmap.cpp.o[0m
[ 13%] [32mBuilding CXX object CMakeFiles/nav2_costmap_2d_core.dir/src/layer.cpp.o[0m
[ 14%] [32m[1mLinking CXX shared library libnav2_costmap_2d_core.so[0m
[ 14%] Built target nav2_costmap_2d_core
[ 16%] [32mBuilding CXX object gtest/CMakeFiles/gtest.dir/src/gtest-all.cc.o[0m
[ 16%] [32mBuilding CXX object gtest/CMakeFiles/gtest_main.dir/src/gtest_main.cc.o[0m
[ 17%] [32m[1mLinking CXX static library libgtest_main.a[0m
[ 17%] Built target gtest_main
[ 18%] [32mBuilding CXX object test/regression/CMakeFiles/order_layer.dir/order_layer.cpp.o[0m
[ 20%] [32m[1mLinking CXX shared library liborder_layer.so[0m
[ 20%] Built target order_layer
[ 21%] [32m[1mLinking CXX static library libgtest.a[0m
[ 21%] Built target gtest
[ 22%] [32mBuilding CXX object CMakeFiles/nav2_costmap_2d.dir/src/costmap_2d_node.cpp.o[0m
[ 23%] [32mBuilding CXX object test/integration/CMakeFiles/dyn_params_tests.dir/dyn_params_tests.cpp.o[0m
[ 24%] [32m[1mLinking CXX executable nav2_costmap_2d[0m
[ 24%] Built target nav2_costmap_2d
[ 25%] [32mBuilding CXX object test/unit/CMakeFiles/coordinate_transform_test.dir/coordinate_transform_test.cpp.o[0m
[ 26%] [32mBuilding CXX object test/unit/CMakeFiles/lifecycle_test.dir/lifecycle_test.cpp.o[0m
[ 27%] [32m[1mLinking CXX executable coordinate_transform_test[0m
[ 27%] Built target coordinate_transform_test
[ 28%] [32mBuilding CXX object test/regression/CMakeFiles/plugin_api_order.dir/plugin_api_order.cpp.o[0m
[ 30%] [32m[1mLinking CXX executable lifecycle_test[0m
[ 30%] Built target lifecycle_test
[ 31%] [32m[1mLinking CXX executable dyn_params_tests[0m
[ 31%] Built target dyn_params_tests
[ 32%] [32m[1mLinking CXX executable plugin_api_order[0m
[ 32%] Built target plugin_api_order
[ 33%] [32mBuilding CXX object test/unit/CMakeFiles/costmap_filter_service_test.dir/costmap_filter_service_test.cpp.o[0m
[ 34%] [32m[1mLinking CXX executable costmap_filter_service_test[0m
[ 34%] Built target costmap_filter_service_test
[ 35%] [32mBuilding CXX object test/unit/CMakeFiles/copy_window_test.dir/copy_window_test.cpp.o[0m
[ 36%] [32m[1mLinking CXX executable copy_window_test[0m
[ 36%] Built target copy_window_test
[ 37%] [32mBuilding CXX object test/unit/CMakeFiles/costmap_filter_test.dir/costmap_filter_test.cpp.o[0m
[ 38%] [32m[1mLinking CXX executable costmap_filter_test[0m
[ 38%] Built target costmap_filter_test
[ 42%] [32mBuilding CXX object test/unit/CMakeFiles/costmap_cost_service_test.dir/costmap_cost_service_test.cpp.o[0m
[ 42%] [32mBuilding CXX object test/unit/CMakeFiles/declare_parameter_test.dir/declare_parameter_test.cpp.o[0m
[ 42%] [32mBuilding CXX object test/unit/CMakeFiles/costmap_conversion_test.dir/costmap_conversion_test.cpp.o[0m
[ 43%] [32m[1mLinking CXX executable costmap_conversion_test[0m
[ 43%] Built target costmap_conversion_test
[ 44%] [32m[1mLinking CXX executable declare_parameter_test[0m
[ 44%] Built target declare_parameter_test
[ 45%] [32m[1mLinking CXX executable costmap_cost_service_test[0m
[ 45%] Built target costmap_cost_service_test
[ 46%] [32mBuilding CXX object test/unit/CMakeFiles/collision_footprint_test.dir/footprint_collision_checker_test.cpp.o[0m
[ 47%] [32m[1mLinking CXX executable collision_footprint_test[0m
[ 47%] Built target collision_footprint_test
[ 48%] [32mBuilding CXX object CMakeFiles/nav2_costmap_2d_client.dir/src/footprint_subscriber.cpp.o[0m
[ 50%] [32mBuilding CXX object CMakeFiles/nav2_costmap_2d_client.dir/src/costmap_topic_collision_checker.cpp.o[0m
[ 51%] [32mBuilding CXX object CMakeFiles/nav2_costmap_2d_client.dir/src/costmap_subscriber.cpp.o[0m
[ 52%] [32m[1mLinking CXX shared library libnav2_costmap_2d_client.so[0m
[ 52%] Built target nav2_costmap_2d_client
[ 53%] [32mBuilding CXX object CMakeFiles/filters.dir/plugins/costmap_filters/keepout_filter.cpp.o[0m
[ 54%] [32mBuilding CXX object CMakeFiles/filters.dir/plugins/costmap_filters/binary_filter.cpp.o[0m
[ 55%] [32mBuilding CXX object CMakeFiles/filters.dir/plugins/costmap_filters/speed_filter.cpp.o[0m
[ 56%] [32m[1mLinking CXX shared library libfilters.so[0m
[ 56%] Built target filters
[ 57%] [32mBuilding CXX object test/integration/CMakeFiles/test_costmap_subscriber_exec.dir/test_costmap_subscriber.cpp.o[0m
[ 58%] [32m[1mLinking CXX executable test_costmap_subscriber_exec[0m
[ 58%] Built target test_costmap_subscriber_exec
[ 60%] [32mBuilding CXX object test/unit/CMakeFiles/binary_filter_test.dir/binary_filter_test.cpp.o[0m
[ 61%] [32m[1mLinking CXX executable binary_filter_test[0m
[ 61%] Built target binary_filter_test
[ 62%] [32mBuilding CXX object test/unit/CMakeFiles/speed_filter_test.dir/speed_filter_test.cpp.o[0m
[ 63%] [32m[1mLinking CXX executable speed_filter_test[0m
[ 63%] Built target speed_filter_test
[ 64%] [32mBuilding CXX object test/unit/CMakeFiles/keepout_filter_test.dir/keepout_filter_test.cpp.o[0m
[ 65%] [32m[1mLinking CXX executable keepout_filter_test[0m
[ 65%] Built target keepout_filter_test
[ 66%] [32mBuilding CXX object CMakeFiles/layers.dir/plugins/inflation_layer.cpp.o[0m
[ 67%] [32mBuilding CXX object CMakeFiles/layers.dir/plugins/plugin_container_layer.cpp.o[0m
[ 71%] [32mBuilding CXX object CMakeFiles/layers.dir/plugins/range_sensor_layer.cpp.o[0m
[ 71%] [32mBuilding CXX object CMakeFiles/layers.dir/plugins/voxel_layer.cpp.o[0m
[ 71%] [32mBuilding CXX object CMakeFiles/layers.dir/plugins/denoise_layer.cpp.o[0m
[ 74%] [32mBuilding CXX object CMakeFiles/layers.dir/src/observation_buffer.cpp.o[0m
[ 74%] [32mBuilding CXX object CMakeFiles/layers.dir/plugins/static_layer.cpp.o[0m
[ 74%] [32mBuilding CXX object CMakeFiles/layers.dir/plugins/obstacle_layer.cpp.o[0m
[ 75%] [32m[1mLinking CXX shared library liblayers.so[0m
[ 75%] Built target layers
[ 81%] [32mBuilding CXX object CMakeFiles/nav2_costmap_2d_cloud.dir/src/costmap_2d_cloud.cpp.o[0m
[ 81%] [32mBuilding CXX object CMakeFiles/nav2_costmap_2d_markers.dir/src/costmap_2d_markers.cpp.o[0m
[ 81%] [32mBuilding CXX object test/unit/CMakeFiles/denoise_layer_test.dir/image_processing_test.cpp.o[0m
[ 81%] [32mBuilding CXX object test/unit/CMakeFiles/denoise_layer_test.dir/denoise_layer_test.cpp.o[0m
[ 81%] [32mBuilding CXX object test/unit/CMakeFiles/denoise_layer_test.dir/image_test.cpp.o[0m
[ 82%] [32m[1mLinking CXX executable denoise_layer_test[0m
[ 82%] Built target denoise_layer_test
[ 83%] [32mBuilding CXX object test/integration/CMakeFiles/test_costmap_publisher_exec.dir/test_costmap_2d_publisher.cpp.o[0m
[ 84%] [32mBuilding CXX object test/integration/CMakeFiles/plugin_container_tests_exec.dir/plugin_container_tests.cpp.o[0m
[ 85%] [32mBuilding CXX object test/integration/CMakeFiles/range_tests_exec.dir/range_tests.cpp.o[0m
[ 86%] [32mBuilding CXX object test/integration/CMakeFiles/obstacle_tests_exec.dir/obstacle_tests.cpp.o[0m
[ 87%] [32m[1mLinking CXX executable nav2_costmap_2d_cloud[0m
[ 88%] [32m[1mLinking CXX executable nav2_costmap_2d_markers[0m
[ 88%] Built target nav2_costmap_2d_cloud
[ 90%] [32mBuilding CXX object test/integration/CMakeFiles/footprint_tests_exec.dir/footprint_tests.cpp.o[0m
[ 91%] [32mBuilding CXX object test/integration/CMakeFiles/inflation_tests_exec.dir/inflation_tests.cpp.o[0m
[ 92%] [32mBuilding CXX object test/integration/CMakeFiles/test_collision_checker_exec.dir/test_costmap_topic_collision_checker.cpp.o[0m
[ 92%] Built target nav2_costmap_2d_markers
[ 93%] [32m[1mLinking CXX executable footprint_tests_exec[0m
[ 93%] Built target footprint_tests_exec
[ 94%] [32m[1mLinking CXX executable test_costmap_publisher_exec[0m
[ 95%] [32m[1mLinking CXX executable range_tests_exec[0m
[ 95%] Built target test_costmap_publisher_exec
[ 95%] Built target range_tests_exec
[ 96%] [32m[1mLinking CXX executable obstacle_tests_exec[0m
[ 96%] Built target obstacle_tests_exec
[ 97%] [32m[1mLinking CXX executable plugin_container_tests_exec[0m
[ 97%] Built target plugin_container_tests_exec
[ 98%] [32m[1mLinking CXX executable inflation_tests_exec[0m
[ 98%] Built target inflation_tests_exec
[100%] [32m[1mLinking CXX executable test_collision_checker_exec[0m
[100%] Built target test_collision_checker_exec
-- Install configuration: "Release"
-- Installing: /home/thomas24/hive_ws2/install/nav2_costmap_2d/lib/liblayers.so
-- Set non-toolchain portion of runtime path of "/home/thomas24/hive_ws2/install/nav2_costmap_2d/lib/liblayers.so" to ""
-- Installing: /home/thomas24/hive_ws2/install/nav2_costmap_2d/lib/libfilters.so
-- Set non-toolchain portion of runtime path of "/home/thomas24/hive_ws2/install/nav2_costmap_2d/lib/libfilters.so" to ""
-- Installing: /home/thomas24/hive_ws2/install/nav2_costmap_2d/lib/libnav2_costmap_2d_core.so
-- Set non-toolchain portion of runtime path of "/home/thomas24/hive_ws2/install/nav2_costmap_2d/lib/libnav2_costmap_2d_core.so" to ""
-- Installing: /home/thomas24/hive_ws2/install/nav2_costmap_2d/lib/libnav2_costmap_2d_client.so
-- Set non-toolchain portion of runtime path of "/home/thomas24/hive_ws2/install/nav2_costmap_2d/lib/libnav2_costmap_2d_client.so" to ""
-- Installing: /home/thomas24/hive_ws2/install/nav2_costmap_2d/lib/nav2_costmap_2d/nav2_costmap_2d_markers
-- Set non-toolchain portion of runtime path of "/home/thomas24/hive_ws2/install/nav2_costmap_2d/lib/nav2_costmap_2d/nav2_costmap_2d_markers" to ""
-- Installing: /home/thomas24/hive_ws2/install/nav2_costmap_2d/lib/nav2_costmap_2d/nav2_costmap_2d_cloud
-- Set non-toolchain portion of runtime path of "/home/thomas24/hive_ws2/install/nav2_costmap_2d/lib/nav2_costmap_2d/nav2_costmap_2d_cloud" to ""
-- Installing: /home/thomas24/hive_ws2/install/nav2_costmap_2d/lib/nav2_costmap_2d/nav2_costmap_2d
-- Set non-toolchain portion of runtime path of "/home/thomas24/hive_ws2/install/nav2_costmap_2d/lib/nav2_costmap_2d/nav2_costmap_2d" to ""
-- Installing: /home/thomas24/hive_ws2/install/nav2_costmap_2d/share/nav2_costmap_2d/costmap_plugins.xml
-- Installing: /home/thomas24/hive_ws2/install/nav2_costmap_2d/include/nav2_costmap_2d
-- Installing: /home/thomas24/hive_ws2/install/nav2_costmap_2d/include/nav2_costmap_2d/nav2_costmap_2d
-- Installing: /home/thomas24/hive_ws2/install/nav2_costmap_2d/include/nav2_costmap_2d/nav2_costmap_2d/layer.hpp
-- Installing: /home/thomas24/hive_ws2/install/nav2_costmap_2d/include/nav2_costmap_2d/nav2_costmap_2d/obstacle_layer.hpp
-- Installing: /home/thomas24/hive_ws2/install/nav2_costmap_2d/include/nav2_costmap_2d/nav2_costmap_2d/observation.hpp
-- Installing: /home/thomas24/hive_ws2/install/nav2_costmap_2d/include/nav2_costmap_2d/nav2_costmap_2d/costmap_topic_collision_checker.hpp
-- Installing: /home/thomas24/hive_ws2/install/nav2_costmap_2d/include/nav2_costmap_2d/nav2_costmap_2d/costmap_subscriber.hpp
-- Installing: /home/thomas24/hive_ws2/install/nav2_costmap_2d/include/nav2_costmap_2d/nav2_costmap_2d/footprint_collision_checker.hpp
-- Installing: /home/thomas24/hive_ws2/install/nav2_costmap_2d/include/nav2_costmap_2d/nav2_costmap_2d/voxel_layer.hpp
-- Installing: /home/thomas24/hive_ws2/install/nav2_costmap_2d/include/nav2_costmap_2d/nav2_costmap_2d/exceptions.hpp
-- Installing: /home/thomas24/hive_ws2/install/nav2_costmap_2d/include/nav2_costmap_2d/nav2_costmap_2d/plugin_container_layer.hpp
-- Installing: /home/thomas24/hive_ws2/install/nav2_costmap_2d/include/nav2_costmap_2d/nav2_costmap_2d/costmap_filters
-- Installing: /home/thomas24/hive_ws2/install/nav2_costmap_2d/include/nav2_costmap_2d/nav2_costmap_2d/costmap_filters/filter_values.hpp
-- Installing: /home/thomas24/hive_ws2/install/nav2_costmap_2d/include/nav2_costmap_2d/nav2_costmap_2d/costmap_filters/costmap_filter.hpp
-- Installing: /home/thomas24/hive_ws2/install/nav2_costmap_2d/include/nav2_costmap_2d/nav2_costmap_2d/costmap_filters/speed_filter.hpp
-- Installing: /home/thomas24/hive_ws2/install/nav2_costmap_2d/include/nav2_costmap_2d/nav2_costmap_2d/costmap_filters/binary_filter.hpp
-- Installing: /home/thomas24/hive_ws2/install/nav2_costmap_2d/include/nav2_costmap_2d/nav2_costmap_2d/costmap_filters/keepout_filter.hpp
-- Installing: /home/thomas24/hive_ws2/install/nav2_costmap_2d/include/nav2_costmap_2d/nav2_costmap_2d/footprint_subscriber.hpp
-- Installing: /home/thomas24/hive_ws2/install/nav2_costmap_2d/include/nav2_costmap_2d/nav2_costmap_2d/static_layer.hpp
-- Installing: /home/thomas24/hive_ws2/install/nav2_costmap_2d/include/nav2_costmap_2d/nav2_costmap_2d/clear_costmap_service.hpp
-- Installing: /home/thomas24/hive_ws2/install/nav2_costmap_2d/include/nav2_costmap_2d/nav2_costmap_2d/layered_costmap.hpp
-- Installing: /home/thomas24/hive_ws2/install/nav2_costmap_2d/include/nav2_costmap_2d/nav2_costmap_2d/observation_buffer.hpp
-- Installing: /home/thomas24/hive_ws2/install/nav2_costmap_2d/include/nav2_costmap_2d/nav2_costmap_2d/cost_values.hpp
-- Installing: /home/thomas24/hive_ws2/install/nav2_costmap_2d/include/nav2_costmap_2d/nav2_costmap_2d/costmap_2d.hpp
-- Installing: /home/thomas24/hive_ws2/install/nav2_costmap_2d/include/nav2_costmap_2d/nav2_costmap_2d/footprint.hpp
-- Installing: /home/thomas24/hive_ws2/install/nav2_costmap_2d/include/nav2_costmap_2d/nav2_costmap_2d/costmap_math.hpp
-- Installing: /home/thomas24/hive_ws2/install/nav2_costmap_2d/include/nav2_costmap_2d/nav2_costmap_2d/inflation_layer.hpp
-- Installing: /home/thomas24/hive_ws2/install/nav2_costmap_2d/include/nav2_costmap_2d/nav2_costmap_2d/costmap_layer.hpp
-- Installing: /home/thomas24/hive_ws2/install/nav2_costmap_2d/include/nav2_costmap_2d/nav2_costmap_2d/costmap_2d_ros.hpp
-- Installing: /home/thomas24/hive_ws2/install/nav2_costmap_2d/include/nav2_costmap_2d/nav2_costmap_2d/denoise_layer.hpp
-- Installing: /home/thomas24/hive_ws2/install/nav2_costmap_2d/include/nav2_costmap_2d/nav2_costmap_2d/denoise
-- Installing: /home/thomas24/hive_ws2/install/nav2_costmap_2d/include/nav2_costmap_2d/nav2_costmap_2d/denoise/image.hpp
-- Installing: /home/thomas24/hive_ws2/install/nav2_costmap_2d/include/nav2_costmap_2d/nav2_costmap_2d/denoise/image_processing.hpp
-- Installing: /home/thomas24/hive_ws2/install/nav2_costmap_2d/include/nav2_costmap_2d/nav2_costmap_2d/range_sensor_layer.hpp
-- Installing: /home/thomas24/hive_ws2/install/nav2_costmap_2d/include/nav2_costmap_2d/nav2_costmap_2d/costmap_2d_publisher.hpp
-- Installing: /home/thomas24/hive_ws2/install/nav2_costmap_2d/share/nav2_costmap_2d/test/regression/order_layer.xml
-- Installing: /home/thomas24/hive_ws2/install/nav2_costmap_2d/share/nav2_costmap_2d/environment/library_path.sh
-- Installing: /home/thomas24/hive_ws2/install/nav2_costmap_2d/share/nav2_costmap_2d/environment/library_path.dsv
-- Up-to-date: /home/thomas24/hive_ws2/install/nav2_costmap_2d/share/nav2_costmap_2d/costmap_plugins.xml
-- Installing: /home/thomas24/hive_ws2/install/nav2_costmap_2d/share/ament_index/resource_index/package_run_dependencies/nav2_costmap_2d
-- Installing: /home/thomas24/hive_ws2/install/nav2_costmap_2d/share/ament_index/resource_index/parent_prefix_path/nav2_costmap_2d
-- Installing: /home/thomas24/hive_ws2/install/nav2_costmap_2d/share/nav2_costmap_2d/environment/ament_prefix_path.sh
-- Installing: /home/thomas24/hive_ws2/install/nav2_costmap_2d/share/nav2_costmap_2d/environment/ament_prefix_path.dsv
-- Installing: /home/thomas24/hive_ws2/install/nav2_costmap_2d/share/nav2_costmap_2d/environment/path.sh
-- Installing: /home/thomas24/hive_ws2/install/nav2_costmap_2d/share/nav2_costmap_2d/environment/path.dsv
-- Installing: /home/thomas24/hive_ws2/install/nav2_costmap_2d/share/nav2_costmap_2d/local_setup.bash
-- Installing: /home/thomas24/hive_ws2/install/nav2_costmap_2d/share/nav2_costmap_2d/local_setup.sh
-- Installing: /home/thomas24/hive_ws2/install/nav2_costmap_2d/share/nav2_costmap_2d/local_setup.zsh
-- Installing: /home/thomas24/hive_ws2/install/nav2_costmap_2d/share/nav2_costmap_2d/local_setup.dsv
-- Installing: /home/thomas24/hive_ws2/install/nav2_costmap_2d/share/nav2_costmap_2d/package.dsv
-- Installing: /home/thomas24/hive_ws2/install/nav2_costmap_2d/share/ament_index/resource_index/packages/nav2_costmap_2d
-- Installing: /home/thomas24/hive_ws2/install/nav2_costmap_2d/share/ament_index/resource_index/nav2_costmap_2d__pluginlib__plugin/nav2_costmap_2d
-- Installing: /home/thomas24/hive_ws2/install/nav2_costmap_2d/share/nav2_costmap_2d/cmake/export_nav2_costmap_2dExport.cmake
-- Installing: /home/thomas24/hive_ws2/install/nav2_costmap_2d/share/nav2_costmap_2d/cmake/export_nav2_costmap_2dExport-release.cmake
-- Installing: /home/thomas24/hive_ws2/install/nav2_costmap_2d/share/nav2_costmap_2d/cmake/ament_cmake_export_include_directories-extras.cmake
-- Installing: /home/thomas24/hive_ws2/install/nav2_costmap_2d/share/nav2_costmap_2d/cmake/ament_cmake_export_libraries-extras.cmake
-- Installing: /home/thomas24/hive_ws2/install/nav2_costmap_2d/share/nav2_costmap_2d/cmake/ament_cmake_export_targets-extras.cmake
-- Installing: /home/thomas24/hive_ws2/install/nav2_costmap_2d/share/nav2_costmap_2d/cmake/ament_cmake_export_dependencies-extras.cmake
-- Installing: /home/thomas24/hive_ws2/install/nav2_costmap_2d/share/nav2_costmap_2d/cmake/nav2_costmap_2dConfig.cmake
-- Installing: /home/thomas24/hive_ws2/install/nav2_costmap_2d/share/nav2_costmap_2d/cmake/nav2_costmap_2dConfig-version.cmake
-- Installing: /home/thomas24/hive_ws2/install/nav2_costmap_2d/share/nav2_costmap_2d/package.xml
-- Installing: /home/thomas24/hive_ws2/install/nav2_costmap_2d/lib/liborder_layer.so
-- Set non-toolchain portion of runtime path of "/home/thomas24/hive_ws2/install/nav2_costmap_2d/lib/liborder_layer.so" to ""
