[0.019s] Invoking command in '/home/thomas24/hive_ws2/build/nav2_costmap_2d': AMENT_PREFIX_PATH=/home/thomas24/hive_ws2/install/nav2_map_server:/home/thomas24/hive_ws2/install/nav2_lifecycle_manager:/home/thomas24/hive_ws2/install/nav2_util:/home/thomas24/hive_ws2/install/nav2_ros_common:/home/thomas24/hive_ws2/install/nav2_voxel_grid:/home/thomas24/hive_ws2/install/nav2_msgs:/home/thomas24/hive_ws2/install/nav2_common:${AMENT_PREFIX_PATH} CMAKE_PREFIX_PATH=/home/thomas24/hive_ws2/install/nav2_map_server:/home/thomas24/hive_ws2/install/nav2_lifecycle_manager:/home/thomas24/hive_ws2/install/nav2_util:/home/thomas24/hive_ws2/install/nav2_ros_common:/home/thomas24/hive_ws2/install/nav2_voxel_grid:/home/thomas24/hive_ws2/install/nav2_msgs:/home/thomas24/hive_ws2/install/nav2_common:/opt/ros/jazzy/opt/gz_sim_vendor:/opt/ros/jazzy/opt/gz_sensors_vendor:/opt/ros/jazzy/opt/gz_physics_vendor:/opt/ros/jazzy/opt/sdformat_vendor:/opt/ros/jazzy/opt/gz_gui_vendor:/opt/ros/jazzy/opt/gz_transport_vendor:/opt/ros/jazzy/opt/gz_rendering_vendor:/opt/ros/jazzy/opt/gz_plugin_vendor:/opt/ros/jazzy/opt/gz_fuel_tools_vendor:/opt/ros/jazzy/opt/gz_msgs_vendor:/opt/ros/jazzy/opt/gz_common_vendor:/opt/ros/jazzy/opt/gz_math_vendor:/opt/ros/jazzy/opt/gz_utils_vendor:/opt/ros/jazzy/opt/gz_tools_vendor:/opt/ros/jazzy/opt/gz_ogre_next_vendor:/opt/ros/jazzy/opt/gz_dartsim_vendor:/opt/ros/jazzy/opt/gz_cmake_vendor:/opt/ros/jazzy DEBUGINFOD_URLS=https://debuginfod.ubuntu.com LD_LIBRARY_PATH=/home/thomas24/hive_ws2/install/nav2_map_server/lib:/home/thomas24/hive_ws2/install/nav2_lifecycle_manager/lib:/home/thomas24/hive_ws2/install/nav2_util/lib:/home/thomas24/hive_ws2/install/nav2_voxel_grid/lib:/home/thomas24/hive_ws2/install/nav2_msgs/lib:${LD_LIBRARY_PATH} PYTHONPATH=/home/thomas24/hive_ws2/install/nav2_msgs/lib/python3.12/site-packages:/home/thomas24/hive_ws2/install/nav2_common/lib/python3.12/site-packages:${PYTHONPATH} /usr/bin/cmake /home/thomas24/hive_ws2/src/navigation2/nav2_costmap_2d -DCMAKE_INSTALL_PREFIX=/home/thomas24/hive_ws2/install/nav2_costmap_2d
[0.074s] -- The C compiler identification is GNU 13.3.0
[0.124s] -- The CXX compiler identification is GNU 13.3.0
[0.140s] -- Detecting C compiler ABI info
[0.233s] -- Detecting C compiler ABI info - done
[0.240s] -- Check for working C compiler: /usr/bin/cc - skipped
[0.240s] -- Detecting C compile features
[0.240s] -- Detecting C compile features - done
[0.250s] -- Detecting CXX compiler ABI info
[0.353s] -- Detecting CXX compiler ABI info - done
[0.360s] -- Check for working CXX compiler: /usr/bin/c++ - skipped
[0.360s] -- Detecting CXX compile features
[0.360s] -- Detecting CXX compile features - done
[0.365s] -- Found ament_cmake: 2.5.4 (/opt/ros/jazzy/share/ament_cmake/cmake)
[0.520s] -- Found Python3: /usr/bin/python3 (found version "3.12.3") found components: Interpreter 
[0.637s] -- Found angles: 1.16.0 (/opt/ros/jazzy/share/angles/cmake)
[0.645s] -- Found geometry_msgs: 5.3.6 (/opt/ros/jazzy/share/geometry_msgs/cmake)
[0.700s] -- Found rosidl_generator_c: 4.6.6 (/opt/ros/jazzy/share/rosidl_generator_c/cmake)
[0.716s] -- Found rosidl_generator_cpp: 4.6.6 (/opt/ros/jazzy/share/rosidl_generator_cpp/cmake)
[0.735s] -- Using all available rosidl_typesupport_c: rosidl_typesupport_fastrtps_c;rosidl_typesupport_introspection_c
[0.754s] -- Using all available rosidl_typesupport_cpp: rosidl_typesupport_fastrtps_cpp;rosidl_typesupport_introspection_cpp
[0.797s] -- Found laser_geometry: 2.7.1 (/opt/ros/jazzy/share/laser_geometry/cmake)
[0.850s] -- Found map_msgs: 2.4.1 (/opt/ros/jazzy/share/map_msgs/cmake)
[0.905s] -- Found message_filters: 4.11.7 (/opt/ros/jazzy/share/message_filters/cmake)
[0.960s] -- Found rmw_implementation_cmake: 7.3.2 (/opt/ros/jazzy/share/rmw_implementation_cmake/cmake)
[0.964s] -- Found rmw_fastrtps_cpp: 8.4.3 (/opt/ros/jazzy/share/rmw_fastrtps_cpp/cmake)
[1.056s] -- Found OpenSSL: /usr/lib/x86_64-linux-gnu/libcrypto.so (found version "3.0.13")  
[1.088s] -- Found FastRTPS: /opt/ros/jazzy/include (Required is at least version "2.13") 
[1.113s] -- Using RMW implementation 'rmw_fastrtps_cpp' as default
[1.183s] -- Found nav2_common: 1.4.0 (/home/thomas24/hive_ws2/install/nav2_common/share/nav2_common/cmake)
[1.183s] -- Found nav2_msgs: 1.4.0 (/home/thomas24/hive_ws2/install/nav2_msgs/share/nav2_msgs/cmake)
[1.290s] -- Found nav2_util: 1.4.0 (/home/thomas24/hive_ws2/install/nav2_util/share/nav2_util/cmake)
[1.391s] -- Found eigen3_cmake_module: 0.3.0 (/opt/ros/jazzy/share/eigen3_cmake_module/cmake)
[1.392s] -- Found Eigen3: TRUE (found version "3.4.0") 
[1.392s] -- Ensuring Eigen3 include directory is part of orocos-kdl CMake target
[1.501s] -- Found nav2_voxel_grid: 1.4.0 (/home/thomas24/hive_ws2/install/nav2_voxel_grid/share/nav2_voxel_grid/cmake)
[1.508s] -- Found std_srvs: 5.3.6 (/opt/ros/jazzy/share/std_srvs/cmake)
[1.523s] -- Found tf2_sensor_msgs: 0.36.14 (/opt/ros/jazzy/share/tf2_sensor_msgs/cmake)
[1.529s] -- Found visualization_msgs: 5.3.6 (/opt/ros/jazzy/share/visualization_msgs/cmake)
[1.554s] -- Found point_cloud_transport: 4.0.4 (/opt/ros/jazzy/share/point_cloud_transport/cmake)
[1.558s] -- Setting build type to Release as none was specified.
[1.562s] -- Found ament_lint_auto: 0.17.3 (/opt/ros/jazzy/share/ament_lint_auto/cmake)
[1.744s] -- Found gtest sources under '/opt/ros/jazzy/src/gtest_vendor': C++ tests using 'Google Test' will be built
[1.750s] -- Performing Test CMAKE_HAVE_LIBC_PTHREAD
[1.872s] -- Performing Test CMAKE_HAVE_LIBC_PTHREAD - Success
[1.873s] -- Found Threads: TRUE  
[1.912s] -- Added test 'cppcheck' to perform static code analysis on C / C++ code
[1.912s] -- Configured cppcheck include dirs: $<BUILD_INTERFACE:/home/thomas24/hive_ws2/src/navigation2/nav2_costmap_2d/include>
[1.912s] -- Configured cppcheck exclude dirs and/or files: 
[1.914s] -- Added test 'flake8' to check Python code syntax and style conventions
[1.914s] -- Configured 'flake8' exclude dirs and/or files: 
[1.916s] -- Added test 'lint_cmake' to check CMake code style
[1.917s] -- Added test 'pep257' to check Python code against some of the docstring style conventions in PEP 257
[1.921s] -- Added test 'uncrustify' to check C / C++ code style
[1.921s] -- Configured uncrustify additional arguments: 
[1.922s] -- Added test 'xmllint' to check XML markup files
[1.926s] -- Configuring done (1.9s)
[2.142s] -- Generating done (0.2s)
[2.203s] -- Build files have been written to: /home/thomas24/hive_ws2/build/nav2_costmap_2d
[2.240s] Invoked command in '/home/thomas24/hive_ws2/build/nav2_costmap_2d' returned '0': AMENT_PREFIX_PATH=/home/thomas24/hive_ws2/install/nav2_map_server:/home/thomas24/hive_ws2/install/nav2_lifecycle_manager:/home/thomas24/hive_ws2/install/nav2_util:/home/thomas24/hive_ws2/install/nav2_ros_common:/home/thomas24/hive_ws2/install/nav2_voxel_grid:/home/thomas24/hive_ws2/install/nav2_msgs:/home/thomas24/hive_ws2/install/nav2_common:${AMENT_PREFIX_PATH} CMAKE_PREFIX_PATH=/home/thomas24/hive_ws2/install/nav2_map_server:/home/thomas24/hive_ws2/install/nav2_lifecycle_manager:/home/thomas24/hive_ws2/install/nav2_util:/home/thomas24/hive_ws2/install/nav2_ros_common:/home/thomas24/hive_ws2/install/nav2_voxel_grid:/home/thomas24/hive_ws2/install/nav2_msgs:/home/thomas24/hive_ws2/install/nav2_common:/opt/ros/jazzy/opt/gz_sim_vendor:/opt/ros/jazzy/opt/gz_sensors_vendor:/opt/ros/jazzy/opt/gz_physics_vendor:/opt/ros/jazzy/opt/sdformat_vendor:/opt/ros/jazzy/opt/gz_gui_vendor:/opt/ros/jazzy/opt/gz_transport_vendor:/opt/ros/jazzy/opt/gz_rendering_vendor:/opt/ros/jazzy/opt/gz_plugin_vendor:/opt/ros/jazzy/opt/gz_fuel_tools_vendor:/opt/ros/jazzy/opt/gz_msgs_vendor:/opt/ros/jazzy/opt/gz_common_vendor:/opt/ros/jazzy/opt/gz_math_vendor:/opt/ros/jazzy/opt/gz_utils_vendor:/opt/ros/jazzy/opt/gz_tools_vendor:/opt/ros/jazzy/opt/gz_ogre_next_vendor:/opt/ros/jazzy/opt/gz_dartsim_vendor:/opt/ros/jazzy/opt/gz_cmake_vendor:/opt/ros/jazzy DEBUGINFOD_URLS=https://debuginfod.ubuntu.com LD_LIBRARY_PATH=/home/thomas24/hive_ws2/install/nav2_map_server/lib:/home/thomas24/hive_ws2/install/nav2_lifecycle_manager/lib:/home/thomas24/hive_ws2/install/nav2_util/lib:/home/thomas24/hive_ws2/install/nav2_voxel_grid/lib:/home/thomas24/hive_ws2/install/nav2_msgs/lib:${LD_LIBRARY_PATH} PYTHONPATH=/home/thomas24/hive_ws2/install/nav2_msgs/lib/python3.12/site-packages:/home/thomas24/hive_ws2/install/nav2_common/lib/python3.12/site-packages:${PYTHONPATH} /usr/bin/cmake /home/thomas24/hive_ws2/src/navigation2/nav2_costmap_2d -DCMAKE_INSTALL_PREFIX=/home/thomas24/hive_ws2/install/nav2_costmap_2d
[2.241s] Invoking command in '/home/thomas24/hive_ws2/build/nav2_costmap_2d': AMENT_PREFIX_PATH=/home/thomas24/hive_ws2/install/nav2_map_server:/home/thomas24/hive_ws2/install/nav2_lifecycle_manager:/home/thomas24/hive_ws2/install/nav2_util:/home/thomas24/hive_ws2/install/nav2_ros_common:/home/thomas24/hive_ws2/install/nav2_voxel_grid:/home/thomas24/hive_ws2/install/nav2_msgs:/home/thomas24/hive_ws2/install/nav2_common:${AMENT_PREFIX_PATH} CMAKE_PREFIX_PATH=/home/thomas24/hive_ws2/install/nav2_map_server:/home/thomas24/hive_ws2/install/nav2_lifecycle_manager:/home/thomas24/hive_ws2/install/nav2_util:/home/thomas24/hive_ws2/install/nav2_ros_common:/home/thomas24/hive_ws2/install/nav2_voxel_grid:/home/thomas24/hive_ws2/install/nav2_msgs:/home/thomas24/hive_ws2/install/nav2_common:/opt/ros/jazzy/opt/gz_sim_vendor:/opt/ros/jazzy/opt/gz_sensors_vendor:/opt/ros/jazzy/opt/gz_physics_vendor:/opt/ros/jazzy/opt/sdformat_vendor:/opt/ros/jazzy/opt/gz_gui_vendor:/opt/ros/jazzy/opt/gz_transport_vendor:/opt/ros/jazzy/opt/gz_rendering_vendor:/opt/ros/jazzy/opt/gz_plugin_vendor:/opt/ros/jazzy/opt/gz_fuel_tools_vendor:/opt/ros/jazzy/opt/gz_msgs_vendor:/opt/ros/jazzy/opt/gz_common_vendor:/opt/ros/jazzy/opt/gz_math_vendor:/opt/ros/jazzy/opt/gz_utils_vendor:/opt/ros/jazzy/opt/gz_tools_vendor:/opt/ros/jazzy/opt/gz_ogre_next_vendor:/opt/ros/jazzy/opt/gz_dartsim_vendor:/opt/ros/jazzy/opt/gz_cmake_vendor:/opt/ros/jazzy DEBUGINFOD_URLS=https://debuginfod.ubuntu.com LD_LIBRARY_PATH=/home/thomas24/hive_ws2/install/nav2_map_server/lib:/home/thomas24/hive_ws2/install/nav2_lifecycle_manager/lib:/home/thomas24/hive_ws2/install/nav2_util/lib:/home/thomas24/hive_ws2/install/nav2_voxel_grid/lib:/home/thomas24/hive_ws2/install/nav2_msgs/lib:${LD_LIBRARY_PATH} PYTHONPATH=/home/thomas24/hive_ws2/install/nav2_msgs/lib/python3.12/site-packages:/home/thomas24/hive_ws2/install/nav2_common/lib/python3.12/site-packages:${PYTHONPATH} /usr/bin/cmake --build /home/thomas24/hive_ws2/build/nav2_costmap_2d -- -j16 -l16
[2.316s] [  1%] [32mBuilding CXX object CMakeFiles/nav2_costmap_2d_core.dir/src/costmap_2d.cpp.o[0m
[3.100s] [  2%] [32mBuilding CXX object CMakeFiles/nav2_costmap_2d_core.dir/plugins/costmap_filters/costmap_filter.cpp.o[0m
[7.999s] [  3%] [32mBuilding CXX object CMakeFiles/nav2_costmap_2d_core.dir/src/footprint_collision_checker.cpp.o[0m
[11.433s] [  4%] [32mBuilding CXX object CMakeFiles/nav2_costmap_2d_core.dir/src/clear_costmap_service.cpp.o[0m
[18.313s] [  5%] [32mBuilding CXX object CMakeFiles/nav2_costmap_2d_core.dir/src/observation_buffer.cpp.o[0m
[23.592s] [  6%] [32mBuilding CXX object CMakeFiles/nav2_costmap_2d_core.dir/src/costmap_layer.cpp.o[0m
[26.811s] [  7%] [32mBuilding CXX object CMakeFiles/nav2_costmap_2d_core.dir/src/footprint.cpp.o[0m
[30.106s] [  8%] [32mBuilding CXX object CMakeFiles/nav2_costmap_2d_core.dir/src/costmap_math.cpp.o[0m
[30.611s] [ 10%] [32mBuilding CXX object CMakeFiles/nav2_costmap_2d_core.dir/src/costmap_2d_publisher.cpp.o[0m
[40.023s] [ 11%] [32mBuilding CXX object CMakeFiles/nav2_costmap_2d_core.dir/src/costmap_2d_ros.cpp.o[0m
[62.259s] [ 12%] [32mBuilding CXX object CMakeFiles/nav2_costmap_2d_core.dir/src/layered_costmap.cpp.o[0m
[65.773s] [ 13%] [32mBuilding CXX object CMakeFiles/nav2_costmap_2d_core.dir/src/layer.cpp.o[0m
[69.318s] [ 14%] [32m[1mLinking CXX shared library libnav2_costmap_2d_core.so[0m
[69.667s] [ 14%] Built target nav2_costmap_2d_core
[69.693s] [ 16%] [32mBuilding CXX object gtest/CMakeFiles/gtest.dir/src/gtest-all.cc.o[0m
[69.693s] [ 16%] [32mBuilding CXX object gtest/CMakeFiles/gtest_main.dir/src/gtest_main.cc.o[0m
[70.471s] [ 17%] [32m[1mLinking CXX static library libgtest_main.a[0m
[70.519s] [ 17%] Built target gtest_main
[70.551s] [ 18%] [32mBuilding CXX object test/regression/CMakeFiles/order_layer.dir/order_layer.cpp.o[0m
[74.561s] [ 20%] [32m[1mLinking CXX shared library liborder_layer.so[0m
[74.754s] [ 20%] Built target order_layer
[77.086s] [ 21%] [32m[1mLinking CXX static library libgtest.a[0m
[77.148s] [ 21%] Built target gtest
[77.177s] [ 22%] [32mBuilding CXX object CMakeFiles/nav2_costmap_2d.dir/src/costmap_2d_node.cpp.o[0m
[82.197s] [ 23%] [32mBuilding CXX object test/integration/CMakeFiles/dyn_params_tests.dir/dyn_params_tests.cpp.o[0m
[82.539s] [ 24%] [32m[1mLinking CXX executable nav2_costmap_2d[0m
[82.772s] [ 24%] Built target nav2_costmap_2d
[82.784s] [ 25%] [32mBuilding CXX object test/unit/CMakeFiles/coordinate_transform_test.dir/coordinate_transform_test.cpp.o[0m
[82.798s] [ 26%] [32mBuilding CXX object test/unit/CMakeFiles/lifecycle_test.dir/lifecycle_test.cpp.o[0m
[86.222s] [ 27%] [32m[1mLinking CXX executable coordinate_transform_test[0m
[86.559s] [ 27%] Built target coordinate_transform_test
[86.606s] [ 28%] [32mBuilding CXX object test/regression/CMakeFiles/plugin_api_order.dir/plugin_api_order.cpp.o[0m
[89.039s] [ 30%] [32m[1mLinking CXX executable lifecycle_test[0m
[89.397s] [ 30%] Built target lifecycle_test
[90.492s] [ 31%] [32m[1mLinking CXX executable dyn_params_tests[0m
[90.832s] [ 31%] Built target dyn_params_tests
[92.960s] [ 32%] [32m[1mLinking CXX executable plugin_api_order[0m
[93.266s] [ 32%] Built target plugin_api_order
[93.297s] [ 33%] [32mBuilding CXX object test/unit/CMakeFiles/costmap_filter_service_test.dir/costmap_filter_service_test.cpp.o[0m
[99.225s] [ 34%] [32m[1mLinking CXX executable costmap_filter_service_test[0m
[99.471s] [ 34%] Built target costmap_filter_service_test
[99.496s] [ 35%] [32mBuilding CXX object test/unit/CMakeFiles/copy_window_test.dir/copy_window_test.cpp.o[0m
[102.544s] [ 36%] [32m[1mLinking CXX executable copy_window_test[0m
[102.782s] [ 36%] Built target copy_window_test
[102.807s] [ 37%] [32mBuilding CXX object test/unit/CMakeFiles/costmap_filter_test.dir/costmap_filter_test.cpp.o[0m
[107.149s] [ 38%] [32m[1mLinking CXX executable costmap_filter_test[0m
[107.419s] [ 38%] Built target costmap_filter_test
[107.444s] [ 42%] [32mBuilding CXX object test/unit/CMakeFiles/costmap_cost_service_test.dir/costmap_cost_service_test.cpp.o[0m
[107.444s] [ 42%] [32mBuilding CXX object test/unit/CMakeFiles/declare_parameter_test.dir/declare_parameter_test.cpp.o[0m
[107.444s] [ 42%] [32mBuilding CXX object test/unit/CMakeFiles/costmap_conversion_test.dir/costmap_conversion_test.cpp.o[0m
[111.561s] [ 43%] [32m[1mLinking CXX executable costmap_conversion_test[0m
[112.125s] [ 43%] Built target costmap_conversion_test
[114.615s] [ 44%] [32m[1mLinking CXX executable declare_parameter_test[0m
[115.523s] [ 44%] Built target declare_parameter_test
[116.289s] [ 45%] [32m[1mLinking CXX executable costmap_cost_service_test[0m
[116.690s] [ 45%] Built target costmap_cost_service_test
[116.755s] [ 46%] [32mBuilding CXX object test/unit/CMakeFiles/collision_footprint_test.dir/footprint_collision_checker_test.cpp.o[0m
[123.590s] [ 47%] [32m[1mLinking CXX executable collision_footprint_test[0m
[123.830s] [ 47%] Built target collision_footprint_test
[123.855s] [ 48%] [32mBuilding CXX object CMakeFiles/nav2_costmap_2d_client.dir/src/footprint_subscriber.cpp.o[0m
[127.236s] [ 50%] [32mBuilding CXX object CMakeFiles/nav2_costmap_2d_client.dir/src/costmap_topic_collision_checker.cpp.o[0m
[131.325s] [ 51%] [32mBuilding CXX object CMakeFiles/nav2_costmap_2d_client.dir/src/costmap_subscriber.cpp.o[0m
[134.518s] [ 52%] [32m[1mLinking CXX shared library libnav2_costmap_2d_client.so[0m
[134.697s] [ 52%] Built target nav2_costmap_2d_client
[134.722s] [ 53%] [32mBuilding CXX object CMakeFiles/filters.dir/plugins/costmap_filters/keepout_filter.cpp.o[0m
[147.051s] [ 54%] [32mBuilding CXX object CMakeFiles/filters.dir/plugins/costmap_filters/binary_filter.cpp.o[0m
[161.645s] [ 55%] [32mBuilding CXX object CMakeFiles/filters.dir/plugins/costmap_filters/speed_filter.cpp.o[0m
[179.662s] [ 56%] [32m[1mLinking CXX shared library libfilters.so[0m
[180.158s] [ 56%] Built target filters
[180.235s] [ 57%] [32mBuilding CXX object test/integration/CMakeFiles/test_costmap_subscriber_exec.dir/test_costmap_subscriber.cpp.o[0m
[201.215s] [ 58%] [32m[1mLinking CXX executable test_costmap_subscriber_exec[0m
[201.539s] [ 58%] Built target test_costmap_subscriber_exec
[201.564s] [ 60%] [32mBuilding CXX object test/unit/CMakeFiles/binary_filter_test.dir/binary_filter_test.cpp.o[0m
[218.250s] [ 61%] [32m[1mLinking CXX executable binary_filter_test[0m
[218.891s] [ 61%] Built target binary_filter_test
[218.962s] [ 62%] [32mBuilding CXX object test/unit/CMakeFiles/speed_filter_test.dir/speed_filter_test.cpp.o[0m
[237.922s] [ 63%] [32m[1mLinking CXX executable speed_filter_test[0m
[238.245s] [ 63%] Built target speed_filter_test
[238.269s] [ 64%] [32mBuilding CXX object test/unit/CMakeFiles/keepout_filter_test.dir/keepout_filter_test.cpp.o[0m
[247.533s] [ 65%] [32m[1mLinking CXX executable keepout_filter_test[0m
[247.839s] [ 65%] Built target keepout_filter_test
[247.865s] [ 66%] [32mBuilding CXX object CMakeFiles/layers.dir/plugins/inflation_layer.cpp.o[0m
[253.912s] [ 67%] [32mBuilding CXX object CMakeFiles/layers.dir/plugins/plugin_container_layer.cpp.o[0m
[264.181s] [ 71%] [32mBuilding CXX object CMakeFiles/layers.dir/plugins/range_sensor_layer.cpp.o[0m
[264.182s] [ 71%] [32mBuilding CXX object CMakeFiles/layers.dir/plugins/voxel_layer.cpp.o[0m
[264.182s] [ 71%] [32mBuilding CXX object CMakeFiles/layers.dir/plugins/denoise_layer.cpp.o[0m
[269.803s] [ 74%] [32mBuilding CXX object CMakeFiles/layers.dir/src/observation_buffer.cpp.o[0m
[269.803s] [ 74%] [32mBuilding CXX object CMakeFiles/layers.dir/plugins/static_layer.cpp.o[0m
[269.803s] [ 74%] [32mBuilding CXX object CMakeFiles/layers.dir/plugins/obstacle_layer.cpp.o[0m
[288.677s] [ 75%] [32m[1mLinking CXX shared library liblayers.so[0m
[289.008s] [ 75%] Built target layers
[289.033s] [ 81%] [32mBuilding CXX object CMakeFiles/nav2_costmap_2d_cloud.dir/src/costmap_2d_cloud.cpp.o[0m
[289.033s] [ 81%] [32mBuilding CXX object CMakeFiles/nav2_costmap_2d_markers.dir/src/costmap_2d_markers.cpp.o[0m
[289.033s] [ 81%] [32mBuilding CXX object test/unit/CMakeFiles/denoise_layer_test.dir/image_processing_test.cpp.o[0m
[289.034s] [ 81%] [32mBuilding CXX object test/unit/CMakeFiles/denoise_layer_test.dir/denoise_layer_test.cpp.o[0m
[289.034s] [ 81%] [32mBuilding CXX object test/unit/CMakeFiles/denoise_layer_test.dir/image_test.cpp.o[0m
[296.042s] [ 82%] [32m[1mLinking CXX executable denoise_layer_test[0m
[296.437s] [ 82%] Built target denoise_layer_test
[296.468s] [ 83%] [32mBuilding CXX object test/integration/CMakeFiles/test_costmap_publisher_exec.dir/test_costmap_2d_publisher.cpp.o[0m
[296.468s] [ 84%] [32mBuilding CXX object test/integration/CMakeFiles/plugin_container_tests_exec.dir/plugin_container_tests.cpp.o[0m
[296.469s] [ 85%] [32mBuilding CXX object test/integration/CMakeFiles/range_tests_exec.dir/range_tests.cpp.o[0m
[296.469s] [ 86%] [32mBuilding CXX object test/integration/CMakeFiles/obstacle_tests_exec.dir/obstacle_tests.cpp.o[0m
[300.523s] [ 87%] [32m[1mLinking CXX executable nav2_costmap_2d_cloud[0m
[300.588s] [ 88%] [32m[1mLinking CXX executable nav2_costmap_2d_markers[0m
[300.826s] [ 88%] Built target nav2_costmap_2d_cloud
[300.864s] [ 90%] [32mBuilding CXX object test/integration/CMakeFiles/footprint_tests_exec.dir/footprint_tests.cpp.o[0m
[300.867s] [ 91%] [32mBuilding CXX object test/integration/CMakeFiles/inflation_tests_exec.dir/inflation_tests.cpp.o[0m
[300.875s] [ 92%] [32mBuilding CXX object test/integration/CMakeFiles/test_collision_checker_exec.dir/test_costmap_topic_collision_checker.cpp.o[0m
[300.875s] [ 92%] Built target nav2_costmap_2d_markers
[306.683s] [ 93%] [32m[1mLinking CXX executable footprint_tests_exec[0m
[306.986s] [ 93%] Built target footprint_tests_exec
[310.969s] [ 94%] [32m[1mLinking CXX executable test_costmap_publisher_exec[0m
[311.168s] [ 95%] [32m[1mLinking CXX executable range_tests_exec[0m
[311.330s] [ 95%] Built target test_costmap_publisher_exec
[311.557s] [ 95%] Built target range_tests_exec
[312.464s] [ 96%] [32m[1mLinking CXX executable obstacle_tests_exec[0m
[312.822s] [ 96%] Built target obstacle_tests_exec
[312.883s] [ 97%] [32m[1mLinking CXX executable plugin_container_tests_exec[0m
[313.216s] [ 97%] Built target plugin_container_tests_exec
[316.312s] [ 98%] [32m[1mLinking CXX executable inflation_tests_exec[0m
[316.634s] [ 98%] Built target inflation_tests_exec
[327.501s] [100%] [32m[1mLinking CXX executable test_collision_checker_exec[0m
[327.852s] [100%] Built target test_collision_checker_exec
[327.867s] Invoked command in '/home/thomas24/hive_ws2/build/nav2_costmap_2d' returned '0': AMENT_PREFIX_PATH=/home/thomas24/hive_ws2/install/nav2_map_server:/home/thomas24/hive_ws2/install/nav2_lifecycle_manager:/home/thomas24/hive_ws2/install/nav2_util:/home/thomas24/hive_ws2/install/nav2_ros_common:/home/thomas24/hive_ws2/install/nav2_voxel_grid:/home/thomas24/hive_ws2/install/nav2_msgs:/home/thomas24/hive_ws2/install/nav2_common:${AMENT_PREFIX_PATH} CMAKE_PREFIX_PATH=/home/thomas24/hive_ws2/install/nav2_map_server:/home/thomas24/hive_ws2/install/nav2_lifecycle_manager:/home/thomas24/hive_ws2/install/nav2_util:/home/thomas24/hive_ws2/install/nav2_ros_common:/home/thomas24/hive_ws2/install/nav2_voxel_grid:/home/thomas24/hive_ws2/install/nav2_msgs:/home/thomas24/hive_ws2/install/nav2_common:/opt/ros/jazzy/opt/gz_sim_vendor:/opt/ros/jazzy/opt/gz_sensors_vendor:/opt/ros/jazzy/opt/gz_physics_vendor:/opt/ros/jazzy/opt/sdformat_vendor:/opt/ros/jazzy/opt/gz_gui_vendor:/opt/ros/jazzy/opt/gz_transport_vendor:/opt/ros/jazzy/opt/gz_rendering_vendor:/opt/ros/jazzy/opt/gz_plugin_vendor:/opt/ros/jazzy/opt/gz_fuel_tools_vendor:/opt/ros/jazzy/opt/gz_msgs_vendor:/opt/ros/jazzy/opt/gz_common_vendor:/opt/ros/jazzy/opt/gz_math_vendor:/opt/ros/jazzy/opt/gz_utils_vendor:/opt/ros/jazzy/opt/gz_tools_vendor:/opt/ros/jazzy/opt/gz_ogre_next_vendor:/opt/ros/jazzy/opt/gz_dartsim_vendor:/opt/ros/jazzy/opt/gz_cmake_vendor:/opt/ros/jazzy DEBUGINFOD_URLS=https://debuginfod.ubuntu.com LD_LIBRARY_PATH=/home/thomas24/hive_ws2/install/nav2_map_server/lib:/home/thomas24/hive_ws2/install/nav2_lifecycle_manager/lib:/home/thomas24/hive_ws2/install/nav2_util/lib:/home/thomas24/hive_ws2/install/nav2_voxel_grid/lib:/home/thomas24/hive_ws2/install/nav2_msgs/lib:${LD_LIBRARY_PATH} PYTHONPATH=/home/thomas24/hive_ws2/install/nav2_msgs/lib/python3.12/site-packages:/home/thomas24/hive_ws2/install/nav2_common/lib/python3.12/site-packages:${PYTHONPATH} /usr/bin/cmake --build /home/thomas24/hive_ws2/build/nav2_costmap_2d -- -j16 -l16
[327.868s] Invoking command in '/home/thomas24/hive_ws2/build/nav2_costmap_2d': AMENT_PREFIX_PATH=/home/thomas24/hive_ws2/install/nav2_map_server:/home/thomas24/hive_ws2/install/nav2_lifecycle_manager:/home/thomas24/hive_ws2/install/nav2_util:/home/thomas24/hive_ws2/install/nav2_ros_common:/home/thomas24/hive_ws2/install/nav2_voxel_grid:/home/thomas24/hive_ws2/install/nav2_msgs:/home/thomas24/hive_ws2/install/nav2_common:${AMENT_PREFIX_PATH} CMAKE_PREFIX_PATH=/home/thomas24/hive_ws2/install/nav2_map_server:/home/thomas24/hive_ws2/install/nav2_lifecycle_manager:/home/thomas24/hive_ws2/install/nav2_util:/home/thomas24/hive_ws2/install/nav2_ros_common:/home/thomas24/hive_ws2/install/nav2_voxel_grid:/home/thomas24/hive_ws2/install/nav2_msgs:/home/thomas24/hive_ws2/install/nav2_common:/opt/ros/jazzy/opt/gz_sim_vendor:/opt/ros/jazzy/opt/gz_sensors_vendor:/opt/ros/jazzy/opt/gz_physics_vendor:/opt/ros/jazzy/opt/sdformat_vendor:/opt/ros/jazzy/opt/gz_gui_vendor:/opt/ros/jazzy/opt/gz_transport_vendor:/opt/ros/jazzy/opt/gz_rendering_vendor:/opt/ros/jazzy/opt/gz_plugin_vendor:/opt/ros/jazzy/opt/gz_fuel_tools_vendor:/opt/ros/jazzy/opt/gz_msgs_vendor:/opt/ros/jazzy/opt/gz_common_vendor:/opt/ros/jazzy/opt/gz_math_vendor:/opt/ros/jazzy/opt/gz_utils_vendor:/opt/ros/jazzy/opt/gz_tools_vendor:/opt/ros/jazzy/opt/gz_ogre_next_vendor:/opt/ros/jazzy/opt/gz_dartsim_vendor:/opt/ros/jazzy/opt/gz_cmake_vendor:/opt/ros/jazzy DEBUGINFOD_URLS=https://debuginfod.ubuntu.com LD_LIBRARY_PATH=/home/thomas24/hive_ws2/install/nav2_map_server/lib:/home/thomas24/hive_ws2/install/nav2_lifecycle_manager/lib:/home/thomas24/hive_ws2/install/nav2_util/lib:/home/thomas24/hive_ws2/install/nav2_voxel_grid/lib:/home/thomas24/hive_ws2/install/nav2_msgs/lib:${LD_LIBRARY_PATH} PYTHONPATH=/home/thomas24/hive_ws2/install/nav2_msgs/lib/python3.12/site-packages:/home/thomas24/hive_ws2/install/nav2_common/lib/python3.12/site-packages:${PYTHONPATH} /usr/bin/cmake --install /home/thomas24/hive_ws2/build/nav2_costmap_2d
[327.878s] -- Install configuration: "Release"
[327.878s] -- Installing: /home/thomas24/hive_ws2/install/nav2_costmap_2d/lib/liblayers.so
[327.883s] -- Set non-toolchain portion of runtime path of "/home/thomas24/hive_ws2/install/nav2_costmap_2d/lib/liblayers.so" to ""
[327.883s] -- Installing: /home/thomas24/hive_ws2/install/nav2_costmap_2d/lib/libfilters.so
[327.886s] -- Set non-toolchain portion of runtime path of "/home/thomas24/hive_ws2/install/nav2_costmap_2d/lib/libfilters.so" to ""
[327.886s] -- Installing: /home/thomas24/hive_ws2/install/nav2_costmap_2d/lib/libnav2_costmap_2d_core.so
[327.890s] -- Set non-toolchain portion of runtime path of "/home/thomas24/hive_ws2/install/nav2_costmap_2d/lib/libnav2_costmap_2d_core.so" to ""
[327.890s] -- Installing: /home/thomas24/hive_ws2/install/nav2_costmap_2d/lib/libnav2_costmap_2d_client.so
[327.890s] -- Set non-toolchain portion of runtime path of "/home/thomas24/hive_ws2/install/nav2_costmap_2d/lib/libnav2_costmap_2d_client.so" to ""
[327.890s] -- Installing: /home/thomas24/hive_ws2/install/nav2_costmap_2d/lib/nav2_costmap_2d/nav2_costmap_2d_markers
[327.892s] -- Set non-toolchain portion of runtime path of "/home/thomas24/hive_ws2/install/nav2_costmap_2d/lib/nav2_costmap_2d/nav2_costmap_2d_markers" to ""
[327.892s] -- Installing: /home/thomas24/hive_ws2/install/nav2_costmap_2d/lib/nav2_costmap_2d/nav2_costmap_2d_cloud
[327.893s] -- Set non-toolchain portion of runtime path of "/home/thomas24/hive_ws2/install/nav2_costmap_2d/lib/nav2_costmap_2d/nav2_costmap_2d_cloud" to ""
[327.893s] -- Installing: /home/thomas24/hive_ws2/install/nav2_costmap_2d/lib/nav2_costmap_2d/nav2_costmap_2d
[327.894s] -- Set non-toolchain portion of runtime path of "/home/thomas24/hive_ws2/install/nav2_costmap_2d/lib/nav2_costmap_2d/nav2_costmap_2d" to ""
[327.894s] -- Installing: /home/thomas24/hive_ws2/install/nav2_costmap_2d/share/nav2_costmap_2d/costmap_plugins.xml
[327.894s] -- Installing: /home/thomas24/hive_ws2/install/nav2_costmap_2d/include/nav2_costmap_2d
[327.894s] -- Installing: /home/thomas24/hive_ws2/install/nav2_costmap_2d/include/nav2_costmap_2d/nav2_costmap_2d
[327.894s] -- Installing: /home/thomas24/hive_ws2/install/nav2_costmap_2d/include/nav2_costmap_2d/nav2_costmap_2d/layer.hpp
[327.894s] -- Installing: /home/thomas24/hive_ws2/install/nav2_costmap_2d/include/nav2_costmap_2d/nav2_costmap_2d/obstacle_layer.hpp
[327.895s] -- Installing: /home/thomas24/hive_ws2/install/nav2_costmap_2d/include/nav2_costmap_2d/nav2_costmap_2d/observation.hpp
[327.895s] -- Installing: /home/thomas24/hive_ws2/install/nav2_costmap_2d/include/nav2_costmap_2d/nav2_costmap_2d/costmap_topic_collision_checker.hpp
[327.895s] -- Installing: /home/thomas24/hive_ws2/install/nav2_costmap_2d/include/nav2_costmap_2d/nav2_costmap_2d/costmap_subscriber.hpp
[327.895s] -- Installing: /home/thomas24/hive_ws2/install/nav2_costmap_2d/include/nav2_costmap_2d/nav2_costmap_2d/footprint_collision_checker.hpp
[327.895s] -- Installing: /home/thomas24/hive_ws2/install/nav2_costmap_2d/include/nav2_costmap_2d/nav2_costmap_2d/voxel_layer.hpp
[327.895s] -- Installing: /home/thomas24/hive_ws2/install/nav2_costmap_2d/include/nav2_costmap_2d/nav2_costmap_2d/exceptions.hpp
[327.896s] -- Installing: /home/thomas24/hive_ws2/install/nav2_costmap_2d/include/nav2_costmap_2d/nav2_costmap_2d/plugin_container_layer.hpp
[327.896s] -- Installing: /home/thomas24/hive_ws2/install/nav2_costmap_2d/include/nav2_costmap_2d/nav2_costmap_2d/costmap_filters
[327.896s] -- Installing: /home/thomas24/hive_ws2/install/nav2_costmap_2d/include/nav2_costmap_2d/nav2_costmap_2d/costmap_filters/filter_values.hpp
[327.896s] -- Installing: /home/thomas24/hive_ws2/install/nav2_costmap_2d/include/nav2_costmap_2d/nav2_costmap_2d/costmap_filters/costmap_filter.hpp
[327.896s] -- Installing: /home/thomas24/hive_ws2/install/nav2_costmap_2d/include/nav2_costmap_2d/nav2_costmap_2d/costmap_filters/speed_filter.hpp
[327.896s] -- Installing: /home/thomas24/hive_ws2/install/nav2_costmap_2d/include/nav2_costmap_2d/nav2_costmap_2d/costmap_filters/binary_filter.hpp
[327.896s] -- Installing: /home/thomas24/hive_ws2/install/nav2_costmap_2d/include/nav2_costmap_2d/nav2_costmap_2d/costmap_filters/keepout_filter.hpp
[327.896s] -- Installing: /home/thomas24/hive_ws2/install/nav2_costmap_2d/include/nav2_costmap_2d/nav2_costmap_2d/footprint_subscriber.hpp
[327.896s] -- Installing: /home/thomas24/hive_ws2/install/nav2_costmap_2d/include/nav2_costmap_2d/nav2_costmap_2d/static_layer.hpp
[327.896s] -- Installing: /home/thomas24/hive_ws2/install/nav2_costmap_2d/include/nav2_costmap_2d/nav2_costmap_2d/clear_costmap_service.hpp
[327.896s] -- Installing: /home/thomas24/hive_ws2/install/nav2_costmap_2d/include/nav2_costmap_2d/nav2_costmap_2d/layered_costmap.hpp
[327.896s] -- Installing: /home/thomas24/hive_ws2/install/nav2_costmap_2d/include/nav2_costmap_2d/nav2_costmap_2d/observation_buffer.hpp
[327.896s] -- Installing: /home/thomas24/hive_ws2/install/nav2_costmap_2d/include/nav2_costmap_2d/nav2_costmap_2d/cost_values.hpp
[327.897s] -- Installing: /home/thomas24/hive_ws2/install/nav2_costmap_2d/include/nav2_costmap_2d/nav2_costmap_2d/costmap_2d.hpp
[327.897s] -- Installing: /home/thomas24/hive_ws2/install/nav2_costmap_2d/include/nav2_costmap_2d/nav2_costmap_2d/footprint.hpp
[327.897s] -- Installing: /home/thomas24/hive_ws2/install/nav2_costmap_2d/include/nav2_costmap_2d/nav2_costmap_2d/costmap_math.hpp
[327.897s] -- Installing: /home/thomas24/hive_ws2/install/nav2_costmap_2d/include/nav2_costmap_2d/nav2_costmap_2d/inflation_layer.hpp
[327.897s] -- Installing: /home/thomas24/hive_ws2/install/nav2_costmap_2d/include/nav2_costmap_2d/nav2_costmap_2d/costmap_layer.hpp
[327.897s] -- Installing: /home/thomas24/hive_ws2/install/nav2_costmap_2d/include/nav2_costmap_2d/nav2_costmap_2d/costmap_2d_ros.hpp
[327.897s] -- Installing: /home/thomas24/hive_ws2/install/nav2_costmap_2d/include/nav2_costmap_2d/nav2_costmap_2d/denoise_layer.hpp
[327.897s] -- Installing: /home/thomas24/hive_ws2/install/nav2_costmap_2d/include/nav2_costmap_2d/nav2_costmap_2d/denoise
[327.898s] -- Installing: /home/thomas24/hive_ws2/install/nav2_costmap_2d/include/nav2_costmap_2d/nav2_costmap_2d/denoise/image.hpp
[327.898s] -- Installing: /home/thomas24/hive_ws2/install/nav2_costmap_2d/include/nav2_costmap_2d/nav2_costmap_2d/denoise/image_processing.hpp
[327.898s] -- Installing: /home/thomas24/hive_ws2/install/nav2_costmap_2d/include/nav2_costmap_2d/nav2_costmap_2d/range_sensor_layer.hpp
[327.898s] -- Installing: /home/thomas24/hive_ws2/install/nav2_costmap_2d/include/nav2_costmap_2d/nav2_costmap_2d/costmap_2d_publisher.hpp
[327.898s] -- Installing: /home/thomas24/hive_ws2/install/nav2_costmap_2d/share/nav2_costmap_2d/test/regression/order_layer.xml
[327.898s] -- Installing: /home/thomas24/hive_ws2/install/nav2_costmap_2d/share/nav2_costmap_2d/environment/library_path.sh
[327.898s] -- Installing: /home/thomas24/hive_ws2/install/nav2_costmap_2d/share/nav2_costmap_2d/environment/library_path.dsv
[327.899s] -- Up-to-date: /home/thomas24/hive_ws2/install/nav2_costmap_2d/share/nav2_costmap_2d/costmap_plugins.xml
[327.899s] -- Installing: /home/thomas24/hive_ws2/install/nav2_costmap_2d/share/ament_index/resource_index/package_run_dependencies/nav2_costmap_2d
[327.899s] -- Installing: /home/thomas24/hive_ws2/install/nav2_costmap_2d/share/ament_index/resource_index/parent_prefix_path/nav2_costmap_2d
[327.899s] -- Installing: /home/thomas24/hive_ws2/install/nav2_costmap_2d/share/nav2_costmap_2d/environment/ament_prefix_path.sh
[327.899s] -- Installing: /home/thomas24/hive_ws2/install/nav2_costmap_2d/share/nav2_costmap_2d/environment/ament_prefix_path.dsv
[327.899s] -- Installing: /home/thomas24/hive_ws2/install/nav2_costmap_2d/share/nav2_costmap_2d/environment/path.sh
[327.899s] -- Installing: /home/thomas24/hive_ws2/install/nav2_costmap_2d/share/nav2_costmap_2d/environment/path.dsv
[327.899s] -- Installing: /home/thomas24/hive_ws2/install/nav2_costmap_2d/share/nav2_costmap_2d/local_setup.bash
[327.900s] -- Installing: /home/thomas24/hive_ws2/install/nav2_costmap_2d/share/nav2_costmap_2d/local_setup.sh
[327.900s] -- Installing: /home/thomas24/hive_ws2/install/nav2_costmap_2d/share/nav2_costmap_2d/local_setup.zsh
[327.900s] -- Installing: /home/thomas24/hive_ws2/install/nav2_costmap_2d/share/nav2_costmap_2d/local_setup.dsv
[327.900s] -- Installing: /home/thomas24/hive_ws2/install/nav2_costmap_2d/share/nav2_costmap_2d/package.dsv
[327.900s] -- Installing: /home/thomas24/hive_ws2/install/nav2_costmap_2d/share/ament_index/resource_index/packages/nav2_costmap_2d
[327.900s] -- Installing: /home/thomas24/hive_ws2/install/nav2_costmap_2d/share/ament_index/resource_index/nav2_costmap_2d__pluginlib__plugin/nav2_costmap_2d
[327.900s] -- Installing: /home/thomas24/hive_ws2/install/nav2_costmap_2d/share/nav2_costmap_2d/cmake/export_nav2_costmap_2dExport.cmake
[327.900s] -- Installing: /home/thomas24/hive_ws2/install/nav2_costmap_2d/share/nav2_costmap_2d/cmake/export_nav2_costmap_2dExport-release.cmake
[327.900s] -- Installing: /home/thomas24/hive_ws2/install/nav2_costmap_2d/share/nav2_costmap_2d/cmake/ament_cmake_export_include_directories-extras.cmake
[327.900s] -- Installing: /home/thomas24/hive_ws2/install/nav2_costmap_2d/share/nav2_costmap_2d/cmake/ament_cmake_export_libraries-extras.cmake
[327.901s] -- Installing: /home/thomas24/hive_ws2/install/nav2_costmap_2d/share/nav2_costmap_2d/cmake/ament_cmake_export_targets-extras.cmake
[327.901s] -- Installing: /home/thomas24/hive_ws2/install/nav2_costmap_2d/share/nav2_costmap_2d/cmake/ament_cmake_export_dependencies-extras.cmake
[327.901s] -- Installing: /home/thomas24/hive_ws2/install/nav2_costmap_2d/share/nav2_costmap_2d/cmake/nav2_costmap_2dConfig.cmake
[327.901s] -- Installing: /home/thomas24/hive_ws2/install/nav2_costmap_2d/share/nav2_costmap_2d/cmake/nav2_costmap_2dConfig-version.cmake
[327.901s] -- Installing: /home/thomas24/hive_ws2/install/nav2_costmap_2d/share/nav2_costmap_2d/package.xml
[327.902s] -- Installing: /home/thomas24/hive_ws2/install/nav2_costmap_2d/lib/liborder_layer.so
[327.902s] -- Set non-toolchain portion of runtime path of "/home/thomas24/hive_ws2/install/nav2_costmap_2d/lib/liborder_layer.so" to ""
[327.904s] Invoked command in '/home/thomas24/hive_ws2/build/nav2_costmap_2d' returned '0': AMENT_PREFIX_PATH=/home/thomas24/hive_ws2/install/nav2_map_server:/home/thomas24/hive_ws2/install/nav2_lifecycle_manager:/home/thomas24/hive_ws2/install/nav2_util:/home/thomas24/hive_ws2/install/nav2_ros_common:/home/thomas24/hive_ws2/install/nav2_voxel_grid:/home/thomas24/hive_ws2/install/nav2_msgs:/home/thomas24/hive_ws2/install/nav2_common:${AMENT_PREFIX_PATH} CMAKE_PREFIX_PATH=/home/thomas24/hive_ws2/install/nav2_map_server:/home/thomas24/hive_ws2/install/nav2_lifecycle_manager:/home/thomas24/hive_ws2/install/nav2_util:/home/thomas24/hive_ws2/install/nav2_ros_common:/home/thomas24/hive_ws2/install/nav2_voxel_grid:/home/thomas24/hive_ws2/install/nav2_msgs:/home/thomas24/hive_ws2/install/nav2_common:/opt/ros/jazzy/opt/gz_sim_vendor:/opt/ros/jazzy/opt/gz_sensors_vendor:/opt/ros/jazzy/opt/gz_physics_vendor:/opt/ros/jazzy/opt/sdformat_vendor:/opt/ros/jazzy/opt/gz_gui_vendor:/opt/ros/jazzy/opt/gz_transport_vendor:/opt/ros/jazzy/opt/gz_rendering_vendor:/opt/ros/jazzy/opt/gz_plugin_vendor:/opt/ros/jazzy/opt/gz_fuel_tools_vendor:/opt/ros/jazzy/opt/gz_msgs_vendor:/opt/ros/jazzy/opt/gz_common_vendor:/opt/ros/jazzy/opt/gz_math_vendor:/opt/ros/jazzy/opt/gz_utils_vendor:/opt/ros/jazzy/opt/gz_tools_vendor:/opt/ros/jazzy/opt/gz_ogre_next_vendor:/opt/ros/jazzy/opt/gz_dartsim_vendor:/opt/ros/jazzy/opt/gz_cmake_vendor:/opt/ros/jazzy DEBUGINFOD_URLS=https://debuginfod.ubuntu.com LD_LIBRARY_PATH=/home/thomas24/hive_ws2/install/nav2_map_server/lib:/home/thomas24/hive_ws2/install/nav2_lifecycle_manager/lib:/home/thomas24/hive_ws2/install/nav2_util/lib:/home/thomas24/hive_ws2/install/nav2_voxel_grid/lib:/home/thomas24/hive_ws2/install/nav2_msgs/lib:${LD_LIBRARY_PATH} PYTHONPATH=/home/thomas24/hive_ws2/install/nav2_msgs/lib/python3.12/site-packages:/home/thomas24/hive_ws2/install/nav2_common/lib/python3.12/site-packages:${PYTHONPATH} /usr/bin/cmake --install /home/thomas24/hive_ws2/build/nav2_costmap_2d
