[0.044s] Invoking command in '/home/thomas24/hive_ws2/build/opennav_docking': AMENT_PREFIX_PATH=/home/thomas24/hive_ws2/install/nav2_graceful_controller:/home/thomas24/hive_ws2/install/nav2_controller:/home/thomas24/hive_ws2/install/nav2_core:/home/thomas24/hive_ws2/install/nav2_costmap_2d:/home/thomas24/hive_ws2/install/nav2_map_server:/home/thomas24/hive_ws2/install/nav2_lifecycle_manager:/home/thomas24/hive_ws2/install/nav2_behavior_tree:/home/thomas24/hive_ws2/install/opennav_docking_core:/home/thomas24/hive_ws2/install/nav2_util:/home/thomas24/hive_ws2/install/nav2_ros_common:/home/thomas24/hive_ws2/install/nav2_voxel_grid:/home/thomas24/hive_ws2/install/nav2_msgs:/home/thomas24/hive_ws2/install/nav2_common:${AMENT_PREFIX_PATH} CMAKE_PREFIX_PATH=/home/thomas24/hive_ws2/install/nav2_graceful_controller:/home/thomas24/hive_ws2/install/nav2_controller:/home/thomas24/hive_ws2/install/nav2_core:/home/thomas24/hive_ws2/install/nav2_costmap_2d:/home/thomas24/hive_ws2/install/nav2_map_server:/home/thomas24/hive_ws2/install/nav2_lifecycle_manager:/home/thomas24/hive_ws2/install/nav2_behavior_tree:/home/thomas24/hive_ws2/install/opennav_docking_core:/home/thomas24/hive_ws2/install/nav2_util:/home/thomas24/hive_ws2/install/nav2_ros_common:/home/thomas24/hive_ws2/install/nav2_voxel_grid:/home/thomas24/hive_ws2/install/nav2_msgs:/home/thomas24/hive_ws2/install/nav2_common:/home/thomas24/hiveverse_ws/install/hive_simulation:/home/thomas24/hiveverse_ws/install/hive_robot_description:/opt/ros/jazzy/opt/gz_sim_vendor:/opt/ros/jazzy/opt/gz_sensors_vendor:/opt/ros/jazzy/opt/gz_physics_vendor:/opt/ros/jazzy/opt/sdformat_vendor:/opt/ros/jazzy/opt/gz_gui_vendor:/opt/ros/jazzy/opt/gz_transport_vendor:/opt/ros/jazzy/opt/gz_rendering_vendor:/opt/ros/jazzy/opt/gz_plugin_vendor:/opt/ros/jazzy/opt/gz_fuel_tools_vendor:/opt/ros/jazzy/opt/gz_msgs_vendor:/opt/ros/jazzy/opt/gz_common_vendor:/opt/ros/jazzy/opt/gz_math_vendor:/opt/ros/jazzy/opt/gz_utils_vendor:/opt/ros/jazzy/opt/gz_tools_vendor:/opt/ros/jazzy/opt/gz_ogre_next_vendor:/opt/ros/jazzy/opt/gz_dartsim_vendor:/opt/ros/jazzy/opt/gz_cmake_vendor:/home/thomas24/hiveverse_ws/install/hive_tools:/home/thomas24/hiveverse_ws/install/hive_bringup:/opt/ros/jazzy DEBUGINFOD_URLS=https://debuginfod.ubuntu.com LD_LIBRARY_PATH=/home/thomas24/hive_ws2/install/nav2_graceful_controller/lib:/home/thomas24/hive_ws2/install/nav2_controller/lib:/home/thomas24/hive_ws2/install/nav2_costmap_2d/lib:/home/thomas24/hive_ws2/install/nav2_map_server/lib:/home/thomas24/hive_ws2/install/nav2_lifecycle_manager/lib:/home/thomas24/hive_ws2/install/nav2_behavior_tree/lib:/home/thomas24/hive_ws2/install/nav2_util/lib:/home/thomas24/hive_ws2/install/nav2_voxel_grid/lib:/home/thomas24/hive_ws2/install/nav2_msgs/lib:${LD_LIBRARY_PATH} PYTHONPATH=/home/thomas24/hive_ws2/install/nav2_msgs/lib/python3.12/site-packages:/home/thomas24/hive_ws2/install/nav2_common/lib/python3.12/site-packages:${PYTHONPATH} /usr/bin/cmake --build /home/thomas24/hive_ws2/build/opennav_docking -- -j16 -l16
[0.123s] [  5%] Built target gtest
[0.124s] [ 11%] Built target gtest_main
[0.130s] [ 16%] Built target test_dock
[0.131s] [ 22%] Built target controller
[0.138s] [ 27%] Built target pose_filter
[0.180s] [ 38%] Built target opennav_docking_core
[0.180s] [ 44%] Built target simple_non_charging_dock
[0.182s] [ 50%] Built target simple_charging_dock
[0.182s] [ 55%] Built target test_pose_filter
[0.220s] [ 69%] Built target test_controller
[0.220s] [ 69%] Built target test_docking_server_unit
[0.221s] [ 72%] Built target test_navigator
[0.221s] [ 77%] Built target test_simple_non_charging_dock
[0.223s] [ 83%] Built target opennav_docking
[0.225s] [ 88%] Built target test_utils
[0.236s] [ 94%] Built target test_dock_database
[0.258s] [100%] Built target test_simple_charging_dock
[0.278s] Invoked command in '/home/thomas24/hive_ws2/build/opennav_docking' returned '0': AMENT_PREFIX_PATH=/home/thomas24/hive_ws2/install/nav2_graceful_controller:/home/thomas24/hive_ws2/install/nav2_controller:/home/thomas24/hive_ws2/install/nav2_core:/home/thomas24/hive_ws2/install/nav2_costmap_2d:/home/thomas24/hive_ws2/install/nav2_map_server:/home/thomas24/hive_ws2/install/nav2_lifecycle_manager:/home/thomas24/hive_ws2/install/nav2_behavior_tree:/home/thomas24/hive_ws2/install/opennav_docking_core:/home/thomas24/hive_ws2/install/nav2_util:/home/thomas24/hive_ws2/install/nav2_ros_common:/home/thomas24/hive_ws2/install/nav2_voxel_grid:/home/thomas24/hive_ws2/install/nav2_msgs:/home/thomas24/hive_ws2/install/nav2_common:${AMENT_PREFIX_PATH} CMAKE_PREFIX_PATH=/home/thomas24/hive_ws2/install/nav2_graceful_controller:/home/thomas24/hive_ws2/install/nav2_controller:/home/thomas24/hive_ws2/install/nav2_core:/home/thomas24/hive_ws2/install/nav2_costmap_2d:/home/thomas24/hive_ws2/install/nav2_map_server:/home/thomas24/hive_ws2/install/nav2_lifecycle_manager:/home/thomas24/hive_ws2/install/nav2_behavior_tree:/home/thomas24/hive_ws2/install/opennav_docking_core:/home/thomas24/hive_ws2/install/nav2_util:/home/thomas24/hive_ws2/install/nav2_ros_common:/home/thomas24/hive_ws2/install/nav2_voxel_grid:/home/thomas24/hive_ws2/install/nav2_msgs:/home/thomas24/hive_ws2/install/nav2_common:/home/thomas24/hiveverse_ws/install/hive_simulation:/home/thomas24/hiveverse_ws/install/hive_robot_description:/opt/ros/jazzy/opt/gz_sim_vendor:/opt/ros/jazzy/opt/gz_sensors_vendor:/opt/ros/jazzy/opt/gz_physics_vendor:/opt/ros/jazzy/opt/sdformat_vendor:/opt/ros/jazzy/opt/gz_gui_vendor:/opt/ros/jazzy/opt/gz_transport_vendor:/opt/ros/jazzy/opt/gz_rendering_vendor:/opt/ros/jazzy/opt/gz_plugin_vendor:/opt/ros/jazzy/opt/gz_fuel_tools_vendor:/opt/ros/jazzy/opt/gz_msgs_vendor:/opt/ros/jazzy/opt/gz_common_vendor:/opt/ros/jazzy/opt/gz_math_vendor:/opt/ros/jazzy/opt/gz_utils_vendor:/opt/ros/jazzy/opt/gz_tools_vendor:/opt/ros/jazzy/opt/gz_ogre_next_vendor:/opt/ros/jazzy/opt/gz_dartsim_vendor:/opt/ros/jazzy/opt/gz_cmake_vendor:/home/thomas24/hiveverse_ws/install/hive_tools:/home/thomas24/hiveverse_ws/install/hive_bringup:/opt/ros/jazzy DEBUGINFOD_URLS=https://debuginfod.ubuntu.com LD_LIBRARY_PATH=/home/thomas24/hive_ws2/install/nav2_graceful_controller/lib:/home/thomas24/hive_ws2/install/nav2_controller/lib:/home/thomas24/hive_ws2/install/nav2_costmap_2d/lib:/home/thomas24/hive_ws2/install/nav2_map_server/lib:/home/thomas24/hive_ws2/install/nav2_lifecycle_manager/lib:/home/thomas24/hive_ws2/install/nav2_behavior_tree/lib:/home/thomas24/hive_ws2/install/nav2_util/lib:/home/thomas24/hive_ws2/install/nav2_voxel_grid/lib:/home/thomas24/hive_ws2/install/nav2_msgs/lib:${LD_LIBRARY_PATH} PYTHONPATH=/home/thomas24/hive_ws2/install/nav2_msgs/lib/python3.12/site-packages:/home/thomas24/hive_ws2/install/nav2_common/lib/python3.12/site-packages:${PYTHONPATH} /usr/bin/cmake --build /home/thomas24/hive_ws2/build/opennav_docking -- -j16 -l16
[0.279s] Invoking command in '/home/thomas24/hive_ws2/build/opennav_docking': AMENT_PREFIX_PATH=/home/thomas24/hive_ws2/install/nav2_graceful_controller:/home/thomas24/hive_ws2/install/nav2_controller:/home/thomas24/hive_ws2/install/nav2_core:/home/thomas24/hive_ws2/install/nav2_costmap_2d:/home/thomas24/hive_ws2/install/nav2_map_server:/home/thomas24/hive_ws2/install/nav2_lifecycle_manager:/home/thomas24/hive_ws2/install/nav2_behavior_tree:/home/thomas24/hive_ws2/install/opennav_docking_core:/home/thomas24/hive_ws2/install/nav2_util:/home/thomas24/hive_ws2/install/nav2_ros_common:/home/thomas24/hive_ws2/install/nav2_voxel_grid:/home/thomas24/hive_ws2/install/nav2_msgs:/home/thomas24/hive_ws2/install/nav2_common:${AMENT_PREFIX_PATH} CMAKE_PREFIX_PATH=/home/thomas24/hive_ws2/install/nav2_graceful_controller:/home/thomas24/hive_ws2/install/nav2_controller:/home/thomas24/hive_ws2/install/nav2_core:/home/thomas24/hive_ws2/install/nav2_costmap_2d:/home/thomas24/hive_ws2/install/nav2_map_server:/home/thomas24/hive_ws2/install/nav2_lifecycle_manager:/home/thomas24/hive_ws2/install/nav2_behavior_tree:/home/thomas24/hive_ws2/install/opennav_docking_core:/home/thomas24/hive_ws2/install/nav2_util:/home/thomas24/hive_ws2/install/nav2_ros_common:/home/thomas24/hive_ws2/install/nav2_voxel_grid:/home/thomas24/hive_ws2/install/nav2_msgs:/home/thomas24/hive_ws2/install/nav2_common:/home/thomas24/hiveverse_ws/install/hive_simulation:/home/thomas24/hiveverse_ws/install/hive_robot_description:/opt/ros/jazzy/opt/gz_sim_vendor:/opt/ros/jazzy/opt/gz_sensors_vendor:/opt/ros/jazzy/opt/gz_physics_vendor:/opt/ros/jazzy/opt/sdformat_vendor:/opt/ros/jazzy/opt/gz_gui_vendor:/opt/ros/jazzy/opt/gz_transport_vendor:/opt/ros/jazzy/opt/gz_rendering_vendor:/opt/ros/jazzy/opt/gz_plugin_vendor:/opt/ros/jazzy/opt/gz_fuel_tools_vendor:/opt/ros/jazzy/opt/gz_msgs_vendor:/opt/ros/jazzy/opt/gz_common_vendor:/opt/ros/jazzy/opt/gz_math_vendor:/opt/ros/jazzy/opt/gz_utils_vendor:/opt/ros/jazzy/opt/gz_tools_vendor:/opt/ros/jazzy/opt/gz_ogre_next_vendor:/opt/ros/jazzy/opt/gz_dartsim_vendor:/opt/ros/jazzy/opt/gz_cmake_vendor:/home/thomas24/hiveverse_ws/install/hive_tools:/home/thomas24/hiveverse_ws/install/hive_bringup:/opt/ros/jazzy DEBUGINFOD_URLS=https://debuginfod.ubuntu.com LD_LIBRARY_PATH=/home/thomas24/hive_ws2/install/nav2_graceful_controller/lib:/home/thomas24/hive_ws2/install/nav2_controller/lib:/home/thomas24/hive_ws2/install/nav2_costmap_2d/lib:/home/thomas24/hive_ws2/install/nav2_map_server/lib:/home/thomas24/hive_ws2/install/nav2_lifecycle_manager/lib:/home/thomas24/hive_ws2/install/nav2_behavior_tree/lib:/home/thomas24/hive_ws2/install/nav2_util/lib:/home/thomas24/hive_ws2/install/nav2_voxel_grid/lib:/home/thomas24/hive_ws2/install/nav2_msgs/lib:${LD_LIBRARY_PATH} PYTHONPATH=/home/thomas24/hive_ws2/install/nav2_msgs/lib/python3.12/site-packages:/home/thomas24/hive_ws2/install/nav2_common/lib/python3.12/site-packages:${PYTHONPATH} /usr/bin/cmake --install /home/thomas24/hive_ws2/build/opennav_docking
[0.292s] -- Install configuration: "Release"
[0.292s] -- Execute custom install script
[0.292s] -- Up-to-date symlink: /home/thomas24/hive_ws2/install/opennav_docking/share/opennav_docking//plugins.xml
[0.292s] -- Up-to-date symlink: /home/thomas24/hive_ws2/install/opennav_docking/lib/opennav_docking/opennav_docking
[0.292s] -- Up-to-date symlink: /home/thomas24/hive_ws2/install/opennav_docking/include/opennav_docking/opennav_docking/controller.hpp
[0.292s] -- Up-to-date symlink: /home/thomas24/hive_ws2/install/opennav_docking/include/opennav_docking/opennav_docking/dock_database.hpp
[0.292s] -- Up-to-date symlink: /home/thomas24/hive_ws2/install/opennav_docking/include/opennav_docking/opennav_docking/docking_server.hpp
[0.292s] -- Up-to-date symlink: /home/thomas24/hive_ws2/install/opennav_docking/include/opennav_docking/opennav_docking/navigator.hpp
[0.292s] -- Up-to-date symlink: /home/thomas24/hive_ws2/install/opennav_docking/include/opennav_docking/opennav_docking/pose_filter.hpp
[0.293s] -- Up-to-date symlink: /home/thomas24/hive_ws2/install/opennav_docking/include/opennav_docking/opennav_docking/simple_charging_dock.hpp
[0.293s] -- Up-to-date symlink: /home/thomas24/hive_ws2/install/opennav_docking/include/opennav_docking/opennav_docking/simple_non_charging_dock.hpp
[0.293s] -- Up-to-date symlink: /home/thomas24/hive_ws2/install/opennav_docking/include/opennav_docking/opennav_docking/types.hpp
[0.293s] -- Up-to-date symlink: /home/thomas24/hive_ws2/install/opennav_docking/include/opennav_docking/opennav_docking/utils.hpp
[0.293s] -- Up-to-date symlink: /home/thomas24/hive_ws2/install/opennav_docking/share/opennav_docking//dock_files/test_dock_bad_conversion_file.yaml
[0.293s] -- Up-to-date symlink: /home/thomas24/hive_ws2/install/opennav_docking/share/opennav_docking//dock_files/test_dock_bad_pose_file.yaml
[0.293s] -- Up-to-date symlink: /home/thomas24/hive_ws2/install/opennav_docking/share/opennav_docking//dock_files/test_dock_file.yaml
[0.293s] -- Up-to-date symlink: /home/thomas24/hive_ws2/install/opennav_docking/share/opennav_docking//dock_files/test_dock_no_pose_file.yaml
[0.294s] -- Up-to-date symlink: /home/thomas24/hive_ws2/install/opennav_docking/share/opennav_docking//dock_files/test_dock_no_type_file.yaml
[0.294s] -- Up-to-date symlink: /home/thomas24/hive_ws2/install/opennav_docking/share/opennav_docking//dock_files/test_no_docks_file.yaml
[0.294s] -- Up-to-date symlink: /home/thomas24/hive_ws2/install/opennav_docking/lib/libtest_dock.so
[0.294s] -- Up-to-date symlink: /home/thomas24/hive_ws2/install/opennav_docking/share/opennav_docking/environment/library_path.sh
[0.295s] -- Symlinking: /home/thomas24/hive_ws2/install/opennav_docking/share/opennav_docking/environment/library_path.dsv
[0.307s] -- Up-to-date symlink: /home/thomas24/hive_ws2/install/opennav_docking/share/opennav_docking/environment/library_path.sh
[0.307s] -- Symlinking: /home/thomas24/hive_ws2/install/opennav_docking/share/opennav_docking/environment/library_path.dsv
[0.322s] -- Up-to-date symlink: /home/thomas24/hive_ws2/install/opennav_docking/share/ament_index/resource_index/package_run_dependencies/opennav_docking
[0.322s] -- Up-to-date symlink: /home/thomas24/hive_ws2/install/opennav_docking/share/ament_index/resource_index/parent_prefix_path/opennav_docking
[0.322s] -- Up-to-date symlink: /home/thomas24/hive_ws2/install/opennav_docking/share/opennav_docking/environment/ament_prefix_path.sh
[0.322s] -- Up-to-date symlink: /home/thomas24/hive_ws2/install/opennav_docking/share/opennav_docking/environment/ament_prefix_path.dsv
[0.323s] -- Up-to-date symlink: /home/thomas24/hive_ws2/install/opennav_docking/share/opennav_docking/environment/path.sh
[0.323s] -- Up-to-date symlink: /home/thomas24/hive_ws2/install/opennav_docking/share/opennav_docking/environment/path.dsv
[0.323s] -- Up-to-date symlink: /home/thomas24/hive_ws2/install/opennav_docking/share/opennav_docking/local_setup.bash
[0.323s] -- Up-to-date symlink: /home/thomas24/hive_ws2/install/opennav_docking/share/opennav_docking/local_setup.sh
[0.323s] -- Up-to-date symlink: /home/thomas24/hive_ws2/install/opennav_docking/share/opennav_docking/local_setup.zsh
[0.323s] -- Up-to-date symlink: /home/thomas24/hive_ws2/install/opennav_docking/share/opennav_docking/local_setup.dsv
[0.324s] -- Symlinking: /home/thomas24/hive_ws2/install/opennav_docking/share/opennav_docking/package.dsv
[0.337s] -- Up-to-date symlink: /home/thomas24/hive_ws2/install/opennav_docking/share/ament_index/resource_index/packages/opennav_docking
[0.337s] -- Up-to-date symlink: /home/thomas24/hive_ws2/install/opennav_docking/share/ament_index/resource_index/opennav_docking_core__pluginlib__plugin/opennav_docking
[0.337s] -- Up-to-date symlink: /home/thomas24/hive_ws2/install/opennav_docking/share/ament_index/resource_index/rclcpp_components/opennav_docking
[0.337s] -- Up-to-date symlink: /home/thomas24/hive_ws2/install/opennav_docking/share/opennav_docking/cmake/ament_cmake_export_include_directories-extras.cmake
[0.337s] -- Up-to-date symlink: /home/thomas24/hive_ws2/install/opennav_docking/share/opennav_docking/cmake/ament_cmake_export_libraries-extras.cmake
[0.337s] -- Up-to-date symlink: /home/thomas24/hive_ws2/install/opennav_docking/share/opennav_docking/cmake/ament_cmake_export_dependencies-extras.cmake
[0.337s] -- Up-to-date symlink: /home/thomas24/hive_ws2/install/opennav_docking/share/opennav_docking/cmake/ament_cmake_export_targets-extras.cmake
[0.337s] -- Up-to-date symlink: /home/thomas24/hive_ws2/install/opennav_docking/share/opennav_docking/cmake/opennav_dockingConfig.cmake
[0.337s] -- Up-to-date symlink: /home/thomas24/hive_ws2/install/opennav_docking/share/opennav_docking/cmake/opennav_dockingConfig-version.cmake
[0.338s] -- Up-to-date symlink: /home/thomas24/hive_ws2/install/opennav_docking/share/opennav_docking/package.xml
[0.338s] -- Up-to-date: /home/thomas24/hive_ws2/install/opennav_docking/lib/libopennav_docking_core.so
[0.338s] -- Up-to-date: /home/thomas24/hive_ws2/install/opennav_docking/lib/libcontroller.so
[0.338s] -- Up-to-date: /home/thomas24/hive_ws2/install/opennav_docking/lib/libpose_filter.so
[0.339s] -- Up-to-date: /home/thomas24/hive_ws2/install/opennav_docking/lib/libsimple_charging_dock.so
[0.339s] -- Up-to-date: /home/thomas24/hive_ws2/install/opennav_docking/lib/libsimple_non_charging_dock.so
[0.339s] -- Up-to-date: /home/thomas24/hive_ws2/install/opennav_docking/share/opennav_docking/cmake/opennav_dockingExport.cmake
[0.339s] -- Up-to-date: /home/thomas24/hive_ws2/install/opennav_docking/share/opennav_docking/cmake/opennav_dockingExport-release.cmake
[0.342s] Invoked command in '/home/thomas24/hive_ws2/build/opennav_docking' returned '0': AMENT_PREFIX_PATH=/home/thomas24/hive_ws2/install/nav2_graceful_controller:/home/thomas24/hive_ws2/install/nav2_controller:/home/thomas24/hive_ws2/install/nav2_core:/home/thomas24/hive_ws2/install/nav2_costmap_2d:/home/thomas24/hive_ws2/install/nav2_map_server:/home/thomas24/hive_ws2/install/nav2_lifecycle_manager:/home/thomas24/hive_ws2/install/nav2_behavior_tree:/home/thomas24/hive_ws2/install/opennav_docking_core:/home/thomas24/hive_ws2/install/nav2_util:/home/thomas24/hive_ws2/install/nav2_ros_common:/home/thomas24/hive_ws2/install/nav2_voxel_grid:/home/thomas24/hive_ws2/install/nav2_msgs:/home/thomas24/hive_ws2/install/nav2_common:${AMENT_PREFIX_PATH} CMAKE_PREFIX_PATH=/home/thomas24/hive_ws2/install/nav2_graceful_controller:/home/thomas24/hive_ws2/install/nav2_controller:/home/thomas24/hive_ws2/install/nav2_core:/home/thomas24/hive_ws2/install/nav2_costmap_2d:/home/thomas24/hive_ws2/install/nav2_map_server:/home/thomas24/hive_ws2/install/nav2_lifecycle_manager:/home/thomas24/hive_ws2/install/nav2_behavior_tree:/home/thomas24/hive_ws2/install/opennav_docking_core:/home/thomas24/hive_ws2/install/nav2_util:/home/thomas24/hive_ws2/install/nav2_ros_common:/home/thomas24/hive_ws2/install/nav2_voxel_grid:/home/thomas24/hive_ws2/install/nav2_msgs:/home/thomas24/hive_ws2/install/nav2_common:/home/thomas24/hiveverse_ws/install/hive_simulation:/home/thomas24/hiveverse_ws/install/hive_robot_description:/opt/ros/jazzy/opt/gz_sim_vendor:/opt/ros/jazzy/opt/gz_sensors_vendor:/opt/ros/jazzy/opt/gz_physics_vendor:/opt/ros/jazzy/opt/sdformat_vendor:/opt/ros/jazzy/opt/gz_gui_vendor:/opt/ros/jazzy/opt/gz_transport_vendor:/opt/ros/jazzy/opt/gz_rendering_vendor:/opt/ros/jazzy/opt/gz_plugin_vendor:/opt/ros/jazzy/opt/gz_fuel_tools_vendor:/opt/ros/jazzy/opt/gz_msgs_vendor:/opt/ros/jazzy/opt/gz_common_vendor:/opt/ros/jazzy/opt/gz_math_vendor:/opt/ros/jazzy/opt/gz_utils_vendor:/opt/ros/jazzy/opt/gz_tools_vendor:/opt/ros/jazzy/opt/gz_ogre_next_vendor:/opt/ros/jazzy/opt/gz_dartsim_vendor:/opt/ros/jazzy/opt/gz_cmake_vendor:/home/thomas24/hiveverse_ws/install/hive_tools:/home/thomas24/hiveverse_ws/install/hive_bringup:/opt/ros/jazzy DEBUGINFOD_URLS=https://debuginfod.ubuntu.com LD_LIBRARY_PATH=/home/thomas24/hive_ws2/install/nav2_graceful_controller/lib:/home/thomas24/hive_ws2/install/nav2_controller/lib:/home/thomas24/hive_ws2/install/nav2_costmap_2d/lib:/home/thomas24/hive_ws2/install/nav2_map_server/lib:/home/thomas24/hive_ws2/install/nav2_lifecycle_manager/lib:/home/thomas24/hive_ws2/install/nav2_behavior_tree/lib:/home/thomas24/hive_ws2/install/nav2_util/lib:/home/thomas24/hive_ws2/install/nav2_voxel_grid/lib:/home/thomas24/hive_ws2/install/nav2_msgs/lib:${LD_LIBRARY_PATH} PYTHONPATH=/home/thomas24/hive_ws2/install/nav2_msgs/lib/python3.12/site-packages:/home/thomas24/hive_ws2/install/nav2_common/lib/python3.12/site-packages:${PYTHONPATH} /usr/bin/cmake --install /home/thomas24/hive_ws2/build/opennav_docking
