[0.098s] Invoking command in '/home/thomas24/hive_ws2/build/nav2_controller': AMENT_PREFIX_PATH=/home/thomas24/hive_ws2/install/nav2_core:/home/thomas24/hive_ws2/install/nav2_costmap_2d:/home/thomas24/hive_ws2/install/nav2_map_server:/home/thomas24/hive_ws2/install/nav2_lifecycle_manager:/home/thomas24/hive_ws2/install/nav2_behavior_tree:/home/thomas24/hive_ws2/install/nav2_util:/home/thomas24/hive_ws2/install/nav2_ros_common:/home/thomas24/hive_ws2/install/nav2_voxel_grid:/home/thomas24/hive_ws2/install/nav2_msgs:/home/thomas24/hive_ws2/install/nav2_common:${AMENT_PREFIX_PATH} CMAKE_PREFIX_PATH=/home/thomas24/hive_ws2/install/nav2_core:/home/thomas24/hive_ws2/install/nav2_costmap_2d:/home/thomas24/hive_ws2/install/nav2_map_server:/home/thomas24/hive_ws2/install/nav2_lifecycle_manager:/home/thomas24/hive_ws2/install/nav2_behavior_tree:/home/thomas24/hive_ws2/install/nav2_util:/home/thomas24/hive_ws2/install/nav2_ros_common:/home/thomas24/hive_ws2/install/nav2_voxel_grid:/home/thomas24/hive_ws2/install/nav2_msgs:/home/thomas24/hive_ws2/install/nav2_common:/home/thomas24/hiveverse_ws/install/hive_simulation:/home/thomas24/hiveverse_ws/install/hive_robot_description:/opt/ros/jazzy/opt/gz_sim_vendor:/opt/ros/jazzy/opt/gz_sensors_vendor:/opt/ros/jazzy/opt/gz_physics_vendor:/opt/ros/jazzy/opt/sdformat_vendor:/opt/ros/jazzy/opt/gz_gui_vendor:/opt/ros/jazzy/opt/gz_transport_vendor:/opt/ros/jazzy/opt/gz_rendering_vendor:/opt/ros/jazzy/opt/gz_plugin_vendor:/opt/ros/jazzy/opt/gz_fuel_tools_vendor:/opt/ros/jazzy/opt/gz_msgs_vendor:/opt/ros/jazzy/opt/gz_common_vendor:/opt/ros/jazzy/opt/gz_math_vendor:/opt/ros/jazzy/opt/gz_utils_vendor:/opt/ros/jazzy/opt/gz_tools_vendor:/opt/ros/jazzy/opt/gz_ogre_next_vendor:/opt/ros/jazzy/opt/gz_dartsim_vendor:/opt/ros/jazzy/opt/gz_cmake_vendor:/home/thomas24/hiveverse_ws/install/hive_tools:/home/thomas24/hiveverse_ws/install/hive_bringup:/opt/ros/jazzy DEBUGINFOD_URLS=https://debuginfod.ubuntu.com LD_LIBRARY_PATH=/home/thomas24/hive_ws2/install/nav2_costmap_2d/lib:/home/thomas24/hive_ws2/install/nav2_map_server/lib:/home/thomas24/hive_ws2/install/nav2_lifecycle_manager/lib:/home/thomas24/hive_ws2/install/nav2_behavior_tree/lib:/home/thomas24/hive_ws2/install/nav2_util/lib:/home/thomas24/hive_ws2/install/nav2_voxel_grid/lib:/home/thomas24/hive_ws2/install/nav2_msgs/lib:${LD_LIBRARY_PATH} PYTHONPATH=/home/thomas24/hive_ws2/install/nav2_msgs/lib/python3.12/site-packages:/home/thomas24/hive_ws2/install/nav2_common/lib/python3.12/site-packages:${PYTHONPATH} /usr/bin/cmake --build /home/thomas24/hive_ws2/build/nav2_controller -- -j16 -l16
[0.200s] [  8%] Built target simple_goal_checker
[0.227s] [ 16%] Built target gtest_main
[0.238s] [ 25%] Built target gtest
[0.246s] [ 33%] Built target controller_server_core
[0.248s] [ 41%] Built target simple_progress_checker
[0.298s] [ 50%] Built target position_goal_checker
[0.298s] [ 58%] Built target stopped_goal_checker
[0.332s] [ 66%] Built target controller_server
[0.386s] [ 75%] Built target gctest
[0.454s] [ 83%] Built target test_dynamic_parameters
[0.462s] [ 91%] Built target pose_progress_checker
[0.563s] [100%] Built target pctest
[0.706s] Invoked command in '/home/thomas24/hive_ws2/build/nav2_controller' returned '0': AMENT_PREFIX_PATH=/home/thomas24/hive_ws2/install/nav2_core:/home/thomas24/hive_ws2/install/nav2_costmap_2d:/home/thomas24/hive_ws2/install/nav2_map_server:/home/thomas24/hive_ws2/install/nav2_lifecycle_manager:/home/thomas24/hive_ws2/install/nav2_behavior_tree:/home/thomas24/hive_ws2/install/nav2_util:/home/thomas24/hive_ws2/install/nav2_ros_common:/home/thomas24/hive_ws2/install/nav2_voxel_grid:/home/thomas24/hive_ws2/install/nav2_msgs:/home/thomas24/hive_ws2/install/nav2_common:${AMENT_PREFIX_PATH} CMAKE_PREFIX_PATH=/home/thomas24/hive_ws2/install/nav2_core:/home/thomas24/hive_ws2/install/nav2_costmap_2d:/home/thomas24/hive_ws2/install/nav2_map_server:/home/thomas24/hive_ws2/install/nav2_lifecycle_manager:/home/thomas24/hive_ws2/install/nav2_behavior_tree:/home/thomas24/hive_ws2/install/nav2_util:/home/thomas24/hive_ws2/install/nav2_ros_common:/home/thomas24/hive_ws2/install/nav2_voxel_grid:/home/thomas24/hive_ws2/install/nav2_msgs:/home/thomas24/hive_ws2/install/nav2_common:/home/thomas24/hiveverse_ws/install/hive_simulation:/home/thomas24/hiveverse_ws/install/hive_robot_description:/opt/ros/jazzy/opt/gz_sim_vendor:/opt/ros/jazzy/opt/gz_sensors_vendor:/opt/ros/jazzy/opt/gz_physics_vendor:/opt/ros/jazzy/opt/sdformat_vendor:/opt/ros/jazzy/opt/gz_gui_vendor:/opt/ros/jazzy/opt/gz_transport_vendor:/opt/ros/jazzy/opt/gz_rendering_vendor:/opt/ros/jazzy/opt/gz_plugin_vendor:/opt/ros/jazzy/opt/gz_fuel_tools_vendor:/opt/ros/jazzy/opt/gz_msgs_vendor:/opt/ros/jazzy/opt/gz_common_vendor:/opt/ros/jazzy/opt/gz_math_vendor:/opt/ros/jazzy/opt/gz_utils_vendor:/opt/ros/jazzy/opt/gz_tools_vendor:/opt/ros/jazzy/opt/gz_ogre_next_vendor:/opt/ros/jazzy/opt/gz_dartsim_vendor:/opt/ros/jazzy/opt/gz_cmake_vendor:/home/thomas24/hiveverse_ws/install/hive_tools:/home/thomas24/hiveverse_ws/install/hive_bringup:/opt/ros/jazzy DEBUGINFOD_URLS=https://debuginfod.ubuntu.com LD_LIBRARY_PATH=/home/thomas24/hive_ws2/install/nav2_costmap_2d/lib:/home/thomas24/hive_ws2/install/nav2_map_server/lib:/home/thomas24/hive_ws2/install/nav2_lifecycle_manager/lib:/home/thomas24/hive_ws2/install/nav2_behavior_tree/lib:/home/thomas24/hive_ws2/install/nav2_util/lib:/home/thomas24/hive_ws2/install/nav2_voxel_grid/lib:/home/thomas24/hive_ws2/install/nav2_msgs/lib:${LD_LIBRARY_PATH} PYTHONPATH=/home/thomas24/hive_ws2/install/nav2_msgs/lib/python3.12/site-packages:/home/thomas24/hive_ws2/install/nav2_common/lib/python3.12/site-packages:${PYTHONPATH} /usr/bin/cmake --build /home/thomas24/hive_ws2/build/nav2_controller -- -j16 -l16
[0.707s] Invoking command in '/home/thomas24/hive_ws2/build/nav2_controller': AMENT_PREFIX_PATH=/home/thomas24/hive_ws2/install/nav2_core:/home/thomas24/hive_ws2/install/nav2_costmap_2d:/home/thomas24/hive_ws2/install/nav2_map_server:/home/thomas24/hive_ws2/install/nav2_lifecycle_manager:/home/thomas24/hive_ws2/install/nav2_behavior_tree:/home/thomas24/hive_ws2/install/nav2_util:/home/thomas24/hive_ws2/install/nav2_ros_common:/home/thomas24/hive_ws2/install/nav2_voxel_grid:/home/thomas24/hive_ws2/install/nav2_msgs:/home/thomas24/hive_ws2/install/nav2_common:${AMENT_PREFIX_PATH} CMAKE_PREFIX_PATH=/home/thomas24/hive_ws2/install/nav2_core:/home/thomas24/hive_ws2/install/nav2_costmap_2d:/home/thomas24/hive_ws2/install/nav2_map_server:/home/thomas24/hive_ws2/install/nav2_lifecycle_manager:/home/thomas24/hive_ws2/install/nav2_behavior_tree:/home/thomas24/hive_ws2/install/nav2_util:/home/thomas24/hive_ws2/install/nav2_ros_common:/home/thomas24/hive_ws2/install/nav2_voxel_grid:/home/thomas24/hive_ws2/install/nav2_msgs:/home/thomas24/hive_ws2/install/nav2_common:/home/thomas24/hiveverse_ws/install/hive_simulation:/home/thomas24/hiveverse_ws/install/hive_robot_description:/opt/ros/jazzy/opt/gz_sim_vendor:/opt/ros/jazzy/opt/gz_sensors_vendor:/opt/ros/jazzy/opt/gz_physics_vendor:/opt/ros/jazzy/opt/sdformat_vendor:/opt/ros/jazzy/opt/gz_gui_vendor:/opt/ros/jazzy/opt/gz_transport_vendor:/opt/ros/jazzy/opt/gz_rendering_vendor:/opt/ros/jazzy/opt/gz_plugin_vendor:/opt/ros/jazzy/opt/gz_fuel_tools_vendor:/opt/ros/jazzy/opt/gz_msgs_vendor:/opt/ros/jazzy/opt/gz_common_vendor:/opt/ros/jazzy/opt/gz_math_vendor:/opt/ros/jazzy/opt/gz_utils_vendor:/opt/ros/jazzy/opt/gz_tools_vendor:/opt/ros/jazzy/opt/gz_ogre_next_vendor:/opt/ros/jazzy/opt/gz_dartsim_vendor:/opt/ros/jazzy/opt/gz_cmake_vendor:/home/thomas24/hiveverse_ws/install/hive_tools:/home/thomas24/hiveverse_ws/install/hive_bringup:/opt/ros/jazzy DEBUGINFOD_URLS=https://debuginfod.ubuntu.com LD_LIBRARY_PATH=/home/thomas24/hive_ws2/install/nav2_costmap_2d/lib:/home/thomas24/hive_ws2/install/nav2_map_server/lib:/home/thomas24/hive_ws2/install/nav2_lifecycle_manager/lib:/home/thomas24/hive_ws2/install/nav2_behavior_tree/lib:/home/thomas24/hive_ws2/install/nav2_util/lib:/home/thomas24/hive_ws2/install/nav2_voxel_grid/lib:/home/thomas24/hive_ws2/install/nav2_msgs/lib:${LD_LIBRARY_PATH} PYTHONPATH=/home/thomas24/hive_ws2/install/nav2_msgs/lib/python3.12/site-packages:/home/thomas24/hive_ws2/install/nav2_common/lib/python3.12/site-packages:${PYTHONPATH} /usr/bin/cmake --install /home/thomas24/hive_ws2/build/nav2_controller
[0.776s] -- Install configuration: "Release"
[0.776s] -- Execute custom install script
[0.776s] -- Up-to-date symlink: /home/thomas24/hive_ws2/install/nav2_controller/lib/nav2_controller/controller_server
[0.776s] -- Up-to-date symlink: /home/thomas24/hive_ws2/install/nav2_controller/include/nav2_controller/nav2_controller/controller_server.hpp
[0.776s] -- Up-to-date symlink: /home/thomas24/hive_ws2/install/nav2_controller/include/nav2_controller/nav2_controller/plugins/pose_progress_checker.hpp
[0.776s] -- Up-to-date symlink: /home/thomas24/hive_ws2/install/nav2_controller/include/nav2_controller/nav2_controller/plugins/position_goal_checker.hpp
[0.776s] -- Up-to-date symlink: /home/thomas24/hive_ws2/install/nav2_controller/include/nav2_controller/nav2_controller/plugins/simple_goal_checker.hpp
[0.776s] -- Up-to-date symlink: /home/thomas24/hive_ws2/install/nav2_controller/include/nav2_controller/nav2_controller/plugins/simple_progress_checker.hpp
[0.776s] -- Up-to-date symlink: /home/thomas24/hive_ws2/install/nav2_controller/include/nav2_controller/nav2_controller/plugins/stopped_goal_checker.hpp
[0.777s] -- Up-to-date symlink: /home/thomas24/hive_ws2/install/nav2_controller/share/nav2_controller/environment/library_path.sh
[0.777s] -- Up-to-date symlink: /home/thomas24/hive_ws2/install/nav2_controller/share/nav2_controller/environment/library_path.dsv
[0.777s] -- Up-to-date symlink: /home/thomas24/hive_ws2/install/nav2_controller/share/nav2_controller//plugins.xml
[0.777s] -- Up-to-date symlink: /home/thomas24/hive_ws2/install/nav2_controller/share/ament_index/resource_index/package_run_dependencies/nav2_controller
[0.777s] -- Up-to-date symlink: /home/thomas24/hive_ws2/install/nav2_controller/share/ament_index/resource_index/parent_prefix_path/nav2_controller
[0.777s] -- Up-to-date symlink: /home/thomas24/hive_ws2/install/nav2_controller/share/nav2_controller/environment/ament_prefix_path.sh
[0.777s] -- Up-to-date symlink: /home/thomas24/hive_ws2/install/nav2_controller/share/nav2_controller/environment/ament_prefix_path.dsv
[0.777s] -- Up-to-date symlink: /home/thomas24/hive_ws2/install/nav2_controller/share/nav2_controller/environment/path.sh
[0.777s] -- Up-to-date symlink: /home/thomas24/hive_ws2/install/nav2_controller/share/nav2_controller/environment/path.dsv
[0.777s] -- Up-to-date symlink: /home/thomas24/hive_ws2/install/nav2_controller/share/nav2_controller/local_setup.bash
[0.777s] -- Up-to-date symlink: /home/thomas24/hive_ws2/install/nav2_controller/share/nav2_controller/local_setup.sh
[0.777s] -- Up-to-date symlink: /home/thomas24/hive_ws2/install/nav2_controller/share/nav2_controller/local_setup.zsh
[0.777s] -- Up-to-date symlink: /home/thomas24/hive_ws2/install/nav2_controller/share/nav2_controller/local_setup.dsv
[0.777s] -- Symlinking: /home/thomas24/hive_ws2/install/nav2_controller/share/nav2_controller/package.dsv
[0.778s] -- Up-to-date symlink: /home/thomas24/hive_ws2/install/nav2_controller/share/ament_index/resource_index/packages/nav2_controller
[0.778s] -- Up-to-date symlink: /home/thomas24/hive_ws2/install/nav2_controller/share/ament_index/resource_index/nav2_core__pluginlib__plugin/nav2_controller
[0.778s] -- Up-to-date symlink: /home/thomas24/hive_ws2/install/nav2_controller/share/ament_index/resource_index/rclcpp_components/nav2_controller
[0.778s] -- Up-to-date symlink: /home/thomas24/hive_ws2/install/nav2_controller/share/nav2_controller/cmake/ament_cmake_export_include_directories-extras.cmake
[0.778s] -- Up-to-date symlink: /home/thomas24/hive_ws2/install/nav2_controller/share/nav2_controller/cmake/ament_cmake_export_libraries-extras.cmake
[0.778s] -- Up-to-date symlink: /home/thomas24/hive_ws2/install/nav2_controller/share/nav2_controller/cmake/ament_cmake_export_dependencies-extras.cmake
[0.778s] -- Up-to-date symlink: /home/thomas24/hive_ws2/install/nav2_controller/share/nav2_controller/cmake/ament_cmake_export_targets-extras.cmake
[0.778s] -- Up-to-date symlink: /home/thomas24/hive_ws2/install/nav2_controller/share/nav2_controller/cmake/nav2_controllerConfig.cmake
[0.778s] -- Up-to-date symlink: /home/thomas24/hive_ws2/install/nav2_controller/share/nav2_controller/cmake/nav2_controllerConfig-version.cmake
[0.778s] -- Up-to-date symlink: /home/thomas24/hive_ws2/install/nav2_controller/share/nav2_controller/package.xml
[0.778s] -- Up-to-date: /home/thomas24/hive_ws2/install/nav2_controller/lib/libsimple_progress_checker.so
[0.778s] -- Up-to-date: /home/thomas24/hive_ws2/install/nav2_controller/lib/libposition_goal_checker.so
[0.778s] -- Up-to-date: /home/thomas24/hive_ws2/install/nav2_controller/lib/libpose_progress_checker.so
[0.778s] -- Up-to-date: /home/thomas24/hive_ws2/install/nav2_controller/lib/libsimple_goal_checker.so
[0.778s] -- Up-to-date: /home/thomas24/hive_ws2/install/nav2_controller/lib/libstopped_goal_checker.so
[0.779s] -- Up-to-date: /home/thomas24/hive_ws2/install/nav2_controller/lib/libcontroller_server_core.so
[0.779s] -- Up-to-date: /home/thomas24/hive_ws2/install/nav2_controller/share/nav2_controller/cmake/controller_server_coreExport.cmake
[0.779s] -- Up-to-date: /home/thomas24/hive_ws2/install/nav2_controller/share/nav2_controller/cmake/controller_server_coreExport-release.cmake
[0.921s] Invoked command in '/home/thomas24/hive_ws2/build/nav2_controller' returned '0': AMENT_PREFIX_PATH=/home/thomas24/hive_ws2/install/nav2_core:/home/thomas24/hive_ws2/install/nav2_costmap_2d:/home/thomas24/hive_ws2/install/nav2_map_server:/home/thomas24/hive_ws2/install/nav2_lifecycle_manager:/home/thomas24/hive_ws2/install/nav2_behavior_tree:/home/thomas24/hive_ws2/install/nav2_util:/home/thomas24/hive_ws2/install/nav2_ros_common:/home/thomas24/hive_ws2/install/nav2_voxel_grid:/home/thomas24/hive_ws2/install/nav2_msgs:/home/thomas24/hive_ws2/install/nav2_common:${AMENT_PREFIX_PATH} CMAKE_PREFIX_PATH=/home/thomas24/hive_ws2/install/nav2_core:/home/thomas24/hive_ws2/install/nav2_costmap_2d:/home/thomas24/hive_ws2/install/nav2_map_server:/home/thomas24/hive_ws2/install/nav2_lifecycle_manager:/home/thomas24/hive_ws2/install/nav2_behavior_tree:/home/thomas24/hive_ws2/install/nav2_util:/home/thomas24/hive_ws2/install/nav2_ros_common:/home/thomas24/hive_ws2/install/nav2_voxel_grid:/home/thomas24/hive_ws2/install/nav2_msgs:/home/thomas24/hive_ws2/install/nav2_common:/home/thomas24/hiveverse_ws/install/hive_simulation:/home/thomas24/hiveverse_ws/install/hive_robot_description:/opt/ros/jazzy/opt/gz_sim_vendor:/opt/ros/jazzy/opt/gz_sensors_vendor:/opt/ros/jazzy/opt/gz_physics_vendor:/opt/ros/jazzy/opt/sdformat_vendor:/opt/ros/jazzy/opt/gz_gui_vendor:/opt/ros/jazzy/opt/gz_transport_vendor:/opt/ros/jazzy/opt/gz_rendering_vendor:/opt/ros/jazzy/opt/gz_plugin_vendor:/opt/ros/jazzy/opt/gz_fuel_tools_vendor:/opt/ros/jazzy/opt/gz_msgs_vendor:/opt/ros/jazzy/opt/gz_common_vendor:/opt/ros/jazzy/opt/gz_math_vendor:/opt/ros/jazzy/opt/gz_utils_vendor:/opt/ros/jazzy/opt/gz_tools_vendor:/opt/ros/jazzy/opt/gz_ogre_next_vendor:/opt/ros/jazzy/opt/gz_dartsim_vendor:/opt/ros/jazzy/opt/gz_cmake_vendor:/home/thomas24/hiveverse_ws/install/hive_tools:/home/thomas24/hiveverse_ws/install/hive_bringup:/opt/ros/jazzy DEBUGINFOD_URLS=https://debuginfod.ubuntu.com LD_LIBRARY_PATH=/home/thomas24/hive_ws2/install/nav2_costmap_2d/lib:/home/thomas24/hive_ws2/install/nav2_map_server/lib:/home/thomas24/hive_ws2/install/nav2_lifecycle_manager/lib:/home/thomas24/hive_ws2/install/nav2_behavior_tree/lib:/home/thomas24/hive_ws2/install/nav2_util/lib:/home/thomas24/hive_ws2/install/nav2_voxel_grid/lib:/home/thomas24/hive_ws2/install/nav2_msgs/lib:${LD_LIBRARY_PATH} PYTHONPATH=/home/thomas24/hive_ws2/install/nav2_msgs/lib/python3.12/site-packages:/home/thomas24/hive_ws2/install/nav2_common/lib/python3.12/site-packages:${PYTHONPATH} /usr/bin/cmake --install /home/thomas24/hive_ws2/build/nav2_controller
