[0.009s] Invoking command in '/home/thomas24/hive_ws2/build/nav2_msgs': AMENT_PREFIX_PATH=/home/thomas24/hive_ws2/install/nav2_common:${AMENT_PREFIX_PATH} CMAKE_PREFIX_PATH=/home/thomas24/hive_ws2/install/nav2_common:/home/thomas24/hiveverse_ws/install/hive_simulation:/home/thomas24/hiveverse_ws/install/hive_robot_description:/opt/ros/jazzy/opt/gz_sim_vendor:/opt/ros/jazzy/opt/gz_sensors_vendor:/opt/ros/jazzy/opt/gz_physics_vendor:/opt/ros/jazzy/opt/sdformat_vendor:/opt/ros/jazzy/opt/gz_gui_vendor:/opt/ros/jazzy/opt/gz_transport_vendor:/opt/ros/jazzy/opt/gz_rendering_vendor:/opt/ros/jazzy/opt/gz_plugin_vendor:/opt/ros/jazzy/opt/gz_fuel_tools_vendor:/opt/ros/jazzy/opt/gz_msgs_vendor:/opt/ros/jazzy/opt/gz_common_vendor:/opt/ros/jazzy/opt/gz_math_vendor:/opt/ros/jazzy/opt/gz_utils_vendor:/opt/ros/jazzy/opt/gz_tools_vendor:/opt/ros/jazzy/opt/gz_ogre_next_vendor:/opt/ros/jazzy/opt/gz_dartsim_vendor:/opt/ros/jazzy/opt/gz_cmake_vendor:/home/thomas24/hiveverse_ws/install/hive_tools:/home/thomas24/hiveverse_ws/install/hive_bringup:/opt/ros/jazzy DEBUGINFOD_URLS=https://debuginfod.ubuntu.com PYTHONPATH=/home/thomas24/hive_ws2/install/nav2_common/lib/python3.12/site-packages:${PYTHONPATH} /usr/bin/cmake --build /home/thomas24/hive_ws2/build/nav2_msgs -- -j16 -l16
[0.083s] [  0%] Built target nav2_msgs__rosidl_generator_type_description
[0.090s] [  0%] Built target ament_cmake_python_symlink_nav2_msgs
[0.107s] [  0%] Built target nav2_msgs__cpp
[0.142s] [ 29%] Built target nav2_msgs__rosidl_generator_c
[0.176s] [ 39%] Built target nav2_msgs__rosidl_typesupport_c
[0.185s] [ 49%] Built target nav2_msgs__rosidl_typesupport_introspection_c
[0.187s] [ 59%] Built target nav2_msgs__rosidl_typesupport_cpp
[0.191s] [ 86%] Built target nav2_msgs__rosidl_typesupport_fastrtps_c
[0.191s] [ 89%] Built target nav2_msgs__rosidl_typesupport_fastrtps_cpp
[0.191s] [ 89%] Built target nav2_msgs__rosidl_typesupport_introspection_cpp
[0.208s] [ 89%] Built target nav2_msgs
[0.226s] [ 89%] Built target nav2_msgs__py
[0.252s] running egg_info
[0.265s] [ 99%] Built target nav2_msgs__rosidl_generator_py
[0.265s] writing nav2_msgs.egg-info/PKG-INFO
[0.265s] writing dependency_links to nav2_msgs.egg-info/dependency_links.txt
[0.265s] writing top-level names to nav2_msgs.egg-info/top_level.txt
[0.285s] [100%] Built target nav2_msgs_s__rosidl_typesupport_fastrtps_c
[0.285s] [100%] Built target nav2_msgs_s__rosidl_typesupport_c
[0.285s] [100%] Built target nav2_msgs_s__rosidl_typesupport_introspection_c
[0.305s] reading manifest file 'nav2_msgs.egg-info/SOURCES.txt'
[0.305s] writing manifest file 'nav2_msgs.egg-info/SOURCES.txt'
[0.325s] [100%] Built target ament_cmake_python_build_nav2_msgs_egg
