[0.000000] (-) TimerEvent: {}
[0.000280] (-) JobUnselected: {'identifier': 'costmap_queue'}
[0.000309] (-) JobUnselected: {'identifier': 'dev_route_provider'}
[0.000327] (-) JobUnselected: {'identifier': 'dwb_core'}
[0.000343] (-) JobUnselected: {'identifier': 'dwb_critics'}
[0.000361] (-) JobUnselected: {'identifier': 'dwb_msgs'}
[0.000375] (-) JobUnselected: {'identifier': 'dwb_plugins'}
[0.000392] (-) JobUnselected: {'identifier': 'hive_costmap'}
[0.000405] (-) JobUnselected: {'identifier': 'hive_interface2'}
[0.000423] (-) JobUnselected: {'identifier': 'hive_route_planner'}
[0.000437] (-) JobUnselected: {'identifier': 'nav2_amcl'}
[0.000452] (-) JobUnselected: {'identifier': 'nav2_behavior_tree'}
[0.000468] (-) JobUnselected: {'identifier': 'nav2_behaviors'}
[0.000483] (-) JobUnselected: {'identifier': 'nav2_bringup'}
[0.000501] (-) JobUnselected: {'identifier': 'nav2_bt_navigator'}
[0.000513] (-) JobUnselected: {'identifier': 'nav2_collision_monitor'}
[0.000527] (-) JobUnselected: {'identifier': 'nav2_common'}
[0.000556] (-) JobUnselected: {'identifier': 'nav2_constrained_smoother'}
[0.000571] (-) JobUnselected: {'identifier': 'nav2_controller'}
[0.000589] (-) JobUnselected: {'identifier': 'nav2_core'}
[0.000608] (-) JobUnselected: {'identifier': 'nav2_costmap_2d'}
[0.000622] (-) JobUnselected: {'identifier': 'nav2_dwb_controller'}
[0.000639] (-) JobUnselected: {'identifier': 'nav2_graceful_controller'}
[0.000653] (-) JobUnselected: {'identifier': 'nav2_lifecycle_manager'}
[0.000670] (-) JobUnselected: {'identifier': 'nav2_loopback_sim'}
[0.000685] (-) JobUnselected: {'identifier': 'nav2_map_server'}
[0.000699] (-) JobUnselected: {'identifier': 'nav2_mppi_controller'}
[0.000716] (-) JobUnselected: {'identifier': 'nav2_msgs'}
[0.000730] (-) JobUnselected: {'identifier': 'nav2_navfn_planner'}
[0.000747] (-) JobUnselected: {'identifier': 'nav2_planner'}
[0.000762] (-) JobUnselected: {'identifier': 'nav2_regulated_pure_pursuit_controller'}
[0.000777] (-) JobUnselected: {'identifier': 'nav2_ros_common'}
[0.000794] (-) JobUnselected: {'identifier': 'nav2_rotation_shim_controller'}
[0.000810] (-) JobUnselected: {'identifier': 'nav2_route'}
[0.000823] (-) JobUnselected: {'identifier': 'nav2_rviz_plugins'}
[0.000841] (-) JobUnselected: {'identifier': 'nav2_simple_commander'}
[0.000855] (-) JobUnselected: {'identifier': 'nav2_smac_planner'}
[0.000871] (-) JobUnselected: {'identifier': 'nav2_smoother'}
[0.000886] (-) JobUnselected: {'identifier': 'nav2_system_tests'}
[0.000901] (-) JobUnselected: {'identifier': 'nav2_theta_star_planner'}
[0.000919] (-) JobUnselected: {'identifier': 'nav2_util'}
[0.000932] (-) JobUnselected: {'identifier': 'nav2_velocity_smoother'}
[0.000947] (-) JobUnselected: {'identifier': 'nav2_voxel_grid'}
[0.000962] (-) JobUnselected: {'identifier': 'nav2_waypoint_follower'}
[0.000975] (-) JobUnselected: {'identifier': 'nav_2d_msgs'}
[0.000993] (-) JobUnselected: {'identifier': 'nav_2d_utils'}
[0.001007] (-) JobUnselected: {'identifier': 'navigation2'}
[0.001025] (-) JobUnselected: {'identifier': 'opennav_docking'}
[0.001039] (-) JobUnselected: {'identifier': 'opennav_docking_bt'}
[0.001056] (-) JobUnselected: {'identifier': 'opennav_docking_core'}
[0.001071] (-) JobUnselected: {'identifier': 'vanilla_brain_nav2'}
[0.001230] (-) EventReactorShutdown: {}
