[100%] Built target simple_costmap_node
[100%] Built target gridmap_fusion_plugin
-- Install configuration: ""
-- Execute custom install script
-- Up-to-date symlink: /home/thomas24/hive_ws2/install/hive_costmap/lib/hive_costmap/simple_costmap_node
-- Up-to-date symlink: /home/thomas24/hive_ws2/install/hive_costmap/share/hive_costmap/resource/hive_costmap_plugins.xml
-- Up-to-date symlink: /home/thomas24/hive_ws2/install/hive_costmap/lib/libgridmap_fusion_plugin.so
-- Up-to-date symlink: /home/thomas24/hive_ws2/install/hive_costmap/share/hive_costmap/hive_costmap_plugins.xml
-- Up-to-date symlink: /home/thomas24/hive_ws2/install/hive_costmap/share/hive_costmap/launch/simple_costmap.launch.py
-- Up-to-date symlink: /home/thomas24/hive_ws2/install/hive_costmap/share/ament_index/resource_index/package_run_dependencies/hive_costmap
-- Up-to-date symlink: /home/thomas24/hive_ws2/install/hive_costmap/share/ament_index/resource_index/parent_prefix_path/hive_costmap
-- Up-to-date symlink: /home/thomas24/hive_ws2/install/hive_costmap/share/hive_costmap/environment/ament_prefix_path.sh
-- Up-to-date symlink: /home/thomas24/hive_ws2/install/hive_costmap/share/hive_costmap/environment/ament_prefix_path.dsv
-- Up-to-date symlink: /home/thomas24/hive_ws2/install/hive_costmap/share/hive_costmap/environment/path.sh
-- Up-to-date symlink: /home/thomas24/hive_ws2/install/hive_costmap/share/hive_costmap/environment/path.dsv
-- Up-to-date symlink: /home/thomas24/hive_ws2/install/hive_costmap/share/hive_costmap/local_setup.bash
-- Up-to-date symlink: /home/thomas24/hive_ws2/install/hive_costmap/share/hive_costmap/local_setup.sh
-- Up-to-date symlink: /home/thomas24/hive_ws2/install/hive_costmap/share/hive_costmap/local_setup.zsh
-- Up-to-date symlink: /home/thomas24/hive_ws2/install/hive_costmap/share/hive_costmap/local_setup.dsv
-- Symlinking: /home/thomas24/hive_ws2/install/hive_costmap/share/hive_costmap/package.dsv
-- Up-to-date symlink: /home/thomas24/hive_ws2/install/hive_costmap/share/ament_index/resource_index/packages/hive_costmap
-- Up-to-date symlink: /home/thomas24/hive_ws2/install/hive_costmap/share/ament_index/resource_index/nav2_costmap_2d__pluginlib__plugin/hive_costmap
-- Up-to-date symlink: /home/thomas24/hive_ws2/install/hive_costmap/share/hive_costmap/cmake/hive_costmapConfig.cmake
-- Up-to-date symlink: /home/thomas24/hive_ws2/install/hive_costmap/share/hive_costmap/cmake/hive_costmapConfig-version.cmake
-- Up-to-date symlink: /home/thomas24/hive_ws2/install/hive_costmap/share/hive_costmap/package.xml
