[0.010s] Invoking command in '/home/thomas24/hive_ws2/build/nav2_common': CMAKE_PREFIX_PATH=${CMAKE_PREFIX_PATH}:/opt/ros/jazzy DEBUGINFOD_URLS=https://debuginfod.ubuntu.com /usr/bin/cmake /home/thomas24/hive_ws2/src/navigation2/nav2_common -DCMAKE_INSTALL_PREFIX=/home/thomas24/hive_ws2/install/nav2_common
[0.034s] -- Found ament_cmake_core: 2.5.4 (/opt/ros/jazzy/share/ament_cmake_core/cmake)
[0.183s] -- Found Python3: /usr/bin/python3 (found version "3.12.3") found components: Interpreter 
[0.250s] -- Found ament_cmake_python: 2.5.4 (/opt/ros/jazzy/share/ament_cmake_python/cmake)
[0.425s] -- Configuring done (0.4s)
[0.428s] -- Generating done (0.0s)
[0.429s] -- Build files have been written to: /home/thomas24/hive_ws2/build/nav2_common
[0.432s] Invoked command in '/home/thomas24/hive_ws2/build/nav2_common' returned '0': CMAKE_PREFIX_PATH=${CMAKE_PREFIX_PATH}:/opt/ros/jazzy DEBUGINFOD_URLS=https://debuginfod.ubuntu.com /usr/bin/cmake /home/thomas24/hive_ws2/src/navigation2/nav2_common -DCMAKE_INSTALL_PREFIX=/home/thomas24/hive_ws2/install/nav2_common
[0.433s] Invoking command in '/home/thomas24/hive_ws2/build/nav2_common': CMAKE_PREFIX_PATH=${CMAKE_PREFIX_PATH}:/opt/ros/jazzy DEBUGINFOD_URLS=https://debuginfod.ubuntu.com /usr/bin/cmake --build /home/thomas24/hive_ws2/build/nav2_common -- -j16 -l16
[0.499s] Built target ament_cmake_python_copy_nav2_common
[0.686s] running egg_info
[0.687s] creating nav2_common.egg-info
[0.704s] writing nav2_common.egg-info/PKG-INFO
[0.704s] writing dependency_links to nav2_common.egg-info/dependency_links.txt
[0.704s] writing top-level names to nav2_common.egg-info/top_level.txt
[0.704s] writing manifest file 'nav2_common.egg-info/SOURCES.txt'
[0.756s] reading manifest file 'nav2_common.egg-info/SOURCES.txt'
[0.757s] writing manifest file 'nav2_common.egg-info/SOURCES.txt'
[0.797s] Built target ament_cmake_python_build_nav2_common_egg
[0.812s] Invoked command in '/home/thomas24/hive_ws2/build/nav2_common' returned '0': CMAKE_PREFIX_PATH=${CMAKE_PREFIX_PATH}:/opt/ros/jazzy DEBUGINFOD_URLS=https://debuginfod.ubuntu.com /usr/bin/cmake --build /home/thomas24/hive_ws2/build/nav2_common -- -j16 -l16
[0.826s] Invoking command in '/home/thomas24/hive_ws2/build/nav2_common': CMAKE_PREFIX_PATH=${CMAKE_PREFIX_PATH}:/opt/ros/jazzy DEBUGINFOD_URLS=https://debuginfod.ubuntu.com /usr/bin/cmake --install /home/thomas24/hive_ws2/build/nav2_common
[0.835s] -- Install configuration: ""
[0.835s] -- Installing: /home/thomas24/hive_ws2/install/nav2_common/share/nav2_common/environment/pythonpath.sh
[0.835s] -- Installing: /home/thomas24/hive_ws2/install/nav2_common/share/nav2_common/environment/pythonpath.dsv
[0.835s] -- Installing: /home/thomas24/hive_ws2/install/nav2_common/lib/python3.12/site-packages/nav2_common-1.4.0-py3.12.egg-info
[0.835s] -- Installing: /home/thomas24/hive_ws2/install/nav2_common/lib/python3.12/site-packages/nav2_common-1.4.0-py3.12.egg-info/dependency_links.txt
[0.836s] -- Installing: /home/thomas24/hive_ws2/install/nav2_common/lib/python3.12/site-packages/nav2_common-1.4.0-py3.12.egg-info/SOURCES.txt
[0.836s] -- Installing: /home/thomas24/hive_ws2/install/nav2_common/lib/python3.12/site-packages/nav2_common-1.4.0-py3.12.egg-info/top_level.txt
[0.836s] -- Installing: /home/thomas24/hive_ws2/install/nav2_common/lib/python3.12/site-packages/nav2_common-1.4.0-py3.12.egg-info/PKG-INFO
[0.836s] -- Installing: /home/thomas24/hive_ws2/install/nav2_common/lib/python3.12/site-packages/nav2_common
[0.836s] -- Installing: /home/thomas24/hive_ws2/install/nav2_common/lib/python3.12/site-packages/nav2_common/__init__.py
[0.836s] -- Installing: /home/thomas24/hive_ws2/install/nav2_common/lib/python3.12/site-packages/nav2_common/launch
[0.836s] -- Installing: /home/thomas24/hive_ws2/install/nav2_common/lib/python3.12/site-packages/nav2_common/launch/__init__.py
[0.836s] -- Installing: /home/thomas24/hive_ws2/install/nav2_common/lib/python3.12/site-packages/nav2_common/launch/launch_config_as_bool.py
[0.836s] -- Installing: /home/thomas24/hive_ws2/install/nav2_common/lib/python3.12/site-packages/nav2_common/launch/rewritten_yaml.py
[0.837s] -- Installing: /home/thomas24/hive_ws2/install/nav2_common/lib/python3.12/site-packages/nav2_common/launch/replace_string.py
[0.837s] -- Installing: /home/thomas24/hive_ws2/install/nav2_common/lib/python3.12/site-packages/nav2_common/launch/has_node_params.py
[0.875s] Listing '/home/thomas24/hive_ws2/install/nav2_common/lib/python3.12/site-packages/nav2_common'...
[0.875s] Compiling '/home/thomas24/hive_ws2/install/nav2_common/lib/python3.12/site-packages/nav2_common/__init__.py'...
[0.876s] Listing '/home/thomas24/hive_ws2/install/nav2_common/lib/python3.12/site-packages/nav2_common/launch'...
[0.876s] Compiling '/home/thomas24/hive_ws2/install/nav2_common/lib/python3.12/site-packages/nav2_common/launch/__init__.py'...
[0.876s] Compiling '/home/thomas24/hive_ws2/install/nav2_common/lib/python3.12/site-packages/nav2_common/launch/has_node_params.py'...
[0.876s] Compiling '/home/thomas24/hive_ws2/install/nav2_common/lib/python3.12/site-packages/nav2_common/launch/launch_config_as_bool.py'...
[0.876s] Compiling '/home/thomas24/hive_ws2/install/nav2_common/lib/python3.12/site-packages/nav2_common/launch/replace_string.py'...
[0.876s] Compiling '/home/thomas24/hive_ws2/install/nav2_common/lib/python3.12/site-packages/nav2_common/launch/rewritten_yaml.py'...
[0.883s] -- Installing: /home/thomas24/hive_ws2/install/nav2_common/share/ament_index/resource_index/package_run_dependencies/nav2_common
[0.883s] -- Installing: /home/thomas24/hive_ws2/install/nav2_common/share/ament_index/resource_index/parent_prefix_path/nav2_common
[0.883s] -- Installing: /home/thomas24/hive_ws2/install/nav2_common/share/nav2_common/environment/ament_prefix_path.sh
[0.883s] -- Installing: /home/thomas24/hive_ws2/install/nav2_common/share/nav2_common/environment/ament_prefix_path.dsv
[0.883s] -- Installing: /home/thomas24/hive_ws2/install/nav2_common/share/nav2_common/environment/path.sh
[0.883s] -- Installing: /home/thomas24/hive_ws2/install/nav2_common/share/nav2_common/environment/path.dsv
[0.884s] -- Installing: /home/thomas24/hive_ws2/install/nav2_common/share/nav2_common/local_setup.bash
[0.884s] -- Installing: /home/thomas24/hive_ws2/install/nav2_common/share/nav2_common/local_setup.sh
[0.884s] -- Installing: /home/thomas24/hive_ws2/install/nav2_common/share/nav2_common/local_setup.zsh
[0.884s] -- Installing: /home/thomas24/hive_ws2/install/nav2_common/share/nav2_common/local_setup.dsv
[0.884s] -- Installing: /home/thomas24/hive_ws2/install/nav2_common/share/nav2_common/package.dsv
[0.884s] -- Installing: /home/thomas24/hive_ws2/install/nav2_common/share/ament_index/resource_index/packages/nav2_common
[0.884s] -- Installing: /home/thomas24/hive_ws2/install/nav2_common/share/nav2_common/cmake/nav2_common-extras.cmake
[0.884s] -- Installing: /home/thomas24/hive_ws2/install/nav2_common/share/nav2_common/cmake/nav2_commonConfig.cmake
[0.884s] -- Installing: /home/thomas24/hive_ws2/install/nav2_common/share/nav2_common/cmake/nav2_commonConfig-version.cmake
[0.885s] -- Installing: /home/thomas24/hive_ws2/install/nav2_common/share/nav2_common/package.xml
[0.885s] -- Up-to-date: /home/thomas24/hive_ws2/install/nav2_common/share/nav2_common/cmake
[0.885s] -- Installing: /home/thomas24/hive_ws2/install/nav2_common/share/nav2_common/cmake/nav2_package.cmake
[0.885s] -- Installing: /home/thomas24/hive_ws2/install/nav2_common/share/nav2_common/test
[0.885s] -- Installing: /home/thomas24/hive_ws2/install/nav2_common/share/nav2_common/test/test_launch_config_as_bool.py
[0.885s] -- Installing: /home/thomas24/hive_ws2/install/nav2_common/share/nav2_common/test/test_rewritten_yaml.py
[0.889s] Invoked command in '/home/thomas24/hive_ws2/build/nav2_common' returned '0': CMAKE_PREFIX_PATH=${CMAKE_PREFIX_PATH}:/opt/ros/jazzy DEBUGINFOD_URLS=https://debuginfod.ubuntu.com /usr/bin/cmake --install /home/thomas24/hive_ws2/build/nav2_common
