-- Found ament_cmake: 2.5.4 (/opt/ros/jazzy/share/ament_cmake/cmake)
-- Override CMake install command with custom implementation using symlinks instead of copying resources
-- Found angles: 1.16.0 (/opt/ros/jazzy/share/angles/cmake)
-- Found costmap_queue: 1.4.0 (/home/thomas24/hive_ws2/install/costmap_queue/share/costmap_queue/cmake)
-- Found rosidl_generator_c: 4.6.6 (/opt/ros/jazzy/share/rosidl_generator_c/cmake)
-- Found rosidl_generator_cpp: 4.6.6 (/opt/ros/jazzy/share/rosidl_generator_cpp/cmake)
-- Using all available rosidl_typesupport_c: rosidl_typesupport_fastrtps_c;rosidl_typesupport_introspection_c
-- Using all available rosidl_typesupport_cpp: rosidl_typesupport_fastrtps_cpp;rosidl_typesupport_introspection_cpp
-- Found rmw_implementation_cmake: 7.3.2 (/opt/ros/jazzy/share/rmw_implementation_cmake/cmake)
-- Found rmw_fastrtps_cpp: 8.4.3 (/opt/ros/jazzy/share/rmw_fastrtps_cpp/cmake)
-- Using RMW implementation 'rmw_fastrtps_cpp' as default
-- Found eigen3_cmake_module: 0.3.0 (/opt/ros/jazzy/share/eigen3_cmake_module/cmake)
-- Ensuring Eigen3 include directory is part of orocos-kdl CMake target
-- Found dwb_core: 1.4.0 (/home/thomas24/hive_ws2/install/dwb_core/share/dwb_core/cmake)
-- Found ament_lint_auto: 0.17.3 (/opt/ros/jazzy/share/ament_lint_auto/cmake)
-- Found gtest sources under '/opt/ros/jazzy/src/gtest_vendor': C++ tests using 'Google Test' will be built
-- Added test 'cppcheck' to perform static code analysis on C / C++ code
-- Configured cppcheck include dirs: $<BUILD_INTERFACE:/home/thomas24/hive_ws2/src/navigation2/nav2_dwb_controller/dwb_critics/include>
-- Configured cppcheck exclude dirs and/or files: 
-- Added test 'cpplint' to check C / C++ code against the Google style
-- Configured cpplint exclude dirs and/or files: 
-- Added test 'lint_cmake' to check CMake code style
-- Added test 'uncrustify' to check C / C++ code style
-- Configured uncrustify additional arguments: 
-- Added test 'xmllint' to check XML markup files
-- Configuring done (1.5s)
-- Generating done (0.1s)
-- Build files have been written to: /home/thomas24/hive_ws2/build/dwb_critics
[  7%] Built target gtest
[ 14%] Built target gtest_main
[ 62%] Built target dwb_critics
[ 70%] Built target obstacle_footprint_tests
[ 77%] Built target base_obstacle_tests
[ 85%] Built target prefer_forward_tests
[ 92%] Built target twirling_tests
[100%] Built target alignment_util_tests
-- Install configuration: "Release"
-- Execute custom install script
-- Up-to-date symlink: /home/thomas24/hive_ws2/install/dwb_critics/include/dwb_critics/dwb_critics/alignment_util.hpp
-- Up-to-date symlink: /home/thomas24/hive_ws2/install/dwb_critics/include/dwb_critics/dwb_critics/base_obstacle.hpp
-- Up-to-date symlink: /home/thomas24/hive_ws2/install/dwb_critics/include/dwb_critics/dwb_critics/goal_align.hpp
-- Up-to-date symlink: /home/thomas24/hive_ws2/install/dwb_critics/include/dwb_critics/dwb_critics/goal_dist.hpp
-- Up-to-date symlink: /home/thomas24/hive_ws2/install/dwb_critics/include/dwb_critics/dwb_critics/line_iterator.hpp
-- Up-to-date symlink: /home/thomas24/hive_ws2/install/dwb_critics/include/dwb_critics/dwb_critics/map_grid.hpp
-- Up-to-date symlink: /home/thomas24/hive_ws2/install/dwb_critics/include/dwb_critics/dwb_critics/obstacle_footprint.hpp
-- Up-to-date symlink: /home/thomas24/hive_ws2/install/dwb_critics/include/dwb_critics/dwb_critics/oscillation.hpp
-- Up-to-date symlink: /home/thomas24/hive_ws2/install/dwb_critics/include/dwb_critics/dwb_critics/path_align.hpp
-- Up-to-date symlink: /home/thomas24/hive_ws2/install/dwb_critics/include/dwb_critics/dwb_critics/path_dist.hpp
-- Up-to-date symlink: /home/thomas24/hive_ws2/install/dwb_critics/include/dwb_critics/dwb_critics/prefer_forward.hpp
-- Up-to-date symlink: /home/thomas24/hive_ws2/install/dwb_critics/include/dwb_critics/dwb_critics/rotate_to_goal.hpp
-- Up-to-date symlink: /home/thomas24/hive_ws2/install/dwb_critics/include/dwb_critics/dwb_critics/twirling.hpp
-- Up-to-date symlink: /home/thomas24/hive_ws2/install/dwb_critics/share/dwb_critics/default_critics.xml
-- Up-to-date symlink: /home/thomas24/hive_ws2/install/dwb_critics/share/dwb_critics/environment/library_path.sh
-- Up-to-date symlink: /home/thomas24/hive_ws2/install/dwb_critics/share/dwb_critics/environment/library_path.dsv
-- Up-to-date symlink: /home/thomas24/hive_ws2/install/dwb_critics/share/dwb_critics//default_critics.xml
-- Up-to-date symlink: /home/thomas24/hive_ws2/install/dwb_critics/share/ament_index/resource_index/package_run_dependencies/dwb_critics
-- Up-to-date symlink: /home/thomas24/hive_ws2/install/dwb_critics/share/ament_index/resource_index/parent_prefix_path/dwb_critics
-- Up-to-date symlink: /home/thomas24/hive_ws2/install/dwb_critics/share/dwb_critics/environment/ament_prefix_path.sh
-- Up-to-date symlink: /home/thomas24/hive_ws2/install/dwb_critics/share/dwb_critics/environment/ament_prefix_path.dsv
-- Up-to-date symlink: /home/thomas24/hive_ws2/install/dwb_critics/share/dwb_critics/environment/path.sh
-- Up-to-date symlink: /home/thomas24/hive_ws2/install/dwb_critics/share/dwb_critics/environment/path.dsv
-- Up-to-date symlink: /home/thomas24/hive_ws2/install/dwb_critics/share/dwb_critics/local_setup.bash
-- Up-to-date symlink: /home/thomas24/hive_ws2/install/dwb_critics/share/dwb_critics/local_setup.sh
-- Up-to-date symlink: /home/thomas24/hive_ws2/install/dwb_critics/share/dwb_critics/local_setup.zsh
-- Up-to-date symlink: /home/thomas24/hive_ws2/install/dwb_critics/share/dwb_critics/local_setup.dsv
-- Symlinking: /home/thomas24/hive_ws2/install/dwb_critics/share/dwb_critics/package.dsv
-- Up-to-date symlink: /home/thomas24/hive_ws2/install/dwb_critics/share/ament_index/resource_index/packages/dwb_critics
-- Up-to-date symlink: /home/thomas24/hive_ws2/install/dwb_critics/share/ament_index/resource_index/dwb_core__pluginlib__plugin/dwb_critics
-- Up-to-date symlink: /home/thomas24/hive_ws2/install/dwb_critics/share/dwb_critics/cmake/ament_cmake_export_include_directories-extras.cmake
-- Up-to-date symlink: /home/thomas24/hive_ws2/install/dwb_critics/share/dwb_critics/cmake/ament_cmake_export_libraries-extras.cmake
-- Up-to-date symlink: /home/thomas24/hive_ws2/install/dwb_critics/share/dwb_critics/cmake/ament_cmake_export_dependencies-extras.cmake
-- Up-to-date symlink: /home/thomas24/hive_ws2/install/dwb_critics/share/dwb_critics/cmake/ament_cmake_export_targets-extras.cmake
-- Up-to-date symlink: /home/thomas24/hive_ws2/install/dwb_critics/share/dwb_critics/cmake/dwb_criticsConfig.cmake
-- Up-to-date symlink: /home/thomas24/hive_ws2/install/dwb_critics/share/dwb_critics/cmake/dwb_criticsConfig-version.cmake
-- Up-to-date symlink: /home/thomas24/hive_ws2/install/dwb_critics/share/dwb_critics/package.xml
-- Up-to-date: /home/thomas24/hive_ws2/install/dwb_critics/lib/libdwb_critics.so
-- Up-to-date: /home/thomas24/hive_ws2/install/dwb_critics/share/dwb_critics/cmake/dwb_criticsExport.cmake
-- Up-to-date: /home/thomas24/hive_ws2/install/dwb_critics/share/dwb_critics/cmake/dwb_criticsExport-release.cmake
