-- The C compiler identification is GNU 13.3.0
-- The CXX compiler identification is GNU 13.3.0
-- Detecting C compiler ABI info
-- Detecting C compiler ABI info - done
-- Check for working C compiler: /usr/bin/cc - skipped
-- Detecting C compile features
-- Detecting C compile features - done
-- Detecting CXX compiler ABI info
-- Detecting CXX compiler ABI info - done
-- Check for working CXX compiler: /usr/bin/c++ - skipped
-- Detecting CXX compile features
-- Detecting CXX compile features - done
-- Found ament_cmake: 2.5.4 (/opt/ros/jazzy/share/ament_cmake/cmake)
-- Found Python3: /usr/bin/python3 (found version "3.12.3") found components: Interpreter 
-- Performing Test CMAKE_HAVE_LIBC_PTHREAD
-- Performing Test CMAKE_HAVE_LIBC_PTHREAD - Success
-- Found Threads: TRUE  
-- Found AMD headers in: /usr/include/suitesparse
-- Found AMD library: /usr/lib/x86_64-linux-gnu/libamd.so
-- Found CAMD headers in: /usr/include/suitesparse
-- Found CAMD library: /usr/lib/x86_64-linux-gnu/libcamd.so
-- Found CCOLAMD headers in: /usr/include/suitesparse
-- Found CCOLAMD library: /usr/lib/x86_64-linux-gnu/libccolamd.so
-- Found CHOLMOD headers in: /usr/include/suitesparse
-- Found CHOLMOD library: /usr/lib/x86_64-linux-gnu/libcholmod.so
-- Found COLAMD headers in: /usr/include/suitesparse
-- Found COLAMD library: /usr/lib/x86_64-linux-gnu/libcolamd.so
-- Found SPQR headers in: /usr/include/suitesparse
-- Found SPQR library: /usr/lib/x86_64-linux-gnu/libspqr.so
-- Found Config headers in: /usr/include/suitesparse
-- Found Config library: /usr/lib/x86_64-linux-gnu/libsuitesparseconfig.so
-- Found Intel Thread Building Blocks (TBB) library (2021.11 / ) include location: . Assuming SuiteSparseQR was compiled with TBB.
-- Looking for shm_open in rt
-- Looking for shm_open in rt - found
-- Adding librt to SuiteSparse_config libraries (required on Linux & Unix [not OSX] if SuiteSparse is compiled with timing).
-- Could NOT find METIS (missing: METIS_INCLUDE_DIR METIS_LIBRARY) 
-- Found SuiteSparse: /usr/include/suitesparse (found suitable version "7.6.1", minimum required is "7.6.1") found components: AMD CAMD CCOLAMD CHOLMOD COLAMD SPQR Config 
-- Found required Ceres dependency: Eigen version 3.4.0 in /usr/share/eigen3/cmake
-- Found required Ceres dependency: glog
-- Found required Ceres dependency: gflags
-- Found Ceres version: 2.2.0 installed in: /usr with components: [EigenSparse, SparseLinearAlgebraLibrary, LAPACK, SuiteSparse, SchurSpecializations]
-- Found geometry_msgs: 5.3.6 (/opt/ros/jazzy/share/geometry_msgs/cmake)
-- Found rosidl_generator_c: 4.6.6 (/opt/ros/jazzy/share/rosidl_generator_c/cmake)
-- Found rosidl_generator_cpp: 4.6.6 (/opt/ros/jazzy/share/rosidl_generator_cpp/cmake)
-- Using all available rosidl_typesupport_c: rosidl_typesupport_fastrtps_c;rosidl_typesupport_introspection_c
-- Using all available rosidl_typesupport_cpp: rosidl_typesupport_fastrtps_cpp;rosidl_typesupport_introspection_cpp
-- Found nav2_core: 1.4.0 (/home/thomas24/hive_ws2/install/nav2_core/share/nav2_core/cmake)
-- Found rmw_implementation_cmake: 7.3.2 (/opt/ros/jazzy/share/rmw_implementation_cmake/cmake)
-- Found rmw_fastrtps_cpp: 8.4.3 (/opt/ros/jazzy/share/rmw_fastrtps_cpp/cmake)
-- Found OpenSSL: /usr/lib/x86_64-linux-gnu/libcrypto.so (found version "3.0.13")  
-- Found FastRTPS: /opt/ros/jazzy/include (Required is at least version "2.13") 
-- Using RMW implementation 'rmw_fastrtps_cpp' as default
-- Found eigen3_cmake_module: 0.3.0 (/opt/ros/jazzy/share/eigen3_cmake_module/cmake)
-- Found Eigen3: TRUE (found version "3.4.0") 
-- Ensuring Eigen3 include directory is part of orocos-kdl CMake target
-- Found ament_lint_auto: 0.17.3 (/opt/ros/jazzy/share/ament_lint_auto/cmake)
-- Found gtest sources under '/opt/ros/jazzy/src/gtest_vendor': C++ tests using 'Google Test' will be built
-- Added test 'cppcheck' to perform static code analysis on C / C++ code
-- Configured cppcheck include dirs: $<BUILD_INTERFACE:/home/thomas24/hive_ws2/src/navigation2/nav2_constrained_smoother/include>
-- Configured cppcheck exclude dirs and/or files: 
-- Added test 'cpplint' to check C / C++ code against the Google style
-- Configured cpplint exclude dirs and/or files: 
-- Added test 'lint_cmake' to check CMake code style
-- Added test 'uncrustify' to check C / C++ code style
-- Configured uncrustify additional arguments: 
-- Added test 'xmllint' to check XML markup files
-- Configuring done (8.2s)
-- Generating done (0.1s)
-- Build files have been written to: /home/thomas24/hive_ws2/build/nav2_constrained_smoother
[ 10%] [32mBuilding CXX object CMakeFiles/nav2_constrained_smoother.dir/src/constrained_smoother.cpp.o[0m
[ 20%] [32m[1mLinking CXX shared library libnav2_constrained_smoother.so[0m
[ 20%] Built target nav2_constrained_smoother
[ 30%] [32mBuilding CXX object gtest/CMakeFiles/gtest.dir/src/gtest-all.cc.o[0m
[ 40%] [32m[1mLinking CXX static library libgtest.a[0m
[ 40%] Built target gtest
[ 50%] [32mBuilding CXX object gtest/CMakeFiles/gtest_main.dir/src/gtest_main.cc.o[0m
[ 60%] [32m[1mLinking CXX static library libgtest_main.a[0m
[ 60%] Built target gtest_main
[ 70%] [32mBuilding CXX object test/CMakeFiles/test_constrained_smoother.dir/test_constrained_smoother.cpp.o[0m
[ 80%] [32m[1mLinking CXX executable test_constrained_smoother[0m
[ 80%] Built target test_constrained_smoother
[ 90%] [32mBuilding CXX object test/CMakeFiles/test_smoother_cost_function.dir/test_smoother_cost_function.cpp.o[0m
[100%] [32m[1mLinking CXX executable test_smoother_cost_function[0m
[100%] Built target test_smoother_cost_function
-- Install configuration: "Release"
-- Installing: /home/thomas24/hive_ws2/install/nav2_constrained_smoother/lib/libnav2_constrained_smoother.so
-- Set non-toolchain portion of runtime path of "/home/thomas24/hive_ws2/install/nav2_constrained_smoother/lib/libnav2_constrained_smoother.so" to ""
-- Installing: /home/thomas24/hive_ws2/install/nav2_constrained_smoother/include/nav2_constrained_smoother
-- Installing: /home/thomas24/hive_ws2/install/nav2_constrained_smoother/include/nav2_constrained_smoother/nav2_constrained_smoother
-- Installing: /home/thomas24/hive_ws2/install/nav2_constrained_smoother/include/nav2_constrained_smoother/nav2_constrained_smoother/smoother.hpp
-- Installing: /home/thomas24/hive_ws2/install/nav2_constrained_smoother/include/nav2_constrained_smoother/nav2_constrained_smoother/utils.hpp
-- Installing: /home/thomas24/hive_ws2/install/nav2_constrained_smoother/include/nav2_constrained_smoother/nav2_constrained_smoother/options.hpp
-- Installing: /home/thomas24/hive_ws2/install/nav2_constrained_smoother/include/nav2_constrained_smoother/nav2_constrained_smoother/smoother_cost_function.hpp
-- Installing: /home/thomas24/hive_ws2/install/nav2_constrained_smoother/include/nav2_constrained_smoother/nav2_constrained_smoother/constrained_smoother.hpp
-- Installing: /home/thomas24/hive_ws2/install/nav2_constrained_smoother/share/nav2_constrained_smoother/environment/library_path.sh
-- Installing: /home/thomas24/hive_ws2/install/nav2_constrained_smoother/share/nav2_constrained_smoother/environment/library_path.dsv
-- Installing: /home/thomas24/hive_ws2/install/nav2_constrained_smoother/share/nav2_constrained_smoother/nav2_constrained_smoother.xml
-- Installing: /home/thomas24/hive_ws2/install/nav2_constrained_smoother/share/ament_index/resource_index/package_run_dependencies/nav2_constrained_smoother
-- Installing: /home/thomas24/hive_ws2/install/nav2_constrained_smoother/share/ament_index/resource_index/parent_prefix_path/nav2_constrained_smoother
-- Installing: /home/thomas24/hive_ws2/install/nav2_constrained_smoother/share/nav2_constrained_smoother/environment/ament_prefix_path.sh
-- Installing: /home/thomas24/hive_ws2/install/nav2_constrained_smoother/share/nav2_constrained_smoother/environment/ament_prefix_path.dsv
-- Installing: /home/thomas24/hive_ws2/install/nav2_constrained_smoother/share/nav2_constrained_smoother/environment/path.sh
-- Installing: /home/thomas24/hive_ws2/install/nav2_constrained_smoother/share/nav2_constrained_smoother/environment/path.dsv
-- Installing: /home/thomas24/hive_ws2/install/nav2_constrained_smoother/share/nav2_constrained_smoother/local_setup.bash
-- Installing: /home/thomas24/hive_ws2/install/nav2_constrained_smoother/share/nav2_constrained_smoother/local_setup.sh
-- Installing: /home/thomas24/hive_ws2/install/nav2_constrained_smoother/share/nav2_constrained_smoother/local_setup.zsh
-- Installing: /home/thomas24/hive_ws2/install/nav2_constrained_smoother/share/nav2_constrained_smoother/local_setup.dsv
-- Installing: /home/thomas24/hive_ws2/install/nav2_constrained_smoother/share/nav2_constrained_smoother/package.dsv
-- Installing: /home/thomas24/hive_ws2/install/nav2_constrained_smoother/share/ament_index/resource_index/packages/nav2_constrained_smoother
-- Installing: /home/thomas24/hive_ws2/install/nav2_constrained_smoother/share/ament_index/resource_index/nav2_core__pluginlib__plugin/nav2_constrained_smoother
-- Installing: /home/thomas24/hive_ws2/install/nav2_constrained_smoother/share/nav2_constrained_smoother/cmake/nav2_constrained_smootherExport.cmake
-- Installing: /home/thomas24/hive_ws2/install/nav2_constrained_smoother/share/nav2_constrained_smoother/cmake/nav2_constrained_smootherExport-release.cmake
-- Installing: /home/thomas24/hive_ws2/install/nav2_constrained_smoother/share/nav2_constrained_smoother/cmake/ament_cmake_export_include_directories-extras.cmake
-- Installing: /home/thomas24/hive_ws2/install/nav2_constrained_smoother/share/nav2_constrained_smoother/cmake/ament_cmake_export_libraries-extras.cmake
-- Installing: /home/thomas24/hive_ws2/install/nav2_constrained_smoother/share/nav2_constrained_smoother/cmake/ament_cmake_export_dependencies-extras.cmake
-- Installing: /home/thomas24/hive_ws2/install/nav2_constrained_smoother/share/nav2_constrained_smoother/cmake/ament_cmake_export_targets-extras.cmake
-- Installing: /home/thomas24/hive_ws2/install/nav2_constrained_smoother/share/nav2_constrained_smoother/cmake/nav2_constrained_smootherConfig.cmake
-- Installing: /home/thomas24/hive_ws2/install/nav2_constrained_smoother/share/nav2_constrained_smoother/cmake/nav2_constrained_smootherConfig-version.cmake
-- Installing: /home/thomas24/hive_ws2/install/nav2_constrained_smoother/share/nav2_constrained_smoother/package.xml
