[0.009s] Invoking command in '/home/thomas24/hive_ws2/build/dwb_msgs': AMENT_PREFIX_PATH=/home/thomas24/hive_ws2/install/nav_2d_msgs:${AMENT_PREFIX_PATH} CMAKE_PREFIX_PATH=/home/thomas24/hive_ws2/install/nav_2d_msgs:/opt/ros/jazzy/opt/gz_sim_vendor:/opt/ros/jazzy/opt/gz_sensors_vendor:/opt/ros/jazzy/opt/gz_physics_vendor:/opt/ros/jazzy/opt/sdformat_vendor:/opt/ros/jazzy/opt/gz_gui_vendor:/opt/ros/jazzy/opt/gz_transport_vendor:/opt/ros/jazzy/opt/gz_rendering_vendor:/opt/ros/jazzy/opt/gz_plugin_vendor:/opt/ros/jazzy/opt/gz_fuel_tools_vendor:/opt/ros/jazzy/opt/gz_msgs_vendor:/opt/ros/jazzy/opt/gz_common_vendor:/opt/ros/jazzy/opt/gz_math_vendor:/opt/ros/jazzy/opt/gz_utils_vendor:/opt/ros/jazzy/opt/gz_tools_vendor:/opt/ros/jazzy/opt/gz_ogre_next_vendor:/opt/ros/jazzy/opt/gz_dartsim_vendor:/opt/ros/jazzy/opt/gz_cmake_vendor:/opt/ros/jazzy DEBUGINFOD_URLS=https://debuginfod.ubuntu.com LD_LIBRARY_PATH=/home/thomas24/hive_ws2/install/nav_2d_msgs/lib:${LD_LIBRARY_PATH} PYTHONPATH=/home/thomas24/hive_ws2/install/nav_2d_msgs/lib/python3.12/site-packages:${PYTHONPATH} /usr/bin/cmake /home/thomas24/hive_ws2/src/navigation2/nav2_dwb_controller/dwb_msgs -DCMAKE_INSTALL_PREFIX=/home/thomas24/hive_ws2/install/dwb_msgs
[0.062s] -- The C compiler identification is GNU 13.3.0
[0.113s] -- The CXX compiler identification is GNU 13.3.0
[0.130s] -- Detecting C compiler ABI info
[0.223s] -- Detecting C compiler ABI info - done
[0.231s] -- Check for working C compiler: /usr/bin/cc - skipped
[0.231s] -- Detecting C compile features
[0.231s] -- Detecting C compile features - done
[0.240s] -- Detecting CXX compiler ABI info
[0.345s] -- Detecting CXX compiler ABI info - done
[0.352s] -- Check for working CXX compiler: /usr/bin/c++ - skipped
[0.353s] -- Detecting CXX compile features
[0.353s] -- Detecting CXX compile features - done
[0.360s] -- Found builtin_interfaces: 2.0.3 (/opt/ros/jazzy/share/builtin_interfaces/cmake)
[0.505s] -- Found Python3: /usr/bin/python3 (found version "3.12.3") found components: Interpreter 
[0.676s] -- Found rosidl_generator_c: 4.6.6 (/opt/ros/jazzy/share/rosidl_generator_c/cmake)
[0.693s] -- Found rosidl_generator_cpp: 4.6.6 (/opt/ros/jazzy/share/rosidl_generator_cpp/cmake)
[0.711s] -- Using all available rosidl_typesupport_c: rosidl_typesupport_fastrtps_c;rosidl_typesupport_introspection_c
[0.732s] -- Using all available rosidl_typesupport_cpp: rosidl_typesupport_fastrtps_cpp;rosidl_typesupport_introspection_cpp
[0.750s] -- Found geometry_msgs: 5.3.6 (/opt/ros/jazzy/share/geometry_msgs/cmake)
[0.781s] -- Found nav_2d_msgs: 1.4.0 (/home/thomas24/hive_ws2/install/nav_2d_msgs/share/nav_2d_msgs/cmake)
[0.800s] -- Found nav_msgs: 5.3.6 (/opt/ros/jazzy/share/nav_msgs/cmake)
[0.835s] -- Found rosidl_default_generators: 1.6.0 (/opt/ros/jazzy/share/rosidl_default_generators/cmake)
[0.854s] -- Found rosidl_adapter: 4.6.6 (/opt/ros/jazzy/share/rosidl_adapter/cmake)
[1.479s] -- Found ament_cmake_ros: 0.12.0 (/opt/ros/jazzy/share/ament_cmake_ros/cmake)
[2.302s] -- Using all available rosidl_typesupport_c: rosidl_typesupport_fastrtps_c;rosidl_typesupport_introspection_c
[2.624s] -- Using all available rosidl_typesupport_cpp: rosidl_typesupport_fastrtps_cpp;rosidl_typesupport_introspection_cpp
[2.628s] -- Found python_cmake_module: 0.11.1 (/opt/ros/jazzy/share/python_cmake_module/cmake)
[2.761s] -- Found PythonExtra: /usr/bin/python3  
[3.177s] -- Found Python3: /usr/bin/python3 (found version "3.12.3") found components: Interpreter Development NumPy Development.Module Development.Embed 
[3.237s] -- Configuring done (3.2s)
[3.287s] -- Generating done (0.0s)
[3.298s] -- Build files have been written to: /home/thomas24/hive_ws2/build/dwb_msgs
[3.314s] Invoked command in '/home/thomas24/hive_ws2/build/dwb_msgs' returned '0': AMENT_PREFIX_PATH=/home/thomas24/hive_ws2/install/nav_2d_msgs:${AMENT_PREFIX_PATH} CMAKE_PREFIX_PATH=/home/thomas24/hive_ws2/install/nav_2d_msgs:/opt/ros/jazzy/opt/gz_sim_vendor:/opt/ros/jazzy/opt/gz_sensors_vendor:/opt/ros/jazzy/opt/gz_physics_vendor:/opt/ros/jazzy/opt/sdformat_vendor:/opt/ros/jazzy/opt/gz_gui_vendor:/opt/ros/jazzy/opt/gz_transport_vendor:/opt/ros/jazzy/opt/gz_rendering_vendor:/opt/ros/jazzy/opt/gz_plugin_vendor:/opt/ros/jazzy/opt/gz_fuel_tools_vendor:/opt/ros/jazzy/opt/gz_msgs_vendor:/opt/ros/jazzy/opt/gz_common_vendor:/opt/ros/jazzy/opt/gz_math_vendor:/opt/ros/jazzy/opt/gz_utils_vendor:/opt/ros/jazzy/opt/gz_tools_vendor:/opt/ros/jazzy/opt/gz_ogre_next_vendor:/opt/ros/jazzy/opt/gz_dartsim_vendor:/opt/ros/jazzy/opt/gz_cmake_vendor:/opt/ros/jazzy DEBUGINFOD_URLS=https://debuginfod.ubuntu.com LD_LIBRARY_PATH=/home/thomas24/hive_ws2/install/nav_2d_msgs/lib:${LD_LIBRARY_PATH} PYTHONPATH=/home/thomas24/hive_ws2/install/nav_2d_msgs/lib/python3.12/site-packages:${PYTHONPATH} /usr/bin/cmake /home/thomas24/hive_ws2/src/navigation2/nav2_dwb_controller/dwb_msgs -DCMAKE_INSTALL_PREFIX=/home/thomas24/hive_ws2/install/dwb_msgs
[3.315s] Invoking command in '/home/thomas24/hive_ws2/build/dwb_msgs': AMENT_PREFIX_PATH=/home/thomas24/hive_ws2/install/nav_2d_msgs:${AMENT_PREFIX_PATH} CMAKE_PREFIX_PATH=/home/thomas24/hive_ws2/install/nav_2d_msgs:/opt/ros/jazzy/opt/gz_sim_vendor:/opt/ros/jazzy/opt/gz_sensors_vendor:/opt/ros/jazzy/opt/gz_physics_vendor:/opt/ros/jazzy/opt/sdformat_vendor:/opt/ros/jazzy/opt/gz_gui_vendor:/opt/ros/jazzy/opt/gz_transport_vendor:/opt/ros/jazzy/opt/gz_rendering_vendor:/opt/ros/jazzy/opt/gz_plugin_vendor:/opt/ros/jazzy/opt/gz_fuel_tools_vendor:/opt/ros/jazzy/opt/gz_msgs_vendor:/opt/ros/jazzy/opt/gz_common_vendor:/opt/ros/jazzy/opt/gz_math_vendor:/opt/ros/jazzy/opt/gz_utils_vendor:/opt/ros/jazzy/opt/gz_tools_vendor:/opt/ros/jazzy/opt/gz_ogre_next_vendor:/opt/ros/jazzy/opt/gz_dartsim_vendor:/opt/ros/jazzy/opt/gz_cmake_vendor:/opt/ros/jazzy DEBUGINFOD_URLS=https://debuginfod.ubuntu.com LD_LIBRARY_PATH=/home/thomas24/hive_ws2/install/nav_2d_msgs/lib:${LD_LIBRARY_PATH} PYTHONPATH=/home/thomas24/hive_ws2/install/nav_2d_msgs/lib/python3.12/site-packages:${PYTHONPATH} /usr/bin/cmake --build /home/thomas24/hive_ws2/build/dwb_msgs -- -j16 -l16
[3.379s] [  1%] [34m[1mGenerating type hashes for ROS interfaces[0m
[3.390s] [  1%] Built target ament_cmake_python_copy_dwb_msgs
[3.583s] running egg_info
[3.583s] creating dwb_msgs.egg-info
[3.601s] writing dwb_msgs.egg-info/PKG-INFO
[3.601s] writing dependency_links to dwb_msgs.egg-info/dependency_links.txt
[3.601s] writing top-level names to dwb_msgs.egg-info/top_level.txt
[3.601s] writing manifest file 'dwb_msgs.egg-info/SOURCES.txt'
[3.658s] reading manifest file 'dwb_msgs.egg-info/SOURCES.txt'
[3.658s] writing manifest file 'dwb_msgs.egg-info/SOURCES.txt'
[3.699s] [  1%] Built target ament_cmake_python_build_dwb_msgs_egg
[3.747s] [  1%] Built target dwb_msgs__rosidl_generator_type_description
[3.758s] [  2%] [34m[1mGenerating C code for ROS interfaces[0m
[3.771s] [  2%] [34m[1mGenerating C++ code for ROS interfaces[0m
[4.521s] [  2%] Built target dwb_msgs__cpp
[4.713s] [  3%] [32mBuilding C object CMakeFiles/dwb_msgs__rosidl_generator_c.dir/rosidl_generator_c/dwb_msgs/msg/detail/trajectory2_d__functions.c.o[0m
[4.713s] [  4%] [32mBuilding C object CMakeFiles/dwb_msgs__rosidl_generator_c.dir/rosidl_generator_c/dwb_msgs/msg/detail/critic_score__functions.c.o[0m
[4.713s] [  5%] [32mBuilding C object CMakeFiles/dwb_msgs__rosidl_generator_c.dir/rosidl_generator_c/dwb_msgs/msg/detail/local_plan_evaluation__description.c.o[0m
[4.713s] [  6%] [32mBuilding C object CMakeFiles/dwb_msgs__rosidl_generator_c.dir/rosidl_generator_c/dwb_msgs/msg/detail/critic_score__type_support.c.o[0m
[4.713s] [  6%] [32mBuilding C object CMakeFiles/dwb_msgs__rosidl_generator_c.dir/rosidl_generator_c/dwb_msgs/msg/detail/local_plan_evaluation__type_support.c.o[0m
[4.714s] [  7%] [32mBuilding C object CMakeFiles/dwb_msgs__rosidl_generator_c.dir/rosidl_generator_c/dwb_msgs/msg/detail/local_plan_evaluation__functions.c.o[0m
[4.714s] [  8%] [32mBuilding C object CMakeFiles/dwb_msgs__rosidl_generator_c.dir/rosidl_generator_c/dwb_msgs/msg/detail/trajectory2_d__description.c.o[0m
[4.717s] [  9%] [32mBuilding C object CMakeFiles/dwb_msgs__rosidl_generator_c.dir/rosidl_generator_c/dwb_msgs/msg/detail/trajectory_score__description.c.o[0m
[4.717s] [ 10%] [32mBuilding C object CMakeFiles/dwb_msgs__rosidl_generator_c.dir/rosidl_generator_c/dwb_msgs/msg/detail/critic_score__description.c.o[0m
[4.717s] [ 11%] [32mBuilding C object CMakeFiles/dwb_msgs__rosidl_generator_c.dir/rosidl_generator_c/dwb_msgs/srv/detail/debug_local_plan__functions.c.o[0m
[4.717s] [ 11%] [32mBuilding C object CMakeFiles/dwb_msgs__rosidl_generator_c.dir/rosidl_generator_c/dwb_msgs/srv/detail/debug_local_plan__description.c.o[0m
[4.720s] [ 13%] [32mBuilding C object CMakeFiles/dwb_msgs__rosidl_generator_c.dir/rosidl_generator_c/dwb_msgs/msg/detail/trajectory_score__type_support.c.o[0m
[4.720s] [ 13%] [32mBuilding C object CMakeFiles/dwb_msgs__rosidl_generator_c.dir/rosidl_generator_c/dwb_msgs/msg/detail/trajectory2_d__type_support.c.o[0m
[4.721s] [ 14%] [32mBuilding C object CMakeFiles/dwb_msgs__rosidl_generator_c.dir/rosidl_generator_c/dwb_msgs/msg/detail/trajectory_score__functions.c.o[0m
[4.724s] [ 15%] [32mBuilding C object CMakeFiles/dwb_msgs__rosidl_generator_c.dir/rosidl_generator_c/dwb_msgs/srv/detail/generate_trajectory__description.c.o[0m
[4.726s] [ 16%] [32mBuilding C object CMakeFiles/dwb_msgs__rosidl_generator_c.dir/rosidl_generator_c/dwb_msgs/srv/detail/debug_local_plan__type_support.c.o[0m
[4.785s] [ 17%] [32mBuilding C object CMakeFiles/dwb_msgs__rosidl_generator_c.dir/rosidl_generator_c/dwb_msgs/srv/detail/generate_twists__functions.c.o[0m
[4.785s] [ 18%] [32mBuilding C object CMakeFiles/dwb_msgs__rosidl_generator_c.dir/rosidl_generator_c/dwb_msgs/srv/detail/generate_trajectory__type_support.c.o[0m
[4.785s] [ 19%] [32mBuilding C object CMakeFiles/dwb_msgs__rosidl_generator_c.dir/rosidl_generator_c/dwb_msgs/srv/detail/generate_trajectory__functions.c.o[0m
[4.787s] [ 20%] [32mBuilding C object CMakeFiles/dwb_msgs__rosidl_generator_c.dir/rosidl_generator_c/dwb_msgs/srv/detail/generate_twists__type_support.c.o[0m
[4.795s] [ 21%] [32mBuilding C object CMakeFiles/dwb_msgs__rosidl_generator_c.dir/rosidl_generator_c/dwb_msgs/srv/detail/generate_twists__description.c.o[0m
[4.795s] [ 21%] [32mBuilding C object CMakeFiles/dwb_msgs__rosidl_generator_c.dir/rosidl_generator_c/dwb_msgs/srv/detail/get_critic_score__description.c.o[0m
[4.798s] [ 22%] [32mBuilding C object CMakeFiles/dwb_msgs__rosidl_generator_c.dir/rosidl_generator_c/dwb_msgs/srv/detail/get_critic_score__functions.c.o[0m
[4.804s] [ 23%] [32mBuilding C object CMakeFiles/dwb_msgs__rosidl_generator_c.dir/rosidl_generator_c/dwb_msgs/srv/detail/get_critic_score__type_support.c.o[0m
[4.817s] [ 24%] [32mBuilding C object CMakeFiles/dwb_msgs__rosidl_generator_c.dir/rosidl_generator_c/dwb_msgs/srv/detail/score_trajectory__description.c.o[0m
[4.819s] [ 25%] [32mBuilding C object CMakeFiles/dwb_msgs__rosidl_generator_c.dir/rosidl_generator_c/dwb_msgs/srv/detail/score_trajectory__functions.c.o[0m
[4.830s] [ 26%] [32mBuilding C object CMakeFiles/dwb_msgs__rosidl_generator_c.dir/rosidl_generator_c/dwb_msgs/srv/detail/score_trajectory__type_support.c.o[0m
[4.909s] [ 27%] [32m[1mLinking C shared library libdwb_msgs__rosidl_generator_c.so[0m
[4.965s] [ 27%] Built target dwb_msgs__rosidl_generator_c
[4.980s] [ 31%] [34m[1mGenerating C introspection for ROS interfaces[0m
[4.980s] [ 31%] [34m[1mGenerating C type support dispatch for ROS interfaces[0m
[4.980s] [ 31%] [34m[1mGenerating C++ type support dispatch for ROS interfaces[0m
[4.980s] [ 31%] [34m[1mGenerating C++ introspection for ROS interfaces[0m
[4.980s] [ 31%] [34m[1mGenerating C type support for eProsima Fast-RTPS[0m
[4.980s] [ 32%] [34m[1mGenerating C++ type support for eProsima Fast-RTPS[0m
[5.553s] [ 33%] [32mBuilding CXX object CMakeFiles/dwb_msgs__rosidl_typesupport_c.dir/rosidl_typesupport_c/dwb_msgs/msg/critic_score__type_support.cpp.o[0m
[5.554s] [ 34%] [32mBuilding CXX object CMakeFiles/dwb_msgs__rosidl_typesupport_c.dir/rosidl_typesupport_c/dwb_msgs/msg/trajectory2_d__type_support.cpp.o[0m
[5.555s] [ 35%] [32mBuilding CXX object CMakeFiles/dwb_msgs__rosidl_typesupport_c.dir/rosidl_typesupport_c/dwb_msgs/msg/trajectory_score__type_support.cpp.o[0m
[5.555s] [ 36%] [32mBuilding CXX object CMakeFiles/dwb_msgs__rosidl_typesupport_c.dir/rosidl_typesupport_c/dwb_msgs/srv/debug_local_plan__type_support.cpp.o[0m
[5.555s] [ 36%] [32mBuilding CXX object CMakeFiles/dwb_msgs__rosidl_typesupport_c.dir/rosidl_typesupport_c/dwb_msgs/srv/generate_trajectory__type_support.cpp.o[0m
[5.556s] [ 37%] [32mBuilding CXX object CMakeFiles/dwb_msgs__rosidl_typesupport_c.dir/rosidl_typesupport_c/dwb_msgs/msg/local_plan_evaluation__type_support.cpp.o[0m
[5.563s] [ 39%] [32mBuilding CXX object CMakeFiles/dwb_msgs__rosidl_typesupport_c.dir/rosidl_typesupport_c/dwb_msgs/srv/score_trajectory__type_support.cpp.o[0m
[5.563s] [ 39%] [32mBuilding CXX object CMakeFiles/dwb_msgs__rosidl_typesupport_c.dir/rosidl_typesupport_c/dwb_msgs/srv/get_critic_score__type_support.cpp.o[0m
[5.569s] [ 40%] [32mBuilding CXX object CMakeFiles/dwb_msgs__rosidl_typesupport_c.dir/rosidl_typesupport_c/dwb_msgs/srv/generate_twists__type_support.cpp.o[0m
[5.594s] [ 41%] [32mBuilding CXX object CMakeFiles/dwb_msgs__rosidl_typesupport_cpp.dir/rosidl_typesupport_cpp/dwb_msgs/msg/local_plan_evaluation__type_support.cpp.o[0m
[5.596s] [ 42%] [32mBuilding CXX object CMakeFiles/dwb_msgs__rosidl_typesupport_cpp.dir/rosidl_typesupport_cpp/dwb_msgs/msg/critic_score__type_support.cpp.o[0m
[5.596s] [ 43%] [32mBuilding CXX object CMakeFiles/dwb_msgs__rosidl_typesupport_cpp.dir/rosidl_typesupport_cpp/dwb_msgs/msg/trajectory2_d__type_support.cpp.o[0m
[5.621s] [ 44%] [32mBuilding CXX object CMakeFiles/dwb_msgs__rosidl_typesupport_cpp.dir/rosidl_typesupport_cpp/dwb_msgs/srv/debug_local_plan__type_support.cpp.o[0m
[5.633s] [ 45%] [32mBuilding CXX object CMakeFiles/dwb_msgs__rosidl_typesupport_cpp.dir/rosidl_typesupport_cpp/dwb_msgs/srv/generate_twists__type_support.cpp.o[0m
[5.634s] [ 45%] [32mBuilding CXX object CMakeFiles/dwb_msgs__rosidl_typesupport_cpp.dir/rosidl_typesupport_cpp/dwb_msgs/msg/trajectory_score__type_support.cpp.o[0m
[5.642s] [ 46%] [32mBuilding CXX object CMakeFiles/dwb_msgs__rosidl_typesupport_cpp.dir/rosidl_typesupport_cpp/dwb_msgs/srv/generate_trajectory__type_support.cpp.o[0m
[5.642s] [ 47%] [32mBuilding CXX object CMakeFiles/dwb_msgs__rosidl_typesupport_cpp.dir/rosidl_typesupport_cpp/dwb_msgs/srv/get_critic_score__type_support.cpp.o[0m
[5.647s] [ 48%] [32mBuilding CXX object CMakeFiles/dwb_msgs__rosidl_typesupport_cpp.dir/rosidl_typesupport_cpp/dwb_msgs/srv/score_trajectory__type_support.cpp.o[0m
[5.680s] [ 49%] [32m[1mLinking CXX shared library libdwb_msgs__rosidl_typesupport_c.so[0m
[5.782s] [ 49%] Built target dwb_msgs__rosidl_typesupport_c
[5.893s] [ 50%] [32mBuilding CXX object CMakeFiles/dwb_msgs__rosidl_typesupport_introspection_cpp.dir/rosidl_typesupport_introspection_cpp/dwb_msgs/msg/detail/critic_score__type_support.cpp.o[0m
[5.896s] [ 51%] [32mBuilding CXX object CMakeFiles/dwb_msgs__rosidl_typesupport_introspection_cpp.dir/rosidl_typesupport_introspection_cpp/dwb_msgs/msg/detail/trajectory2_d__type_support.cpp.o[0m
[5.902s] [ 52%] [32mBuilding CXX object CMakeFiles/dwb_msgs__rosidl_typesupport_introspection_cpp.dir/rosidl_typesupport_introspection_cpp/dwb_msgs/msg/detail/trajectory_score__type_support.cpp.o[0m
[5.902s] [ 53%] [32mBuilding C object CMakeFiles/dwb_msgs__rosidl_typesupport_introspection_c.dir/rosidl_typesupport_introspection_c/dwb_msgs/msg/detail/critic_score__type_support.c.o[0m
[5.902s] [ 54%] [32mBuilding CXX object CMakeFiles/dwb_msgs__rosidl_typesupport_introspection_cpp.dir/rosidl_typesupport_introspection_cpp/dwb_msgs/msg/detail/local_plan_evaluation__type_support.cpp.o[0m
[5.947s] [ 55%] [32mBuilding CXX object CMakeFiles/dwb_msgs__rosidl_typesupport_introspection_cpp.dir/rosidl_typesupport_introspection_cpp/dwb_msgs/srv/detail/debug_local_plan__type_support.cpp.o[0m
[5.961s] [ 56%] [32mBuilding C object CMakeFiles/dwb_msgs__rosidl_typesupport_introspection_c.dir/rosidl_typesupport_introspection_c/dwb_msgs/msg/detail/local_plan_evaluation__type_support.c.o[0m
[5.996s] [ 56%] [32mBuilding C object CMakeFiles/dwb_msgs__rosidl_typesupport_introspection_c.dir/rosidl_typesupport_introspection_c/dwb_msgs/msg/detail/trajectory2_d__type_support.c.o[0m
[6.038s] [ 57%] [32mBuilding CXX object CMakeFiles/dwb_msgs__rosidl_typesupport_introspection_cpp.dir/rosidl_typesupport_introspection_cpp/dwb_msgs/srv/detail/generate_trajectory__type_support.cpp.o[0m
[6.042s] [ 58%] [32mBuilding CXX object CMakeFiles/dwb_msgs__rosidl_typesupport_introspection_cpp.dir/rosidl_typesupport_introspection_cpp/dwb_msgs/srv/detail/generate_twists__type_support.cpp.o[0m
[6.086s] [ 58%] [32mBuilding CXX object CMakeFiles/dwb_msgs__rosidl_typesupport_introspection_cpp.dir/rosidl_typesupport_introspection_cpp/dwb_msgs/srv/detail/get_critic_score__type_support.cpp.o[0m
[6.108s] [ 59%] [32mBuilding C object CMakeFiles/dwb_msgs__rosidl_typesupport_introspection_c.dir/rosidl_typesupport_introspection_c/dwb_msgs/msg/detail/trajectory_score__type_support.c.o[0m
[6.216s] [ 60%] [32mBuilding C object CMakeFiles/dwb_msgs__rosidl_typesupport_introspection_c.dir/rosidl_typesupport_introspection_c/dwb_msgs/srv/detail/debug_local_plan__type_support.c.o[0m
[6.255s] [ 61%] [32mBuilding CXX object CMakeFiles/dwb_msgs__rosidl_typesupport_introspection_cpp.dir/rosidl_typesupport_introspection_cpp/dwb_msgs/srv/detail/score_trajectory__type_support.cpp.o[0m
[6.269s] [ 62%] [32mBuilding C object CMakeFiles/dwb_msgs__rosidl_typesupport_introspection_c.dir/rosidl_typesupport_introspection_c/dwb_msgs/srv/detail/generate_trajectory__type_support.c.o[0m
[6.281s] [ 63%] [32mBuilding C object CMakeFiles/dwb_msgs__rosidl_typesupport_introspection_c.dir/rosidl_typesupport_introspection_c/dwb_msgs/srv/detail/generate_twists__type_support.c.o[0m
[6.331s] [ 64%] [32mBuilding CXX object CMakeFiles/dwb_msgs__rosidl_typesupport_fastrtps_cpp.dir/rosidl_typesupport_fastrtps_cpp/dwb_msgs/msg/detail/dds_fastrtps/critic_score__type_support.cpp.o[0m
[6.339s] [ 65%] [32mBuilding CXX object CMakeFiles/dwb_msgs__rosidl_typesupport_fastrtps_cpp.dir/rosidl_typesupport_fastrtps_cpp/dwb_msgs/msg/detail/dds_fastrtps/local_plan_evaluation__type_support.cpp.o[0m
[6.339s] [ 66%] [32mBuilding C object CMakeFiles/dwb_msgs__rosidl_typesupport_introspection_c.dir/rosidl_typesupport_introspection_c/dwb_msgs/srv/detail/get_critic_score__type_support.c.o[0m
[6.366s] [ 67%] [32mBuilding CXX object CMakeFiles/dwb_msgs__rosidl_typesupport_fastrtps_cpp.dir/rosidl_typesupport_fastrtps_cpp/dwb_msgs/msg/detail/dds_fastrtps/trajectory2_d__type_support.cpp.o[0m
[6.374s] [ 68%] [32mBuilding C object CMakeFiles/dwb_msgs__rosidl_typesupport_introspection_c.dir/rosidl_typesupport_introspection_c/dwb_msgs/srv/detail/score_trajectory__type_support.c.o[0m
[6.376s] [ 69%] [32mBuilding CXX object CMakeFiles/dwb_msgs__rosidl_typesupport_fastrtps_cpp.dir/rosidl_typesupport_fastrtps_cpp/dwb_msgs/msg/detail/dds_fastrtps/trajectory_score__type_support.cpp.o[0m
[6.387s] [ 70%] [32mBuilding CXX object CMakeFiles/dwb_msgs__rosidl_typesupport_fastrtps_cpp.dir/rosidl_typesupport_fastrtps_cpp/dwb_msgs/srv/detail/dds_fastrtps/debug_local_plan__type_support.cpp.o[0m
[6.409s] [ 70%] [32mBuilding CXX object CMakeFiles/dwb_msgs__rosidl_typesupport_fastrtps_cpp.dir/rosidl_typesupport_fastrtps_cpp/dwb_msgs/srv/detail/dds_fastrtps/generate_trajectory__type_support.cpp.o[0m
[6.421s] [ 70%] [32mBuilding CXX object CMakeFiles/dwb_msgs__rosidl_typesupport_fastrtps_c.dir/rosidl_typesupport_fastrtps_c/dwb_msgs/msg/detail/critic_score__type_support_c.cpp.o[0m
[6.436s] [ 71%] [32mBuilding CXX object CMakeFiles/dwb_msgs__rosidl_typesupport_fastrtps_cpp.dir/rosidl_typesupport_fastrtps_cpp/dwb_msgs/srv/detail/dds_fastrtps/generate_twists__type_support.cpp.o[0m
[6.456s] [ 72%] [32m[1mLinking C shared library libdwb_msgs__rosidl_typesupport_introspection_c.so[0m
[6.459s] [ 73%] [32m[1mLinking CXX shared library libdwb_msgs__rosidl_typesupport_cpp.so[0m
[6.526s] [ 74%] [32mBuilding CXX object CMakeFiles/dwb_msgs__rosidl_typesupport_fastrtps_c.dir/rosidl_typesupport_fastrtps_c/dwb_msgs/msg/detail/local_plan_evaluation__type_support_c.cpp.o[0m
[6.567s] [ 74%] Built target dwb_msgs__rosidl_typesupport_introspection_c
[6.592s] [ 75%] [32mBuilding CXX object CMakeFiles/dwb_msgs__rosidl_typesupport_fastrtps_cpp.dir/rosidl_typesupport_fastrtps_cpp/dwb_msgs/srv/detail/dds_fastrtps/get_critic_score__type_support.cpp.o[0m
[6.680s] [ 75%] Built target dwb_msgs__rosidl_typesupport_cpp
[6.720s] [ 76%] [32mBuilding CXX object CMakeFiles/dwb_msgs__rosidl_typesupport_fastrtps_cpp.dir/rosidl_typesupport_fastrtps_cpp/dwb_msgs/srv/detail/dds_fastrtps/score_trajectory__type_support.cpp.o[0m
[6.749s] [ 77%] [32mBuilding CXX object CMakeFiles/dwb_msgs__rosidl_typesupport_fastrtps_c.dir/rosidl_typesupport_fastrtps_c/dwb_msgs/msg/detail/trajectory2_d__type_support_c.cpp.o[0m
[6.817s] [ 78%] [32mBuilding CXX object CMakeFiles/dwb_msgs__rosidl_typesupport_fastrtps_c.dir/rosidl_typesupport_fastrtps_c/dwb_msgs/msg/detail/trajectory_score__type_support_c.cpp.o[0m
[6.840s] [ 79%] [32mBuilding CXX object CMakeFiles/dwb_msgs__rosidl_typesupport_fastrtps_c.dir/rosidl_typesupport_fastrtps_c/dwb_msgs/srv/detail/debug_local_plan__type_support_c.cpp.o[0m
[6.958s] [ 80%] [32mBuilding CXX object CMakeFiles/dwb_msgs__rosidl_typesupport_fastrtps_c.dir/rosidl_typesupport_fastrtps_c/dwb_msgs/srv/detail/generate_trajectory__type_support_c.cpp.o[0m
[6.970s] [ 81%] [32mBuilding CXX object CMakeFiles/dwb_msgs__rosidl_typesupport_fastrtps_c.dir/rosidl_typesupport_fastrtps_c/dwb_msgs/srv/detail/generate_twists__type_support_c.cpp.o[0m
[7.020s] [ 82%] [32mBuilding CXX object CMakeFiles/dwb_msgs__rosidl_typesupport_fastrtps_c.dir/rosidl_typesupport_fastrtps_c/dwb_msgs/srv/detail/get_critic_score__type_support_c.cpp.o[0m
[7.063s] [ 82%] [32mBuilding CXX object CMakeFiles/dwb_msgs__rosidl_typesupport_fastrtps_c.dir/rosidl_typesupport_fastrtps_c/dwb_msgs/srv/detail/score_trajectory__type_support_c.cpp.o[0m
[7.087s] [ 83%] [32m[1mLinking CXX shared library libdwb_msgs__rosidl_typesupport_introspection_cpp.so[0m
[7.293s] [ 83%] Built target dwb_msgs__rosidl_typesupport_introspection_cpp
[7.603s] [ 84%] [32m[1mLinking CXX shared library libdwb_msgs__rosidl_typesupport_fastrtps_c.so[0m
[7.662s] [ 85%] [32m[1mLinking CXX shared library libdwb_msgs__rosidl_typesupport_fastrtps_cpp.so[0m
[7.687s] [ 85%] Built target dwb_msgs__rosidl_typesupport_fastrtps_c
[7.758s] [ 85%] Built target dwb_msgs__rosidl_typesupport_fastrtps_cpp
[7.784s] [ 85%] Built target dwb_msgs
[7.810s] [ 86%] [34m[1mGenerating Python code for ROS interfaces[0m
[8.939s] [ 86%] Built target dwb_msgs__py
[8.973s] [ 86%] [32mBuilding C object CMakeFiles/dwb_msgs__rosidl_generator_py.dir/rosidl_generator_py/dwb_msgs/msg/_local_plan_evaluation_s.c.o[0m
[8.973s] [ 88%] [32mBuilding C object CMakeFiles/dwb_msgs__rosidl_generator_py.dir/rosidl_generator_py/dwb_msgs/msg/_trajectory2_d_s.c.o[0m
[8.973s] [ 88%] [32mBuilding C object CMakeFiles/dwb_msgs__rosidl_generator_py.dir/rosidl_generator_py/dwb_msgs/msg/_critic_score_s.c.o[0m
[8.973s] [ 89%] [32mBuilding C object CMakeFiles/dwb_msgs__rosidl_generator_py.dir/rosidl_generator_py/dwb_msgs/srv/_debug_local_plan_s.c.o[0m
[8.973s] [ 90%] [32mBuilding C object CMakeFiles/dwb_msgs__rosidl_generator_py.dir/rosidl_generator_py/dwb_msgs/srv/_generate_trajectory_s.c.o[0m
[8.973s] [ 91%] [32mBuilding C object CMakeFiles/dwb_msgs__rosidl_generator_py.dir/rosidl_generator_py/dwb_msgs/msg/_trajectory_score_s.c.o[0m
[8.977s] [ 92%] [32mBuilding C object CMakeFiles/dwb_msgs__rosidl_generator_py.dir/rosidl_generator_py/dwb_msgs/srv/_generate_twists_s.c.o[0m
[8.977s] [ 93%] [32mBuilding C object CMakeFiles/dwb_msgs__rosidl_generator_py.dir/rosidl_generator_py/dwb_msgs/srv/_score_trajectory_s.c.o[0m
[8.977s] [ 94%] [32mBuilding C object CMakeFiles/dwb_msgs__rosidl_generator_py.dir/rosidl_generator_py/dwb_msgs/srv/_get_critic_score_s.c.o[0m
[9.236s] [ 94%] [32m[1mLinking C shared library libdwb_msgs__rosidl_generator_py.so[0m
[9.301s] [ 94%] Built target dwb_msgs__rosidl_generator_py
[9.322s] [ 97%] [32mBuilding C object CMakeFiles/dwb_msgs_s__rosidl_typesupport_c.dir/rosidl_generator_py/dwb_msgs/_dwb_msgs_s.ep.rosidl_typesupport_c.c.o[0m
[9.322s] [ 97%] [32mBuilding C object CMakeFiles/dwb_msgs_s__rosidl_typesupport_fastrtps_c.dir/rosidl_generator_py/dwb_msgs/_dwb_msgs_s.ep.rosidl_typesupport_fastrtps_c.c.o[0m
[9.322s] [ 97%] [32mBuilding C object CMakeFiles/dwb_msgs_s__rosidl_typesupport_introspection_c.dir/rosidl_generator_py/dwb_msgs/_dwb_msgs_s.ep.rosidl_typesupport_introspection_c.c.o[0m
[9.454s] [ 98%] [32m[1mLinking C shared module rosidl_generator_py/dwb_msgs/dwb_msgs_s__rosidl_typesupport_introspection_c.so[0m
[9.454s] [ 99%] [32m[1mLinking C shared module rosidl_generator_py/dwb_msgs/dwb_msgs_s__rosidl_typesupport_c.so[0m
[9.459s] [100%] [32m[1mLinking C shared module rosidl_generator_py/dwb_msgs/dwb_msgs_s__rosidl_typesupport_fastrtps_c.so[0m
[9.492s] [100%] Built target dwb_msgs_s__rosidl_typesupport_c
[9.493s] [100%] Built target dwb_msgs_s__rosidl_typesupport_introspection_c
[9.494s] [100%] Built target dwb_msgs_s__rosidl_typesupport_fastrtps_c
[9.510s] Invoked command in '/home/thomas24/hive_ws2/build/dwb_msgs' returned '0': AMENT_PREFIX_PATH=/home/thomas24/hive_ws2/install/nav_2d_msgs:${AMENT_PREFIX_PATH} CMAKE_PREFIX_PATH=/home/thomas24/hive_ws2/install/nav_2d_msgs:/opt/ros/jazzy/opt/gz_sim_vendor:/opt/ros/jazzy/opt/gz_sensors_vendor:/opt/ros/jazzy/opt/gz_physics_vendor:/opt/ros/jazzy/opt/sdformat_vendor:/opt/ros/jazzy/opt/gz_gui_vendor:/opt/ros/jazzy/opt/gz_transport_vendor:/opt/ros/jazzy/opt/gz_rendering_vendor:/opt/ros/jazzy/opt/gz_plugin_vendor:/opt/ros/jazzy/opt/gz_fuel_tools_vendor:/opt/ros/jazzy/opt/gz_msgs_vendor:/opt/ros/jazzy/opt/gz_common_vendor:/opt/ros/jazzy/opt/gz_math_vendor:/opt/ros/jazzy/opt/gz_utils_vendor:/opt/ros/jazzy/opt/gz_tools_vendor:/opt/ros/jazzy/opt/gz_ogre_next_vendor:/opt/ros/jazzy/opt/gz_dartsim_vendor:/opt/ros/jazzy/opt/gz_cmake_vendor:/opt/ros/jazzy DEBUGINFOD_URLS=https://debuginfod.ubuntu.com LD_LIBRARY_PATH=/home/thomas24/hive_ws2/install/nav_2d_msgs/lib:${LD_LIBRARY_PATH} PYTHONPATH=/home/thomas24/hive_ws2/install/nav_2d_msgs/lib/python3.12/site-packages:${PYTHONPATH} /usr/bin/cmake --build /home/thomas24/hive_ws2/build/dwb_msgs -- -j16 -l16
[9.511s] Invoking command in '/home/thomas24/hive_ws2/build/dwb_msgs': AMENT_PREFIX_PATH=/home/thomas24/hive_ws2/install/nav_2d_msgs:${AMENT_PREFIX_PATH} CMAKE_PREFIX_PATH=/home/thomas24/hive_ws2/install/nav_2d_msgs:/opt/ros/jazzy/opt/gz_sim_vendor:/opt/ros/jazzy/opt/gz_sensors_vendor:/opt/ros/jazzy/opt/gz_physics_vendor:/opt/ros/jazzy/opt/sdformat_vendor:/opt/ros/jazzy/opt/gz_gui_vendor:/opt/ros/jazzy/opt/gz_transport_vendor:/opt/ros/jazzy/opt/gz_rendering_vendor:/opt/ros/jazzy/opt/gz_plugin_vendor:/opt/ros/jazzy/opt/gz_fuel_tools_vendor:/opt/ros/jazzy/opt/gz_msgs_vendor:/opt/ros/jazzy/opt/gz_common_vendor:/opt/ros/jazzy/opt/gz_math_vendor:/opt/ros/jazzy/opt/gz_utils_vendor:/opt/ros/jazzy/opt/gz_tools_vendor:/opt/ros/jazzy/opt/gz_ogre_next_vendor:/opt/ros/jazzy/opt/gz_dartsim_vendor:/opt/ros/jazzy/opt/gz_cmake_vendor:/opt/ros/jazzy DEBUGINFOD_URLS=https://debuginfod.ubuntu.com LD_LIBRARY_PATH=/home/thomas24/hive_ws2/install/nav_2d_msgs/lib:${LD_LIBRARY_PATH} PYTHONPATH=/home/thomas24/hive_ws2/install/nav_2d_msgs/lib/python3.12/site-packages:${PYTHONPATH} /usr/bin/cmake --install /home/thomas24/hive_ws2/build/dwb_msgs
[9.522s] -- Install configuration: ""
[9.522s] -- Installing: /home/thomas24/hive_ws2/install/dwb_msgs/share/ament_index/resource_index/rosidl_interfaces/dwb_msgs
[9.522s] -- Installing: /home/thomas24/hive_ws2/install/dwb_msgs/share/dwb_msgs/msg/CriticScore.json
[9.522s] -- Installing: /home/thomas24/hive_ws2/install/dwb_msgs/share/dwb_msgs/msg/LocalPlanEvaluation.json
[9.522s] -- Installing: /home/thomas24/hive_ws2/install/dwb_msgs/share/dwb_msgs/msg/Trajectory2D.json
[9.523s] -- Installing: /home/thomas24/hive_ws2/install/dwb_msgs/share/dwb_msgs/msg/TrajectoryScore.json
[9.523s] -- Installing: /home/thomas24/hive_ws2/install/dwb_msgs/share/dwb_msgs/srv/DebugLocalPlan.json
[9.523s] -- Installing: /home/thomas24/hive_ws2/install/dwb_msgs/share/dwb_msgs/srv/GenerateTrajectory.json
[9.523s] -- Installing: /home/thomas24/hive_ws2/install/dwb_msgs/share/dwb_msgs/srv/GenerateTwists.json
[9.523s] -- Installing: /home/thomas24/hive_ws2/install/dwb_msgs/share/dwb_msgs/srv/GetCriticScore.json
[9.523s] -- Installing: /home/thomas24/hive_ws2/install/dwb_msgs/share/dwb_msgs/srv/ScoreTrajectory.json
[9.523s] -- Installing: /home/thomas24/hive_ws2/install/dwb_msgs/include/dwb_msgs/dwb_msgs
[9.524s] -- Installing: /home/thomas24/hive_ws2/install/dwb_msgs/include/dwb_msgs/dwb_msgs/srv
[9.524s] -- Installing: /home/thomas24/hive_ws2/install/dwb_msgs/include/dwb_msgs/dwb_msgs/srv/score_trajectory.h
[9.524s] -- Installing: /home/thomas24/hive_ws2/install/dwb_msgs/include/dwb_msgs/dwb_msgs/srv/generate_twists.h
[9.524s] -- Installing: /home/thomas24/hive_ws2/install/dwb_msgs/include/dwb_msgs/dwb_msgs/srv/generate_trajectory.h
[9.524s] -- Installing: /home/thomas24/hive_ws2/install/dwb_msgs/include/dwb_msgs/dwb_msgs/srv/debug_local_plan.h
[9.524s] -- Installing: /home/thomas24/hive_ws2/install/dwb_msgs/include/dwb_msgs/dwb_msgs/srv/get_critic_score.h
[9.524s] -- Installing: /home/thomas24/hive_ws2/install/dwb_msgs/include/dwb_msgs/dwb_msgs/srv/detail
[9.524s] -- Installing: /home/thomas24/hive_ws2/install/dwb_msgs/include/dwb_msgs/dwb_msgs/srv/detail/debug_local_plan__description.c
[9.524s] -- Installing: /home/thomas24/hive_ws2/install/dwb_msgs/include/dwb_msgs/dwb_msgs/srv/detail/debug_local_plan__type_support.h
[9.524s] -- Installing: /home/thomas24/hive_ws2/install/dwb_msgs/include/dwb_msgs/dwb_msgs/srv/detail/generate_trajectory__description.c
[9.524s] -- Installing: /home/thomas24/hive_ws2/install/dwb_msgs/include/dwb_msgs/dwb_msgs/srv/detail/generate_twists__description.c
[9.525s] -- Installing: /home/thomas24/hive_ws2/install/dwb_msgs/include/dwb_msgs/dwb_msgs/srv/detail/score_trajectory__struct.h
[9.525s] -- Installing: /home/thomas24/hive_ws2/install/dwb_msgs/include/dwb_msgs/dwb_msgs/srv/detail/score_trajectory__type_support.c
[9.525s] -- Installing: /home/thomas24/hive_ws2/install/dwb_msgs/include/dwb_msgs/dwb_msgs/srv/detail/generate_twists__functions.h
[9.525s] -- Installing: /home/thomas24/hive_ws2/install/dwb_msgs/include/dwb_msgs/dwb_msgs/srv/detail/debug_local_plan__functions.h
[9.525s] -- Installing: /home/thomas24/hive_ws2/install/dwb_msgs/include/dwb_msgs/dwb_msgs/srv/detail/debug_local_plan__struct.h
[9.525s] -- Installing: /home/thomas24/hive_ws2/install/dwb_msgs/include/dwb_msgs/dwb_msgs/srv/detail/score_trajectory__functions.c
[9.526s] -- Installing: /home/thomas24/hive_ws2/install/dwb_msgs/include/dwb_msgs/dwb_msgs/srv/detail/generate_twists__struct.h
[9.526s] -- Installing: /home/thomas24/hive_ws2/install/dwb_msgs/include/dwb_msgs/dwb_msgs/srv/detail/generate_trajectory__type_support.c
[9.526s] -- Installing: /home/thomas24/hive_ws2/install/dwb_msgs/include/dwb_msgs/dwb_msgs/srv/detail/get_critic_score__type_support.c
[9.526s] -- Installing: /home/thomas24/hive_ws2/install/dwb_msgs/include/dwb_msgs/dwb_msgs/srv/detail/generate_trajectory__struct.h
[9.526s] -- Installing: /home/thomas24/hive_ws2/install/dwb_msgs/include/dwb_msgs/dwb_msgs/srv/detail/get_critic_score__type_support.h
[9.526s] -- Installing: /home/thomas24/hive_ws2/install/dwb_msgs/include/dwb_msgs/dwb_msgs/srv/detail/score_trajectory__description.c
[9.526s] -- Installing: /home/thomas24/hive_ws2/install/dwb_msgs/include/dwb_msgs/dwb_msgs/srv/detail/debug_local_plan__functions.c
[9.526s] -- Installing: /home/thomas24/hive_ws2/install/dwb_msgs/include/dwb_msgs/dwb_msgs/srv/detail/debug_local_plan__type_support.c
[9.526s] -- Installing: /home/thomas24/hive_ws2/install/dwb_msgs/include/dwb_msgs/dwb_msgs/srv/detail/generate_twists__type_support.c
[9.526s] -- Installing: /home/thomas24/hive_ws2/install/dwb_msgs/include/dwb_msgs/dwb_msgs/srv/detail/generate_trajectory__functions.c
[9.527s] -- Installing: /home/thomas24/hive_ws2/install/dwb_msgs/include/dwb_msgs/dwb_msgs/srv/detail/get_critic_score__struct.h
[9.527s] -- Installing: /home/thomas24/hive_ws2/install/dwb_msgs/include/dwb_msgs/dwb_msgs/srv/detail/get_critic_score__functions.h
[9.527s] -- Installing: /home/thomas24/hive_ws2/install/dwb_msgs/include/dwb_msgs/dwb_msgs/srv/detail/generate_trajectory__type_support.h
[9.527s] -- Installing: /home/thomas24/hive_ws2/install/dwb_msgs/include/dwb_msgs/dwb_msgs/srv/detail/get_critic_score__description.c
[9.527s] -- Installing: /home/thomas24/hive_ws2/install/dwb_msgs/include/dwb_msgs/dwb_msgs/srv/detail/generate_trajectory__functions.h
[9.527s] -- Installing: /home/thomas24/hive_ws2/install/dwb_msgs/include/dwb_msgs/dwb_msgs/srv/detail/score_trajectory__functions.h
[9.527s] -- Installing: /home/thomas24/hive_ws2/install/dwb_msgs/include/dwb_msgs/dwb_msgs/srv/detail/generate_twists__type_support.h
[9.527s] -- Installing: /home/thomas24/hive_ws2/install/dwb_msgs/include/dwb_msgs/dwb_msgs/srv/detail/generate_twists__functions.c
[9.527s] -- Installing: /home/thomas24/hive_ws2/install/dwb_msgs/include/dwb_msgs/dwb_msgs/srv/detail/score_trajectory__type_support.h
[9.527s] -- Installing: /home/thomas24/hive_ws2/install/dwb_msgs/include/dwb_msgs/dwb_msgs/srv/detail/get_critic_score__functions.c
[9.527s] -- Installing: /home/thomas24/hive_ws2/install/dwb_msgs/include/dwb_msgs/dwb_msgs/msg
[9.527s] -- Installing: /home/thomas24/hive_ws2/install/dwb_msgs/include/dwb_msgs/dwb_msgs/msg/local_plan_evaluation.h
[9.528s] -- Installing: /home/thomas24/hive_ws2/install/dwb_msgs/include/dwb_msgs/dwb_msgs/msg/trajectory_score.h
[9.528s] -- Installing: /home/thomas24/hive_ws2/install/dwb_msgs/include/dwb_msgs/dwb_msgs/msg/trajectory2_d.h
[9.528s] -- Installing: /home/thomas24/hive_ws2/install/dwb_msgs/include/dwb_msgs/dwb_msgs/msg/rosidl_generator_c__visibility_control.h
[9.528s] -- Installing: /home/thomas24/hive_ws2/install/dwb_msgs/include/dwb_msgs/dwb_msgs/msg/critic_score.h
[9.528s] -- Installing: /home/thomas24/hive_ws2/install/dwb_msgs/include/dwb_msgs/dwb_msgs/msg/detail
[9.528s] -- Installing: /home/thomas24/hive_ws2/install/dwb_msgs/include/dwb_msgs/dwb_msgs/msg/detail/critic_score__description.c
[9.528s] -- Installing: /home/thomas24/hive_ws2/install/dwb_msgs/include/dwb_msgs/dwb_msgs/msg/detail/local_plan_evaluation__description.c
[9.528s] -- Installing: /home/thomas24/hive_ws2/install/dwb_msgs/include/dwb_msgs/dwb_msgs/msg/detail/local_plan_evaluation__functions.h
[9.528s] -- Installing: /home/thomas24/hive_ws2/install/dwb_msgs/include/dwb_msgs/dwb_msgs/msg/detail/critic_score__struct.h
[9.528s] -- Installing: /home/thomas24/hive_ws2/install/dwb_msgs/include/dwb_msgs/dwb_msgs/msg/detail/trajectory_score__type_support.c
[9.528s] -- Installing: /home/thomas24/hive_ws2/install/dwb_msgs/include/dwb_msgs/dwb_msgs/msg/detail/trajectory_score__struct.h
[9.528s] -- Installing: /home/thomas24/hive_ws2/install/dwb_msgs/include/dwb_msgs/dwb_msgs/msg/detail/local_plan_evaluation__type_support.h
[9.528s] -- Installing: /home/thomas24/hive_ws2/install/dwb_msgs/include/dwb_msgs/dwb_msgs/msg/detail/trajectory_score__functions.h
[9.529s] -- Installing: /home/thomas24/hive_ws2/install/dwb_msgs/include/dwb_msgs/dwb_msgs/msg/detail/critic_score__functions.c
[9.529s] -- Installing: /home/thomas24/hive_ws2/install/dwb_msgs/include/dwb_msgs/dwb_msgs/msg/detail/critic_score__type_support.c
[9.529s] -- Installing: /home/thomas24/hive_ws2/install/dwb_msgs/include/dwb_msgs/dwb_msgs/msg/detail/trajectory2_d__description.c
[9.529s] -- Installing: /home/thomas24/hive_ws2/install/dwb_msgs/include/dwb_msgs/dwb_msgs/msg/detail/trajectory2_d__struct.h
[9.529s] -- Installing: /home/thomas24/hive_ws2/install/dwb_msgs/include/dwb_msgs/dwb_msgs/msg/detail/critic_score__functions.h
[9.529s] -- Installing: /home/thomas24/hive_ws2/install/dwb_msgs/include/dwb_msgs/dwb_msgs/msg/detail/trajectory_score__type_support.h
[9.529s] -- Installing: /home/thomas24/hive_ws2/install/dwb_msgs/include/dwb_msgs/dwb_msgs/msg/detail/local_plan_evaluation__functions.c
[9.529s] -- Installing: /home/thomas24/hive_ws2/install/dwb_msgs/include/dwb_msgs/dwb_msgs/msg/detail/trajectory_score__description.c
[9.529s] -- Installing: /home/thomas24/hive_ws2/install/dwb_msgs/include/dwb_msgs/dwb_msgs/msg/detail/critic_score__type_support.h
[9.529s] -- Installing: /home/thomas24/hive_ws2/install/dwb_msgs/include/dwb_msgs/dwb_msgs/msg/detail/local_plan_evaluation__struct.h
[9.529s] -- Installing: /home/thomas24/hive_ws2/install/dwb_msgs/include/dwb_msgs/dwb_msgs/msg/detail/trajectory2_d__type_support.c
[9.529s] -- Installing: /home/thomas24/hive_ws2/install/dwb_msgs/include/dwb_msgs/dwb_msgs/msg/detail/trajectory2_d__functions.c
[9.530s] -- Installing: /home/thomas24/hive_ws2/install/dwb_msgs/include/dwb_msgs/dwb_msgs/msg/detail/local_plan_evaluation__type_support.c
[9.530s] -- Installing: /home/thomas24/hive_ws2/install/dwb_msgs/include/dwb_msgs/dwb_msgs/msg/detail/trajectory2_d__functions.h
[9.530s] -- Installing: /home/thomas24/hive_ws2/install/dwb_msgs/include/dwb_msgs/dwb_msgs/msg/detail/trajectory_score__functions.c
[9.530s] -- Installing: /home/thomas24/hive_ws2/install/dwb_msgs/include/dwb_msgs/dwb_msgs/msg/detail/trajectory2_d__type_support.h
[9.530s] -- Installing: /home/thomas24/hive_ws2/install/dwb_msgs/share/dwb_msgs/environment/library_path.sh
[9.530s] -- Installing: /home/thomas24/hive_ws2/install/dwb_msgs/share/dwb_msgs/environment/library_path.dsv
[9.530s] -- Installing: /home/thomas24/hive_ws2/install/dwb_msgs/lib/libdwb_msgs__rosidl_generator_c.so
[9.531s] -- Set non-toolchain portion of runtime path of "/home/thomas24/hive_ws2/install/dwb_msgs/lib/libdwb_msgs__rosidl_generator_c.so" to ""
[9.531s] -- Up-to-date: /home/thomas24/hive_ws2/install/dwb_msgs/include/dwb_msgs/dwb_msgs
[9.531s] -- Up-to-date: /home/thomas24/hive_ws2/install/dwb_msgs/include/dwb_msgs/dwb_msgs/srv
[9.531s] -- Up-to-date: /home/thomas24/hive_ws2/install/dwb_msgs/include/dwb_msgs/dwb_msgs/srv/detail
[9.531s] -- Installing: /home/thomas24/hive_ws2/install/dwb_msgs/include/dwb_msgs/dwb_msgs/srv/detail/get_critic_score__rosidl_typesupport_fastrtps_c.h
[9.531s] -- Installing: /home/thomas24/hive_ws2/install/dwb_msgs/include/dwb_msgs/dwb_msgs/srv/detail/generate_twists__rosidl_typesupport_fastrtps_c.h
[9.532s] -- Installing: /home/thomas24/hive_ws2/install/dwb_msgs/include/dwb_msgs/dwb_msgs/srv/detail/generate_trajectory__rosidl_typesupport_fastrtps_c.h
[9.532s] -- Installing: /home/thomas24/hive_ws2/install/dwb_msgs/include/dwb_msgs/dwb_msgs/srv/detail/debug_local_plan__rosidl_typesupport_fastrtps_c.h
[9.532s] -- Installing: /home/thomas24/hive_ws2/install/dwb_msgs/include/dwb_msgs/dwb_msgs/srv/detail/score_trajectory__rosidl_typesupport_fastrtps_c.h
[9.532s] -- Up-to-date: /home/thomas24/hive_ws2/install/dwb_msgs/include/dwb_msgs/dwb_msgs/msg
[9.532s] -- Up-to-date: /home/thomas24/hive_ws2/install/dwb_msgs/include/dwb_msgs/dwb_msgs/msg/detail
[9.532s] -- Installing: /home/thomas24/hive_ws2/install/dwb_msgs/include/dwb_msgs/dwb_msgs/msg/detail/trajectory_score__rosidl_typesupport_fastrtps_c.h
[9.532s] -- Installing: /home/thomas24/hive_ws2/install/dwb_msgs/include/dwb_msgs/dwb_msgs/msg/detail/local_plan_evaluation__rosidl_typesupport_fastrtps_c.h
[9.532s] -- Installing: /home/thomas24/hive_ws2/install/dwb_msgs/include/dwb_msgs/dwb_msgs/msg/detail/critic_score__rosidl_typesupport_fastrtps_c.h
[9.532s] -- Installing: /home/thomas24/hive_ws2/install/dwb_msgs/include/dwb_msgs/dwb_msgs/msg/detail/trajectory2_d__rosidl_typesupport_fastrtps_c.h
[9.533s] -- Installing: /home/thomas24/hive_ws2/install/dwb_msgs/include/dwb_msgs/dwb_msgs/msg/rosidl_typesupport_fastrtps_c__visibility_control.h
[9.533s] -- Installing: /home/thomas24/hive_ws2/install/dwb_msgs/lib/libdwb_msgs__rosidl_typesupport_fastrtps_c.so
[9.533s] -- Set non-toolchain portion of runtime path of "/home/thomas24/hive_ws2/install/dwb_msgs/lib/libdwb_msgs__rosidl_typesupport_fastrtps_c.so" to ""
[9.533s] -- Up-to-date: /home/thomas24/hive_ws2/install/dwb_msgs/include/dwb_msgs/dwb_msgs
[9.533s] -- Up-to-date: /home/thomas24/hive_ws2/install/dwb_msgs/include/dwb_msgs/dwb_msgs/srv
[9.533s] -- Installing: /home/thomas24/hive_ws2/install/dwb_msgs/include/dwb_msgs/dwb_msgs/srv/generate_twists.hpp
[9.534s] -- Installing: /home/thomas24/hive_ws2/install/dwb_msgs/include/dwb_msgs/dwb_msgs/srv/debug_local_plan.hpp
[9.534s] -- Installing: /home/thomas24/hive_ws2/install/dwb_msgs/include/dwb_msgs/dwb_msgs/srv/score_trajectory.hpp
[9.534s] -- Installing: /home/thomas24/hive_ws2/install/dwb_msgs/include/dwb_msgs/dwb_msgs/srv/get_critic_score.hpp
[9.534s] -- Installing: /home/thomas24/hive_ws2/install/dwb_msgs/include/dwb_msgs/dwb_msgs/srv/generate_trajectory.hpp
[9.534s] -- Up-to-date: /home/thomas24/hive_ws2/install/dwb_msgs/include/dwb_msgs/dwb_msgs/srv/detail
[9.534s] -- Installing: /home/thomas24/hive_ws2/install/dwb_msgs/include/dwb_msgs/dwb_msgs/srv/detail/get_critic_score__traits.hpp
[9.534s] -- Installing: /home/thomas24/hive_ws2/install/dwb_msgs/include/dwb_msgs/dwb_msgs/srv/detail/score_trajectory__type_support.hpp
[9.534s] -- Installing: /home/thomas24/hive_ws2/install/dwb_msgs/include/dwb_msgs/dwb_msgs/srv/detail/generate_twists__struct.hpp
[9.535s] -- Installing: /home/thomas24/hive_ws2/install/dwb_msgs/include/dwb_msgs/dwb_msgs/srv/detail/generate_twists__traits.hpp
[9.535s] -- Installing: /home/thomas24/hive_ws2/install/dwb_msgs/include/dwb_msgs/dwb_msgs/srv/detail/get_critic_score__type_support.hpp
[9.535s] -- Installing: /home/thomas24/hive_ws2/install/dwb_msgs/include/dwb_msgs/dwb_msgs/srv/detail/get_critic_score__builder.hpp
[9.535s] -- Installing: /home/thomas24/hive_ws2/install/dwb_msgs/include/dwb_msgs/dwb_msgs/srv/detail/generate_trajectory__struct.hpp
[9.535s] -- Installing: /home/thomas24/hive_ws2/install/dwb_msgs/include/dwb_msgs/dwb_msgs/srv/detail/debug_local_plan__struct.hpp
[9.535s] -- Installing: /home/thomas24/hive_ws2/install/dwb_msgs/include/dwb_msgs/dwb_msgs/srv/detail/generate_trajectory__traits.hpp
[9.535s] -- Installing: /home/thomas24/hive_ws2/install/dwb_msgs/include/dwb_msgs/dwb_msgs/srv/detail/score_trajectory__struct.hpp
[9.535s] -- Installing: /home/thomas24/hive_ws2/install/dwb_msgs/include/dwb_msgs/dwb_msgs/srv/detail/score_trajectory__traits.hpp
[9.535s] -- Installing: /home/thomas24/hive_ws2/install/dwb_msgs/include/dwb_msgs/dwb_msgs/srv/detail/debug_local_plan__builder.hpp
[9.535s] -- Installing: /home/thomas24/hive_ws2/install/dwb_msgs/include/dwb_msgs/dwb_msgs/srv/detail/debug_local_plan__type_support.hpp
[9.535s] -- Installing: /home/thomas24/hive_ws2/install/dwb_msgs/include/dwb_msgs/dwb_msgs/srv/detail/score_trajectory__builder.hpp
[9.536s] -- Installing: /home/thomas24/hive_ws2/install/dwb_msgs/include/dwb_msgs/dwb_msgs/srv/detail/get_critic_score__struct.hpp
[9.536s] -- Installing: /home/thomas24/hive_ws2/install/dwb_msgs/include/dwb_msgs/dwb_msgs/srv/detail/generate_twists__type_support.hpp
[9.536s] -- Installing: /home/thomas24/hive_ws2/install/dwb_msgs/include/dwb_msgs/dwb_msgs/srv/detail/debug_local_plan__traits.hpp
[9.536s] -- Installing: /home/thomas24/hive_ws2/install/dwb_msgs/include/dwb_msgs/dwb_msgs/srv/detail/generate_twists__builder.hpp
[9.536s] -- Installing: /home/thomas24/hive_ws2/install/dwb_msgs/include/dwb_msgs/dwb_msgs/srv/detail/generate_trajectory__type_support.hpp
[9.536s] -- Installing: /home/thomas24/hive_ws2/install/dwb_msgs/include/dwb_msgs/dwb_msgs/srv/detail/generate_trajectory__builder.hpp
[9.536s] -- Up-to-date: /home/thomas24/hive_ws2/install/dwb_msgs/include/dwb_msgs/dwb_msgs/msg
[9.536s] -- Installing: /home/thomas24/hive_ws2/install/dwb_msgs/include/dwb_msgs/dwb_msgs/msg/critic_score.hpp
[9.537s] -- Installing: /home/thomas24/hive_ws2/install/dwb_msgs/include/dwb_msgs/dwb_msgs/msg/trajectory2_d.hpp
[9.537s] -- Installing: /home/thomas24/hive_ws2/install/dwb_msgs/include/dwb_msgs/dwb_msgs/msg/trajectory_score.hpp
[9.537s] -- Installing: /home/thomas24/hive_ws2/install/dwb_msgs/include/dwb_msgs/dwb_msgs/msg/rosidl_generator_cpp__visibility_control.hpp
[9.537s] -- Installing: /home/thomas24/hive_ws2/install/dwb_msgs/include/dwb_msgs/dwb_msgs/msg/local_plan_evaluation.hpp
[9.537s] -- Up-to-date: /home/thomas24/hive_ws2/install/dwb_msgs/include/dwb_msgs/dwb_msgs/msg/detail
[9.537s] -- Installing: /home/thomas24/hive_ws2/install/dwb_msgs/include/dwb_msgs/dwb_msgs/msg/detail/local_plan_evaluation__type_support.hpp
[9.537s] -- Installing: /home/thomas24/hive_ws2/install/dwb_msgs/include/dwb_msgs/dwb_msgs/msg/detail/trajectory_score__struct.hpp
[9.537s] -- Installing: /home/thomas24/hive_ws2/install/dwb_msgs/include/dwb_msgs/dwb_msgs/msg/detail/critic_score__builder.hpp
[9.537s] -- Installing: /home/thomas24/hive_ws2/install/dwb_msgs/include/dwb_msgs/dwb_msgs/msg/detail/trajectory_score__traits.hpp
[9.537s] -- Installing: /home/thomas24/hive_ws2/install/dwb_msgs/include/dwb_msgs/dwb_msgs/msg/detail/trajectory_score__builder.hpp
[9.537s] -- Installing: /home/thomas24/hive_ws2/install/dwb_msgs/include/dwb_msgs/dwb_msgs/msg/detail/local_plan_evaluation__traits.hpp
[9.537s] -- Installing: /home/thomas24/hive_ws2/install/dwb_msgs/include/dwb_msgs/dwb_msgs/msg/detail/critic_score__type_support.hpp
[9.538s] -- Installing: /home/thomas24/hive_ws2/install/dwb_msgs/include/dwb_msgs/dwb_msgs/msg/detail/trajectory2_d__traits.hpp
[9.538s] -- Installing: /home/thomas24/hive_ws2/install/dwb_msgs/include/dwb_msgs/dwb_msgs/msg/detail/local_plan_evaluation__struct.hpp
[9.538s] -- Installing: /home/thomas24/hive_ws2/install/dwb_msgs/include/dwb_msgs/dwb_msgs/msg/detail/trajectory2_d__builder.hpp
[9.538s] -- Installing: /home/thomas24/hive_ws2/install/dwb_msgs/include/dwb_msgs/dwb_msgs/msg/detail/local_plan_evaluation__builder.hpp
[9.538s] -- Installing: /home/thomas24/hive_ws2/install/dwb_msgs/include/dwb_msgs/dwb_msgs/msg/detail/trajectory2_d__struct.hpp
[9.538s] -- Installing: /home/thomas24/hive_ws2/install/dwb_msgs/include/dwb_msgs/dwb_msgs/msg/detail/critic_score__traits.hpp
[9.538s] -- Installing: /home/thomas24/hive_ws2/install/dwb_msgs/include/dwb_msgs/dwb_msgs/msg/detail/trajectory_score__type_support.hpp
[9.538s] -- Installing: /home/thomas24/hive_ws2/install/dwb_msgs/include/dwb_msgs/dwb_msgs/msg/detail/critic_score__struct.hpp
[9.538s] -- Installing: /home/thomas24/hive_ws2/install/dwb_msgs/include/dwb_msgs/dwb_msgs/msg/detail/trajectory2_d__type_support.hpp
[9.538s] -- Up-to-date: /home/thomas24/hive_ws2/install/dwb_msgs/include/dwb_msgs/dwb_msgs
[9.539s] -- Up-to-date: /home/thomas24/hive_ws2/install/dwb_msgs/include/dwb_msgs/dwb_msgs/srv
[9.539s] -- Up-to-date: /home/thomas24/hive_ws2/install/dwb_msgs/include/dwb_msgs/dwb_msgs/srv/detail
[9.539s] -- Installing: /home/thomas24/hive_ws2/install/dwb_msgs/include/dwb_msgs/dwb_msgs/srv/detail/get_critic_score__rosidl_typesupport_fastrtps_cpp.hpp
[9.539s] -- Installing: /home/thomas24/hive_ws2/install/dwb_msgs/include/dwb_msgs/dwb_msgs/srv/detail/generate_twists__rosidl_typesupport_fastrtps_cpp.hpp
[9.539s] -- Installing: /home/thomas24/hive_ws2/install/dwb_msgs/include/dwb_msgs/dwb_msgs/srv/detail/generate_trajectory__rosidl_typesupport_fastrtps_cpp.hpp
[9.539s] -- Installing: /home/thomas24/hive_ws2/install/dwb_msgs/include/dwb_msgs/dwb_msgs/srv/detail/score_trajectory__rosidl_typesupport_fastrtps_cpp.hpp
[9.539s] -- Installing: /home/thomas24/hive_ws2/install/dwb_msgs/include/dwb_msgs/dwb_msgs/srv/detail/debug_local_plan__rosidl_typesupport_fastrtps_cpp.hpp
[9.539s] -- Installing: /home/thomas24/hive_ws2/install/dwb_msgs/include/dwb_msgs/dwb_msgs/srv/detail/dds_fastrtps
[9.539s] -- Up-to-date: /home/thomas24/hive_ws2/install/dwb_msgs/include/dwb_msgs/dwb_msgs/msg
[9.539s] -- Installing: /home/thomas24/hive_ws2/install/dwb_msgs/include/dwb_msgs/dwb_msgs/msg/rosidl_typesupport_fastrtps_cpp__visibility_control.h
[9.540s] -- Up-to-date: /home/thomas24/hive_ws2/install/dwb_msgs/include/dwb_msgs/dwb_msgs/msg/detail
[9.540s] -- Installing: /home/thomas24/hive_ws2/install/dwb_msgs/include/dwb_msgs/dwb_msgs/msg/detail/trajectory2_d__rosidl_typesupport_fastrtps_cpp.hpp
[9.540s] -- Installing: /home/thomas24/hive_ws2/install/dwb_msgs/include/dwb_msgs/dwb_msgs/msg/detail/trajectory_score__rosidl_typesupport_fastrtps_cpp.hpp
[9.540s] -- Installing: /home/thomas24/hive_ws2/install/dwb_msgs/include/dwb_msgs/dwb_msgs/msg/detail/local_plan_evaluation__rosidl_typesupport_fastrtps_cpp.hpp
[9.540s] -- Installing: /home/thomas24/hive_ws2/install/dwb_msgs/include/dwb_msgs/dwb_msgs/msg/detail/dds_fastrtps
[9.540s] -- Installing: /home/thomas24/hive_ws2/install/dwb_msgs/include/dwb_msgs/dwb_msgs/msg/detail/critic_score__rosidl_typesupport_fastrtps_cpp.hpp
[9.540s] -- Installing: /home/thomas24/hive_ws2/install/dwb_msgs/lib/libdwb_msgs__rosidl_typesupport_fastrtps_cpp.so
[9.541s] -- Set non-toolchain portion of runtime path of "/home/thomas24/hive_ws2/install/dwb_msgs/lib/libdwb_msgs__rosidl_typesupport_fastrtps_cpp.so" to ""
[9.541s] -- Up-to-date: /home/thomas24/hive_ws2/install/dwb_msgs/include/dwb_msgs/dwb_msgs
[9.541s] -- Up-to-date: /home/thomas24/hive_ws2/install/dwb_msgs/include/dwb_msgs/dwb_msgs/srv
[9.541s] -- Up-to-date: /home/thomas24/hive_ws2/install/dwb_msgs/include/dwb_msgs/dwb_msgs/srv/detail
[9.541s] -- Installing: /home/thomas24/hive_ws2/install/dwb_msgs/include/dwb_msgs/dwb_msgs/srv/detail/debug_local_plan__rosidl_typesupport_introspection_c.h
[9.541s] -- Installing: /home/thomas24/hive_ws2/install/dwb_msgs/include/dwb_msgs/dwb_msgs/srv/detail/score_trajectory__type_support.c
[9.542s] -- Installing: /home/thomas24/hive_ws2/install/dwb_msgs/include/dwb_msgs/dwb_msgs/srv/detail/generate_trajectory__type_support.c
[9.542s] -- Installing: /home/thomas24/hive_ws2/install/dwb_msgs/include/dwb_msgs/dwb_msgs/srv/detail/get_critic_score__type_support.c
[9.542s] -- Installing: /home/thomas24/hive_ws2/install/dwb_msgs/include/dwb_msgs/dwb_msgs/srv/detail/debug_local_plan__type_support.c
[9.542s] -- Installing: /home/thomas24/hive_ws2/install/dwb_msgs/include/dwb_msgs/dwb_msgs/srv/detail/get_critic_score__rosidl_typesupport_introspection_c.h
[9.542s] -- Installing: /home/thomas24/hive_ws2/install/dwb_msgs/include/dwb_msgs/dwb_msgs/srv/detail/generate_twists__type_support.c
[9.542s] -- Installing: /home/thomas24/hive_ws2/install/dwb_msgs/include/dwb_msgs/dwb_msgs/srv/detail/score_trajectory__rosidl_typesupport_introspection_c.h
[9.542s] -- Installing: /home/thomas24/hive_ws2/install/dwb_msgs/include/dwb_msgs/dwb_msgs/srv/detail/generate_trajectory__rosidl_typesupport_introspection_c.h
[9.542s] -- Installing: /home/thomas24/hive_ws2/install/dwb_msgs/include/dwb_msgs/dwb_msgs/srv/detail/generate_twists__rosidl_typesupport_introspection_c.h
[9.542s] -- Up-to-date: /home/thomas24/hive_ws2/install/dwb_msgs/include/dwb_msgs/dwb_msgs/msg
[9.542s] -- Installing: /home/thomas24/hive_ws2/install/dwb_msgs/include/dwb_msgs/dwb_msgs/msg/rosidl_typesupport_introspection_c__visibility_control.h
[9.543s] -- Up-to-date: /home/thomas24/hive_ws2/install/dwb_msgs/include/dwb_msgs/dwb_msgs/msg/detail
[9.543s] -- Installing: /home/thomas24/hive_ws2/install/dwb_msgs/include/dwb_msgs/dwb_msgs/msg/detail/trajectory2_d__rosidl_typesupport_introspection_c.h
[9.543s] -- Installing: /home/thomas24/hive_ws2/install/dwb_msgs/include/dwb_msgs/dwb_msgs/msg/detail/trajectory_score__type_support.c
[9.543s] -- Installing: /home/thomas24/hive_ws2/install/dwb_msgs/include/dwb_msgs/dwb_msgs/msg/detail/critic_score__type_support.c
[9.543s] -- Installing: /home/thomas24/hive_ws2/install/dwb_msgs/include/dwb_msgs/dwb_msgs/msg/detail/trajectory_score__rosidl_typesupport_introspection_c.h
[9.543s] -- Installing: /home/thomas24/hive_ws2/install/dwb_msgs/include/dwb_msgs/dwb_msgs/msg/detail/local_plan_evaluation__rosidl_typesupport_introspection_c.h
[9.543s] -- Installing: /home/thomas24/hive_ws2/install/dwb_msgs/include/dwb_msgs/dwb_msgs/msg/detail/critic_score__rosidl_typesupport_introspection_c.h
[9.543s] -- Installing: /home/thomas24/hive_ws2/install/dwb_msgs/include/dwb_msgs/dwb_msgs/msg/detail/trajectory2_d__type_support.c
[9.543s] -- Installing: /home/thomas24/hive_ws2/install/dwb_msgs/include/dwb_msgs/dwb_msgs/msg/detail/local_plan_evaluation__type_support.c
[9.543s] -- Installing: /home/thomas24/hive_ws2/install/dwb_msgs/lib/libdwb_msgs__rosidl_typesupport_introspection_c.so
[9.544s] -- Set non-toolchain portion of runtime path of "/home/thomas24/hive_ws2/install/dwb_msgs/lib/libdwb_msgs__rosidl_typesupport_introspection_c.so" to ""
[9.544s] -- Installing: /home/thomas24/hive_ws2/install/dwb_msgs/lib/libdwb_msgs__rosidl_typesupport_c.so
[9.544s] -- Set non-toolchain portion of runtime path of "/home/thomas24/hive_ws2/install/dwb_msgs/lib/libdwb_msgs__rosidl_typesupport_c.so" to ""
[9.545s] -- Up-to-date: /home/thomas24/hive_ws2/install/dwb_msgs/include/dwb_msgs/dwb_msgs
[9.545s] -- Up-to-date: /home/thomas24/hive_ws2/install/dwb_msgs/include/dwb_msgs/dwb_msgs/srv
[9.545s] -- Up-to-date: /home/thomas24/hive_ws2/install/dwb_msgs/include/dwb_msgs/dwb_msgs/srv/detail
[9.545s] -- Installing: /home/thomas24/hive_ws2/install/dwb_msgs/include/dwb_msgs/dwb_msgs/srv/detail/get_critic_score__rosidl_typesupport_introspection_cpp.hpp
[9.545s] -- Installing: /home/thomas24/hive_ws2/install/dwb_msgs/include/dwb_msgs/dwb_msgs/srv/detail/score_trajectory__rosidl_typesupport_introspection_cpp.hpp
[9.545s] -- Installing: /home/thomas24/hive_ws2/install/dwb_msgs/include/dwb_msgs/dwb_msgs/srv/detail/generate_twists__rosidl_typesupport_introspection_cpp.hpp
[9.545s] -- Installing: /home/thomas24/hive_ws2/install/dwb_msgs/include/dwb_msgs/dwb_msgs/srv/detail/debug_local_plan__rosidl_typesupport_introspection_cpp.hpp
[9.545s] -- Installing: /home/thomas24/hive_ws2/install/dwb_msgs/include/dwb_msgs/dwb_msgs/srv/detail/generate_twists__type_support.cpp
[9.545s] -- Installing: /home/thomas24/hive_ws2/install/dwb_msgs/include/dwb_msgs/dwb_msgs/srv/detail/get_critic_score__type_support.cpp
[9.545s] -- Installing: /home/thomas24/hive_ws2/install/dwb_msgs/include/dwb_msgs/dwb_msgs/srv/detail/generate_trajectory__rosidl_typesupport_introspection_cpp.hpp
[9.545s] -- Installing: /home/thomas24/hive_ws2/install/dwb_msgs/include/dwb_msgs/dwb_msgs/srv/detail/score_trajectory__type_support.cpp
[9.546s] -- Installing: /home/thomas24/hive_ws2/install/dwb_msgs/include/dwb_msgs/dwb_msgs/srv/detail/debug_local_plan__type_support.cpp
[9.546s] -- Installing: /home/thomas24/hive_ws2/install/dwb_msgs/include/dwb_msgs/dwb_msgs/srv/detail/generate_trajectory__type_support.cpp
[9.546s] -- Up-to-date: /home/thomas24/hive_ws2/install/dwb_msgs/include/dwb_msgs/dwb_msgs/msg
[9.546s] -- Up-to-date: /home/thomas24/hive_ws2/install/dwb_msgs/include/dwb_msgs/dwb_msgs/msg/detail
[9.546s] -- Installing: /home/thomas24/hive_ws2/install/dwb_msgs/include/dwb_msgs/dwb_msgs/msg/detail/trajectory_score__type_support.cpp
[9.546s] -- Installing: /home/thomas24/hive_ws2/install/dwb_msgs/include/dwb_msgs/dwb_msgs/msg/detail/critic_score__rosidl_typesupport_introspection_cpp.hpp
[9.546s] -- Installing: /home/thomas24/hive_ws2/install/dwb_msgs/include/dwb_msgs/dwb_msgs/msg/detail/critic_score__type_support.cpp
[9.546s] -- Installing: /home/thomas24/hive_ws2/install/dwb_msgs/include/dwb_msgs/dwb_msgs/msg/detail/local_plan_evaluation__rosidl_typesupport_introspection_cpp.hpp
[9.546s] -- Installing: /home/thomas24/hive_ws2/install/dwb_msgs/include/dwb_msgs/dwb_msgs/msg/detail/trajectory2_d__rosidl_typesupport_introspection_cpp.hpp
[9.546s] -- Installing: /home/thomas24/hive_ws2/install/dwb_msgs/include/dwb_msgs/dwb_msgs/msg/detail/trajectory_score__rosidl_typesupport_introspection_cpp.hpp
[9.546s] -- Installing: /home/thomas24/hive_ws2/install/dwb_msgs/include/dwb_msgs/dwb_msgs/msg/detail/local_plan_evaluation__type_support.cpp
[9.546s] -- Installing: /home/thomas24/hive_ws2/install/dwb_msgs/include/dwb_msgs/dwb_msgs/msg/detail/trajectory2_d__type_support.cpp
[9.547s] -- Installing: /home/thomas24/hive_ws2/install/dwb_msgs/lib/libdwb_msgs__rosidl_typesupport_introspection_cpp.so
[9.548s] -- Set non-toolchain portion of runtime path of "/home/thomas24/hive_ws2/install/dwb_msgs/lib/libdwb_msgs__rosidl_typesupport_introspection_cpp.so" to ""
[9.548s] -- Installing: /home/thomas24/hive_ws2/install/dwb_msgs/lib/libdwb_msgs__rosidl_typesupport_cpp.so
[9.549s] -- Set non-toolchain portion of runtime path of "/home/thomas24/hive_ws2/install/dwb_msgs/lib/libdwb_msgs__rosidl_typesupport_cpp.so" to ""
[9.549s] -- Installing: /home/thomas24/hive_ws2/install/dwb_msgs/share/dwb_msgs/environment/pythonpath.sh
[9.549s] -- Installing: /home/thomas24/hive_ws2/install/dwb_msgs/share/dwb_msgs/environment/pythonpath.dsv
[9.549s] -- Installing: /home/thomas24/hive_ws2/install/dwb_msgs/lib/python3.12/site-packages/dwb_msgs-1.4.0-py3.12.egg-info
[9.549s] -- Installing: /home/thomas24/hive_ws2/install/dwb_msgs/lib/python3.12/site-packages/dwb_msgs-1.4.0-py3.12.egg-info/dependency_links.txt
[9.549s] -- Installing: /home/thomas24/hive_ws2/install/dwb_msgs/lib/python3.12/site-packages/dwb_msgs-1.4.0-py3.12.egg-info/SOURCES.txt
[9.550s] -- Installing: /home/thomas24/hive_ws2/install/dwb_msgs/lib/python3.12/site-packages/dwb_msgs-1.4.0-py3.12.egg-info/top_level.txt
[9.550s] -- Installing: /home/thomas24/hive_ws2/install/dwb_msgs/lib/python3.12/site-packages/dwb_msgs-1.4.0-py3.12.egg-info/PKG-INFO
[9.550s] -- Installing: /home/thomas24/hive_ws2/install/dwb_msgs/lib/python3.12/site-packages/dwb_msgs
[9.550s] -- Installing: /home/thomas24/hive_ws2/install/dwb_msgs/lib/python3.12/site-packages/dwb_msgs/_dwb_msgs_s.ep.rosidl_typesupport_c.c
[9.551s] -- Installing: /home/thomas24/hive_ws2/install/dwb_msgs/lib/python3.12/site-packages/dwb_msgs/__init__.py
[9.551s] -- Installing: /home/thomas24/hive_ws2/install/dwb_msgs/lib/python3.12/site-packages/dwb_msgs/_dwb_msgs_s.ep.rosidl_typesupport_introspection_c.c
[9.551s] -- Installing: /home/thomas24/hive_ws2/install/dwb_msgs/lib/python3.12/site-packages/dwb_msgs/dwb_msgs_s__rosidl_typesupport_c.so
[9.551s] -- Installing: /home/thomas24/hive_ws2/install/dwb_msgs/lib/python3.12/site-packages/dwb_msgs/dwb_msgs_s__rosidl_typesupport_fastrtps_c.so
[9.551s] -- Installing: /home/thomas24/hive_ws2/install/dwb_msgs/lib/python3.12/site-packages/dwb_msgs/_dwb_msgs_s.ep.rosidl_typesupport_fastrtps_c.c
[9.551s] -- Installing: /home/thomas24/hive_ws2/install/dwb_msgs/lib/python3.12/site-packages/dwb_msgs/srv
[9.551s] -- Installing: /home/thomas24/hive_ws2/install/dwb_msgs/lib/python3.12/site-packages/dwb_msgs/srv/_generate_trajectory_s.c
[9.551s] -- Installing: /home/thomas24/hive_ws2/install/dwb_msgs/lib/python3.12/site-packages/dwb_msgs/srv/_score_trajectory_s.c
[9.552s] -- Installing: /home/thomas24/hive_ws2/install/dwb_msgs/lib/python3.12/site-packages/dwb_msgs/srv/__init__.py
[9.552s] -- Installing: /home/thomas24/hive_ws2/install/dwb_msgs/lib/python3.12/site-packages/dwb_msgs/srv/_generate_twists.py
[9.552s] -- Installing: /home/thomas24/hive_ws2/install/dwb_msgs/lib/python3.12/site-packages/dwb_msgs/srv/_generate_trajectory.py
[9.552s] -- Installing: /home/thomas24/hive_ws2/install/dwb_msgs/lib/python3.12/site-packages/dwb_msgs/srv/_get_critic_score.py
[9.552s] -- Installing: /home/thomas24/hive_ws2/install/dwb_msgs/lib/python3.12/site-packages/dwb_msgs/srv/_score_trajectory.py
[9.552s] -- Installing: /home/thomas24/hive_ws2/install/dwb_msgs/lib/python3.12/site-packages/dwb_msgs/srv/_debug_local_plan_s.c
[9.552s] -- Installing: /home/thomas24/hive_ws2/install/dwb_msgs/lib/python3.12/site-packages/dwb_msgs/srv/_get_critic_score_s.c
[9.552s] -- Installing: /home/thomas24/hive_ws2/install/dwb_msgs/lib/python3.12/site-packages/dwb_msgs/srv/_debug_local_plan.py
[9.552s] -- Installing: /home/thomas24/hive_ws2/install/dwb_msgs/lib/python3.12/site-packages/dwb_msgs/srv/_generate_twists_s.c
[9.552s] -- Installing: /home/thomas24/hive_ws2/install/dwb_msgs/lib/python3.12/site-packages/dwb_msgs/dwb_msgs_s__rosidl_typesupport_introspection_c.so
[9.553s] -- Installing: /home/thomas24/hive_ws2/install/dwb_msgs/lib/python3.12/site-packages/dwb_msgs/msg
[9.553s] -- Installing: /home/thomas24/hive_ws2/install/dwb_msgs/lib/python3.12/site-packages/dwb_msgs/msg/__init__.py
[9.553s] -- Installing: /home/thomas24/hive_ws2/install/dwb_msgs/lib/python3.12/site-packages/dwb_msgs/msg/_critic_score_s.c
[9.553s] -- Installing: /home/thomas24/hive_ws2/install/dwb_msgs/lib/python3.12/site-packages/dwb_msgs/msg/_critic_score.py
[9.553s] -- Installing: /home/thomas24/hive_ws2/install/dwb_msgs/lib/python3.12/site-packages/dwb_msgs/msg/_trajectory_score.py
[9.553s] -- Installing: /home/thomas24/hive_ws2/install/dwb_msgs/lib/python3.12/site-packages/dwb_msgs/msg/_trajectory_score_s.c
[9.553s] -- Installing: /home/thomas24/hive_ws2/install/dwb_msgs/lib/python3.12/site-packages/dwb_msgs/msg/_local_plan_evaluation_s.c
[9.554s] -- Installing: /home/thomas24/hive_ws2/install/dwb_msgs/lib/python3.12/site-packages/dwb_msgs/msg/_trajectory2_d_s.c
[9.554s] -- Installing: /home/thomas24/hive_ws2/install/dwb_msgs/lib/python3.12/site-packages/dwb_msgs/msg/_local_plan_evaluation.py
[9.554s] -- Installing: /home/thomas24/hive_ws2/install/dwb_msgs/lib/python3.12/site-packages/dwb_msgs/msg/_trajectory2_d.py
[9.602s] Listing '/home/thomas24/hive_ws2/install/dwb_msgs/lib/python3.12/site-packages/dwb_msgs'...
[9.602s] Compiling '/home/thomas24/hive_ws2/install/dwb_msgs/lib/python3.12/site-packages/dwb_msgs/__init__.py'...
[9.602s] Listing '/home/thomas24/hive_ws2/install/dwb_msgs/lib/python3.12/site-packages/dwb_msgs/msg'...
[9.602s] Compiling '/home/thomas24/hive_ws2/install/dwb_msgs/lib/python3.12/site-packages/dwb_msgs/msg/__init__.py'...
[9.603s] Compiling '/home/thomas24/hive_ws2/install/dwb_msgs/lib/python3.12/site-packages/dwb_msgs/msg/_critic_score.py'...
[9.603s] Compiling '/home/thomas24/hive_ws2/install/dwb_msgs/lib/python3.12/site-packages/dwb_msgs/msg/_local_plan_evaluation.py'...
[9.603s] Compiling '/home/thomas24/hive_ws2/install/dwb_msgs/lib/python3.12/site-packages/dwb_msgs/msg/_trajectory2_d.py'...
[9.603s] Compiling '/home/thomas24/hive_ws2/install/dwb_msgs/lib/python3.12/site-packages/dwb_msgs/msg/_trajectory_score.py'...
[9.603s] Listing '/home/thomas24/hive_ws2/install/dwb_msgs/lib/python3.12/site-packages/dwb_msgs/srv'...
[9.603s] Compiling '/home/thomas24/hive_ws2/install/dwb_msgs/lib/python3.12/site-packages/dwb_msgs/srv/__init__.py'...
[9.603s] Compiling '/home/thomas24/hive_ws2/install/dwb_msgs/lib/python3.12/site-packages/dwb_msgs/srv/_debug_local_plan.py'...
[9.603s] Compiling '/home/thomas24/hive_ws2/install/dwb_msgs/lib/python3.12/site-packages/dwb_msgs/srv/_generate_trajectory.py'...
[9.603s] Compiling '/home/thomas24/hive_ws2/install/dwb_msgs/lib/python3.12/site-packages/dwb_msgs/srv/_generate_twists.py'...
[9.603s] Compiling '/home/thomas24/hive_ws2/install/dwb_msgs/lib/python3.12/site-packages/dwb_msgs/srv/_get_critic_score.py'...
[9.603s] Compiling '/home/thomas24/hive_ws2/install/dwb_msgs/lib/python3.12/site-packages/dwb_msgs/srv/_score_trajectory.py'...
[9.608s] -- Installing: /home/thomas24/hive_ws2/install/dwb_msgs/lib/python3.12/site-packages/dwb_msgs/dwb_msgs_s__rosidl_typesupport_fastrtps_c.so
[9.608s] -- Set non-toolchain portion of runtime path of "/home/thomas24/hive_ws2/install/dwb_msgs/lib/python3.12/site-packages/dwb_msgs/dwb_msgs_s__rosidl_typesupport_fastrtps_c.so" to ""
[9.609s] -- Installing: /home/thomas24/hive_ws2/install/dwb_msgs/lib/python3.12/site-packages/dwb_msgs/dwb_msgs_s__rosidl_typesupport_introspection_c.so
[9.609s] -- Set non-toolchain portion of runtime path of "/home/thomas24/hive_ws2/install/dwb_msgs/lib/python3.12/site-packages/dwb_msgs/dwb_msgs_s__rosidl_typesupport_introspection_c.so" to ""
[9.609s] -- Installing: /home/thomas24/hive_ws2/install/dwb_msgs/lib/python3.12/site-packages/dwb_msgs/dwb_msgs_s__rosidl_typesupport_c.so
[9.610s] -- Set non-toolchain portion of runtime path of "/home/thomas24/hive_ws2/install/dwb_msgs/lib/python3.12/site-packages/dwb_msgs/dwb_msgs_s__rosidl_typesupport_c.so" to ""
[9.610s] -- Installing: /home/thomas24/hive_ws2/install/dwb_msgs/lib/libdwb_msgs__rosidl_generator_py.so
[9.610s] -- Set non-toolchain portion of runtime path of "/home/thomas24/hive_ws2/install/dwb_msgs/lib/libdwb_msgs__rosidl_generator_py.so" to ""
[9.610s] -- Installing: /home/thomas24/hive_ws2/install/dwb_msgs/share/dwb_msgs/msg/CriticScore.idl
[9.610s] -- Installing: /home/thomas24/hive_ws2/install/dwb_msgs/share/dwb_msgs/msg/LocalPlanEvaluation.idl
[9.611s] -- Installing: /home/thomas24/hive_ws2/install/dwb_msgs/share/dwb_msgs/msg/Trajectory2D.idl
[9.611s] -- Installing: /home/thomas24/hive_ws2/install/dwb_msgs/share/dwb_msgs/msg/TrajectoryScore.idl
[9.611s] -- Installing: /home/thomas24/hive_ws2/install/dwb_msgs/share/dwb_msgs/srv/DebugLocalPlan.idl
[9.611s] -- Installing: /home/thomas24/hive_ws2/install/dwb_msgs/share/dwb_msgs/srv/GenerateTrajectory.idl
[9.611s] -- Installing: /home/thomas24/hive_ws2/install/dwb_msgs/share/dwb_msgs/srv/GenerateTwists.idl
[9.611s] -- Installing: /home/thomas24/hive_ws2/install/dwb_msgs/share/dwb_msgs/srv/GetCriticScore.idl
[9.611s] -- Installing: /home/thomas24/hive_ws2/install/dwb_msgs/share/dwb_msgs/srv/ScoreTrajectory.idl
[9.612s] -- Installing: /home/thomas24/hive_ws2/install/dwb_msgs/share/dwb_msgs/msg/CriticScore.msg
[9.612s] -- Installing: /home/thomas24/hive_ws2/install/dwb_msgs/share/dwb_msgs/msg/LocalPlanEvaluation.msg
[9.612s] -- Installing: /home/thomas24/hive_ws2/install/dwb_msgs/share/dwb_msgs/msg/Trajectory2D.msg
[9.612s] -- Installing: /home/thomas24/hive_ws2/install/dwb_msgs/share/dwb_msgs/msg/TrajectoryScore.msg
[9.612s] -- Installing: /home/thomas24/hive_ws2/install/dwb_msgs/share/dwb_msgs/srv/DebugLocalPlan.srv
[9.612s] -- Installing: /home/thomas24/hive_ws2/install/dwb_msgs/share/dwb_msgs/srv/GenerateTrajectory.srv
[9.613s] -- Installing: /home/thomas24/hive_ws2/install/dwb_msgs/share/dwb_msgs/srv/GenerateTwists.srv
[9.613s] -- Installing: /home/thomas24/hive_ws2/install/dwb_msgs/share/dwb_msgs/srv/GetCriticScore.srv
[9.613s] -- Installing: /home/thomas24/hive_ws2/install/dwb_msgs/share/dwb_msgs/srv/ScoreTrajectory.srv
[9.613s] -- Installing: /home/thomas24/hive_ws2/install/dwb_msgs/share/ament_index/resource_index/package_run_dependencies/dwb_msgs
[9.613s] -- Installing: /home/thomas24/hive_ws2/install/dwb_msgs/share/ament_index/resource_index/parent_prefix_path/dwb_msgs
[9.613s] -- Installing: /home/thomas24/hive_ws2/install/dwb_msgs/share/dwb_msgs/environment/ament_prefix_path.sh
[9.613s] -- Installing: /home/thomas24/hive_ws2/install/dwb_msgs/share/dwb_msgs/environment/ament_prefix_path.dsv
[9.614s] -- Installing: /home/thomas24/hive_ws2/install/dwb_msgs/share/dwb_msgs/environment/path.sh
[9.614s] -- Installing: /home/thomas24/hive_ws2/install/dwb_msgs/share/dwb_msgs/environment/path.dsv
[9.614s] -- Installing: /home/thomas24/hive_ws2/install/dwb_msgs/share/dwb_msgs/local_setup.bash
[9.614s] -- Installing: /home/thomas24/hive_ws2/install/dwb_msgs/share/dwb_msgs/local_setup.sh
[9.614s] -- Installing: /home/thomas24/hive_ws2/install/dwb_msgs/share/dwb_msgs/local_setup.zsh
[9.615s] -- Installing: /home/thomas24/hive_ws2/install/dwb_msgs/share/dwb_msgs/local_setup.dsv
[9.615s] -- Installing: /home/thomas24/hive_ws2/install/dwb_msgs/share/dwb_msgs/package.dsv
[9.615s] -- Installing: /home/thomas24/hive_ws2/install/dwb_msgs/share/ament_index/resource_index/packages/dwb_msgs
[9.615s] -- Installing: /home/thomas24/hive_ws2/install/dwb_msgs/share/dwb_msgs/cmake/export_dwb_msgs__rosidl_generator_cExport.cmake
[9.615s] -- Installing: /home/thomas24/hive_ws2/install/dwb_msgs/share/dwb_msgs/cmake/export_dwb_msgs__rosidl_generator_cExport-noconfig.cmake
[9.615s] -- Installing: /home/thomas24/hive_ws2/install/dwb_msgs/share/dwb_msgs/cmake/export_dwb_msgs__rosidl_typesupport_fastrtps_cExport.cmake
[9.615s] -- Installing: /home/thomas24/hive_ws2/install/dwb_msgs/share/dwb_msgs/cmake/export_dwb_msgs__rosidl_typesupport_fastrtps_cExport-noconfig.cmake
[9.615s] -- Installing: /home/thomas24/hive_ws2/install/dwb_msgs/share/dwb_msgs/cmake/export_dwb_msgs__rosidl_generator_cppExport.cmake
[9.615s] -- Installing: /home/thomas24/hive_ws2/install/dwb_msgs/share/dwb_msgs/cmake/export_dwb_msgs__rosidl_typesupport_fastrtps_cppExport.cmake
[9.616s] -- Installing: /home/thomas24/hive_ws2/install/dwb_msgs/share/dwb_msgs/cmake/export_dwb_msgs__rosidl_typesupport_fastrtps_cppExport-noconfig.cmake
[9.616s] -- Installing: /home/thomas24/hive_ws2/install/dwb_msgs/share/dwb_msgs/cmake/dwb_msgs__rosidl_typesupport_introspection_cExport.cmake
[9.616s] -- Installing: /home/thomas24/hive_ws2/install/dwb_msgs/share/dwb_msgs/cmake/dwb_msgs__rosidl_typesupport_introspection_cExport-noconfig.cmake
[9.616s] -- Installing: /home/thomas24/hive_ws2/install/dwb_msgs/share/dwb_msgs/cmake/dwb_msgs__rosidl_typesupport_cExport.cmake
[9.616s] -- Installing: /home/thomas24/hive_ws2/install/dwb_msgs/share/dwb_msgs/cmake/dwb_msgs__rosidl_typesupport_cExport-noconfig.cmake
[9.616s] -- Installing: /home/thomas24/hive_ws2/install/dwb_msgs/share/dwb_msgs/cmake/dwb_msgs__rosidl_typesupport_introspection_cppExport.cmake
[9.616s] -- Installing: /home/thomas24/hive_ws2/install/dwb_msgs/share/dwb_msgs/cmake/dwb_msgs__rosidl_typesupport_introspection_cppExport-noconfig.cmake
[9.616s] -- Installing: /home/thomas24/hive_ws2/install/dwb_msgs/share/dwb_msgs/cmake/dwb_msgs__rosidl_typesupport_cppExport.cmake
[9.617s] -- Installing: /home/thomas24/hive_ws2/install/dwb_msgs/share/dwb_msgs/cmake/dwb_msgs__rosidl_typesupport_cppExport-noconfig.cmake
[9.617s] -- Installing: /home/thomas24/hive_ws2/install/dwb_msgs/share/dwb_msgs/cmake/export_dwb_msgs__rosidl_generator_pyExport.cmake
[9.617s] -- Installing: /home/thomas24/hive_ws2/install/dwb_msgs/share/dwb_msgs/cmake/export_dwb_msgs__rosidl_generator_pyExport-noconfig.cmake
[9.617s] -- Installing: /home/thomas24/hive_ws2/install/dwb_msgs/share/dwb_msgs/cmake/rosidl_cmake-extras.cmake
[9.617s] -- Installing: /home/thomas24/hive_ws2/install/dwb_msgs/share/dwb_msgs/cmake/ament_cmake_export_dependencies-extras.cmake
[9.617s] -- Installing: /home/thomas24/hive_ws2/install/dwb_msgs/share/dwb_msgs/cmake/ament_cmake_export_include_directories-extras.cmake
[9.618s] -- Installing: /home/thomas24/hive_ws2/install/dwb_msgs/share/dwb_msgs/cmake/ament_cmake_export_libraries-extras.cmake
[9.618s] -- Installing: /home/thomas24/hive_ws2/install/dwb_msgs/share/dwb_msgs/cmake/ament_cmake_export_targets-extras.cmake
[9.618s] -- Installing: /home/thomas24/hive_ws2/install/dwb_msgs/share/dwb_msgs/cmake/rosidl_cmake_export_typesupport_targets-extras.cmake
[9.618s] -- Installing: /home/thomas24/hive_ws2/install/dwb_msgs/share/dwb_msgs/cmake/rosidl_cmake_export_typesupport_libraries-extras.cmake
[9.618s] -- Installing: /home/thomas24/hive_ws2/install/dwb_msgs/share/dwb_msgs/cmake/dwb_msgsConfig.cmake
[9.618s] -- Installing: /home/thomas24/hive_ws2/install/dwb_msgs/share/dwb_msgs/cmake/dwb_msgsConfig-version.cmake
[9.618s] -- Installing: /home/thomas24/hive_ws2/install/dwb_msgs/share/dwb_msgs/package.xml
[9.621s] Invoked command in '/home/thomas24/hive_ws2/build/dwb_msgs' returned '0': AMENT_PREFIX_PATH=/home/thomas24/hive_ws2/install/nav_2d_msgs:${AMENT_PREFIX_PATH} CMAKE_PREFIX_PATH=/home/thomas24/hive_ws2/install/nav_2d_msgs:/opt/ros/jazzy/opt/gz_sim_vendor:/opt/ros/jazzy/opt/gz_sensors_vendor:/opt/ros/jazzy/opt/gz_physics_vendor:/opt/ros/jazzy/opt/sdformat_vendor:/opt/ros/jazzy/opt/gz_gui_vendor:/opt/ros/jazzy/opt/gz_transport_vendor:/opt/ros/jazzy/opt/gz_rendering_vendor:/opt/ros/jazzy/opt/gz_plugin_vendor:/opt/ros/jazzy/opt/gz_fuel_tools_vendor:/opt/ros/jazzy/opt/gz_msgs_vendor:/opt/ros/jazzy/opt/gz_common_vendor:/opt/ros/jazzy/opt/gz_math_vendor:/opt/ros/jazzy/opt/gz_utils_vendor:/opt/ros/jazzy/opt/gz_tools_vendor:/opt/ros/jazzy/opt/gz_ogre_next_vendor:/opt/ros/jazzy/opt/gz_dartsim_vendor:/opt/ros/jazzy/opt/gz_cmake_vendor:/opt/ros/jazzy DEBUGINFOD_URLS=https://debuginfod.ubuntu.com LD_LIBRARY_PATH=/home/thomas24/hive_ws2/install/nav_2d_msgs/lib:${LD_LIBRARY_PATH} PYTHONPATH=/home/thomas24/hive_ws2/install/nav_2d_msgs/lib/python3.12/site-packages:${PYTHONPATH} /usr/bin/cmake --install /home/thomas24/hive_ws2/build/dwb_msgs
