-- The C compiler identification is GNU 13.3.0
-- The CXX compiler identification is GNU 13.3.0
-- Detecting C compiler ABI info
-- Detecting C compiler ABI info - done
-- Check for working C compiler: /usr/bin/cc - skipped
-- Detecting C compile features
-- Detecting C compile features - done
-- Detecting CXX compiler ABI info
-- Detecting CXX compiler ABI info - done
-- Check for working CXX compiler: /usr/bin/c++ - skipped
-- Detecting CXX compile features
-- Detecting CXX compile features - done
-- Found ament_cmake: 2.5.4 (/opt/ros/jazzy/share/ament_cmake/cmake)
-- Found Python3: /usr/bin/python3 (found version "3.12.3") found components: Interpreter 
-- Found angles: 1.16.0 (/opt/ros/jazzy/share/angles/cmake)
-- Found geometry_msgs: 5.3.6 (/opt/ros/jazzy/share/geometry_msgs/cmake)
-- Found rosidl_generator_c: 4.6.6 (/opt/ros/jazzy/share/rosidl_generator_c/cmake)
-- Found rosidl_generator_cpp: 4.6.6 (/opt/ros/jazzy/share/rosidl_generator_cpp/cmake)
-- Using all available rosidl_typesupport_c: rosidl_typesupport_fastrtps_c;rosidl_typesupport_introspection_c
-- Using all available rosidl_typesupport_cpp: rosidl_typesupport_fastrtps_cpp;rosidl_typesupport_introspection_cpp
-- Found nav2_common: 1.4.0 (/home/thomas24/hive_ws2/install/nav2_common/share/nav2_common/cmake)
-- Found nav2_graceful_controller: 1.4.0 (/home/thomas24/hive_ws2/install/nav2_graceful_controller/share/nav2_graceful_controller/cmake)
-- Found rmw_implementation_cmake: 7.3.2 (/opt/ros/jazzy/share/rmw_implementation_cmake/cmake)
-- Found rmw_fastrtps_cpp: 8.4.3 (/opt/ros/jazzy/share/rmw_fastrtps_cpp/cmake)
-- Found OpenSSL: /usr/lib/x86_64-linux-gnu/libcrypto.so (found version "3.0.13")  
-- Found FastRTPS: /opt/ros/jazzy/include (Required is at least version "2.13") 
-- Using RMW implementation 'rmw_fastrtps_cpp' as default
-- Found eigen3_cmake_module: 0.3.0 (/opt/ros/jazzy/share/eigen3_cmake_module/cmake)
-- Found Eigen3: TRUE (found version "3.4.0") 
-- Ensuring Eigen3 include directory is part of orocos-kdl CMake target
-- Found opennav_docking_core: 1.4.0 (/home/thomas24/hive_ws2/install/opennav_docking_core/share/opennav_docking_core/cmake)
-- Found yaml_cpp_vendor: 9.0.1 (/opt/ros/jazzy/share/yaml_cpp_vendor/cmake)
-- Setting yaml-cpp_DIR to: '/opt/ros/jazzy/share/yaml_cpp_vendor/cmake/../../../opt/yaml_cpp_vendor/share/cmake/yaml-cpp'
-- Setting build type to Release as none was specified.
-- Found ament_lint_auto: 0.17.3 (/opt/ros/jazzy/share/ament_lint_auto/cmake)
-- Found ament_cmake_gtest: 2.5.4 (/opt/ros/jazzy/share/ament_cmake_gtest/cmake)
-- Found ament_cmake_pytest: 2.5.4 (/opt/ros/jazzy/share/ament_cmake_pytest/cmake)
-- Found gtest sources under '/opt/ros/jazzy/src/gtest_vendor': C++ tests using 'Google Test' will be built
-- Performing Test CMAKE_HAVE_LIBC_PTHREAD
-- Performing Test CMAKE_HAVE_LIBC_PTHREAD - Success
-- Found Threads: TRUE  
-- Added test 'copyright' to check source files copyright and LICENSE
-- Added test 'cppcheck' to perform static code analysis on C / C++ code
-- Configured cppcheck include dirs: $<BUILD_INTERFACE:/home/thomas24/hive_ws2/src/navigation2/nav2_docking/opennav_docking/include>
-- Configured cppcheck exclude dirs and/or files: 
-- Added test 'cpplint' to check C / C++ code against the Google style
-- Configured cpplint exclude dirs and/or files: 
-- Added test 'flake8' to check Python code syntax and style conventions
-- Configured 'flake8' exclude dirs and/or files: 
-- Added test 'lint_cmake' to check CMake code style
-- Added test 'pep257' to check Python code against some of the docstring style conventions in PEP 257
-- Added test 'uncrustify' to check C / C++ code style
-- Configured uncrustify additional arguments: 
-- Added test 'xmllint' to check XML markup files
-- Configuring done (4.0s)
-- Generating done (0.1s)
-- Build files have been written to: /home/thomas24/hive_ws2/build/opennav_docking
[  2%] [32mBuilding CXX object CMakeFiles/controller.dir/src/controller.cpp.o[0m
[  5%] [32m[1mLinking CXX shared library libcontroller.so[0m
[  5%] Built target controller
[  8%] [32mBuilding CXX object test/CMakeFiles/test_dock.dir/testing_dock.cpp.o[0m
[ 11%] [32m[1mLinking CXX shared library libtest_dock.so[0m
[ 11%] Built target test_dock
[ 13%] [32mBuilding CXX object CMakeFiles/opennav_docking_core.dir/src/docking_server.cpp.o[0m
[ 16%] [32mBuilding CXX object CMakeFiles/opennav_docking_core.dir/src/navigator.cpp.o[0m
[ 19%] [32mBuilding CXX object CMakeFiles/opennav_docking_core.dir/src/dock_database.cpp.o[0m
[ 22%] [32m[1mLinking CXX shared library libopennav_docking_core.so[0m
[ 22%] Built target opennav_docking_core
[ 25%] [32mBuilding CXX object gtest/CMakeFiles/gtest.dir/src/gtest-all.cc.o[0m
[ 27%] [32m[1mLinking CXX static library libgtest.a[0m
[ 27%] Built target gtest
[ 33%] [32mBuilding CXX object CMakeFiles/opennav_docking.dir/src/main.cpp.o[0m
[ 33%] [32mBuilding CXX object gtest/CMakeFiles/gtest_main.dir/src/gtest_main.cc.o[0m
[ 36%] [32m[1mLinking CXX static library libgtest_main.a[0m
[ 36%] Built target gtest_main
[ 38%] [32mBuilding CXX object CMakeFiles/pose_filter.dir/src/pose_filter.cpp.o[0m
[ 41%] [32m[1mLinking CXX shared library libpose_filter.so[0m
[ 41%] Built target pose_filter
[ 47%] [32mBuilding CXX object test/CMakeFiles/test_docking_server_unit.dir/test_docking_server_unit.cpp.o[0m
[ 47%] [32mBuilding CXX object test/CMakeFiles/test_controller.dir/test_controller.cpp.o[0m
[ 50%] [32m[1mLinking CXX executable opennav_docking[0m
[ 50%] Built target opennav_docking
[ 52%] [32mBuilding CXX object test/CMakeFiles/test_pose_filter.dir/test_pose_filter.cpp.o[0m
[ 55%] [32mBuilding CXX object CMakeFiles/simple_non_charging_dock.dir/src/simple_non_charging_dock.cpp.o[0m
[ 58%] [32m[1mLinking CXX executable test_pose_filter[0m
[ 58%] Built target test_pose_filter
[ 61%] [32m[1mLinking CXX executable test_controller[0m
[ 61%] Built target test_controller
[ 63%] [32m[1mLinking CXX executable test_docking_server_unit[0m
[ 63%] Built target test_docking_server_unit
[ 66%] [32m[1mLinking CXX shared library libsimple_non_charging_dock.so[0m
[ 66%] Built target simple_non_charging_dock
[ 69%] [32mBuilding CXX object CMakeFiles/simple_charging_dock.dir/src/simple_charging_dock.cpp.o[0m
[ 72%] [32m[1mLinking CXX shared library libsimple_charging_dock.so[0m
[ 72%] Built target simple_charging_dock
[ 75%] [32mBuilding CXX object test/CMakeFiles/test_simple_non_charging_dock.dir/test_simple_non_charging_dock.cpp.o[0m
[ 77%] [32m[1mLinking CXX executable test_simple_non_charging_dock[0m
[ 77%] Built target test_simple_non_charging_dock
[ 86%] [32mBuilding CXX object test/CMakeFiles/test_simple_charging_dock.dir/test_simple_charging_dock.cpp.o[0m
[ 88%] [32mBuilding CXX object test/CMakeFiles/test_utils.dir/test_utils.cpp.o[0m
[ 88%] [32mBuilding CXX object test/CMakeFiles/test_dock_database.dir/test_dock_database.cpp.o[0m
[ 88%] [32mBuilding CXX object test/CMakeFiles/test_navigator.dir/test_navigator.cpp.o[0m
[ 91%] [32m[1mLinking CXX executable test_utils[0m
[ 91%] Built target test_utils
[ 94%] [32m[1mLinking CXX executable test_dock_database[0m
[ 94%] Built target test_dock_database
[ 97%] [32m[1mLinking CXX executable test_navigator[0m
[ 97%] Built target test_navigator
[100%] [32m[1mLinking CXX executable test_simple_charging_dock[0m
[100%] Built target test_simple_charging_dock
-- Install configuration: "Release"
-- Installing: /home/thomas24/hive_ws2/install/opennav_docking/share/opennav_docking/plugins.xml
-- Installing: /home/thomas24/hive_ws2/install/opennav_docking/lib/libopennav_docking_core.so
-- Set non-toolchain portion of runtime path of "/home/thomas24/hive_ws2/install/opennav_docking/lib/libopennav_docking_core.so" to ""
-- Installing: /home/thomas24/hive_ws2/install/opennav_docking/lib/libcontroller.so
-- Set non-toolchain portion of runtime path of "/home/thomas24/hive_ws2/install/opennav_docking/lib/libcontroller.so" to ""
-- Installing: /home/thomas24/hive_ws2/install/opennav_docking/lib/libpose_filter.so
-- Set non-toolchain portion of runtime path of "/home/thomas24/hive_ws2/install/opennav_docking/lib/libpose_filter.so" to ""
-- Installing: /home/thomas24/hive_ws2/install/opennav_docking/lib/libsimple_charging_dock.so
-- Set non-toolchain portion of runtime path of "/home/thomas24/hive_ws2/install/opennav_docking/lib/libsimple_charging_dock.so" to ""
-- Installing: /home/thomas24/hive_ws2/install/opennav_docking/lib/libsimple_non_charging_dock.so
-- Set non-toolchain portion of runtime path of "/home/thomas24/hive_ws2/install/opennav_docking/lib/libsimple_non_charging_dock.so" to ""
-- Installing: /home/thomas24/hive_ws2/install/opennav_docking/lib/opennav_docking/opennav_docking
-- Set non-toolchain portion of runtime path of "/home/thomas24/hive_ws2/install/opennav_docking/lib/opennav_docking/opennav_docking" to ""
-- Installing: /home/thomas24/hive_ws2/install/opennav_docking/include/opennav_docking
-- Installing: /home/thomas24/hive_ws2/install/opennav_docking/include/opennav_docking/opennav_docking
-- Installing: /home/thomas24/hive_ws2/install/opennav_docking/include/opennav_docking/opennav_docking/simple_non_charging_dock.hpp
-- Installing: /home/thomas24/hive_ws2/install/opennav_docking/include/opennav_docking/opennav_docking/simple_charging_dock.hpp
-- Installing: /home/thomas24/hive_ws2/install/opennav_docking/include/opennav_docking/opennav_docking/utils.hpp
-- Installing: /home/thomas24/hive_ws2/install/opennav_docking/include/opennav_docking/opennav_docking/navigator.hpp
-- Installing: /home/thomas24/hive_ws2/install/opennav_docking/include/opennav_docking/opennav_docking/dock_database.hpp
-- Installing: /home/thomas24/hive_ws2/install/opennav_docking/include/opennav_docking/opennav_docking/controller.hpp
-- Installing: /home/thomas24/hive_ws2/install/opennav_docking/include/opennav_docking/opennav_docking/pose_filter.hpp
-- Installing: /home/thomas24/hive_ws2/install/opennav_docking/include/opennav_docking/opennav_docking/types.hpp
-- Installing: /home/thomas24/hive_ws2/install/opennav_docking/include/opennav_docking/opennav_docking/docking_server.hpp
-- Installing: /home/thomas24/hive_ws2/install/opennav_docking/share/opennav_docking//dock_files
-- Installing: /home/thomas24/hive_ws2/install/opennav_docking/share/opennav_docking//dock_files/test_dock_no_type_file.yaml
-- Installing: /home/thomas24/hive_ws2/install/opennav_docking/share/opennav_docking//dock_files/test_no_docks_file.yaml
-- Installing: /home/thomas24/hive_ws2/install/opennav_docking/share/opennav_docking//dock_files/test_dock_bad_conversion_file.yaml
-- Installing: /home/thomas24/hive_ws2/install/opennav_docking/share/opennav_docking//dock_files/test_dock_file.yaml
-- Installing: /home/thomas24/hive_ws2/install/opennav_docking/share/opennav_docking//dock_files/test_dock_no_pose_file.yaml
-- Installing: /home/thomas24/hive_ws2/install/opennav_docking/share/opennav_docking//dock_files/test_dock_bad_pose_file.yaml
-- Installing: /home/thomas24/hive_ws2/install/opennav_docking/share/opennav_docking/environment/library_path.sh
-- Installing: /home/thomas24/hive_ws2/install/opennav_docking/share/opennav_docking/environment/library_path.dsv
-- Installing: /home/thomas24/hive_ws2/install/opennav_docking/share/ament_index/resource_index/package_run_dependencies/opennav_docking
-- Installing: /home/thomas24/hive_ws2/install/opennav_docking/share/ament_index/resource_index/parent_prefix_path/opennav_docking
-- Installing: /home/thomas24/hive_ws2/install/opennav_docking/share/opennav_docking/environment/ament_prefix_path.sh
-- Installing: /home/thomas24/hive_ws2/install/opennav_docking/share/opennav_docking/environment/ament_prefix_path.dsv
-- Installing: /home/thomas24/hive_ws2/install/opennav_docking/share/opennav_docking/environment/path.sh
-- Installing: /home/thomas24/hive_ws2/install/opennav_docking/share/opennav_docking/environment/path.dsv
-- Installing: /home/thomas24/hive_ws2/install/opennav_docking/share/opennav_docking/local_setup.bash
-- Installing: /home/thomas24/hive_ws2/install/opennav_docking/share/opennav_docking/local_setup.sh
-- Installing: /home/thomas24/hive_ws2/install/opennav_docking/share/opennav_docking/local_setup.zsh
-- Installing: /home/thomas24/hive_ws2/install/opennav_docking/share/opennav_docking/local_setup.dsv
-- Installing: /home/thomas24/hive_ws2/install/opennav_docking/share/opennav_docking/package.dsv
-- Installing: /home/thomas24/hive_ws2/install/opennav_docking/share/ament_index/resource_index/packages/opennav_docking
-- Installing: /home/thomas24/hive_ws2/install/opennav_docking/share/ament_index/resource_index/opennav_docking_core__pluginlib__plugin/opennav_docking
-- Installing: /home/thomas24/hive_ws2/install/opennav_docking/share/ament_index/resource_index/rclcpp_components/opennav_docking
-- Installing: /home/thomas24/hive_ws2/install/opennav_docking/share/opennav_docking/cmake/opennav_dockingExport.cmake
-- Installing: /home/thomas24/hive_ws2/install/opennav_docking/share/opennav_docking/cmake/opennav_dockingExport-release.cmake
-- Installing: /home/thomas24/hive_ws2/install/opennav_docking/share/opennav_docking/cmake/ament_cmake_export_include_directories-extras.cmake
-- Installing: /home/thomas24/hive_ws2/install/opennav_docking/share/opennav_docking/cmake/ament_cmake_export_libraries-extras.cmake
-- Installing: /home/thomas24/hive_ws2/install/opennav_docking/share/opennav_docking/cmake/ament_cmake_export_dependencies-extras.cmake
-- Installing: /home/thomas24/hive_ws2/install/opennav_docking/share/opennav_docking/cmake/ament_cmake_export_targets-extras.cmake
-- Installing: /home/thomas24/hive_ws2/install/opennav_docking/share/opennav_docking/cmake/opennav_dockingConfig.cmake
-- Installing: /home/thomas24/hive_ws2/install/opennav_docking/share/opennav_docking/cmake/opennav_dockingConfig-version.cmake
-- Installing: /home/thomas24/hive_ws2/install/opennav_docking/share/opennav_docking/package.xml
-- Installing: /home/thomas24/hive_ws2/install/opennav_docking/lib/libtest_dock.so
-- Set non-toolchain portion of runtime path of "/home/thomas24/hive_ws2/install/opennav_docking/lib/libtest_dock.so" to ""
-- Up-to-date: /home/thomas24/hive_ws2/install/opennav_docking/share/opennav_docking/environment/library_path.sh
-- Up-to-date: /home/thomas24/hive_ws2/install/opennav_docking/share/opennav_docking/environment/library_path.dsv
