[0.035s] Invoking command in '/home/thomas24/hive_ws2/build/opennav_docking': AMENT_PREFIX_PATH=/home/thomas24/hive_ws2/install/nav2_graceful_controller:/home/thomas24/hive_ws2/install/nav2_controller:/home/thomas24/hive_ws2/install/nav2_core:/home/thomas24/hive_ws2/install/nav2_costmap_2d:/home/thomas24/hive_ws2/install/nav2_map_server:/home/thomas24/hive_ws2/install/nav2_lifecycle_manager:/home/thomas24/hive_ws2/install/nav2_behavior_tree:/home/thomas24/hive_ws2/install/opennav_docking_core:/home/thomas24/hive_ws2/install/nav2_util:/home/thomas24/hive_ws2/install/nav2_ros_common:/home/thomas24/hive_ws2/install/nav2_voxel_grid:/home/thomas24/hive_ws2/install/nav2_msgs:/home/thomas24/hive_ws2/install/nav2_common:${AMENT_PREFIX_PATH} CMAKE_PREFIX_PATH=/home/thomas24/hive_ws2/install/nav2_graceful_controller:/home/thomas24/hive_ws2/install/nav2_controller:/home/thomas24/hive_ws2/install/nav2_core:/home/thomas24/hive_ws2/install/nav2_costmap_2d:/home/thomas24/hive_ws2/install/nav2_map_server:/home/thomas24/hive_ws2/install/nav2_lifecycle_manager:/home/thomas24/hive_ws2/install/nav2_behavior_tree:/home/thomas24/hive_ws2/install/opennav_docking_core:/home/thomas24/hive_ws2/install/nav2_util:/home/thomas24/hive_ws2/install/nav2_ros_common:/home/thomas24/hive_ws2/install/nav2_voxel_grid:/home/thomas24/hive_ws2/install/nav2_msgs:/home/thomas24/hive_ws2/install/nav2_common:/opt/ros/jazzy/opt/gz_sim_vendor:/opt/ros/jazzy/opt/gz_sensors_vendor:/opt/ros/jazzy/opt/gz_physics_vendor:/opt/ros/jazzy/opt/sdformat_vendor:/opt/ros/jazzy/opt/gz_gui_vendor:/opt/ros/jazzy/opt/gz_transport_vendor:/opt/ros/jazzy/opt/gz_rendering_vendor:/opt/ros/jazzy/opt/gz_plugin_vendor:/opt/ros/jazzy/opt/gz_fuel_tools_vendor:/opt/ros/jazzy/opt/gz_msgs_vendor:/opt/ros/jazzy/opt/gz_common_vendor:/opt/ros/jazzy/opt/gz_math_vendor:/opt/ros/jazzy/opt/gz_utils_vendor:/opt/ros/jazzy/opt/gz_tools_vendor:/opt/ros/jazzy/opt/gz_ogre_next_vendor:/opt/ros/jazzy/opt/gz_dartsim_vendor:/opt/ros/jazzy/opt/gz_cmake_vendor:/opt/ros/jazzy DEBUGINFOD_URLS=https://debuginfod.ubuntu.com LD_LIBRARY_PATH=/home/thomas24/hive_ws2/install/nav2_graceful_controller/lib:/home/thomas24/hive_ws2/install/nav2_controller/lib:/home/thomas24/hive_ws2/install/nav2_costmap_2d/lib:/home/thomas24/hive_ws2/install/nav2_map_server/lib:/home/thomas24/hive_ws2/install/nav2_lifecycle_manager/lib:/home/thomas24/hive_ws2/install/nav2_behavior_tree/lib:/home/thomas24/hive_ws2/install/nav2_util/lib:/home/thomas24/hive_ws2/install/nav2_voxel_grid/lib:/home/thomas24/hive_ws2/install/nav2_msgs/lib:${LD_LIBRARY_PATH} PYTHONPATH=/home/thomas24/hive_ws2/install/nav2_msgs/lib/python3.12/site-packages:/home/thomas24/hive_ws2/install/nav2_common/lib/python3.12/site-packages:${PYTHONPATH} /usr/bin/cmake /home/thomas24/hive_ws2/src/navigation2/nav2_docking/opennav_docking -DCMAKE_INSTALL_PREFIX=/home/thomas24/hive_ws2/install/opennav_docking
[0.099s] -- The C compiler identification is GNU 13.3.0
[0.157s] -- The CXX compiler identification is GNU 13.3.0
[0.176s] -- Detecting C compiler ABI info
[0.294s] -- Detecting C compiler ABI info - done
[0.303s] -- Check for working C compiler: /usr/bin/cc - skipped
[0.303s] -- Detecting C compile features
[0.303s] -- Detecting C compile features - done
[0.315s] -- Detecting CXX compiler ABI info
[0.439s] -- Detecting CXX compiler ABI info - done
[0.447s] -- Check for working CXX compiler: /usr/bin/c++ - skipped
[0.447s] -- Detecting CXX compile features
[0.448s] -- Detecting CXX compile features - done
[0.454s] -- Found ament_cmake: 2.5.4 (/opt/ros/jazzy/share/ament_cmake/cmake)
[0.642s] -- Found Python3: /usr/bin/python3 (found version "3.12.3") found components: Interpreter 
[0.780s] -- Found angles: 1.16.0 (/opt/ros/jazzy/share/angles/cmake)
[0.790s] -- Found geometry_msgs: 5.3.6 (/opt/ros/jazzy/share/geometry_msgs/cmake)
[0.855s] -- Found rosidl_generator_c: 4.6.6 (/opt/ros/jazzy/share/rosidl_generator_c/cmake)
[0.877s] -- Found rosidl_generator_cpp: 4.6.6 (/opt/ros/jazzy/share/rosidl_generator_cpp/cmake)
[0.899s] -- Using all available rosidl_typesupport_c: rosidl_typesupport_fastrtps_c;rosidl_typesupport_introspection_c
[0.925s] -- Using all available rosidl_typesupport_cpp: rosidl_typesupport_fastrtps_cpp;rosidl_typesupport_introspection_cpp
[0.976s] -- Found nav2_common: 1.4.0 (/home/thomas24/hive_ws2/install/nav2_common/share/nav2_common/cmake)
[0.977s] -- Found nav2_graceful_controller: 1.4.0 (/home/thomas24/hive_ws2/install/nav2_graceful_controller/share/nav2_graceful_controller/cmake)
[1.261s] -- Found rmw_implementation_cmake: 7.3.2 (/opt/ros/jazzy/share/rmw_implementation_cmake/cmake)
[1.267s] -- Found rmw_fastrtps_cpp: 8.4.3 (/opt/ros/jazzy/share/rmw_fastrtps_cpp/cmake)
[1.385s] -- Found OpenSSL: /usr/lib/x86_64-linux-gnu/libcrypto.so (found version "3.0.13")  
[1.411s] -- Found FastRTPS: /opt/ros/jazzy/include (Required is at least version "2.13") 
[1.441s] -- Using RMW implementation 'rmw_fastrtps_cpp' as default
[1.633s] -- Found eigen3_cmake_module: 0.3.0 (/opt/ros/jazzy/share/eigen3_cmake_module/cmake)
[1.634s] -- Found Eigen3: TRUE (found version "3.4.0") 
[1.635s] -- Ensuring Eigen3 include directory is part of orocos-kdl CMake target
[1.978s] -- Found opennav_docking_core: 1.4.0 (/home/thomas24/hive_ws2/install/opennav_docking_core/share/opennav_docking_core/cmake)
[1.989s] -- Found yaml_cpp_vendor: 9.0.1 (/opt/ros/jazzy/share/yaml_cpp_vendor/cmake)
[1.989s] -- Setting yaml-cpp_DIR to: '/opt/ros/jazzy/share/yaml_cpp_vendor/cmake/../../../opt/yaml_cpp_vendor/share/cmake/yaml-cpp'
[1.996s] -- Setting build type to Release as none was specified.
[2.002s] -- Found ament_lint_auto: 0.17.3 (/opt/ros/jazzy/share/ament_lint_auto/cmake)
[2.007s] -- Found ament_cmake_gtest: 2.5.4 (/opt/ros/jazzy/share/ament_cmake_gtest/cmake)
[2.012s] -- Found ament_cmake_pytest: 2.5.4 (/opt/ros/jazzy/share/ament_cmake_pytest/cmake)
[2.159s] -- Found gtest sources under '/opt/ros/jazzy/src/gtest_vendor': C++ tests using 'Google Test' will be built
[2.176s] -- Performing Test CMAKE_HAVE_LIBC_PTHREAD
[2.313s] -- Performing Test CMAKE_HAVE_LIBC_PTHREAD - Success
[2.314s] -- Found Threads: TRUE  
[4.039s] -- Added test 'copyright' to check source files copyright and LICENSE
[4.042s] -- Added test 'cppcheck' to perform static code analysis on C / C++ code
[4.042s] -- Configured cppcheck include dirs: $<BUILD_INTERFACE:/home/thomas24/hive_ws2/src/navigation2/nav2_docking/opennav_docking/include>
[4.042s] -- Configured cppcheck exclude dirs and/or files: 
[4.045s] -- Added test 'cpplint' to check C / C++ code against the Google style
[4.045s] -- Configured cpplint exclude dirs and/or files: 
[4.046s] -- Added test 'flake8' to check Python code syntax and style conventions
[4.046s] -- Configured 'flake8' exclude dirs and/or files: 
[4.047s] -- Added test 'lint_cmake' to check CMake code style
[4.049s] -- Added test 'pep257' to check Python code against some of the docstring style conventions in PEP 257
[4.051s] -- Added test 'uncrustify' to check C / C++ code style
[4.051s] -- Configured uncrustify additional arguments: 
[4.052s] -- Added test 'xmllint' to check XML markup files
[4.057s] -- Configuring done (4.0s)
[4.219s] -- Generating done (0.1s)
[4.256s] -- Build files have been written to: /home/thomas24/hive_ws2/build/opennav_docking
[4.297s] Invoked command in '/home/thomas24/hive_ws2/build/opennav_docking' returned '0': AMENT_PREFIX_PATH=/home/thomas24/hive_ws2/install/nav2_graceful_controller:/home/thomas24/hive_ws2/install/nav2_controller:/home/thomas24/hive_ws2/install/nav2_core:/home/thomas24/hive_ws2/install/nav2_costmap_2d:/home/thomas24/hive_ws2/install/nav2_map_server:/home/thomas24/hive_ws2/install/nav2_lifecycle_manager:/home/thomas24/hive_ws2/install/nav2_behavior_tree:/home/thomas24/hive_ws2/install/opennav_docking_core:/home/thomas24/hive_ws2/install/nav2_util:/home/thomas24/hive_ws2/install/nav2_ros_common:/home/thomas24/hive_ws2/install/nav2_voxel_grid:/home/thomas24/hive_ws2/install/nav2_msgs:/home/thomas24/hive_ws2/install/nav2_common:${AMENT_PREFIX_PATH} CMAKE_PREFIX_PATH=/home/thomas24/hive_ws2/install/nav2_graceful_controller:/home/thomas24/hive_ws2/install/nav2_controller:/home/thomas24/hive_ws2/install/nav2_core:/home/thomas24/hive_ws2/install/nav2_costmap_2d:/home/thomas24/hive_ws2/install/nav2_map_server:/home/thomas24/hive_ws2/install/nav2_lifecycle_manager:/home/thomas24/hive_ws2/install/nav2_behavior_tree:/home/thomas24/hive_ws2/install/opennav_docking_core:/home/thomas24/hive_ws2/install/nav2_util:/home/thomas24/hive_ws2/install/nav2_ros_common:/home/thomas24/hive_ws2/install/nav2_voxel_grid:/home/thomas24/hive_ws2/install/nav2_msgs:/home/thomas24/hive_ws2/install/nav2_common:/opt/ros/jazzy/opt/gz_sim_vendor:/opt/ros/jazzy/opt/gz_sensors_vendor:/opt/ros/jazzy/opt/gz_physics_vendor:/opt/ros/jazzy/opt/sdformat_vendor:/opt/ros/jazzy/opt/gz_gui_vendor:/opt/ros/jazzy/opt/gz_transport_vendor:/opt/ros/jazzy/opt/gz_rendering_vendor:/opt/ros/jazzy/opt/gz_plugin_vendor:/opt/ros/jazzy/opt/gz_fuel_tools_vendor:/opt/ros/jazzy/opt/gz_msgs_vendor:/opt/ros/jazzy/opt/gz_common_vendor:/opt/ros/jazzy/opt/gz_math_vendor:/opt/ros/jazzy/opt/gz_utils_vendor:/opt/ros/jazzy/opt/gz_tools_vendor:/opt/ros/jazzy/opt/gz_ogre_next_vendor:/opt/ros/jazzy/opt/gz_dartsim_vendor:/opt/ros/jazzy/opt/gz_cmake_vendor:/opt/ros/jazzy DEBUGINFOD_URLS=https://debuginfod.ubuntu.com LD_LIBRARY_PATH=/home/thomas24/hive_ws2/install/nav2_graceful_controller/lib:/home/thomas24/hive_ws2/install/nav2_controller/lib:/home/thomas24/hive_ws2/install/nav2_costmap_2d/lib:/home/thomas24/hive_ws2/install/nav2_map_server/lib:/home/thomas24/hive_ws2/install/nav2_lifecycle_manager/lib:/home/thomas24/hive_ws2/install/nav2_behavior_tree/lib:/home/thomas24/hive_ws2/install/nav2_util/lib:/home/thomas24/hive_ws2/install/nav2_voxel_grid/lib:/home/thomas24/hive_ws2/install/nav2_msgs/lib:${LD_LIBRARY_PATH} PYTHONPATH=/home/thomas24/hive_ws2/install/nav2_msgs/lib/python3.12/site-packages:/home/thomas24/hive_ws2/install/nav2_common/lib/python3.12/site-packages:${PYTHONPATH} /usr/bin/cmake /home/thomas24/hive_ws2/src/navigation2/nav2_docking/opennav_docking -DCMAKE_INSTALL_PREFIX=/home/thomas24/hive_ws2/install/opennav_docking
[4.298s] Invoking command in '/home/thomas24/hive_ws2/build/opennav_docking': AMENT_PREFIX_PATH=/home/thomas24/hive_ws2/install/nav2_graceful_controller:/home/thomas24/hive_ws2/install/nav2_controller:/home/thomas24/hive_ws2/install/nav2_core:/home/thomas24/hive_ws2/install/nav2_costmap_2d:/home/thomas24/hive_ws2/install/nav2_map_server:/home/thomas24/hive_ws2/install/nav2_lifecycle_manager:/home/thomas24/hive_ws2/install/nav2_behavior_tree:/home/thomas24/hive_ws2/install/opennav_docking_core:/home/thomas24/hive_ws2/install/nav2_util:/home/thomas24/hive_ws2/install/nav2_ros_common:/home/thomas24/hive_ws2/install/nav2_voxel_grid:/home/thomas24/hive_ws2/install/nav2_msgs:/home/thomas24/hive_ws2/install/nav2_common:${AMENT_PREFIX_PATH} CMAKE_PREFIX_PATH=/home/thomas24/hive_ws2/install/nav2_graceful_controller:/home/thomas24/hive_ws2/install/nav2_controller:/home/thomas24/hive_ws2/install/nav2_core:/home/thomas24/hive_ws2/install/nav2_costmap_2d:/home/thomas24/hive_ws2/install/nav2_map_server:/home/thomas24/hive_ws2/install/nav2_lifecycle_manager:/home/thomas24/hive_ws2/install/nav2_behavior_tree:/home/thomas24/hive_ws2/install/opennav_docking_core:/home/thomas24/hive_ws2/install/nav2_util:/home/thomas24/hive_ws2/install/nav2_ros_common:/home/thomas24/hive_ws2/install/nav2_voxel_grid:/home/thomas24/hive_ws2/install/nav2_msgs:/home/thomas24/hive_ws2/install/nav2_common:/opt/ros/jazzy/opt/gz_sim_vendor:/opt/ros/jazzy/opt/gz_sensors_vendor:/opt/ros/jazzy/opt/gz_physics_vendor:/opt/ros/jazzy/opt/sdformat_vendor:/opt/ros/jazzy/opt/gz_gui_vendor:/opt/ros/jazzy/opt/gz_transport_vendor:/opt/ros/jazzy/opt/gz_rendering_vendor:/opt/ros/jazzy/opt/gz_plugin_vendor:/opt/ros/jazzy/opt/gz_fuel_tools_vendor:/opt/ros/jazzy/opt/gz_msgs_vendor:/opt/ros/jazzy/opt/gz_common_vendor:/opt/ros/jazzy/opt/gz_math_vendor:/opt/ros/jazzy/opt/gz_utils_vendor:/opt/ros/jazzy/opt/gz_tools_vendor:/opt/ros/jazzy/opt/gz_ogre_next_vendor:/opt/ros/jazzy/opt/gz_dartsim_vendor:/opt/ros/jazzy/opt/gz_cmake_vendor:/opt/ros/jazzy DEBUGINFOD_URLS=https://debuginfod.ubuntu.com LD_LIBRARY_PATH=/home/thomas24/hive_ws2/install/nav2_graceful_controller/lib:/home/thomas24/hive_ws2/install/nav2_controller/lib:/home/thomas24/hive_ws2/install/nav2_costmap_2d/lib:/home/thomas24/hive_ws2/install/nav2_map_server/lib:/home/thomas24/hive_ws2/install/nav2_lifecycle_manager/lib:/home/thomas24/hive_ws2/install/nav2_behavior_tree/lib:/home/thomas24/hive_ws2/install/nav2_util/lib:/home/thomas24/hive_ws2/install/nav2_voxel_grid/lib:/home/thomas24/hive_ws2/install/nav2_msgs/lib:${LD_LIBRARY_PATH} PYTHONPATH=/home/thomas24/hive_ws2/install/nav2_msgs/lib/python3.12/site-packages:/home/thomas24/hive_ws2/install/nav2_common/lib/python3.12/site-packages:${PYTHONPATH} /usr/bin/cmake --build /home/thomas24/hive_ws2/build/opennav_docking -- -j16 -l16
[4.380s] [  2%] [32mBuilding CXX object CMakeFiles/controller.dir/src/controller.cpp.o[0m
[23.553s] [  5%] [32m[1mLinking CXX shared library libcontroller.so[0m
[23.846s] [  5%] Built target controller
[23.879s] [  8%] [32mBuilding CXX object test/CMakeFiles/test_dock.dir/testing_dock.cpp.o[0m
[28.068s] [ 11%] [32m[1mLinking CXX shared library libtest_dock.so[0m
[28.224s] [ 11%] Built target test_dock
[28.256s] [ 13%] [32mBuilding CXX object CMakeFiles/opennav_docking_core.dir/src/docking_server.cpp.o[0m
[51.938s] [ 16%] [32mBuilding CXX object CMakeFiles/opennav_docking_core.dir/src/navigator.cpp.o[0m
[58.730s] [ 19%] [32mBuilding CXX object CMakeFiles/opennav_docking_core.dir/src/dock_database.cpp.o[0m
[69.228s] [ 22%] [32m[1mLinking CXX shared library libopennav_docking_core.so[0m
[69.590s] [ 22%] Built target opennav_docking_core
[69.619s] [ 25%] [32mBuilding CXX object gtest/CMakeFiles/gtest.dir/src/gtest-all.cc.o[0m
[76.581s] [ 27%] [32m[1mLinking CXX static library libgtest.a[0m
[76.637s] [ 27%] Built target gtest
[76.666s] [ 33%] [32mBuilding CXX object CMakeFiles/opennav_docking.dir/src/main.cpp.o[0m
[76.666s] [ 33%] [32mBuilding CXX object gtest/CMakeFiles/gtest_main.dir/src/gtest_main.cc.o[0m
[77.447s] [ 36%] [32m[1mLinking CXX static library libgtest_main.a[0m
[77.500s] [ 36%] Built target gtest_main
[77.530s] [ 38%] [32mBuilding CXX object CMakeFiles/pose_filter.dir/src/pose_filter.cpp.o[0m
[80.664s] [ 41%] [32m[1mLinking CXX shared library libpose_filter.so[0m
[80.828s] [ 41%] Built target pose_filter
[80.856s] [ 47%] [32mBuilding CXX object test/CMakeFiles/test_docking_server_unit.dir/test_docking_server_unit.cpp.o[0m
[80.856s] [ 47%] [32mBuilding CXX object test/CMakeFiles/test_controller.dir/test_controller.cpp.o[0m
[84.141s] [ 50%] [32m[1mLinking CXX executable opennav_docking[0m
[84.668s] [ 50%] Built target opennav_docking
[84.749s] [ 52%] [32mBuilding CXX object test/CMakeFiles/test_pose_filter.dir/test_pose_filter.cpp.o[0m
[84.755s] [ 55%] [32mBuilding CXX object CMakeFiles/simple_non_charging_dock.dir/src/simple_non_charging_dock.cpp.o[0m
[90.366s] [ 58%] [32m[1mLinking CXX executable test_pose_filter[0m
[90.855s] [ 58%] Built target test_pose_filter
[95.041s] [ 61%] [32m[1mLinking CXX executable test_controller[0m
[95.402s] [ 61%] Built target test_controller
[96.494s] [ 63%] [32m[1mLinking CXX executable test_docking_server_unit[0m
[96.853s] [ 63%] Built target test_docking_server_unit
[103.405s] [ 66%] [32m[1mLinking CXX shared library libsimple_non_charging_dock.so[0m
[103.599s] [ 66%] Built target simple_non_charging_dock
[103.626s] [ 69%] [32mBuilding CXX object CMakeFiles/simple_charging_dock.dir/src/simple_charging_dock.cpp.o[0m
[121.762s] [ 72%] [32m[1mLinking CXX shared library libsimple_charging_dock.so[0m
[122.008s] [ 72%] Built target simple_charging_dock
[122.040s] [ 75%] [32mBuilding CXX object test/CMakeFiles/test_simple_non_charging_dock.dir/test_simple_non_charging_dock.cpp.o[0m
[132.807s] [ 77%] [32m[1mLinking CXX executable test_simple_non_charging_dock[0m
[133.085s] [ 77%] Built target test_simple_non_charging_dock
[133.110s] [ 86%] [32mBuilding CXX object test/CMakeFiles/test_simple_charging_dock.dir/test_simple_charging_dock.cpp.o[0m
[133.110s] [ 88%] [32mBuilding CXX object test/CMakeFiles/test_utils.dir/test_utils.cpp.o[0m
[133.110s] [ 88%] [32mBuilding CXX object test/CMakeFiles/test_dock_database.dir/test_dock_database.cpp.o[0m
[133.110s] [ 88%] [32mBuilding CXX object test/CMakeFiles/test_navigator.dir/test_navigator.cpp.o[0m
[140.936s] [ 91%] [32m[1mLinking CXX executable test_utils[0m
[141.261s] [ 91%] Built target test_utils
[141.527s] [ 94%] [32m[1mLinking CXX executable test_dock_database[0m
[141.915s] [ 94%] Built target test_dock_database
[142.010s] [ 97%] [32m[1mLinking CXX executable test_navigator[0m
[142.376s] [ 97%] Built target test_navigator
[146.955s] [100%] [32m[1mLinking CXX executable test_simple_charging_dock[0m
[147.210s] [100%] Built target test_simple_charging_dock
[147.226s] Invoked command in '/home/thomas24/hive_ws2/build/opennav_docking' returned '0': AMENT_PREFIX_PATH=/home/thomas24/hive_ws2/install/nav2_graceful_controller:/home/thomas24/hive_ws2/install/nav2_controller:/home/thomas24/hive_ws2/install/nav2_core:/home/thomas24/hive_ws2/install/nav2_costmap_2d:/home/thomas24/hive_ws2/install/nav2_map_server:/home/thomas24/hive_ws2/install/nav2_lifecycle_manager:/home/thomas24/hive_ws2/install/nav2_behavior_tree:/home/thomas24/hive_ws2/install/opennav_docking_core:/home/thomas24/hive_ws2/install/nav2_util:/home/thomas24/hive_ws2/install/nav2_ros_common:/home/thomas24/hive_ws2/install/nav2_voxel_grid:/home/thomas24/hive_ws2/install/nav2_msgs:/home/thomas24/hive_ws2/install/nav2_common:${AMENT_PREFIX_PATH} CMAKE_PREFIX_PATH=/home/thomas24/hive_ws2/install/nav2_graceful_controller:/home/thomas24/hive_ws2/install/nav2_controller:/home/thomas24/hive_ws2/install/nav2_core:/home/thomas24/hive_ws2/install/nav2_costmap_2d:/home/thomas24/hive_ws2/install/nav2_map_server:/home/thomas24/hive_ws2/install/nav2_lifecycle_manager:/home/thomas24/hive_ws2/install/nav2_behavior_tree:/home/thomas24/hive_ws2/install/opennav_docking_core:/home/thomas24/hive_ws2/install/nav2_util:/home/thomas24/hive_ws2/install/nav2_ros_common:/home/thomas24/hive_ws2/install/nav2_voxel_grid:/home/thomas24/hive_ws2/install/nav2_msgs:/home/thomas24/hive_ws2/install/nav2_common:/opt/ros/jazzy/opt/gz_sim_vendor:/opt/ros/jazzy/opt/gz_sensors_vendor:/opt/ros/jazzy/opt/gz_physics_vendor:/opt/ros/jazzy/opt/sdformat_vendor:/opt/ros/jazzy/opt/gz_gui_vendor:/opt/ros/jazzy/opt/gz_transport_vendor:/opt/ros/jazzy/opt/gz_rendering_vendor:/opt/ros/jazzy/opt/gz_plugin_vendor:/opt/ros/jazzy/opt/gz_fuel_tools_vendor:/opt/ros/jazzy/opt/gz_msgs_vendor:/opt/ros/jazzy/opt/gz_common_vendor:/opt/ros/jazzy/opt/gz_math_vendor:/opt/ros/jazzy/opt/gz_utils_vendor:/opt/ros/jazzy/opt/gz_tools_vendor:/opt/ros/jazzy/opt/gz_ogre_next_vendor:/opt/ros/jazzy/opt/gz_dartsim_vendor:/opt/ros/jazzy/opt/gz_cmake_vendor:/opt/ros/jazzy DEBUGINFOD_URLS=https://debuginfod.ubuntu.com LD_LIBRARY_PATH=/home/thomas24/hive_ws2/install/nav2_graceful_controller/lib:/home/thomas24/hive_ws2/install/nav2_controller/lib:/home/thomas24/hive_ws2/install/nav2_costmap_2d/lib:/home/thomas24/hive_ws2/install/nav2_map_server/lib:/home/thomas24/hive_ws2/install/nav2_lifecycle_manager/lib:/home/thomas24/hive_ws2/install/nav2_behavior_tree/lib:/home/thomas24/hive_ws2/install/nav2_util/lib:/home/thomas24/hive_ws2/install/nav2_voxel_grid/lib:/home/thomas24/hive_ws2/install/nav2_msgs/lib:${LD_LIBRARY_PATH} PYTHONPATH=/home/thomas24/hive_ws2/install/nav2_msgs/lib/python3.12/site-packages:/home/thomas24/hive_ws2/install/nav2_common/lib/python3.12/site-packages:${PYTHONPATH} /usr/bin/cmake --build /home/thomas24/hive_ws2/build/opennav_docking -- -j16 -l16
[147.228s] Invoking command in '/home/thomas24/hive_ws2/build/opennav_docking': AMENT_PREFIX_PATH=/home/thomas24/hive_ws2/install/nav2_graceful_controller:/home/thomas24/hive_ws2/install/nav2_controller:/home/thomas24/hive_ws2/install/nav2_core:/home/thomas24/hive_ws2/install/nav2_costmap_2d:/home/thomas24/hive_ws2/install/nav2_map_server:/home/thomas24/hive_ws2/install/nav2_lifecycle_manager:/home/thomas24/hive_ws2/install/nav2_behavior_tree:/home/thomas24/hive_ws2/install/opennav_docking_core:/home/thomas24/hive_ws2/install/nav2_util:/home/thomas24/hive_ws2/install/nav2_ros_common:/home/thomas24/hive_ws2/install/nav2_voxel_grid:/home/thomas24/hive_ws2/install/nav2_msgs:/home/thomas24/hive_ws2/install/nav2_common:${AMENT_PREFIX_PATH} CMAKE_PREFIX_PATH=/home/thomas24/hive_ws2/install/nav2_graceful_controller:/home/thomas24/hive_ws2/install/nav2_controller:/home/thomas24/hive_ws2/install/nav2_core:/home/thomas24/hive_ws2/install/nav2_costmap_2d:/home/thomas24/hive_ws2/install/nav2_map_server:/home/thomas24/hive_ws2/install/nav2_lifecycle_manager:/home/thomas24/hive_ws2/install/nav2_behavior_tree:/home/thomas24/hive_ws2/install/opennav_docking_core:/home/thomas24/hive_ws2/install/nav2_util:/home/thomas24/hive_ws2/install/nav2_ros_common:/home/thomas24/hive_ws2/install/nav2_voxel_grid:/home/thomas24/hive_ws2/install/nav2_msgs:/home/thomas24/hive_ws2/install/nav2_common:/opt/ros/jazzy/opt/gz_sim_vendor:/opt/ros/jazzy/opt/gz_sensors_vendor:/opt/ros/jazzy/opt/gz_physics_vendor:/opt/ros/jazzy/opt/sdformat_vendor:/opt/ros/jazzy/opt/gz_gui_vendor:/opt/ros/jazzy/opt/gz_transport_vendor:/opt/ros/jazzy/opt/gz_rendering_vendor:/opt/ros/jazzy/opt/gz_plugin_vendor:/opt/ros/jazzy/opt/gz_fuel_tools_vendor:/opt/ros/jazzy/opt/gz_msgs_vendor:/opt/ros/jazzy/opt/gz_common_vendor:/opt/ros/jazzy/opt/gz_math_vendor:/opt/ros/jazzy/opt/gz_utils_vendor:/opt/ros/jazzy/opt/gz_tools_vendor:/opt/ros/jazzy/opt/gz_ogre_next_vendor:/opt/ros/jazzy/opt/gz_dartsim_vendor:/opt/ros/jazzy/opt/gz_cmake_vendor:/opt/ros/jazzy DEBUGINFOD_URLS=https://debuginfod.ubuntu.com LD_LIBRARY_PATH=/home/thomas24/hive_ws2/install/nav2_graceful_controller/lib:/home/thomas24/hive_ws2/install/nav2_controller/lib:/home/thomas24/hive_ws2/install/nav2_costmap_2d/lib:/home/thomas24/hive_ws2/install/nav2_map_server/lib:/home/thomas24/hive_ws2/install/nav2_lifecycle_manager/lib:/home/thomas24/hive_ws2/install/nav2_behavior_tree/lib:/home/thomas24/hive_ws2/install/nav2_util/lib:/home/thomas24/hive_ws2/install/nav2_voxel_grid/lib:/home/thomas24/hive_ws2/install/nav2_msgs/lib:${LD_LIBRARY_PATH} PYTHONPATH=/home/thomas24/hive_ws2/install/nav2_msgs/lib/python3.12/site-packages:/home/thomas24/hive_ws2/install/nav2_common/lib/python3.12/site-packages:${PYTHONPATH} /usr/bin/cmake --install /home/thomas24/hive_ws2/build/opennav_docking
[147.238s] -- Install configuration: "Release"
[147.238s] -- Installing: /home/thomas24/hive_ws2/install/opennav_docking/share/opennav_docking/plugins.xml
[147.239s] -- Installing: /home/thomas24/hive_ws2/install/opennav_docking/lib/libopennav_docking_core.so
[147.244s] -- Set non-toolchain portion of runtime path of "/home/thomas24/hive_ws2/install/opennav_docking/lib/libopennav_docking_core.so" to ""
[147.245s] -- Installing: /home/thomas24/hive_ws2/install/opennav_docking/lib/libcontroller.so
[147.246s] -- Set non-toolchain portion of runtime path of "/home/thomas24/hive_ws2/install/opennav_docking/lib/libcontroller.so" to ""
[147.246s] -- Installing: /home/thomas24/hive_ws2/install/opennav_docking/lib/libpose_filter.so
[147.247s] -- Set non-toolchain portion of runtime path of "/home/thomas24/hive_ws2/install/opennav_docking/lib/libpose_filter.so" to ""
[147.247s] -- Installing: /home/thomas24/hive_ws2/install/opennav_docking/lib/libsimple_charging_dock.so
[147.250s] -- Set non-toolchain portion of runtime path of "/home/thomas24/hive_ws2/install/opennav_docking/lib/libsimple_charging_dock.so" to ""
[147.250s] -- Installing: /home/thomas24/hive_ws2/install/opennav_docking/lib/libsimple_non_charging_dock.so
[147.253s] -- Set non-toolchain portion of runtime path of "/home/thomas24/hive_ws2/install/opennav_docking/lib/libsimple_non_charging_dock.so" to ""
[147.253s] -- Installing: /home/thomas24/hive_ws2/install/opennav_docking/lib/opennav_docking/opennav_docking
[147.253s] -- Set non-toolchain portion of runtime path of "/home/thomas24/hive_ws2/install/opennav_docking/lib/opennav_docking/opennav_docking" to ""
[147.253s] -- Installing: /home/thomas24/hive_ws2/install/opennav_docking/include/opennav_docking
[147.253s] -- Installing: /home/thomas24/hive_ws2/install/opennav_docking/include/opennav_docking/opennav_docking
[147.254s] -- Installing: /home/thomas24/hive_ws2/install/opennav_docking/include/opennav_docking/opennav_docking/simple_non_charging_dock.hpp
[147.254s] -- Installing: /home/thomas24/hive_ws2/install/opennav_docking/include/opennav_docking/opennav_docking/simple_charging_dock.hpp
[147.254s] -- Installing: /home/thomas24/hive_ws2/install/opennav_docking/include/opennav_docking/opennav_docking/utils.hpp
[147.254s] -- Installing: /home/thomas24/hive_ws2/install/opennav_docking/include/opennav_docking/opennav_docking/navigator.hpp
[147.254s] -- Installing: /home/thomas24/hive_ws2/install/opennav_docking/include/opennav_docking/opennav_docking/dock_database.hpp
[147.254s] -- Installing: /home/thomas24/hive_ws2/install/opennav_docking/include/opennav_docking/opennav_docking/controller.hpp
[147.254s] -- Installing: /home/thomas24/hive_ws2/install/opennav_docking/include/opennav_docking/opennav_docking/pose_filter.hpp
[147.254s] -- Installing: /home/thomas24/hive_ws2/install/opennav_docking/include/opennav_docking/opennav_docking/types.hpp
[147.254s] -- Installing: /home/thomas24/hive_ws2/install/opennav_docking/include/opennav_docking/opennav_docking/docking_server.hpp
[147.255s] -- Installing: /home/thomas24/hive_ws2/install/opennav_docking/share/opennav_docking//dock_files
[147.255s] -- Installing: /home/thomas24/hive_ws2/install/opennav_docking/share/opennav_docking//dock_files/test_dock_no_type_file.yaml
[147.255s] -- Installing: /home/thomas24/hive_ws2/install/opennav_docking/share/opennav_docking//dock_files/test_no_docks_file.yaml
[147.255s] -- Installing: /home/thomas24/hive_ws2/install/opennav_docking/share/opennav_docking//dock_files/test_dock_bad_conversion_file.yaml
[147.255s] -- Installing: /home/thomas24/hive_ws2/install/opennav_docking/share/opennav_docking//dock_files/test_dock_file.yaml
[147.255s] -- Installing: /home/thomas24/hive_ws2/install/opennav_docking/share/opennav_docking//dock_files/test_dock_no_pose_file.yaml
[147.255s] -- Installing: /home/thomas24/hive_ws2/install/opennav_docking/share/opennav_docking//dock_files/test_dock_bad_pose_file.yaml
[147.256s] -- Installing: /home/thomas24/hive_ws2/install/opennav_docking/share/opennav_docking/environment/library_path.sh
[147.256s] -- Installing: /home/thomas24/hive_ws2/install/opennav_docking/share/opennav_docking/environment/library_path.dsv
[147.256s] -- Installing: /home/thomas24/hive_ws2/install/opennav_docking/share/ament_index/resource_index/package_run_dependencies/opennav_docking
[147.256s] -- Installing: /home/thomas24/hive_ws2/install/opennav_docking/share/ament_index/resource_index/parent_prefix_path/opennav_docking
[147.256s] -- Installing: /home/thomas24/hive_ws2/install/opennav_docking/share/opennav_docking/environment/ament_prefix_path.sh
[147.256s] -- Installing: /home/thomas24/hive_ws2/install/opennav_docking/share/opennav_docking/environment/ament_prefix_path.dsv
[147.257s] -- Installing: /home/thomas24/hive_ws2/install/opennav_docking/share/opennav_docking/environment/path.sh
[147.257s] -- Installing: /home/thomas24/hive_ws2/install/opennav_docking/share/opennav_docking/environment/path.dsv
[147.257s] -- Installing: /home/thomas24/hive_ws2/install/opennav_docking/share/opennav_docking/local_setup.bash
[147.257s] -- Installing: /home/thomas24/hive_ws2/install/opennav_docking/share/opennav_docking/local_setup.sh
[147.257s] -- Installing: /home/thomas24/hive_ws2/install/opennav_docking/share/opennav_docking/local_setup.zsh
[147.257s] -- Installing: /home/thomas24/hive_ws2/install/opennav_docking/share/opennav_docking/local_setup.dsv
[147.257s] -- Installing: /home/thomas24/hive_ws2/install/opennav_docking/share/opennav_docking/package.dsv
[147.258s] -- Installing: /home/thomas24/hive_ws2/install/opennav_docking/share/ament_index/resource_index/packages/opennav_docking
[147.258s] -- Installing: /home/thomas24/hive_ws2/install/opennav_docking/share/ament_index/resource_index/opennav_docking_core__pluginlib__plugin/opennav_docking
[147.258s] -- Installing: /home/thomas24/hive_ws2/install/opennav_docking/share/ament_index/resource_index/rclcpp_components/opennav_docking
[147.258s] -- Installing: /home/thomas24/hive_ws2/install/opennav_docking/share/opennav_docking/cmake/opennav_dockingExport.cmake
[147.258s] -- Installing: /home/thomas24/hive_ws2/install/opennav_docking/share/opennav_docking/cmake/opennav_dockingExport-release.cmake
[147.258s] -- Installing: /home/thomas24/hive_ws2/install/opennav_docking/share/opennav_docking/cmake/ament_cmake_export_include_directories-extras.cmake
[147.258s] -- Installing: /home/thomas24/hive_ws2/install/opennav_docking/share/opennav_docking/cmake/ament_cmake_export_libraries-extras.cmake
[147.258s] -- Installing: /home/thomas24/hive_ws2/install/opennav_docking/share/opennav_docking/cmake/ament_cmake_export_dependencies-extras.cmake
[147.258s] -- Installing: /home/thomas24/hive_ws2/install/opennav_docking/share/opennav_docking/cmake/ament_cmake_export_targets-extras.cmake
[147.258s] -- Installing: /home/thomas24/hive_ws2/install/opennav_docking/share/opennav_docking/cmake/opennav_dockingConfig.cmake
[147.259s] -- Installing: /home/thomas24/hive_ws2/install/opennav_docking/share/opennav_docking/cmake/opennav_dockingConfig-version.cmake
[147.259s] -- Installing: /home/thomas24/hive_ws2/install/opennav_docking/share/opennav_docking/package.xml
[147.259s] -- Installing: /home/thomas24/hive_ws2/install/opennav_docking/lib/libtest_dock.so
[147.260s] -- Set non-toolchain portion of runtime path of "/home/thomas24/hive_ws2/install/opennav_docking/lib/libtest_dock.so" to ""
[147.260s] -- Up-to-date: /home/thomas24/hive_ws2/install/opennav_docking/share/opennav_docking/environment/library_path.sh
[147.260s] -- Up-to-date: /home/thomas24/hive_ws2/install/opennav_docking/share/opennav_docking/environment/library_path.dsv
[147.262s] Invoked command in '/home/thomas24/hive_ws2/build/opennav_docking' returned '0': AMENT_PREFIX_PATH=/home/thomas24/hive_ws2/install/nav2_graceful_controller:/home/thomas24/hive_ws2/install/nav2_controller:/home/thomas24/hive_ws2/install/nav2_core:/home/thomas24/hive_ws2/install/nav2_costmap_2d:/home/thomas24/hive_ws2/install/nav2_map_server:/home/thomas24/hive_ws2/install/nav2_lifecycle_manager:/home/thomas24/hive_ws2/install/nav2_behavior_tree:/home/thomas24/hive_ws2/install/opennav_docking_core:/home/thomas24/hive_ws2/install/nav2_util:/home/thomas24/hive_ws2/install/nav2_ros_common:/home/thomas24/hive_ws2/install/nav2_voxel_grid:/home/thomas24/hive_ws2/install/nav2_msgs:/home/thomas24/hive_ws2/install/nav2_common:${AMENT_PREFIX_PATH} CMAKE_PREFIX_PATH=/home/thomas24/hive_ws2/install/nav2_graceful_controller:/home/thomas24/hive_ws2/install/nav2_controller:/home/thomas24/hive_ws2/install/nav2_core:/home/thomas24/hive_ws2/install/nav2_costmap_2d:/home/thomas24/hive_ws2/install/nav2_map_server:/home/thomas24/hive_ws2/install/nav2_lifecycle_manager:/home/thomas24/hive_ws2/install/nav2_behavior_tree:/home/thomas24/hive_ws2/install/opennav_docking_core:/home/thomas24/hive_ws2/install/nav2_util:/home/thomas24/hive_ws2/install/nav2_ros_common:/home/thomas24/hive_ws2/install/nav2_voxel_grid:/home/thomas24/hive_ws2/install/nav2_msgs:/home/thomas24/hive_ws2/install/nav2_common:/opt/ros/jazzy/opt/gz_sim_vendor:/opt/ros/jazzy/opt/gz_sensors_vendor:/opt/ros/jazzy/opt/gz_physics_vendor:/opt/ros/jazzy/opt/sdformat_vendor:/opt/ros/jazzy/opt/gz_gui_vendor:/opt/ros/jazzy/opt/gz_transport_vendor:/opt/ros/jazzy/opt/gz_rendering_vendor:/opt/ros/jazzy/opt/gz_plugin_vendor:/opt/ros/jazzy/opt/gz_fuel_tools_vendor:/opt/ros/jazzy/opt/gz_msgs_vendor:/opt/ros/jazzy/opt/gz_common_vendor:/opt/ros/jazzy/opt/gz_math_vendor:/opt/ros/jazzy/opt/gz_utils_vendor:/opt/ros/jazzy/opt/gz_tools_vendor:/opt/ros/jazzy/opt/gz_ogre_next_vendor:/opt/ros/jazzy/opt/gz_dartsim_vendor:/opt/ros/jazzy/opt/gz_cmake_vendor:/opt/ros/jazzy DEBUGINFOD_URLS=https://debuginfod.ubuntu.com LD_LIBRARY_PATH=/home/thomas24/hive_ws2/install/nav2_graceful_controller/lib:/home/thomas24/hive_ws2/install/nav2_controller/lib:/home/thomas24/hive_ws2/install/nav2_costmap_2d/lib:/home/thomas24/hive_ws2/install/nav2_map_server/lib:/home/thomas24/hive_ws2/install/nav2_lifecycle_manager/lib:/home/thomas24/hive_ws2/install/nav2_behavior_tree/lib:/home/thomas24/hive_ws2/install/nav2_util/lib:/home/thomas24/hive_ws2/install/nav2_voxel_grid/lib:/home/thomas24/hive_ws2/install/nav2_msgs/lib:${LD_LIBRARY_PATH} PYTHONPATH=/home/thomas24/hive_ws2/install/nav2_msgs/lib/python3.12/site-packages:/home/thomas24/hive_ws2/install/nav2_common/lib/python3.12/site-packages:${PYTHONPATH} /usr/bin/cmake --install /home/thomas24/hive_ws2/build/opennav_docking
